[2025-05-12T08:33:51.947+0000] {local_task_job_runner.py:123} INFO - ::group::Pre task execution logs
[2025-05-12T08:33:52.224+0000] {taskinstance.py:2614} INFO - Dependencies all met for dep_context=non-requeueable deps ti=<TaskInstance: dags_python_with_xcom_eg1.python_xcom_push_task2 scheduled__2025-05-10T21:30:00+00:00 [queued]>
[2025-05-12T08:33:52.249+0000] {taskinstance.py:2614} INFO - Dependencies all met for dep_context=requeueable deps ti=<TaskInstance: dags_python_with_xcom_eg1.python_xcom_push_task2 scheduled__2025-05-10T21:30:00+00:00 [queued]>
[2025-05-12T08:33:52.250+0000] {taskinstance.py:2867} INFO - Starting attempt 1 of 1
[2025-05-12T08:33:52.276+0000] {taskinstance.py:2890} INFO - Executing <Task(_PythonDecoratedOperator): python_xcom_push_task2> on 2025-05-10 21:30:00+00:00
[2025-05-12T08:33:52.290+0000] {warnings.py:112} WARNING - /home/***/.local/lib/python3.12/site-packages/***/task/task_runner/standard_task_runner.py:70: DeprecationWarning: This process (pid=138) is multi-threaded, use of fork() may lead to deadlocks in the child.
  pid = os.fork()

[2025-05-12T08:33:52.292+0000] {standard_task_runner.py:72} INFO - Started process 170 to run task
[2025-05-12T08:33:52.296+0000] {standard_task_runner.py:104} INFO - Running: ['***', 'tasks', 'run', 'dags_python_with_xcom_eg1', 'python_xcom_push_task2', 'scheduled__2025-05-10T21:30:00+00:00', '--job-id', '149', '--raw', '--subdir', 'DAGS_FOLDER/dags_python_with_xcom_eg1.py', '--cfg-path', '/tmp/tmpzti8ctp0']
[2025-05-12T08:33:52.297+0000] {standard_task_runner.py:105} INFO - Job 149: Subtask python_xcom_push_task2
[2025-05-12T08:33:52.395+0000] {task_command.py:467} INFO - Running <TaskInstance: dags_python_with_xcom_eg1.python_xcom_push_task2 scheduled__2025-05-10T21:30:00+00:00 [running]> on host 11348a8299f1
[2025-05-12T08:33:52.574+0000] {taskinstance.py:3134} INFO - Exporting env vars: AIRFLOW_CTX_DAG_OWNER='***' AIRFLOW_CTX_DAG_ID='dags_python_with_xcom_eg1' AIRFLOW_CTX_TASK_ID='python_xcom_push_task2' AIRFLOW_CTX_EXECUTION_DATE='2025-05-10T21:30:00+00:00' AIRFLOW_CTX_TRY_NUMBER='1' AIRFLOW_CTX_DAG_RUN_ID='scheduled__2025-05-10T21:30:00+00:00'
[2025-05-12T08:33:52.576+0000] {logging_mixin.py:190} INFO - Task instance is in running state
[2025-05-12T08:33:52.577+0000] {logging_mixin.py:190} INFO -  Previous state of the Task instance: queued
[2025-05-12T08:33:52.577+0000] {logging_mixin.py:190} INFO - Current task name:python_xcom_push_task2 state:running start_date:2025-05-12 08:33:52.225209+00:00
[2025-05-12T08:33:52.578+0000] {logging_mixin.py:190} INFO - Dag name:dags_python_with_xcom_eg1 and current dag run status:running
[2025-05-12T08:33:52.578+0000] {taskinstance.py:732} INFO - ::endgroup::
[2025-05-12T08:33:52.639+0000] {logging_mixin.py:190} INFO - <TaskInstance: dags_python_with_xcom_eg1.python_xcom_push_task2 scheduled__2025-05-10T21:30:00+00:00 [running]>
[2025-05-12T08:33:52.640+0000] {python.py:240} INFO - Done. Returned value was: None
[2025-05-12T08:33:52.658+0000] {taskinstance.py:341} INFO - ::group::Post task execution logs
[2025-05-12T08:33:52.658+0000] {taskinstance.py:353} INFO - Marking task as SUCCESS. dag_id=dags_python_with_xcom_eg1, task_id=python_xcom_push_task2, run_id=scheduled__2025-05-10T21:30:00+00:00, execution_date=20250510T213000, start_date=20250512T083352, end_date=20250512T083352
[2025-05-12T08:33:52.722+0000] {logging_mixin.py:190} INFO - Task instance in success state
[2025-05-12T08:33:52.723+0000] {logging_mixin.py:190} INFO -  Previous state of the Task instance: running
[2025-05-12T08:33:52.723+0000] {logging_mixin.py:190} INFO - Dag name:dags_python_with_xcom_eg1 queued_at:2025-05-12 08:32:32.314670+00:00
[2025-05-12T08:33:52.723+0000] {logging_mixin.py:190} INFO - Task hostname:11348a8299f1 operator:_PythonDecoratedOperator
[2025-05-12T08:33:52.753+0000] {local_task_job_runner.py:266} INFO - Task exited with return code 0
[2025-05-12T08:33:52.791+0000] {taskinstance.py:3901} INFO - 1 downstream tasks scheduled from follow-on schedule check
[2025-05-12T08:33:52.797+0000] {local_task_job_runner.py:245} INFO - ::endgroup::
