[2025-05-19T01:33:38.396+0000] {local_task_job_runner.py:123} INFO - ::group::Pre task execution logs
[2025-05-19T01:33:38.414+0000] {taskinstance.py:2614} INFO - Dependencies all met for dep_context=non-requeueable deps ti=<TaskInstance: dags_trigger_dag_run_operator.start_task manual__2025-05-19T01:33:35.496685+00:00 [queued]>
[2025-05-19T01:33:38.422+0000] {taskinstance.py:2614} INFO - Dependencies all met for dep_context=requeueable deps ti=<TaskInstance: dags_trigger_dag_run_operator.start_task manual__2025-05-19T01:33:35.496685+00:00 [queued]>
[2025-05-19T01:33:38.423+0000] {taskinstance.py:2867} INFO - Starting attempt 1 of 1
[2025-05-19T01:33:38.711+0000] {taskinstance.py:2890} INFO - Executing <Task(BashOperator): start_task> on 2025-05-19 01:33:35.496685+00:00
[2025-05-19T01:33:38.731+0000] {warnings.py:112} WARNING - /home/***/.local/lib/python3.12/site-packages/***/task/task_runner/standard_task_runner.py:70: DeprecationWarning: This process (pid=1218) is multi-threaded, use of fork() may lead to deadlocks in the child.
  pid = os.fork()

[2025-05-19T01:33:38.737+0000] {standard_task_runner.py:72} INFO - Started process 1222 to run task
[2025-05-19T01:33:38.739+0000] {standard_task_runner.py:104} INFO - Running: ['***', 'tasks', 'run', 'dags_trigger_dag_run_operator', 'start_task', 'manual__2025-05-19T01:33:35.496685+00:00', '--job-id', '217', '--raw', '--subdir', 'DAGS_FOLDER/dags_trigger_dag_run_operator.py', '--cfg-path', '/tmp/tmpx9080yfo']
[2025-05-19T01:33:38.745+0000] {standard_task_runner.py:105} INFO - Job 217: Subtask start_task
[2025-05-19T01:33:38.821+0000] {task_command.py:467} INFO - Running <TaskInstance: dags_trigger_dag_run_operator.start_task manual__2025-05-19T01:33:35.496685+00:00 [running]> on host 11348a8299f1
[2025-05-19T01:33:38.958+0000] {taskinstance.py:3134} INFO - Exporting env vars: AIRFLOW_CTX_DAG_OWNER='***' AIRFLOW_CTX_DAG_ID='dags_trigger_dag_run_operator' AIRFLOW_CTX_TASK_ID='start_task' AIRFLOW_CTX_EXECUTION_DATE='2025-05-19T01:33:35.496685+00:00' AIRFLOW_CTX_TRY_NUMBER='1' AIRFLOW_CTX_DAG_RUN_ID='manual__2025-05-19T01:33:35.496685+00:00'
[2025-05-19T01:33:38.960+0000] {logging_mixin.py:190} INFO - Task instance is in running state
[2025-05-19T01:33:38.960+0000] {logging_mixin.py:190} INFO -  Previous state of the Task instance: queued
[2025-05-19T01:33:38.960+0000] {logging_mixin.py:190} INFO - Current task name:start_task state:running start_date:2025-05-19 01:33:38.414934+00:00
[2025-05-19T01:33:38.961+0000] {logging_mixin.py:190} INFO - Dag name:dags_trigger_dag_run_operator and current dag run status:running
[2025-05-19T01:33:38.961+0000] {taskinstance.py:732} INFO - ::endgroup::
[2025-05-19T01:33:38.962+0000] {subprocess.py:78} INFO - Tmp dir root location: /tmp
[2025-05-19T01:33:38.964+0000] {subprocess.py:88} INFO - Running command: ['/usr/bin/bash', '-c', 'echo "start!"']
[2025-05-19T01:33:38.983+0000] {subprocess.py:99} INFO - Output:
[2025-05-19T01:33:38.986+0000] {subprocess.py:106} INFO - start!
[2025-05-19T01:33:38.987+0000] {subprocess.py:110} INFO - Command exited with return code 0
[2025-05-19T01:33:39.019+0000] {taskinstance.py:341} INFO - ::group::Post task execution logs
[2025-05-19T01:33:39.020+0000] {taskinstance.py:353} INFO - Marking task as SUCCESS. dag_id=dags_trigger_dag_run_operator, task_id=start_task, run_id=manual__2025-05-19T01:33:35.496685+00:00, execution_date=20250519T013335, start_date=20250519T013338, end_date=20250519T013339
[2025-05-19T01:33:39.046+0000] {logging_mixin.py:190} INFO - Task instance in success state
[2025-05-19T01:33:39.046+0000] {logging_mixin.py:190} INFO -  Previous state of the Task instance: running
[2025-05-19T01:33:39.047+0000] {logging_mixin.py:190} INFO - Dag name:dags_trigger_dag_run_operator queued_at:2025-05-19 01:33:35.528623+00:00
[2025-05-19T01:33:39.047+0000] {logging_mixin.py:190} INFO - Task hostname:11348a8299f1 operator:BashOperator
[2025-05-19T01:33:39.085+0000] {local_task_job_runner.py:266} INFO - Task exited with return code 0
[2025-05-19T01:33:39.126+0000] {taskinstance.py:3901} INFO - 1 downstream tasks scheduled from follow-on schedule check
[2025-05-19T01:33:39.129+0000] {local_task_job_runner.py:245} INFO - ::endgroup::
