[2025-05-19T00:18:32.814+0000] {local_task_job_runner.py:123} INFO - ::group::Pre task execution logs
[2025-05-19T00:18:33.080+0000] {taskinstance.py:2614} INFO - Dependencies all met for dep_context=non-requeueable deps ti=<TaskInstance: dags_bash_python_with_xcom.python_pull scheduled__2025-05-17T00:30:00+00:00 [queued]>
[2025-05-19T00:18:33.096+0000] {taskinstance.py:2614} INFO - Dependencies all met for dep_context=requeueable deps ti=<TaskInstance: dags_bash_python_with_xcom.python_pull scheduled__2025-05-17T00:30:00+00:00 [queued]>
[2025-05-19T00:18:33.097+0000] {taskinstance.py:2867} INFO - Starting attempt 1 of 1
[2025-05-19T00:18:33.126+0000] {taskinstance.py:2890} INFO - Executing <Task(_PythonDecoratedOperator): python_pull> on 2025-05-17 00:30:00+00:00
[2025-05-19T00:18:33.142+0000] {warnings.py:112} WARNING - /home/***/.local/lib/python3.12/site-packages/***/task/task_runner/standard_task_runner.py:70: DeprecationWarning: This process (pid=194) is multi-threaded, use of fork() may lead to deadlocks in the child.
  pid = os.fork()

[2025-05-19T00:18:33.144+0000] {standard_task_runner.py:72} INFO - Started process 229 to run task
[2025-05-19T00:18:33.147+0000] {standard_task_runner.py:104} INFO - Running: ['***', 'tasks', 'run', 'dags_bash_python_with_xcom', 'python_pull', 'scheduled__2025-05-17T00:30:00+00:00', '--job-id', '205', '--raw', '--subdir', 'DAGS_FOLDER/dags_bash_python_with_xcom.py', '--cfg-path', '/tmp/tmp6opfoiio']
[2025-05-19T00:18:33.150+0000] {standard_task_runner.py:105} INFO - Job 205: Subtask python_pull
[2025-05-19T00:18:33.233+0000] {task_command.py:467} INFO - Running <TaskInstance: dags_bash_python_with_xcom.python_pull scheduled__2025-05-17T00:30:00+00:00 [running]> on host 11348a8299f1
[2025-05-19T00:18:33.388+0000] {taskinstance.py:3134} INFO - Exporting env vars: AIRFLOW_CTX_DAG_OWNER='***' AIRFLOW_CTX_DAG_ID='dags_bash_python_with_xcom' AIRFLOW_CTX_TASK_ID='python_pull' AIRFLOW_CTX_EXECUTION_DATE='2025-05-17T00:30:00+00:00' AIRFLOW_CTX_TRY_NUMBER='1' AIRFLOW_CTX_DAG_RUN_ID='scheduled__2025-05-17T00:30:00+00:00'
[2025-05-19T00:18:33.390+0000] {logging_mixin.py:190} INFO - Task instance is in running state
[2025-05-19T00:18:33.391+0000] {logging_mixin.py:190} INFO -  Previous state of the Task instance: queued
[2025-05-19T00:18:33.391+0000] {logging_mixin.py:190} INFO - Current task name:python_pull state:running start_date:2025-05-19 00:18:33.080516+00:00
[2025-05-19T00:18:33.392+0000] {logging_mixin.py:190} INFO - Dag name:dags_bash_python_with_xcom and current dag run status:running
[2025-05-19T00:18:33.392+0000] {taskinstance.py:732} INFO - ::endgroup::
[2025-05-19T00:18:33.420+0000] {logging_mixin.py:190} INFO - status_value: 200
[2025-05-19T00:18:33.420+0000] {logging_mixin.py:190} INFO - return_value: PUSH_COMPLETE
[2025-05-19T00:18:33.421+0000] {python.py:240} INFO - Done. Returned value was: None
[2025-05-19T00:18:33.434+0000] {taskinstance.py:341} INFO - ::group::Post task execution logs
[2025-05-19T00:18:33.435+0000] {taskinstance.py:353} INFO - Marking task as SUCCESS. dag_id=dags_bash_python_with_xcom, task_id=python_pull, run_id=scheduled__2025-05-17T00:30:00+00:00, execution_date=20250517T003000, start_date=20250519T001833, end_date=20250519T001833
[2025-05-19T00:18:33.478+0000] {logging_mixin.py:190} INFO - Task instance in success state
[2025-05-19T00:18:33.479+0000] {logging_mixin.py:190} INFO -  Previous state of the Task instance: running
[2025-05-19T00:18:33.479+0000] {logging_mixin.py:190} INFO - Dag name:dags_bash_python_with_xcom queued_at:2025-05-19 00:18:14.539169+00:00
[2025-05-19T00:18:33.480+0000] {logging_mixin.py:190} INFO - Task hostname:11348a8299f1 operator:_PythonDecoratedOperator
[2025-05-19T00:18:33.523+0000] {local_task_job_runner.py:266} INFO - Task exited with return code 0
[2025-05-19T00:18:33.538+0000] {local_task_job_runner.py:245} INFO - ::endgroup::
