[2025-05-10T01:19:39.981+0000] {processor.py:186} INFO - Started process (PID=67120) to work on /opt/airflow/dags/dags_python_with_macro.py
[2025-05-10T01:19:39.982+0000] {processor.py:914} INFO - Processing file /opt/airflow/dags/dags_python_with_macro.py for tasks to queue
[2025-05-10T01:19:39.982+0000] {logging_mixin.py:190} INFO - [2025-05-10T01:19:39.982+0000] {dagbag.py:588} INFO - Filling up the DagBag from /opt/airflow/dags/dags_python_with_macro.py
[2025-05-10T01:19:39.989+0000] {processor.py:925} INFO - DAG(s) 'dags_python_with_macro' retrieved from /opt/airflow/dags/dags_python_with_macro.py
[2025-05-10T01:19:40.071+0000] {logging_mixin.py:190} INFO - [2025-05-10T01:19:40.070+0000] {dag.py:3239} INFO - Sync 1 DAGs
[2025-05-10T01:19:40.088+0000] {logging_mixin.py:190} INFO - [2025-05-10T01:19:40.088+0000] {dag.py:4180} INFO - Setting next_dagrun for dags_python_with_macro to 2025-05-09 15:10:00+00:00, run_after=2025-05-10 15:10:00+00:00
[2025-05-10T01:19:40.105+0000] {processor.py:208} INFO - Processing /opt/airflow/dags/dags_python_with_macro.py took 0.130 seconds
[2025-05-10T01:20:10.988+0000] {processor.py:186} INFO - Started process (PID=67194) to work on /opt/airflow/dags/dags_python_with_macro.py
[2025-05-10T01:20:10.988+0000] {processor.py:914} INFO - Processing file /opt/airflow/dags/dags_python_with_macro.py for tasks to queue
[2025-05-10T01:20:10.990+0000] {logging_mixin.py:190} INFO - [2025-05-10T01:20:10.989+0000] {dagbag.py:588} INFO - Filling up the DagBag from /opt/airflow/dags/dags_python_with_macro.py
[2025-05-10T01:20:10.998+0000] {processor.py:925} INFO - DAG(s) 'dags_python_with_macro' retrieved from /opt/airflow/dags/dags_python_with_macro.py
[2025-05-10T01:20:11.019+0000] {logging_mixin.py:190} INFO - [2025-05-10T01:20:11.019+0000] {dag.py:3239} INFO - Sync 1 DAGs
[2025-05-10T01:20:11.040+0000] {logging_mixin.py:190} INFO - [2025-05-10T01:20:11.040+0000] {dag.py:4180} INFO - Setting next_dagrun for dags_python_with_macro to 2025-05-09 15:10:00+00:00, run_after=2025-05-10 15:10:00+00:00
[2025-05-10T01:20:11.060+0000] {processor.py:208} INFO - Processing /opt/airflow/dags/dags_python_with_macro.py took 0.079 seconds
[2025-05-10T01:20:41.474+0000] {processor.py:186} INFO - Started process (PID=67271) to work on /opt/airflow/dags/dags_python_with_macro.py
[2025-05-10T01:20:41.475+0000] {processor.py:914} INFO - Processing file /opt/airflow/dags/dags_python_with_macro.py for tasks to queue
[2025-05-10T01:20:41.476+0000] {logging_mixin.py:190} INFO - [2025-05-10T01:20:41.475+0000] {dagbag.py:588} INFO - Filling up the DagBag from /opt/airflow/dags/dags_python_with_macro.py
[2025-05-10T01:20:41.480+0000] {processor.py:925} INFO - DAG(s) 'dags_python_with_macro' retrieved from /opt/airflow/dags/dags_python_with_macro.py
[2025-05-10T01:20:41.494+0000] {logging_mixin.py:190} INFO - [2025-05-10T01:20:41.494+0000] {dag.py:3239} INFO - Sync 1 DAGs
[2025-05-10T01:20:41.510+0000] {logging_mixin.py:190} INFO - [2025-05-10T01:20:41.510+0000] {dag.py:4180} INFO - Setting next_dagrun for dags_python_with_macro to 2025-05-09 15:10:00+00:00, run_after=2025-05-10 15:10:00+00:00
[2025-05-10T01:20:41.522+0000] {processor.py:208} INFO - Processing /opt/airflow/dags/dags_python_with_macro.py took 0.053 seconds
[2025-05-10T01:21:11.694+0000] {processor.py:186} INFO - Started process (PID=67341) to work on /opt/airflow/dags/dags_python_with_macro.py
[2025-05-10T01:21:11.695+0000] {processor.py:914} INFO - Processing file /opt/airflow/dags/dags_python_with_macro.py for tasks to queue
[2025-05-10T01:21:11.696+0000] {logging_mixin.py:190} INFO - [2025-05-10T01:21:11.695+0000] {dagbag.py:588} INFO - Filling up the DagBag from /opt/airflow/dags/dags_python_with_macro.py
[2025-05-10T01:21:11.700+0000] {processor.py:925} INFO - DAG(s) 'dags_python_with_macro' retrieved from /opt/airflow/dags/dags_python_with_macro.py
[2025-05-10T01:21:11.714+0000] {logging_mixin.py:190} INFO - [2025-05-10T01:21:11.714+0000] {dag.py:3239} INFO - Sync 1 DAGs
[2025-05-10T01:21:11.729+0000] {logging_mixin.py:190} INFO - [2025-05-10T01:21:11.729+0000] {dag.py:4180} INFO - Setting next_dagrun for dags_python_with_macro to 2025-05-09 15:10:00+00:00, run_after=2025-05-10 15:10:00+00:00
[2025-05-10T01:21:11.741+0000] {processor.py:208} INFO - Processing /opt/airflow/dags/dags_python_with_macro.py took 0.052 seconds
[2025-05-10T01:21:42.401+0000] {processor.py:186} INFO - Started process (PID=67423) to work on /opt/airflow/dags/dags_python_with_macro.py
[2025-05-10T01:21:42.402+0000] {processor.py:914} INFO - Processing file /opt/airflow/dags/dags_python_with_macro.py for tasks to queue
[2025-05-10T01:21:42.403+0000] {logging_mixin.py:190} INFO - [2025-05-10T01:21:42.403+0000] {dagbag.py:588} INFO - Filling up the DagBag from /opt/airflow/dags/dags_python_with_macro.py
[2025-05-10T01:21:42.408+0000] {processor.py:925} INFO - DAG(s) 'dags_python_with_macro' retrieved from /opt/airflow/dags/dags_python_with_macro.py
[2025-05-10T01:21:42.424+0000] {logging_mixin.py:190} INFO - [2025-05-10T01:21:42.424+0000] {dag.py:3239} INFO - Sync 1 DAGs
[2025-05-10T01:21:42.440+0000] {logging_mixin.py:190} INFO - [2025-05-10T01:21:42.439+0000] {dag.py:4180} INFO - Setting next_dagrun for dags_python_with_macro to 2025-05-09 15:10:00+00:00, run_after=2025-05-10 15:10:00+00:00
[2025-05-10T01:21:42.451+0000] {processor.py:208} INFO - Processing /opt/airflow/dags/dags_python_with_macro.py took 0.054 seconds
[2025-05-10T01:22:13.114+0000] {processor.py:186} INFO - Started process (PID=67506) to work on /opt/airflow/dags/dags_python_with_macro.py
[2025-05-10T01:22:13.114+0000] {processor.py:914} INFO - Processing file /opt/airflow/dags/dags_python_with_macro.py for tasks to queue
[2025-05-10T01:22:13.115+0000] {logging_mixin.py:190} INFO - [2025-05-10T01:22:13.115+0000] {dagbag.py:588} INFO - Filling up the DagBag from /opt/airflow/dags/dags_python_with_macro.py
[2025-05-10T01:22:13.120+0000] {processor.py:925} INFO - DAG(s) 'dags_python_with_macro' retrieved from /opt/airflow/dags/dags_python_with_macro.py
[2025-05-10T01:22:13.133+0000] {logging_mixin.py:190} INFO - [2025-05-10T01:22:13.133+0000] {dag.py:3239} INFO - Sync 1 DAGs
[2025-05-10T01:22:13.148+0000] {logging_mixin.py:190} INFO - [2025-05-10T01:22:13.148+0000] {dag.py:4180} INFO - Setting next_dagrun for dags_python_with_macro to 2025-05-09 15:10:00+00:00, run_after=2025-05-10 15:10:00+00:00
[2025-05-10T01:22:13.159+0000] {processor.py:208} INFO - Processing /opt/airflow/dags/dags_python_with_macro.py took 0.050 seconds
[2025-05-10T01:22:43.691+0000] {processor.py:186} INFO - Started process (PID=67588) to work on /opt/airflow/dags/dags_python_with_macro.py
[2025-05-10T01:22:43.692+0000] {processor.py:914} INFO - Processing file /opt/airflow/dags/dags_python_with_macro.py for tasks to queue
[2025-05-10T01:22:43.693+0000] {logging_mixin.py:190} INFO - [2025-05-10T01:22:43.692+0000] {dagbag.py:588} INFO - Filling up the DagBag from /opt/airflow/dags/dags_python_with_macro.py
[2025-05-10T01:22:43.698+0000] {processor.py:925} INFO - DAG(s) 'dags_python_with_macro' retrieved from /opt/airflow/dags/dags_python_with_macro.py
[2025-05-10T01:22:43.713+0000] {logging_mixin.py:190} INFO - [2025-05-10T01:22:43.713+0000] {dag.py:3239} INFO - Sync 1 DAGs
[2025-05-10T01:22:43.731+0000] {logging_mixin.py:190} INFO - [2025-05-10T01:22:43.730+0000] {dag.py:4180} INFO - Setting next_dagrun for dags_python_with_macro to 2025-05-09 15:10:00+00:00, run_after=2025-05-10 15:10:00+00:00
[2025-05-10T01:22:43.744+0000] {processor.py:208} INFO - Processing /opt/airflow/dags/dags_python_with_macro.py took 0.059 seconds
[2025-05-10T01:23:14.701+0000] {processor.py:186} INFO - Started process (PID=67670) to work on /opt/airflow/dags/dags_python_with_macro.py
[2025-05-10T01:23:14.702+0000] {processor.py:914} INFO - Processing file /opt/airflow/dags/dags_python_with_macro.py for tasks to queue
[2025-05-10T01:23:14.703+0000] {logging_mixin.py:190} INFO - [2025-05-10T01:23:14.702+0000] {dagbag.py:588} INFO - Filling up the DagBag from /opt/airflow/dags/dags_python_with_macro.py
[2025-05-10T01:23:14.708+0000] {processor.py:925} INFO - DAG(s) 'dags_python_with_macro' retrieved from /opt/airflow/dags/dags_python_with_macro.py
[2025-05-10T01:23:14.722+0000] {logging_mixin.py:190} INFO - [2025-05-10T01:23:14.722+0000] {dag.py:3239} INFO - Sync 1 DAGs
[2025-05-10T01:23:14.738+0000] {logging_mixin.py:190} INFO - [2025-05-10T01:23:14.738+0000] {dag.py:4180} INFO - Setting next_dagrun for dags_python_with_macro to 2025-05-09 15:10:00+00:00, run_after=2025-05-10 15:10:00+00:00
[2025-05-10T01:23:14.750+0000] {processor.py:208} INFO - Processing /opt/airflow/dags/dags_python_with_macro.py took 0.053 seconds
[2025-05-10T01:23:45.397+0000] {processor.py:186} INFO - Started process (PID=67752) to work on /opt/airflow/dags/dags_python_with_macro.py
[2025-05-10T01:23:45.398+0000] {processor.py:914} INFO - Processing file /opt/airflow/dags/dags_python_with_macro.py for tasks to queue
[2025-05-10T01:23:45.399+0000] {logging_mixin.py:190} INFO - [2025-05-10T01:23:45.398+0000] {dagbag.py:588} INFO - Filling up the DagBag from /opt/airflow/dags/dags_python_with_macro.py
[2025-05-10T01:23:45.405+0000] {processor.py:925} INFO - DAG(s) 'dags_python_with_macro' retrieved from /opt/airflow/dags/dags_python_with_macro.py
[2025-05-10T01:23:45.422+0000] {logging_mixin.py:190} INFO - [2025-05-10T01:23:45.421+0000] {dag.py:3239} INFO - Sync 1 DAGs
[2025-05-10T01:23:45.440+0000] {logging_mixin.py:190} INFO - [2025-05-10T01:23:45.440+0000] {dag.py:4180} INFO - Setting next_dagrun for dags_python_with_macro to 2025-05-09 15:10:00+00:00, run_after=2025-05-10 15:10:00+00:00
[2025-05-10T01:23:45.453+0000] {processor.py:208} INFO - Processing /opt/airflow/dags/dags_python_with_macro.py took 0.063 seconds
[2025-05-10T01:24:16.093+0000] {processor.py:186} INFO - Started process (PID=67834) to work on /opt/airflow/dags/dags_python_with_macro.py
[2025-05-10T01:24:16.094+0000] {processor.py:914} INFO - Processing file /opt/airflow/dags/dags_python_with_macro.py for tasks to queue
[2025-05-10T01:24:16.094+0000] {logging_mixin.py:190} INFO - [2025-05-10T01:24:16.094+0000] {dagbag.py:588} INFO - Filling up the DagBag from /opt/airflow/dags/dags_python_with_macro.py
[2025-05-10T01:24:16.099+0000] {processor.py:925} INFO - DAG(s) 'dags_python_with_macro' retrieved from /opt/airflow/dags/dags_python_with_macro.py
[2025-05-10T01:24:16.114+0000] {logging_mixin.py:190} INFO - [2025-05-10T01:24:16.114+0000] {dag.py:3239} INFO - Sync 1 DAGs
[2025-05-10T01:24:16.131+0000] {logging_mixin.py:190} INFO - [2025-05-10T01:24:16.130+0000] {dag.py:4180} INFO - Setting next_dagrun for dags_python_with_macro to 2025-05-09 15:10:00+00:00, run_after=2025-05-10 15:10:00+00:00
[2025-05-10T01:24:16.142+0000] {processor.py:208} INFO - Processing /opt/airflow/dags/dags_python_with_macro.py took 0.054 seconds
[2025-05-10T01:24:46.940+0000] {processor.py:186} INFO - Started process (PID=67916) to work on /opt/airflow/dags/dags_python_with_macro.py
[2025-05-10T01:24:46.941+0000] {processor.py:914} INFO - Processing file /opt/airflow/dags/dags_python_with_macro.py for tasks to queue
[2025-05-10T01:24:46.942+0000] {logging_mixin.py:190} INFO - [2025-05-10T01:24:46.941+0000] {dagbag.py:588} INFO - Filling up the DagBag from /opt/airflow/dags/dags_python_with_macro.py
[2025-05-10T01:24:46.947+0000] {processor.py:925} INFO - DAG(s) 'dags_python_with_macro' retrieved from /opt/airflow/dags/dags_python_with_macro.py
[2025-05-10T01:24:46.961+0000] {logging_mixin.py:190} INFO - [2025-05-10T01:24:46.961+0000] {dag.py:3239} INFO - Sync 1 DAGs
[2025-05-10T01:24:46.977+0000] {logging_mixin.py:190} INFO - [2025-05-10T01:24:46.977+0000] {dag.py:4180} INFO - Setting next_dagrun for dags_python_with_macro to 2025-05-09 15:10:00+00:00, run_after=2025-05-10 15:10:00+00:00
[2025-05-10T01:24:46.988+0000] {processor.py:208} INFO - Processing /opt/airflow/dags/dags_python_with_macro.py took 0.053 seconds
[2025-05-10T01:25:17.585+0000] {processor.py:186} INFO - Started process (PID=67998) to work on /opt/airflow/dags/dags_python_with_macro.py
[2025-05-10T01:25:17.586+0000] {processor.py:914} INFO - Processing file /opt/airflow/dags/dags_python_with_macro.py for tasks to queue
[2025-05-10T01:25:17.587+0000] {logging_mixin.py:190} INFO - [2025-05-10T01:25:17.587+0000] {dagbag.py:588} INFO - Filling up the DagBag from /opt/airflow/dags/dags_python_with_macro.py
[2025-05-10T01:25:17.592+0000] {processor.py:925} INFO - DAG(s) 'dags_python_with_macro' retrieved from /opt/airflow/dags/dags_python_with_macro.py
[2025-05-10T01:25:17.605+0000] {logging_mixin.py:190} INFO - [2025-05-10T01:25:17.605+0000] {dag.py:3239} INFO - Sync 1 DAGs
[2025-05-10T01:25:17.621+0000] {logging_mixin.py:190} INFO - [2025-05-10T01:25:17.620+0000] {dag.py:4180} INFO - Setting next_dagrun for dags_python_with_macro to 2025-05-09 15:10:00+00:00, run_after=2025-05-10 15:10:00+00:00
[2025-05-10T01:25:17.633+0000] {processor.py:208} INFO - Processing /opt/airflow/dags/dags_python_with_macro.py took 0.052 seconds
[2025-05-10T01:25:48.173+0000] {processor.py:186} INFO - Started process (PID=68080) to work on /opt/airflow/dags/dags_python_with_macro.py
[2025-05-10T01:25:48.175+0000] {processor.py:914} INFO - Processing file /opt/airflow/dags/dags_python_with_macro.py for tasks to queue
[2025-05-10T01:25:48.176+0000] {logging_mixin.py:190} INFO - [2025-05-10T01:25:48.175+0000] {dagbag.py:588} INFO - Filling up the DagBag from /opt/airflow/dags/dags_python_with_macro.py
[2025-05-10T01:25:48.180+0000] {processor.py:925} INFO - DAG(s) 'dags_python_with_macro' retrieved from /opt/airflow/dags/dags_python_with_macro.py
[2025-05-10T01:25:48.194+0000] {logging_mixin.py:190} INFO - [2025-05-10T01:25:48.193+0000] {dag.py:3239} INFO - Sync 1 DAGs
[2025-05-10T01:25:48.209+0000] {logging_mixin.py:190} INFO - [2025-05-10T01:25:48.209+0000] {dag.py:4180} INFO - Setting next_dagrun for dags_python_with_macro to 2025-05-09 15:10:00+00:00, run_after=2025-05-10 15:10:00+00:00
[2025-05-10T01:25:48.220+0000] {processor.py:208} INFO - Processing /opt/airflow/dags/dags_python_with_macro.py took 0.052 seconds
[2025-05-10T01:26:18.637+0000] {processor.py:186} INFO - Started process (PID=68162) to work on /opt/airflow/dags/dags_python_with_macro.py
[2025-05-10T01:26:18.637+0000] {processor.py:914} INFO - Processing file /opt/airflow/dags/dags_python_with_macro.py for tasks to queue
[2025-05-10T01:26:18.639+0000] {logging_mixin.py:190} INFO - [2025-05-10T01:26:18.639+0000] {dagbag.py:588} INFO - Filling up the DagBag from /opt/airflow/dags/dags_python_with_macro.py
[2025-05-10T01:26:18.644+0000] {processor.py:925} INFO - DAG(s) 'dags_python_with_macro' retrieved from /opt/airflow/dags/dags_python_with_macro.py
[2025-05-10T01:26:18.657+0000] {logging_mixin.py:190} INFO - [2025-05-10T01:26:18.657+0000] {dag.py:3239} INFO - Sync 1 DAGs
[2025-05-10T01:26:18.673+0000] {logging_mixin.py:190} INFO - [2025-05-10T01:26:18.672+0000] {dag.py:4180} INFO - Setting next_dagrun for dags_python_with_macro to 2025-05-09 15:10:00+00:00, run_after=2025-05-10 15:10:00+00:00
[2025-05-10T01:26:18.684+0000] {processor.py:208} INFO - Processing /opt/airflow/dags/dags_python_with_macro.py took 0.052 seconds
[2025-05-10T01:26:49.247+0000] {processor.py:186} INFO - Started process (PID=68244) to work on /opt/airflow/dags/dags_python_with_macro.py
[2025-05-10T01:26:49.248+0000] {processor.py:914} INFO - Processing file /opt/airflow/dags/dags_python_with_macro.py for tasks to queue
[2025-05-10T01:26:49.249+0000] {logging_mixin.py:190} INFO - [2025-05-10T01:26:49.249+0000] {dagbag.py:588} INFO - Filling up the DagBag from /opt/airflow/dags/dags_python_with_macro.py
[2025-05-10T01:26:49.254+0000] {processor.py:925} INFO - DAG(s) 'dags_python_with_macro' retrieved from /opt/airflow/dags/dags_python_with_macro.py
[2025-05-10T01:26:49.268+0000] {logging_mixin.py:190} INFO - [2025-05-10T01:26:49.268+0000] {dag.py:3239} INFO - Sync 1 DAGs
[2025-05-10T01:26:49.285+0000] {logging_mixin.py:190} INFO - [2025-05-10T01:26:49.285+0000] {dag.py:4180} INFO - Setting next_dagrun for dags_python_with_macro to 2025-05-09 15:10:00+00:00, run_after=2025-05-10 15:10:00+00:00
[2025-05-10T01:26:49.301+0000] {processor.py:208} INFO - Processing /opt/airflow/dags/dags_python_with_macro.py took 0.058 seconds
[2025-05-10T02:18:36.754+0000] {processor.py:186} INFO - Started process (PID=68333) to work on /opt/airflow/dags/dags_python_with_macro.py
[2025-05-10T02:18:36.762+0000] {processor.py:914} INFO - Processing file /opt/airflow/dags/dags_python_with_macro.py for tasks to queue
[2025-05-10T02:18:36.764+0000] {logging_mixin.py:190} INFO - [2025-05-10T02:18:36.763+0000] {dagbag.py:588} INFO - Filling up the DagBag from /opt/airflow/dags/dags_python_with_macro.py
[2025-05-10T02:18:36.776+0000] {processor.py:925} INFO - DAG(s) 'dags_python_with_macro' retrieved from /opt/airflow/dags/dags_python_with_macro.py
[2025-05-10T02:18:36.804+0000] {logging_mixin.py:190} INFO - [2025-05-10T02:18:36.803+0000] {dag.py:3239} INFO - Sync 1 DAGs
[2025-05-10T02:18:36.834+0000] {logging_mixin.py:190} INFO - [2025-05-10T02:18:36.834+0000] {dag.py:4180} INFO - Setting next_dagrun for dags_python_with_macro to 2025-05-09 15:10:00+00:00, run_after=2025-05-10 15:10:00+00:00
[2025-05-10T02:18:36.860+0000] {processor.py:208} INFO - Processing /opt/airflow/dags/dags_python_with_macro.py took 0.115 seconds
[2025-05-10T02:19:07.551+0000] {processor.py:186} INFO - Started process (PID=68414) to work on /opt/airflow/dags/dags_python_with_macro.py
[2025-05-10T02:19:07.552+0000] {processor.py:914} INFO - Processing file /opt/airflow/dags/dags_python_with_macro.py for tasks to queue
[2025-05-10T02:19:07.552+0000] {logging_mixin.py:190} INFO - [2025-05-10T02:19:07.552+0000] {dagbag.py:588} INFO - Filling up the DagBag from /opt/airflow/dags/dags_python_with_macro.py
[2025-05-10T02:19:07.557+0000] {processor.py:925} INFO - DAG(s) 'dags_python_with_macro' retrieved from /opt/airflow/dags/dags_python_with_macro.py
[2025-05-10T02:19:07.572+0000] {logging_mixin.py:190} INFO - [2025-05-10T02:19:07.572+0000] {dag.py:3239} INFO - Sync 1 DAGs
[2025-05-10T02:19:07.588+0000] {logging_mixin.py:190} INFO - [2025-05-10T02:19:07.588+0000] {dag.py:4180} INFO - Setting next_dagrun for dags_python_with_macro to 2025-05-09 15:10:00+00:00, run_after=2025-05-10 15:10:00+00:00
[2025-05-10T02:19:07.600+0000] {processor.py:208} INFO - Processing /opt/airflow/dags/dags_python_with_macro.py took 0.054 seconds
[2025-05-10T02:19:37.660+0000] {processor.py:186} INFO - Started process (PID=68496) to work on /opt/airflow/dags/dags_python_with_macro.py
[2025-05-10T02:19:37.660+0000] {processor.py:914} INFO - Processing file /opt/airflow/dags/dags_python_with_macro.py for tasks to queue
[2025-05-10T02:19:37.661+0000] {logging_mixin.py:190} INFO - [2025-05-10T02:19:37.661+0000] {dagbag.py:588} INFO - Filling up the DagBag from /opt/airflow/dags/dags_python_with_macro.py
[2025-05-10T02:19:37.666+0000] {processor.py:925} INFO - DAG(s) 'dags_python_with_macro' retrieved from /opt/airflow/dags/dags_python_with_macro.py
[2025-05-10T02:19:37.680+0000] {logging_mixin.py:190} INFO - [2025-05-10T02:19:37.680+0000] {dag.py:3239} INFO - Sync 1 DAGs
[2025-05-10T02:19:37.695+0000] {logging_mixin.py:190} INFO - [2025-05-10T02:19:37.695+0000] {dag.py:4180} INFO - Setting next_dagrun for dags_python_with_macro to 2025-05-09 15:10:00+00:00, run_after=2025-05-10 15:10:00+00:00
[2025-05-10T02:19:37.706+0000] {processor.py:208} INFO - Processing /opt/airflow/dags/dags_python_with_macro.py took 0.050 seconds
[2025-05-10T02:20:08.132+0000] {processor.py:186} INFO - Started process (PID=68578) to work on /opt/airflow/dags/dags_python_with_macro.py
[2025-05-10T02:20:08.133+0000] {processor.py:914} INFO - Processing file /opt/airflow/dags/dags_python_with_macro.py for tasks to queue
[2025-05-10T02:20:08.134+0000] {logging_mixin.py:190} INFO - [2025-05-10T02:20:08.134+0000] {dagbag.py:588} INFO - Filling up the DagBag from /opt/airflow/dags/dags_python_with_macro.py
[2025-05-10T02:20:08.139+0000] {processor.py:925} INFO - DAG(s) 'dags_python_with_macro' retrieved from /opt/airflow/dags/dags_python_with_macro.py
[2025-05-10T02:20:08.154+0000] {logging_mixin.py:190} INFO - [2025-05-10T02:20:08.154+0000] {dag.py:3239} INFO - Sync 1 DAGs
[2025-05-10T02:20:08.170+0000] {logging_mixin.py:190} INFO - [2025-05-10T02:20:08.170+0000] {dag.py:4180} INFO - Setting next_dagrun for dags_python_with_macro to 2025-05-09 15:10:00+00:00, run_after=2025-05-10 15:10:00+00:00
[2025-05-10T02:20:08.183+0000] {processor.py:208} INFO - Processing /opt/airflow/dags/dags_python_with_macro.py took 0.056 seconds
[2025-05-10T02:20:38.913+0000] {processor.py:186} INFO - Started process (PID=68660) to work on /opt/airflow/dags/dags_python_with_macro.py
[2025-05-10T02:20:38.914+0000] {processor.py:914} INFO - Processing file /opt/airflow/dags/dags_python_with_macro.py for tasks to queue
[2025-05-10T02:20:38.915+0000] {logging_mixin.py:190} INFO - [2025-05-10T02:20:38.914+0000] {dagbag.py:588} INFO - Filling up the DagBag from /opt/airflow/dags/dags_python_with_macro.py
[2025-05-10T02:20:38.919+0000] {processor.py:925} INFO - DAG(s) 'dags_python_with_macro' retrieved from /opt/airflow/dags/dags_python_with_macro.py
[2025-05-10T02:20:38.933+0000] {logging_mixin.py:190} INFO - [2025-05-10T02:20:38.933+0000] {dag.py:3239} INFO - Sync 1 DAGs
[2025-05-10T02:20:38.948+0000] {logging_mixin.py:190} INFO - [2025-05-10T02:20:38.947+0000] {dag.py:4180} INFO - Setting next_dagrun for dags_python_with_macro to 2025-05-09 15:10:00+00:00, run_after=2025-05-10 15:10:00+00:00
[2025-05-10T02:20:38.959+0000] {processor.py:208} INFO - Processing /opt/airflow/dags/dags_python_with_macro.py took 0.051 seconds
[2025-05-10T04:20:36.033+0000] {processor.py:186} INFO - Started process (PID=68746) to work on /opt/airflow/dags/dags_python_with_macro.py
[2025-05-10T04:20:36.047+0000] {processor.py:914} INFO - Processing file /opt/airflow/dags/dags_python_with_macro.py for tasks to queue
[2025-05-10T04:20:36.049+0000] {logging_mixin.py:190} INFO - [2025-05-10T04:20:36.048+0000] {dagbag.py:588} INFO - Filling up the DagBag from /opt/airflow/dags/dags_python_with_macro.py
[2025-05-10T04:20:36.067+0000] {processor.py:925} INFO - DAG(s) 'dags_python_with_macro' retrieved from /opt/airflow/dags/dags_python_with_macro.py
[2025-05-10T04:20:36.142+0000] {logging_mixin.py:190} INFO - [2025-05-10T04:20:36.141+0000] {dag.py:3239} INFO - Sync 1 DAGs
[2025-05-10T04:20:36.194+0000] {logging_mixin.py:190} INFO - [2025-05-10T04:20:36.193+0000] {dag.py:4180} INFO - Setting next_dagrun for dags_python_with_macro to 2025-05-09 15:10:00+00:00, run_after=2025-05-10 15:10:00+00:00
[2025-05-10T04:20:36.667+0000] {processor.py:208} INFO - Processing /opt/airflow/dags/dags_python_with_macro.py took 0.652 seconds
[2025-05-10T04:57:31.991+0000] {processor.py:186} INFO - Started process (PID=68830) to work on /opt/airflow/dags/dags_python_with_macro.py
[2025-05-10T04:57:31.992+0000] {processor.py:914} INFO - Processing file /opt/airflow/dags/dags_python_with_macro.py for tasks to queue
[2025-05-10T04:57:31.994+0000] {logging_mixin.py:190} INFO - [2025-05-10T04:57:31.993+0000] {dagbag.py:588} INFO - Filling up the DagBag from /opt/airflow/dags/dags_python_with_macro.py
[2025-05-10T04:57:32.005+0000] {processor.py:925} INFO - DAG(s) 'dags_python_with_macro' retrieved from /opt/airflow/dags/dags_python_with_macro.py
[2025-05-10T04:57:32.032+0000] {logging_mixin.py:190} INFO - [2025-05-10T04:57:32.032+0000] {dag.py:3239} INFO - Sync 1 DAGs
[2025-05-10T04:57:32.058+0000] {logging_mixin.py:190} INFO - [2025-05-10T04:57:32.058+0000] {dag.py:4180} INFO - Setting next_dagrun for dags_python_with_macro to 2025-05-09 15:10:00+00:00, run_after=2025-05-10 15:10:00+00:00
[2025-05-10T04:57:32.080+0000] {processor.py:208} INFO - Processing /opt/airflow/dags/dags_python_with_macro.py took 0.099 seconds
