[2025-05-10T00:20:04.473+0000] {processor.py:186} INFO - Started process (PID=67042) to work on /opt/airflow/dags/dags_python_show_templates.py
[2025-05-10T00:20:04.477+0000] {processor.py:914} INFO - Processing file /opt/airflow/dags/dags_python_show_templates.py for tasks to queue
[2025-05-10T00:20:04.482+0000] {logging_mixin.py:190} INFO - [2025-05-10T00:20:04.482+0000] {dagbag.py:588} INFO - Filling up the DagBag from /opt/airflow/dags/dags_python_show_templates.py
[2025-05-10T00:20:04.491+0000] {processor.py:925} INFO - DAG(s) 'dags_python_show_templates' retrieved from /opt/airflow/dags/dags_python_show_templates.py
[2025-05-10T00:20:04.886+0000] {logging_mixin.py:190} INFO - [2025-05-10T00:20:04.885+0000] {dag.py:3239} INFO - Sync 1 DAGs
[2025-05-10T00:20:04.914+0000] {logging_mixin.py:190} INFO - [2025-05-10T00:20:04.914+0000] {dag.py:4180} INFO - Setting next_dagrun for dags_python_show_templates to 2025-05-02 15:10:00+00:00, run_after=2025-06-06 15:10:00+00:00
[2025-05-10T00:20:04.935+0000] {processor.py:208} INFO - Processing /opt/airflow/dags/dags_python_show_templates.py took 0.470 seconds
[2025-05-10T01:19:40.273+0000] {processor.py:186} INFO - Started process (PID=67124) to work on /opt/airflow/dags/dags_python_show_templates.py
[2025-05-10T01:19:40.274+0000] {processor.py:914} INFO - Processing file /opt/airflow/dags/dags_python_show_templates.py for tasks to queue
[2025-05-10T01:19:40.277+0000] {logging_mixin.py:190} INFO - [2025-05-10T01:19:40.276+0000] {dagbag.py:588} INFO - Filling up the DagBag from /opt/airflow/dags/dags_python_show_templates.py
[2025-05-10T01:19:40.281+0000] {processor.py:925} INFO - DAG(s) 'dags_python_show_templates' retrieved from /opt/airflow/dags/dags_python_show_templates.py
[2025-05-10T01:19:40.295+0000] {logging_mixin.py:190} INFO - [2025-05-10T01:19:40.295+0000] {dag.py:3239} INFO - Sync 1 DAGs
[2025-05-10T01:19:40.311+0000] {logging_mixin.py:190} INFO - [2025-05-10T01:19:40.311+0000] {dag.py:4180} INFO - Setting next_dagrun for dags_python_show_templates to 2025-05-02 15:10:00+00:00, run_after=2025-06-06 15:10:00+00:00
[2025-05-10T01:19:40.326+0000] {processor.py:208} INFO - Processing /opt/airflow/dags/dags_python_show_templates.py took 0.059 seconds
[2025-05-10T01:20:11.279+0000] {processor.py:186} INFO - Started process (PID=67198) to work on /opt/airflow/dags/dags_python_show_templates.py
[2025-05-10T01:20:11.280+0000] {processor.py:914} INFO - Processing file /opt/airflow/dags/dags_python_show_templates.py for tasks to queue
[2025-05-10T01:20:11.281+0000] {logging_mixin.py:190} INFO - [2025-05-10T01:20:11.281+0000] {dagbag.py:588} INFO - Filling up the DagBag from /opt/airflow/dags/dags_python_show_templates.py
[2025-05-10T01:20:11.289+0000] {processor.py:925} INFO - DAG(s) 'dags_python_show_templates' retrieved from /opt/airflow/dags/dags_python_show_templates.py
[2025-05-10T01:20:11.314+0000] {logging_mixin.py:190} INFO - [2025-05-10T01:20:11.314+0000] {dag.py:3239} INFO - Sync 1 DAGs
[2025-05-10T01:20:11.338+0000] {logging_mixin.py:190} INFO - [2025-05-10T01:20:11.338+0000] {dag.py:4180} INFO - Setting next_dagrun for dags_python_show_templates to 2025-05-02 15:10:00+00:00, run_after=2025-06-06 15:10:00+00:00
[2025-05-10T01:20:11.355+0000] {processor.py:208} INFO - Processing /opt/airflow/dags/dags_python_show_templates.py took 0.083 seconds
[2025-05-10T01:20:41.907+0000] {processor.py:186} INFO - Started process (PID=67280) to work on /opt/airflow/dags/dags_python_show_templates.py
[2025-05-10T01:20:41.908+0000] {processor.py:914} INFO - Processing file /opt/airflow/dags/dags_python_show_templates.py for tasks to queue
[2025-05-10T01:20:41.909+0000] {logging_mixin.py:190} INFO - [2025-05-10T01:20:41.908+0000] {dagbag.py:588} INFO - Filling up the DagBag from /opt/airflow/dags/dags_python_show_templates.py
[2025-05-10T01:20:41.913+0000] {processor.py:925} INFO - DAG(s) 'dags_python_show_templates' retrieved from /opt/airflow/dags/dags_python_show_templates.py
[2025-05-10T01:20:41.928+0000] {logging_mixin.py:190} INFO - [2025-05-10T01:20:41.928+0000] {dag.py:3239} INFO - Sync 1 DAGs
[2025-05-10T01:20:41.948+0000] {logging_mixin.py:190} INFO - [2025-05-10T01:20:41.948+0000] {dag.py:4180} INFO - Setting next_dagrun for dags_python_show_templates to 2025-05-02 15:10:00+00:00, run_after=2025-06-06 15:10:00+00:00
[2025-05-10T01:20:41.966+0000] {processor.py:208} INFO - Processing /opt/airflow/dags/dags_python_show_templates.py took 0.064 seconds
[2025-05-10T01:21:12.623+0000] {processor.py:186} INFO - Started process (PID=67357) to work on /opt/airflow/dags/dags_python_show_templates.py
[2025-05-10T01:21:12.623+0000] {processor.py:914} INFO - Processing file /opt/airflow/dags/dags_python_show_templates.py for tasks to queue
[2025-05-10T01:21:12.624+0000] {logging_mixin.py:190} INFO - [2025-05-10T01:21:12.624+0000] {dagbag.py:588} INFO - Filling up the DagBag from /opt/airflow/dags/dags_python_show_templates.py
[2025-05-10T01:21:12.628+0000] {processor.py:925} INFO - DAG(s) 'dags_python_show_templates' retrieved from /opt/airflow/dags/dags_python_show_templates.py
[2025-05-10T01:21:12.641+0000] {logging_mixin.py:190} INFO - [2025-05-10T01:21:12.641+0000] {dag.py:3239} INFO - Sync 1 DAGs
[2025-05-10T01:21:12.657+0000] {logging_mixin.py:190} INFO - [2025-05-10T01:21:12.657+0000] {dag.py:4180} INFO - Setting next_dagrun for dags_python_show_templates to 2025-05-02 15:10:00+00:00, run_after=2025-06-06 15:10:00+00:00
[2025-05-10T01:21:12.670+0000] {processor.py:208} INFO - Processing /opt/airflow/dags/dags_python_show_templates.py took 0.052 seconds
[2025-05-10T01:21:43.071+0000] {processor.py:186} INFO - Started process (PID=67432) to work on /opt/airflow/dags/dags_python_show_templates.py
[2025-05-10T01:21:43.072+0000] {processor.py:914} INFO - Processing file /opt/airflow/dags/dags_python_show_templates.py for tasks to queue
[2025-05-10T01:21:43.073+0000] {logging_mixin.py:190} INFO - [2025-05-10T01:21:43.072+0000] {dagbag.py:588} INFO - Filling up the DagBag from /opt/airflow/dags/dags_python_show_templates.py
[2025-05-10T01:21:43.077+0000] {processor.py:925} INFO - DAG(s) 'dags_python_show_templates' retrieved from /opt/airflow/dags/dags_python_show_templates.py
[2025-05-10T01:21:43.091+0000] {logging_mixin.py:190} INFO - [2025-05-10T01:21:43.090+0000] {dag.py:3239} INFO - Sync 1 DAGs
[2025-05-10T01:21:43.105+0000] {logging_mixin.py:190} INFO - [2025-05-10T01:21:43.105+0000] {dag.py:4180} INFO - Setting next_dagrun for dags_python_show_templates to 2025-05-02 15:10:00+00:00, run_after=2025-06-06 15:10:00+00:00
[2025-05-10T01:21:43.117+0000] {processor.py:208} INFO - Processing /opt/airflow/dags/dags_python_show_templates.py took 0.050 seconds
[2025-05-10T01:22:13.721+0000] {processor.py:186} INFO - Started process (PID=67515) to work on /opt/airflow/dags/dags_python_show_templates.py
[2025-05-10T01:22:13.722+0000] {processor.py:914} INFO - Processing file /opt/airflow/dags/dags_python_show_templates.py for tasks to queue
[2025-05-10T01:22:13.722+0000] {logging_mixin.py:190} INFO - [2025-05-10T01:22:13.722+0000] {dagbag.py:588} INFO - Filling up the DagBag from /opt/airflow/dags/dags_python_show_templates.py
[2025-05-10T01:22:13.726+0000] {processor.py:925} INFO - DAG(s) 'dags_python_show_templates' retrieved from /opt/airflow/dags/dags_python_show_templates.py
[2025-05-10T01:22:13.741+0000] {logging_mixin.py:190} INFO - [2025-05-10T01:22:13.741+0000] {dag.py:3239} INFO - Sync 1 DAGs
[2025-05-10T01:22:13.756+0000] {logging_mixin.py:190} INFO - [2025-05-10T01:22:13.756+0000] {dag.py:4180} INFO - Setting next_dagrun for dags_python_show_templates to 2025-05-02 15:10:00+00:00, run_after=2025-06-06 15:10:00+00:00
[2025-05-10T01:22:13.769+0000] {processor.py:208} INFO - Processing /opt/airflow/dags/dags_python_show_templates.py took 0.053 seconds
[2025-05-10T01:22:44.035+0000] {processor.py:186} INFO - Started process (PID=67594) to work on /opt/airflow/dags/dags_python_show_templates.py
[2025-05-10T01:22:44.036+0000] {processor.py:914} INFO - Processing file /opt/airflow/dags/dags_python_show_templates.py for tasks to queue
[2025-05-10T01:22:44.037+0000] {logging_mixin.py:190} INFO - [2025-05-10T01:22:44.037+0000] {dagbag.py:588} INFO - Filling up the DagBag from /opt/airflow/dags/dags_python_show_templates.py
[2025-05-10T01:22:44.041+0000] {processor.py:925} INFO - DAG(s) 'dags_python_show_templates' retrieved from /opt/airflow/dags/dags_python_show_templates.py
[2025-05-10T01:22:44.054+0000] {logging_mixin.py:190} INFO - [2025-05-10T01:22:44.054+0000] {dag.py:3239} INFO - Sync 1 DAGs
[2025-05-10T01:22:44.070+0000] {logging_mixin.py:190} INFO - [2025-05-10T01:22:44.070+0000] {dag.py:4180} INFO - Setting next_dagrun for dags_python_show_templates to 2025-05-02 15:10:00+00:00, run_after=2025-06-06 15:10:00+00:00
[2025-05-10T01:22:44.081+0000] {processor.py:208} INFO - Processing /opt/airflow/dags/dags_python_show_templates.py took 0.050 seconds
[2025-05-10T01:23:14.841+0000] {processor.py:186} INFO - Started process (PID=67674) to work on /opt/airflow/dags/dags_python_show_templates.py
[2025-05-10T01:23:14.842+0000] {processor.py:914} INFO - Processing file /opt/airflow/dags/dags_python_show_templates.py for tasks to queue
[2025-05-10T01:23:14.844+0000] {logging_mixin.py:190} INFO - [2025-05-10T01:23:14.843+0000] {dagbag.py:588} INFO - Filling up the DagBag from /opt/airflow/dags/dags_python_show_templates.py
[2025-05-10T01:23:14.848+0000] {processor.py:925} INFO - DAG(s) 'dags_python_show_templates' retrieved from /opt/airflow/dags/dags_python_show_templates.py
[2025-05-10T01:23:14.862+0000] {logging_mixin.py:190} INFO - [2025-05-10T01:23:14.862+0000] {dag.py:3239} INFO - Sync 1 DAGs
[2025-05-10T01:23:14.878+0000] {logging_mixin.py:190} INFO - [2025-05-10T01:23:14.878+0000] {dag.py:4180} INFO - Setting next_dagrun for dags_python_show_templates to 2025-05-02 15:10:00+00:00, run_after=2025-06-06 15:10:00+00:00
[2025-05-10T01:23:14.890+0000] {processor.py:208} INFO - Processing /opt/airflow/dags/dags_python_show_templates.py took 0.053 seconds
[2025-05-10T01:23:45.547+0000] {processor.py:186} INFO - Started process (PID=67756) to work on /opt/airflow/dags/dags_python_show_templates.py
[2025-05-10T01:23:45.549+0000] {processor.py:914} INFO - Processing file /opt/airflow/dags/dags_python_show_templates.py for tasks to queue
[2025-05-10T01:23:45.550+0000] {logging_mixin.py:190} INFO - [2025-05-10T01:23:45.549+0000] {dagbag.py:588} INFO - Filling up the DagBag from /opt/airflow/dags/dags_python_show_templates.py
[2025-05-10T01:23:45.554+0000] {processor.py:925} INFO - DAG(s) 'dags_python_show_templates' retrieved from /opt/airflow/dags/dags_python_show_templates.py
[2025-05-10T01:23:45.567+0000] {logging_mixin.py:190} INFO - [2025-05-10T01:23:45.566+0000] {dag.py:3239} INFO - Sync 1 DAGs
[2025-05-10T01:23:45.583+0000] {logging_mixin.py:190} INFO - [2025-05-10T01:23:45.582+0000] {dag.py:4180} INFO - Setting next_dagrun for dags_python_show_templates to 2025-05-02 15:10:00+00:00, run_after=2025-06-06 15:10:00+00:00
[2025-05-10T01:23:45.594+0000] {processor.py:208} INFO - Processing /opt/airflow/dags/dags_python_show_templates.py took 0.051 seconds
[2025-05-10T01:24:16.235+0000] {processor.py:186} INFO - Started process (PID=67838) to work on /opt/airflow/dags/dags_python_show_templates.py
[2025-05-10T01:24:16.236+0000] {processor.py:914} INFO - Processing file /opt/airflow/dags/dags_python_show_templates.py for tasks to queue
[2025-05-10T01:24:16.237+0000] {logging_mixin.py:190} INFO - [2025-05-10T01:24:16.237+0000] {dagbag.py:588} INFO - Filling up the DagBag from /opt/airflow/dags/dags_python_show_templates.py
[2025-05-10T01:24:16.242+0000] {processor.py:925} INFO - DAG(s) 'dags_python_show_templates' retrieved from /opt/airflow/dags/dags_python_show_templates.py
[2025-05-10T01:24:16.256+0000] {logging_mixin.py:190} INFO - [2025-05-10T01:24:16.256+0000] {dag.py:3239} INFO - Sync 1 DAGs
[2025-05-10T01:24:16.272+0000] {logging_mixin.py:190} INFO - [2025-05-10T01:24:16.272+0000] {dag.py:4180} INFO - Setting next_dagrun for dags_python_show_templates to 2025-05-02 15:10:00+00:00, run_after=2025-06-06 15:10:00+00:00
[2025-05-10T01:24:16.284+0000] {processor.py:208} INFO - Processing /opt/airflow/dags/dags_python_show_templates.py took 0.054 seconds
[2025-05-10T01:24:47.079+0000] {processor.py:186} INFO - Started process (PID=67920) to work on /opt/airflow/dags/dags_python_show_templates.py
[2025-05-10T01:24:47.080+0000] {processor.py:914} INFO - Processing file /opt/airflow/dags/dags_python_show_templates.py for tasks to queue
[2025-05-10T01:24:47.081+0000] {logging_mixin.py:190} INFO - [2025-05-10T01:24:47.081+0000] {dagbag.py:588} INFO - Filling up the DagBag from /opt/airflow/dags/dags_python_show_templates.py
[2025-05-10T01:24:47.085+0000] {processor.py:925} INFO - DAG(s) 'dags_python_show_templates' retrieved from /opt/airflow/dags/dags_python_show_templates.py
[2025-05-10T01:24:47.099+0000] {logging_mixin.py:190} INFO - [2025-05-10T01:24:47.099+0000] {dag.py:3239} INFO - Sync 1 DAGs
[2025-05-10T01:24:47.115+0000] {logging_mixin.py:190} INFO - [2025-05-10T01:24:47.115+0000] {dag.py:4180} INFO - Setting next_dagrun for dags_python_show_templates to 2025-05-02 15:10:00+00:00, run_after=2025-06-06 15:10:00+00:00
[2025-05-10T01:24:47.127+0000] {processor.py:208} INFO - Processing /opt/airflow/dags/dags_python_show_templates.py took 0.053 seconds
[2025-05-10T01:25:17.729+0000] {processor.py:186} INFO - Started process (PID=68002) to work on /opt/airflow/dags/dags_python_show_templates.py
[2025-05-10T01:25:17.730+0000] {processor.py:914} INFO - Processing file /opt/airflow/dags/dags_python_show_templates.py for tasks to queue
[2025-05-10T01:25:17.731+0000] {logging_mixin.py:190} INFO - [2025-05-10T01:25:17.730+0000] {dagbag.py:588} INFO - Filling up the DagBag from /opt/airflow/dags/dags_python_show_templates.py
[2025-05-10T01:25:17.735+0000] {processor.py:925} INFO - DAG(s) 'dags_python_show_templates' retrieved from /opt/airflow/dags/dags_python_show_templates.py
[2025-05-10T01:25:17.748+0000] {logging_mixin.py:190} INFO - [2025-05-10T01:25:17.747+0000] {dag.py:3239} INFO - Sync 1 DAGs
[2025-05-10T01:25:17.763+0000] {logging_mixin.py:190} INFO - [2025-05-10T01:25:17.763+0000] {dag.py:4180} INFO - Setting next_dagrun for dags_python_show_templates to 2025-05-02 15:10:00+00:00, run_after=2025-06-06 15:10:00+00:00
[2025-05-10T01:25:17.776+0000] {processor.py:208} INFO - Processing /opt/airflow/dags/dags_python_show_templates.py took 0.052 seconds
[2025-05-10T01:25:48.311+0000] {processor.py:186} INFO - Started process (PID=68084) to work on /opt/airflow/dags/dags_python_show_templates.py
[2025-05-10T01:25:48.312+0000] {processor.py:914} INFO - Processing file /opt/airflow/dags/dags_python_show_templates.py for tasks to queue
[2025-05-10T01:25:48.313+0000] {logging_mixin.py:190} INFO - [2025-05-10T01:25:48.312+0000] {dagbag.py:588} INFO - Filling up the DagBag from /opt/airflow/dags/dags_python_show_templates.py
[2025-05-10T01:25:48.317+0000] {processor.py:925} INFO - DAG(s) 'dags_python_show_templates' retrieved from /opt/airflow/dags/dags_python_show_templates.py
[2025-05-10T01:25:48.331+0000] {logging_mixin.py:190} INFO - [2025-05-10T01:25:48.331+0000] {dag.py:3239} INFO - Sync 1 DAGs
[2025-05-10T01:25:48.347+0000] {logging_mixin.py:190} INFO - [2025-05-10T01:25:48.347+0000] {dag.py:4180} INFO - Setting next_dagrun for dags_python_show_templates to 2025-05-02 15:10:00+00:00, run_after=2025-06-06 15:10:00+00:00
[2025-05-10T01:25:48.361+0000] {processor.py:208} INFO - Processing /opt/airflow/dags/dags_python_show_templates.py took 0.055 seconds
[2025-05-10T01:26:18.774+0000] {processor.py:186} INFO - Started process (PID=68166) to work on /opt/airflow/dags/dags_python_show_templates.py
[2025-05-10T01:26:18.775+0000] {processor.py:914} INFO - Processing file /opt/airflow/dags/dags_python_show_templates.py for tasks to queue
[2025-05-10T01:26:18.776+0000] {logging_mixin.py:190} INFO - [2025-05-10T01:26:18.776+0000] {dagbag.py:588} INFO - Filling up the DagBag from /opt/airflow/dags/dags_python_show_templates.py
[2025-05-10T01:26:18.780+0000] {processor.py:925} INFO - DAG(s) 'dags_python_show_templates' retrieved from /opt/airflow/dags/dags_python_show_templates.py
[2025-05-10T01:26:18.794+0000] {logging_mixin.py:190} INFO - [2025-05-10T01:26:18.794+0000] {dag.py:3239} INFO - Sync 1 DAGs
[2025-05-10T01:26:18.809+0000] {logging_mixin.py:190} INFO - [2025-05-10T01:26:18.809+0000] {dag.py:4180} INFO - Setting next_dagrun for dags_python_show_templates to 2025-05-02 15:10:00+00:00, run_after=2025-06-06 15:10:00+00:00
[2025-05-10T01:26:18.820+0000] {processor.py:208} INFO - Processing /opt/airflow/dags/dags_python_show_templates.py took 0.051 seconds
[2025-05-10T01:26:49.396+0000] {processor.py:186} INFO - Started process (PID=68248) to work on /opt/airflow/dags/dags_python_show_templates.py
[2025-05-10T01:26:49.397+0000] {processor.py:914} INFO - Processing file /opt/airflow/dags/dags_python_show_templates.py for tasks to queue
[2025-05-10T01:26:49.399+0000] {logging_mixin.py:190} INFO - [2025-05-10T01:26:49.398+0000] {dagbag.py:588} INFO - Filling up the DagBag from /opt/airflow/dags/dags_python_show_templates.py
[2025-05-10T01:26:49.403+0000] {processor.py:925} INFO - DAG(s) 'dags_python_show_templates' retrieved from /opt/airflow/dags/dags_python_show_templates.py
[2025-05-10T01:26:49.416+0000] {logging_mixin.py:190} INFO - [2025-05-10T01:26:49.416+0000] {dag.py:3239} INFO - Sync 1 DAGs
[2025-05-10T01:26:49.431+0000] {logging_mixin.py:190} INFO - [2025-05-10T01:26:49.431+0000] {dag.py:4180} INFO - Setting next_dagrun for dags_python_show_templates to 2025-05-02 15:10:00+00:00, run_after=2025-06-06 15:10:00+00:00
[2025-05-10T01:26:49.442+0000] {processor.py:208} INFO - Processing /opt/airflow/dags/dags_python_show_templates.py took 0.051 seconds
[2025-05-10T02:18:37.085+0000] {processor.py:186} INFO - Started process (PID=68337) to work on /opt/airflow/dags/dags_python_show_templates.py
[2025-05-10T02:18:37.087+0000] {processor.py:914} INFO - Processing file /opt/airflow/dags/dags_python_show_templates.py for tasks to queue
[2025-05-10T02:18:37.088+0000] {logging_mixin.py:190} INFO - [2025-05-10T02:18:37.088+0000] {dagbag.py:588} INFO - Filling up the DagBag from /opt/airflow/dags/dags_python_show_templates.py
[2025-05-10T02:18:37.097+0000] {processor.py:925} INFO - DAG(s) 'dags_python_show_templates' retrieved from /opt/airflow/dags/dags_python_show_templates.py
[2025-05-10T02:18:37.126+0000] {logging_mixin.py:190} INFO - [2025-05-10T02:18:37.125+0000] {dag.py:3239} INFO - Sync 1 DAGs
[2025-05-10T02:18:37.155+0000] {logging_mixin.py:190} INFO - [2025-05-10T02:18:37.155+0000] {dag.py:4180} INFO - Setting next_dagrun for dags_python_show_templates to 2025-05-02 15:10:00+00:00, run_after=2025-06-06 15:10:00+00:00
[2025-05-10T02:18:37.181+0000] {processor.py:208} INFO - Processing /opt/airflow/dags/dags_python_show_templates.py took 0.111 seconds
[2025-05-10T02:19:07.691+0000] {processor.py:186} INFO - Started process (PID=68418) to work on /opt/airflow/dags/dags_python_show_templates.py
[2025-05-10T02:19:07.691+0000] {processor.py:914} INFO - Processing file /opt/airflow/dags/dags_python_show_templates.py for tasks to queue
[2025-05-10T02:19:07.692+0000] {logging_mixin.py:190} INFO - [2025-05-10T02:19:07.692+0000] {dagbag.py:588} INFO - Filling up the DagBag from /opt/airflow/dags/dags_python_show_templates.py
[2025-05-10T02:19:07.696+0000] {processor.py:925} INFO - DAG(s) 'dags_python_show_templates' retrieved from /opt/airflow/dags/dags_python_show_templates.py
[2025-05-10T02:19:07.712+0000] {logging_mixin.py:190} INFO - [2025-05-10T02:19:07.711+0000] {dag.py:3239} INFO - Sync 1 DAGs
[2025-05-10T02:19:07.727+0000] {logging_mixin.py:190} INFO - [2025-05-10T02:19:07.727+0000] {dag.py:4180} INFO - Setting next_dagrun for dags_python_show_templates to 2025-05-02 15:10:00+00:00, run_after=2025-06-06 15:10:00+00:00
[2025-05-10T02:19:07.740+0000] {processor.py:208} INFO - Processing /opt/airflow/dags/dags_python_show_templates.py took 0.053 seconds
[2025-05-10T02:19:37.793+0000] {processor.py:186} INFO - Started process (PID=68500) to work on /opt/airflow/dags/dags_python_show_templates.py
[2025-05-10T02:19:37.794+0000] {processor.py:914} INFO - Processing file /opt/airflow/dags/dags_python_show_templates.py for tasks to queue
[2025-05-10T02:19:37.795+0000] {logging_mixin.py:190} INFO - [2025-05-10T02:19:37.795+0000] {dagbag.py:588} INFO - Filling up the DagBag from /opt/airflow/dags/dags_python_show_templates.py
[2025-05-10T02:19:37.799+0000] {processor.py:925} INFO - DAG(s) 'dags_python_show_templates' retrieved from /opt/airflow/dags/dags_python_show_templates.py
[2025-05-10T02:19:37.812+0000] {logging_mixin.py:190} INFO - [2025-05-10T02:19:37.812+0000] {dag.py:3239} INFO - Sync 1 DAGs
[2025-05-10T02:19:37.828+0000] {logging_mixin.py:190} INFO - [2025-05-10T02:19:37.828+0000] {dag.py:4180} INFO - Setting next_dagrun for dags_python_show_templates to 2025-05-02 15:10:00+00:00, run_after=2025-06-06 15:10:00+00:00
[2025-05-10T02:19:37.839+0000] {processor.py:208} INFO - Processing /opt/airflow/dags/dags_python_show_templates.py took 0.050 seconds
[2025-05-10T02:20:08.275+0000] {processor.py:186} INFO - Started process (PID=68582) to work on /opt/airflow/dags/dags_python_show_templates.py
[2025-05-10T02:20:08.276+0000] {processor.py:914} INFO - Processing file /opt/airflow/dags/dags_python_show_templates.py for tasks to queue
[2025-05-10T02:20:08.277+0000] {logging_mixin.py:190} INFO - [2025-05-10T02:20:08.276+0000] {dagbag.py:588} INFO - Filling up the DagBag from /opt/airflow/dags/dags_python_show_templates.py
[2025-05-10T02:20:08.281+0000] {processor.py:925} INFO - DAG(s) 'dags_python_show_templates' retrieved from /opt/airflow/dags/dags_python_show_templates.py
[2025-05-10T02:20:08.295+0000] {logging_mixin.py:190} INFO - [2025-05-10T02:20:08.294+0000] {dag.py:3239} INFO - Sync 1 DAGs
[2025-05-10T02:20:08.310+0000] {logging_mixin.py:190} INFO - [2025-05-10T02:20:08.310+0000] {dag.py:4180} INFO - Setting next_dagrun for dags_python_show_templates to 2025-05-02 15:10:00+00:00, run_after=2025-06-06 15:10:00+00:00
[2025-05-10T02:20:08.320+0000] {processor.py:208} INFO - Processing /opt/airflow/dags/dags_python_show_templates.py took 0.050 seconds
[2025-05-10T02:20:39.046+0000] {processor.py:186} INFO - Started process (PID=68664) to work on /opt/airflow/dags/dags_python_show_templates.py
[2025-05-10T02:20:39.046+0000] {processor.py:914} INFO - Processing file /opt/airflow/dags/dags_python_show_templates.py for tasks to queue
[2025-05-10T02:20:39.047+0000] {logging_mixin.py:190} INFO - [2025-05-10T02:20:39.047+0000] {dagbag.py:588} INFO - Filling up the DagBag from /opt/airflow/dags/dags_python_show_templates.py
[2025-05-10T02:20:39.052+0000] {processor.py:925} INFO - DAG(s) 'dags_python_show_templates' retrieved from /opt/airflow/dags/dags_python_show_templates.py
[2025-05-10T02:20:39.065+0000] {logging_mixin.py:190} INFO - [2025-05-10T02:20:39.065+0000] {dag.py:3239} INFO - Sync 1 DAGs
[2025-05-10T02:20:39.080+0000] {logging_mixin.py:190} INFO - [2025-05-10T02:20:39.080+0000] {dag.py:4180} INFO - Setting next_dagrun for dags_python_show_templates to 2025-05-02 15:10:00+00:00, run_after=2025-06-06 15:10:00+00:00
[2025-05-10T02:20:39.091+0000] {processor.py:208} INFO - Processing /opt/airflow/dags/dags_python_show_templates.py took 0.049 seconds
[2025-05-10T04:20:36.902+0000] {processor.py:186} INFO - Started process (PID=68750) to work on /opt/airflow/dags/dags_python_show_templates.py
[2025-05-10T04:20:36.903+0000] {processor.py:914} INFO - Processing file /opt/airflow/dags/dags_python_show_templates.py for tasks to queue
[2025-05-10T04:20:36.905+0000] {logging_mixin.py:190} INFO - [2025-05-10T04:20:36.904+0000] {dagbag.py:588} INFO - Filling up the DagBag from /opt/airflow/dags/dags_python_show_templates.py
[2025-05-10T04:20:36.912+0000] {processor.py:925} INFO - DAG(s) 'dags_python_show_templates' retrieved from /opt/airflow/dags/dags_python_show_templates.py
[2025-05-10T04:20:36.940+0000] {logging_mixin.py:190} INFO - [2025-05-10T04:20:36.940+0000] {dag.py:3239} INFO - Sync 1 DAGs
[2025-05-10T04:20:36.965+0000] {logging_mixin.py:190} INFO - [2025-05-10T04:20:36.964+0000] {dag.py:4180} INFO - Setting next_dagrun for dags_python_show_templates to 2025-05-02 15:10:00+00:00, run_after=2025-06-06 15:10:00+00:00
[2025-05-10T04:20:36.986+0000] {processor.py:208} INFO - Processing /opt/airflow/dags/dags_python_show_templates.py took 0.092 seconds
[2025-05-10T04:57:32.231+0000] {processor.py:186} INFO - Started process (PID=68834) to work on /opt/airflow/dags/dags_python_show_templates.py
[2025-05-10T04:57:32.232+0000] {processor.py:914} INFO - Processing file /opt/airflow/dags/dags_python_show_templates.py for tasks to queue
[2025-05-10T04:57:32.234+0000] {logging_mixin.py:190} INFO - [2025-05-10T04:57:32.233+0000] {dagbag.py:588} INFO - Filling up the DagBag from /opt/airflow/dags/dags_python_show_templates.py
[2025-05-10T04:57:32.241+0000] {processor.py:925} INFO - DAG(s) 'dags_python_show_templates' retrieved from /opt/airflow/dags/dags_python_show_templates.py
[2025-05-10T04:57:32.263+0000] {logging_mixin.py:190} INFO - [2025-05-10T04:57:32.263+0000] {dag.py:3239} INFO - Sync 1 DAGs
[2025-05-10T04:57:32.286+0000] {logging_mixin.py:190} INFO - [2025-05-10T04:57:32.285+0000] {dag.py:4180} INFO - Setting next_dagrun for dags_python_show_templates to 2025-05-02 15:10:00+00:00, run_after=2025-06-06 15:10:00+00:00
[2025-05-10T04:57:32.304+0000] {processor.py:208} INFO - Processing /opt/airflow/dags/dags_python_show_templates.py took 0.081 seconds
