[2025-05-10T00:20:04.971+0000] {processor.py:186} INFO - Started process (PID=67044) to work on /opt/airflow/dags/dags_python_with_op_kwargs.py
[2025-05-10T00:20:04.971+0000] {processor.py:914} INFO - Processing file /opt/airflow/dags/dags_python_with_op_kwargs.py for tasks to queue
[2025-05-10T00:20:04.973+0000] {logging_mixin.py:190} INFO - [2025-05-10T00:20:04.972+0000] {dagbag.py:588} INFO - Filling up the DagBag from /opt/airflow/dags/dags_python_with_op_kwargs.py
[2025-05-10T00:20:04.979+0000] {processor.py:925} INFO - DAG(s) 'dags_python_with_op_kwargs' retrieved from /opt/airflow/dags/dags_python_with_op_kwargs.py
[2025-05-10T00:20:05.197+0000] {logging_mixin.py:190} INFO - [2025-05-10T00:20:05.197+0000] {dag.py:3239} INFO - Sync 1 DAGs
[2025-05-10T00:20:05.219+0000] {logging_mixin.py:190} INFO - [2025-05-10T00:20:05.219+0000] {dag.py:4180} INFO - Setting next_dagrun for dags_python_with_op_kwargs to 2025-05-04 17:00:00+00:00, run_after=2025-05-11 17:00:00+00:00
[2025-05-10T00:20:05.241+0000] {processor.py:208} INFO - Processing /opt/airflow/dags/dags_python_with_op_kwargs.py took 0.276 seconds
[2025-05-10T01:19:40.351+0000] {processor.py:186} INFO - Started process (PID=67126) to work on /opt/airflow/dags/dags_python_with_op_kwargs.py
[2025-05-10T01:19:40.352+0000] {processor.py:914} INFO - Processing file /opt/airflow/dags/dags_python_with_op_kwargs.py for tasks to queue
[2025-05-10T01:19:40.353+0000] {logging_mixin.py:190} INFO - [2025-05-10T01:19:40.353+0000] {dagbag.py:588} INFO - Filling up the DagBag from /opt/airflow/dags/dags_python_with_op_kwargs.py
[2025-05-10T01:19:40.358+0000] {processor.py:925} INFO - DAG(s) 'dags_python_with_op_kwargs' retrieved from /opt/airflow/dags/dags_python_with_op_kwargs.py
[2025-05-10T01:19:40.373+0000] {logging_mixin.py:190} INFO - [2025-05-10T01:19:40.373+0000] {dag.py:3239} INFO - Sync 1 DAGs
[2025-05-10T01:19:40.394+0000] {logging_mixin.py:190} INFO - [2025-05-10T01:19:40.394+0000] {dag.py:4180} INFO - Setting next_dagrun for dags_python_with_op_kwargs to 2025-05-04 17:00:00+00:00, run_after=2025-05-11 17:00:00+00:00
[2025-05-10T01:19:40.411+0000] {processor.py:208} INFO - Processing /opt/airflow/dags/dags_python_with_op_kwargs.py took 0.066 seconds
[2025-05-10T01:20:11.374+0000] {processor.py:186} INFO - Started process (PID=67200) to work on /opt/airflow/dags/dags_python_with_op_kwargs.py
[2025-05-10T01:20:11.375+0000] {processor.py:914} INFO - Processing file /opt/airflow/dags/dags_python_with_op_kwargs.py for tasks to queue
[2025-05-10T01:20:11.376+0000] {logging_mixin.py:190} INFO - [2025-05-10T01:20:11.376+0000] {dagbag.py:588} INFO - Filling up the DagBag from /opt/airflow/dags/dags_python_with_op_kwargs.py
[2025-05-10T01:20:11.382+0000] {processor.py:925} INFO - DAG(s) 'dags_python_with_op_kwargs' retrieved from /opt/airflow/dags/dags_python_with_op_kwargs.py
[2025-05-10T01:20:11.401+0000] {logging_mixin.py:190} INFO - [2025-05-10T01:20:11.401+0000] {dag.py:3239} INFO - Sync 1 DAGs
[2025-05-10T01:20:11.420+0000] {logging_mixin.py:190} INFO - [2025-05-10T01:20:11.419+0000] {dag.py:4180} INFO - Setting next_dagrun for dags_python_with_op_kwargs to 2025-05-04 17:00:00+00:00, run_after=2025-05-11 17:00:00+00:00
[2025-05-10T01:20:11.434+0000] {processor.py:208} INFO - Processing /opt/airflow/dags/dags_python_with_op_kwargs.py took 0.065 seconds
[2025-05-10T01:20:41.990+0000] {processor.py:186} INFO - Started process (PID=67282) to work on /opt/airflow/dags/dags_python_with_op_kwargs.py
[2025-05-10T01:20:41.991+0000] {processor.py:914} INFO - Processing file /opt/airflow/dags/dags_python_with_op_kwargs.py for tasks to queue
[2025-05-10T01:20:41.992+0000] {logging_mixin.py:190} INFO - [2025-05-10T01:20:41.991+0000] {dagbag.py:588} INFO - Filling up the DagBag from /opt/airflow/dags/dags_python_with_op_kwargs.py
[2025-05-10T01:20:41.996+0000] {processor.py:925} INFO - DAG(s) 'dags_python_with_op_kwargs' retrieved from /opt/airflow/dags/dags_python_with_op_kwargs.py
[2025-05-10T01:20:42.013+0000] {logging_mixin.py:190} INFO - [2025-05-10T01:20:42.012+0000] {dag.py:3239} INFO - Sync 1 DAGs
[2025-05-10T01:20:42.031+0000] {logging_mixin.py:190} INFO - [2025-05-10T01:20:42.030+0000] {dag.py:4180} INFO - Setting next_dagrun for dags_python_with_op_kwargs to 2025-05-04 17:00:00+00:00, run_after=2025-05-11 17:00:00+00:00
[2025-05-10T01:20:42.048+0000] {processor.py:208} INFO - Processing /opt/airflow/dags/dags_python_with_op_kwargs.py took 0.063 seconds
[2025-05-10T01:21:12.692+0000] {processor.py:186} INFO - Started process (PID=67359) to work on /opt/airflow/dags/dags_python_with_op_kwargs.py
[2025-05-10T01:21:12.692+0000] {processor.py:914} INFO - Processing file /opt/airflow/dags/dags_python_with_op_kwargs.py for tasks to queue
[2025-05-10T01:21:12.693+0000] {logging_mixin.py:190} INFO - [2025-05-10T01:21:12.693+0000] {dagbag.py:588} INFO - Filling up the DagBag from /opt/airflow/dags/dags_python_with_op_kwargs.py
[2025-05-10T01:21:12.697+0000] {processor.py:925} INFO - DAG(s) 'dags_python_with_op_kwargs' retrieved from /opt/airflow/dags/dags_python_with_op_kwargs.py
[2025-05-10T01:21:12.711+0000] {logging_mixin.py:190} INFO - [2025-05-10T01:21:12.710+0000] {dag.py:3239} INFO - Sync 1 DAGs
[2025-05-10T01:21:12.727+0000] {logging_mixin.py:190} INFO - [2025-05-10T01:21:12.727+0000] {dag.py:4180} INFO - Setting next_dagrun for dags_python_with_op_kwargs to 2025-05-04 17:00:00+00:00, run_after=2025-05-11 17:00:00+00:00
[2025-05-10T01:21:12.741+0000] {processor.py:208} INFO - Processing /opt/airflow/dags/dags_python_with_op_kwargs.py took 0.053 seconds
[2025-05-10T01:21:43.136+0000] {processor.py:186} INFO - Started process (PID=67434) to work on /opt/airflow/dags/dags_python_with_op_kwargs.py
[2025-05-10T01:21:43.137+0000] {processor.py:914} INFO - Processing file /opt/airflow/dags/dags_python_with_op_kwargs.py for tasks to queue
[2025-05-10T01:21:43.138+0000] {logging_mixin.py:190} INFO - [2025-05-10T01:21:43.138+0000] {dagbag.py:588} INFO - Filling up the DagBag from /opt/airflow/dags/dags_python_with_op_kwargs.py
[2025-05-10T01:21:43.142+0000] {processor.py:925} INFO - DAG(s) 'dags_python_with_op_kwargs' retrieved from /opt/airflow/dags/dags_python_with_op_kwargs.py
[2025-05-10T01:21:43.155+0000] {logging_mixin.py:190} INFO - [2025-05-10T01:21:43.155+0000] {dag.py:3239} INFO - Sync 1 DAGs
[2025-05-10T01:21:43.170+0000] {logging_mixin.py:190} INFO - [2025-05-10T01:21:43.170+0000] {dag.py:4180} INFO - Setting next_dagrun for dags_python_with_op_kwargs to 2025-05-04 17:00:00+00:00, run_after=2025-05-11 17:00:00+00:00
[2025-05-10T01:21:43.180+0000] {processor.py:208} INFO - Processing /opt/airflow/dags/dags_python_with_op_kwargs.py took 0.049 seconds
[2025-05-10T01:22:13.846+0000] {processor.py:186} INFO - Started process (PID=67517) to work on /opt/airflow/dags/dags_python_with_op_kwargs.py
[2025-05-10T01:22:13.847+0000] {processor.py:914} INFO - Processing file /opt/airflow/dags/dags_python_with_op_kwargs.py for tasks to queue
[2025-05-10T01:22:13.847+0000] {logging_mixin.py:190} INFO - [2025-05-10T01:22:13.847+0000] {dagbag.py:588} INFO - Filling up the DagBag from /opt/airflow/dags/dags_python_with_op_kwargs.py
[2025-05-10T01:22:13.852+0000] {processor.py:925} INFO - DAG(s) 'dags_python_with_op_kwargs' retrieved from /opt/airflow/dags/dags_python_with_op_kwargs.py
[2025-05-10T01:22:13.866+0000] {logging_mixin.py:190} INFO - [2025-05-10T01:22:13.866+0000] {dag.py:3239} INFO - Sync 1 DAGs
[2025-05-10T01:22:13.882+0000] {logging_mixin.py:190} INFO - [2025-05-10T01:22:13.882+0000] {dag.py:4180} INFO - Setting next_dagrun for dags_python_with_op_kwargs to 2025-05-04 17:00:00+00:00, run_after=2025-05-11 17:00:00+00:00
[2025-05-10T01:22:13.894+0000] {processor.py:208} INFO - Processing /opt/airflow/dags/dags_python_with_op_kwargs.py took 0.053 seconds
[2025-05-10T01:22:44.592+0000] {processor.py:186} INFO - Started process (PID=67599) to work on /opt/airflow/dags/dags_python_with_op_kwargs.py
[2025-05-10T01:22:44.593+0000] {processor.py:914} INFO - Processing file /opt/airflow/dags/dags_python_with_op_kwargs.py for tasks to queue
[2025-05-10T01:22:44.594+0000] {logging_mixin.py:190} INFO - [2025-05-10T01:22:44.594+0000] {dagbag.py:588} INFO - Filling up the DagBag from /opt/airflow/dags/dags_python_with_op_kwargs.py
[2025-05-10T01:22:44.598+0000] {processor.py:925} INFO - DAG(s) 'dags_python_with_op_kwargs' retrieved from /opt/airflow/dags/dags_python_with_op_kwargs.py
[2025-05-10T01:22:44.612+0000] {logging_mixin.py:190} INFO - [2025-05-10T01:22:44.612+0000] {dag.py:3239} INFO - Sync 1 DAGs
[2025-05-10T01:22:44.627+0000] {logging_mixin.py:190} INFO - [2025-05-10T01:22:44.627+0000] {dag.py:4180} INFO - Setting next_dagrun for dags_python_with_op_kwargs to 2025-05-04 17:00:00+00:00, run_after=2025-05-11 17:00:00+00:00
[2025-05-10T01:22:44.639+0000] {processor.py:208} INFO - Processing /opt/airflow/dags/dags_python_with_op_kwargs.py took 0.052 seconds
[2025-05-10T01:23:15.443+0000] {processor.py:186} INFO - Started process (PID=67681) to work on /opt/airflow/dags/dags_python_with_op_kwargs.py
[2025-05-10T01:23:15.444+0000] {processor.py:914} INFO - Processing file /opt/airflow/dags/dags_python_with_op_kwargs.py for tasks to queue
[2025-05-10T01:23:15.445+0000] {logging_mixin.py:190} INFO - [2025-05-10T01:23:15.445+0000] {dagbag.py:588} INFO - Filling up the DagBag from /opt/airflow/dags/dags_python_with_op_kwargs.py
[2025-05-10T01:23:15.450+0000] {processor.py:925} INFO - DAG(s) 'dags_python_with_op_kwargs' retrieved from /opt/airflow/dags/dags_python_with_op_kwargs.py
[2025-05-10T01:23:15.465+0000] {logging_mixin.py:190} INFO - [2025-05-10T01:23:15.464+0000] {dag.py:3239} INFO - Sync 1 DAGs
[2025-05-10T01:23:15.481+0000] {logging_mixin.py:190} INFO - [2025-05-10T01:23:15.481+0000] {dag.py:4180} INFO - Setting next_dagrun for dags_python_with_op_kwargs to 2025-05-04 17:00:00+00:00, run_after=2025-05-11 17:00:00+00:00
[2025-05-10T01:23:15.492+0000] {processor.py:208} INFO - Processing /opt/airflow/dags/dags_python_with_op_kwargs.py took 0.054 seconds
[2025-05-10T01:23:45.752+0000] {processor.py:186} INFO - Started process (PID=67760) to work on /opt/airflow/dags/dags_python_with_op_kwargs.py
[2025-05-10T01:23:45.753+0000] {processor.py:914} INFO - Processing file /opt/airflow/dags/dags_python_with_op_kwargs.py for tasks to queue
[2025-05-10T01:23:45.753+0000] {logging_mixin.py:190} INFO - [2025-05-10T01:23:45.753+0000] {dagbag.py:588} INFO - Filling up the DagBag from /opt/airflow/dags/dags_python_with_op_kwargs.py
[2025-05-10T01:23:45.758+0000] {processor.py:925} INFO - DAG(s) 'dags_python_with_op_kwargs' retrieved from /opt/airflow/dags/dags_python_with_op_kwargs.py
[2025-05-10T01:23:45.772+0000] {logging_mixin.py:190} INFO - [2025-05-10T01:23:45.771+0000] {dag.py:3239} INFO - Sync 1 DAGs
[2025-05-10T01:23:45.788+0000] {logging_mixin.py:190} INFO - [2025-05-10T01:23:45.788+0000] {dag.py:4180} INFO - Setting next_dagrun for dags_python_with_op_kwargs to 2025-05-04 17:00:00+00:00, run_after=2025-05-11 17:00:00+00:00
[2025-05-10T01:23:45.801+0000] {processor.py:208} INFO - Processing /opt/airflow/dags/dags_python_with_op_kwargs.py took 0.054 seconds
[2025-05-10T01:24:16.306+0000] {processor.py:186} INFO - Started process (PID=67840) to work on /opt/airflow/dags/dags_python_with_op_kwargs.py
[2025-05-10T01:24:16.307+0000] {processor.py:914} INFO - Processing file /opt/airflow/dags/dags_python_with_op_kwargs.py for tasks to queue
[2025-05-10T01:24:16.309+0000] {logging_mixin.py:190} INFO - [2025-05-10T01:24:16.308+0000] {dagbag.py:588} INFO - Filling up the DagBag from /opt/airflow/dags/dags_python_with_op_kwargs.py
[2025-05-10T01:24:16.313+0000] {processor.py:925} INFO - DAG(s) 'dags_python_with_op_kwargs' retrieved from /opt/airflow/dags/dags_python_with_op_kwargs.py
[2025-05-10T01:24:16.327+0000] {logging_mixin.py:190} INFO - [2025-05-10T01:24:16.327+0000] {dag.py:3239} INFO - Sync 1 DAGs
[2025-05-10T01:24:16.343+0000] {logging_mixin.py:190} INFO - [2025-05-10T01:24:16.343+0000] {dag.py:4180} INFO - Setting next_dagrun for dags_python_with_op_kwargs to 2025-05-04 17:00:00+00:00, run_after=2025-05-11 17:00:00+00:00
[2025-05-10T01:24:16.357+0000] {processor.py:208} INFO - Processing /opt/airflow/dags/dags_python_with_op_kwargs.py took 0.055 seconds
[2025-05-10T01:24:47.149+0000] {processor.py:186} INFO - Started process (PID=67922) to work on /opt/airflow/dags/dags_python_with_op_kwargs.py
[2025-05-10T01:24:47.150+0000] {processor.py:914} INFO - Processing file /opt/airflow/dags/dags_python_with_op_kwargs.py for tasks to queue
[2025-05-10T01:24:47.151+0000] {logging_mixin.py:190} INFO - [2025-05-10T01:24:47.151+0000] {dagbag.py:588} INFO - Filling up the DagBag from /opt/airflow/dags/dags_python_with_op_kwargs.py
[2025-05-10T01:24:47.155+0000] {processor.py:925} INFO - DAG(s) 'dags_python_with_op_kwargs' retrieved from /opt/airflow/dags/dags_python_with_op_kwargs.py
[2025-05-10T01:24:47.169+0000] {logging_mixin.py:190} INFO - [2025-05-10T01:24:47.169+0000] {dag.py:3239} INFO - Sync 1 DAGs
[2025-05-10T01:24:47.184+0000] {logging_mixin.py:190} INFO - [2025-05-10T01:24:47.184+0000] {dag.py:4180} INFO - Setting next_dagrun for dags_python_with_op_kwargs to 2025-05-04 17:00:00+00:00, run_after=2025-05-11 17:00:00+00:00
[2025-05-10T01:24:47.197+0000] {processor.py:208} INFO - Processing /opt/airflow/dags/dags_python_with_op_kwargs.py took 0.052 seconds
[2025-05-10T01:25:17.798+0000] {processor.py:186} INFO - Started process (PID=68004) to work on /opt/airflow/dags/dags_python_with_op_kwargs.py
[2025-05-10T01:25:17.799+0000] {processor.py:914} INFO - Processing file /opt/airflow/dags/dags_python_with_op_kwargs.py for tasks to queue
[2025-05-10T01:25:17.800+0000] {logging_mixin.py:190} INFO - [2025-05-10T01:25:17.800+0000] {dagbag.py:588} INFO - Filling up the DagBag from /opt/airflow/dags/dags_python_with_op_kwargs.py
[2025-05-10T01:25:17.804+0000] {processor.py:925} INFO - DAG(s) 'dags_python_with_op_kwargs' retrieved from /opt/airflow/dags/dags_python_with_op_kwargs.py
[2025-05-10T01:25:17.818+0000] {logging_mixin.py:190} INFO - [2025-05-10T01:25:17.818+0000] {dag.py:3239} INFO - Sync 1 DAGs
[2025-05-10T01:25:17.833+0000] {logging_mixin.py:190} INFO - [2025-05-10T01:25:17.833+0000] {dag.py:4180} INFO - Setting next_dagrun for dags_python_with_op_kwargs to 2025-05-04 17:00:00+00:00, run_after=2025-05-11 17:00:00+00:00
[2025-05-10T01:25:17.845+0000] {processor.py:208} INFO - Processing /opt/airflow/dags/dags_python_with_op_kwargs.py took 0.052 seconds
[2025-05-10T01:25:48.383+0000] {processor.py:186} INFO - Started process (PID=68086) to work on /opt/airflow/dags/dags_python_with_op_kwargs.py
[2025-05-10T01:25:48.384+0000] {processor.py:914} INFO - Processing file /opt/airflow/dags/dags_python_with_op_kwargs.py for tasks to queue
[2025-05-10T01:25:48.385+0000] {logging_mixin.py:190} INFO - [2025-05-10T01:25:48.385+0000] {dagbag.py:588} INFO - Filling up the DagBag from /opt/airflow/dags/dags_python_with_op_kwargs.py
[2025-05-10T01:25:48.390+0000] {processor.py:925} INFO - DAG(s) 'dags_python_with_op_kwargs' retrieved from /opt/airflow/dags/dags_python_with_op_kwargs.py
[2025-05-10T01:25:48.403+0000] {logging_mixin.py:190} INFO - [2025-05-10T01:25:48.403+0000] {dag.py:3239} INFO - Sync 1 DAGs
[2025-05-10T01:25:48.419+0000] {logging_mixin.py:190} INFO - [2025-05-10T01:25:48.419+0000] {dag.py:4180} INFO - Setting next_dagrun for dags_python_with_op_kwargs to 2025-05-04 17:00:00+00:00, run_after=2025-05-11 17:00:00+00:00
[2025-05-10T01:25:48.433+0000] {processor.py:208} INFO - Processing /opt/airflow/dags/dags_python_with_op_kwargs.py took 0.054 seconds
[2025-05-10T01:26:18.843+0000] {processor.py:186} INFO - Started process (PID=68168) to work on /opt/airflow/dags/dags_python_with_op_kwargs.py
[2025-05-10T01:26:18.844+0000] {processor.py:914} INFO - Processing file /opt/airflow/dags/dags_python_with_op_kwargs.py for tasks to queue
[2025-05-10T01:26:18.845+0000] {logging_mixin.py:190} INFO - [2025-05-10T01:26:18.845+0000] {dagbag.py:588} INFO - Filling up the DagBag from /opt/airflow/dags/dags_python_with_op_kwargs.py
[2025-05-10T01:26:18.849+0000] {processor.py:925} INFO - DAG(s) 'dags_python_with_op_kwargs' retrieved from /opt/airflow/dags/dags_python_with_op_kwargs.py
[2025-05-10T01:26:18.864+0000] {logging_mixin.py:190} INFO - [2025-05-10T01:26:18.864+0000] {dag.py:3239} INFO - Sync 1 DAGs
[2025-05-10T01:26:18.879+0000] {logging_mixin.py:190} INFO - [2025-05-10T01:26:18.879+0000] {dag.py:4180} INFO - Setting next_dagrun for dags_python_with_op_kwargs to 2025-05-04 17:00:00+00:00, run_after=2025-05-11 17:00:00+00:00
[2025-05-10T01:26:18.890+0000] {processor.py:208} INFO - Processing /opt/airflow/dags/dags_python_with_op_kwargs.py took 0.053 seconds
[2025-05-10T01:26:49.464+0000] {processor.py:186} INFO - Started process (PID=68250) to work on /opt/airflow/dags/dags_python_with_op_kwargs.py
[2025-05-10T01:26:49.465+0000] {processor.py:914} INFO - Processing file /opt/airflow/dags/dags_python_with_op_kwargs.py for tasks to queue
[2025-05-10T01:26:49.466+0000] {logging_mixin.py:190} INFO - [2025-05-10T01:26:49.466+0000] {dagbag.py:588} INFO - Filling up the DagBag from /opt/airflow/dags/dags_python_with_op_kwargs.py
[2025-05-10T01:26:49.471+0000] {processor.py:925} INFO - DAG(s) 'dags_python_with_op_kwargs' retrieved from /opt/airflow/dags/dags_python_with_op_kwargs.py
[2025-05-10T01:26:49.484+0000] {logging_mixin.py:190} INFO - [2025-05-10T01:26:49.484+0000] {dag.py:3239} INFO - Sync 1 DAGs
[2025-05-10T01:26:49.499+0000] {logging_mixin.py:190} INFO - [2025-05-10T01:26:49.499+0000] {dag.py:4180} INFO - Setting next_dagrun for dags_python_with_op_kwargs to 2025-05-04 17:00:00+00:00, run_after=2025-05-11 17:00:00+00:00
[2025-05-10T01:26:49.510+0000] {processor.py:208} INFO - Processing /opt/airflow/dags/dags_python_with_op_kwargs.py took 0.051 seconds
[2025-05-10T02:18:37.222+0000] {processor.py:186} INFO - Started process (PID=68339) to work on /opt/airflow/dags/dags_python_with_op_kwargs.py
[2025-05-10T02:18:37.224+0000] {processor.py:914} INFO - Processing file /opt/airflow/dags/dags_python_with_op_kwargs.py for tasks to queue
[2025-05-10T02:18:37.226+0000] {logging_mixin.py:190} INFO - [2025-05-10T02:18:37.225+0000] {dagbag.py:588} INFO - Filling up the DagBag from /opt/airflow/dags/dags_python_with_op_kwargs.py
[2025-05-10T02:18:37.234+0000] {processor.py:925} INFO - DAG(s) 'dags_python_with_op_kwargs' retrieved from /opt/airflow/dags/dags_python_with_op_kwargs.py
[2025-05-10T02:18:37.258+0000] {logging_mixin.py:190} INFO - [2025-05-10T02:18:37.258+0000] {dag.py:3239} INFO - Sync 1 DAGs
[2025-05-10T02:18:37.291+0000] {logging_mixin.py:190} INFO - [2025-05-10T02:18:37.291+0000] {dag.py:4180} INFO - Setting next_dagrun for dags_python_with_op_kwargs to 2025-05-04 17:00:00+00:00, run_after=2025-05-11 17:00:00+00:00
[2025-05-10T02:18:37.312+0000] {processor.py:208} INFO - Processing /opt/airflow/dags/dags_python_with_op_kwargs.py took 0.101 seconds
[2025-05-10T02:19:07.763+0000] {processor.py:186} INFO - Started process (PID=68420) to work on /opt/airflow/dags/dags_python_with_op_kwargs.py
[2025-05-10T02:19:07.763+0000] {processor.py:914} INFO - Processing file /opt/airflow/dags/dags_python_with_op_kwargs.py for tasks to queue
[2025-05-10T02:19:07.764+0000] {logging_mixin.py:190} INFO - [2025-05-10T02:19:07.764+0000] {dagbag.py:588} INFO - Filling up the DagBag from /opt/airflow/dags/dags_python_with_op_kwargs.py
[2025-05-10T02:19:07.769+0000] {processor.py:925} INFO - DAG(s) 'dags_python_with_op_kwargs' retrieved from /opt/airflow/dags/dags_python_with_op_kwargs.py
[2025-05-10T02:19:07.782+0000] {logging_mixin.py:190} INFO - [2025-05-10T02:19:07.782+0000] {dag.py:3239} INFO - Sync 1 DAGs
[2025-05-10T02:19:07.799+0000] {logging_mixin.py:190} INFO - [2025-05-10T02:19:07.798+0000] {dag.py:4180} INFO - Setting next_dagrun for dags_python_with_op_kwargs to 2025-05-04 17:00:00+00:00, run_after=2025-05-11 17:00:00+00:00
[2025-05-10T02:19:07.810+0000] {processor.py:208} INFO - Processing /opt/airflow/dags/dags_python_with_op_kwargs.py took 0.052 seconds
[2025-05-10T02:19:37.860+0000] {processor.py:186} INFO - Started process (PID=68502) to work on /opt/airflow/dags/dags_python_with_op_kwargs.py
[2025-05-10T02:19:37.861+0000] {processor.py:914} INFO - Processing file /opt/airflow/dags/dags_python_with_op_kwargs.py for tasks to queue
[2025-05-10T02:19:37.862+0000] {logging_mixin.py:190} INFO - [2025-05-10T02:19:37.861+0000] {dagbag.py:588} INFO - Filling up the DagBag from /opt/airflow/dags/dags_python_with_op_kwargs.py
[2025-05-10T02:19:37.866+0000] {processor.py:925} INFO - DAG(s) 'dags_python_with_op_kwargs' retrieved from /opt/airflow/dags/dags_python_with_op_kwargs.py
[2025-05-10T02:19:37.879+0000] {logging_mixin.py:190} INFO - [2025-05-10T02:19:37.879+0000] {dag.py:3239} INFO - Sync 1 DAGs
[2025-05-10T02:19:37.894+0000] {logging_mixin.py:190} INFO - [2025-05-10T02:19:37.894+0000] {dag.py:4180} INFO - Setting next_dagrun for dags_python_with_op_kwargs to 2025-05-04 17:00:00+00:00, run_after=2025-05-11 17:00:00+00:00
[2025-05-10T02:19:37.905+0000] {processor.py:208} INFO - Processing /opt/airflow/dags/dags_python_with_op_kwargs.py took 0.049 seconds
[2025-05-10T02:20:08.341+0000] {processor.py:186} INFO - Started process (PID=68584) to work on /opt/airflow/dags/dags_python_with_op_kwargs.py
[2025-05-10T02:20:08.342+0000] {processor.py:914} INFO - Processing file /opt/airflow/dags/dags_python_with_op_kwargs.py for tasks to queue
[2025-05-10T02:20:08.343+0000] {logging_mixin.py:190} INFO - [2025-05-10T02:20:08.343+0000] {dagbag.py:588} INFO - Filling up the DagBag from /opt/airflow/dags/dags_python_with_op_kwargs.py
[2025-05-10T02:20:08.347+0000] {processor.py:925} INFO - DAG(s) 'dags_python_with_op_kwargs' retrieved from /opt/airflow/dags/dags_python_with_op_kwargs.py
[2025-05-10T02:20:08.361+0000] {logging_mixin.py:190} INFO - [2025-05-10T02:20:08.361+0000] {dag.py:3239} INFO - Sync 1 DAGs
[2025-05-10T02:20:08.376+0000] {logging_mixin.py:190} INFO - [2025-05-10T02:20:08.376+0000] {dag.py:4180} INFO - Setting next_dagrun for dags_python_with_op_kwargs to 2025-05-04 17:00:00+00:00, run_after=2025-05-11 17:00:00+00:00
[2025-05-10T02:20:08.387+0000] {processor.py:208} INFO - Processing /opt/airflow/dags/dags_python_with_op_kwargs.py took 0.050 seconds
[2025-05-10T02:20:39.113+0000] {processor.py:186} INFO - Started process (PID=68666) to work on /opt/airflow/dags/dags_python_with_op_kwargs.py
[2025-05-10T02:20:39.114+0000] {processor.py:914} INFO - Processing file /opt/airflow/dags/dags_python_with_op_kwargs.py for tasks to queue
[2025-05-10T02:20:39.115+0000] {logging_mixin.py:190} INFO - [2025-05-10T02:20:39.115+0000] {dagbag.py:588} INFO - Filling up the DagBag from /opt/airflow/dags/dags_python_with_op_kwargs.py
[2025-05-10T02:20:39.119+0000] {processor.py:925} INFO - DAG(s) 'dags_python_with_op_kwargs' retrieved from /opt/airflow/dags/dags_python_with_op_kwargs.py
[2025-05-10T02:20:39.133+0000] {logging_mixin.py:190} INFO - [2025-05-10T02:20:39.133+0000] {dag.py:3239} INFO - Sync 1 DAGs
[2025-05-10T02:20:39.151+0000] {logging_mixin.py:190} INFO - [2025-05-10T02:20:39.151+0000] {dag.py:4180} INFO - Setting next_dagrun for dags_python_with_op_kwargs to 2025-05-04 17:00:00+00:00, run_after=2025-05-11 17:00:00+00:00
[2025-05-10T02:20:39.166+0000] {processor.py:208} INFO - Processing /opt/airflow/dags/dags_python_with_op_kwargs.py took 0.058 seconds
[2025-05-10T04:20:37.022+0000] {processor.py:186} INFO - Started process (PID=68752) to work on /opt/airflow/dags/dags_python_with_op_kwargs.py
[2025-05-10T04:20:37.023+0000] {processor.py:914} INFO - Processing file /opt/airflow/dags/dags_python_with_op_kwargs.py for tasks to queue
[2025-05-10T04:20:37.025+0000] {logging_mixin.py:190} INFO - [2025-05-10T04:20:37.024+0000] {dagbag.py:588} INFO - Filling up the DagBag from /opt/airflow/dags/dags_python_with_op_kwargs.py
[2025-05-10T04:20:37.032+0000] {processor.py:925} INFO - DAG(s) 'dags_python_with_op_kwargs' retrieved from /opt/airflow/dags/dags_python_with_op_kwargs.py
[2025-05-10T04:20:37.058+0000] {logging_mixin.py:190} INFO - [2025-05-10T04:20:37.058+0000] {dag.py:3239} INFO - Sync 1 DAGs
[2025-05-10T04:20:37.088+0000] {logging_mixin.py:190} INFO - [2025-05-10T04:20:37.087+0000] {dag.py:4180} INFO - Setting next_dagrun for dags_python_with_op_kwargs to 2025-05-04 17:00:00+00:00, run_after=2025-05-11 17:00:00+00:00
[2025-05-10T04:20:37.109+0000] {processor.py:208} INFO - Processing /opt/airflow/dags/dags_python_with_op_kwargs.py took 0.094 seconds
[2025-05-10T04:57:32.338+0000] {processor.py:186} INFO - Started process (PID=68836) to work on /opt/airflow/dags/dags_python_with_op_kwargs.py
[2025-05-10T04:57:32.339+0000] {processor.py:914} INFO - Processing file /opt/airflow/dags/dags_python_with_op_kwargs.py for tasks to queue
[2025-05-10T04:57:32.340+0000] {logging_mixin.py:190} INFO - [2025-05-10T04:57:32.340+0000] {dagbag.py:588} INFO - Filling up the DagBag from /opt/airflow/dags/dags_python_with_op_kwargs.py
[2025-05-10T04:57:32.345+0000] {processor.py:925} INFO - DAG(s) 'dags_python_with_op_kwargs' retrieved from /opt/airflow/dags/dags_python_with_op_kwargs.py
[2025-05-10T04:57:32.363+0000] {logging_mixin.py:190} INFO - [2025-05-10T04:57:32.363+0000] {dag.py:3239} INFO - Sync 1 DAGs
[2025-05-10T04:57:32.382+0000] {logging_mixin.py:190} INFO - [2025-05-10T04:57:32.381+0000] {dag.py:4180} INFO - Setting next_dagrun for dags_python_with_op_kwargs to 2025-05-04 17:00:00+00:00, run_after=2025-05-11 17:00:00+00:00
[2025-05-10T04:57:32.398+0000] {processor.py:208} INFO - Processing /opt/airflow/dags/dags_python_with_op_kwargs.py took 0.069 seconds
