[2025-05-08T00:30:02.233+0000] {local_task_job_runner.py:123} INFO - ::group::Pre task execution logs
[2025-05-08T00:30:02.248+0000] {taskinstance.py:2614} INFO - Dependencies all met for dep_context=non-requeueable deps ti=<TaskInstance: dags_python_template.python_t1 scheduled__2025-05-07T00:30:00+00:00 [queued]>
[2025-05-08T00:30:02.255+0000] {taskinstance.py:2614} INFO - Dependencies all met for dep_context=requeueable deps ti=<TaskInstance: dags_python_template.python_t1 scheduled__2025-05-07T00:30:00+00:00 [queued]>
[2025-05-08T00:30:02.255+0000] {taskinstance.py:2867} INFO - Starting attempt 1 of 1
[2025-05-08T00:30:02.395+0000] {taskinstance.py:2890} INFO - Executing <Task(PythonOperator): python_t1> on 2025-05-07 00:30:00+00:00
[2025-05-08T00:30:02.402+0000] {warnings.py:112} WARNING - /home/***/.local/lib/python3.12/site-packages/***/task/task_runner/standard_task_runner.py:70: DeprecationWarning: This process (pid=10404) is multi-threaded, use of fork() may lead to deadlocks in the child.
  pid = os.fork()

[2025-05-08T00:30:02.403+0000] {standard_task_runner.py:72} INFO - Started process 10406 to run task
[2025-05-08T00:30:02.403+0000] {standard_task_runner.py:104} INFO - Running: ['***', 'tasks', 'run', 'dags_python_template', 'python_t1', 'scheduled__2025-05-07T00:30:00+00:00', '--job-id', '81', '--raw', '--subdir', 'DAGS_FOLDER/dags_python_template.py', '--cfg-path', '/tmp/tmpbnixz4ho']
[2025-05-08T00:30:02.404+0000] {standard_task_runner.py:105} INFO - Job 81: Subtask python_t1
[2025-05-08T00:30:02.440+0000] {task_command.py:467} INFO - Running <TaskInstance: dags_python_template.python_t1 scheduled__2025-05-07T00:30:00+00:00 [running]> on host 11348a8299f1
[2025-05-08T00:30:02.503+0000] {taskinstance.py:3134} INFO - Exporting env vars: AIRFLOW_CTX_DAG_OWNER='***' AIRFLOW_CTX_DAG_ID='dags_python_template' AIRFLOW_CTX_TASK_ID='python_t1' AIRFLOW_CTX_EXECUTION_DATE='2025-05-07T00:30:00+00:00' AIRFLOW_CTX_TRY_NUMBER='1' AIRFLOW_CTX_DAG_RUN_ID='scheduled__2025-05-07T00:30:00+00:00'
[2025-05-08T00:30:02.504+0000] {logging_mixin.py:190} INFO - Task instance is in running state
[2025-05-08T00:30:02.504+0000] {logging_mixin.py:190} INFO -  Previous state of the Task instance: queued
[2025-05-08T00:30:02.504+0000] {logging_mixin.py:190} INFO - Current task name:python_t1 state:running start_date:2025-05-08 00:30:02.248591+00:00
[2025-05-08T00:30:02.505+0000] {logging_mixin.py:190} INFO - Dag name:dags_python_template and current dag run status:running
[2025-05-08T00:30:02.505+0000] {taskinstance.py:732} INFO - ::endgroup::
[2025-05-08T00:30:02.505+0000] {logging_mixin.py:190} INFO - 2025-05-07
[2025-05-08T00:30:02.505+0000] {logging_mixin.py:190} INFO - 2025-05-08
[2025-05-08T00:30:02.505+0000] {python.py:240} INFO - Done. Returned value was: None
[2025-05-08T00:30:02.512+0000] {taskinstance.py:341} INFO - ::group::Post task execution logs
[2025-05-08T00:30:02.512+0000] {taskinstance.py:353} INFO - Marking task as SUCCESS. dag_id=dags_python_template, task_id=python_t1, run_id=scheduled__2025-05-07T00:30:00+00:00, execution_date=20250507T003000, start_date=20250508T003002, end_date=20250508T003002
[2025-05-08T00:30:02.529+0000] {logging_mixin.py:190} INFO - Task instance in success state
[2025-05-08T00:30:02.529+0000] {logging_mixin.py:190} INFO -  Previous state of the Task instance: running
[2025-05-08T00:30:02.529+0000] {logging_mixin.py:190} INFO - Dag name:dags_python_template queued_at:2025-05-08 00:30:00.958323+00:00
[2025-05-08T00:30:02.529+0000] {logging_mixin.py:190} INFO - Task hostname:11348a8299f1 operator:PythonOperator
[2025-05-08T00:30:02.537+0000] {local_task_job_runner.py:266} INFO - Task exited with return code 0
[2025-05-08T00:30:02.558+0000] {taskinstance.py:3901} INFO - 1 downstream tasks scheduled from follow-on schedule check
[2025-05-08T00:30:02.559+0000] {local_task_job_runner.py:245} INFO - ::endgroup::
