[2025-05-12T08:32:31.345+0000] {processor.py:186} INFO - Started process (PID=89) to work on /opt/airflow/dags/dags_python_with_macro.py
[2025-05-12T08:32:31.524+0000] {processor.py:914} INFO - Processing file /opt/airflow/dags/dags_python_with_macro.py for tasks to queue
[2025-05-12T08:32:31.745+0000] {logging_mixin.py:190} INFO - [2025-05-12T08:32:31.744+0000] {dagbag.py:588} INFO - Filling up the DagBag from /opt/airflow/dags/dags_python_with_macro.py
[2025-05-12T08:32:32.006+0000] {processor.py:925} INFO - DAG(s) 'dags_python_with_macro' retrieved from /opt/airflow/dags/dags_python_with_macro.py
[2025-05-12T08:32:32.275+0000] {logging_mixin.py:190} INFO - [2025-05-12T08:32:32.274+0000] {dag.py:3239} INFO - Sync 1 DAGs
[2025-05-12T08:32:32.309+0000] {logging_mixin.py:190} INFO - [2025-05-12T08:32:32.309+0000] {dag.py:4180} INFO - Setting next_dagrun for dags_python_with_macro to 2025-05-10 15:10:00+00:00, run_after=2025-05-11 15:10:00+00:00
[2025-05-12T08:32:32.373+0000] {processor.py:208} INFO - Processing /opt/airflow/dags/dags_python_with_macro.py took 1.246 seconds
[2025-05-12T08:33:47.791+0000] {processor.py:186} INFO - Started process (PID=225) to work on /opt/airflow/dags/dags_python_with_macro.py
[2025-05-12T08:33:47.795+0000] {processor.py:914} INFO - Processing file /opt/airflow/dags/dags_python_with_macro.py for tasks to queue
[2025-05-12T08:33:47.799+0000] {logging_mixin.py:190} INFO - [2025-05-12T08:33:47.798+0000] {dagbag.py:588} INFO - Filling up the DagBag from /opt/airflow/dags/dags_python_with_macro.py
[2025-05-12T08:33:47.833+0000] {processor.py:925} INFO - DAG(s) 'dags_python_with_macro' retrieved from /opt/airflow/dags/dags_python_with_macro.py
[2025-05-12T08:33:47.883+0000] {logging_mixin.py:190} INFO - [2025-05-12T08:33:47.882+0000] {dag.py:3239} INFO - Sync 1 DAGs
[2025-05-12T08:33:47.969+0000] {logging_mixin.py:190} INFO - [2025-05-12T08:33:47.968+0000] {dag.py:4180} INFO - Setting next_dagrun for dags_python_with_macro to 2025-05-11 15:10:00+00:00, run_after=2025-05-12 15:10:00+00:00
[2025-05-12T08:33:48.044+0000] {processor.py:208} INFO - Processing /opt/airflow/dags/dags_python_with_macro.py took 0.271 seconds
[2025-05-12T08:34:19.001+0000] {processor.py:186} INFO - Started process (PID=324) to work on /opt/airflow/dags/dags_python_with_macro.py
[2025-05-12T08:34:19.004+0000] {processor.py:914} INFO - Processing file /opt/airflow/dags/dags_python_with_macro.py for tasks to queue
[2025-05-12T08:34:19.008+0000] {logging_mixin.py:190} INFO - [2025-05-12T08:34:19.007+0000] {dagbag.py:588} INFO - Filling up the DagBag from /opt/airflow/dags/dags_python_with_macro.py
[2025-05-12T08:34:19.053+0000] {processor.py:925} INFO - DAG(s) 'dags_python_with_macro' retrieved from /opt/airflow/dags/dags_python_with_macro.py
[2025-05-12T08:34:19.131+0000] {logging_mixin.py:190} INFO - [2025-05-12T08:34:19.130+0000] {dag.py:3239} INFO - Sync 1 DAGs
[2025-05-12T08:34:19.236+0000] {logging_mixin.py:190} INFO - [2025-05-12T08:34:19.235+0000] {dag.py:4180} INFO - Setting next_dagrun for dags_python_with_macro to 2025-05-11 15:10:00+00:00, run_after=2025-05-12 15:10:00+00:00
[2025-05-12T08:34:19.332+0000] {processor.py:208} INFO - Processing /opt/airflow/dags/dags_python_with_macro.py took 0.350 seconds
[2025-05-12T08:34:50.252+0000] {processor.py:186} INFO - Started process (PID=406) to work on /opt/airflow/dags/dags_python_with_macro.py
[2025-05-12T08:34:50.255+0000] {processor.py:914} INFO - Processing file /opt/airflow/dags/dags_python_with_macro.py for tasks to queue
[2025-05-12T08:34:50.259+0000] {logging_mixin.py:190} INFO - [2025-05-12T08:34:50.258+0000] {dagbag.py:588} INFO - Filling up the DagBag from /opt/airflow/dags/dags_python_with_macro.py
[2025-05-12T08:34:50.276+0000] {processor.py:925} INFO - DAG(s) 'dags_python_with_macro' retrieved from /opt/airflow/dags/dags_python_with_macro.py
[2025-05-12T08:34:50.305+0000] {logging_mixin.py:190} INFO - [2025-05-12T08:34:50.305+0000] {dag.py:3239} INFO - Sync 1 DAGs
[2025-05-12T08:34:50.340+0000] {logging_mixin.py:190} INFO - [2025-05-12T08:34:50.340+0000] {dag.py:4180} INFO - Setting next_dagrun for dags_python_with_macro to 2025-05-11 15:10:00+00:00, run_after=2025-05-12 15:10:00+00:00
[2025-05-12T08:34:50.371+0000] {processor.py:208} INFO - Processing /opt/airflow/dags/dags_python_with_macro.py took 0.128 seconds
[2025-05-12T08:35:20.459+0000] {processor.py:186} INFO - Started process (PID=496) to work on /opt/airflow/dags/dags_python_with_macro.py
[2025-05-12T08:35:20.460+0000] {processor.py:914} INFO - Processing file /opt/airflow/dags/dags_python_with_macro.py for tasks to queue
[2025-05-12T08:35:20.461+0000] {logging_mixin.py:190} INFO - [2025-05-12T08:35:20.461+0000] {dagbag.py:588} INFO - Filling up the DagBag from /opt/airflow/dags/dags_python_with_macro.py
[2025-05-12T08:35:20.473+0000] {processor.py:925} INFO - DAG(s) 'dags_python_with_macro' retrieved from /opt/airflow/dags/dags_python_with_macro.py
[2025-05-12T08:35:20.496+0000] {logging_mixin.py:190} INFO - [2025-05-12T08:35:20.496+0000] {dag.py:3239} INFO - Sync 1 DAGs
[2025-05-12T08:35:20.523+0000] {logging_mixin.py:190} INFO - [2025-05-12T08:35:20.523+0000] {dag.py:4180} INFO - Setting next_dagrun for dags_python_with_macro to 2025-05-11 15:10:00+00:00, run_after=2025-05-12 15:10:00+00:00
[2025-05-12T08:35:20.549+0000] {processor.py:208} INFO - Processing /opt/airflow/dags/dags_python_with_macro.py took 0.096 seconds
[2025-05-12T08:35:53.075+0000] {processor.py:186} INFO - Started process (PID=577) to work on /opt/airflow/dags/dags_python_with_macro.py
[2025-05-12T08:35:53.077+0000] {processor.py:914} INFO - Processing file /opt/airflow/dags/dags_python_with_macro.py for tasks to queue
[2025-05-12T08:35:53.080+0000] {logging_mixin.py:190} INFO - [2025-05-12T08:35:53.079+0000] {dagbag.py:588} INFO - Filling up the DagBag from /opt/airflow/dags/dags_python_with_macro.py
[2025-05-12T08:35:53.094+0000] {processor.py:925} INFO - DAG(s) 'dags_python_with_macro' retrieved from /opt/airflow/dags/dags_python_with_macro.py
[2025-05-12T08:35:53.123+0000] {logging_mixin.py:190} INFO - [2025-05-12T08:35:53.122+0000] {dag.py:3239} INFO - Sync 1 DAGs
[2025-05-12T08:35:53.156+0000] {logging_mixin.py:190} INFO - [2025-05-12T08:35:53.155+0000] {dag.py:4180} INFO - Setting next_dagrun for dags_python_with_macro to 2025-05-11 15:10:00+00:00, run_after=2025-05-12 15:10:00+00:00
[2025-05-12T08:35:53.184+0000] {processor.py:208} INFO - Processing /opt/airflow/dags/dags_python_with_macro.py took 0.117 seconds
[2025-05-12T08:36:23.371+0000] {processor.py:186} INFO - Started process (PID=659) to work on /opt/airflow/dags/dags_python_with_macro.py
[2025-05-12T08:36:23.373+0000] {processor.py:914} INFO - Processing file /opt/airflow/dags/dags_python_with_macro.py for tasks to queue
[2025-05-12T08:36:23.376+0000] {logging_mixin.py:190} INFO - [2025-05-12T08:36:23.375+0000] {dagbag.py:588} INFO - Filling up the DagBag from /opt/airflow/dags/dags_python_with_macro.py
[2025-05-12T08:36:23.390+0000] {processor.py:925} INFO - DAG(s) 'dags_python_with_macro' retrieved from /opt/airflow/dags/dags_python_with_macro.py
[2025-05-12T08:36:23.424+0000] {logging_mixin.py:190} INFO - [2025-05-12T08:36:23.423+0000] {dag.py:3239} INFO - Sync 1 DAGs
[2025-05-12T08:36:23.466+0000] {logging_mixin.py:190} INFO - [2025-05-12T08:36:23.466+0000] {dag.py:4180} INFO - Setting next_dagrun for dags_python_with_macro to 2025-05-11 15:10:00+00:00, run_after=2025-05-12 15:10:00+00:00
[2025-05-12T08:36:23.504+0000] {processor.py:208} INFO - Processing /opt/airflow/dags/dags_python_with_macro.py took 0.142 seconds
[2025-05-12T08:36:54.648+0000] {processor.py:186} INFO - Started process (PID=740) to work on /opt/airflow/dags/dags_python_with_macro.py
[2025-05-12T08:36:54.649+0000] {processor.py:914} INFO - Processing file /opt/airflow/dags/dags_python_with_macro.py for tasks to queue
[2025-05-12T08:36:54.651+0000] {logging_mixin.py:190} INFO - [2025-05-12T08:36:54.650+0000] {dagbag.py:588} INFO - Filling up the DagBag from /opt/airflow/dags/dags_python_with_macro.py
[2025-05-12T08:36:54.663+0000] {processor.py:925} INFO - DAG(s) 'dags_python_with_macro' retrieved from /opt/airflow/dags/dags_python_with_macro.py
[2025-05-12T08:36:54.684+0000] {logging_mixin.py:190} INFO - [2025-05-12T08:36:54.684+0000] {dag.py:3239} INFO - Sync 1 DAGs
[2025-05-12T08:36:54.710+0000] {logging_mixin.py:190} INFO - [2025-05-12T08:36:54.709+0000] {dag.py:4180} INFO - Setting next_dagrun for dags_python_with_macro to 2025-05-11 15:10:00+00:00, run_after=2025-05-12 15:10:00+00:00
[2025-05-12T08:36:54.730+0000] {processor.py:208} INFO - Processing /opt/airflow/dags/dags_python_with_macro.py took 0.088 seconds
[2025-05-12T08:37:26.230+0000] {processor.py:186} INFO - Started process (PID=820) to work on /opt/airflow/dags/dags_python_with_macro.py
[2025-05-12T08:37:26.232+0000] {processor.py:914} INFO - Processing file /opt/airflow/dags/dags_python_with_macro.py for tasks to queue
[2025-05-12T08:37:26.235+0000] {logging_mixin.py:190} INFO - [2025-05-12T08:37:26.234+0000] {dagbag.py:588} INFO - Filling up the DagBag from /opt/airflow/dags/dags_python_with_macro.py
[2025-05-12T08:37:26.248+0000] {processor.py:925} INFO - DAG(s) 'dags_python_with_macro' retrieved from /opt/airflow/dags/dags_python_with_macro.py
[2025-05-12T08:37:26.278+0000] {logging_mixin.py:190} INFO - [2025-05-12T08:37:26.277+0000] {dag.py:3239} INFO - Sync 1 DAGs
[2025-05-12T08:37:26.310+0000] {logging_mixin.py:190} INFO - [2025-05-12T08:37:26.310+0000] {dag.py:4180} INFO - Setting next_dagrun for dags_python_with_macro to 2025-05-11 15:10:00+00:00, run_after=2025-05-12 15:10:00+00:00
[2025-05-12T08:37:26.336+0000] {processor.py:208} INFO - Processing /opt/airflow/dags/dags_python_with_macro.py took 0.114 seconds
[2025-05-12T08:37:57.108+0000] {processor.py:186} INFO - Started process (PID=902) to work on /opt/airflow/dags/dags_python_with_macro.py
[2025-05-12T08:37:57.109+0000] {processor.py:914} INFO - Processing file /opt/airflow/dags/dags_python_with_macro.py for tasks to queue
[2025-05-12T08:37:57.111+0000] {logging_mixin.py:190} INFO - [2025-05-12T08:37:57.111+0000] {dagbag.py:588} INFO - Filling up the DagBag from /opt/airflow/dags/dags_python_with_macro.py
[2025-05-12T08:37:57.124+0000] {processor.py:925} INFO - DAG(s) 'dags_python_with_macro' retrieved from /opt/airflow/dags/dags_python_with_macro.py
[2025-05-12T08:37:57.145+0000] {logging_mixin.py:190} INFO - [2025-05-12T08:37:57.145+0000] {dag.py:3239} INFO - Sync 1 DAGs
[2025-05-12T08:37:57.184+0000] {logging_mixin.py:190} INFO - [2025-05-12T08:37:57.184+0000] {dag.py:4180} INFO - Setting next_dagrun for dags_python_with_macro to 2025-05-11 15:10:00+00:00, run_after=2025-05-12 15:10:00+00:00
[2025-05-12T08:37:57.212+0000] {processor.py:208} INFO - Processing /opt/airflow/dags/dags_python_with_macro.py took 0.111 seconds
[2025-05-12T08:38:28.012+0000] {processor.py:186} INFO - Started process (PID=977) to work on /opt/airflow/dags/dags_python_with_macro.py
[2025-05-12T08:38:28.014+0000] {processor.py:914} INFO - Processing file /opt/airflow/dags/dags_python_with_macro.py for tasks to queue
[2025-05-12T08:38:28.016+0000] {logging_mixin.py:190} INFO - [2025-05-12T08:38:28.015+0000] {dagbag.py:588} INFO - Filling up the DagBag from /opt/airflow/dags/dags_python_with_macro.py
[2025-05-12T08:38:28.030+0000] {processor.py:925} INFO - DAG(s) 'dags_python_with_macro' retrieved from /opt/airflow/dags/dags_python_with_macro.py
[2025-05-12T08:38:28.061+0000] {logging_mixin.py:190} INFO - [2025-05-12T08:38:28.060+0000] {dag.py:3239} INFO - Sync 1 DAGs
[2025-05-12T08:38:28.091+0000] {logging_mixin.py:190} INFO - [2025-05-12T08:38:28.091+0000] {dag.py:4180} INFO - Setting next_dagrun for dags_python_with_macro to 2025-05-11 15:10:00+00:00, run_after=2025-05-12 15:10:00+00:00
[2025-05-12T08:38:28.116+0000] {processor.py:208} INFO - Processing /opt/airflow/dags/dags_python_with_macro.py took 0.111 seconds
[2025-05-12T08:38:58.975+0000] {processor.py:186} INFO - Started process (PID=1058) to work on /opt/airflow/dags/dags_python_with_macro.py
[2025-05-12T08:38:58.977+0000] {processor.py:914} INFO - Processing file /opt/airflow/dags/dags_python_with_macro.py for tasks to queue
[2025-05-12T08:38:58.978+0000] {logging_mixin.py:190} INFO - [2025-05-12T08:38:58.978+0000] {dagbag.py:588} INFO - Filling up the DagBag from /opt/airflow/dags/dags_python_with_macro.py
[2025-05-12T08:38:58.995+0000] {processor.py:925} INFO - DAG(s) 'dags_python_with_macro' retrieved from /opt/airflow/dags/dags_python_with_macro.py
[2025-05-12T08:38:59.026+0000] {logging_mixin.py:190} INFO - [2025-05-12T08:38:59.026+0000] {dag.py:3239} INFO - Sync 1 DAGs
[2025-05-12T08:38:59.063+0000] {logging_mixin.py:190} INFO - [2025-05-12T08:38:59.062+0000] {dag.py:4180} INFO - Setting next_dagrun for dags_python_with_macro to 2025-05-11 15:10:00+00:00, run_after=2025-05-12 15:10:00+00:00
[2025-05-12T08:38:59.091+0000] {processor.py:208} INFO - Processing /opt/airflow/dags/dags_python_with_macro.py took 0.125 seconds
[2025-05-12T08:39:29.456+0000] {processor.py:186} INFO - Started process (PID=1137) to work on /opt/airflow/dags/dags_python_with_macro.py
[2025-05-12T08:39:29.458+0000] {processor.py:914} INFO - Processing file /opt/airflow/dags/dags_python_with_macro.py for tasks to queue
[2025-05-12T08:39:29.460+0000] {logging_mixin.py:190} INFO - [2025-05-12T08:39:29.460+0000] {dagbag.py:588} INFO - Filling up the DagBag from /opt/airflow/dags/dags_python_with_macro.py
[2025-05-12T08:39:29.475+0000] {processor.py:925} INFO - DAG(s) 'dags_python_with_macro' retrieved from /opt/airflow/dags/dags_python_with_macro.py
[2025-05-12T08:39:29.509+0000] {logging_mixin.py:190} INFO - [2025-05-12T08:39:29.508+0000] {dag.py:3239} INFO - Sync 1 DAGs
[2025-05-12T08:39:29.547+0000] {logging_mixin.py:190} INFO - [2025-05-12T08:39:29.547+0000] {dag.py:4180} INFO - Setting next_dagrun for dags_python_with_macro to 2025-05-11 15:10:00+00:00, run_after=2025-05-12 15:10:00+00:00
[2025-05-12T08:39:29.576+0000] {processor.py:208} INFO - Processing /opt/airflow/dags/dags_python_with_macro.py took 0.129 seconds
[2025-05-12T08:39:59.645+0000] {processor.py:186} INFO - Started process (PID=1219) to work on /opt/airflow/dags/dags_python_with_macro.py
[2025-05-12T08:39:59.647+0000] {processor.py:914} INFO - Processing file /opt/airflow/dags/dags_python_with_macro.py for tasks to queue
[2025-05-12T08:39:59.648+0000] {logging_mixin.py:190} INFO - [2025-05-12T08:39:59.648+0000] {dagbag.py:588} INFO - Filling up the DagBag from /opt/airflow/dags/dags_python_with_macro.py
[2025-05-12T08:39:59.660+0000] {processor.py:925} INFO - DAG(s) 'dags_python_with_macro' retrieved from /opt/airflow/dags/dags_python_with_macro.py
[2025-05-12T08:39:59.681+0000] {logging_mixin.py:190} INFO - [2025-05-12T08:39:59.680+0000] {dag.py:3239} INFO - Sync 1 DAGs
[2025-05-12T08:39:59.710+0000] {logging_mixin.py:190} INFO - [2025-05-12T08:39:59.710+0000] {dag.py:4180} INFO - Setting next_dagrun for dags_python_with_macro to 2025-05-11 15:10:00+00:00, run_after=2025-05-12 15:10:00+00:00
[2025-05-12T08:39:59.731+0000] {processor.py:208} INFO - Processing /opt/airflow/dags/dags_python_with_macro.py took 0.093 seconds
[2025-05-12T08:40:30.785+0000] {processor.py:186} INFO - Started process (PID=1296) to work on /opt/airflow/dags/dags_python_with_macro.py
[2025-05-12T08:40:30.789+0000] {processor.py:914} INFO - Processing file /opt/airflow/dags/dags_python_with_macro.py for tasks to queue
[2025-05-12T08:40:30.792+0000] {logging_mixin.py:190} INFO - [2025-05-12T08:40:30.791+0000] {dagbag.py:588} INFO - Filling up the DagBag from /opt/airflow/dags/dags_python_with_macro.py
[2025-05-12T08:40:30.807+0000] {processor.py:925} INFO - DAG(s) 'dags_python_with_macro' retrieved from /opt/airflow/dags/dags_python_with_macro.py
[2025-05-12T08:40:30.840+0000] {logging_mixin.py:190} INFO - [2025-05-12T08:40:30.840+0000] {dag.py:3239} INFO - Sync 1 DAGs
[2025-05-12T08:40:30.880+0000] {logging_mixin.py:190} INFO - [2025-05-12T08:40:30.879+0000] {dag.py:4180} INFO - Setting next_dagrun for dags_python_with_macro to 2025-05-11 15:10:00+00:00, run_after=2025-05-12 15:10:00+00:00
[2025-05-12T08:40:30.909+0000] {processor.py:208} INFO - Processing /opt/airflow/dags/dags_python_with_macro.py took 0.142 seconds
[2025-05-12T08:41:01.027+0000] {processor.py:186} INFO - Started process (PID=1372) to work on /opt/airflow/dags/dags_python_with_macro.py
[2025-05-12T08:41:01.036+0000] {processor.py:914} INFO - Processing file /opt/airflow/dags/dags_python_with_macro.py for tasks to queue
[2025-05-12T08:41:01.039+0000] {logging_mixin.py:190} INFO - [2025-05-12T08:41:01.038+0000] {dagbag.py:588} INFO - Filling up the DagBag from /opt/airflow/dags/dags_python_with_macro.py
[2025-05-12T08:41:01.054+0000] {processor.py:925} INFO - DAG(s) 'dags_python_with_macro' retrieved from /opt/airflow/dags/dags_python_with_macro.py
[2025-05-12T08:41:01.080+0000] {logging_mixin.py:190} INFO - [2025-05-12T08:41:01.080+0000] {dag.py:3239} INFO - Sync 1 DAGs
[2025-05-12T08:41:01.119+0000] {logging_mixin.py:190} INFO - [2025-05-12T08:41:01.119+0000] {dag.py:4180} INFO - Setting next_dagrun for dags_python_with_macro to 2025-05-11 15:10:00+00:00, run_after=2025-05-12 15:10:00+00:00
[2025-05-12T08:41:01.166+0000] {processor.py:208} INFO - Processing /opt/airflow/dags/dags_python_with_macro.py took 0.128 seconds
[2025-05-12T08:41:31.427+0000] {processor.py:186} INFO - Started process (PID=1454) to work on /opt/airflow/dags/dags_python_with_macro.py
[2025-05-12T08:41:31.429+0000] {processor.py:914} INFO - Processing file /opt/airflow/dags/dags_python_with_macro.py for tasks to queue
[2025-05-12T08:41:31.431+0000] {logging_mixin.py:190} INFO - [2025-05-12T08:41:31.431+0000] {dagbag.py:588} INFO - Filling up the DagBag from /opt/airflow/dags/dags_python_with_macro.py
[2025-05-12T08:41:31.451+0000] {processor.py:925} INFO - DAG(s) 'dags_python_with_macro' retrieved from /opt/airflow/dags/dags_python_with_macro.py
[2025-05-12T08:41:31.485+0000] {logging_mixin.py:190} INFO - [2025-05-12T08:41:31.484+0000] {dag.py:3239} INFO - Sync 1 DAGs
[2025-05-12T08:41:31.542+0000] {logging_mixin.py:190} INFO - [2025-05-12T08:41:31.541+0000] {dag.py:4180} INFO - Setting next_dagrun for dags_python_with_macro to 2025-05-11 15:10:00+00:00, run_after=2025-05-12 15:10:00+00:00
[2025-05-12T08:41:31.574+0000] {processor.py:208} INFO - Processing /opt/airflow/dags/dags_python_with_macro.py took 0.157 seconds
[2025-05-12T08:42:01.864+0000] {processor.py:186} INFO - Started process (PID=1536) to work on /opt/airflow/dags/dags_python_with_macro.py
[2025-05-12T08:42:01.865+0000] {processor.py:914} INFO - Processing file /opt/airflow/dags/dags_python_with_macro.py for tasks to queue
[2025-05-12T08:42:01.867+0000] {logging_mixin.py:190} INFO - [2025-05-12T08:42:01.866+0000] {dagbag.py:588} INFO - Filling up the DagBag from /opt/airflow/dags/dags_python_with_macro.py
[2025-05-12T08:42:01.880+0000] {processor.py:925} INFO - DAG(s) 'dags_python_with_macro' retrieved from /opt/airflow/dags/dags_python_with_macro.py
[2025-05-12T08:42:01.909+0000] {logging_mixin.py:190} INFO - [2025-05-12T08:42:01.909+0000] {dag.py:3239} INFO - Sync 1 DAGs
[2025-05-12T08:42:01.948+0000] {logging_mixin.py:190} INFO - [2025-05-12T08:42:01.948+0000] {dag.py:4180} INFO - Setting next_dagrun for dags_python_with_macro to 2025-05-11 15:10:00+00:00, run_after=2025-05-12 15:10:00+00:00
[2025-05-12T08:42:01.975+0000] {processor.py:208} INFO - Processing /opt/airflow/dags/dags_python_with_macro.py took 0.120 seconds
[2025-05-12T08:42:32.213+0000] {processor.py:186} INFO - Started process (PID=1618) to work on /opt/airflow/dags/dags_python_with_macro.py
[2025-05-12T08:42:32.223+0000] {processor.py:914} INFO - Processing file /opt/airflow/dags/dags_python_with_macro.py for tasks to queue
[2025-05-12T08:42:32.225+0000] {logging_mixin.py:190} INFO - [2025-05-12T08:42:32.224+0000] {dagbag.py:588} INFO - Filling up the DagBag from /opt/airflow/dags/dags_python_with_macro.py
[2025-05-12T08:42:32.239+0000] {processor.py:925} INFO - DAG(s) 'dags_python_with_macro' retrieved from /opt/airflow/dags/dags_python_with_macro.py
[2025-05-12T08:42:32.277+0000] {logging_mixin.py:190} INFO - [2025-05-12T08:42:32.276+0000] {dag.py:3239} INFO - Sync 1 DAGs
[2025-05-12T08:42:32.348+0000] {logging_mixin.py:190} INFO - [2025-05-12T08:42:32.348+0000] {dag.py:4180} INFO - Setting next_dagrun for dags_python_with_macro to 2025-05-11 15:10:00+00:00, run_after=2025-05-12 15:10:00+00:00
[2025-05-12T08:42:32.379+0000] {processor.py:208} INFO - Processing /opt/airflow/dags/dags_python_with_macro.py took 0.173 seconds
[2025-05-12T08:43:02.517+0000] {processor.py:186} INFO - Started process (PID=1700) to work on /opt/airflow/dags/dags_python_with_macro.py
[2025-05-12T08:43:02.519+0000] {processor.py:914} INFO - Processing file /opt/airflow/dags/dags_python_with_macro.py for tasks to queue
[2025-05-12T08:43:02.520+0000] {logging_mixin.py:190} INFO - [2025-05-12T08:43:02.520+0000] {dagbag.py:588} INFO - Filling up the DagBag from /opt/airflow/dags/dags_python_with_macro.py
[2025-05-12T08:43:02.531+0000] {processor.py:925} INFO - DAG(s) 'dags_python_with_macro' retrieved from /opt/airflow/dags/dags_python_with_macro.py
[2025-05-12T08:43:02.552+0000] {logging_mixin.py:190} INFO - [2025-05-12T08:43:02.552+0000] {dag.py:3239} INFO - Sync 1 DAGs
[2025-05-12T08:43:02.578+0000] {logging_mixin.py:190} INFO - [2025-05-12T08:43:02.578+0000] {dag.py:4180} INFO - Setting next_dagrun for dags_python_with_macro to 2025-05-11 15:10:00+00:00, run_after=2025-05-12 15:10:00+00:00
[2025-05-12T08:43:02.602+0000] {processor.py:208} INFO - Processing /opt/airflow/dags/dags_python_with_macro.py took 0.091 seconds
[2025-05-12T08:43:33.162+0000] {processor.py:186} INFO - Started process (PID=1782) to work on /opt/airflow/dags/dags_python_with_macro.py
[2025-05-12T08:43:33.175+0000] {processor.py:914} INFO - Processing file /opt/airflow/dags/dags_python_with_macro.py for tasks to queue
[2025-05-12T08:43:33.176+0000] {logging_mixin.py:190} INFO - [2025-05-12T08:43:33.176+0000] {dagbag.py:588} INFO - Filling up the DagBag from /opt/airflow/dags/dags_python_with_macro.py
[2025-05-12T08:43:33.189+0000] {processor.py:925} INFO - DAG(s) 'dags_python_with_macro' retrieved from /opt/airflow/dags/dags_python_with_macro.py
[2025-05-12T08:43:33.219+0000] {logging_mixin.py:190} INFO - [2025-05-12T08:43:33.219+0000] {dag.py:3239} INFO - Sync 1 DAGs
[2025-05-12T08:43:33.250+0000] {logging_mixin.py:190} INFO - [2025-05-12T08:43:33.250+0000] {dag.py:4180} INFO - Setting next_dagrun for dags_python_with_macro to 2025-05-11 15:10:00+00:00, run_after=2025-05-12 15:10:00+00:00
[2025-05-12T08:43:33.278+0000] {processor.py:208} INFO - Processing /opt/airflow/dags/dags_python_with_macro.py took 0.123 seconds
[2025-05-12T08:44:03.649+0000] {processor.py:186} INFO - Started process (PID=1864) to work on /opt/airflow/dags/dags_python_with_macro.py
[2025-05-12T08:44:03.651+0000] {processor.py:914} INFO - Processing file /opt/airflow/dags/dags_python_with_macro.py for tasks to queue
[2025-05-12T08:44:03.652+0000] {logging_mixin.py:190} INFO - [2025-05-12T08:44:03.652+0000] {dagbag.py:588} INFO - Filling up the DagBag from /opt/airflow/dags/dags_python_with_macro.py
[2025-05-12T08:44:03.665+0000] {processor.py:925} INFO - DAG(s) 'dags_python_with_macro' retrieved from /opt/airflow/dags/dags_python_with_macro.py
[2025-05-12T08:44:03.696+0000] {logging_mixin.py:190} INFO - [2025-05-12T08:44:03.696+0000] {dag.py:3239} INFO - Sync 1 DAGs
[2025-05-12T08:44:03.729+0000] {logging_mixin.py:190} INFO - [2025-05-12T08:44:03.729+0000] {dag.py:4180} INFO - Setting next_dagrun for dags_python_with_macro to 2025-05-11 15:10:00+00:00, run_after=2025-05-12 15:10:00+00:00
[2025-05-12T08:44:03.756+0000] {processor.py:208} INFO - Processing /opt/airflow/dags/dags_python_with_macro.py took 0.114 seconds
[2025-05-12T08:44:33.934+0000] {processor.py:186} INFO - Started process (PID=1946) to work on /opt/airflow/dags/dags_python_with_macro.py
[2025-05-12T08:44:33.942+0000] {processor.py:914} INFO - Processing file /opt/airflow/dags/dags_python_with_macro.py for tasks to queue
[2025-05-12T08:44:33.945+0000] {logging_mixin.py:190} INFO - [2025-05-12T08:44:33.944+0000] {dagbag.py:588} INFO - Filling up the DagBag from /opt/airflow/dags/dags_python_with_macro.py
[2025-05-12T08:44:33.958+0000] {processor.py:925} INFO - DAG(s) 'dags_python_with_macro' retrieved from /opt/airflow/dags/dags_python_with_macro.py
[2025-05-12T08:44:33.987+0000] {logging_mixin.py:190} INFO - [2025-05-12T08:44:33.987+0000] {dag.py:3239} INFO - Sync 1 DAGs
[2025-05-12T08:44:34.018+0000] {logging_mixin.py:190} INFO - [2025-05-12T08:44:34.017+0000] {dag.py:4180} INFO - Setting next_dagrun for dags_python_with_macro to 2025-05-11 15:10:00+00:00, run_after=2025-05-12 15:10:00+00:00
[2025-05-12T08:44:34.044+0000] {processor.py:208} INFO - Processing /opt/airflow/dags/dags_python_with_macro.py took 0.117 seconds
[2025-05-12T08:45:04.753+0000] {processor.py:186} INFO - Started process (PID=2029) to work on /opt/airflow/dags/dags_python_with_macro.py
[2025-05-12T08:45:04.762+0000] {processor.py:914} INFO - Processing file /opt/airflow/dags/dags_python_with_macro.py for tasks to queue
[2025-05-12T08:45:04.764+0000] {logging_mixin.py:190} INFO - [2025-05-12T08:45:04.764+0000] {dagbag.py:588} INFO - Filling up the DagBag from /opt/airflow/dags/dags_python_with_macro.py
[2025-05-12T08:45:04.777+0000] {processor.py:925} INFO - DAG(s) 'dags_python_with_macro' retrieved from /opt/airflow/dags/dags_python_with_macro.py
[2025-05-12T08:45:04.803+0000] {logging_mixin.py:190} INFO - [2025-05-12T08:45:04.803+0000] {dag.py:3239} INFO - Sync 1 DAGs
[2025-05-12T08:45:04.835+0000] {logging_mixin.py:190} INFO - [2025-05-12T08:45:04.835+0000] {dag.py:4180} INFO - Setting next_dagrun for dags_python_with_macro to 2025-05-11 15:10:00+00:00, run_after=2025-05-12 15:10:00+00:00
[2025-05-12T08:45:04.860+0000] {processor.py:208} INFO - Processing /opt/airflow/dags/dags_python_with_macro.py took 0.114 seconds
[2025-05-12T08:45:35.745+0000] {processor.py:186} INFO - Started process (PID=2111) to work on /opt/airflow/dags/dags_python_with_macro.py
[2025-05-12T08:45:35.759+0000] {processor.py:914} INFO - Processing file /opt/airflow/dags/dags_python_with_macro.py for tasks to queue
[2025-05-12T08:45:35.760+0000] {logging_mixin.py:190} INFO - [2025-05-12T08:45:35.760+0000] {dagbag.py:588} INFO - Filling up the DagBag from /opt/airflow/dags/dags_python_with_macro.py
[2025-05-12T08:45:35.772+0000] {processor.py:925} INFO - DAG(s) 'dags_python_with_macro' retrieved from /opt/airflow/dags/dags_python_with_macro.py
[2025-05-12T08:45:35.801+0000] {logging_mixin.py:190} INFO - [2025-05-12T08:45:35.801+0000] {dag.py:3239} INFO - Sync 1 DAGs
[2025-05-12T08:45:35.834+0000] {logging_mixin.py:190} INFO - [2025-05-12T08:45:35.833+0000] {dag.py:4180} INFO - Setting next_dagrun for dags_python_with_macro to 2025-05-11 15:10:00+00:00, run_after=2025-05-12 15:10:00+00:00
[2025-05-12T08:45:35.858+0000] {processor.py:208} INFO - Processing /opt/airflow/dags/dags_python_with_macro.py took 0.120 seconds
[2025-05-12T08:46:05.980+0000] {processor.py:186} INFO - Started process (PID=2193) to work on /opt/airflow/dags/dags_python_with_macro.py
[2025-05-12T08:46:05.983+0000] {processor.py:914} INFO - Processing file /opt/airflow/dags/dags_python_with_macro.py for tasks to queue
[2025-05-12T08:46:05.985+0000] {logging_mixin.py:190} INFO - [2025-05-12T08:46:05.985+0000] {dagbag.py:588} INFO - Filling up the DagBag from /opt/airflow/dags/dags_python_with_macro.py
[2025-05-12T08:46:06.001+0000] {processor.py:925} INFO - DAG(s) 'dags_python_with_macro' retrieved from /opt/airflow/dags/dags_python_with_macro.py
[2025-05-12T08:46:06.033+0000] {logging_mixin.py:190} INFO - [2025-05-12T08:46:06.033+0000] {dag.py:3239} INFO - Sync 1 DAGs
[2025-05-12T08:46:06.076+0000] {logging_mixin.py:190} INFO - [2025-05-12T08:46:06.076+0000] {dag.py:4180} INFO - Setting next_dagrun for dags_python_with_macro to 2025-05-11 15:10:00+00:00, run_after=2025-05-12 15:10:00+00:00
[2025-05-12T08:46:06.113+0000] {processor.py:208} INFO - Processing /opt/airflow/dags/dags_python_with_macro.py took 0.145 seconds
[2025-05-12T08:46:36.564+0000] {processor.py:186} INFO - Started process (PID=2275) to work on /opt/airflow/dags/dags_python_with_macro.py
[2025-05-12T08:46:36.573+0000] {processor.py:914} INFO - Processing file /opt/airflow/dags/dags_python_with_macro.py for tasks to queue
[2025-05-12T08:46:36.575+0000] {logging_mixin.py:190} INFO - [2025-05-12T08:46:36.575+0000] {dagbag.py:588} INFO - Filling up the DagBag from /opt/airflow/dags/dags_python_with_macro.py
[2025-05-12T08:46:36.587+0000] {processor.py:925} INFO - DAG(s) 'dags_python_with_macro' retrieved from /opt/airflow/dags/dags_python_with_macro.py
[2025-05-12T08:46:36.613+0000] {logging_mixin.py:190} INFO - [2025-05-12T08:46:36.613+0000] {dag.py:3239} INFO - Sync 1 DAGs
[2025-05-12T08:46:36.644+0000] {logging_mixin.py:190} INFO - [2025-05-12T08:46:36.644+0000] {dag.py:4180} INFO - Setting next_dagrun for dags_python_with_macro to 2025-05-11 15:10:00+00:00, run_after=2025-05-12 15:10:00+00:00
[2025-05-12T08:46:36.670+0000] {processor.py:208} INFO - Processing /opt/airflow/dags/dags_python_with_macro.py took 0.113 seconds
[2025-05-12T08:47:07.384+0000] {processor.py:186} INFO - Started process (PID=2357) to work on /opt/airflow/dags/dags_python_with_macro.py
[2025-05-12T08:47:07.387+0000] {processor.py:914} INFO - Processing file /opt/airflow/dags/dags_python_with_macro.py for tasks to queue
[2025-05-12T08:47:07.389+0000] {logging_mixin.py:190} INFO - [2025-05-12T08:47:07.388+0000] {dagbag.py:588} INFO - Filling up the DagBag from /opt/airflow/dags/dags_python_with_macro.py
[2025-05-12T08:47:07.404+0000] {processor.py:925} INFO - DAG(s) 'dags_python_with_macro' retrieved from /opt/airflow/dags/dags_python_with_macro.py
[2025-05-12T08:47:07.424+0000] {logging_mixin.py:190} INFO - [2025-05-12T08:47:07.424+0000] {dag.py:3239} INFO - Sync 1 DAGs
[2025-05-12T08:47:07.452+0000] {logging_mixin.py:190} INFO - [2025-05-12T08:47:07.452+0000] {dag.py:4180} INFO - Setting next_dagrun for dags_python_with_macro to 2025-05-11 15:10:00+00:00, run_after=2025-05-12 15:10:00+00:00
[2025-05-12T08:47:07.476+0000] {processor.py:208} INFO - Processing /opt/airflow/dags/dags_python_with_macro.py took 0.099 seconds
[2025-05-12T08:47:37.704+0000] {processor.py:186} INFO - Started process (PID=2439) to work on /opt/airflow/dags/dags_python_with_macro.py
[2025-05-12T08:47:37.712+0000] {processor.py:914} INFO - Processing file /opt/airflow/dags/dags_python_with_macro.py for tasks to queue
[2025-05-12T08:47:37.714+0000] {logging_mixin.py:190} INFO - [2025-05-12T08:47:37.714+0000] {dagbag.py:588} INFO - Filling up the DagBag from /opt/airflow/dags/dags_python_with_macro.py
[2025-05-12T08:47:37.727+0000] {processor.py:925} INFO - DAG(s) 'dags_python_with_macro' retrieved from /opt/airflow/dags/dags_python_with_macro.py
[2025-05-12T08:47:37.757+0000] {logging_mixin.py:190} INFO - [2025-05-12T08:47:37.757+0000] {dag.py:3239} INFO - Sync 1 DAGs
[2025-05-12T08:47:37.791+0000] {logging_mixin.py:190} INFO - [2025-05-12T08:47:37.791+0000] {dag.py:4180} INFO - Setting next_dagrun for dags_python_with_macro to 2025-05-11 15:10:00+00:00, run_after=2025-05-12 15:10:00+00:00
[2025-05-12T08:47:37.819+0000] {processor.py:208} INFO - Processing /opt/airflow/dags/dags_python_with_macro.py took 0.123 seconds
[2025-05-12T08:48:08.185+0000] {processor.py:186} INFO - Started process (PID=2521) to work on /opt/airflow/dags/dags_python_with_macro.py
[2025-05-12T08:48:08.187+0000] {processor.py:914} INFO - Processing file /opt/airflow/dags/dags_python_with_macro.py for tasks to queue
[2025-05-12T08:48:08.189+0000] {logging_mixin.py:190} INFO - [2025-05-12T08:48:08.189+0000] {dagbag.py:588} INFO - Filling up the DagBag from /opt/airflow/dags/dags_python_with_macro.py
[2025-05-12T08:48:08.202+0000] {processor.py:925} INFO - DAG(s) 'dags_python_with_macro' retrieved from /opt/airflow/dags/dags_python_with_macro.py
[2025-05-12T08:48:08.226+0000] {logging_mixin.py:190} INFO - [2025-05-12T08:48:08.226+0000] {dag.py:3239} INFO - Sync 1 DAGs
[2025-05-12T08:48:08.267+0000] {logging_mixin.py:190} INFO - [2025-05-12T08:48:08.266+0000] {dag.py:4180} INFO - Setting next_dagrun for dags_python_with_macro to 2025-05-11 15:10:00+00:00, run_after=2025-05-12 15:10:00+00:00
[2025-05-12T08:48:08.295+0000] {processor.py:208} INFO - Processing /opt/airflow/dags/dags_python_with_macro.py took 0.117 seconds
[2025-05-12T08:48:38.818+0000] {processor.py:186} INFO - Started process (PID=2603) to work on /opt/airflow/dags/dags_python_with_macro.py
[2025-05-12T08:48:38.820+0000] {processor.py:914} INFO - Processing file /opt/airflow/dags/dags_python_with_macro.py for tasks to queue
[2025-05-12T08:48:38.822+0000] {logging_mixin.py:190} INFO - [2025-05-12T08:48:38.821+0000] {dagbag.py:588} INFO - Filling up the DagBag from /opt/airflow/dags/dags_python_with_macro.py
[2025-05-12T08:48:38.835+0000] {processor.py:925} INFO - DAG(s) 'dags_python_with_macro' retrieved from /opt/airflow/dags/dags_python_with_macro.py
[2025-05-12T08:48:38.859+0000] {logging_mixin.py:190} INFO - [2025-05-12T08:48:38.858+0000] {dag.py:3239} INFO - Sync 1 DAGs
[2025-05-12T08:48:38.899+0000] {logging_mixin.py:190} INFO - [2025-05-12T08:48:38.899+0000] {dag.py:4180} INFO - Setting next_dagrun for dags_python_with_macro to 2025-05-11 15:10:00+00:00, run_after=2025-05-12 15:10:00+00:00
[2025-05-12T08:48:38.923+0000] {processor.py:208} INFO - Processing /opt/airflow/dags/dags_python_with_macro.py took 0.113 seconds
[2025-05-12T08:49:09.445+0000] {processor.py:186} INFO - Started process (PID=2683) to work on /opt/airflow/dags/dags_python_with_macro.py
[2025-05-12T08:49:09.447+0000] {processor.py:914} INFO - Processing file /opt/airflow/dags/dags_python_with_macro.py for tasks to queue
[2025-05-12T08:49:09.449+0000] {logging_mixin.py:190} INFO - [2025-05-12T08:49:09.448+0000] {dagbag.py:588} INFO - Filling up the DagBag from /opt/airflow/dags/dags_python_with_macro.py
[2025-05-12T08:49:09.468+0000] {processor.py:925} INFO - DAG(s) 'dags_python_with_macro' retrieved from /opt/airflow/dags/dags_python_with_macro.py
[2025-05-12T08:49:09.506+0000] {logging_mixin.py:190} INFO - [2025-05-12T08:49:09.505+0000] {dag.py:3239} INFO - Sync 1 DAGs
[2025-05-12T08:49:09.568+0000] {logging_mixin.py:190} INFO - [2025-05-12T08:49:09.567+0000] {dag.py:4180} INFO - Setting next_dagrun for dags_python_with_macro to 2025-05-11 15:10:00+00:00, run_after=2025-05-12 15:10:00+00:00
[2025-05-12T08:49:09.601+0000] {processor.py:208} INFO - Processing /opt/airflow/dags/dags_python_with_macro.py took 0.167 seconds
[2025-05-12T08:49:39.723+0000] {processor.py:186} INFO - Started process (PID=2765) to work on /opt/airflow/dags/dags_python_with_macro.py
[2025-05-12T08:49:39.727+0000] {processor.py:914} INFO - Processing file /opt/airflow/dags/dags_python_with_macro.py for tasks to queue
[2025-05-12T08:49:39.730+0000] {logging_mixin.py:190} INFO - [2025-05-12T08:49:39.730+0000] {dagbag.py:588} INFO - Filling up the DagBag from /opt/airflow/dags/dags_python_with_macro.py
[2025-05-12T08:49:39.747+0000] {processor.py:925} INFO - DAG(s) 'dags_python_with_macro' retrieved from /opt/airflow/dags/dags_python_with_macro.py
[2025-05-12T08:49:39.783+0000] {logging_mixin.py:190} INFO - [2025-05-12T08:49:39.783+0000] {dag.py:3239} INFO - Sync 1 DAGs
[2025-05-12T08:49:39.825+0000] {logging_mixin.py:190} INFO - [2025-05-12T08:49:39.824+0000] {dag.py:4180} INFO - Setting next_dagrun for dags_python_with_macro to 2025-05-11 15:10:00+00:00, run_after=2025-05-12 15:10:00+00:00
[2025-05-12T08:49:39.852+0000] {processor.py:208} INFO - Processing /opt/airflow/dags/dags_python_with_macro.py took 0.137 seconds
[2025-05-12T08:50:10.346+0000] {processor.py:186} INFO - Started process (PID=2847) to work on /opt/airflow/dags/dags_python_with_macro.py
[2025-05-12T08:50:10.350+0000] {processor.py:914} INFO - Processing file /opt/airflow/dags/dags_python_with_macro.py for tasks to queue
[2025-05-12T08:50:10.351+0000] {logging_mixin.py:190} INFO - [2025-05-12T08:50:10.351+0000] {dagbag.py:588} INFO - Filling up the DagBag from /opt/airflow/dags/dags_python_with_macro.py
[2025-05-12T08:50:10.390+0000] {processor.py:925} INFO - DAG(s) 'dags_python_with_macro' retrieved from /opt/airflow/dags/dags_python_with_macro.py
[2025-05-12T08:50:10.432+0000] {logging_mixin.py:190} INFO - [2025-05-12T08:50:10.431+0000] {dag.py:3239} INFO - Sync 1 DAGs
[2025-05-12T08:50:10.470+0000] {logging_mixin.py:190} INFO - [2025-05-12T08:50:10.470+0000] {dag.py:4180} INFO - Setting next_dagrun for dags_python_with_macro to 2025-05-11 15:10:00+00:00, run_after=2025-05-12 15:10:00+00:00
[2025-05-12T08:50:10.507+0000] {processor.py:208} INFO - Processing /opt/airflow/dags/dags_python_with_macro.py took 0.169 seconds
[2025-05-12T08:50:40.817+0000] {processor.py:186} INFO - Started process (PID=2929) to work on /opt/airflow/dags/dags_python_with_macro.py
[2025-05-12T08:50:40.819+0000] {processor.py:914} INFO - Processing file /opt/airflow/dags/dags_python_with_macro.py for tasks to queue
[2025-05-12T08:50:40.821+0000] {logging_mixin.py:190} INFO - [2025-05-12T08:50:40.820+0000] {dagbag.py:588} INFO - Filling up the DagBag from /opt/airflow/dags/dags_python_with_macro.py
[2025-05-12T08:50:40.835+0000] {processor.py:925} INFO - DAG(s) 'dags_python_with_macro' retrieved from /opt/airflow/dags/dags_python_with_macro.py
[2025-05-12T08:50:40.866+0000] {logging_mixin.py:190} INFO - [2025-05-12T08:50:40.866+0000] {dag.py:3239} INFO - Sync 1 DAGs
[2025-05-12T08:50:40.906+0000] {logging_mixin.py:190} INFO - [2025-05-12T08:50:40.906+0000] {dag.py:4180} INFO - Setting next_dagrun for dags_python_with_macro to 2025-05-11 15:10:00+00:00, run_after=2025-05-12 15:10:00+00:00
[2025-05-12T08:50:40.937+0000] {processor.py:208} INFO - Processing /opt/airflow/dags/dags_python_with_macro.py took 0.130 seconds
[2025-05-12T08:51:11.039+0000] {processor.py:186} INFO - Started process (PID=3011) to work on /opt/airflow/dags/dags_python_with_macro.py
[2025-05-12T08:51:11.041+0000] {processor.py:914} INFO - Processing file /opt/airflow/dags/dags_python_with_macro.py for tasks to queue
[2025-05-12T08:51:11.042+0000] {logging_mixin.py:190} INFO - [2025-05-12T08:51:11.042+0000] {dagbag.py:588} INFO - Filling up the DagBag from /opt/airflow/dags/dags_python_with_macro.py
[2025-05-12T08:51:11.060+0000] {processor.py:925} INFO - DAG(s) 'dags_python_with_macro' retrieved from /opt/airflow/dags/dags_python_with_macro.py
[2025-05-12T08:51:11.092+0000] {logging_mixin.py:190} INFO - [2025-05-12T08:51:11.092+0000] {dag.py:3239} INFO - Sync 1 DAGs
[2025-05-12T08:51:11.133+0000] {logging_mixin.py:190} INFO - [2025-05-12T08:51:11.133+0000] {dag.py:4180} INFO - Setting next_dagrun for dags_python_with_macro to 2025-05-11 15:10:00+00:00, run_after=2025-05-12 15:10:00+00:00
[2025-05-12T08:51:11.169+0000] {processor.py:208} INFO - Processing /opt/airflow/dags/dags_python_with_macro.py took 0.140 seconds
[2025-05-12T08:51:41.346+0000] {processor.py:186} INFO - Started process (PID=3093) to work on /opt/airflow/dags/dags_python_with_macro.py
[2025-05-12T08:51:41.353+0000] {processor.py:914} INFO - Processing file /opt/airflow/dags/dags_python_with_macro.py for tasks to queue
[2025-05-12T08:51:41.356+0000] {logging_mixin.py:190} INFO - [2025-05-12T08:51:41.355+0000] {dagbag.py:588} INFO - Filling up the DagBag from /opt/airflow/dags/dags_python_with_macro.py
[2025-05-12T08:51:41.379+0000] {processor.py:925} INFO - DAG(s) 'dags_python_with_macro' retrieved from /opt/airflow/dags/dags_python_with_macro.py
[2025-05-12T08:51:41.430+0000] {logging_mixin.py:190} INFO - [2025-05-12T08:51:41.430+0000] {dag.py:3239} INFO - Sync 1 DAGs
[2025-05-12T08:51:41.479+0000] {logging_mixin.py:190} INFO - [2025-05-12T08:51:41.478+0000] {dag.py:4180} INFO - Setting next_dagrun for dags_python_with_macro to 2025-05-11 15:10:00+00:00, run_after=2025-05-12 15:10:00+00:00
[2025-05-12T08:51:41.508+0000] {processor.py:208} INFO - Processing /opt/airflow/dags/dags_python_with_macro.py took 0.170 seconds
[2025-05-12T08:52:12.287+0000] {processor.py:186} INFO - Started process (PID=3174) to work on /opt/airflow/dags/dags_python_with_macro.py
[2025-05-12T08:52:12.291+0000] {processor.py:914} INFO - Processing file /opt/airflow/dags/dags_python_with_macro.py for tasks to queue
[2025-05-12T08:52:12.295+0000] {logging_mixin.py:190} INFO - [2025-05-12T08:52:12.294+0000] {dagbag.py:588} INFO - Filling up the DagBag from /opt/airflow/dags/dags_python_with_macro.py
[2025-05-12T08:52:12.319+0000] {processor.py:925} INFO - DAG(s) 'dags_python_with_macro' retrieved from /opt/airflow/dags/dags_python_with_macro.py
[2025-05-12T08:52:12.364+0000] {logging_mixin.py:190} INFO - [2025-05-12T08:52:12.363+0000] {dag.py:3239} INFO - Sync 1 DAGs
[2025-05-12T08:52:12.422+0000] {logging_mixin.py:190} INFO - [2025-05-12T08:52:12.422+0000] {dag.py:4180} INFO - Setting next_dagrun for dags_python_with_macro to 2025-05-11 15:10:00+00:00, run_after=2025-05-12 15:10:00+00:00
[2025-05-12T08:52:12.462+0000] {processor.py:208} INFO - Processing /opt/airflow/dags/dags_python_with_macro.py took 0.190 seconds
[2025-05-12T08:52:42.622+0000] {processor.py:186} INFO - Started process (PID=3256) to work on /opt/airflow/dags/dags_python_with_macro.py
[2025-05-12T08:52:42.624+0000] {processor.py:914} INFO - Processing file /opt/airflow/dags/dags_python_with_macro.py for tasks to queue
[2025-05-12T08:52:42.626+0000] {logging_mixin.py:190} INFO - [2025-05-12T08:52:42.626+0000] {dagbag.py:588} INFO - Filling up the DagBag from /opt/airflow/dags/dags_python_with_macro.py
[2025-05-12T08:52:42.638+0000] {processor.py:925} INFO - DAG(s) 'dags_python_with_macro' retrieved from /opt/airflow/dags/dags_python_with_macro.py
[2025-05-12T08:52:42.661+0000] {logging_mixin.py:190} INFO - [2025-05-12T08:52:42.661+0000] {dag.py:3239} INFO - Sync 1 DAGs
[2025-05-12T08:52:42.689+0000] {logging_mixin.py:190} INFO - [2025-05-12T08:52:42.689+0000] {dag.py:4180} INFO - Setting next_dagrun for dags_python_with_macro to 2025-05-11 15:10:00+00:00, run_after=2025-05-12 15:10:00+00:00
[2025-05-12T08:52:42.712+0000] {processor.py:208} INFO - Processing /opt/airflow/dags/dags_python_with_macro.py took 0.096 seconds
[2025-05-12T08:53:12.881+0000] {processor.py:186} INFO - Started process (PID=3338) to work on /opt/airflow/dags/dags_python_with_macro.py
[2025-05-12T08:53:12.892+0000] {processor.py:914} INFO - Processing file /opt/airflow/dags/dags_python_with_macro.py for tasks to queue
[2025-05-12T08:53:12.893+0000] {logging_mixin.py:190} INFO - [2025-05-12T08:53:12.893+0000] {dagbag.py:588} INFO - Filling up the DagBag from /opt/airflow/dags/dags_python_with_macro.py
[2025-05-12T08:53:12.904+0000] {processor.py:925} INFO - DAG(s) 'dags_python_with_macro' retrieved from /opt/airflow/dags/dags_python_with_macro.py
[2025-05-12T08:53:12.926+0000] {logging_mixin.py:190} INFO - [2025-05-12T08:53:12.926+0000] {dag.py:3239} INFO - Sync 1 DAGs
[2025-05-12T08:53:12.954+0000] {logging_mixin.py:190} INFO - [2025-05-12T08:53:12.954+0000] {dag.py:4180} INFO - Setting next_dagrun for dags_python_with_macro to 2025-05-11 15:10:00+00:00, run_after=2025-05-12 15:10:00+00:00
[2025-05-12T08:53:12.980+0000] {processor.py:208} INFO - Processing /opt/airflow/dags/dags_python_with_macro.py took 0.105 seconds
[2025-05-12T08:53:43.119+0000] {processor.py:186} INFO - Started process (PID=3420) to work on /opt/airflow/dags/dags_python_with_macro.py
[2025-05-12T08:53:43.124+0000] {processor.py:914} INFO - Processing file /opt/airflow/dags/dags_python_with_macro.py for tasks to queue
[2025-05-12T08:53:43.126+0000] {logging_mixin.py:190} INFO - [2025-05-12T08:53:43.125+0000] {dagbag.py:588} INFO - Filling up the DagBag from /opt/airflow/dags/dags_python_with_macro.py
[2025-05-12T08:53:43.136+0000] {processor.py:925} INFO - DAG(s) 'dags_python_with_macro' retrieved from /opt/airflow/dags/dags_python_with_macro.py
[2025-05-12T08:53:43.158+0000] {logging_mixin.py:190} INFO - [2025-05-12T08:53:43.158+0000] {dag.py:3239} INFO - Sync 1 DAGs
[2025-05-12T08:53:43.187+0000] {logging_mixin.py:190} INFO - [2025-05-12T08:53:43.186+0000] {dag.py:4180} INFO - Setting next_dagrun for dags_python_with_macro to 2025-05-11 15:10:00+00:00, run_after=2025-05-12 15:10:00+00:00
[2025-05-12T08:53:43.212+0000] {processor.py:208} INFO - Processing /opt/airflow/dags/dags_python_with_macro.py took 0.098 seconds
[2025-05-12T08:54:13.492+0000] {processor.py:186} INFO - Started process (PID=3502) to work on /opt/airflow/dags/dags_python_with_macro.py
[2025-05-12T08:54:13.500+0000] {processor.py:914} INFO - Processing file /opt/airflow/dags/dags_python_with_macro.py for tasks to queue
[2025-05-12T08:54:13.502+0000] {logging_mixin.py:190} INFO - [2025-05-12T08:54:13.501+0000] {dagbag.py:588} INFO - Filling up the DagBag from /opt/airflow/dags/dags_python_with_macro.py
[2025-05-12T08:54:13.515+0000] {processor.py:925} INFO - DAG(s) 'dags_python_with_macro' retrieved from /opt/airflow/dags/dags_python_with_macro.py
[2025-05-12T08:54:13.545+0000] {logging_mixin.py:190} INFO - [2025-05-12T08:54:13.544+0000] {dag.py:3239} INFO - Sync 1 DAGs
[2025-05-12T08:54:13.580+0000] {logging_mixin.py:190} INFO - [2025-05-12T08:54:13.580+0000] {dag.py:4180} INFO - Setting next_dagrun for dags_python_with_macro to 2025-05-11 15:10:00+00:00, run_after=2025-05-12 15:10:00+00:00
[2025-05-12T08:54:13.608+0000] {processor.py:208} INFO - Processing /opt/airflow/dags/dags_python_with_macro.py took 0.126 seconds
[2025-05-12T08:54:44.255+0000] {processor.py:186} INFO - Started process (PID=3584) to work on /opt/airflow/dags/dags_python_with_macro.py
[2025-05-12T08:54:44.265+0000] {processor.py:914} INFO - Processing file /opt/airflow/dags/dags_python_with_macro.py for tasks to queue
[2025-05-12T08:54:44.267+0000] {logging_mixin.py:190} INFO - [2025-05-12T08:54:44.266+0000] {dagbag.py:588} INFO - Filling up the DagBag from /opt/airflow/dags/dags_python_with_macro.py
[2025-05-12T08:54:44.279+0000] {processor.py:925} INFO - DAG(s) 'dags_python_with_macro' retrieved from /opt/airflow/dags/dags_python_with_macro.py
[2025-05-12T08:54:44.305+0000] {logging_mixin.py:190} INFO - [2025-05-12T08:54:44.305+0000] {dag.py:3239} INFO - Sync 1 DAGs
[2025-05-12T08:54:44.340+0000] {logging_mixin.py:190} INFO - [2025-05-12T08:54:44.340+0000] {dag.py:4180} INFO - Setting next_dagrun for dags_python_with_macro to 2025-05-11 15:10:00+00:00, run_after=2025-05-12 15:10:00+00:00
[2025-05-12T08:54:44.368+0000] {processor.py:208} INFO - Processing /opt/airflow/dags/dags_python_with_macro.py took 0.121 seconds
[2025-05-12T08:55:14.703+0000] {processor.py:186} INFO - Started process (PID=3666) to work on /opt/airflow/dags/dags_python_with_macro.py
[2025-05-12T08:55:14.706+0000] {processor.py:914} INFO - Processing file /opt/airflow/dags/dags_python_with_macro.py for tasks to queue
[2025-05-12T08:55:14.707+0000] {logging_mixin.py:190} INFO - [2025-05-12T08:55:14.706+0000] {dagbag.py:588} INFO - Filling up the DagBag from /opt/airflow/dags/dags_python_with_macro.py
[2025-05-12T08:55:14.717+0000] {processor.py:925} INFO - DAG(s) 'dags_python_with_macro' retrieved from /opt/airflow/dags/dags_python_with_macro.py
[2025-05-12T08:55:14.741+0000] {logging_mixin.py:190} INFO - [2025-05-12T08:55:14.740+0000] {dag.py:3239} INFO - Sync 1 DAGs
[2025-05-12T08:55:14.766+0000] {logging_mixin.py:190} INFO - [2025-05-12T08:55:14.766+0000] {dag.py:4180} INFO - Setting next_dagrun for dags_python_with_macro to 2025-05-11 15:10:00+00:00, run_after=2025-05-12 15:10:00+00:00
[2025-05-12T08:55:14.790+0000] {processor.py:208} INFO - Processing /opt/airflow/dags/dags_python_with_macro.py took 0.093 seconds
[2025-05-12T08:55:45.031+0000] {processor.py:186} INFO - Started process (PID=3749) to work on /opt/airflow/dags/dags_python_with_macro.py
[2025-05-12T08:55:45.033+0000] {processor.py:914} INFO - Processing file /opt/airflow/dags/dags_python_with_macro.py for tasks to queue
[2025-05-12T08:55:45.035+0000] {logging_mixin.py:190} INFO - [2025-05-12T08:55:45.034+0000] {dagbag.py:588} INFO - Filling up the DagBag from /opt/airflow/dags/dags_python_with_macro.py
[2025-05-12T08:55:45.046+0000] {processor.py:925} INFO - DAG(s) 'dags_python_with_macro' retrieved from /opt/airflow/dags/dags_python_with_macro.py
[2025-05-12T08:55:45.070+0000] {logging_mixin.py:190} INFO - [2025-05-12T08:55:45.069+0000] {dag.py:3239} INFO - Sync 1 DAGs
[2025-05-12T08:55:45.102+0000] {logging_mixin.py:190} INFO - [2025-05-12T08:55:45.102+0000] {dag.py:4180} INFO - Setting next_dagrun for dags_python_with_macro to 2025-05-11 15:10:00+00:00, run_after=2025-05-12 15:10:00+00:00
[2025-05-12T08:55:45.128+0000] {processor.py:208} INFO - Processing /opt/airflow/dags/dags_python_with_macro.py took 0.103 seconds
[2025-05-12T08:56:15.518+0000] {processor.py:186} INFO - Started process (PID=3831) to work on /opt/airflow/dags/dags_python_with_macro.py
[2025-05-12T08:56:15.520+0000] {processor.py:914} INFO - Processing file /opt/airflow/dags/dags_python_with_macro.py for tasks to queue
[2025-05-12T08:56:15.521+0000] {logging_mixin.py:190} INFO - [2025-05-12T08:56:15.521+0000] {dagbag.py:588} INFO - Filling up the DagBag from /opt/airflow/dags/dags_python_with_macro.py
[2025-05-12T08:56:15.534+0000] {processor.py:925} INFO - DAG(s) 'dags_python_with_macro' retrieved from /opt/airflow/dags/dags_python_with_macro.py
[2025-05-12T08:56:15.562+0000] {logging_mixin.py:190} INFO - [2025-05-12T08:56:15.561+0000] {dag.py:3239} INFO - Sync 1 DAGs
[2025-05-12T08:56:15.592+0000] {logging_mixin.py:190} INFO - [2025-05-12T08:56:15.592+0000] {dag.py:4180} INFO - Setting next_dagrun for dags_python_with_macro to 2025-05-11 15:10:00+00:00, run_after=2025-05-12 15:10:00+00:00
[2025-05-12T08:56:15.623+0000] {processor.py:208} INFO - Processing /opt/airflow/dags/dags_python_with_macro.py took 0.112 seconds
[2025-05-12T08:56:46.044+0000] {processor.py:186} INFO - Started process (PID=3913) to work on /opt/airflow/dags/dags_python_with_macro.py
[2025-05-12T08:56:46.046+0000] {processor.py:914} INFO - Processing file /opt/airflow/dags/dags_python_with_macro.py for tasks to queue
[2025-05-12T08:56:46.048+0000] {logging_mixin.py:190} INFO - [2025-05-12T08:56:46.047+0000] {dagbag.py:588} INFO - Filling up the DagBag from /opt/airflow/dags/dags_python_with_macro.py
[2025-05-12T08:56:46.074+0000] {processor.py:925} INFO - DAG(s) 'dags_python_with_macro' retrieved from /opt/airflow/dags/dags_python_with_macro.py
[2025-05-12T08:56:46.111+0000] {logging_mixin.py:190} INFO - [2025-05-12T08:56:46.111+0000] {dag.py:3239} INFO - Sync 1 DAGs
[2025-05-12T08:56:46.145+0000] {logging_mixin.py:190} INFO - [2025-05-12T08:56:46.145+0000] {dag.py:4180} INFO - Setting next_dagrun for dags_python_with_macro to 2025-05-11 15:10:00+00:00, run_after=2025-05-12 15:10:00+00:00
[2025-05-12T08:56:46.172+0000] {processor.py:208} INFO - Processing /opt/airflow/dags/dags_python_with_macro.py took 0.139 seconds
[2025-05-12T08:57:16.437+0000] {processor.py:186} INFO - Started process (PID=3994) to work on /opt/airflow/dags/dags_python_with_macro.py
[2025-05-12T08:57:16.438+0000] {processor.py:914} INFO - Processing file /opt/airflow/dags/dags_python_with_macro.py for tasks to queue
[2025-05-12T08:57:16.440+0000] {logging_mixin.py:190} INFO - [2025-05-12T08:57:16.439+0000] {dagbag.py:588} INFO - Filling up the DagBag from /opt/airflow/dags/dags_python_with_macro.py
[2025-05-12T08:57:16.453+0000] {processor.py:925} INFO - DAG(s) 'dags_python_with_macro' retrieved from /opt/airflow/dags/dags_python_with_macro.py
[2025-05-12T08:57:16.480+0000] {logging_mixin.py:190} INFO - [2025-05-12T08:57:16.480+0000] {dag.py:3239} INFO - Sync 1 DAGs
[2025-05-12T08:57:16.514+0000] {logging_mixin.py:190} INFO - [2025-05-12T08:57:16.514+0000] {dag.py:4180} INFO - Setting next_dagrun for dags_python_with_macro to 2025-05-11 15:10:00+00:00, run_after=2025-05-12 15:10:00+00:00
[2025-05-12T08:57:16.547+0000] {processor.py:208} INFO - Processing /opt/airflow/dags/dags_python_with_macro.py took 0.118 seconds
[2025-05-12T08:57:46.730+0000] {processor.py:186} INFO - Started process (PID=4067) to work on /opt/airflow/dags/dags_python_with_macro.py
[2025-05-12T08:57:46.731+0000] {processor.py:914} INFO - Processing file /opt/airflow/dags/dags_python_with_macro.py for tasks to queue
[2025-05-12T08:57:46.732+0000] {logging_mixin.py:190} INFO - [2025-05-12T08:57:46.732+0000] {dagbag.py:588} INFO - Filling up the DagBag from /opt/airflow/dags/dags_python_with_macro.py
[2025-05-12T08:57:46.748+0000] {processor.py:925} INFO - DAG(s) 'dags_python_with_macro' retrieved from /opt/airflow/dags/dags_python_with_macro.py
[2025-05-12T08:57:46.784+0000] {logging_mixin.py:190} INFO - [2025-05-12T08:57:46.783+0000] {dag.py:3239} INFO - Sync 1 DAGs
[2025-05-12T08:57:46.819+0000] {logging_mixin.py:190} INFO - [2025-05-12T08:57:46.819+0000] {dag.py:4180} INFO - Setting next_dagrun for dags_python_with_macro to 2025-05-11 15:10:00+00:00, run_after=2025-05-12 15:10:00+00:00
[2025-05-12T08:57:46.849+0000] {processor.py:208} INFO - Processing /opt/airflow/dags/dags_python_with_macro.py took 0.128 seconds
[2025-05-12T08:58:17.030+0000] {processor.py:186} INFO - Started process (PID=4139) to work on /opt/airflow/dags/dags_python_with_macro.py
[2025-05-12T08:58:17.031+0000] {processor.py:914} INFO - Processing file /opt/airflow/dags/dags_python_with_macro.py for tasks to queue
[2025-05-12T08:58:17.033+0000] {logging_mixin.py:190} INFO - [2025-05-12T08:58:17.033+0000] {dagbag.py:588} INFO - Filling up the DagBag from /opt/airflow/dags/dags_python_with_macro.py
[2025-05-12T08:58:17.046+0000] {processor.py:925} INFO - DAG(s) 'dags_python_with_macro' retrieved from /opt/airflow/dags/dags_python_with_macro.py
[2025-05-12T08:58:17.071+0000] {logging_mixin.py:190} INFO - [2025-05-12T08:58:17.071+0000] {dag.py:3239} INFO - Sync 1 DAGs
[2025-05-12T08:58:17.107+0000] {logging_mixin.py:190} INFO - [2025-05-12T08:58:17.107+0000] {dag.py:4180} INFO - Setting next_dagrun for dags_python_with_macro to 2025-05-11 15:10:00+00:00, run_after=2025-05-12 15:10:00+00:00
[2025-05-12T08:58:17.132+0000] {processor.py:208} INFO - Processing /opt/airflow/dags/dags_python_with_macro.py took 0.109 seconds
[2025-05-12T08:58:47.483+0000] {processor.py:186} INFO - Started process (PID=4216) to work on /opt/airflow/dags/dags_python_with_macro.py
[2025-05-12T08:58:47.485+0000] {processor.py:914} INFO - Processing file /opt/airflow/dags/dags_python_with_macro.py for tasks to queue
[2025-05-12T08:58:47.487+0000] {logging_mixin.py:190} INFO - [2025-05-12T08:58:47.486+0000] {dagbag.py:588} INFO - Filling up the DagBag from /opt/airflow/dags/dags_python_with_macro.py
[2025-05-12T08:58:47.499+0000] {processor.py:925} INFO - DAG(s) 'dags_python_with_macro' retrieved from /opt/airflow/dags/dags_python_with_macro.py
[2025-05-12T08:58:47.524+0000] {logging_mixin.py:190} INFO - [2025-05-12T08:58:47.524+0000] {dag.py:3239} INFO - Sync 1 DAGs
[2025-05-12T08:58:47.555+0000] {logging_mixin.py:190} INFO - [2025-05-12T08:58:47.555+0000] {dag.py:4180} INFO - Setting next_dagrun for dags_python_with_macro to 2025-05-11 15:10:00+00:00, run_after=2025-05-12 15:10:00+00:00
[2025-05-12T08:58:47.579+0000] {processor.py:208} INFO - Processing /opt/airflow/dags/dags_python_with_macro.py took 0.104 seconds
[2025-05-12T08:59:17.992+0000] {processor.py:186} INFO - Started process (PID=4295) to work on /opt/airflow/dags/dags_python_with_macro.py
[2025-05-12T08:59:17.994+0000] {processor.py:914} INFO - Processing file /opt/airflow/dags/dags_python_with_macro.py for tasks to queue
[2025-05-12T08:59:17.995+0000] {logging_mixin.py:190} INFO - [2025-05-12T08:59:17.995+0000] {dagbag.py:588} INFO - Filling up the DagBag from /opt/airflow/dags/dags_python_with_macro.py
[2025-05-12T08:59:18.011+0000] {processor.py:925} INFO - DAG(s) 'dags_python_with_macro' retrieved from /opt/airflow/dags/dags_python_with_macro.py
[2025-05-12T08:59:18.037+0000] {logging_mixin.py:190} INFO - [2025-05-12T08:59:18.037+0000] {dag.py:3239} INFO - Sync 1 DAGs
[2025-05-12T08:59:18.069+0000] {logging_mixin.py:190} INFO - [2025-05-12T08:59:18.069+0000] {dag.py:4180} INFO - Setting next_dagrun for dags_python_with_macro to 2025-05-11 15:10:00+00:00, run_after=2025-05-12 15:10:00+00:00
[2025-05-12T08:59:18.098+0000] {processor.py:208} INFO - Processing /opt/airflow/dags/dags_python_with_macro.py took 0.113 seconds
[2025-05-12T08:59:48.561+0000] {processor.py:186} INFO - Started process (PID=4377) to work on /opt/airflow/dags/dags_python_with_macro.py
[2025-05-12T08:59:48.562+0000] {processor.py:914} INFO - Processing file /opt/airflow/dags/dags_python_with_macro.py for tasks to queue
[2025-05-12T08:59:48.564+0000] {logging_mixin.py:190} INFO - [2025-05-12T08:59:48.563+0000] {dagbag.py:588} INFO - Filling up the DagBag from /opt/airflow/dags/dags_python_with_macro.py
[2025-05-12T08:59:48.577+0000] {processor.py:925} INFO - DAG(s) 'dags_python_with_macro' retrieved from /opt/airflow/dags/dags_python_with_macro.py
[2025-05-12T08:59:48.605+0000] {logging_mixin.py:190} INFO - [2025-05-12T08:59:48.605+0000] {dag.py:3239} INFO - Sync 1 DAGs
[2025-05-12T08:59:48.638+0000] {logging_mixin.py:190} INFO - [2025-05-12T08:59:48.638+0000] {dag.py:4180} INFO - Setting next_dagrun for dags_python_with_macro to 2025-05-11 15:10:00+00:00, run_after=2025-05-12 15:10:00+00:00
[2025-05-12T08:59:48.666+0000] {processor.py:208} INFO - Processing /opt/airflow/dags/dags_python_with_macro.py took 0.113 seconds
[2025-05-12T09:00:19.377+0000] {processor.py:186} INFO - Started process (PID=4459) to work on /opt/airflow/dags/dags_python_with_macro.py
[2025-05-12T09:00:19.378+0000] {processor.py:914} INFO - Processing file /opt/airflow/dags/dags_python_with_macro.py for tasks to queue
[2025-05-12T09:00:19.381+0000] {logging_mixin.py:190} INFO - [2025-05-12T09:00:19.380+0000] {dagbag.py:588} INFO - Filling up the DagBag from /opt/airflow/dags/dags_python_with_macro.py
[2025-05-12T09:00:19.400+0000] {processor.py:925} INFO - DAG(s) 'dags_python_with_macro' retrieved from /opt/airflow/dags/dags_python_with_macro.py
[2025-05-12T09:00:19.424+0000] {logging_mixin.py:190} INFO - [2025-05-12T09:00:19.424+0000] {dag.py:3239} INFO - Sync 1 DAGs
[2025-05-12T09:00:19.454+0000] {logging_mixin.py:190} INFO - [2025-05-12T09:00:19.454+0000] {dag.py:4180} INFO - Setting next_dagrun for dags_python_with_macro to 2025-05-11 15:10:00+00:00, run_after=2025-05-12 15:10:00+00:00
[2025-05-12T09:00:19.478+0000] {processor.py:208} INFO - Processing /opt/airflow/dags/dags_python_with_macro.py took 0.109 seconds
[2025-05-12T09:00:50.258+0000] {processor.py:186} INFO - Started process (PID=4541) to work on /opt/airflow/dags/dags_python_with_macro.py
[2025-05-12T09:00:50.261+0000] {processor.py:914} INFO - Processing file /opt/airflow/dags/dags_python_with_macro.py for tasks to queue
[2025-05-12T09:00:50.264+0000] {logging_mixin.py:190} INFO - [2025-05-12T09:00:50.264+0000] {dagbag.py:588} INFO - Filling up the DagBag from /opt/airflow/dags/dags_python_with_macro.py
[2025-05-12T09:00:50.284+0000] {processor.py:925} INFO - DAG(s) 'dags_python_with_macro' retrieved from /opt/airflow/dags/dags_python_with_macro.py
[2025-05-12T09:00:50.319+0000] {logging_mixin.py:190} INFO - [2025-05-12T09:00:50.318+0000] {dag.py:3239} INFO - Sync 1 DAGs
[2025-05-12T09:00:50.366+0000] {logging_mixin.py:190} INFO - [2025-05-12T09:00:50.366+0000] {dag.py:4180} INFO - Setting next_dagrun for dags_python_with_macro to 2025-05-11 15:10:00+00:00, run_after=2025-05-12 15:10:00+00:00
[2025-05-12T09:00:50.400+0000] {processor.py:208} INFO - Processing /opt/airflow/dags/dags_python_with_macro.py took 0.156 seconds
