[2025-05-12T08:32:29.543+0000] {processor.py:186} INFO - Started process (PID=67) to work on /opt/airflow/dags/dags_bash_python_with_xcom.py
[2025-05-12T08:32:29.544+0000] {processor.py:914} INFO - Processing file /opt/airflow/dags/dags_bash_python_with_xcom.py for tasks to queue
[2025-05-12T08:32:29.547+0000] {logging_mixin.py:190} INFO - [2025-05-12T08:32:29.547+0000] {dagbag.py:588} INFO - Filling up the DagBag from /opt/airflow/dags/dags_bash_python_with_xcom.py
[2025-05-12T08:32:29.563+0000] {processor.py:925} INFO - DAG(s) 'dags_bash_python_with_xcom' retrieved from /opt/airflow/dags/dags_bash_python_with_xcom.py
[2025-05-12T08:32:30.437+0000] {logging_mixin.py:190} INFO - [2025-05-12T08:32:30.435+0000] {override.py:1912} INFO - Created Permission View: can delete on DAG:dags_bash_python_with_xcom
[2025-05-12T08:32:30.460+0000] {logging_mixin.py:190} INFO - [2025-05-12T08:32:30.459+0000] {override.py:1912} INFO - Created Permission View: can read on DAG:dags_bash_python_with_xcom
[2025-05-12T08:32:30.478+0000] {logging_mixin.py:190} INFO - [2025-05-12T08:32:30.478+0000] {override.py:1912} INFO - Created Permission View: can edit on DAG:dags_bash_python_with_xcom
[2025-05-12T08:32:30.499+0000] {logging_mixin.py:190} INFO - [2025-05-12T08:32:30.498+0000] {override.py:1912} INFO - Created Permission View: can delete on DAG Run:dags_bash_python_with_xcom
[2025-05-12T08:32:30.614+0000] {logging_mixin.py:190} INFO - [2025-05-12T08:32:30.614+0000] {override.py:1912} INFO - Created Permission View: can read on DAG Run:dags_bash_python_with_xcom
[2025-05-12T08:32:30.642+0000] {logging_mixin.py:190} INFO - [2025-05-12T08:32:30.641+0000] {override.py:1912} INFO - Created Permission View: can create on DAG Run:dags_bash_python_with_xcom
[2025-05-12T08:32:30.652+0000] {logging_mixin.py:190} INFO - [2025-05-12T08:32:30.652+0000] {override.py:1912} INFO - Created Permission View: menu access on DAG Run:dags_bash_python_with_xcom
[2025-05-12T08:32:30.653+0000] {logging_mixin.py:190} INFO - [2025-05-12T08:32:30.653+0000] {dag.py:3239} INFO - Sync 1 DAGs
[2025-05-12T08:32:30.684+0000] {logging_mixin.py:190} INFO - [2025-05-12T08:32:30.683+0000] {dag.py:3262} INFO - Creating ORM DAG for dags_bash_python_with_xcom
[2025-05-12T08:32:30.781+0000] {logging_mixin.py:190} INFO - [2025-05-12T08:32:30.781+0000] {dag.py:4180} INFO - Setting next_dagrun for dags_bash_python_with_xcom to 2025-05-11 00:30:00+00:00, run_after=2025-05-12 00:30:00+00:00
[2025-05-12T08:32:30.845+0000] {processor.py:208} INFO - Processing /opt/airflow/dags/dags_bash_python_with_xcom.py took 1.476 seconds
[2025-05-12T08:33:46.656+0000] {processor.py:186} INFO - Started process (PID=221) to work on /opt/airflow/dags/dags_bash_python_with_xcom.py
[2025-05-12T08:33:46.659+0000] {processor.py:914} INFO - Processing file /opt/airflow/dags/dags_bash_python_with_xcom.py for tasks to queue
[2025-05-12T08:33:46.663+0000] {logging_mixin.py:190} INFO - [2025-05-12T08:33:46.662+0000] {dagbag.py:588} INFO - Filling up the DagBag from /opt/airflow/dags/dags_bash_python_with_xcom.py
[2025-05-12T08:33:46.693+0000] {processor.py:925} INFO - DAG(s) 'dags_bash_python_with_xcom' retrieved from /opt/airflow/dags/dags_bash_python_with_xcom.py
[2025-05-12T08:33:46.759+0000] {logging_mixin.py:190} INFO - [2025-05-12T08:33:46.758+0000] {dag.py:3239} INFO - Sync 1 DAGs
[2025-05-12T08:33:46.861+0000] {logging_mixin.py:190} INFO - [2025-05-12T08:33:46.861+0000] {dag.py:4180} INFO - Setting next_dagrun for dags_bash_python_with_xcom to 2025-05-11 00:30:00+00:00, run_after=2025-05-12 00:30:00+00:00
[2025-05-12T08:33:46.928+0000] {processor.py:208} INFO - Processing /opt/airflow/dags/dags_bash_python_with_xcom.py took 0.288 seconds
[2025-05-12T08:34:17.122+0000] {processor.py:186} INFO - Started process (PID=304) to work on /opt/airflow/dags/dags_bash_python_with_xcom.py
[2025-05-12T08:34:17.125+0000] {processor.py:914} INFO - Processing file /opt/airflow/dags/dags_bash_python_with_xcom.py for tasks to queue
[2025-05-12T08:34:17.128+0000] {logging_mixin.py:190} INFO - [2025-05-12T08:34:17.127+0000] {dagbag.py:588} INFO - Filling up the DagBag from /opt/airflow/dags/dags_bash_python_with_xcom.py
[2025-05-12T08:34:17.158+0000] {processor.py:925} INFO - DAG(s) 'dags_bash_python_with_xcom' retrieved from /opt/airflow/dags/dags_bash_python_with_xcom.py
[2025-05-12T08:34:17.200+0000] {logging_mixin.py:190} INFO - [2025-05-12T08:34:17.199+0000] {dag.py:3239} INFO - Sync 1 DAGs
[2025-05-12T08:34:17.250+0000] {logging_mixin.py:190} INFO - [2025-05-12T08:34:17.249+0000] {dag.py:4180} INFO - Setting next_dagrun for dags_bash_python_with_xcom to 2025-05-12 00:30:00+00:00, run_after=2025-05-13 00:30:00+00:00
[2025-05-12T08:34:17.296+0000] {processor.py:208} INFO - Processing /opt/airflow/dags/dags_bash_python_with_xcom.py took 0.186 seconds
[2025-05-12T08:34:47.552+0000] {processor.py:186} INFO - Started process (PID=386) to work on /opt/airflow/dags/dags_bash_python_with_xcom.py
[2025-05-12T08:34:47.553+0000] {processor.py:914} INFO - Processing file /opt/airflow/dags/dags_bash_python_with_xcom.py for tasks to queue
[2025-05-12T08:34:47.554+0000] {logging_mixin.py:190} INFO - [2025-05-12T08:34:47.554+0000] {dagbag.py:588} INFO - Filling up the DagBag from /opt/airflow/dags/dags_bash_python_with_xcom.py
[2025-05-12T08:34:47.567+0000] {processor.py:925} INFO - DAG(s) 'dags_bash_python_with_xcom' retrieved from /opt/airflow/dags/dags_bash_python_with_xcom.py
[2025-05-12T08:34:47.592+0000] {logging_mixin.py:190} INFO - [2025-05-12T08:34:47.592+0000] {dag.py:3239} INFO - Sync 1 DAGs
[2025-05-12T08:34:47.618+0000] {logging_mixin.py:190} INFO - [2025-05-12T08:34:47.618+0000] {dag.py:4180} INFO - Setting next_dagrun for dags_bash_python_with_xcom to 2025-05-12 00:30:00+00:00, run_after=2025-05-13 00:30:00+00:00
[2025-05-12T08:34:47.642+0000] {processor.py:208} INFO - Processing /opt/airflow/dags/dags_bash_python_with_xcom.py took 0.096 seconds
[2025-05-12T08:34:54.437+0000] {processor.py:186} INFO - Started process (PID=418) to work on /opt/airflow/dags/dags_bash_python_with_xcom.py
[2025-05-12T08:34:54.438+0000] {processor.py:914} INFO - Processing file /opt/airflow/dags/dags_bash_python_with_xcom.py for tasks to queue
[2025-05-12T08:34:54.439+0000] {logging_mixin.py:190} INFO - [2025-05-12T08:34:54.439+0000] {dagbag.py:588} INFO - Filling up the DagBag from /opt/airflow/dags/dags_bash_python_with_xcom.py
[2025-05-12T08:34:54.457+0000] {processor.py:925} INFO - DAG(s) 'dags_bash_python_with_xcom' retrieved from /opt/airflow/dags/dags_bash_python_with_xcom.py
[2025-05-12T08:34:54.577+0000] {logging_mixin.py:190} INFO - [2025-05-12T08:34:54.577+0000] {dag.py:3239} INFO - Sync 1 DAGs
[2025-05-12T08:34:54.602+0000] {logging_mixin.py:190} INFO - [2025-05-12T08:34:54.602+0000] {dag.py:4180} INFO - Setting next_dagrun for dags_bash_python_with_xcom to 2025-05-12 00:30:00+00:00, run_after=2025-05-13 00:30:00+00:00
[2025-05-12T08:34:54.628+0000] {processor.py:208} INFO - Processing /opt/airflow/dags/dags_bash_python_with_xcom.py took 0.197 seconds
[2025-05-12T08:35:21.590+0000] {processor.py:186} INFO - Started process (PID=499) to work on /opt/airflow/dags/dags_bash_python_with_xcom.py
[2025-05-12T08:35:21.591+0000] {processor.py:914} INFO - Processing file /opt/airflow/dags/dags_bash_python_with_xcom.py for tasks to queue
[2025-05-12T08:35:21.593+0000] {logging_mixin.py:190} INFO - [2025-05-12T08:35:21.592+0000] {dagbag.py:588} INFO - Filling up the DagBag from /opt/airflow/dags/dags_bash_python_with_xcom.py
[2025-05-12T08:35:21.607+0000] {processor.py:925} INFO - DAG(s) 'dags_bash_python_with_xcom' retrieved from /opt/airflow/dags/dags_bash_python_with_xcom.py
[2025-05-12T08:35:21.622+0000] {logging_mixin.py:190} INFO - [2025-05-12T08:35:21.621+0000] {dag.py:3239} INFO - Sync 1 DAGs
[2025-05-12T08:35:21.654+0000] {logging_mixin.py:190} INFO - [2025-05-12T08:35:21.654+0000] {dag.py:4180} INFO - Setting next_dagrun for dags_bash_python_with_xcom to 2025-05-12 00:30:00+00:00, run_after=2025-05-13 00:30:00+00:00
[2025-05-12T08:35:21.683+0000] {processor.py:208} INFO - Processing /opt/airflow/dags/dags_bash_python_with_xcom.py took 0.100 seconds
[2025-05-12T08:35:52.726+0000] {processor.py:186} INFO - Started process (PID=573) to work on /opt/airflow/dags/dags_bash_python_with_xcom.py
[2025-05-12T08:35:52.728+0000] {processor.py:914} INFO - Processing file /opt/airflow/dags/dags_bash_python_with_xcom.py for tasks to queue
[2025-05-12T08:35:52.731+0000] {logging_mixin.py:190} INFO - [2025-05-12T08:35:52.730+0000] {dagbag.py:588} INFO - Filling up the DagBag from /opt/airflow/dags/dags_bash_python_with_xcom.py
[2025-05-12T08:35:52.749+0000] {processor.py:925} INFO - DAG(s) 'dags_bash_python_with_xcom' retrieved from /opt/airflow/dags/dags_bash_python_with_xcom.py
[2025-05-12T08:35:52.945+0000] {logging_mixin.py:190} INFO - [2025-05-12T08:35:52.944+0000] {dag.py:3239} INFO - Sync 1 DAGs
[2025-05-12T08:35:52.979+0000] {logging_mixin.py:190} INFO - [2025-05-12T08:35:52.979+0000] {dag.py:4180} INFO - Setting next_dagrun for dags_bash_python_with_xcom to 2025-05-12 00:30:00+00:00, run_after=2025-05-13 00:30:00+00:00
[2025-05-12T08:35:53.014+0000] {processor.py:208} INFO - Processing /opt/airflow/dags/dags_bash_python_with_xcom.py took 0.296 seconds
[2025-05-12T08:36:23.169+0000] {processor.py:186} INFO - Started process (PID=656) to work on /opt/airflow/dags/dags_bash_python_with_xcom.py
[2025-05-12T08:36:23.170+0000] {processor.py:914} INFO - Processing file /opt/airflow/dags/dags_bash_python_with_xcom.py for tasks to queue
[2025-05-12T08:36:23.172+0000] {logging_mixin.py:190} INFO - [2025-05-12T08:36:23.172+0000] {dagbag.py:588} INFO - Filling up the DagBag from /opt/airflow/dags/dags_bash_python_with_xcom.py
[2025-05-12T08:36:23.187+0000] {processor.py:925} INFO - DAG(s) 'dags_bash_python_with_xcom' retrieved from /opt/airflow/dags/dags_bash_python_with_xcom.py
[2025-05-12T08:36:23.218+0000] {logging_mixin.py:190} INFO - [2025-05-12T08:36:23.218+0000] {dag.py:3239} INFO - Sync 1 DAGs
[2025-05-12T08:36:23.257+0000] {logging_mixin.py:190} INFO - [2025-05-12T08:36:23.257+0000] {dag.py:4180} INFO - Setting next_dagrun for dags_bash_python_with_xcom to 2025-05-12 00:30:00+00:00, run_after=2025-05-13 00:30:00+00:00
[2025-05-12T08:36:23.293+0000] {processor.py:208} INFO - Processing /opt/airflow/dags/dags_bash_python_with_xcom.py took 0.131 seconds
[2025-05-12T08:36:54.435+0000] {processor.py:186} INFO - Started process (PID=736) to work on /opt/airflow/dags/dags_bash_python_with_xcom.py
[2025-05-12T08:36:54.437+0000] {processor.py:914} INFO - Processing file /opt/airflow/dags/dags_bash_python_with_xcom.py for tasks to queue
[2025-05-12T08:36:54.438+0000] {logging_mixin.py:190} INFO - [2025-05-12T08:36:54.437+0000] {dagbag.py:588} INFO - Filling up the DagBag from /opt/airflow/dags/dags_bash_python_with_xcom.py
[2025-05-12T08:36:54.449+0000] {processor.py:925} INFO - DAG(s) 'dags_bash_python_with_xcom' retrieved from /opt/airflow/dags/dags_bash_python_with_xcom.py
[2025-05-12T08:36:54.471+0000] {logging_mixin.py:190} INFO - [2025-05-12T08:36:54.471+0000] {dag.py:3239} INFO - Sync 1 DAGs
[2025-05-12T08:36:54.497+0000] {logging_mixin.py:190} INFO - [2025-05-12T08:36:54.497+0000] {dag.py:4180} INFO - Setting next_dagrun for dags_bash_python_with_xcom to 2025-05-12 00:30:00+00:00, run_after=2025-05-13 00:30:00+00:00
[2025-05-12T08:36:54.517+0000] {processor.py:208} INFO - Processing /opt/airflow/dags/dags_bash_python_with_xcom.py took 0.088 seconds
[2025-05-12T08:37:25.967+0000] {processor.py:186} INFO - Started process (PID=816) to work on /opt/airflow/dags/dags_bash_python_with_xcom.py
[2025-05-12T08:37:25.968+0000] {processor.py:914} INFO - Processing file /opt/airflow/dags/dags_bash_python_with_xcom.py for tasks to queue
[2025-05-12T08:37:25.969+0000] {logging_mixin.py:190} INFO - [2025-05-12T08:37:25.969+0000] {dagbag.py:588} INFO - Filling up the DagBag from /opt/airflow/dags/dags_bash_python_with_xcom.py
[2025-05-12T08:37:25.981+0000] {processor.py:925} INFO - DAG(s) 'dags_bash_python_with_xcom' retrieved from /opt/airflow/dags/dags_bash_python_with_xcom.py
[2025-05-12T08:37:26.000+0000] {logging_mixin.py:190} INFO - [2025-05-12T08:37:26.000+0000] {dag.py:3239} INFO - Sync 1 DAGs
[2025-05-12T08:37:26.026+0000] {logging_mixin.py:190} INFO - [2025-05-12T08:37:26.025+0000] {dag.py:4180} INFO - Setting next_dagrun for dags_bash_python_with_xcom to 2025-05-12 00:30:00+00:00, run_after=2025-05-13 00:30:00+00:00
[2025-05-12T08:37:26.057+0000] {processor.py:208} INFO - Processing /opt/airflow/dags/dags_bash_python_with_xcom.py took 0.096 seconds
[2025-05-12T08:37:56.229+0000] {processor.py:186} INFO - Started process (PID=889) to work on /opt/airflow/dags/dags_bash_python_with_xcom.py
[2025-05-12T08:37:56.230+0000] {processor.py:914} INFO - Processing file /opt/airflow/dags/dags_bash_python_with_xcom.py for tasks to queue
[2025-05-12T08:37:56.232+0000] {logging_mixin.py:190} INFO - [2025-05-12T08:37:56.231+0000] {dagbag.py:588} INFO - Filling up the DagBag from /opt/airflow/dags/dags_bash_python_with_xcom.py
[2025-05-12T08:37:56.245+0000] {processor.py:925} INFO - DAG(s) 'dags_bash_python_with_xcom' retrieved from /opt/airflow/dags/dags_bash_python_with_xcom.py
[2025-05-12T08:37:56.268+0000] {logging_mixin.py:190} INFO - [2025-05-12T08:37:56.268+0000] {dag.py:3239} INFO - Sync 1 DAGs
[2025-05-12T08:37:56.299+0000] {logging_mixin.py:190} INFO - [2025-05-12T08:37:56.299+0000] {dag.py:4180} INFO - Setting next_dagrun for dags_bash_python_with_xcom to 2025-05-12 00:30:00+00:00, run_after=2025-05-13 00:30:00+00:00
[2025-05-12T08:37:56.321+0000] {processor.py:208} INFO - Processing /opt/airflow/dags/dags_bash_python_with_xcom.py took 0.099 seconds
[2025-05-12T08:38:26.669+0000] {processor.py:186} INFO - Started process (PID=969) to work on /opt/airflow/dags/dags_bash_python_with_xcom.py
[2025-05-12T08:38:26.678+0000] {processor.py:914} INFO - Processing file /opt/airflow/dags/dags_bash_python_with_xcom.py for tasks to queue
[2025-05-12T08:38:26.680+0000] {logging_mixin.py:190} INFO - [2025-05-12T08:38:26.680+0000] {dagbag.py:588} INFO - Filling up the DagBag from /opt/airflow/dags/dags_bash_python_with_xcom.py
[2025-05-12T08:38:26.699+0000] {processor.py:925} INFO - DAG(s) 'dags_bash_python_with_xcom' retrieved from /opt/airflow/dags/dags_bash_python_with_xcom.py
[2025-05-12T08:38:26.725+0000] {logging_mixin.py:190} INFO - [2025-05-12T08:38:26.725+0000] {dag.py:3239} INFO - Sync 1 DAGs
[2025-05-12T08:38:26.761+0000] {logging_mixin.py:190} INFO - [2025-05-12T08:38:26.761+0000] {dag.py:4180} INFO - Setting next_dagrun for dags_bash_python_with_xcom to 2025-05-12 00:30:00+00:00, run_after=2025-05-13 00:30:00+00:00
[2025-05-12T08:38:26.787+0000] {processor.py:208} INFO - Processing /opt/airflow/dags/dags_bash_python_with_xcom.py took 0.131 seconds
[2025-05-12T08:38:57.645+0000] {processor.py:186} INFO - Started process (PID=1051) to work on /opt/airflow/dags/dags_bash_python_with_xcom.py
[2025-05-12T08:38:57.648+0000] {processor.py:914} INFO - Processing file /opt/airflow/dags/dags_bash_python_with_xcom.py for tasks to queue
[2025-05-12T08:38:57.649+0000] {logging_mixin.py:190} INFO - [2025-05-12T08:38:57.649+0000] {dagbag.py:588} INFO - Filling up the DagBag from /opt/airflow/dags/dags_bash_python_with_xcom.py
[2025-05-12T08:38:57.663+0000] {processor.py:925} INFO - DAG(s) 'dags_bash_python_with_xcom' retrieved from /opt/airflow/dags/dags_bash_python_with_xcom.py
[2025-05-12T08:38:57.694+0000] {logging_mixin.py:190} INFO - [2025-05-12T08:38:57.694+0000] {dag.py:3239} INFO - Sync 1 DAGs
[2025-05-12T08:38:57.725+0000] {logging_mixin.py:190} INFO - [2025-05-12T08:38:57.725+0000] {dag.py:4180} INFO - Setting next_dagrun for dags_bash_python_with_xcom to 2025-05-12 00:30:00+00:00, run_after=2025-05-13 00:30:00+00:00
[2025-05-12T08:38:57.749+0000] {processor.py:208} INFO - Processing /opt/airflow/dags/dags_bash_python_with_xcom.py took 0.113 seconds
[2025-05-12T08:39:28.234+0000] {processor.py:186} INFO - Started process (PID=1133) to work on /opt/airflow/dags/dags_bash_python_with_xcom.py
[2025-05-12T08:39:28.236+0000] {processor.py:914} INFO - Processing file /opt/airflow/dags/dags_bash_python_with_xcom.py for tasks to queue
[2025-05-12T08:39:28.237+0000] {logging_mixin.py:190} INFO - [2025-05-12T08:39:28.237+0000] {dagbag.py:588} INFO - Filling up the DagBag from /opt/airflow/dags/dags_bash_python_with_xcom.py
[2025-05-12T08:39:28.251+0000] {processor.py:925} INFO - DAG(s) 'dags_bash_python_with_xcom' retrieved from /opt/airflow/dags/dags_bash_python_with_xcom.py
[2025-05-12T08:39:28.277+0000] {logging_mixin.py:190} INFO - [2025-05-12T08:39:28.276+0000] {dag.py:3239} INFO - Sync 1 DAGs
[2025-05-12T08:39:28.308+0000] {logging_mixin.py:190} INFO - [2025-05-12T08:39:28.308+0000] {dag.py:4180} INFO - Setting next_dagrun for dags_bash_python_with_xcom to 2025-05-12 00:30:00+00:00, run_after=2025-05-13 00:30:00+00:00
[2025-05-12T08:39:28.331+0000] {processor.py:208} INFO - Processing /opt/airflow/dags/dags_bash_python_with_xcom.py took 0.104 seconds
[2025-05-12T08:39:58.553+0000] {processor.py:186} INFO - Started process (PID=1206) to work on /opt/airflow/dags/dags_bash_python_with_xcom.py
[2025-05-12T08:39:58.557+0000] {processor.py:914} INFO - Processing file /opt/airflow/dags/dags_bash_python_with_xcom.py for tasks to queue
[2025-05-12T08:39:58.559+0000] {logging_mixin.py:190} INFO - [2025-05-12T08:39:58.559+0000] {dagbag.py:588} INFO - Filling up the DagBag from /opt/airflow/dags/dags_bash_python_with_xcom.py
[2025-05-12T08:39:58.577+0000] {processor.py:925} INFO - DAG(s) 'dags_bash_python_with_xcom' retrieved from /opt/airflow/dags/dags_bash_python_with_xcom.py
[2025-05-12T08:39:58.618+0000] {logging_mixin.py:190} INFO - [2025-05-12T08:39:58.617+0000] {dag.py:3239} INFO - Sync 1 DAGs
[2025-05-12T08:39:58.655+0000] {logging_mixin.py:190} INFO - [2025-05-12T08:39:58.655+0000] {dag.py:4180} INFO - Setting next_dagrun for dags_bash_python_with_xcom to 2025-05-12 00:30:00+00:00, run_after=2025-05-13 00:30:00+00:00
[2025-05-12T08:39:58.693+0000] {processor.py:208} INFO - Processing /opt/airflow/dags/dags_bash_python_with_xcom.py took 0.151 seconds
[2025-05-12T08:40:29.343+0000] {processor.py:186} INFO - Started process (PID=1286) to work on /opt/airflow/dags/dags_bash_python_with_xcom.py
[2025-05-12T08:40:29.344+0000] {processor.py:914} INFO - Processing file /opt/airflow/dags/dags_bash_python_with_xcom.py for tasks to queue
[2025-05-12T08:40:29.345+0000] {logging_mixin.py:190} INFO - [2025-05-12T08:40:29.345+0000] {dagbag.py:588} INFO - Filling up the DagBag from /opt/airflow/dags/dags_bash_python_with_xcom.py
[2025-05-12T08:40:29.359+0000] {processor.py:925} INFO - DAG(s) 'dags_bash_python_with_xcom' retrieved from /opt/airflow/dags/dags_bash_python_with_xcom.py
[2025-05-12T08:40:29.384+0000] {logging_mixin.py:190} INFO - [2025-05-12T08:40:29.383+0000] {dag.py:3239} INFO - Sync 1 DAGs
[2025-05-12T08:40:29.412+0000] {logging_mixin.py:190} INFO - [2025-05-12T08:40:29.411+0000] {dag.py:4180} INFO - Setting next_dagrun for dags_bash_python_with_xcom to 2025-05-12 00:30:00+00:00, run_after=2025-05-13 00:30:00+00:00
[2025-05-12T08:40:29.432+0000] {processor.py:208} INFO - Processing /opt/airflow/dags/dags_bash_python_with_xcom.py took 0.097 seconds
[2025-05-12T08:40:59.809+0000] {processor.py:186} INFO - Started process (PID=1368) to work on /opt/airflow/dags/dags_bash_python_with_xcom.py
[2025-05-12T08:40:59.819+0000] {processor.py:914} INFO - Processing file /opt/airflow/dags/dags_bash_python_with_xcom.py for tasks to queue
[2025-05-12T08:40:59.820+0000] {logging_mixin.py:190} INFO - [2025-05-12T08:40:59.820+0000] {dagbag.py:588} INFO - Filling up the DagBag from /opt/airflow/dags/dags_bash_python_with_xcom.py
[2025-05-12T08:40:59.842+0000] {processor.py:925} INFO - DAG(s) 'dags_bash_python_with_xcom' retrieved from /opt/airflow/dags/dags_bash_python_with_xcom.py
[2025-05-12T08:40:59.873+0000] {logging_mixin.py:190} INFO - [2025-05-12T08:40:59.872+0000] {dag.py:3239} INFO - Sync 1 DAGs
[2025-05-12T08:40:59.917+0000] {logging_mixin.py:190} INFO - [2025-05-12T08:40:59.917+0000] {dag.py:4180} INFO - Setting next_dagrun for dags_bash_python_with_xcom to 2025-05-12 00:30:00+00:00, run_after=2025-05-13 00:30:00+00:00
[2025-05-12T08:40:59.953+0000] {processor.py:208} INFO - Processing /opt/airflow/dags/dags_bash_python_with_xcom.py took 0.157 seconds
[2025-05-12T08:41:30.194+0000] {processor.py:186} INFO - Started process (PID=1450) to work on /opt/airflow/dags/dags_bash_python_with_xcom.py
[2025-05-12T08:41:30.201+0000] {processor.py:914} INFO - Processing file /opt/airflow/dags/dags_bash_python_with_xcom.py for tasks to queue
[2025-05-12T08:41:30.202+0000] {logging_mixin.py:190} INFO - [2025-05-12T08:41:30.202+0000] {dagbag.py:588} INFO - Filling up the DagBag from /opt/airflow/dags/dags_bash_python_with_xcom.py
[2025-05-12T08:41:30.215+0000] {processor.py:925} INFO - DAG(s) 'dags_bash_python_with_xcom' retrieved from /opt/airflow/dags/dags_bash_python_with_xcom.py
[2025-05-12T08:41:30.242+0000] {logging_mixin.py:190} INFO - [2025-05-12T08:41:30.242+0000] {dag.py:3239} INFO - Sync 1 DAGs
[2025-05-12T08:41:30.273+0000] {logging_mixin.py:190} INFO - [2025-05-12T08:41:30.273+0000] {dag.py:4180} INFO - Setting next_dagrun for dags_bash_python_with_xcom to 2025-05-12 00:30:00+00:00, run_after=2025-05-13 00:30:00+00:00
[2025-05-12T08:41:30.299+0000] {processor.py:208} INFO - Processing /opt/airflow/dags/dags_bash_python_with_xcom.py took 0.113 seconds
[2025-05-12T08:42:00.678+0000] {processor.py:186} INFO - Started process (PID=1532) to work on /opt/airflow/dags/dags_bash_python_with_xcom.py
[2025-05-12T08:42:00.681+0000] {processor.py:914} INFO - Processing file /opt/airflow/dags/dags_bash_python_with_xcom.py for tasks to queue
[2025-05-12T08:42:00.684+0000] {logging_mixin.py:190} INFO - [2025-05-12T08:42:00.683+0000] {dagbag.py:588} INFO - Filling up the DagBag from /opt/airflow/dags/dags_bash_python_with_xcom.py
[2025-05-12T08:42:00.701+0000] {processor.py:925} INFO - DAG(s) 'dags_bash_python_with_xcom' retrieved from /opt/airflow/dags/dags_bash_python_with_xcom.py
[2025-05-12T08:42:00.727+0000] {logging_mixin.py:190} INFO - [2025-05-12T08:42:00.727+0000] {dag.py:3239} INFO - Sync 1 DAGs
[2025-05-12T08:42:00.765+0000] {logging_mixin.py:190} INFO - [2025-05-12T08:42:00.765+0000] {dag.py:4180} INFO - Setting next_dagrun for dags_bash_python_with_xcom to 2025-05-12 00:30:00+00:00, run_after=2025-05-13 00:30:00+00:00
[2025-05-12T08:42:00.788+0000] {processor.py:208} INFO - Processing /opt/airflow/dags/dags_bash_python_with_xcom.py took 0.118 seconds
[2025-05-12T08:42:31.010+0000] {processor.py:186} INFO - Started process (PID=1614) to work on /opt/airflow/dags/dags_bash_python_with_xcom.py
[2025-05-12T08:42:31.012+0000] {processor.py:914} INFO - Processing file /opt/airflow/dags/dags_bash_python_with_xcom.py for tasks to queue
[2025-05-12T08:42:31.014+0000] {logging_mixin.py:190} INFO - [2025-05-12T08:42:31.013+0000] {dagbag.py:588} INFO - Filling up the DagBag from /opt/airflow/dags/dags_bash_python_with_xcom.py
[2025-05-12T08:42:31.026+0000] {processor.py:925} INFO - DAG(s) 'dags_bash_python_with_xcom' retrieved from /opt/airflow/dags/dags_bash_python_with_xcom.py
[2025-05-12T08:42:31.060+0000] {logging_mixin.py:190} INFO - [2025-05-12T08:42:31.060+0000] {dag.py:3239} INFO - Sync 1 DAGs
[2025-05-12T08:42:31.093+0000] {logging_mixin.py:190} INFO - [2025-05-12T08:42:31.093+0000] {dag.py:4180} INFO - Setting next_dagrun for dags_bash_python_with_xcom to 2025-05-12 00:30:00+00:00, run_after=2025-05-13 00:30:00+00:00
[2025-05-12T08:42:31.118+0000] {processor.py:208} INFO - Processing /opt/airflow/dags/dags_bash_python_with_xcom.py took 0.115 seconds
[2025-05-12T08:43:01.377+0000] {processor.py:186} INFO - Started process (PID=1696) to work on /opt/airflow/dags/dags_bash_python_with_xcom.py
[2025-05-12T08:43:01.379+0000] {processor.py:914} INFO - Processing file /opt/airflow/dags/dags_bash_python_with_xcom.py for tasks to queue
[2025-05-12T08:43:01.381+0000] {logging_mixin.py:190} INFO - [2025-05-12T08:43:01.380+0000] {dagbag.py:588} INFO - Filling up the DagBag from /opt/airflow/dags/dags_bash_python_with_xcom.py
[2025-05-12T08:43:01.398+0000] {processor.py:925} INFO - DAG(s) 'dags_bash_python_with_xcom' retrieved from /opt/airflow/dags/dags_bash_python_with_xcom.py
[2025-05-12T08:43:01.421+0000] {logging_mixin.py:190} INFO - [2025-05-12T08:43:01.420+0000] {dag.py:3239} INFO - Sync 1 DAGs
[2025-05-12T08:43:01.446+0000] {logging_mixin.py:190} INFO - [2025-05-12T08:43:01.445+0000] {dag.py:4180} INFO - Setting next_dagrun for dags_bash_python_with_xcom to 2025-05-12 00:30:00+00:00, run_after=2025-05-13 00:30:00+00:00
[2025-05-12T08:43:01.468+0000] {processor.py:208} INFO - Processing /opt/airflow/dags/dags_bash_python_with_xcom.py took 0.106 seconds
[2025-05-12T08:43:32.000+0000] {processor.py:186} INFO - Started process (PID=1778) to work on /opt/airflow/dags/dags_bash_python_with_xcom.py
[2025-05-12T08:43:32.010+0000] {processor.py:914} INFO - Processing file /opt/airflow/dags/dags_bash_python_with_xcom.py for tasks to queue
[2025-05-12T08:43:32.012+0000] {logging_mixin.py:190} INFO - [2025-05-12T08:43:32.012+0000] {dagbag.py:588} INFO - Filling up the DagBag from /opt/airflow/dags/dags_bash_python_with_xcom.py
[2025-05-12T08:43:32.028+0000] {processor.py:925} INFO - DAG(s) 'dags_bash_python_with_xcom' retrieved from /opt/airflow/dags/dags_bash_python_with_xcom.py
[2025-05-12T08:43:32.055+0000] {logging_mixin.py:190} INFO - [2025-05-12T08:43:32.054+0000] {dag.py:3239} INFO - Sync 1 DAGs
[2025-05-12T08:43:32.086+0000] {logging_mixin.py:190} INFO - [2025-05-12T08:43:32.086+0000] {dag.py:4180} INFO - Setting next_dagrun for dags_bash_python_with_xcom to 2025-05-12 00:30:00+00:00, run_after=2025-05-13 00:30:00+00:00
[2025-05-12T08:43:32.111+0000] {processor.py:208} INFO - Processing /opt/airflow/dags/dags_bash_python_with_xcom.py took 0.118 seconds
[2025-05-12T08:44:02.490+0000] {processor.py:186} INFO - Started process (PID=1860) to work on /opt/airflow/dags/dags_bash_python_with_xcom.py
[2025-05-12T08:44:02.492+0000] {processor.py:914} INFO - Processing file /opt/airflow/dags/dags_bash_python_with_xcom.py for tasks to queue
[2025-05-12T08:44:02.493+0000] {logging_mixin.py:190} INFO - [2025-05-12T08:44:02.493+0000] {dagbag.py:588} INFO - Filling up the DagBag from /opt/airflow/dags/dags_bash_python_with_xcom.py
[2025-05-12T08:44:02.507+0000] {processor.py:925} INFO - DAG(s) 'dags_bash_python_with_xcom' retrieved from /opt/airflow/dags/dags_bash_python_with_xcom.py
[2025-05-12T08:44:02.537+0000] {logging_mixin.py:190} INFO - [2025-05-12T08:44:02.537+0000] {dag.py:3239} INFO - Sync 1 DAGs
[2025-05-12T08:44:02.571+0000] {logging_mixin.py:190} INFO - [2025-05-12T08:44:02.571+0000] {dag.py:4180} INFO - Setting next_dagrun for dags_bash_python_with_xcom to 2025-05-12 00:30:00+00:00, run_after=2025-05-13 00:30:00+00:00
[2025-05-12T08:44:02.598+0000] {processor.py:208} INFO - Processing /opt/airflow/dags/dags_bash_python_with_xcom.py took 0.115 seconds
[2025-05-12T08:44:32.757+0000] {processor.py:186} INFO - Started process (PID=1942) to work on /opt/airflow/dags/dags_bash_python_with_xcom.py
[2025-05-12T08:44:32.768+0000] {processor.py:914} INFO - Processing file /opt/airflow/dags/dags_bash_python_with_xcom.py for tasks to queue
[2025-05-12T08:44:32.770+0000] {logging_mixin.py:190} INFO - [2025-05-12T08:44:32.769+0000] {dagbag.py:588} INFO - Filling up the DagBag from /opt/airflow/dags/dags_bash_python_with_xcom.py
[2025-05-12T08:44:32.784+0000] {processor.py:925} INFO - DAG(s) 'dags_bash_python_with_xcom' retrieved from /opt/airflow/dags/dags_bash_python_with_xcom.py
[2025-05-12T08:44:32.814+0000] {logging_mixin.py:190} INFO - [2025-05-12T08:44:32.814+0000] {dag.py:3239} INFO - Sync 1 DAGs
[2025-05-12T08:44:32.847+0000] {logging_mixin.py:190} INFO - [2025-05-12T08:44:32.847+0000] {dag.py:4180} INFO - Setting next_dagrun for dags_bash_python_with_xcom to 2025-05-12 00:30:00+00:00, run_after=2025-05-13 00:30:00+00:00
[2025-05-12T08:44:32.877+0000] {processor.py:208} INFO - Processing /opt/airflow/dags/dags_bash_python_with_xcom.py took 0.129 seconds
[2025-05-12T08:45:03.561+0000] {processor.py:186} INFO - Started process (PID=2025) to work on /opt/airflow/dags/dags_bash_python_with_xcom.py
[2025-05-12T08:45:03.583+0000] {processor.py:914} INFO - Processing file /opt/airflow/dags/dags_bash_python_with_xcom.py for tasks to queue
[2025-05-12T08:45:03.585+0000] {logging_mixin.py:190} INFO - [2025-05-12T08:45:03.585+0000] {dagbag.py:588} INFO - Filling up the DagBag from /opt/airflow/dags/dags_bash_python_with_xcom.py
[2025-05-12T08:45:03.600+0000] {processor.py:925} INFO - DAG(s) 'dags_bash_python_with_xcom' retrieved from /opt/airflow/dags/dags_bash_python_with_xcom.py
[2025-05-12T08:45:03.631+0000] {logging_mixin.py:190} INFO - [2025-05-12T08:45:03.631+0000] {dag.py:3239} INFO - Sync 1 DAGs
[2025-05-12T08:45:03.672+0000] {logging_mixin.py:190} INFO - [2025-05-12T08:45:03.672+0000] {dag.py:4180} INFO - Setting next_dagrun for dags_bash_python_with_xcom to 2025-05-12 00:30:00+00:00, run_after=2025-05-13 00:30:00+00:00
[2025-05-12T08:45:03.699+0000] {processor.py:208} INFO - Processing /opt/airflow/dags/dags_bash_python_with_xcom.py took 0.145 seconds
[2025-05-12T08:45:34.578+0000] {processor.py:186} INFO - Started process (PID=2107) to work on /opt/airflow/dags/dags_bash_python_with_xcom.py
[2025-05-12T08:45:34.584+0000] {processor.py:914} INFO - Processing file /opt/airflow/dags/dags_bash_python_with_xcom.py for tasks to queue
[2025-05-12T08:45:34.587+0000] {logging_mixin.py:190} INFO - [2025-05-12T08:45:34.586+0000] {dagbag.py:588} INFO - Filling up the DagBag from /opt/airflow/dags/dags_bash_python_with_xcom.py
[2025-05-12T08:45:34.601+0000] {processor.py:925} INFO - DAG(s) 'dags_bash_python_with_xcom' retrieved from /opt/airflow/dags/dags_bash_python_with_xcom.py
[2025-05-12T08:45:34.631+0000] {logging_mixin.py:190} INFO - [2025-05-12T08:45:34.630+0000] {dag.py:3239} INFO - Sync 1 DAGs
[2025-05-12T08:45:34.666+0000] {logging_mixin.py:190} INFO - [2025-05-12T08:45:34.666+0000] {dag.py:4180} INFO - Setting next_dagrun for dags_bash_python_with_xcom to 2025-05-12 00:30:00+00:00, run_after=2025-05-13 00:30:00+00:00
[2025-05-12T08:45:34.690+0000] {processor.py:208} INFO - Processing /opt/airflow/dags/dags_bash_python_with_xcom.py took 0.121 seconds
[2025-05-12T08:46:04.779+0000] {processor.py:186} INFO - Started process (PID=2189) to work on /opt/airflow/dags/dags_bash_python_with_xcom.py
[2025-05-12T08:46:04.788+0000] {processor.py:914} INFO - Processing file /opt/airflow/dags/dags_bash_python_with_xcom.py for tasks to queue
[2025-05-12T08:46:04.791+0000] {logging_mixin.py:190} INFO - [2025-05-12T08:46:04.790+0000] {dagbag.py:588} INFO - Filling up the DagBag from /opt/airflow/dags/dags_bash_python_with_xcom.py
[2025-05-12T08:46:04.805+0000] {processor.py:925} INFO - DAG(s) 'dags_bash_python_with_xcom' retrieved from /opt/airflow/dags/dags_bash_python_with_xcom.py
[2025-05-12T08:46:04.833+0000] {logging_mixin.py:190} INFO - [2025-05-12T08:46:04.833+0000] {dag.py:3239} INFO - Sync 1 DAGs
[2025-05-12T08:46:04.866+0000] {logging_mixin.py:190} INFO - [2025-05-12T08:46:04.865+0000] {dag.py:4180} INFO - Setting next_dagrun for dags_bash_python_with_xcom to 2025-05-12 00:30:00+00:00, run_after=2025-05-13 00:30:00+00:00
[2025-05-12T08:46:04.894+0000] {processor.py:208} INFO - Processing /opt/airflow/dags/dags_bash_python_with_xcom.py took 0.122 seconds
[2025-05-12T08:46:35.383+0000] {processor.py:186} INFO - Started process (PID=2271) to work on /opt/airflow/dags/dags_bash_python_with_xcom.py
[2025-05-12T08:46:35.392+0000] {processor.py:914} INFO - Processing file /opt/airflow/dags/dags_bash_python_with_xcom.py for tasks to queue
[2025-05-12T08:46:35.394+0000] {logging_mixin.py:190} INFO - [2025-05-12T08:46:35.394+0000] {dagbag.py:588} INFO - Filling up the DagBag from /opt/airflow/dags/dags_bash_python_with_xcom.py
[2025-05-12T08:46:35.409+0000] {processor.py:925} INFO - DAG(s) 'dags_bash_python_with_xcom' retrieved from /opt/airflow/dags/dags_bash_python_with_xcom.py
[2025-05-12T08:46:35.440+0000] {logging_mixin.py:190} INFO - [2025-05-12T08:46:35.439+0000] {dag.py:3239} INFO - Sync 1 DAGs
[2025-05-12T08:46:35.480+0000] {logging_mixin.py:190} INFO - [2025-05-12T08:46:35.480+0000] {dag.py:4180} INFO - Setting next_dagrun for dags_bash_python_with_xcom to 2025-05-12 00:30:00+00:00, run_after=2025-05-13 00:30:00+00:00
[2025-05-12T08:46:35.509+0000] {processor.py:208} INFO - Processing /opt/airflow/dags/dags_bash_python_with_xcom.py took 0.137 seconds
[2025-05-12T08:47:06.221+0000] {processor.py:186} INFO - Started process (PID=2353) to work on /opt/airflow/dags/dags_bash_python_with_xcom.py
[2025-05-12T08:47:06.230+0000] {processor.py:914} INFO - Processing file /opt/airflow/dags/dags_bash_python_with_xcom.py for tasks to queue
[2025-05-12T08:47:06.232+0000] {logging_mixin.py:190} INFO - [2025-05-12T08:47:06.232+0000] {dagbag.py:588} INFO - Filling up the DagBag from /opt/airflow/dags/dags_bash_python_with_xcom.py
[2025-05-12T08:47:06.247+0000] {processor.py:925} INFO - DAG(s) 'dags_bash_python_with_xcom' retrieved from /opt/airflow/dags/dags_bash_python_with_xcom.py
[2025-05-12T08:47:06.272+0000] {logging_mixin.py:190} INFO - [2025-05-12T08:47:06.272+0000] {dag.py:3239} INFO - Sync 1 DAGs
[2025-05-12T08:47:06.305+0000] {logging_mixin.py:190} INFO - [2025-05-12T08:47:06.305+0000] {dag.py:4180} INFO - Setting next_dagrun for dags_bash_python_with_xcom to 2025-05-12 00:30:00+00:00, run_after=2025-05-13 00:30:00+00:00
[2025-05-12T08:47:06.335+0000] {processor.py:208} INFO - Processing /opt/airflow/dags/dags_bash_python_with_xcom.py took 0.121 seconds
[2025-05-12T08:47:36.513+0000] {processor.py:186} INFO - Started process (PID=2435) to work on /opt/airflow/dags/dags_bash_python_with_xcom.py
[2025-05-12T08:47:36.541+0000] {processor.py:914} INFO - Processing file /opt/airflow/dags/dags_bash_python_with_xcom.py for tasks to queue
[2025-05-12T08:47:36.542+0000] {logging_mixin.py:190} INFO - [2025-05-12T08:47:36.542+0000] {dagbag.py:588} INFO - Filling up the DagBag from /opt/airflow/dags/dags_bash_python_with_xcom.py
[2025-05-12T08:47:36.556+0000] {processor.py:925} INFO - DAG(s) 'dags_bash_python_with_xcom' retrieved from /opt/airflow/dags/dags_bash_python_with_xcom.py
[2025-05-12T08:47:36.584+0000] {logging_mixin.py:190} INFO - [2025-05-12T08:47:36.584+0000] {dag.py:3239} INFO - Sync 1 DAGs
[2025-05-12T08:47:36.617+0000] {logging_mixin.py:190} INFO - [2025-05-12T08:47:36.617+0000] {dag.py:4180} INFO - Setting next_dagrun for dags_bash_python_with_xcom to 2025-05-12 00:30:00+00:00, run_after=2025-05-13 00:30:00+00:00
[2025-05-12T08:47:36.651+0000] {processor.py:208} INFO - Processing /opt/airflow/dags/dags_bash_python_with_xcom.py took 0.146 seconds
[2025-05-12T08:48:07.016+0000] {processor.py:186} INFO - Started process (PID=2517) to work on /opt/airflow/dags/dags_bash_python_with_xcom.py
[2025-05-12T08:48:07.017+0000] {processor.py:914} INFO - Processing file /opt/airflow/dags/dags_bash_python_with_xcom.py for tasks to queue
[2025-05-12T08:48:07.019+0000] {logging_mixin.py:190} INFO - [2025-05-12T08:48:07.018+0000] {dagbag.py:588} INFO - Filling up the DagBag from /opt/airflow/dags/dags_bash_python_with_xcom.py
[2025-05-12T08:48:07.033+0000] {processor.py:925} INFO - DAG(s) 'dags_bash_python_with_xcom' retrieved from /opt/airflow/dags/dags_bash_python_with_xcom.py
[2025-05-12T08:48:07.060+0000] {logging_mixin.py:190} INFO - [2025-05-12T08:48:07.060+0000] {dag.py:3239} INFO - Sync 1 DAGs
[2025-05-12T08:48:07.093+0000] {logging_mixin.py:190} INFO - [2025-05-12T08:48:07.093+0000] {dag.py:4180} INFO - Setting next_dagrun for dags_bash_python_with_xcom to 2025-05-12 00:30:00+00:00, run_after=2025-05-13 00:30:00+00:00
[2025-05-12T08:48:07.118+0000] {processor.py:208} INFO - Processing /opt/airflow/dags/dags_bash_python_with_xcom.py took 0.110 seconds
[2025-05-12T08:48:37.776+0000] {processor.py:186} INFO - Started process (PID=2598) to work on /opt/airflow/dags/dags_bash_python_with_xcom.py
[2025-05-12T08:48:37.779+0000] {processor.py:914} INFO - Processing file /opt/airflow/dags/dags_bash_python_with_xcom.py for tasks to queue
[2025-05-12T08:48:37.781+0000] {logging_mixin.py:190} INFO - [2025-05-12T08:48:37.781+0000] {dagbag.py:588} INFO - Filling up the DagBag from /opt/airflow/dags/dags_bash_python_with_xcom.py
[2025-05-12T08:48:37.797+0000] {processor.py:925} INFO - DAG(s) 'dags_bash_python_with_xcom' retrieved from /opt/airflow/dags/dags_bash_python_with_xcom.py
[2025-05-12T08:48:37.830+0000] {logging_mixin.py:190} INFO - [2025-05-12T08:48:37.830+0000] {dag.py:3239} INFO - Sync 1 DAGs
[2025-05-12T08:48:37.864+0000] {logging_mixin.py:190} INFO - [2025-05-12T08:48:37.864+0000] {dag.py:4180} INFO - Setting next_dagrun for dags_bash_python_with_xcom to 2025-05-12 00:30:00+00:00, run_after=2025-05-13 00:30:00+00:00
[2025-05-12T08:48:37.891+0000] {processor.py:208} INFO - Processing /opt/airflow/dags/dags_bash_python_with_xcom.py took 0.123 seconds
[2025-05-12T08:49:08.273+0000] {processor.py:186} INFO - Started process (PID=2679) to work on /opt/airflow/dags/dags_bash_python_with_xcom.py
[2025-05-12T08:49:08.274+0000] {processor.py:914} INFO - Processing file /opt/airflow/dags/dags_bash_python_with_xcom.py for tasks to queue
[2025-05-12T08:49:08.276+0000] {logging_mixin.py:190} INFO - [2025-05-12T08:49:08.275+0000] {dagbag.py:588} INFO - Filling up the DagBag from /opt/airflow/dags/dags_bash_python_with_xcom.py
[2025-05-12T08:49:08.289+0000] {processor.py:925} INFO - DAG(s) 'dags_bash_python_with_xcom' retrieved from /opt/airflow/dags/dags_bash_python_with_xcom.py
[2025-05-12T08:49:08.316+0000] {logging_mixin.py:190} INFO - [2025-05-12T08:49:08.315+0000] {dag.py:3239} INFO - Sync 1 DAGs
[2025-05-12T08:49:08.348+0000] {logging_mixin.py:190} INFO - [2025-05-12T08:49:08.347+0000] {dag.py:4180} INFO - Setting next_dagrun for dags_bash_python_with_xcom to 2025-05-12 00:30:00+00:00, run_after=2025-05-13 00:30:00+00:00
[2025-05-12T08:49:08.375+0000] {processor.py:208} INFO - Processing /opt/airflow/dags/dags_bash_python_with_xcom.py took 0.115 seconds
[2025-05-12T08:49:38.556+0000] {processor.py:186} INFO - Started process (PID=2761) to work on /opt/airflow/dags/dags_bash_python_with_xcom.py
[2025-05-12T08:49:38.565+0000] {processor.py:914} INFO - Processing file /opt/airflow/dags/dags_bash_python_with_xcom.py for tasks to queue
[2025-05-12T08:49:38.567+0000] {logging_mixin.py:190} INFO - [2025-05-12T08:49:38.566+0000] {dagbag.py:588} INFO - Filling up the DagBag from /opt/airflow/dags/dags_bash_python_with_xcom.py
[2025-05-12T08:49:38.581+0000] {processor.py:925} INFO - DAG(s) 'dags_bash_python_with_xcom' retrieved from /opt/airflow/dags/dags_bash_python_with_xcom.py
[2025-05-12T08:49:38.606+0000] {logging_mixin.py:190} INFO - [2025-05-12T08:49:38.606+0000] {dag.py:3239} INFO - Sync 1 DAGs
[2025-05-12T08:49:38.637+0000] {logging_mixin.py:190} INFO - [2025-05-12T08:49:38.637+0000] {dag.py:4180} INFO - Setting next_dagrun for dags_bash_python_with_xcom to 2025-05-12 00:30:00+00:00, run_after=2025-05-13 00:30:00+00:00
[2025-05-12T08:49:38.661+0000] {processor.py:208} INFO - Processing /opt/airflow/dags/dags_bash_python_with_xcom.py took 0.115 seconds
[2025-05-12T08:50:09.118+0000] {processor.py:186} INFO - Started process (PID=2843) to work on /opt/airflow/dags/dags_bash_python_with_xcom.py
[2025-05-12T08:50:09.129+0000] {processor.py:914} INFO - Processing file /opt/airflow/dags/dags_bash_python_with_xcom.py for tasks to queue
[2025-05-12T08:50:09.131+0000] {logging_mixin.py:190} INFO - [2025-05-12T08:50:09.130+0000] {dagbag.py:588} INFO - Filling up the DagBag from /opt/airflow/dags/dags_bash_python_with_xcom.py
[2025-05-12T08:50:09.148+0000] {processor.py:925} INFO - DAG(s) 'dags_bash_python_with_xcom' retrieved from /opt/airflow/dags/dags_bash_python_with_xcom.py
[2025-05-12T08:50:09.176+0000] {logging_mixin.py:190} INFO - [2025-05-12T08:50:09.176+0000] {dag.py:3239} INFO - Sync 1 DAGs
[2025-05-12T08:50:09.220+0000] {logging_mixin.py:190} INFO - [2025-05-12T08:50:09.219+0000] {dag.py:4180} INFO - Setting next_dagrun for dags_bash_python_with_xcom to 2025-05-12 00:30:00+00:00, run_after=2025-05-13 00:30:00+00:00
[2025-05-12T08:50:09.259+0000] {processor.py:208} INFO - Processing /opt/airflow/dags/dags_bash_python_with_xcom.py took 0.151 seconds
[2025-05-12T08:50:39.615+0000] {processor.py:186} INFO - Started process (PID=2925) to work on /opt/airflow/dags/dags_bash_python_with_xcom.py
[2025-05-12T08:50:39.617+0000] {processor.py:914} INFO - Processing file /opt/airflow/dags/dags_bash_python_with_xcom.py for tasks to queue
[2025-05-12T08:50:39.620+0000] {logging_mixin.py:190} INFO - [2025-05-12T08:50:39.619+0000] {dagbag.py:588} INFO - Filling up the DagBag from /opt/airflow/dags/dags_bash_python_with_xcom.py
[2025-05-12T08:50:39.638+0000] {processor.py:925} INFO - DAG(s) 'dags_bash_python_with_xcom' retrieved from /opt/airflow/dags/dags_bash_python_with_xcom.py
[2025-05-12T08:50:39.673+0000] {logging_mixin.py:190} INFO - [2025-05-12T08:50:39.672+0000] {dag.py:3239} INFO - Sync 1 DAGs
[2025-05-12T08:50:39.713+0000] {logging_mixin.py:190} INFO - [2025-05-12T08:50:39.712+0000] {dag.py:4180} INFO - Setting next_dagrun for dags_bash_python_with_xcom to 2025-05-12 00:30:00+00:00, run_after=2025-05-13 00:30:00+00:00
[2025-05-12T08:50:39.745+0000] {processor.py:208} INFO - Processing /opt/airflow/dags/dags_bash_python_with_xcom.py took 0.140 seconds
[2025-05-12T08:51:09.823+0000] {processor.py:186} INFO - Started process (PID=3007) to work on /opt/airflow/dags/dags_bash_python_with_xcom.py
[2025-05-12T08:51:09.831+0000] {processor.py:914} INFO - Processing file /opt/airflow/dags/dags_bash_python_with_xcom.py for tasks to queue
[2025-05-12T08:51:09.833+0000] {logging_mixin.py:190} INFO - [2025-05-12T08:51:09.833+0000] {dagbag.py:588} INFO - Filling up the DagBag from /opt/airflow/dags/dags_bash_python_with_xcom.py
[2025-05-12T08:51:09.851+0000] {processor.py:925} INFO - DAG(s) 'dags_bash_python_with_xcom' retrieved from /opt/airflow/dags/dags_bash_python_with_xcom.py
[2025-05-12T08:51:09.885+0000] {logging_mixin.py:190} INFO - [2025-05-12T08:51:09.884+0000] {dag.py:3239} INFO - Sync 1 DAGs
[2025-05-12T08:51:09.924+0000] {logging_mixin.py:190} INFO - [2025-05-12T08:51:09.923+0000] {dag.py:4180} INFO - Setting next_dagrun for dags_bash_python_with_xcom to 2025-05-12 00:30:00+00:00, run_after=2025-05-13 00:30:00+00:00
[2025-05-12T08:51:09.957+0000] {processor.py:208} INFO - Processing /opt/airflow/dags/dags_bash_python_with_xcom.py took 0.145 seconds
[2025-05-12T08:51:40.110+0000] {processor.py:186} INFO - Started process (PID=3089) to work on /opt/airflow/dags/dags_bash_python_with_xcom.py
[2025-05-12T08:51:40.113+0000] {processor.py:914} INFO - Processing file /opt/airflow/dags/dags_bash_python_with_xcom.py for tasks to queue
[2025-05-12T08:51:40.115+0000] {logging_mixin.py:190} INFO - [2025-05-12T08:51:40.114+0000] {dagbag.py:588} INFO - Filling up the DagBag from /opt/airflow/dags/dags_bash_python_with_xcom.py
[2025-05-12T08:51:40.133+0000] {processor.py:925} INFO - DAG(s) 'dags_bash_python_with_xcom' retrieved from /opt/airflow/dags/dags_bash_python_with_xcom.py
[2025-05-12T08:51:40.172+0000] {logging_mixin.py:190} INFO - [2025-05-12T08:51:40.172+0000] {dag.py:3239} INFO - Sync 1 DAGs
[2025-05-12T08:51:40.218+0000] {logging_mixin.py:190} INFO - [2025-05-12T08:51:40.218+0000] {dag.py:4180} INFO - Setting next_dagrun for dags_bash_python_with_xcom to 2025-05-12 00:30:00+00:00, run_after=2025-05-13 00:30:00+00:00
[2025-05-12T08:51:40.260+0000] {processor.py:208} INFO - Processing /opt/airflow/dags/dags_bash_python_with_xcom.py took 0.160 seconds
[2025-05-12T08:52:11.077+0000] {processor.py:186} INFO - Started process (PID=3170) to work on /opt/airflow/dags/dags_bash_python_with_xcom.py
[2025-05-12T08:52:11.085+0000] {processor.py:914} INFO - Processing file /opt/airflow/dags/dags_bash_python_with_xcom.py for tasks to queue
[2025-05-12T08:52:11.088+0000] {logging_mixin.py:190} INFO - [2025-05-12T08:52:11.087+0000] {dagbag.py:588} INFO - Filling up the DagBag from /opt/airflow/dags/dags_bash_python_with_xcom.py
[2025-05-12T08:52:11.105+0000] {processor.py:925} INFO - DAG(s) 'dags_bash_python_with_xcom' retrieved from /opt/airflow/dags/dags_bash_python_with_xcom.py
[2025-05-12T08:52:11.137+0000] {logging_mixin.py:190} INFO - [2025-05-12T08:52:11.137+0000] {dag.py:3239} INFO - Sync 1 DAGs
[2025-05-12T08:52:11.176+0000] {logging_mixin.py:190} INFO - [2025-05-12T08:52:11.175+0000] {dag.py:4180} INFO - Setting next_dagrun for dags_bash_python_with_xcom to 2025-05-12 00:30:00+00:00, run_after=2025-05-13 00:30:00+00:00
[2025-05-12T08:52:11.215+0000] {processor.py:208} INFO - Processing /opt/airflow/dags/dags_bash_python_with_xcom.py took 0.146 seconds
[2025-05-12T08:52:41.474+0000] {processor.py:186} INFO - Started process (PID=3252) to work on /opt/airflow/dags/dags_bash_python_with_xcom.py
[2025-05-12T08:52:41.477+0000] {processor.py:914} INFO - Processing file /opt/airflow/dags/dags_bash_python_with_xcom.py for tasks to queue
[2025-05-12T08:52:41.479+0000] {logging_mixin.py:190} INFO - [2025-05-12T08:52:41.479+0000] {dagbag.py:588} INFO - Filling up the DagBag from /opt/airflow/dags/dags_bash_python_with_xcom.py
[2025-05-12T08:52:41.490+0000] {processor.py:925} INFO - DAG(s) 'dags_bash_python_with_xcom' retrieved from /opt/airflow/dags/dags_bash_python_with_xcom.py
[2025-05-12T08:52:41.513+0000] {logging_mixin.py:190} INFO - [2025-05-12T08:52:41.513+0000] {dag.py:3239} INFO - Sync 1 DAGs
[2025-05-12T08:52:41.543+0000] {logging_mixin.py:190} INFO - [2025-05-12T08:52:41.543+0000] {dag.py:4180} INFO - Setting next_dagrun for dags_bash_python_with_xcom to 2025-05-12 00:30:00+00:00, run_after=2025-05-13 00:30:00+00:00
[2025-05-12T08:52:41.569+0000] {processor.py:208} INFO - Processing /opt/airflow/dags/dags_bash_python_with_xcom.py took 0.106 seconds
[2025-05-12T08:53:11.712+0000] {processor.py:186} INFO - Started process (PID=3334) to work on /opt/airflow/dags/dags_bash_python_with_xcom.py
[2025-05-12T08:53:11.721+0000] {processor.py:914} INFO - Processing file /opt/airflow/dags/dags_bash_python_with_xcom.py for tasks to queue
[2025-05-12T08:53:11.722+0000] {logging_mixin.py:190} INFO - [2025-05-12T08:53:11.722+0000] {dagbag.py:588} INFO - Filling up the DagBag from /opt/airflow/dags/dags_bash_python_with_xcom.py
[2025-05-12T08:53:11.738+0000] {processor.py:925} INFO - DAG(s) 'dags_bash_python_with_xcom' retrieved from /opt/airflow/dags/dags_bash_python_with_xcom.py
[2025-05-12T08:53:11.767+0000] {logging_mixin.py:190} INFO - [2025-05-12T08:53:11.766+0000] {dag.py:3239} INFO - Sync 1 DAGs
[2025-05-12T08:53:11.799+0000] {logging_mixin.py:190} INFO - [2025-05-12T08:53:11.798+0000] {dag.py:4180} INFO - Setting next_dagrun for dags_bash_python_with_xcom to 2025-05-12 00:30:00+00:00, run_after=2025-05-13 00:30:00+00:00
[2025-05-12T08:53:11.825+0000] {processor.py:208} INFO - Processing /opt/airflow/dags/dags_bash_python_with_xcom.py took 0.125 seconds
[2025-05-12T08:53:41.948+0000] {processor.py:186} INFO - Started process (PID=3416) to work on /opt/airflow/dags/dags_bash_python_with_xcom.py
[2025-05-12T08:53:41.949+0000] {processor.py:914} INFO - Processing file /opt/airflow/dags/dags_bash_python_with_xcom.py for tasks to queue
[2025-05-12T08:53:41.951+0000] {logging_mixin.py:190} INFO - [2025-05-12T08:53:41.950+0000] {dagbag.py:588} INFO - Filling up the DagBag from /opt/airflow/dags/dags_bash_python_with_xcom.py
[2025-05-12T08:53:41.963+0000] {processor.py:925} INFO - DAG(s) 'dags_bash_python_with_xcom' retrieved from /opt/airflow/dags/dags_bash_python_with_xcom.py
[2025-05-12T08:53:41.989+0000] {logging_mixin.py:190} INFO - [2025-05-12T08:53:41.989+0000] {dag.py:3239} INFO - Sync 1 DAGs
[2025-05-12T08:53:42.027+0000] {logging_mixin.py:190} INFO - [2025-05-12T08:53:42.027+0000] {dag.py:4180} INFO - Setting next_dagrun for dags_bash_python_with_xcom to 2025-05-12 00:30:00+00:00, run_after=2025-05-13 00:30:00+00:00
[2025-05-12T08:53:42.066+0000] {processor.py:208} INFO - Processing /opt/airflow/dags/dags_bash_python_with_xcom.py took 0.125 seconds
[2025-05-12T08:54:12.300+0000] {processor.py:186} INFO - Started process (PID=3498) to work on /opt/airflow/dags/dags_bash_python_with_xcom.py
[2025-05-12T08:54:12.304+0000] {processor.py:914} INFO - Processing file /opt/airflow/dags/dags_bash_python_with_xcom.py for tasks to queue
[2025-05-12T08:54:12.306+0000] {logging_mixin.py:190} INFO - [2025-05-12T08:54:12.305+0000] {dagbag.py:588} INFO - Filling up the DagBag from /opt/airflow/dags/dags_bash_python_with_xcom.py
[2025-05-12T08:54:12.321+0000] {processor.py:925} INFO - DAG(s) 'dags_bash_python_with_xcom' retrieved from /opt/airflow/dags/dags_bash_python_with_xcom.py
[2025-05-12T08:54:12.348+0000] {logging_mixin.py:190} INFO - [2025-05-12T08:54:12.348+0000] {dag.py:3239} INFO - Sync 1 DAGs
[2025-05-12T08:54:12.401+0000] {logging_mixin.py:190} INFO - [2025-05-12T08:54:12.401+0000] {dag.py:4180} INFO - Setting next_dagrun for dags_bash_python_with_xcom to 2025-05-12 00:30:00+00:00, run_after=2025-05-13 00:30:00+00:00
[2025-05-12T08:54:12.431+0000] {processor.py:208} INFO - Processing /opt/airflow/dags/dags_bash_python_with_xcom.py took 0.139 seconds
[2025-05-12T08:54:43.115+0000] {processor.py:186} INFO - Started process (PID=3580) to work on /opt/airflow/dags/dags_bash_python_with_xcom.py
[2025-05-12T08:54:43.116+0000] {processor.py:914} INFO - Processing file /opt/airflow/dags/dags_bash_python_with_xcom.py for tasks to queue
[2025-05-12T08:54:43.118+0000] {logging_mixin.py:190} INFO - [2025-05-12T08:54:43.117+0000] {dagbag.py:588} INFO - Filling up the DagBag from /opt/airflow/dags/dags_bash_python_with_xcom.py
[2025-05-12T08:54:43.130+0000] {processor.py:925} INFO - DAG(s) 'dags_bash_python_with_xcom' retrieved from /opt/airflow/dags/dags_bash_python_with_xcom.py
[2025-05-12T08:54:43.154+0000] {logging_mixin.py:190} INFO - [2025-05-12T08:54:43.153+0000] {dag.py:3239} INFO - Sync 1 DAGs
[2025-05-12T08:54:43.180+0000] {logging_mixin.py:190} INFO - [2025-05-12T08:54:43.180+0000] {dag.py:4180} INFO - Setting next_dagrun for dags_bash_python_with_xcom to 2025-05-12 00:30:00+00:00, run_after=2025-05-13 00:30:00+00:00
[2025-05-12T08:54:43.207+0000] {processor.py:208} INFO - Processing /opt/airflow/dags/dags_bash_python_with_xcom.py took 0.099 seconds
[2025-05-12T08:55:13.563+0000] {processor.py:186} INFO - Started process (PID=3662) to work on /opt/airflow/dags/dags_bash_python_with_xcom.py
[2025-05-12T08:55:13.572+0000] {processor.py:914} INFO - Processing file /opt/airflow/dags/dags_bash_python_with_xcom.py for tasks to queue
[2025-05-12T08:55:13.573+0000] {logging_mixin.py:190} INFO - [2025-05-12T08:55:13.573+0000] {dagbag.py:588} INFO - Filling up the DagBag from /opt/airflow/dags/dags_bash_python_with_xcom.py
[2025-05-12T08:55:13.584+0000] {processor.py:925} INFO - DAG(s) 'dags_bash_python_with_xcom' retrieved from /opt/airflow/dags/dags_bash_python_with_xcom.py
[2025-05-12T08:55:13.605+0000] {logging_mixin.py:190} INFO - [2025-05-12T08:55:13.605+0000] {dag.py:3239} INFO - Sync 1 DAGs
[2025-05-12T08:55:13.631+0000] {logging_mixin.py:190} INFO - [2025-05-12T08:55:13.631+0000] {dag.py:4180} INFO - Setting next_dagrun for dags_bash_python_with_xcom to 2025-05-12 00:30:00+00:00, run_after=2025-05-13 00:30:00+00:00
[2025-05-12T08:55:13.657+0000] {processor.py:208} INFO - Processing /opt/airflow/dags/dags_bash_python_with_xcom.py took 0.100 seconds
[2025-05-12T08:55:43.862+0000] {processor.py:186} INFO - Started process (PID=3745) to work on /opt/airflow/dags/dags_bash_python_with_xcom.py
[2025-05-12T08:55:43.864+0000] {processor.py:914} INFO - Processing file /opt/airflow/dags/dags_bash_python_with_xcom.py for tasks to queue
[2025-05-12T08:55:43.866+0000] {logging_mixin.py:190} INFO - [2025-05-12T08:55:43.866+0000] {dagbag.py:588} INFO - Filling up the DagBag from /opt/airflow/dags/dags_bash_python_with_xcom.py
[2025-05-12T08:55:43.885+0000] {processor.py:925} INFO - DAG(s) 'dags_bash_python_with_xcom' retrieved from /opt/airflow/dags/dags_bash_python_with_xcom.py
[2025-05-12T08:55:43.915+0000] {logging_mixin.py:190} INFO - [2025-05-12T08:55:43.915+0000] {dag.py:3239} INFO - Sync 1 DAGs
[2025-05-12T08:55:43.947+0000] {logging_mixin.py:190} INFO - [2025-05-12T08:55:43.947+0000] {dag.py:4180} INFO - Setting next_dagrun for dags_bash_python_with_xcom to 2025-05-12 00:30:00+00:00, run_after=2025-05-13 00:30:00+00:00
[2025-05-12T08:55:43.976+0000] {processor.py:208} INFO - Processing /opt/airflow/dags/dags_bash_python_with_xcom.py took 0.122 seconds
[2025-05-12T08:56:14.354+0000] {processor.py:186} INFO - Started process (PID=3827) to work on /opt/airflow/dags/dags_bash_python_with_xcom.py
[2025-05-12T08:56:14.355+0000] {processor.py:914} INFO - Processing file /opt/airflow/dags/dags_bash_python_with_xcom.py for tasks to queue
[2025-05-12T08:56:14.357+0000] {logging_mixin.py:190} INFO - [2025-05-12T08:56:14.357+0000] {dagbag.py:588} INFO - Filling up the DagBag from /opt/airflow/dags/dags_bash_python_with_xcom.py
[2025-05-12T08:56:14.370+0000] {processor.py:925} INFO - DAG(s) 'dags_bash_python_with_xcom' retrieved from /opt/airflow/dags/dags_bash_python_with_xcom.py
[2025-05-12T08:56:14.399+0000] {logging_mixin.py:190} INFO - [2025-05-12T08:56:14.399+0000] {dag.py:3239} INFO - Sync 1 DAGs
[2025-05-12T08:56:14.435+0000] {logging_mixin.py:190} INFO - [2025-05-12T08:56:14.435+0000] {dag.py:4180} INFO - Setting next_dagrun for dags_bash_python_with_xcom to 2025-05-12 00:30:00+00:00, run_after=2025-05-13 00:30:00+00:00
[2025-05-12T08:56:14.461+0000] {processor.py:208} INFO - Processing /opt/airflow/dags/dags_bash_python_with_xcom.py took 0.114 seconds
[2025-05-12T08:56:45.081+0000] {processor.py:186} INFO - Started process (PID=3906) to work on /opt/airflow/dags/dags_bash_python_with_xcom.py
[2025-05-12T08:56:45.083+0000] {processor.py:914} INFO - Processing file /opt/airflow/dags/dags_bash_python_with_xcom.py for tasks to queue
[2025-05-12T08:56:45.084+0000] {logging_mixin.py:190} INFO - [2025-05-12T08:56:45.084+0000] {dagbag.py:588} INFO - Filling up the DagBag from /opt/airflow/dags/dags_bash_python_with_xcom.py
[2025-05-12T08:56:45.097+0000] {processor.py:925} INFO - DAG(s) 'dags_bash_python_with_xcom' retrieved from /opt/airflow/dags/dags_bash_python_with_xcom.py
[2025-05-12T08:56:45.122+0000] {logging_mixin.py:190} INFO - [2025-05-12T08:56:45.122+0000] {dag.py:3239} INFO - Sync 1 DAGs
[2025-05-12T08:56:45.156+0000] {logging_mixin.py:190} INFO - [2025-05-12T08:56:45.155+0000] {dag.py:4180} INFO - Setting next_dagrun for dags_bash_python_with_xcom to 2025-05-12 00:30:00+00:00, run_after=2025-05-13 00:30:00+00:00
[2025-05-12T08:56:45.179+0000] {processor.py:208} INFO - Processing /opt/airflow/dags/dags_bash_python_with_xcom.py took 0.105 seconds
[2025-05-12T08:56:49.325+0000] {processor.py:186} INFO - Started process (PID=3919) to work on /opt/airflow/dags/dags_bash_python_with_xcom.py
[2025-05-12T08:56:49.325+0000] {processor.py:914} INFO - Processing file /opt/airflow/dags/dags_bash_python_with_xcom.py for tasks to queue
[2025-05-12T08:56:49.327+0000] {logging_mixin.py:190} INFO - [2025-05-12T08:56:49.326+0000] {dagbag.py:588} INFO - Filling up the DagBag from /opt/airflow/dags/dags_bash_python_with_xcom.py
[2025-05-12T08:56:49.340+0000] {processor.py:925} INFO - DAG(s) 'dags_bash_python_with_xcom' retrieved from /opt/airflow/dags/dags_bash_python_with_xcom.py
[2025-05-12T08:56:49.365+0000] {logging_mixin.py:190} INFO - [2025-05-12T08:56:49.365+0000] {dag.py:3239} INFO - Sync 1 DAGs
[2025-05-12T08:56:49.394+0000] {logging_mixin.py:190} INFO - [2025-05-12T08:56:49.394+0000] {dag.py:4180} INFO - Setting next_dagrun for dags_bash_python_with_xcom to 2025-05-12 00:30:00+00:00, run_after=2025-05-13 00:30:00+00:00
[2025-05-12T08:56:49.420+0000] {processor.py:208} INFO - Processing /opt/airflow/dags/dags_bash_python_with_xcom.py took 0.101 seconds
[2025-05-12T08:57:19.556+0000] {processor.py:186} INFO - Started process (PID=4001) to work on /opt/airflow/dags/dags_bash_python_with_xcom.py
[2025-05-12T08:57:19.565+0000] {processor.py:914} INFO - Processing file /opt/airflow/dags/dags_bash_python_with_xcom.py for tasks to queue
[2025-05-12T08:57:19.567+0000] {logging_mixin.py:190} INFO - [2025-05-12T08:57:19.566+0000] {dagbag.py:588} INFO - Filling up the DagBag from /opt/airflow/dags/dags_bash_python_with_xcom.py
[2025-05-12T08:57:19.585+0000] {processor.py:925} INFO - DAG(s) 'dags_bash_python_with_xcom' retrieved from /opt/airflow/dags/dags_bash_python_with_xcom.py
[2025-05-12T08:57:19.630+0000] {logging_mixin.py:190} INFO - [2025-05-12T08:57:19.629+0000] {dag.py:3239} INFO - Sync 1 DAGs
[2025-05-12T08:57:19.715+0000] {logging_mixin.py:190} INFO - [2025-05-12T08:57:19.715+0000] {dag.py:4180} INFO - Setting next_dagrun for dags_bash_python_with_xcom to 2025-05-12 00:30:00+00:00, run_after=2025-05-13 00:30:00+00:00
[2025-05-12T08:57:19.783+0000] {processor.py:208} INFO - Processing /opt/airflow/dags/dags_bash_python_with_xcom.py took 0.241 seconds
[2025-05-12T08:57:50.203+0000] {processor.py:186} INFO - Started process (PID=4083) to work on /opt/airflow/dags/dags_bash_python_with_xcom.py
[2025-05-12T08:57:50.205+0000] {processor.py:914} INFO - Processing file /opt/airflow/dags/dags_bash_python_with_xcom.py for tasks to queue
[2025-05-12T08:57:50.208+0000] {logging_mixin.py:190} INFO - [2025-05-12T08:57:50.208+0000] {dagbag.py:588} INFO - Filling up the DagBag from /opt/airflow/dags/dags_bash_python_with_xcom.py
[2025-05-12T08:57:50.229+0000] {processor.py:925} INFO - DAG(s) 'dags_bash_python_with_xcom' retrieved from /opt/airflow/dags/dags_bash_python_with_xcom.py
[2025-05-12T08:57:50.267+0000] {logging_mixin.py:190} INFO - [2025-05-12T08:57:50.267+0000] {dag.py:3239} INFO - Sync 1 DAGs
[2025-05-12T08:57:50.315+0000] {logging_mixin.py:190} INFO - [2025-05-12T08:57:50.315+0000] {dag.py:4180} INFO - Setting next_dagrun for dags_bash_python_with_xcom to 2025-05-12 00:30:00+00:00, run_after=2025-05-13 00:30:00+00:00
[2025-05-12T08:57:50.361+0000] {processor.py:208} INFO - Processing /opt/airflow/dags/dags_bash_python_with_xcom.py took 0.173 seconds
[2025-05-12T08:58:20.985+0000] {processor.py:186} INFO - Started process (PID=4165) to work on /opt/airflow/dags/dags_bash_python_with_xcom.py
[2025-05-12T08:58:20.995+0000] {processor.py:914} INFO - Processing file /opt/airflow/dags/dags_bash_python_with_xcom.py for tasks to queue
[2025-05-12T08:58:20.997+0000] {logging_mixin.py:190} INFO - [2025-05-12T08:58:20.997+0000] {dagbag.py:588} INFO - Filling up the DagBag from /opt/airflow/dags/dags_bash_python_with_xcom.py
[2025-05-12T08:58:21.016+0000] {processor.py:925} INFO - DAG(s) 'dags_bash_python_with_xcom' retrieved from /opt/airflow/dags/dags_bash_python_with_xcom.py
[2025-05-12T08:58:21.048+0000] {logging_mixin.py:190} INFO - [2025-05-12T08:58:21.047+0000] {dag.py:3239} INFO - Sync 1 DAGs
[2025-05-12T08:58:21.086+0000] {logging_mixin.py:190} INFO - [2025-05-12T08:58:21.086+0000] {dag.py:4180} INFO - Setting next_dagrun for dags_bash_python_with_xcom to 2025-05-12 00:30:00+00:00, run_after=2025-05-13 00:30:00+00:00
[2025-05-12T08:58:21.122+0000] {processor.py:208} INFO - Processing /opt/airflow/dags/dags_bash_python_with_xcom.py took 0.148 seconds
[2025-05-12T08:58:51.657+0000] {processor.py:186} INFO - Started process (PID=4246) to work on /opt/airflow/dags/dags_bash_python_with_xcom.py
[2025-05-12T08:58:51.661+0000] {processor.py:914} INFO - Processing file /opt/airflow/dags/dags_bash_python_with_xcom.py for tasks to queue
[2025-05-12T08:58:51.663+0000] {logging_mixin.py:190} INFO - [2025-05-12T08:58:51.662+0000] {dagbag.py:588} INFO - Filling up the DagBag from /opt/airflow/dags/dags_bash_python_with_xcom.py
[2025-05-12T08:58:51.679+0000] {processor.py:925} INFO - DAG(s) 'dags_bash_python_with_xcom' retrieved from /opt/airflow/dags/dags_bash_python_with_xcom.py
[2025-05-12T08:58:51.714+0000] {logging_mixin.py:190} INFO - [2025-05-12T08:58:51.714+0000] {dag.py:3239} INFO - Sync 1 DAGs
[2025-05-12T08:58:51.754+0000] {logging_mixin.py:190} INFO - [2025-05-12T08:58:51.754+0000] {dag.py:4180} INFO - Setting next_dagrun for dags_bash_python_with_xcom to 2025-05-12 00:30:00+00:00, run_after=2025-05-13 00:30:00+00:00
[2025-05-12T08:58:51.791+0000] {processor.py:208} INFO - Processing /opt/airflow/dags/dags_bash_python_with_xcom.py took 0.143 seconds
[2025-05-12T08:59:22.164+0000] {processor.py:186} INFO - Started process (PID=4326) to work on /opt/airflow/dags/dags_bash_python_with_xcom.py
[2025-05-12T08:59:22.166+0000] {processor.py:914} INFO - Processing file /opt/airflow/dags/dags_bash_python_with_xcom.py for tasks to queue
[2025-05-12T08:59:22.168+0000] {logging_mixin.py:190} INFO - [2025-05-12T08:59:22.167+0000] {dagbag.py:588} INFO - Filling up the DagBag from /opt/airflow/dags/dags_bash_python_with_xcom.py
[2025-05-12T08:59:22.183+0000] {processor.py:925} INFO - DAG(s) 'dags_bash_python_with_xcom' retrieved from /opt/airflow/dags/dags_bash_python_with_xcom.py
[2025-05-12T08:59:22.208+0000] {logging_mixin.py:190} INFO - [2025-05-12T08:59:22.208+0000] {dag.py:3239} INFO - Sync 1 DAGs
[2025-05-12T08:59:22.242+0000] {logging_mixin.py:190} INFO - [2025-05-12T08:59:22.242+0000] {dag.py:4180} INFO - Setting next_dagrun for dags_bash_python_with_xcom to 2025-05-12 00:30:00+00:00, run_after=2025-05-13 00:30:00+00:00
[2025-05-12T08:59:22.277+0000] {processor.py:208} INFO - Processing /opt/airflow/dags/dags_bash_python_with_xcom.py took 0.120 seconds
[2025-05-12T08:59:52.737+0000] {processor.py:186} INFO - Started process (PID=4398) to work on /opt/airflow/dags/dags_bash_python_with_xcom.py
[2025-05-12T08:59:52.746+0000] {processor.py:914} INFO - Processing file /opt/airflow/dags/dags_bash_python_with_xcom.py for tasks to queue
[2025-05-12T08:59:52.748+0000] {logging_mixin.py:190} INFO - [2025-05-12T08:59:52.748+0000] {dagbag.py:588} INFO - Filling up the DagBag from /opt/airflow/dags/dags_bash_python_with_xcom.py
[2025-05-12T08:59:52.763+0000] {processor.py:925} INFO - DAG(s) 'dags_bash_python_with_xcom' retrieved from /opt/airflow/dags/dags_bash_python_with_xcom.py
[2025-05-12T08:59:52.791+0000] {logging_mixin.py:190} INFO - [2025-05-12T08:59:52.791+0000] {dag.py:3239} INFO - Sync 1 DAGs
[2025-05-12T08:59:52.822+0000] {logging_mixin.py:190} INFO - [2025-05-12T08:59:52.822+0000] {dag.py:4180} INFO - Setting next_dagrun for dags_bash_python_with_xcom to 2025-05-12 00:30:00+00:00, run_after=2025-05-13 00:30:00+00:00
[2025-05-12T08:59:52.847+0000] {processor.py:208} INFO - Processing /opt/airflow/dags/dags_bash_python_with_xcom.py took 0.125 seconds
[2025-05-12T09:00:22.892+0000] {processor.py:186} INFO - Started process (PID=4481) to work on /opt/airflow/dags/dags_bash_python_with_xcom.py
[2025-05-12T09:00:22.893+0000] {processor.py:914} INFO - Processing file /opt/airflow/dags/dags_bash_python_with_xcom.py for tasks to queue
[2025-05-12T09:00:22.895+0000] {logging_mixin.py:190} INFO - [2025-05-12T09:00:22.895+0000] {dagbag.py:588} INFO - Filling up the DagBag from /opt/airflow/dags/dags_bash_python_with_xcom.py
[2025-05-12T09:00:22.908+0000] {processor.py:925} INFO - DAG(s) 'dags_bash_python_with_xcom' retrieved from /opt/airflow/dags/dags_bash_python_with_xcom.py
[2025-05-12T09:00:22.934+0000] {logging_mixin.py:190} INFO - [2025-05-12T09:00:22.934+0000] {dag.py:3239} INFO - Sync 1 DAGs
[2025-05-12T09:00:22.968+0000] {logging_mixin.py:190} INFO - [2025-05-12T09:00:22.968+0000] {dag.py:4180} INFO - Setting next_dagrun for dags_bash_python_with_xcom to 2025-05-12 00:30:00+00:00, run_after=2025-05-13 00:30:00+00:00
[2025-05-12T09:00:22.996+0000] {processor.py:208} INFO - Processing /opt/airflow/dags/dags_bash_python_with_xcom.py took 0.111 seconds
[2025-05-12T09:00:53.662+0000] {processor.py:186} INFO - Started process (PID=4563) to work on /opt/airflow/dags/dags_bash_python_with_xcom.py
[2025-05-12T09:00:53.663+0000] {processor.py:914} INFO - Processing file /opt/airflow/dags/dags_bash_python_with_xcom.py for tasks to queue
[2025-05-12T09:00:53.664+0000] {logging_mixin.py:190} INFO - [2025-05-12T09:00:53.664+0000] {dagbag.py:588} INFO - Filling up the DagBag from /opt/airflow/dags/dags_bash_python_with_xcom.py
[2025-05-12T09:00:53.677+0000] {processor.py:925} INFO - DAG(s) 'dags_bash_python_with_xcom' retrieved from /opt/airflow/dags/dags_bash_python_with_xcom.py
[2025-05-12T09:00:53.701+0000] {logging_mixin.py:190} INFO - [2025-05-12T09:00:53.701+0000] {dag.py:3239} INFO - Sync 1 DAGs
[2025-05-12T09:00:53.731+0000] {logging_mixin.py:190} INFO - [2025-05-12T09:00:53.731+0000] {dag.py:4180} INFO - Setting next_dagrun for dags_bash_python_with_xcom to 2025-05-12 00:30:00+00:00, run_after=2025-05-13 00:30:00+00:00
[2025-05-12T09:00:53.939+0000] {processor.py:208} INFO - Processing /opt/airflow/dags/dags_bash_python_with_xcom.py took 0.285 seconds
