[2025-05-12T08:33:19.495+0000] {processor.py:186} INFO - Started process (PID=138) to work on /opt/airflow/dags/dags_python_operator.py
[2025-05-12T08:33:19.497+0000] {processor.py:914} INFO - Processing file /opt/airflow/dags/dags_python_operator.py for tasks to queue
[2025-05-12T08:33:19.500+0000] {logging_mixin.py:190} INFO - [2025-05-12T08:33:19.500+0000] {dagbag.py:588} INFO - Filling up the DagBag from /opt/airflow/dags/dags_python_operator.py
[2025-05-12T08:33:19.921+0000] {processor.py:925} INFO - DAG(s) 'dags_python_operator' retrieved from /opt/airflow/dags/dags_python_operator.py
[2025-05-12T08:33:20.432+0000] {logging_mixin.py:190} INFO - [2025-05-12T08:33:20.432+0000] {dag.py:3239} INFO - Sync 1 DAGs
[2025-05-12T08:33:20.670+0000] {logging_mixin.py:190} INFO - [2025-05-12T08:33:20.669+0000] {dag.py:4180} INFO - Setting next_dagrun for dags_python_operator to 2025-05-11 15:10:00+00:00, run_after=2025-05-12 15:10:00+00:00
[2025-05-12T08:33:20.727+0000] {processor.py:208} INFO - Processing /opt/airflow/dags/dags_python_operator.py took 1.474 seconds
[2025-05-12T08:33:51.449+0000] {processor.py:186} INFO - Started process (PID=241) to work on /opt/airflow/dags/dags_python_operator.py
[2025-05-12T08:33:51.451+0000] {processor.py:914} INFO - Processing file /opt/airflow/dags/dags_python_operator.py for tasks to queue
[2025-05-12T08:33:51.455+0000] {logging_mixin.py:190} INFO - [2025-05-12T08:33:51.454+0000] {dagbag.py:588} INFO - Filling up the DagBag from /opt/airflow/dags/dags_python_operator.py
[2025-05-12T08:33:51.478+0000] {processor.py:925} INFO - DAG(s) 'dags_python_operator' retrieved from /opt/airflow/dags/dags_python_operator.py
[2025-05-12T08:33:51.746+0000] {logging_mixin.py:190} INFO - [2025-05-12T08:33:51.745+0000] {dag.py:3239} INFO - Sync 1 DAGs
[2025-05-12T08:33:51.808+0000] {logging_mixin.py:190} INFO - [2025-05-12T08:33:51.808+0000] {dag.py:4180} INFO - Setting next_dagrun for dags_python_operator to 2025-05-11 15:10:00+00:00, run_after=2025-05-12 15:10:00+00:00
[2025-05-12T08:33:51.853+0000] {processor.py:208} INFO - Processing /opt/airflow/dags/dags_python_operator.py took 0.417 seconds
[2025-05-12T08:34:22.496+0000] {processor.py:186} INFO - Started process (PID=334) to work on /opt/airflow/dags/dags_python_operator.py
[2025-05-12T08:34:22.501+0000] {processor.py:914} INFO - Processing file /opt/airflow/dags/dags_python_operator.py for tasks to queue
[2025-05-12T08:34:22.507+0000] {logging_mixin.py:190} INFO - [2025-05-12T08:34:22.505+0000] {dagbag.py:588} INFO - Filling up the DagBag from /opt/airflow/dags/dags_python_operator.py
[2025-05-12T08:34:22.548+0000] {processor.py:925} INFO - DAG(s) 'dags_python_operator' retrieved from /opt/airflow/dags/dags_python_operator.py
[2025-05-12T08:34:22.610+0000] {logging_mixin.py:190} INFO - [2025-05-12T08:34:22.610+0000] {dag.py:3239} INFO - Sync 1 DAGs
[2025-05-12T08:34:22.651+0000] {logging_mixin.py:190} INFO - [2025-05-12T08:34:22.651+0000] {dag.py:4180} INFO - Setting next_dagrun for dags_python_operator to 2025-05-11 15:10:00+00:00, run_after=2025-05-12 15:10:00+00:00
[2025-05-12T08:34:22.689+0000] {processor.py:208} INFO - Processing /opt/airflow/dags/dags_python_operator.py took 0.219 seconds
[2025-05-12T08:34:53.325+0000] {processor.py:186} INFO - Started process (PID=416) to work on /opt/airflow/dags/dags_python_operator.py
[2025-05-12T08:34:53.333+0000] {processor.py:914} INFO - Processing file /opt/airflow/dags/dags_python_operator.py for tasks to queue
[2025-05-12T08:34:53.334+0000] {logging_mixin.py:190} INFO - [2025-05-12T08:34:53.334+0000] {dagbag.py:588} INFO - Filling up the DagBag from /opt/airflow/dags/dags_python_operator.py
[2025-05-12T08:34:53.343+0000] {processor.py:925} INFO - DAG(s) 'dags_python_operator' retrieved from /opt/airflow/dags/dags_python_operator.py
[2025-05-12T08:34:53.366+0000] {logging_mixin.py:190} INFO - [2025-05-12T08:34:53.365+0000] {dag.py:3239} INFO - Sync 1 DAGs
[2025-05-12T08:34:53.391+0000] {logging_mixin.py:190} INFO - [2025-05-12T08:34:53.391+0000] {dag.py:4180} INFO - Setting next_dagrun for dags_python_operator to 2025-05-11 15:10:00+00:00, run_after=2025-05-12 15:10:00+00:00
[2025-05-12T08:34:53.417+0000] {processor.py:208} INFO - Processing /opt/airflow/dags/dags_python_operator.py took 0.098 seconds
[2025-05-12T08:35:24.075+0000] {processor.py:186} INFO - Started process (PID=507) to work on /opt/airflow/dags/dags_python_operator.py
[2025-05-12T08:35:24.090+0000] {processor.py:914} INFO - Processing file /opt/airflow/dags/dags_python_operator.py for tasks to queue
[2025-05-12T08:35:24.094+0000] {logging_mixin.py:190} INFO - [2025-05-12T08:35:24.093+0000] {dagbag.py:588} INFO - Filling up the DagBag from /opt/airflow/dags/dags_python_operator.py
[2025-05-12T08:35:24.107+0000] {processor.py:925} INFO - DAG(s) 'dags_python_operator' retrieved from /opt/airflow/dags/dags_python_operator.py
[2025-05-12T08:35:24.140+0000] {logging_mixin.py:190} INFO - [2025-05-12T08:35:24.139+0000] {dag.py:3239} INFO - Sync 1 DAGs
[2025-05-12T08:35:24.173+0000] {logging_mixin.py:190} INFO - [2025-05-12T08:35:24.173+0000] {dag.py:4180} INFO - Setting next_dagrun for dags_python_operator to 2025-05-11 15:10:00+00:00, run_after=2025-05-12 15:10:00+00:00
[2025-05-12T08:35:24.199+0000] {processor.py:208} INFO - Processing /opt/airflow/dags/dags_python_operator.py took 0.131 seconds
[2025-05-12T08:35:54.459+0000] {processor.py:186} INFO - Started process (PID=597) to work on /opt/airflow/dags/dags_python_operator.py
[2025-05-12T08:35:54.461+0000] {processor.py:914} INFO - Processing file /opt/airflow/dags/dags_python_operator.py for tasks to queue
[2025-05-12T08:35:54.462+0000] {logging_mixin.py:190} INFO - [2025-05-12T08:35:54.462+0000] {dagbag.py:588} INFO - Filling up the DagBag from /opt/airflow/dags/dags_python_operator.py
[2025-05-12T08:35:54.472+0000] {processor.py:925} INFO - DAG(s) 'dags_python_operator' retrieved from /opt/airflow/dags/dags_python_operator.py
[2025-05-12T08:35:54.494+0000] {logging_mixin.py:190} INFO - [2025-05-12T08:35:54.494+0000] {dag.py:3239} INFO - Sync 1 DAGs
[2025-05-12T08:35:54.520+0000] {logging_mixin.py:190} INFO - [2025-05-12T08:35:54.520+0000] {dag.py:4180} INFO - Setting next_dagrun for dags_python_operator to 2025-05-11 15:10:00+00:00, run_after=2025-05-12 15:10:00+00:00
[2025-05-12T08:35:54.541+0000] {processor.py:208} INFO - Processing /opt/airflow/dags/dags_python_operator.py took 0.088 seconds
[2025-05-12T08:36:24.724+0000] {processor.py:186} INFO - Started process (PID=676) to work on /opt/airflow/dags/dags_python_operator.py
[2025-05-12T08:36:24.725+0000] {processor.py:914} INFO - Processing file /opt/airflow/dags/dags_python_operator.py for tasks to queue
[2025-05-12T08:36:24.728+0000] {logging_mixin.py:190} INFO - [2025-05-12T08:36:24.727+0000] {dagbag.py:588} INFO - Filling up the DagBag from /opt/airflow/dags/dags_python_operator.py
[2025-05-12T08:36:24.740+0000] {processor.py:925} INFO - DAG(s) 'dags_python_operator' retrieved from /opt/airflow/dags/dags_python_operator.py
[2025-05-12T08:36:24.767+0000] {logging_mixin.py:190} INFO - [2025-05-12T08:36:24.767+0000] {dag.py:3239} INFO - Sync 1 DAGs
[2025-05-12T08:36:24.798+0000] {logging_mixin.py:190} INFO - [2025-05-12T08:36:24.798+0000] {dag.py:4180} INFO - Setting next_dagrun for dags_python_operator to 2025-05-11 15:10:00+00:00, run_after=2025-05-12 15:10:00+00:00
[2025-05-12T08:36:24.828+0000] {processor.py:208} INFO - Processing /opt/airflow/dags/dags_python_operator.py took 0.111 seconds
[2025-05-12T08:36:55.323+0000] {processor.py:186} INFO - Started process (PID=753) to work on /opt/airflow/dags/dags_python_operator.py
[2025-05-12T08:36:55.324+0000] {processor.py:914} INFO - Processing file /opt/airflow/dags/dags_python_operator.py for tasks to queue
[2025-05-12T08:36:55.326+0000] {logging_mixin.py:190} INFO - [2025-05-12T08:36:55.325+0000] {dagbag.py:588} INFO - Filling up the DagBag from /opt/airflow/dags/dags_python_operator.py
[2025-05-12T08:36:55.335+0000] {processor.py:925} INFO - DAG(s) 'dags_python_operator' retrieved from /opt/airflow/dags/dags_python_operator.py
[2025-05-12T08:36:55.355+0000] {logging_mixin.py:190} INFO - [2025-05-12T08:36:55.355+0000] {dag.py:3239} INFO - Sync 1 DAGs
[2025-05-12T08:36:55.383+0000] {logging_mixin.py:190} INFO - [2025-05-12T08:36:55.383+0000] {dag.py:4180} INFO - Setting next_dagrun for dags_python_operator to 2025-05-11 15:10:00+00:00, run_after=2025-05-12 15:10:00+00:00
[2025-05-12T08:36:55.401+0000] {processor.py:208} INFO - Processing /opt/airflow/dags/dags_python_operator.py took 0.084 seconds
[2025-05-12T08:37:26.921+0000] {processor.py:186} INFO - Started process (PID=830) to work on /opt/airflow/dags/dags_python_operator.py
[2025-05-12T08:37:26.923+0000] {processor.py:914} INFO - Processing file /opt/airflow/dags/dags_python_operator.py for tasks to queue
[2025-05-12T08:37:26.924+0000] {logging_mixin.py:190} INFO - [2025-05-12T08:37:26.924+0000] {dagbag.py:588} INFO - Filling up the DagBag from /opt/airflow/dags/dags_python_operator.py
[2025-05-12T08:37:26.935+0000] {processor.py:925} INFO - DAG(s) 'dags_python_operator' retrieved from /opt/airflow/dags/dags_python_operator.py
[2025-05-12T08:37:26.961+0000] {logging_mixin.py:190} INFO - [2025-05-12T08:37:26.960+0000] {dag.py:3239} INFO - Sync 1 DAGs
[2025-05-12T08:37:26.988+0000] {logging_mixin.py:190} INFO - [2025-05-12T08:37:26.987+0000] {dag.py:4180} INFO - Setting next_dagrun for dags_python_operator to 2025-05-11 15:10:00+00:00, run_after=2025-05-12 15:10:00+00:00
[2025-05-12T08:37:27.009+0000] {processor.py:208} INFO - Processing /opt/airflow/dags/dags_python_operator.py took 0.094 seconds
[2025-05-12T08:37:57.730+0000] {processor.py:186} INFO - Started process (PID=912) to work on /opt/airflow/dags/dags_python_operator.py
[2025-05-12T08:37:57.732+0000] {processor.py:914} INFO - Processing file /opt/airflow/dags/dags_python_operator.py for tasks to queue
[2025-05-12T08:37:57.733+0000] {logging_mixin.py:190} INFO - [2025-05-12T08:37:57.733+0000] {dagbag.py:588} INFO - Filling up the DagBag from /opt/airflow/dags/dags_python_operator.py
[2025-05-12T08:37:57.745+0000] {processor.py:925} INFO - DAG(s) 'dags_python_operator' retrieved from /opt/airflow/dags/dags_python_operator.py
[2025-05-12T08:37:57.769+0000] {logging_mixin.py:190} INFO - [2025-05-12T08:37:57.769+0000] {dag.py:3239} INFO - Sync 1 DAGs
[2025-05-12T08:37:57.799+0000] {logging_mixin.py:190} INFO - [2025-05-12T08:37:57.799+0000] {dag.py:4180} INFO - Setting next_dagrun for dags_python_operator to 2025-05-11 15:10:00+00:00, run_after=2025-05-12 15:10:00+00:00
[2025-05-12T08:37:57.820+0000] {processor.py:208} INFO - Processing /opt/airflow/dags/dags_python_operator.py took 0.097 seconds
[2025-05-12T08:38:28.967+0000] {processor.py:186} INFO - Started process (PID=987) to work on /opt/airflow/dags/dags_python_operator.py
[2025-05-12T08:38:28.969+0000] {processor.py:914} INFO - Processing file /opt/airflow/dags/dags_python_operator.py for tasks to queue
[2025-05-12T08:38:28.971+0000] {logging_mixin.py:190} INFO - [2025-05-12T08:38:28.971+0000] {dagbag.py:588} INFO - Filling up the DagBag from /opt/airflow/dags/dags_python_operator.py
[2025-05-12T08:38:28.988+0000] {processor.py:925} INFO - DAG(s) 'dags_python_operator' retrieved from /opt/airflow/dags/dags_python_operator.py
[2025-05-12T08:38:29.020+0000] {logging_mixin.py:190} INFO - [2025-05-12T08:38:29.019+0000] {dag.py:3239} INFO - Sync 1 DAGs
[2025-05-12T08:38:29.062+0000] {logging_mixin.py:190} INFO - [2025-05-12T08:38:29.061+0000] {dag.py:4180} INFO - Setting next_dagrun for dags_python_operator to 2025-05-11 15:10:00+00:00, run_after=2025-05-12 15:10:00+00:00
[2025-05-12T08:38:29.092+0000] {processor.py:208} INFO - Processing /opt/airflow/dags/dags_python_operator.py took 0.134 seconds
[2025-05-12T08:38:59.913+0000] {processor.py:186} INFO - Started process (PID=1069) to work on /opt/airflow/dags/dags_python_operator.py
[2025-05-12T08:38:59.915+0000] {processor.py:914} INFO - Processing file /opt/airflow/dags/dags_python_operator.py for tasks to queue
[2025-05-12T08:38:59.917+0000] {logging_mixin.py:190} INFO - [2025-05-12T08:38:59.917+0000] {dagbag.py:588} INFO - Filling up the DagBag from /opt/airflow/dags/dags_python_operator.py
[2025-05-12T08:38:59.931+0000] {processor.py:925} INFO - DAG(s) 'dags_python_operator' retrieved from /opt/airflow/dags/dags_python_operator.py
[2025-05-12T08:38:59.968+0000] {logging_mixin.py:190} INFO - [2025-05-12T08:38:59.967+0000] {dag.py:3239} INFO - Sync 1 DAGs
[2025-05-12T08:39:00.007+0000] {logging_mixin.py:190} INFO - [2025-05-12T08:39:00.006+0000] {dag.py:4180} INFO - Setting next_dagrun for dags_python_operator to 2025-05-11 15:10:00+00:00, run_after=2025-05-12 15:10:00+00:00
[2025-05-12T08:39:00.033+0000] {processor.py:208} INFO - Processing /opt/airflow/dags/dags_python_operator.py took 0.128 seconds
[2025-05-12T08:39:32.520+0000] {processor.py:186} INFO - Started process (PID=1150) to work on /opt/airflow/dags/dags_python_operator.py
[2025-05-12T08:39:32.522+0000] {processor.py:914} INFO - Processing file /opt/airflow/dags/dags_python_operator.py for tasks to queue
[2025-05-12T08:39:32.523+0000] {logging_mixin.py:190} INFO - [2025-05-12T08:39:32.523+0000] {dagbag.py:588} INFO - Filling up the DagBag from /opt/airflow/dags/dags_python_operator.py
[2025-05-12T08:39:32.535+0000] {processor.py:925} INFO - DAG(s) 'dags_python_operator' retrieved from /opt/airflow/dags/dags_python_operator.py
[2025-05-12T08:39:32.558+0000] {logging_mixin.py:190} INFO - [2025-05-12T08:39:32.557+0000] {dag.py:3239} INFO - Sync 1 DAGs
[2025-05-12T08:39:32.588+0000] {logging_mixin.py:190} INFO - [2025-05-12T08:39:32.588+0000] {dag.py:4180} INFO - Setting next_dagrun for dags_python_operator to 2025-05-11 15:10:00+00:00, run_after=2025-05-12 15:10:00+00:00
[2025-05-12T08:39:32.610+0000] {processor.py:208} INFO - Processing /opt/airflow/dags/dags_python_operator.py took 0.097 seconds
[2025-05-12T08:40:03.287+0000] {processor.py:186} INFO - Started process (PID=1231) to work on /opt/airflow/dags/dags_python_operator.py
[2025-05-12T08:40:03.289+0000] {processor.py:914} INFO - Processing file /opt/airflow/dags/dags_python_operator.py for tasks to queue
[2025-05-12T08:40:03.290+0000] {logging_mixin.py:190} INFO - [2025-05-12T08:40:03.290+0000] {dagbag.py:588} INFO - Filling up the DagBag from /opt/airflow/dags/dags_python_operator.py
[2025-05-12T08:40:03.302+0000] {processor.py:925} INFO - DAG(s) 'dags_python_operator' retrieved from /opt/airflow/dags/dags_python_operator.py
[2025-05-12T08:40:03.328+0000] {logging_mixin.py:190} INFO - [2025-05-12T08:40:03.327+0000] {dag.py:3239} INFO - Sync 1 DAGs
[2025-05-12T08:40:03.359+0000] {logging_mixin.py:190} INFO - [2025-05-12T08:40:03.359+0000] {dag.py:4180} INFO - Setting next_dagrun for dags_python_operator to 2025-05-11 15:10:00+00:00, run_after=2025-05-12 15:10:00+00:00
[2025-05-12T08:40:03.380+0000] {processor.py:208} INFO - Processing /opt/airflow/dags/dags_python_operator.py took 0.100 seconds
[2025-05-12T08:40:33.963+0000] {processor.py:186} INFO - Started process (PID=1311) to work on /opt/airflow/dags/dags_python_operator.py
[2025-05-12T08:40:33.965+0000] {processor.py:914} INFO - Processing file /opt/airflow/dags/dags_python_operator.py for tasks to queue
[2025-05-12T08:40:33.966+0000] {logging_mixin.py:190} INFO - [2025-05-12T08:40:33.966+0000] {dagbag.py:588} INFO - Filling up the DagBag from /opt/airflow/dags/dags_python_operator.py
[2025-05-12T08:40:33.976+0000] {processor.py:925} INFO - DAG(s) 'dags_python_operator' retrieved from /opt/airflow/dags/dags_python_operator.py
[2025-05-12T08:40:33.998+0000] {logging_mixin.py:190} INFO - [2025-05-12T08:40:33.997+0000] {dag.py:3239} INFO - Sync 1 DAGs
[2025-05-12T08:40:34.026+0000] {logging_mixin.py:190} INFO - [2025-05-12T08:40:34.025+0000] {dag.py:4180} INFO - Setting next_dagrun for dags_python_operator to 2025-05-11 15:10:00+00:00, run_after=2025-05-12 15:10:00+00:00
[2025-05-12T08:40:34.046+0000] {processor.py:208} INFO - Processing /opt/airflow/dags/dags_python_operator.py took 0.090 seconds
[2025-05-12T08:41:04.382+0000] {processor.py:186} INFO - Started process (PID=1393) to work on /opt/airflow/dags/dags_python_operator.py
[2025-05-12T08:41:04.384+0000] {processor.py:914} INFO - Processing file /opt/airflow/dags/dags_python_operator.py for tasks to queue
[2025-05-12T08:41:04.386+0000] {logging_mixin.py:190} INFO - [2025-05-12T08:41:04.386+0000] {dagbag.py:588} INFO - Filling up the DagBag from /opt/airflow/dags/dags_python_operator.py
[2025-05-12T08:41:04.397+0000] {processor.py:925} INFO - DAG(s) 'dags_python_operator' retrieved from /opt/airflow/dags/dags_python_operator.py
[2025-05-12T08:41:04.419+0000] {logging_mixin.py:190} INFO - [2025-05-12T08:41:04.418+0000] {dag.py:3239} INFO - Sync 1 DAGs
[2025-05-12T08:41:04.451+0000] {logging_mixin.py:190} INFO - [2025-05-12T08:41:04.451+0000] {dag.py:4180} INFO - Setting next_dagrun for dags_python_operator to 2025-05-11 15:10:00+00:00, run_after=2025-05-12 15:10:00+00:00
[2025-05-12T08:41:04.475+0000] {processor.py:208} INFO - Processing /opt/airflow/dags/dags_python_operator.py took 0.100 seconds
[2025-05-12T08:41:35.034+0000] {processor.py:186} INFO - Started process (PID=1475) to work on /opt/airflow/dags/dags_python_operator.py
[2025-05-12T08:41:35.035+0000] {processor.py:914} INFO - Processing file /opt/airflow/dags/dags_python_operator.py for tasks to queue
[2025-05-12T08:41:35.037+0000] {logging_mixin.py:190} INFO - [2025-05-12T08:41:35.036+0000] {dagbag.py:588} INFO - Filling up the DagBag from /opt/airflow/dags/dags_python_operator.py
[2025-05-12T08:41:35.048+0000] {processor.py:925} INFO - DAG(s) 'dags_python_operator' retrieved from /opt/airflow/dags/dags_python_operator.py
[2025-05-12T08:41:35.071+0000] {logging_mixin.py:190} INFO - [2025-05-12T08:41:35.071+0000] {dag.py:3239} INFO - Sync 1 DAGs
[2025-05-12T08:41:35.108+0000] {logging_mixin.py:190} INFO - [2025-05-12T08:41:35.108+0000] {dag.py:4180} INFO - Setting next_dagrun for dags_python_operator to 2025-05-11 15:10:00+00:00, run_after=2025-05-12 15:10:00+00:00
[2025-05-12T08:41:35.137+0000] {processor.py:208} INFO - Processing /opt/airflow/dags/dags_python_operator.py took 0.111 seconds
[2025-05-12T08:42:05.754+0000] {processor.py:186} INFO - Started process (PID=1552) to work on /opt/airflow/dags/dags_python_operator.py
[2025-05-12T08:42:05.755+0000] {processor.py:914} INFO - Processing file /opt/airflow/dags/dags_python_operator.py for tasks to queue
[2025-05-12T08:42:05.757+0000] {logging_mixin.py:190} INFO - [2025-05-12T08:42:05.756+0000] {dagbag.py:588} INFO - Filling up the DagBag from /opt/airflow/dags/dags_python_operator.py
[2025-05-12T08:42:05.768+0000] {processor.py:925} INFO - DAG(s) 'dags_python_operator' retrieved from /opt/airflow/dags/dags_python_operator.py
[2025-05-12T08:42:05.794+0000] {logging_mixin.py:190} INFO - [2025-05-12T08:42:05.793+0000] {dag.py:3239} INFO - Sync 1 DAGs
[2025-05-12T08:42:05.826+0000] {logging_mixin.py:190} INFO - [2025-05-12T08:42:05.826+0000] {dag.py:4180} INFO - Setting next_dagrun for dags_python_operator to 2025-05-11 15:10:00+00:00, run_after=2025-05-12 15:10:00+00:00
[2025-05-12T08:42:05.854+0000] {processor.py:208} INFO - Processing /opt/airflow/dags/dags_python_operator.py took 0.108 seconds
[2025-05-12T08:42:37.163+0000] {processor.py:186} INFO - Started process (PID=1634) to work on /opt/airflow/dags/dags_python_operator.py
[2025-05-12T08:42:37.165+0000] {processor.py:914} INFO - Processing file /opt/airflow/dags/dags_python_operator.py for tasks to queue
[2025-05-12T08:42:37.168+0000] {logging_mixin.py:190} INFO - [2025-05-12T08:42:37.167+0000] {dagbag.py:588} INFO - Filling up the DagBag from /opt/airflow/dags/dags_python_operator.py
[2025-05-12T08:42:37.179+0000] {processor.py:925} INFO - DAG(s) 'dags_python_operator' retrieved from /opt/airflow/dags/dags_python_operator.py
[2025-05-12T08:42:37.211+0000] {logging_mixin.py:190} INFO - [2025-05-12T08:42:37.210+0000] {dag.py:3239} INFO - Sync 1 DAGs
[2025-05-12T08:42:37.253+0000] {logging_mixin.py:190} INFO - [2025-05-12T08:42:37.253+0000] {dag.py:4180} INFO - Setting next_dagrun for dags_python_operator to 2025-05-11 15:10:00+00:00, run_after=2025-05-12 15:10:00+00:00
[2025-05-12T08:42:37.287+0000] {processor.py:208} INFO - Processing /opt/airflow/dags/dags_python_operator.py took 0.131 seconds
[2025-05-12T08:43:07.321+0000] {processor.py:186} INFO - Started process (PID=1713) to work on /opt/airflow/dags/dags_python_operator.py
[2025-05-12T08:43:07.322+0000] {processor.py:914} INFO - Processing file /opt/airflow/dags/dags_python_operator.py for tasks to queue
[2025-05-12T08:43:07.324+0000] {logging_mixin.py:190} INFO - [2025-05-12T08:43:07.323+0000] {dagbag.py:588} INFO - Filling up the DagBag from /opt/airflow/dags/dags_python_operator.py
[2025-05-12T08:43:07.334+0000] {processor.py:925} INFO - DAG(s) 'dags_python_operator' retrieved from /opt/airflow/dags/dags_python_operator.py
[2025-05-12T08:43:07.356+0000] {logging_mixin.py:190} INFO - [2025-05-12T08:43:07.355+0000] {dag.py:3239} INFO - Sync 1 DAGs
[2025-05-12T08:43:07.383+0000] {logging_mixin.py:190} INFO - [2025-05-12T08:43:07.383+0000] {dag.py:4180} INFO - Setting next_dagrun for dags_python_operator to 2025-05-11 15:10:00+00:00, run_after=2025-05-12 15:10:00+00:00
[2025-05-12T08:43:07.406+0000] {processor.py:208} INFO - Processing /opt/airflow/dags/dags_python_operator.py took 0.091 seconds
[2025-05-12T08:43:38.053+0000] {processor.py:186} INFO - Started process (PID=1795) to work on /opt/airflow/dags/dags_python_operator.py
[2025-05-12T08:43:38.063+0000] {processor.py:914} INFO - Processing file /opt/airflow/dags/dags_python_operator.py for tasks to queue
[2025-05-12T08:43:38.065+0000] {logging_mixin.py:190} INFO - [2025-05-12T08:43:38.064+0000] {dagbag.py:588} INFO - Filling up the DagBag from /opt/airflow/dags/dags_python_operator.py
[2025-05-12T08:43:38.075+0000] {processor.py:925} INFO - DAG(s) 'dags_python_operator' retrieved from /opt/airflow/dags/dags_python_operator.py
[2025-05-12T08:43:38.103+0000] {logging_mixin.py:190} INFO - [2025-05-12T08:43:38.102+0000] {dag.py:3239} INFO - Sync 1 DAGs
[2025-05-12T08:43:38.136+0000] {logging_mixin.py:190} INFO - [2025-05-12T08:43:38.135+0000] {dag.py:4180} INFO - Setting next_dagrun for dags_python_operator to 2025-05-11 15:10:00+00:00, run_after=2025-05-12 15:10:00+00:00
[2025-05-12T08:43:38.167+0000] {processor.py:208} INFO - Processing /opt/airflow/dags/dags_python_operator.py took 0.122 seconds
[2025-05-12T08:44:08.526+0000] {processor.py:186} INFO - Started process (PID=1877) to work on /opt/airflow/dags/dags_python_operator.py
[2025-05-12T08:44:08.538+0000] {processor.py:914} INFO - Processing file /opt/airflow/dags/dags_python_operator.py for tasks to queue
[2025-05-12T08:44:08.540+0000] {logging_mixin.py:190} INFO - [2025-05-12T08:44:08.539+0000] {dagbag.py:588} INFO - Filling up the DagBag from /opt/airflow/dags/dags_python_operator.py
[2025-05-12T08:44:08.550+0000] {processor.py:925} INFO - DAG(s) 'dags_python_operator' retrieved from /opt/airflow/dags/dags_python_operator.py
[2025-05-12T08:44:08.578+0000] {logging_mixin.py:190} INFO - [2025-05-12T08:44:08.578+0000] {dag.py:3239} INFO - Sync 1 DAGs
[2025-05-12T08:44:08.611+0000] {logging_mixin.py:190} INFO - [2025-05-12T08:44:08.611+0000] {dag.py:4180} INFO - Setting next_dagrun for dags_python_operator to 2025-05-11 15:10:00+00:00, run_after=2025-05-12 15:10:00+00:00
[2025-05-12T08:44:08.640+0000] {processor.py:208} INFO - Processing /opt/airflow/dags/dags_python_operator.py took 0.123 seconds
[2025-05-12T08:44:38.811+0000] {processor.py:186} INFO - Started process (PID=1959) to work on /opt/airflow/dags/dags_python_operator.py
[2025-05-12T08:44:38.826+0000] {processor.py:914} INFO - Processing file /opt/airflow/dags/dags_python_operator.py for tasks to queue
[2025-05-12T08:44:38.828+0000] {logging_mixin.py:190} INFO - [2025-05-12T08:44:38.828+0000] {dagbag.py:588} INFO - Filling up the DagBag from /opt/airflow/dags/dags_python_operator.py
[2025-05-12T08:44:38.847+0000] {processor.py:925} INFO - DAG(s) 'dags_python_operator' retrieved from /opt/airflow/dags/dags_python_operator.py
[2025-05-12T08:44:38.879+0000] {logging_mixin.py:190} INFO - [2025-05-12T08:44:38.878+0000] {dag.py:3239} INFO - Sync 1 DAGs
[2025-05-12T08:44:38.932+0000] {logging_mixin.py:190} INFO - [2025-05-12T08:44:38.932+0000] {dag.py:4180} INFO - Setting next_dagrun for dags_python_operator to 2025-05-11 15:10:00+00:00, run_after=2025-05-12 15:10:00+00:00
[2025-05-12T08:44:38.995+0000] {processor.py:208} INFO - Processing /opt/airflow/dags/dags_python_operator.py took 0.192 seconds
[2025-05-12T08:45:09.657+0000] {processor.py:186} INFO - Started process (PID=2042) to work on /opt/airflow/dags/dags_python_operator.py
[2025-05-12T08:45:09.668+0000] {processor.py:914} INFO - Processing file /opt/airflow/dags/dags_python_operator.py for tasks to queue
[2025-05-12T08:45:09.672+0000] {logging_mixin.py:190} INFO - [2025-05-12T08:45:09.671+0000] {dagbag.py:588} INFO - Filling up the DagBag from /opt/airflow/dags/dags_python_operator.py
[2025-05-12T08:45:09.686+0000] {processor.py:925} INFO - DAG(s) 'dags_python_operator' retrieved from /opt/airflow/dags/dags_python_operator.py
[2025-05-12T08:45:09.720+0000] {logging_mixin.py:190} INFO - [2025-05-12T08:45:09.720+0000] {dag.py:3239} INFO - Sync 1 DAGs
[2025-05-12T08:45:09.762+0000] {logging_mixin.py:190} INFO - [2025-05-12T08:45:09.761+0000] {dag.py:4180} INFO - Setting next_dagrun for dags_python_operator to 2025-05-11 15:10:00+00:00, run_after=2025-05-12 15:10:00+00:00
[2025-05-12T08:45:09.797+0000] {processor.py:208} INFO - Processing /opt/airflow/dags/dags_python_operator.py took 0.150 seconds
[2025-05-12T08:45:39.853+0000] {processor.py:186} INFO - Started process (PID=2124) to work on /opt/airflow/dags/dags_python_operator.py
[2025-05-12T08:45:39.855+0000] {processor.py:914} INFO - Processing file /opt/airflow/dags/dags_python_operator.py for tasks to queue
[2025-05-12T08:45:39.857+0000] {logging_mixin.py:190} INFO - [2025-05-12T08:45:39.857+0000] {dagbag.py:588} INFO - Filling up the DagBag from /opt/airflow/dags/dags_python_operator.py
[2025-05-12T08:45:39.872+0000] {processor.py:925} INFO - DAG(s) 'dags_python_operator' retrieved from /opt/airflow/dags/dags_python_operator.py
[2025-05-12T08:45:39.905+0000] {logging_mixin.py:190} INFO - [2025-05-12T08:45:39.904+0000] {dag.py:3239} INFO - Sync 1 DAGs
[2025-05-12T08:45:39.944+0000] {logging_mixin.py:190} INFO - [2025-05-12T08:45:39.944+0000] {dag.py:4180} INFO - Setting next_dagrun for dags_python_operator to 2025-05-11 15:10:00+00:00, run_after=2025-05-12 15:10:00+00:00
[2025-05-12T08:45:39.981+0000] {processor.py:208} INFO - Processing /opt/airflow/dags/dags_python_operator.py took 0.138 seconds
[2025-05-12T08:46:10.194+0000] {processor.py:186} INFO - Started process (PID=2206) to work on /opt/airflow/dags/dags_python_operator.py
[2025-05-12T08:46:10.196+0000] {processor.py:914} INFO - Processing file /opt/airflow/dags/dags_python_operator.py for tasks to queue
[2025-05-12T08:46:10.197+0000] {logging_mixin.py:190} INFO - [2025-05-12T08:46:10.197+0000] {dagbag.py:588} INFO - Filling up the DagBag from /opt/airflow/dags/dags_python_operator.py
[2025-05-12T08:46:10.213+0000] {processor.py:925} INFO - DAG(s) 'dags_python_operator' retrieved from /opt/airflow/dags/dags_python_operator.py
[2025-05-12T08:46:10.247+0000] {logging_mixin.py:190} INFO - [2025-05-12T08:46:10.246+0000] {dag.py:3239} INFO - Sync 1 DAGs
[2025-05-12T08:46:10.287+0000] {logging_mixin.py:190} INFO - [2025-05-12T08:46:10.287+0000] {dag.py:4180} INFO - Setting next_dagrun for dags_python_operator to 2025-05-11 15:10:00+00:00, run_after=2025-05-12 15:10:00+00:00
[2025-05-12T08:46:10.317+0000] {processor.py:208} INFO - Processing /opt/airflow/dags/dags_python_operator.py took 0.132 seconds
[2025-05-12T08:46:40.548+0000] {processor.py:186} INFO - Started process (PID=2288) to work on /opt/airflow/dags/dags_python_operator.py
[2025-05-12T08:46:40.550+0000] {processor.py:914} INFO - Processing file /opt/airflow/dags/dags_python_operator.py for tasks to queue
[2025-05-12T08:46:40.552+0000] {logging_mixin.py:190} INFO - [2025-05-12T08:46:40.551+0000] {dagbag.py:588} INFO - Filling up the DagBag from /opt/airflow/dags/dags_python_operator.py
[2025-05-12T08:46:40.565+0000] {processor.py:925} INFO - DAG(s) 'dags_python_operator' retrieved from /opt/airflow/dags/dags_python_operator.py
[2025-05-12T08:46:40.598+0000] {logging_mixin.py:190} INFO - [2025-05-12T08:46:40.598+0000] {dag.py:3239} INFO - Sync 1 DAGs
[2025-05-12T08:46:40.636+0000] {logging_mixin.py:190} INFO - [2025-05-12T08:46:40.635+0000] {dag.py:4180} INFO - Setting next_dagrun for dags_python_operator to 2025-05-11 15:10:00+00:00, run_after=2025-05-12 15:10:00+00:00
[2025-05-12T08:46:40.662+0000] {processor.py:208} INFO - Processing /opt/airflow/dags/dags_python_operator.py took 0.122 seconds
[2025-05-12T08:47:11.509+0000] {processor.py:186} INFO - Started process (PID=2370) to work on /opt/airflow/dags/dags_python_operator.py
[2025-05-12T08:47:11.510+0000] {processor.py:914} INFO - Processing file /opt/airflow/dags/dags_python_operator.py for tasks to queue
[2025-05-12T08:47:11.512+0000] {logging_mixin.py:190} INFO - [2025-05-12T08:47:11.512+0000] {dagbag.py:588} INFO - Filling up the DagBag from /opt/airflow/dags/dags_python_operator.py
[2025-05-12T08:47:11.527+0000] {processor.py:925} INFO - DAG(s) 'dags_python_operator' retrieved from /opt/airflow/dags/dags_python_operator.py
[2025-05-12T08:47:11.559+0000] {logging_mixin.py:190} INFO - [2025-05-12T08:47:11.559+0000] {dag.py:3239} INFO - Sync 1 DAGs
[2025-05-12T08:47:11.600+0000] {logging_mixin.py:190} INFO - [2025-05-12T08:47:11.600+0000] {dag.py:4180} INFO - Setting next_dagrun for dags_python_operator to 2025-05-11 15:10:00+00:00, run_after=2025-05-12 15:10:00+00:00
[2025-05-12T08:47:11.624+0000] {processor.py:208} INFO - Processing /opt/airflow/dags/dags_python_operator.py took 0.126 seconds
[2025-05-12T08:47:41.782+0000] {processor.py:186} INFO - Started process (PID=2452) to work on /opt/airflow/dags/dags_python_operator.py
[2025-05-12T08:47:41.783+0000] {processor.py:914} INFO - Processing file /opt/airflow/dags/dags_python_operator.py for tasks to queue
[2025-05-12T08:47:41.785+0000] {logging_mixin.py:190} INFO - [2025-05-12T08:47:41.784+0000] {dagbag.py:588} INFO - Filling up the DagBag from /opt/airflow/dags/dags_python_operator.py
[2025-05-12T08:47:41.795+0000] {processor.py:925} INFO - DAG(s) 'dags_python_operator' retrieved from /opt/airflow/dags/dags_python_operator.py
[2025-05-12T08:47:41.823+0000] {logging_mixin.py:190} INFO - [2025-05-12T08:47:41.822+0000] {dag.py:3239} INFO - Sync 1 DAGs
[2025-05-12T08:47:41.859+0000] {logging_mixin.py:190} INFO - [2025-05-12T08:47:41.858+0000] {dag.py:4180} INFO - Setting next_dagrun for dags_python_operator to 2025-05-11 15:10:00+00:00, run_after=2025-05-12 15:10:00+00:00
[2025-05-12T08:47:41.884+0000] {processor.py:208} INFO - Processing /opt/airflow/dags/dags_python_operator.py took 0.109 seconds
[2025-05-12T08:48:12.296+0000] {processor.py:186} INFO - Started process (PID=2534) to work on /opt/airflow/dags/dags_python_operator.py
[2025-05-12T08:48:12.297+0000] {processor.py:914} INFO - Processing file /opt/airflow/dags/dags_python_operator.py for tasks to queue
[2025-05-12T08:48:12.298+0000] {logging_mixin.py:190} INFO - [2025-05-12T08:48:12.298+0000] {dagbag.py:588} INFO - Filling up the DagBag from /opt/airflow/dags/dags_python_operator.py
[2025-05-12T08:48:12.310+0000] {processor.py:925} INFO - DAG(s) 'dags_python_operator' retrieved from /opt/airflow/dags/dags_python_operator.py
[2025-05-12T08:48:12.333+0000] {logging_mixin.py:190} INFO - [2025-05-12T08:48:12.333+0000] {dag.py:3239} INFO - Sync 1 DAGs
[2025-05-12T08:48:12.366+0000] {logging_mixin.py:190} INFO - [2025-05-12T08:48:12.366+0000] {dag.py:4180} INFO - Setting next_dagrun for dags_python_operator to 2025-05-11 15:10:00+00:00, run_after=2025-05-12 15:10:00+00:00
[2025-05-12T08:48:12.388+0000] {processor.py:208} INFO - Processing /opt/airflow/dags/dags_python_operator.py took 0.099 seconds
[2025-05-12T08:48:42.889+0000] {processor.py:186} INFO - Started process (PID=2616) to work on /opt/airflow/dags/dags_python_operator.py
[2025-05-12T08:48:42.890+0000] {processor.py:914} INFO - Processing file /opt/airflow/dags/dags_python_operator.py for tasks to queue
[2025-05-12T08:48:42.891+0000] {logging_mixin.py:190} INFO - [2025-05-12T08:48:42.891+0000] {dagbag.py:588} INFO - Filling up the DagBag from /opt/airflow/dags/dags_python_operator.py
[2025-05-12T08:48:42.902+0000] {processor.py:925} INFO - DAG(s) 'dags_python_operator' retrieved from /opt/airflow/dags/dags_python_operator.py
[2025-05-12T08:48:42.927+0000] {logging_mixin.py:190} INFO - [2025-05-12T08:48:42.927+0000] {dag.py:3239} INFO - Sync 1 DAGs
[2025-05-12T08:48:42.958+0000] {logging_mixin.py:190} INFO - [2025-05-12T08:48:42.958+0000] {dag.py:4180} INFO - Setting next_dagrun for dags_python_operator to 2025-05-11 15:10:00+00:00, run_after=2025-05-12 15:10:00+00:00
[2025-05-12T08:48:42.979+0000] {processor.py:208} INFO - Processing /opt/airflow/dags/dags_python_operator.py took 0.098 seconds
[2025-05-12T08:49:13.420+0000] {processor.py:186} INFO - Started process (PID=2697) to work on /opt/airflow/dags/dags_python_operator.py
[2025-05-12T08:49:13.422+0000] {processor.py:914} INFO - Processing file /opt/airflow/dags/dags_python_operator.py for tasks to queue
[2025-05-12T08:49:13.424+0000] {logging_mixin.py:190} INFO - [2025-05-12T08:49:13.423+0000] {dagbag.py:588} INFO - Filling up the DagBag from /opt/airflow/dags/dags_python_operator.py
[2025-05-12T08:49:13.437+0000] {processor.py:925} INFO - DAG(s) 'dags_python_operator' retrieved from /opt/airflow/dags/dags_python_operator.py
[2025-05-12T08:49:13.462+0000] {logging_mixin.py:190} INFO - [2025-05-12T08:49:13.462+0000] {dag.py:3239} INFO - Sync 1 DAGs
[2025-05-12T08:49:13.494+0000] {logging_mixin.py:190} INFO - [2025-05-12T08:49:13.493+0000] {dag.py:4180} INFO - Setting next_dagrun for dags_python_operator to 2025-05-11 15:10:00+00:00, run_after=2025-05-12 15:10:00+00:00
[2025-05-12T08:49:13.519+0000] {processor.py:208} INFO - Processing /opt/airflow/dags/dags_python_operator.py took 0.106 seconds
[2025-05-12T08:49:43.620+0000] {processor.py:186} INFO - Started process (PID=2779) to work on /opt/airflow/dags/dags_python_operator.py
[2025-05-12T08:49:43.621+0000] {processor.py:914} INFO - Processing file /opt/airflow/dags/dags_python_operator.py for tasks to queue
[2025-05-12T08:49:43.623+0000] {logging_mixin.py:190} INFO - [2025-05-12T08:49:43.622+0000] {dagbag.py:588} INFO - Filling up the DagBag from /opt/airflow/dags/dags_python_operator.py
[2025-05-12T08:49:43.634+0000] {processor.py:925} INFO - DAG(s) 'dags_python_operator' retrieved from /opt/airflow/dags/dags_python_operator.py
[2025-05-12T08:49:43.655+0000] {logging_mixin.py:190} INFO - [2025-05-12T08:49:43.655+0000] {dag.py:3239} INFO - Sync 1 DAGs
[2025-05-12T08:49:43.686+0000] {logging_mixin.py:190} INFO - [2025-05-12T08:49:43.686+0000] {dag.py:4180} INFO - Setting next_dagrun for dags_python_operator to 2025-05-11 15:10:00+00:00, run_after=2025-05-12 15:10:00+00:00
[2025-05-12T08:49:43.711+0000] {processor.py:208} INFO - Processing /opt/airflow/dags/dags_python_operator.py took 0.099 seconds
[2025-05-12T08:50:13.873+0000] {processor.py:186} INFO - Started process (PID=2861) to work on /opt/airflow/dags/dags_python_operator.py
[2025-05-12T08:50:13.874+0000] {processor.py:914} INFO - Processing file /opt/airflow/dags/dags_python_operator.py for tasks to queue
[2025-05-12T08:50:13.876+0000] {logging_mixin.py:190} INFO - [2025-05-12T08:50:13.876+0000] {dagbag.py:588} INFO - Filling up the DagBag from /opt/airflow/dags/dags_python_operator.py
[2025-05-12T08:50:13.888+0000] {processor.py:925} INFO - DAG(s) 'dags_python_operator' retrieved from /opt/airflow/dags/dags_python_operator.py
[2025-05-12T08:50:13.908+0000] {logging_mixin.py:190} INFO - [2025-05-12T08:50:13.908+0000] {dag.py:3239} INFO - Sync 1 DAGs
[2025-05-12T08:50:13.942+0000] {logging_mixin.py:190} INFO - [2025-05-12T08:50:13.942+0000] {dag.py:4180} INFO - Setting next_dagrun for dags_python_operator to 2025-05-11 15:10:00+00:00, run_after=2025-05-12 15:10:00+00:00
[2025-05-12T08:50:13.969+0000] {processor.py:208} INFO - Processing /opt/airflow/dags/dags_python_operator.py took 0.103 seconds
[2025-05-12T08:50:44.437+0000] {processor.py:186} INFO - Started process (PID=2943) to work on /opt/airflow/dags/dags_python_operator.py
[2025-05-12T08:50:44.438+0000] {processor.py:914} INFO - Processing file /opt/airflow/dags/dags_python_operator.py for tasks to queue
[2025-05-12T08:50:44.440+0000] {logging_mixin.py:190} INFO - [2025-05-12T08:50:44.440+0000] {dagbag.py:588} INFO - Filling up the DagBag from /opt/airflow/dags/dags_python_operator.py
[2025-05-12T08:50:44.451+0000] {processor.py:925} INFO - DAG(s) 'dags_python_operator' retrieved from /opt/airflow/dags/dags_python_operator.py
[2025-05-12T08:50:44.473+0000] {logging_mixin.py:190} INFO - [2025-05-12T08:50:44.473+0000] {dag.py:3239} INFO - Sync 1 DAGs
[2025-05-12T08:50:44.506+0000] {logging_mixin.py:190} INFO - [2025-05-12T08:50:44.506+0000] {dag.py:4180} INFO - Setting next_dagrun for dags_python_operator to 2025-05-11 15:10:00+00:00, run_after=2025-05-12 15:10:00+00:00
[2025-05-12T08:50:44.552+0000] {processor.py:208} INFO - Processing /opt/airflow/dags/dags_python_operator.py took 0.122 seconds
[2025-05-12T08:51:15.181+0000] {processor.py:186} INFO - Started process (PID=3024) to work on /opt/airflow/dags/dags_python_operator.py
[2025-05-12T08:51:15.183+0000] {processor.py:914} INFO - Processing file /opt/airflow/dags/dags_python_operator.py for tasks to queue
[2025-05-12T08:51:15.185+0000] {logging_mixin.py:190} INFO - [2025-05-12T08:51:15.184+0000] {dagbag.py:588} INFO - Filling up the DagBag from /opt/airflow/dags/dags_python_operator.py
[2025-05-12T08:51:15.201+0000] {processor.py:925} INFO - DAG(s) 'dags_python_operator' retrieved from /opt/airflow/dags/dags_python_operator.py
[2025-05-12T08:51:15.228+0000] {logging_mixin.py:190} INFO - [2025-05-12T08:51:15.228+0000] {dag.py:3239} INFO - Sync 1 DAGs
[2025-05-12T08:51:15.265+0000] {logging_mixin.py:190} INFO - [2025-05-12T08:51:15.264+0000] {dag.py:4180} INFO - Setting next_dagrun for dags_python_operator to 2025-05-11 15:10:00+00:00, run_after=2025-05-12 15:10:00+00:00
[2025-05-12T08:51:15.295+0000] {processor.py:208} INFO - Processing /opt/airflow/dags/dags_python_operator.py took 0.124 seconds
[2025-05-12T08:51:45.395+0000] {processor.py:186} INFO - Started process (PID=3106) to work on /opt/airflow/dags/dags_python_operator.py
[2025-05-12T08:51:45.396+0000] {processor.py:914} INFO - Processing file /opt/airflow/dags/dags_python_operator.py for tasks to queue
[2025-05-12T08:51:45.397+0000] {logging_mixin.py:190} INFO - [2025-05-12T08:51:45.397+0000] {dagbag.py:588} INFO - Filling up the DagBag from /opt/airflow/dags/dags_python_operator.py
[2025-05-12T08:51:45.410+0000] {processor.py:925} INFO - DAG(s) 'dags_python_operator' retrieved from /opt/airflow/dags/dags_python_operator.py
[2025-05-12T08:51:45.436+0000] {logging_mixin.py:190} INFO - [2025-05-12T08:51:45.436+0000] {dag.py:3239} INFO - Sync 1 DAGs
[2025-05-12T08:51:45.469+0000] {logging_mixin.py:190} INFO - [2025-05-12T08:51:45.469+0000] {dag.py:4180} INFO - Setting next_dagrun for dags_python_operator to 2025-05-11 15:10:00+00:00, run_after=2025-05-12 15:10:00+00:00
[2025-05-12T08:51:45.496+0000] {processor.py:208} INFO - Processing /opt/airflow/dags/dags_python_operator.py took 0.108 seconds
[2025-05-12T08:52:16.212+0000] {processor.py:186} INFO - Started process (PID=3187) to work on /opt/airflow/dags/dags_python_operator.py
[2025-05-12T08:52:16.214+0000] {processor.py:914} INFO - Processing file /opt/airflow/dags/dags_python_operator.py for tasks to queue
[2025-05-12T08:52:16.217+0000] {logging_mixin.py:190} INFO - [2025-05-12T08:52:16.216+0000] {dagbag.py:588} INFO - Filling up the DagBag from /opt/airflow/dags/dags_python_operator.py
[2025-05-12T08:52:16.231+0000] {processor.py:925} INFO - DAG(s) 'dags_python_operator' retrieved from /opt/airflow/dags/dags_python_operator.py
[2025-05-12T08:52:16.258+0000] {logging_mixin.py:190} INFO - [2025-05-12T08:52:16.257+0000] {dag.py:3239} INFO - Sync 1 DAGs
[2025-05-12T08:52:16.289+0000] {logging_mixin.py:190} INFO - [2025-05-12T08:52:16.289+0000] {dag.py:4180} INFO - Setting next_dagrun for dags_python_operator to 2025-05-11 15:10:00+00:00, run_after=2025-05-12 15:10:00+00:00
[2025-05-12T08:52:16.321+0000] {processor.py:208} INFO - Processing /opt/airflow/dags/dags_python_operator.py took 0.116 seconds
[2025-05-12T08:52:46.449+0000] {processor.py:186} INFO - Started process (PID=3269) to work on /opt/airflow/dags/dags_python_operator.py
[2025-05-12T08:52:46.451+0000] {processor.py:914} INFO - Processing file /opt/airflow/dags/dags_python_operator.py for tasks to queue
[2025-05-12T08:52:46.453+0000] {logging_mixin.py:190} INFO - [2025-05-12T08:52:46.452+0000] {dagbag.py:588} INFO - Filling up the DagBag from /opt/airflow/dags/dags_python_operator.py
[2025-05-12T08:52:46.464+0000] {processor.py:925} INFO - DAG(s) 'dags_python_operator' retrieved from /opt/airflow/dags/dags_python_operator.py
[2025-05-12T08:52:46.495+0000] {logging_mixin.py:190} INFO - [2025-05-12T08:52:46.494+0000] {dag.py:3239} INFO - Sync 1 DAGs
[2025-05-12T08:52:46.537+0000] {logging_mixin.py:190} INFO - [2025-05-12T08:52:46.536+0000] {dag.py:4180} INFO - Setting next_dagrun for dags_python_operator to 2025-05-11 15:10:00+00:00, run_after=2025-05-12 15:10:00+00:00
[2025-05-12T08:52:46.565+0000] {processor.py:208} INFO - Processing /opt/airflow/dags/dags_python_operator.py took 0.123 seconds
[2025-05-12T08:53:16.608+0000] {processor.py:186} INFO - Started process (PID=3351) to work on /opt/airflow/dags/dags_python_operator.py
[2025-05-12T08:53:16.609+0000] {processor.py:914} INFO - Processing file /opt/airflow/dags/dags_python_operator.py for tasks to queue
[2025-05-12T08:53:16.611+0000] {logging_mixin.py:190} INFO - [2025-05-12T08:53:16.610+0000] {dagbag.py:588} INFO - Filling up the DagBag from /opt/airflow/dags/dags_python_operator.py
[2025-05-12T08:53:16.620+0000] {processor.py:925} INFO - DAG(s) 'dags_python_operator' retrieved from /opt/airflow/dags/dags_python_operator.py
[2025-05-12T08:53:16.640+0000] {logging_mixin.py:190} INFO - [2025-05-12T08:53:16.640+0000] {dag.py:3239} INFO - Sync 1 DAGs
[2025-05-12T08:53:16.666+0000] {logging_mixin.py:190} INFO - [2025-05-12T08:53:16.666+0000] {dag.py:4180} INFO - Setting next_dagrun for dags_python_operator to 2025-05-11 15:10:00+00:00, run_after=2025-05-12 15:10:00+00:00
[2025-05-12T08:53:16.686+0000] {processor.py:208} INFO - Processing /opt/airflow/dags/dags_python_operator.py took 0.084 seconds
[2025-05-12T08:53:46.931+0000] {processor.py:186} INFO - Started process (PID=3433) to work on /opt/airflow/dags/dags_python_operator.py
[2025-05-12T08:53:46.933+0000] {processor.py:914} INFO - Processing file /opt/airflow/dags/dags_python_operator.py for tasks to queue
[2025-05-12T08:53:46.934+0000] {logging_mixin.py:190} INFO - [2025-05-12T08:53:46.933+0000] {dagbag.py:588} INFO - Filling up the DagBag from /opt/airflow/dags/dags_python_operator.py
[2025-05-12T08:53:46.943+0000] {processor.py:925} INFO - DAG(s) 'dags_python_operator' retrieved from /opt/airflow/dags/dags_python_operator.py
[2025-05-12T08:53:46.962+0000] {logging_mixin.py:190} INFO - [2025-05-12T08:53:46.962+0000] {dag.py:3239} INFO - Sync 1 DAGs
[2025-05-12T08:53:46.990+0000] {logging_mixin.py:190} INFO - [2025-05-12T08:53:46.990+0000] {dag.py:4180} INFO - Setting next_dagrun for dags_python_operator to 2025-05-11 15:10:00+00:00, run_after=2025-05-12 15:10:00+00:00
[2025-05-12T08:53:47.008+0000] {processor.py:208} INFO - Processing /opt/airflow/dags/dags_python_operator.py took 0.083 seconds
[2025-05-12T08:54:17.350+0000] {processor.py:186} INFO - Started process (PID=3515) to work on /opt/airflow/dags/dags_python_operator.py
[2025-05-12T08:54:17.351+0000] {processor.py:914} INFO - Processing file /opt/airflow/dags/dags_python_operator.py for tasks to queue
[2025-05-12T08:54:17.353+0000] {logging_mixin.py:190} INFO - [2025-05-12T08:54:17.353+0000] {dagbag.py:588} INFO - Filling up the DagBag from /opt/airflow/dags/dags_python_operator.py
[2025-05-12T08:54:17.364+0000] {processor.py:925} INFO - DAG(s) 'dags_python_operator' retrieved from /opt/airflow/dags/dags_python_operator.py
[2025-05-12T08:54:17.389+0000] {logging_mixin.py:190} INFO - [2025-05-12T08:54:17.389+0000] {dag.py:3239} INFO - Sync 1 DAGs
[2025-05-12T08:54:17.423+0000] {logging_mixin.py:190} INFO - [2025-05-12T08:54:17.423+0000] {dag.py:4180} INFO - Setting next_dagrun for dags_python_operator to 2025-05-11 15:10:00+00:00, run_after=2025-05-12 15:10:00+00:00
[2025-05-12T08:54:17.456+0000] {processor.py:208} INFO - Processing /opt/airflow/dags/dags_python_operator.py took 0.114 seconds
[2025-05-12T08:54:47.915+0000] {processor.py:186} INFO - Started process (PID=3594) to work on /opt/airflow/dags/dags_python_operator.py
[2025-05-12T08:54:47.917+0000] {processor.py:914} INFO - Processing file /opt/airflow/dags/dags_python_operator.py for tasks to queue
[2025-05-12T08:54:47.918+0000] {logging_mixin.py:190} INFO - [2025-05-12T08:54:47.918+0000] {dagbag.py:588} INFO - Filling up the DagBag from /opt/airflow/dags/dags_python_operator.py
[2025-05-12T08:54:47.929+0000] {processor.py:925} INFO - DAG(s) 'dags_python_operator' retrieved from /opt/airflow/dags/dags_python_operator.py
[2025-05-12T08:54:47.954+0000] {logging_mixin.py:190} INFO - [2025-05-12T08:54:47.953+0000] {dag.py:3239} INFO - Sync 1 DAGs
[2025-05-12T08:54:47.988+0000] {logging_mixin.py:190} INFO - [2025-05-12T08:54:47.988+0000] {dag.py:4180} INFO - Setting next_dagrun for dags_python_operator to 2025-05-11 15:10:00+00:00, run_after=2025-05-12 15:10:00+00:00
[2025-05-12T08:54:48.015+0000] {processor.py:208} INFO - Processing /opt/airflow/dags/dags_python_operator.py took 0.107 seconds
[2025-05-12T08:55:18.328+0000] {processor.py:186} INFO - Started process (PID=3676) to work on /opt/airflow/dags/dags_python_operator.py
[2025-05-12T08:55:18.329+0000] {processor.py:914} INFO - Processing file /opt/airflow/dags/dags_python_operator.py for tasks to queue
[2025-05-12T08:55:18.330+0000] {logging_mixin.py:190} INFO - [2025-05-12T08:55:18.330+0000] {dagbag.py:588} INFO - Filling up the DagBag from /opt/airflow/dags/dags_python_operator.py
[2025-05-12T08:55:18.339+0000] {processor.py:925} INFO - DAG(s) 'dags_python_operator' retrieved from /opt/airflow/dags/dags_python_operator.py
[2025-05-12T08:55:18.363+0000] {logging_mixin.py:190} INFO - [2025-05-12T08:55:18.363+0000] {dag.py:3239} INFO - Sync 1 DAGs
[2025-05-12T08:55:18.390+0000] {logging_mixin.py:190} INFO - [2025-05-12T08:55:18.389+0000] {dag.py:4180} INFO - Setting next_dagrun for dags_python_operator to 2025-05-11 15:10:00+00:00, run_after=2025-05-12 15:10:00+00:00
[2025-05-12T08:55:18.411+0000] {processor.py:208} INFO - Processing /opt/airflow/dags/dags_python_operator.py took 0.090 seconds
[2025-05-12T08:55:48.643+0000] {processor.py:186} INFO - Started process (PID=3759) to work on /opt/airflow/dags/dags_python_operator.py
[2025-05-12T08:55:48.644+0000] {processor.py:914} INFO - Processing file /opt/airflow/dags/dags_python_operator.py for tasks to queue
[2025-05-12T08:55:48.646+0000] {logging_mixin.py:190} INFO - [2025-05-12T08:55:48.646+0000] {dagbag.py:588} INFO - Filling up the DagBag from /opt/airflow/dags/dags_python_operator.py
[2025-05-12T08:55:48.655+0000] {processor.py:925} INFO - DAG(s) 'dags_python_operator' retrieved from /opt/airflow/dags/dags_python_operator.py
[2025-05-12T08:55:48.678+0000] {logging_mixin.py:190} INFO - [2025-05-12T08:55:48.678+0000] {dag.py:3239} INFO - Sync 1 DAGs
[2025-05-12T08:55:48.704+0000] {logging_mixin.py:190} INFO - [2025-05-12T08:55:48.704+0000] {dag.py:4180} INFO - Setting next_dagrun for dags_python_operator to 2025-05-11 15:10:00+00:00, run_after=2025-05-12 15:10:00+00:00
[2025-05-12T08:55:48.728+0000] {processor.py:208} INFO - Processing /opt/airflow/dags/dags_python_operator.py took 0.091 seconds
[2025-05-12T08:56:19.219+0000] {processor.py:186} INFO - Started process (PID=3841) to work on /opt/airflow/dags/dags_python_operator.py
[2025-05-12T08:56:19.220+0000] {processor.py:914} INFO - Processing file /opt/airflow/dags/dags_python_operator.py for tasks to queue
[2025-05-12T08:56:19.222+0000] {logging_mixin.py:190} INFO - [2025-05-12T08:56:19.222+0000] {dagbag.py:588} INFO - Filling up the DagBag from /opt/airflow/dags/dags_python_operator.py
[2025-05-12T08:56:19.233+0000] {processor.py:925} INFO - DAG(s) 'dags_python_operator' retrieved from /opt/airflow/dags/dags_python_operator.py
[2025-05-12T08:56:19.260+0000] {logging_mixin.py:190} INFO - [2025-05-12T08:56:19.260+0000] {dag.py:3239} INFO - Sync 1 DAGs
[2025-05-12T08:56:19.299+0000] {logging_mixin.py:190} INFO - [2025-05-12T08:56:19.298+0000] {dag.py:4180} INFO - Setting next_dagrun for dags_python_operator to 2025-05-11 15:10:00+00:00, run_after=2025-05-12 15:10:00+00:00
[2025-05-12T08:56:19.329+0000] {processor.py:208} INFO - Processing /opt/airflow/dags/dags_python_operator.py took 0.118 seconds
[2025-05-12T08:56:49.703+0000] {processor.py:186} INFO - Started process (PID=3924) to work on /opt/airflow/dags/dags_python_operator.py
[2025-05-12T08:56:49.705+0000] {processor.py:914} INFO - Processing file /opt/airflow/dags/dags_python_operator.py for tasks to queue
[2025-05-12T08:56:49.707+0000] {logging_mixin.py:190} INFO - [2025-05-12T08:56:49.707+0000] {dagbag.py:588} INFO - Filling up the DagBag from /opt/airflow/dags/dags_python_operator.py
[2025-05-12T08:56:49.719+0000] {processor.py:925} INFO - DAG(s) 'dags_python_operator' retrieved from /opt/airflow/dags/dags_python_operator.py
[2025-05-12T08:56:49.749+0000] {logging_mixin.py:190} INFO - [2025-05-12T08:56:49.749+0000] {dag.py:3239} INFO - Sync 1 DAGs
[2025-05-12T08:56:49.780+0000] {logging_mixin.py:190} INFO - [2025-05-12T08:56:49.780+0000] {dag.py:4180} INFO - Setting next_dagrun for dags_python_operator to 2025-05-11 15:10:00+00:00, run_after=2025-05-12 15:10:00+00:00
[2025-05-12T08:56:49.801+0000] {processor.py:208} INFO - Processing /opt/airflow/dags/dags_python_operator.py took 0.104 seconds
[2025-05-12T08:57:20.215+0000] {processor.py:186} INFO - Started process (PID=4006) to work on /opt/airflow/dags/dags_python_operator.py
[2025-05-12T08:57:20.217+0000] {processor.py:914} INFO - Processing file /opt/airflow/dags/dags_python_operator.py for tasks to queue
[2025-05-12T08:57:20.219+0000] {logging_mixin.py:190} INFO - [2025-05-12T08:57:20.218+0000] {dagbag.py:588} INFO - Filling up the DagBag from /opt/airflow/dags/dags_python_operator.py
[2025-05-12T08:57:20.234+0000] {processor.py:925} INFO - DAG(s) 'dags_python_operator' retrieved from /opt/airflow/dags/dags_python_operator.py
[2025-05-12T08:57:20.274+0000] {logging_mixin.py:190} INFO - [2025-05-12T08:57:20.273+0000] {dag.py:3239} INFO - Sync 1 DAGs
[2025-05-12T08:57:20.313+0000] {logging_mixin.py:190} INFO - [2025-05-12T08:57:20.312+0000] {dag.py:4180} INFO - Setting next_dagrun for dags_python_operator to 2025-05-11 15:10:00+00:00, run_after=2025-05-12 15:10:00+00:00
[2025-05-12T08:57:20.348+0000] {processor.py:208} INFO - Processing /opt/airflow/dags/dags_python_operator.py took 0.147 seconds
[2025-05-12T08:57:50.771+0000] {processor.py:186} INFO - Started process (PID=4088) to work on /opt/airflow/dags/dags_python_operator.py
[2025-05-12T08:57:50.773+0000] {processor.py:914} INFO - Processing file /opt/airflow/dags/dags_python_operator.py for tasks to queue
[2025-05-12T08:57:50.774+0000] {logging_mixin.py:190} INFO - [2025-05-12T08:57:50.774+0000] {dagbag.py:588} INFO - Filling up the DagBag from /opt/airflow/dags/dags_python_operator.py
[2025-05-12T08:57:50.785+0000] {processor.py:925} INFO - DAG(s) 'dags_python_operator' retrieved from /opt/airflow/dags/dags_python_operator.py
[2025-05-12T08:57:50.807+0000] {logging_mixin.py:190} INFO - [2025-05-12T08:57:50.806+0000] {dag.py:3239} INFO - Sync 1 DAGs
[2025-05-12T08:57:50.838+0000] {logging_mixin.py:190} INFO - [2025-05-12T08:57:50.838+0000] {dag.py:4180} INFO - Setting next_dagrun for dags_python_operator to 2025-05-11 15:10:00+00:00, run_after=2025-05-12 15:10:00+00:00
[2025-05-12T08:57:50.866+0000] {processor.py:208} INFO - Processing /opt/airflow/dags/dags_python_operator.py took 0.102 seconds
[2025-05-12T08:58:21.521+0000] {processor.py:186} INFO - Started process (PID=4170) to work on /opt/airflow/dags/dags_python_operator.py
[2025-05-12T08:58:21.524+0000] {processor.py:914} INFO - Processing file /opt/airflow/dags/dags_python_operator.py for tasks to queue
[2025-05-12T08:58:21.526+0000] {logging_mixin.py:190} INFO - [2025-05-12T08:58:21.526+0000] {dagbag.py:588} INFO - Filling up the DagBag from /opt/airflow/dags/dags_python_operator.py
[2025-05-12T08:58:21.543+0000] {processor.py:925} INFO - DAG(s) 'dags_python_operator' retrieved from /opt/airflow/dags/dags_python_operator.py
[2025-05-12T08:58:21.581+0000] {logging_mixin.py:190} INFO - [2025-05-12T08:58:21.581+0000] {dag.py:3239} INFO - Sync 1 DAGs
[2025-05-12T08:58:21.627+0000] {logging_mixin.py:190} INFO - [2025-05-12T08:58:21.627+0000] {dag.py:4180} INFO - Setting next_dagrun for dags_python_operator to 2025-05-11 15:10:00+00:00, run_after=2025-05-12 15:10:00+00:00
[2025-05-12T08:58:21.661+0000] {processor.py:208} INFO - Processing /opt/airflow/dags/dags_python_operator.py took 0.149 seconds
[2025-05-12T08:58:53.745+0000] {processor.py:186} INFO - Started process (PID=4252) to work on /opt/airflow/dags/dags_python_operator.py
[2025-05-12T08:58:53.746+0000] {processor.py:914} INFO - Processing file /opt/airflow/dags/dags_python_operator.py for tasks to queue
[2025-05-12T08:58:53.748+0000] {logging_mixin.py:190} INFO - [2025-05-12T08:58:53.748+0000] {dagbag.py:588} INFO - Filling up the DagBag from /opt/airflow/dags/dags_python_operator.py
[2025-05-12T08:58:53.759+0000] {processor.py:925} INFO - DAG(s) 'dags_python_operator' retrieved from /opt/airflow/dags/dags_python_operator.py
[2025-05-12T08:58:53.785+0000] {logging_mixin.py:190} INFO - [2025-05-12T08:58:53.784+0000] {dag.py:3239} INFO - Sync 1 DAGs
[2025-05-12T08:58:53.818+0000] {logging_mixin.py:190} INFO - [2025-05-12T08:58:53.818+0000] {dag.py:4180} INFO - Setting next_dagrun for dags_python_operator to 2025-05-11 15:10:00+00:00, run_after=2025-05-12 15:10:00+00:00
[2025-05-12T08:58:53.846+0000] {processor.py:208} INFO - Processing /opt/airflow/dags/dags_python_operator.py took 0.109 seconds
[2025-05-12T08:59:24.535+0000] {processor.py:186} INFO - Started process (PID=4334) to work on /opt/airflow/dags/dags_python_operator.py
[2025-05-12T08:59:24.538+0000] {processor.py:914} INFO - Processing file /opt/airflow/dags/dags_python_operator.py for tasks to queue
[2025-05-12T08:59:24.539+0000] {logging_mixin.py:190} INFO - [2025-05-12T08:59:24.539+0000] {dagbag.py:588} INFO - Filling up the DagBag from /opt/airflow/dags/dags_python_operator.py
[2025-05-12T08:59:24.553+0000] {processor.py:925} INFO - DAG(s) 'dags_python_operator' retrieved from /opt/airflow/dags/dags_python_operator.py
[2025-05-12T08:59:24.588+0000] {logging_mixin.py:190} INFO - [2025-05-12T08:59:24.588+0000] {dag.py:3239} INFO - Sync 1 DAGs
[2025-05-12T08:59:24.626+0000] {logging_mixin.py:190} INFO - [2025-05-12T08:59:24.626+0000] {dag.py:4180} INFO - Setting next_dagrun for dags_python_operator to 2025-05-11 15:10:00+00:00, run_after=2025-05-12 15:10:00+00:00
[2025-05-12T08:59:24.651+0000] {processor.py:208} INFO - Processing /opt/airflow/dags/dags_python_operator.py took 0.125 seconds
[2025-05-12T08:59:55.110+0000] {processor.py:186} INFO - Started process (PID=4422) to work on /opt/airflow/dags/dags_python_operator.py
[2025-05-12T08:59:55.115+0000] {processor.py:914} INFO - Processing file /opt/airflow/dags/dags_python_operator.py for tasks to queue
[2025-05-12T08:59:55.116+0000] {logging_mixin.py:190} INFO - [2025-05-12T08:59:55.116+0000] {dagbag.py:588} INFO - Filling up the DagBag from /opt/airflow/dags/dags_python_operator.py
[2025-05-12T08:59:55.127+0000] {processor.py:925} INFO - DAG(s) 'dags_python_operator' retrieved from /opt/airflow/dags/dags_python_operator.py
[2025-05-12T08:59:55.155+0000] {logging_mixin.py:190} INFO - [2025-05-12T08:59:55.155+0000] {dag.py:3239} INFO - Sync 1 DAGs
[2025-05-12T08:59:55.188+0000] {logging_mixin.py:190} INFO - [2025-05-12T08:59:55.187+0000] {dag.py:4180} INFO - Setting next_dagrun for dags_python_operator to 2025-05-11 15:10:00+00:00, run_after=2025-05-12 15:10:00+00:00
[2025-05-12T08:59:55.215+0000] {processor.py:208} INFO - Processing /opt/airflow/dags/dags_python_operator.py took 0.114 seconds
[2025-05-12T09:00:25.982+0000] {processor.py:186} INFO - Started process (PID=4504) to work on /opt/airflow/dags/dags_python_operator.py
[2025-05-12T09:00:25.985+0000] {processor.py:914} INFO - Processing file /opt/airflow/dags/dags_python_operator.py for tasks to queue
[2025-05-12T09:00:25.988+0000] {logging_mixin.py:190} INFO - [2025-05-12T09:00:25.987+0000] {dagbag.py:588} INFO - Filling up the DagBag from /opt/airflow/dags/dags_python_operator.py
[2025-05-12T09:00:26.000+0000] {processor.py:925} INFO - DAG(s) 'dags_python_operator' retrieved from /opt/airflow/dags/dags_python_operator.py
[2025-05-12T09:00:26.029+0000] {logging_mixin.py:190} INFO - [2025-05-12T09:00:26.029+0000] {dag.py:3239} INFO - Sync 1 DAGs
[2025-05-12T09:00:26.067+0000] {logging_mixin.py:190} INFO - [2025-05-12T09:00:26.066+0000] {dag.py:4180} INFO - Setting next_dagrun for dags_python_operator to 2025-05-11 15:10:00+00:00, run_after=2025-05-12 15:10:00+00:00
[2025-05-12T09:00:26.096+0000] {processor.py:208} INFO - Processing /opt/airflow/dags/dags_python_operator.py took 0.121 seconds
[2025-05-12T09:00:56.378+0000] {processor.py:186} INFO - Started process (PID=4586) to work on /opt/airflow/dags/dags_python_operator.py
[2025-05-12T09:00:56.380+0000] {processor.py:914} INFO - Processing file /opt/airflow/dags/dags_python_operator.py for tasks to queue
[2025-05-12T09:00:56.384+0000] {logging_mixin.py:190} INFO - [2025-05-12T09:00:56.383+0000] {dagbag.py:588} INFO - Filling up the DagBag from /opt/airflow/dags/dags_python_operator.py
[2025-05-12T09:00:56.399+0000] {processor.py:925} INFO - DAG(s) 'dags_python_operator' retrieved from /opt/airflow/dags/dags_python_operator.py
[2025-05-12T09:00:56.431+0000] {logging_mixin.py:190} INFO - [2025-05-12T09:00:56.430+0000] {dag.py:3239} INFO - Sync 1 DAGs
[2025-05-12T09:00:56.471+0000] {logging_mixin.py:190} INFO - [2025-05-12T09:00:56.470+0000] {dag.py:4180} INFO - Setting next_dagrun for dags_python_operator to 2025-05-11 15:10:00+00:00, run_after=2025-05-12 15:10:00+00:00
[2025-05-12T09:00:56.500+0000] {processor.py:208} INFO - Processing /opt/airflow/dags/dags_python_operator.py took 0.130 seconds
