[2025-05-12T08:32:30.882+0000] {processor.py:186} INFO - Started process (PID=88) to work on /opt/airflow/dags/dags_python_with_xcom_eg1.py
[2025-05-12T08:32:30.883+0000] {processor.py:914} INFO - Processing file /opt/airflow/dags/dags_python_with_xcom_eg1.py for tasks to queue
[2025-05-12T08:32:30.932+0000] {logging_mixin.py:190} INFO - [2025-05-12T08:32:30.931+0000] {dagbag.py:588} INFO - Filling up the DagBag from /opt/airflow/dags/dags_python_with_xcom_eg1.py
[2025-05-12T08:32:31.116+0000] {processor.py:925} INFO - DAG(s) 'dags_python_with_xcom_eg1' retrieved from /opt/airflow/dags/dags_python_with_xcom_eg1.py
[2025-05-12T08:32:31.601+0000] {logging_mixin.py:190} INFO - [2025-05-12T08:32:31.601+0000] {dag.py:3239} INFO - Sync 1 DAGs
[2025-05-12T08:32:32.075+0000] {logging_mixin.py:190} INFO - [2025-05-12T08:32:32.074+0000] {dag.py:4180} INFO - Setting next_dagrun for dags_python_with_xcom_eg1 to 2025-05-10 21:30:00+00:00, run_after=2025-05-11 21:30:00+00:00
[2025-05-12T08:32:32.277+0000] {processor.py:208} INFO - Processing /opt/airflow/dags/dags_python_with_xcom_eg1.py took 1.404 seconds
[2025-05-12T08:33:47.069+0000] {processor.py:186} INFO - Started process (PID=224) to work on /opt/airflow/dags/dags_python_with_xcom_eg1.py
[2025-05-12T08:33:47.072+0000] {processor.py:914} INFO - Processing file /opt/airflow/dags/dags_python_with_xcom_eg1.py for tasks to queue
[2025-05-12T08:33:47.076+0000] {logging_mixin.py:190} INFO - [2025-05-12T08:33:47.075+0000] {dagbag.py:588} INFO - Filling up the DagBag from /opt/airflow/dags/dags_python_with_xcom_eg1.py
[2025-05-12T08:33:47.106+0000] {processor.py:925} INFO - DAG(s) 'dags_python_with_xcom_eg1' retrieved from /opt/airflow/dags/dags_python_with_xcom_eg1.py
[2025-05-12T08:33:47.598+0000] {logging_mixin.py:190} INFO - [2025-05-12T08:33:47.598+0000] {dag.py:3239} INFO - Sync 1 DAGs
[2025-05-12T08:33:47.670+0000] {logging_mixin.py:190} INFO - [2025-05-12T08:33:47.670+0000] {dag.py:4180} INFO - Setting next_dagrun for dags_python_with_xcom_eg1 to 2025-05-11 21:30:00+00:00, run_after=2025-05-12 21:30:00+00:00
[2025-05-12T08:33:47.723+0000] {processor.py:208} INFO - Processing /opt/airflow/dags/dags_python_with_xcom_eg1.py took 0.673 seconds
[2025-05-12T08:34:18.612+0000] {processor.py:186} INFO - Started process (PID=314) to work on /opt/airflow/dags/dags_python_with_xcom_eg1.py
[2025-05-12T08:34:18.616+0000] {processor.py:914} INFO - Processing file /opt/airflow/dags/dags_python_with_xcom_eg1.py for tasks to queue
[2025-05-12T08:34:18.620+0000] {logging_mixin.py:190} INFO - [2025-05-12T08:34:18.619+0000] {dagbag.py:588} INFO - Filling up the DagBag from /opt/airflow/dags/dags_python_with_xcom_eg1.py
[2025-05-12T08:34:18.668+0000] {processor.py:925} INFO - DAG(s) 'dags_python_with_xcom_eg1' retrieved from /opt/airflow/dags/dags_python_with_xcom_eg1.py
[2025-05-12T08:34:18.735+0000] {logging_mixin.py:190} INFO - [2025-05-12T08:34:18.734+0000] {dag.py:3239} INFO - Sync 1 DAGs
[2025-05-12T08:34:18.844+0000] {logging_mixin.py:190} INFO - [2025-05-12T08:34:18.843+0000] {dag.py:4180} INFO - Setting next_dagrun for dags_python_with_xcom_eg1 to 2025-05-11 21:30:00+00:00, run_after=2025-05-12 21:30:00+00:00
[2025-05-12T08:34:18.918+0000] {processor.py:208} INFO - Processing /opt/airflow/dags/dags_python_with_xcom_eg1.py took 0.325 seconds
[2025-05-12T08:34:49.086+0000] {processor.py:186} INFO - Started process (PID=405) to work on /opt/airflow/dags/dags_python_with_xcom_eg1.py
[2025-05-12T08:34:49.089+0000] {processor.py:914} INFO - Processing file /opt/airflow/dags/dags_python_with_xcom_eg1.py for tasks to queue
[2025-05-12T08:34:49.092+0000] {logging_mixin.py:190} INFO - [2025-05-12T08:34:49.092+0000] {dagbag.py:588} INFO - Filling up the DagBag from /opt/airflow/dags/dags_python_with_xcom_eg1.py
[2025-05-12T08:34:49.109+0000] {processor.py:925} INFO - DAG(s) 'dags_python_with_xcom_eg1' retrieved from /opt/airflow/dags/dags_python_with_xcom_eg1.py
[2025-05-12T08:34:49.138+0000] {logging_mixin.py:190} INFO - [2025-05-12T08:34:49.138+0000] {dag.py:3239} INFO - Sync 1 DAGs
[2025-05-12T08:34:49.178+0000] {logging_mixin.py:190} INFO - [2025-05-12T08:34:49.177+0000] {dag.py:4180} INFO - Setting next_dagrun for dags_python_with_xcom_eg1 to 2025-05-11 21:30:00+00:00, run_after=2025-05-12 21:30:00+00:00
[2025-05-12T08:34:49.213+0000] {processor.py:208} INFO - Processing /opt/airflow/dags/dags_python_with_xcom_eg1.py took 0.135 seconds
[2025-05-12T08:35:19.448+0000] {processor.py:186} INFO - Started process (PID=495) to work on /opt/airflow/dags/dags_python_with_xcom_eg1.py
[2025-05-12T08:35:19.450+0000] {processor.py:914} INFO - Processing file /opt/airflow/dags/dags_python_with_xcom_eg1.py for tasks to queue
[2025-05-12T08:35:19.452+0000] {logging_mixin.py:190} INFO - [2025-05-12T08:35:19.452+0000] {dagbag.py:588} INFO - Filling up the DagBag from /opt/airflow/dags/dags_python_with_xcom_eg1.py
[2025-05-12T08:35:19.467+0000] {processor.py:925} INFO - DAG(s) 'dags_python_with_xcom_eg1' retrieved from /opt/airflow/dags/dags_python_with_xcom_eg1.py
[2025-05-12T08:35:19.492+0000] {logging_mixin.py:190} INFO - [2025-05-12T08:35:19.492+0000] {dag.py:3239} INFO - Sync 1 DAGs
[2025-05-12T08:35:19.526+0000] {logging_mixin.py:190} INFO - [2025-05-12T08:35:19.526+0000] {dag.py:4180} INFO - Setting next_dagrun for dags_python_with_xcom_eg1 to 2025-05-11 21:30:00+00:00, run_after=2025-05-12 21:30:00+00:00
[2025-05-12T08:35:19.557+0000] {processor.py:208} INFO - Processing /opt/airflow/dags/dags_python_with_xcom_eg1.py took 0.116 seconds
[2025-05-12T08:35:53.053+0000] {processor.py:186} INFO - Started process (PID=576) to work on /opt/airflow/dags/dags_python_with_xcom_eg1.py
[2025-05-12T08:35:53.054+0000] {processor.py:914} INFO - Processing file /opt/airflow/dags/dags_python_with_xcom_eg1.py for tasks to queue
[2025-05-12T08:35:53.058+0000] {logging_mixin.py:190} INFO - [2025-05-12T08:35:53.057+0000] {dagbag.py:588} INFO - Filling up the DagBag from /opt/airflow/dags/dags_python_with_xcom_eg1.py
[2025-05-12T08:35:53.076+0000] {processor.py:925} INFO - DAG(s) 'dags_python_with_xcom_eg1' retrieved from /opt/airflow/dags/dags_python_with_xcom_eg1.py
[2025-05-12T08:35:53.108+0000] {logging_mixin.py:190} INFO - [2025-05-12T08:35:53.108+0000] {dag.py:3239} INFO - Sync 1 DAGs
[2025-05-12T08:35:53.141+0000] {logging_mixin.py:190} INFO - [2025-05-12T08:35:53.141+0000] {dag.py:4180} INFO - Setting next_dagrun for dags_python_with_xcom_eg1 to 2025-05-11 21:30:00+00:00, run_after=2025-05-12 21:30:00+00:00
[2025-05-12T08:35:53.168+0000] {processor.py:208} INFO - Processing /opt/airflow/dags/dags_python_with_xcom_eg1.py took 0.124 seconds
[2025-05-12T08:36:23.328+0000] {processor.py:186} INFO - Started process (PID=658) to work on /opt/airflow/dags/dags_python_with_xcom_eg1.py
[2025-05-12T08:36:23.330+0000] {processor.py:914} INFO - Processing file /opt/airflow/dags/dags_python_with_xcom_eg1.py for tasks to queue
[2025-05-12T08:36:23.332+0000] {logging_mixin.py:190} INFO - [2025-05-12T08:36:23.332+0000] {dagbag.py:588} INFO - Filling up the DagBag from /opt/airflow/dags/dags_python_with_xcom_eg1.py
[2025-05-12T08:36:23.346+0000] {processor.py:925} INFO - DAG(s) 'dags_python_with_xcom_eg1' retrieved from /opt/airflow/dags/dags_python_with_xcom_eg1.py
[2025-05-12T08:36:23.380+0000] {logging_mixin.py:190} INFO - [2025-05-12T08:36:23.380+0000] {dag.py:3239} INFO - Sync 1 DAGs
[2025-05-12T08:36:23.422+0000] {logging_mixin.py:190} INFO - [2025-05-12T08:36:23.422+0000] {dag.py:4180} INFO - Setting next_dagrun for dags_python_with_xcom_eg1 to 2025-05-11 21:30:00+00:00, run_after=2025-05-12 21:30:00+00:00
[2025-05-12T08:36:23.458+0000] {processor.py:208} INFO - Processing /opt/airflow/dags/dags_python_with_xcom_eg1.py took 0.140 seconds
[2025-05-12T08:36:54.582+0000] {processor.py:186} INFO - Started process (PID=739) to work on /opt/airflow/dags/dags_python_with_xcom_eg1.py
[2025-05-12T08:36:54.583+0000] {processor.py:914} INFO - Processing file /opt/airflow/dags/dags_python_with_xcom_eg1.py for tasks to queue
[2025-05-12T08:36:54.584+0000] {logging_mixin.py:190} INFO - [2025-05-12T08:36:54.584+0000] {dagbag.py:588} INFO - Filling up the DagBag from /opt/airflow/dags/dags_python_with_xcom_eg1.py
[2025-05-12T08:36:54.595+0000] {processor.py:925} INFO - DAG(s) 'dags_python_with_xcom_eg1' retrieved from /opt/airflow/dags/dags_python_with_xcom_eg1.py
[2025-05-12T08:36:54.615+0000] {logging_mixin.py:190} INFO - [2025-05-12T08:36:54.614+0000] {dag.py:3239} INFO - Sync 1 DAGs
[2025-05-12T08:36:54.641+0000] {logging_mixin.py:190} INFO - [2025-05-12T08:36:54.640+0000] {dag.py:4180} INFO - Setting next_dagrun for dags_python_with_xcom_eg1 to 2025-05-11 21:30:00+00:00, run_after=2025-05-12 21:30:00+00:00
[2025-05-12T08:36:54.662+0000] {processor.py:208} INFO - Processing /opt/airflow/dags/dags_python_with_xcom_eg1.py took 0.086 seconds
[2025-05-12T08:37:26.120+0000] {processor.py:186} INFO - Started process (PID=819) to work on /opt/airflow/dags/dags_python_with_xcom_eg1.py
[2025-05-12T08:37:26.123+0000] {processor.py:914} INFO - Processing file /opt/airflow/dags/dags_python_with_xcom_eg1.py for tasks to queue
[2025-05-12T08:37:26.125+0000] {logging_mixin.py:190} INFO - [2025-05-12T08:37:26.124+0000] {dagbag.py:588} INFO - Filling up the DagBag from /opt/airflow/dags/dags_python_with_xcom_eg1.py
[2025-05-12T08:37:26.137+0000] {processor.py:925} INFO - DAG(s) 'dags_python_with_xcom_eg1' retrieved from /opt/airflow/dags/dags_python_with_xcom_eg1.py
[2025-05-12T08:37:26.163+0000] {logging_mixin.py:190} INFO - [2025-05-12T08:37:26.163+0000] {dag.py:3239} INFO - Sync 1 DAGs
[2025-05-12T08:37:26.199+0000] {logging_mixin.py:190} INFO - [2025-05-12T08:37:26.199+0000] {dag.py:4180} INFO - Setting next_dagrun for dags_python_with_xcom_eg1 to 2025-05-11 21:30:00+00:00, run_after=2025-05-12 21:30:00+00:00
[2025-05-12T08:37:26.232+0000] {processor.py:208} INFO - Processing /opt/airflow/dags/dags_python_with_xcom_eg1.py took 0.119 seconds
[2025-05-12T08:37:57.013+0000] {processor.py:186} INFO - Started process (PID=901) to work on /opt/airflow/dags/dags_python_with_xcom_eg1.py
[2025-05-12T08:37:57.015+0000] {processor.py:914} INFO - Processing file /opt/airflow/dags/dags_python_with_xcom_eg1.py for tasks to queue
[2025-05-12T08:37:57.016+0000] {logging_mixin.py:190} INFO - [2025-05-12T08:37:57.016+0000] {dagbag.py:588} INFO - Filling up the DagBag from /opt/airflow/dags/dags_python_with_xcom_eg1.py
[2025-05-12T08:37:57.029+0000] {processor.py:925} INFO - DAG(s) 'dags_python_with_xcom_eg1' retrieved from /opt/airflow/dags/dags_python_with_xcom_eg1.py
[2025-05-12T08:37:57.051+0000] {logging_mixin.py:190} INFO - [2025-05-12T08:37:57.051+0000] {dag.py:3239} INFO - Sync 1 DAGs
[2025-05-12T08:37:57.081+0000] {logging_mixin.py:190} INFO - [2025-05-12T08:37:57.081+0000] {dag.py:4180} INFO - Setting next_dagrun for dags_python_with_xcom_eg1 to 2025-05-11 21:30:00+00:00, run_after=2025-05-12 21:30:00+00:00
[2025-05-12T08:37:57.104+0000] {processor.py:208} INFO - Processing /opt/airflow/dags/dags_python_with_xcom_eg1.py took 0.099 seconds
[2025-05-12T08:38:28.010+0000] {processor.py:186} INFO - Started process (PID=976) to work on /opt/airflow/dags/dags_python_with_xcom_eg1.py
[2025-05-12T08:38:28.012+0000] {processor.py:914} INFO - Processing file /opt/airflow/dags/dags_python_with_xcom_eg1.py for tasks to queue
[2025-05-12T08:38:28.014+0000] {logging_mixin.py:190} INFO - [2025-05-12T08:38:28.013+0000] {dagbag.py:588} INFO - Filling up the DagBag from /opt/airflow/dags/dags_python_with_xcom_eg1.py
[2025-05-12T08:38:28.028+0000] {processor.py:925} INFO - DAG(s) 'dags_python_with_xcom_eg1' retrieved from /opt/airflow/dags/dags_python_with_xcom_eg1.py
[2025-05-12T08:38:28.061+0000] {logging_mixin.py:190} INFO - [2025-05-12T08:38:28.060+0000] {dag.py:3239} INFO - Sync 1 DAGs
[2025-05-12T08:38:28.092+0000] {logging_mixin.py:190} INFO - [2025-05-12T08:38:28.091+0000] {dag.py:4180} INFO - Setting next_dagrun for dags_python_with_xcom_eg1 to 2025-05-11 21:30:00+00:00, run_after=2025-05-12 21:30:00+00:00
[2025-05-12T08:38:28.117+0000] {processor.py:208} INFO - Processing /opt/airflow/dags/dags_python_with_xcom_eg1.py took 0.117 seconds
[2025-05-12T08:38:58.825+0000] {processor.py:186} INFO - Started process (PID=1057) to work on /opt/airflow/dags/dags_python_with_xcom_eg1.py
[2025-05-12T08:38:58.827+0000] {processor.py:914} INFO - Processing file /opt/airflow/dags/dags_python_with_xcom_eg1.py for tasks to queue
[2025-05-12T08:38:58.829+0000] {logging_mixin.py:190} INFO - [2025-05-12T08:38:58.828+0000] {dagbag.py:588} INFO - Filling up the DagBag from /opt/airflow/dags/dags_python_with_xcom_eg1.py
[2025-05-12T08:38:58.847+0000] {processor.py:925} INFO - DAG(s) 'dags_python_with_xcom_eg1' retrieved from /opt/airflow/dags/dags_python_with_xcom_eg1.py
[2025-05-12T08:38:58.883+0000] {logging_mixin.py:190} INFO - [2025-05-12T08:38:58.883+0000] {dag.py:3239} INFO - Sync 1 DAGs
[2025-05-12T08:38:58.926+0000] {logging_mixin.py:190} INFO - [2025-05-12T08:38:58.926+0000] {dag.py:4180} INFO - Setting next_dagrun for dags_python_with_xcom_eg1 to 2025-05-11 21:30:00+00:00, run_after=2025-05-12 21:30:00+00:00
[2025-05-12T08:38:58.960+0000] {processor.py:208} INFO - Processing /opt/airflow/dags/dags_python_with_xcom_eg1.py took 0.144 seconds
[2025-05-12T08:39:29.445+0000] {processor.py:186} INFO - Started process (PID=1136) to work on /opt/airflow/dags/dags_python_with_xcom_eg1.py
[2025-05-12T08:39:29.447+0000] {processor.py:914} INFO - Processing file /opt/airflow/dags/dags_python_with_xcom_eg1.py for tasks to queue
[2025-05-12T08:39:29.450+0000] {logging_mixin.py:190} INFO - [2025-05-12T08:39:29.449+0000] {dagbag.py:588} INFO - Filling up the DagBag from /opt/airflow/dags/dags_python_with_xcom_eg1.py
[2025-05-12T08:39:29.465+0000] {processor.py:925} INFO - DAG(s) 'dags_python_with_xcom_eg1' retrieved from /opt/airflow/dags/dags_python_with_xcom_eg1.py
[2025-05-12T08:39:29.499+0000] {logging_mixin.py:190} INFO - [2025-05-12T08:39:29.499+0000] {dag.py:3239} INFO - Sync 1 DAGs
[2025-05-12T08:39:29.539+0000] {logging_mixin.py:190} INFO - [2025-05-12T08:39:29.539+0000] {dag.py:4180} INFO - Setting next_dagrun for dags_python_with_xcom_eg1 to 2025-05-11 21:30:00+00:00, run_after=2025-05-12 21:30:00+00:00
[2025-05-12T08:39:29.568+0000] {processor.py:208} INFO - Processing /opt/airflow/dags/dags_python_with_xcom_eg1.py took 0.135 seconds
[2025-05-12T08:39:59.638+0000] {processor.py:186} INFO - Started process (PID=1218) to work on /opt/airflow/dags/dags_python_with_xcom_eg1.py
[2025-05-12T08:39:59.639+0000] {processor.py:914} INFO - Processing file /opt/airflow/dags/dags_python_with_xcom_eg1.py for tasks to queue
[2025-05-12T08:39:59.641+0000] {logging_mixin.py:190} INFO - [2025-05-12T08:39:59.640+0000] {dagbag.py:588} INFO - Filling up the DagBag from /opt/airflow/dags/dags_python_with_xcom_eg1.py
[2025-05-12T08:39:59.652+0000] {processor.py:925} INFO - DAG(s) 'dags_python_with_xcom_eg1' retrieved from /opt/airflow/dags/dags_python_with_xcom_eg1.py
[2025-05-12T08:39:59.675+0000] {logging_mixin.py:190} INFO - [2025-05-12T08:39:59.675+0000] {dag.py:3239} INFO - Sync 1 DAGs
[2025-05-12T08:39:59.705+0000] {logging_mixin.py:190} INFO - [2025-05-12T08:39:59.704+0000] {dag.py:4180} INFO - Setting next_dagrun for dags_python_with_xcom_eg1 to 2025-05-11 21:30:00+00:00, run_after=2025-05-12 21:30:00+00:00
[2025-05-12T08:39:59.728+0000] {processor.py:208} INFO - Processing /opt/airflow/dags/dags_python_with_xcom_eg1.py took 0.097 seconds
[2025-05-12T08:40:30.652+0000] {processor.py:186} INFO - Started process (PID=1295) to work on /opt/airflow/dags/dags_python_with_xcom_eg1.py
[2025-05-12T08:40:30.653+0000] {processor.py:914} INFO - Processing file /opt/airflow/dags/dags_python_with_xcom_eg1.py for tasks to queue
[2025-05-12T08:40:30.655+0000] {logging_mixin.py:190} INFO - [2025-05-12T08:40:30.655+0000] {dagbag.py:588} INFO - Filling up the DagBag from /opt/airflow/dags/dags_python_with_xcom_eg1.py
[2025-05-12T08:40:30.670+0000] {processor.py:925} INFO - DAG(s) 'dags_python_with_xcom_eg1' retrieved from /opt/airflow/dags/dags_python_with_xcom_eg1.py
[2025-05-12T08:40:30.697+0000] {logging_mixin.py:190} INFO - [2025-05-12T08:40:30.697+0000] {dag.py:3239} INFO - Sync 1 DAGs
[2025-05-12T08:40:30.758+0000] {logging_mixin.py:190} INFO - [2025-05-12T08:40:30.757+0000] {dag.py:4180} INFO - Setting next_dagrun for dags_python_with_xcom_eg1 to 2025-05-11 21:30:00+00:00, run_after=2025-05-12 21:30:00+00:00
[2025-05-12T08:40:30.801+0000] {processor.py:208} INFO - Processing /opt/airflow/dags/dags_python_with_xcom_eg1.py took 0.158 seconds
[2025-05-12T08:41:01.020+0000] {processor.py:186} INFO - Started process (PID=1371) to work on /opt/airflow/dags/dags_python_with_xcom_eg1.py
[2025-05-12T08:41:01.037+0000] {processor.py:914} INFO - Processing file /opt/airflow/dags/dags_python_with_xcom_eg1.py for tasks to queue
[2025-05-12T08:41:01.040+0000] {logging_mixin.py:190} INFO - [2025-05-12T08:41:01.040+0000] {dagbag.py:588} INFO - Filling up the DagBag from /opt/airflow/dags/dags_python_with_xcom_eg1.py
[2025-05-12T08:41:01.054+0000] {processor.py:925} INFO - DAG(s) 'dags_python_with_xcom_eg1' retrieved from /opt/airflow/dags/dags_python_with_xcom_eg1.py
[2025-05-12T08:41:01.081+0000] {logging_mixin.py:190} INFO - [2025-05-12T08:41:01.080+0000] {dag.py:3239} INFO - Sync 1 DAGs
[2025-05-12T08:41:01.119+0000] {logging_mixin.py:190} INFO - [2025-05-12T08:41:01.119+0000] {dag.py:4180} INFO - Setting next_dagrun for dags_python_with_xcom_eg1 to 2025-05-11 21:30:00+00:00, run_after=2025-05-12 21:30:00+00:00
[2025-05-12T08:41:01.165+0000] {processor.py:208} INFO - Processing /opt/airflow/dags/dags_python_with_xcom_eg1.py took 0.142 seconds
[2025-05-12T08:41:31.424+0000] {processor.py:186} INFO - Started process (PID=1453) to work on /opt/airflow/dags/dags_python_with_xcom_eg1.py
[2025-05-12T08:41:31.426+0000] {processor.py:914} INFO - Processing file /opt/airflow/dags/dags_python_with_xcom_eg1.py for tasks to queue
[2025-05-12T08:41:31.428+0000] {logging_mixin.py:190} INFO - [2025-05-12T08:41:31.428+0000] {dagbag.py:588} INFO - Filling up the DagBag from /opt/airflow/dags/dags_python_with_xcom_eg1.py
[2025-05-12T08:41:31.448+0000] {processor.py:925} INFO - DAG(s) 'dags_python_with_xcom_eg1' retrieved from /opt/airflow/dags/dags_python_with_xcom_eg1.py
[2025-05-12T08:41:31.484+0000] {logging_mixin.py:190} INFO - [2025-05-12T08:41:31.484+0000] {dag.py:3239} INFO - Sync 1 DAGs
[2025-05-12T08:41:31.541+0000] {logging_mixin.py:190} INFO - [2025-05-12T08:41:31.540+0000] {dag.py:4180} INFO - Setting next_dagrun for dags_python_with_xcom_eg1 to 2025-05-11 21:30:00+00:00, run_after=2025-05-12 21:30:00+00:00
[2025-05-12T08:41:31.578+0000] {processor.py:208} INFO - Processing /opt/airflow/dags/dags_python_with_xcom_eg1.py took 0.167 seconds
[2025-05-12T08:42:01.853+0000] {processor.py:186} INFO - Started process (PID=1535) to work on /opt/airflow/dags/dags_python_with_xcom_eg1.py
[2025-05-12T08:42:01.861+0000] {processor.py:914} INFO - Processing file /opt/airflow/dags/dags_python_with_xcom_eg1.py for tasks to queue
[2025-05-12T08:42:01.863+0000] {logging_mixin.py:190} INFO - [2025-05-12T08:42:01.862+0000] {dagbag.py:588} INFO - Filling up the DagBag from /opt/airflow/dags/dags_python_with_xcom_eg1.py
[2025-05-12T08:42:01.877+0000] {processor.py:925} INFO - DAG(s) 'dags_python_with_xcom_eg1' retrieved from /opt/airflow/dags/dags_python_with_xcom_eg1.py
[2025-05-12T08:42:01.904+0000] {logging_mixin.py:190} INFO - [2025-05-12T08:42:01.904+0000] {dag.py:3239} INFO - Sync 1 DAGs
[2025-05-12T08:42:01.937+0000] {logging_mixin.py:190} INFO - [2025-05-12T08:42:01.937+0000] {dag.py:4180} INFO - Setting next_dagrun for dags_python_with_xcom_eg1 to 2025-05-11 21:30:00+00:00, run_after=2025-05-12 21:30:00+00:00
[2025-05-12T08:42:01.963+0000] {processor.py:208} INFO - Processing /opt/airflow/dags/dags_python_with_xcom_eg1.py took 0.118 seconds
[2025-05-12T08:42:32.202+0000] {processor.py:186} INFO - Started process (PID=1617) to work on /opt/airflow/dags/dags_python_with_xcom_eg1.py
[2025-05-12T08:42:32.204+0000] {processor.py:914} INFO - Processing file /opt/airflow/dags/dags_python_with_xcom_eg1.py for tasks to queue
[2025-05-12T08:42:32.207+0000] {logging_mixin.py:190} INFO - [2025-05-12T08:42:32.207+0000] {dagbag.py:588} INFO - Filling up the DagBag from /opt/airflow/dags/dags_python_with_xcom_eg1.py
[2025-05-12T08:42:32.224+0000] {processor.py:925} INFO - DAG(s) 'dags_python_with_xcom_eg1' retrieved from /opt/airflow/dags/dags_python_with_xcom_eg1.py
[2025-05-12T08:42:32.253+0000] {logging_mixin.py:190} INFO - [2025-05-12T08:42:32.252+0000] {dag.py:3239} INFO - Sync 1 DAGs
[2025-05-12T08:42:32.324+0000] {logging_mixin.py:190} INFO - [2025-05-12T08:42:32.322+0000] {dag.py:4180} INFO - Setting next_dagrun for dags_python_with_xcom_eg1 to 2025-05-11 21:30:00+00:00, run_after=2025-05-12 21:30:00+00:00
[2025-05-12T08:42:32.360+0000] {processor.py:208} INFO - Processing /opt/airflow/dags/dags_python_with_xcom_eg1.py took 0.165 seconds
[2025-05-12T08:43:02.510+0000] {processor.py:186} INFO - Started process (PID=1699) to work on /opt/airflow/dags/dags_python_with_xcom_eg1.py
[2025-05-12T08:43:02.513+0000] {processor.py:914} INFO - Processing file /opt/airflow/dags/dags_python_with_xcom_eg1.py for tasks to queue
[2025-05-12T08:43:02.514+0000] {logging_mixin.py:190} INFO - [2025-05-12T08:43:02.514+0000] {dagbag.py:588} INFO - Filling up the DagBag from /opt/airflow/dags/dags_python_with_xcom_eg1.py
[2025-05-12T08:43:02.526+0000] {processor.py:925} INFO - DAG(s) 'dags_python_with_xcom_eg1' retrieved from /opt/airflow/dags/dags_python_with_xcom_eg1.py
[2025-05-12T08:43:02.550+0000] {logging_mixin.py:190} INFO - [2025-05-12T08:43:02.550+0000] {dag.py:3239} INFO - Sync 1 DAGs
[2025-05-12T08:43:02.576+0000] {logging_mixin.py:190} INFO - [2025-05-12T08:43:02.576+0000] {dag.py:4180} INFO - Setting next_dagrun for dags_python_with_xcom_eg1 to 2025-05-11 21:30:00+00:00, run_after=2025-05-12 21:30:00+00:00
[2025-05-12T08:43:02.599+0000] {processor.py:208} INFO - Processing /opt/airflow/dags/dags_python_with_xcom_eg1.py took 0.096 seconds
[2025-05-12T08:43:33.153+0000] {processor.py:186} INFO - Started process (PID=1781) to work on /opt/airflow/dags/dags_python_with_xcom_eg1.py
[2025-05-12T08:43:33.175+0000] {processor.py:914} INFO - Processing file /opt/airflow/dags/dags_python_with_xcom_eg1.py for tasks to queue
[2025-05-12T08:43:33.178+0000] {logging_mixin.py:190} INFO - [2025-05-12T08:43:33.177+0000] {dagbag.py:588} INFO - Filling up the DagBag from /opt/airflow/dags/dags_python_with_xcom_eg1.py
[2025-05-12T08:43:33.196+0000] {processor.py:925} INFO - DAG(s) 'dags_python_with_xcom_eg1' retrieved from /opt/airflow/dags/dags_python_with_xcom_eg1.py
[2025-05-12T08:43:33.227+0000] {logging_mixin.py:190} INFO - [2025-05-12T08:43:33.227+0000] {dag.py:3239} INFO - Sync 1 DAGs
[2025-05-12T08:43:33.259+0000] {logging_mixin.py:190} INFO - [2025-05-12T08:43:33.259+0000] {dag.py:4180} INFO - Setting next_dagrun for dags_python_with_xcom_eg1 to 2025-05-11 21:30:00+00:00, run_after=2025-05-12 21:30:00+00:00
[2025-05-12T08:43:33.284+0000] {processor.py:208} INFO - Processing /opt/airflow/dags/dags_python_with_xcom_eg1.py took 0.138 seconds
[2025-05-12T08:44:03.644+0000] {processor.py:186} INFO - Started process (PID=1863) to work on /opt/airflow/dags/dags_python_with_xcom_eg1.py
[2025-05-12T08:44:03.657+0000] {processor.py:914} INFO - Processing file /opt/airflow/dags/dags_python_with_xcom_eg1.py for tasks to queue
[2025-05-12T08:44:03.659+0000] {logging_mixin.py:190} INFO - [2025-05-12T08:44:03.659+0000] {dagbag.py:588} INFO - Filling up the DagBag from /opt/airflow/dags/dags_python_with_xcom_eg1.py
[2025-05-12T08:44:03.676+0000] {processor.py:925} INFO - DAG(s) 'dags_python_with_xcom_eg1' retrieved from /opt/airflow/dags/dags_python_with_xcom_eg1.py
[2025-05-12T08:44:03.704+0000] {logging_mixin.py:190} INFO - [2025-05-12T08:44:03.703+0000] {dag.py:3239} INFO - Sync 1 DAGs
[2025-05-12T08:44:03.736+0000] {logging_mixin.py:190} INFO - [2025-05-12T08:44:03.736+0000] {dag.py:4180} INFO - Setting next_dagrun for dags_python_with_xcom_eg1 to 2025-05-11 21:30:00+00:00, run_after=2025-05-12 21:30:00+00:00
[2025-05-12T08:44:03.765+0000] {processor.py:208} INFO - Processing /opt/airflow/dags/dags_python_with_xcom_eg1.py took 0.129 seconds
[2025-05-12T08:44:33.924+0000] {processor.py:186} INFO - Started process (PID=1945) to work on /opt/airflow/dags/dags_python_with_xcom_eg1.py
[2025-05-12T08:44:33.942+0000] {processor.py:914} INFO - Processing file /opt/airflow/dags/dags_python_with_xcom_eg1.py for tasks to queue
[2025-05-12T08:44:33.943+0000] {logging_mixin.py:190} INFO - [2025-05-12T08:44:33.943+0000] {dagbag.py:588} INFO - Filling up the DagBag from /opt/airflow/dags/dags_python_with_xcom_eg1.py
[2025-05-12T08:44:33.956+0000] {processor.py:925} INFO - DAG(s) 'dags_python_with_xcom_eg1' retrieved from /opt/airflow/dags/dags_python_with_xcom_eg1.py
[2025-05-12T08:44:33.987+0000] {logging_mixin.py:190} INFO - [2025-05-12T08:44:33.987+0000] {dag.py:3239} INFO - Sync 1 DAGs
[2025-05-12T08:44:34.018+0000] {logging_mixin.py:190} INFO - [2025-05-12T08:44:34.017+0000] {dag.py:4180} INFO - Setting next_dagrun for dags_python_with_xcom_eg1 to 2025-05-11 21:30:00+00:00, run_after=2025-05-12 21:30:00+00:00
[2025-05-12T08:44:34.044+0000] {processor.py:208} INFO - Processing /opt/airflow/dags/dags_python_with_xcom_eg1.py took 0.128 seconds
[2025-05-12T08:45:04.754+0000] {processor.py:186} INFO - Started process (PID=2028) to work on /opt/airflow/dags/dags_python_with_xcom_eg1.py
[2025-05-12T08:45:04.762+0000] {processor.py:914} INFO - Processing file /opt/airflow/dags/dags_python_with_xcom_eg1.py for tasks to queue
[2025-05-12T08:45:04.765+0000] {logging_mixin.py:190} INFO - [2025-05-12T08:45:04.764+0000] {dagbag.py:588} INFO - Filling up the DagBag from /opt/airflow/dags/dags_python_with_xcom_eg1.py
[2025-05-12T08:45:04.777+0000] {processor.py:925} INFO - DAG(s) 'dags_python_with_xcom_eg1' retrieved from /opt/airflow/dags/dags_python_with_xcom_eg1.py
[2025-05-12T08:45:04.804+0000] {logging_mixin.py:190} INFO - [2025-05-12T08:45:04.804+0000] {dag.py:3239} INFO - Sync 1 DAGs
[2025-05-12T08:45:04.835+0000] {logging_mixin.py:190} INFO - [2025-05-12T08:45:04.835+0000] {dag.py:4180} INFO - Setting next_dagrun for dags_python_with_xcom_eg1 to 2025-05-11 21:30:00+00:00, run_after=2025-05-12 21:30:00+00:00
[2025-05-12T08:45:04.862+0000] {processor.py:208} INFO - Processing /opt/airflow/dags/dags_python_with_xcom_eg1.py took 0.122 seconds
[2025-05-12T08:45:35.736+0000] {processor.py:186} INFO - Started process (PID=2110) to work on /opt/airflow/dags/dags_python_with_xcom_eg1.py
[2025-05-12T08:45:35.750+0000] {processor.py:914} INFO - Processing file /opt/airflow/dags/dags_python_with_xcom_eg1.py for tasks to queue
[2025-05-12T08:45:35.752+0000] {logging_mixin.py:190} INFO - [2025-05-12T08:45:35.752+0000] {dagbag.py:588} INFO - Filling up the DagBag from /opt/airflow/dags/dags_python_with_xcom_eg1.py
[2025-05-12T08:45:35.770+0000] {processor.py:925} INFO - DAG(s) 'dags_python_with_xcom_eg1' retrieved from /opt/airflow/dags/dags_python_with_xcom_eg1.py
[2025-05-12T08:45:35.801+0000] {logging_mixin.py:190} INFO - [2025-05-12T08:45:35.801+0000] {dag.py:3239} INFO - Sync 1 DAGs
[2025-05-12T08:45:35.834+0000] {logging_mixin.py:190} INFO - [2025-05-12T08:45:35.834+0000] {dag.py:4180} INFO - Setting next_dagrun for dags_python_with_xcom_eg1 to 2025-05-11 21:30:00+00:00, run_after=2025-05-12 21:30:00+00:00
[2025-05-12T08:45:35.858+0000] {processor.py:208} INFO - Processing /opt/airflow/dags/dags_python_with_xcom_eg1.py took 0.128 seconds
[2025-05-12T08:46:05.961+0000] {processor.py:186} INFO - Started process (PID=2192) to work on /opt/airflow/dags/dags_python_with_xcom_eg1.py
[2025-05-12T08:46:05.964+0000] {processor.py:914} INFO - Processing file /opt/airflow/dags/dags_python_with_xcom_eg1.py for tasks to queue
[2025-05-12T08:46:05.967+0000] {logging_mixin.py:190} INFO - [2025-05-12T08:46:05.966+0000] {dagbag.py:588} INFO - Filling up the DagBag from /opt/airflow/dags/dags_python_with_xcom_eg1.py
[2025-05-12T08:46:05.985+0000] {processor.py:925} INFO - DAG(s) 'dags_python_with_xcom_eg1' retrieved from /opt/airflow/dags/dags_python_with_xcom_eg1.py
[2025-05-12T08:46:06.020+0000] {logging_mixin.py:190} INFO - [2025-05-12T08:46:06.020+0000] {dag.py:3239} INFO - Sync 1 DAGs
[2025-05-12T08:46:06.066+0000] {logging_mixin.py:190} INFO - [2025-05-12T08:46:06.065+0000] {dag.py:4180} INFO - Setting next_dagrun for dags_python_with_xcom_eg1 to 2025-05-11 21:30:00+00:00, run_after=2025-05-12 21:30:00+00:00
[2025-05-12T08:46:06.099+0000] {processor.py:208} INFO - Processing /opt/airflow/dags/dags_python_with_xcom_eg1.py took 0.148 seconds
[2025-05-12T08:46:36.565+0000] {processor.py:186} INFO - Started process (PID=2274) to work on /opt/airflow/dags/dags_python_with_xcom_eg1.py
[2025-05-12T08:46:36.573+0000] {processor.py:914} INFO - Processing file /opt/airflow/dags/dags_python_with_xcom_eg1.py for tasks to queue
[2025-05-12T08:46:36.576+0000] {logging_mixin.py:190} INFO - [2025-05-12T08:46:36.575+0000] {dagbag.py:588} INFO - Filling up the DagBag from /opt/airflow/dags/dags_python_with_xcom_eg1.py
[2025-05-12T08:46:36.587+0000] {processor.py:925} INFO - DAG(s) 'dags_python_with_xcom_eg1' retrieved from /opt/airflow/dags/dags_python_with_xcom_eg1.py
[2025-05-12T08:46:36.613+0000] {logging_mixin.py:190} INFO - [2025-05-12T08:46:36.612+0000] {dag.py:3239} INFO - Sync 1 DAGs
[2025-05-12T08:46:36.644+0000] {logging_mixin.py:190} INFO - [2025-05-12T08:46:36.644+0000] {dag.py:4180} INFO - Setting next_dagrun for dags_python_with_xcom_eg1 to 2025-05-11 21:30:00+00:00, run_after=2025-05-12 21:30:00+00:00
[2025-05-12T08:46:36.670+0000] {processor.py:208} INFO - Processing /opt/airflow/dags/dags_python_with_xcom_eg1.py took 0.118 seconds
[2025-05-12T08:47:07.378+0000] {processor.py:186} INFO - Started process (PID=2356) to work on /opt/airflow/dags/dags_python_with_xcom_eg1.py
[2025-05-12T08:47:07.387+0000] {processor.py:914} INFO - Processing file /opt/airflow/dags/dags_python_with_xcom_eg1.py for tasks to queue
[2025-05-12T08:47:07.388+0000] {logging_mixin.py:190} INFO - [2025-05-12T08:47:07.388+0000] {dagbag.py:588} INFO - Filling up the DagBag from /opt/airflow/dags/dags_python_with_xcom_eg1.py
[2025-05-12T08:47:07.400+0000] {processor.py:925} INFO - DAG(s) 'dags_python_with_xcom_eg1' retrieved from /opt/airflow/dags/dags_python_with_xcom_eg1.py
[2025-05-12T08:47:07.424+0000] {logging_mixin.py:190} INFO - [2025-05-12T08:47:07.424+0000] {dag.py:3239} INFO - Sync 1 DAGs
[2025-05-12T08:47:07.451+0000] {logging_mixin.py:190} INFO - [2025-05-12T08:47:07.451+0000] {dag.py:4180} INFO - Setting next_dagrun for dags_python_with_xcom_eg1 to 2025-05-11 21:30:00+00:00, run_after=2025-05-12 21:30:00+00:00
[2025-05-12T08:47:07.474+0000] {processor.py:208} INFO - Processing /opt/airflow/dags/dags_python_with_xcom_eg1.py took 0.104 seconds
[2025-05-12T08:47:37.691+0000] {processor.py:186} INFO - Started process (PID=2438) to work on /opt/airflow/dags/dags_python_with_xcom_eg1.py
[2025-05-12T08:47:37.695+0000] {processor.py:914} INFO - Processing file /opt/airflow/dags/dags_python_with_xcom_eg1.py for tasks to queue
[2025-05-12T08:47:37.699+0000] {logging_mixin.py:190} INFO - [2025-05-12T08:47:37.699+0000] {dagbag.py:588} INFO - Filling up the DagBag from /opt/airflow/dags/dags_python_with_xcom_eg1.py
[2025-05-12T08:47:37.714+0000] {processor.py:925} INFO - DAG(s) 'dags_python_with_xcom_eg1' retrieved from /opt/airflow/dags/dags_python_with_xcom_eg1.py
[2025-05-12T08:47:37.745+0000] {logging_mixin.py:190} INFO - [2025-05-12T08:47:37.745+0000] {dag.py:3239} INFO - Sync 1 DAGs
[2025-05-12T08:47:37.780+0000] {logging_mixin.py:190} INFO - [2025-05-12T08:47:37.780+0000] {dag.py:4180} INFO - Setting next_dagrun for dags_python_with_xcom_eg1 to 2025-05-11 21:30:00+00:00, run_after=2025-05-12 21:30:00+00:00
[2025-05-12T08:47:37.806+0000] {processor.py:208} INFO - Processing /opt/airflow/dags/dags_python_with_xcom_eg1.py took 0.122 seconds
[2025-05-12T08:48:08.177+0000] {processor.py:186} INFO - Started process (PID=2520) to work on /opt/airflow/dags/dags_python_with_xcom_eg1.py
[2025-05-12T08:48:08.186+0000] {processor.py:914} INFO - Processing file /opt/airflow/dags/dags_python_with_xcom_eg1.py for tasks to queue
[2025-05-12T08:48:08.189+0000] {logging_mixin.py:190} INFO - [2025-05-12T08:48:08.189+0000] {dagbag.py:588} INFO - Filling up the DagBag from /opt/airflow/dags/dags_python_with_xcom_eg1.py
[2025-05-12T08:48:08.202+0000] {processor.py:925} INFO - DAG(s) 'dags_python_with_xcom_eg1' retrieved from /opt/airflow/dags/dags_python_with_xcom_eg1.py
[2025-05-12T08:48:08.227+0000] {logging_mixin.py:190} INFO - [2025-05-12T08:48:08.227+0000] {dag.py:3239} INFO - Sync 1 DAGs
[2025-05-12T08:48:08.262+0000] {logging_mixin.py:190} INFO - [2025-05-12T08:48:08.262+0000] {dag.py:4180} INFO - Setting next_dagrun for dags_python_with_xcom_eg1 to 2025-05-11 21:30:00+00:00, run_after=2025-05-12 21:30:00+00:00
[2025-05-12T08:48:08.287+0000] {processor.py:208} INFO - Processing /opt/airflow/dags/dags_python_with_xcom_eg1.py took 0.118 seconds
[2025-05-12T08:48:38.809+0000] {processor.py:186} INFO - Started process (PID=2602) to work on /opt/airflow/dags/dags_python_with_xcom_eg1.py
[2025-05-12T08:48:38.811+0000] {processor.py:914} INFO - Processing file /opt/airflow/dags/dags_python_with_xcom_eg1.py for tasks to queue
[2025-05-12T08:48:38.814+0000] {logging_mixin.py:190} INFO - [2025-05-12T08:48:38.813+0000] {dagbag.py:588} INFO - Filling up the DagBag from /opt/airflow/dags/dags_python_with_xcom_eg1.py
[2025-05-12T08:48:38.827+0000] {processor.py:925} INFO - DAG(s) 'dags_python_with_xcom_eg1' retrieved from /opt/airflow/dags/dags_python_with_xcom_eg1.py
[2025-05-12T08:48:38.852+0000] {logging_mixin.py:190} INFO - [2025-05-12T08:48:38.852+0000] {dag.py:3239} INFO - Sync 1 DAGs
[2025-05-12T08:48:38.884+0000] {logging_mixin.py:190} INFO - [2025-05-12T08:48:38.883+0000] {dag.py:4180} INFO - Setting next_dagrun for dags_python_with_xcom_eg1 to 2025-05-11 21:30:00+00:00, run_after=2025-05-12 21:30:00+00:00
[2025-05-12T08:48:38.907+0000] {processor.py:208} INFO - Processing /opt/airflow/dags/dags_python_with_xcom_eg1.py took 0.105 seconds
[2025-05-12T08:49:09.432+0000] {processor.py:186} INFO - Started process (PID=2682) to work on /opt/airflow/dags/dags_python_with_xcom_eg1.py
[2025-05-12T08:49:09.442+0000] {processor.py:914} INFO - Processing file /opt/airflow/dags/dags_python_with_xcom_eg1.py for tasks to queue
[2025-05-12T08:49:09.444+0000] {logging_mixin.py:190} INFO - [2025-05-12T08:49:09.443+0000] {dagbag.py:588} INFO - Filling up the DagBag from /opt/airflow/dags/dags_python_with_xcom_eg1.py
[2025-05-12T08:49:09.466+0000] {processor.py:925} INFO - DAG(s) 'dags_python_with_xcom_eg1' retrieved from /opt/airflow/dags/dags_python_with_xcom_eg1.py
[2025-05-12T08:49:09.506+0000] {logging_mixin.py:190} INFO - [2025-05-12T08:49:09.505+0000] {dag.py:3239} INFO - Sync 1 DAGs
[2025-05-12T08:49:09.568+0000] {logging_mixin.py:190} INFO - [2025-05-12T08:49:09.567+0000] {dag.py:4180} INFO - Setting next_dagrun for dags_python_with_xcom_eg1 to 2025-05-11 21:30:00+00:00, run_after=2025-05-12 21:30:00+00:00
[2025-05-12T08:49:09.601+0000] {processor.py:208} INFO - Processing /opt/airflow/dags/dags_python_with_xcom_eg1.py took 0.179 seconds
[2025-05-12T08:49:39.718+0000] {processor.py:186} INFO - Started process (PID=2764) to work on /opt/airflow/dags/dags_python_with_xcom_eg1.py
[2025-05-12T08:49:39.727+0000] {processor.py:914} INFO - Processing file /opt/airflow/dags/dags_python_with_xcom_eg1.py for tasks to queue
[2025-05-12T08:49:39.729+0000] {logging_mixin.py:190} INFO - [2025-05-12T08:49:39.729+0000] {dagbag.py:588} INFO - Filling up the DagBag from /opt/airflow/dags/dags_python_with_xcom_eg1.py
[2025-05-12T08:49:39.747+0000] {processor.py:925} INFO - DAG(s) 'dags_python_with_xcom_eg1' retrieved from /opt/airflow/dags/dags_python_with_xcom_eg1.py
[2025-05-12T08:49:39.786+0000] {logging_mixin.py:190} INFO - [2025-05-12T08:49:39.785+0000] {dag.py:3239} INFO - Sync 1 DAGs
[2025-05-12T08:49:39.825+0000] {logging_mixin.py:190} INFO - [2025-05-12T08:49:39.824+0000] {dag.py:4180} INFO - Setting next_dagrun for dags_python_with_xcom_eg1 to 2025-05-11 21:30:00+00:00, run_after=2025-05-12 21:30:00+00:00
[2025-05-12T08:49:39.852+0000] {processor.py:208} INFO - Processing /opt/airflow/dags/dags_python_with_xcom_eg1.py took 0.145 seconds
[2025-05-12T08:50:10.340+0000] {processor.py:186} INFO - Started process (PID=2846) to work on /opt/airflow/dags/dags_python_with_xcom_eg1.py
[2025-05-12T08:50:10.350+0000] {processor.py:914} INFO - Processing file /opt/airflow/dags/dags_python_with_xcom_eg1.py for tasks to queue
[2025-05-12T08:50:10.353+0000] {logging_mixin.py:190} INFO - [2025-05-12T08:50:10.352+0000] {dagbag.py:588} INFO - Filling up the DagBag from /opt/airflow/dags/dags_python_with_xcom_eg1.py
[2025-05-12T08:50:10.401+0000] {processor.py:925} INFO - DAG(s) 'dags_python_with_xcom_eg1' retrieved from /opt/airflow/dags/dags_python_with_xcom_eg1.py
[2025-05-12T08:50:10.437+0000] {logging_mixin.py:190} INFO - [2025-05-12T08:50:10.437+0000] {dag.py:3239} INFO - Sync 1 DAGs
[2025-05-12T08:50:10.474+0000] {logging_mixin.py:190} INFO - [2025-05-12T08:50:10.474+0000] {dag.py:4180} INFO - Setting next_dagrun for dags_python_with_xcom_eg1 to 2025-05-11 21:30:00+00:00, run_after=2025-05-12 21:30:00+00:00
[2025-05-12T08:50:10.508+0000] {processor.py:208} INFO - Processing /opt/airflow/dags/dags_python_with_xcom_eg1.py took 0.183 seconds
[2025-05-12T08:50:40.805+0000] {processor.py:186} INFO - Started process (PID=2928) to work on /opt/airflow/dags/dags_python_with_xcom_eg1.py
[2025-05-12T08:50:40.815+0000] {processor.py:914} INFO - Processing file /opt/airflow/dags/dags_python_with_xcom_eg1.py for tasks to queue
[2025-05-12T08:50:40.817+0000] {logging_mixin.py:190} INFO - [2025-05-12T08:50:40.817+0000] {dagbag.py:588} INFO - Filling up the DagBag from /opt/airflow/dags/dags_python_with_xcom_eg1.py
[2025-05-12T08:50:40.834+0000] {processor.py:925} INFO - DAG(s) 'dags_python_with_xcom_eg1' retrieved from /opt/airflow/dags/dags_python_with_xcom_eg1.py
[2025-05-12T08:50:40.866+0000] {logging_mixin.py:190} INFO - [2025-05-12T08:50:40.866+0000] {dag.py:3239} INFO - Sync 1 DAGs
[2025-05-12T08:50:40.906+0000] {logging_mixin.py:190} INFO - [2025-05-12T08:50:40.906+0000] {dag.py:4180} INFO - Setting next_dagrun for dags_python_with_xcom_eg1 to 2025-05-11 21:30:00+00:00, run_after=2025-05-12 21:30:00+00:00
[2025-05-12T08:50:40.937+0000] {processor.py:208} INFO - Processing /opt/airflow/dags/dags_python_with_xcom_eg1.py took 0.141 seconds
[2025-05-12T08:51:11.027+0000] {processor.py:186} INFO - Started process (PID=3010) to work on /opt/airflow/dags/dags_python_with_xcom_eg1.py
[2025-05-12T08:51:11.037+0000] {processor.py:914} INFO - Processing file /opt/airflow/dags/dags_python_with_xcom_eg1.py for tasks to queue
[2025-05-12T08:51:11.039+0000] {logging_mixin.py:190} INFO - [2025-05-12T08:51:11.038+0000] {dagbag.py:588} INFO - Filling up the DagBag from /opt/airflow/dags/dags_python_with_xcom_eg1.py
[2025-05-12T08:51:11.057+0000] {processor.py:925} INFO - DAG(s) 'dags_python_with_xcom_eg1' retrieved from /opt/airflow/dags/dags_python_with_xcom_eg1.py
[2025-05-12T08:51:11.092+0000] {logging_mixin.py:190} INFO - [2025-05-12T08:51:11.092+0000] {dag.py:3239} INFO - Sync 1 DAGs
[2025-05-12T08:51:11.133+0000] {logging_mixin.py:190} INFO - [2025-05-12T08:51:11.133+0000] {dag.py:4180} INFO - Setting next_dagrun for dags_python_with_xcom_eg1 to 2025-05-11 21:30:00+00:00, run_after=2025-05-12 21:30:00+00:00
[2025-05-12T08:51:11.172+0000] {processor.py:208} INFO - Processing /opt/airflow/dags/dags_python_with_xcom_eg1.py took 0.157 seconds
[2025-05-12T08:51:41.343+0000] {processor.py:186} INFO - Started process (PID=3092) to work on /opt/airflow/dags/dags_python_with_xcom_eg1.py
[2025-05-12T08:51:41.353+0000] {processor.py:914} INFO - Processing file /opt/airflow/dags/dags_python_with_xcom_eg1.py for tasks to queue
[2025-05-12T08:51:41.355+0000] {logging_mixin.py:190} INFO - [2025-05-12T08:51:41.354+0000] {dagbag.py:588} INFO - Filling up the DagBag from /opt/airflow/dags/dags_python_with_xcom_eg1.py
[2025-05-12T08:51:41.371+0000] {processor.py:925} INFO - DAG(s) 'dags_python_with_xcom_eg1' retrieved from /opt/airflow/dags/dags_python_with_xcom_eg1.py
[2025-05-12T08:51:41.429+0000] {logging_mixin.py:190} INFO - [2025-05-12T08:51:41.428+0000] {dag.py:3239} INFO - Sync 1 DAGs
[2025-05-12T08:51:41.470+0000] {logging_mixin.py:190} INFO - [2025-05-12T08:51:41.470+0000] {dag.py:4180} INFO - Setting next_dagrun for dags_python_with_xcom_eg1 to 2025-05-11 21:30:00+00:00, run_after=2025-05-12 21:30:00+00:00
[2025-05-12T08:51:41.507+0000] {processor.py:208} INFO - Processing /opt/airflow/dags/dags_python_with_xcom_eg1.py took 0.178 seconds
[2025-05-12T08:52:12.273+0000] {processor.py:186} INFO - Started process (PID=3173) to work on /opt/airflow/dags/dags_python_with_xcom_eg1.py
[2025-05-12T08:52:12.275+0000] {processor.py:914} INFO - Processing file /opt/airflow/dags/dags_python_with_xcom_eg1.py for tasks to queue
[2025-05-12T08:52:12.278+0000] {logging_mixin.py:190} INFO - [2025-05-12T08:52:12.277+0000] {dagbag.py:588} INFO - Filling up the DagBag from /opt/airflow/dags/dags_python_with_xcom_eg1.py
[2025-05-12T08:52:12.307+0000] {processor.py:925} INFO - DAG(s) 'dags_python_with_xcom_eg1' retrieved from /opt/airflow/dags/dags_python_with_xcom_eg1.py
[2025-05-12T08:52:12.359+0000] {logging_mixin.py:190} INFO - [2025-05-12T08:52:12.357+0000] {dag.py:3239} INFO - Sync 1 DAGs
[2025-05-12T08:52:12.424+0000] {logging_mixin.py:190} INFO - [2025-05-12T08:52:12.423+0000] {dag.py:4180} INFO - Setting next_dagrun for dags_python_with_xcom_eg1 to 2025-05-11 21:30:00+00:00, run_after=2025-05-12 21:30:00+00:00
[2025-05-12T08:52:12.467+0000] {processor.py:208} INFO - Processing /opt/airflow/dags/dags_python_with_xcom_eg1.py took 0.204 seconds
[2025-05-12T08:52:42.613+0000] {processor.py:186} INFO - Started process (PID=3255) to work on /opt/airflow/dags/dags_python_with_xcom_eg1.py
[2025-05-12T08:52:42.615+0000] {processor.py:914} INFO - Processing file /opt/airflow/dags/dags_python_with_xcom_eg1.py for tasks to queue
[2025-05-12T08:52:42.617+0000] {logging_mixin.py:190} INFO - [2025-05-12T08:52:42.617+0000] {dagbag.py:588} INFO - Filling up the DagBag from /opt/airflow/dags/dags_python_with_xcom_eg1.py
[2025-05-12T08:52:42.629+0000] {processor.py:925} INFO - DAG(s) 'dags_python_with_xcom_eg1' retrieved from /opt/airflow/dags/dags_python_with_xcom_eg1.py
[2025-05-12T08:52:42.653+0000] {logging_mixin.py:190} INFO - [2025-05-12T08:52:42.652+0000] {dag.py:3239} INFO - Sync 1 DAGs
[2025-05-12T08:52:42.680+0000] {logging_mixin.py:190} INFO - [2025-05-12T08:52:42.680+0000] {dag.py:4180} INFO - Setting next_dagrun for dags_python_with_xcom_eg1 to 2025-05-11 21:30:00+00:00, run_after=2025-05-12 21:30:00+00:00
[2025-05-12T08:52:42.705+0000] {processor.py:208} INFO - Processing /opt/airflow/dags/dags_python_with_xcom_eg1.py took 0.098 seconds
[2025-05-12T08:53:12.875+0000] {processor.py:186} INFO - Started process (PID=3337) to work on /opt/airflow/dags/dags_python_with_xcom_eg1.py
[2025-05-12T08:53:12.884+0000] {processor.py:914} INFO - Processing file /opt/airflow/dags/dags_python_with_xcom_eg1.py for tasks to queue
[2025-05-12T08:53:12.886+0000] {logging_mixin.py:190} INFO - [2025-05-12T08:53:12.885+0000] {dagbag.py:588} INFO - Filling up the DagBag from /opt/airflow/dags/dags_python_with_xcom_eg1.py
[2025-05-12T08:53:12.896+0000] {processor.py:925} INFO - DAG(s) 'dags_python_with_xcom_eg1' retrieved from /opt/airflow/dags/dags_python_with_xcom_eg1.py
[2025-05-12T08:53:12.920+0000] {logging_mixin.py:190} INFO - [2025-05-12T08:53:12.920+0000] {dag.py:3239} INFO - Sync 1 DAGs
[2025-05-12T08:53:12.949+0000] {logging_mixin.py:190} INFO - [2025-05-12T08:53:12.949+0000] {dag.py:4180} INFO - Setting next_dagrun for dags_python_with_xcom_eg1 to 2025-05-11 21:30:00+00:00, run_after=2025-05-12 21:30:00+00:00
[2025-05-12T08:53:12.975+0000] {processor.py:208} INFO - Processing /opt/airflow/dags/dags_python_with_xcom_eg1.py took 0.110 seconds
[2025-05-12T08:53:43.116+0000] {processor.py:186} INFO - Started process (PID=3419) to work on /opt/airflow/dags/dags_python_with_xcom_eg1.py
[2025-05-12T08:53:43.124+0000] {processor.py:914} INFO - Processing file /opt/airflow/dags/dags_python_with_xcom_eg1.py for tasks to queue
[2025-05-12T08:53:43.127+0000] {logging_mixin.py:190} INFO - [2025-05-12T08:53:43.127+0000] {dagbag.py:588} INFO - Filling up the DagBag from /opt/airflow/dags/dags_python_with_xcom_eg1.py
[2025-05-12T08:53:43.141+0000] {processor.py:925} INFO - DAG(s) 'dags_python_with_xcom_eg1' retrieved from /opt/airflow/dags/dags_python_with_xcom_eg1.py
[2025-05-12T08:53:43.163+0000] {logging_mixin.py:190} INFO - [2025-05-12T08:53:43.162+0000] {dag.py:3239} INFO - Sync 1 DAGs
[2025-05-12T08:53:43.189+0000] {logging_mixin.py:190} INFO - [2025-05-12T08:53:43.189+0000] {dag.py:4180} INFO - Setting next_dagrun for dags_python_with_xcom_eg1 to 2025-05-11 21:30:00+00:00, run_after=2025-05-12 21:30:00+00:00
[2025-05-12T08:53:43.214+0000] {processor.py:208} INFO - Processing /opt/airflow/dags/dags_python_with_xcom_eg1.py took 0.106 seconds
[2025-05-12T08:54:13.487+0000] {processor.py:186} INFO - Started process (PID=3501) to work on /opt/airflow/dags/dags_python_with_xcom_eg1.py
[2025-05-12T08:54:13.500+0000] {processor.py:914} INFO - Processing file /opt/airflow/dags/dags_python_with_xcom_eg1.py for tasks to queue
[2025-05-12T08:54:13.502+0000] {logging_mixin.py:190} INFO - [2025-05-12T08:54:13.502+0000] {dagbag.py:588} INFO - Filling up the DagBag from /opt/airflow/dags/dags_python_with_xcom_eg1.py
[2025-05-12T08:54:13.515+0000] {processor.py:925} INFO - DAG(s) 'dags_python_with_xcom_eg1' retrieved from /opt/airflow/dags/dags_python_with_xcom_eg1.py
[2025-05-12T08:54:13.545+0000] {logging_mixin.py:190} INFO - [2025-05-12T08:54:13.545+0000] {dag.py:3239} INFO - Sync 1 DAGs
[2025-05-12T08:54:13.580+0000] {logging_mixin.py:190} INFO - [2025-05-12T08:54:13.579+0000] {dag.py:4180} INFO - Setting next_dagrun for dags_python_with_xcom_eg1 to 2025-05-11 21:30:00+00:00, run_after=2025-05-12 21:30:00+00:00
[2025-05-12T08:54:13.606+0000] {processor.py:208} INFO - Processing /opt/airflow/dags/dags_python_with_xcom_eg1.py took 0.130 seconds
[2025-05-12T08:54:44.246+0000] {processor.py:186} INFO - Started process (PID=3583) to work on /opt/airflow/dags/dags_python_with_xcom_eg1.py
[2025-05-12T08:54:44.268+0000] {processor.py:914} INFO - Processing file /opt/airflow/dags/dags_python_with_xcom_eg1.py for tasks to queue
[2025-05-12T08:54:44.269+0000] {logging_mixin.py:190} INFO - [2025-05-12T08:54:44.269+0000] {dagbag.py:588} INFO - Filling up the DagBag from /opt/airflow/dags/dags_python_with_xcom_eg1.py
[2025-05-12T08:54:44.281+0000] {processor.py:925} INFO - DAG(s) 'dags_python_with_xcom_eg1' retrieved from /opt/airflow/dags/dags_python_with_xcom_eg1.py
[2025-05-12T08:54:44.306+0000] {logging_mixin.py:190} INFO - [2025-05-12T08:54:44.306+0000] {dag.py:3239} INFO - Sync 1 DAGs
[2025-05-12T08:54:44.335+0000] {logging_mixin.py:190} INFO - [2025-05-12T08:54:44.335+0000] {dag.py:4180} INFO - Setting next_dagrun for dags_python_with_xcom_eg1 to 2025-05-11 21:30:00+00:00, run_after=2025-05-12 21:30:00+00:00
[2025-05-12T08:54:44.363+0000] {processor.py:208} INFO - Processing /opt/airflow/dags/dags_python_with_xcom_eg1.py took 0.124 seconds
[2025-05-12T08:55:14.697+0000] {processor.py:186} INFO - Started process (PID=3665) to work on /opt/airflow/dags/dags_python_with_xcom_eg1.py
[2025-05-12T08:55:14.705+0000] {processor.py:914} INFO - Processing file /opt/airflow/dags/dags_python_with_xcom_eg1.py for tasks to queue
[2025-05-12T08:55:14.707+0000] {logging_mixin.py:190} INFO - [2025-05-12T08:55:14.706+0000] {dagbag.py:588} INFO - Filling up the DagBag from /opt/airflow/dags/dags_python_with_xcom_eg1.py
[2025-05-12T08:55:14.717+0000] {processor.py:925} INFO - DAG(s) 'dags_python_with_xcom_eg1' retrieved from /opt/airflow/dags/dags_python_with_xcom_eg1.py
[2025-05-12T08:55:14.740+0000] {logging_mixin.py:190} INFO - [2025-05-12T08:55:14.740+0000] {dag.py:3239} INFO - Sync 1 DAGs
[2025-05-12T08:55:14.766+0000] {logging_mixin.py:190} INFO - [2025-05-12T08:55:14.766+0000] {dag.py:4180} INFO - Setting next_dagrun for dags_python_with_xcom_eg1 to 2025-05-11 21:30:00+00:00, run_after=2025-05-12 21:30:00+00:00
[2025-05-12T08:55:14.794+0000] {processor.py:208} INFO - Processing /opt/airflow/dags/dags_python_with_xcom_eg1.py took 0.103 seconds
[2025-05-12T08:55:45.023+0000] {processor.py:186} INFO - Started process (PID=3748) to work on /opt/airflow/dags/dags_python_with_xcom_eg1.py
[2025-05-12T08:55:45.026+0000] {processor.py:914} INFO - Processing file /opt/airflow/dags/dags_python_with_xcom_eg1.py for tasks to queue
[2025-05-12T08:55:45.028+0000] {logging_mixin.py:190} INFO - [2025-05-12T08:55:45.027+0000] {dagbag.py:588} INFO - Filling up the DagBag from /opt/airflow/dags/dags_python_with_xcom_eg1.py
[2025-05-12T08:55:45.040+0000] {processor.py:925} INFO - DAG(s) 'dags_python_with_xcom_eg1' retrieved from /opt/airflow/dags/dags_python_with_xcom_eg1.py
[2025-05-12T08:55:45.065+0000] {logging_mixin.py:190} INFO - [2025-05-12T08:55:45.065+0000] {dag.py:3239} INFO - Sync 1 DAGs
[2025-05-12T08:55:45.098+0000] {logging_mixin.py:190} INFO - [2025-05-12T08:55:45.097+0000] {dag.py:4180} INFO - Setting next_dagrun for dags_python_with_xcom_eg1 to 2025-05-11 21:30:00+00:00, run_after=2025-05-12 21:30:00+00:00
[2025-05-12T08:55:45.125+0000] {processor.py:208} INFO - Processing /opt/airflow/dags/dags_python_with_xcom_eg1.py took 0.109 seconds
[2025-05-12T08:56:15.507+0000] {processor.py:186} INFO - Started process (PID=3830) to work on /opt/airflow/dags/dags_python_with_xcom_eg1.py
[2025-05-12T08:56:15.510+0000] {processor.py:914} INFO - Processing file /opt/airflow/dags/dags_python_with_xcom_eg1.py for tasks to queue
[2025-05-12T08:56:15.513+0000] {logging_mixin.py:190} INFO - [2025-05-12T08:56:15.512+0000] {dagbag.py:588} INFO - Filling up the DagBag from /opt/airflow/dags/dags_python_with_xcom_eg1.py
[2025-05-12T08:56:15.529+0000] {processor.py:925} INFO - DAG(s) 'dags_python_with_xcom_eg1' retrieved from /opt/airflow/dags/dags_python_with_xcom_eg1.py
[2025-05-12T08:56:15.558+0000] {logging_mixin.py:190} INFO - [2025-05-12T08:56:15.557+0000] {dag.py:3239} INFO - Sync 1 DAGs
[2025-05-12T08:56:15.591+0000] {logging_mixin.py:190} INFO - [2025-05-12T08:56:15.591+0000] {dag.py:4180} INFO - Setting next_dagrun for dags_python_with_xcom_eg1 to 2025-05-11 21:30:00+00:00, run_after=2025-05-12 21:30:00+00:00
[2025-05-12T08:56:15.620+0000] {processor.py:208} INFO - Processing /opt/airflow/dags/dags_python_with_xcom_eg1.py took 0.121 seconds
[2025-05-12T08:56:46.031+0000] {processor.py:186} INFO - Started process (PID=3912) to work on /opt/airflow/dags/dags_python_with_xcom_eg1.py
[2025-05-12T08:56:46.039+0000] {processor.py:914} INFO - Processing file /opt/airflow/dags/dags_python_with_xcom_eg1.py for tasks to queue
[2025-05-12T08:56:46.041+0000] {logging_mixin.py:190} INFO - [2025-05-12T08:56:46.041+0000] {dagbag.py:588} INFO - Filling up the DagBag from /opt/airflow/dags/dags_python_with_xcom_eg1.py
[2025-05-12T08:56:46.067+0000] {processor.py:925} INFO - DAG(s) 'dags_python_with_xcom_eg1' retrieved from /opt/airflow/dags/dags_python_with_xcom_eg1.py
[2025-05-12T08:56:46.109+0000] {logging_mixin.py:190} INFO - [2025-05-12T08:56:46.109+0000] {dag.py:3239} INFO - Sync 1 DAGs
[2025-05-12T08:56:46.145+0000] {logging_mixin.py:190} INFO - [2025-05-12T08:56:46.144+0000] {dag.py:4180} INFO - Setting next_dagrun for dags_python_with_xcom_eg1 to 2025-05-11 21:30:00+00:00, run_after=2025-05-12 21:30:00+00:00
[2025-05-12T08:56:46.169+0000] {processor.py:208} INFO - Processing /opt/airflow/dags/dags_python_with_xcom_eg1.py took 0.147 seconds
[2025-05-12T08:57:16.377+0000] {processor.py:186} INFO - Started process (PID=3993) to work on /opt/airflow/dags/dags_python_with_xcom_eg1.py
[2025-05-12T08:57:16.378+0000] {processor.py:914} INFO - Processing file /opt/airflow/dags/dags_python_with_xcom_eg1.py for tasks to queue
[2025-05-12T08:57:16.380+0000] {logging_mixin.py:190} INFO - [2025-05-12T08:57:16.380+0000] {dagbag.py:588} INFO - Filling up the DagBag from /opt/airflow/dags/dags_python_with_xcom_eg1.py
[2025-05-12T08:57:16.394+0000] {processor.py:925} INFO - DAG(s) 'dags_python_with_xcom_eg1' retrieved from /opt/airflow/dags/dags_python_with_xcom_eg1.py
[2025-05-12T08:57:16.423+0000] {logging_mixin.py:190} INFO - [2025-05-12T08:57:16.422+0000] {dag.py:3239} INFO - Sync 1 DAGs
[2025-05-12T08:57:16.459+0000] {logging_mixin.py:190} INFO - [2025-05-12T08:57:16.459+0000] {dag.py:4180} INFO - Setting next_dagrun for dags_python_with_xcom_eg1 to 2025-05-11 21:30:00+00:00, run_after=2025-05-12 21:30:00+00:00
[2025-05-12T08:57:16.487+0000] {processor.py:208} INFO - Processing /opt/airflow/dags/dags_python_with_xcom_eg1.py took 0.119 seconds
[2025-05-12T08:57:46.721+0000] {processor.py:186} INFO - Started process (PID=4066) to work on /opt/airflow/dags/dags_python_with_xcom_eg1.py
[2025-05-12T08:57:46.722+0000] {processor.py:914} INFO - Processing file /opt/airflow/dags/dags_python_with_xcom_eg1.py for tasks to queue
[2025-05-12T08:57:46.724+0000] {logging_mixin.py:190} INFO - [2025-05-12T08:57:46.724+0000] {dagbag.py:588} INFO - Filling up the DagBag from /opt/airflow/dags/dags_python_with_xcom_eg1.py
[2025-05-12T08:57:46.737+0000] {processor.py:925} INFO - DAG(s) 'dags_python_with_xcom_eg1' retrieved from /opt/airflow/dags/dags_python_with_xcom_eg1.py
[2025-05-12T08:57:46.773+0000] {logging_mixin.py:190} INFO - [2025-05-12T08:57:46.772+0000] {dag.py:3239} INFO - Sync 1 DAGs
[2025-05-12T08:57:46.808+0000] {logging_mixin.py:190} INFO - [2025-05-12T08:57:46.808+0000] {dag.py:4180} INFO - Setting next_dagrun for dags_python_with_xcom_eg1 to 2025-05-11 21:30:00+00:00, run_after=2025-05-12 21:30:00+00:00
[2025-05-12T08:57:46.837+0000] {processor.py:208} INFO - Processing /opt/airflow/dags/dags_python_with_xcom_eg1.py took 0.123 seconds
[2025-05-12T08:58:16.900+0000] {processor.py:186} INFO - Started process (PID=4138) to work on /opt/airflow/dags/dags_python_with_xcom_eg1.py
[2025-05-12T08:58:16.901+0000] {processor.py:914} INFO - Processing file /opt/airflow/dags/dags_python_with_xcom_eg1.py for tasks to queue
[2025-05-12T08:58:16.903+0000] {logging_mixin.py:190} INFO - [2025-05-12T08:58:16.902+0000] {dagbag.py:588} INFO - Filling up the DagBag from /opt/airflow/dags/dags_python_with_xcom_eg1.py
[2025-05-12T08:58:16.915+0000] {processor.py:925} INFO - DAG(s) 'dags_python_with_xcom_eg1' retrieved from /opt/airflow/dags/dags_python_with_xcom_eg1.py
[2025-05-12T08:58:16.940+0000] {logging_mixin.py:190} INFO - [2025-05-12T08:58:16.940+0000] {dag.py:3239} INFO - Sync 1 DAGs
[2025-05-12T08:58:16.972+0000] {logging_mixin.py:190} INFO - [2025-05-12T08:58:16.971+0000] {dag.py:4180} INFO - Setting next_dagrun for dags_python_with_xcom_eg1 to 2025-05-11 21:30:00+00:00, run_after=2025-05-12 21:30:00+00:00
[2025-05-12T08:58:17.001+0000] {processor.py:208} INFO - Processing /opt/airflow/dags/dags_python_with_xcom_eg1.py took 0.109 seconds
[2025-05-12T08:58:47.458+0000] {processor.py:186} INFO - Started process (PID=4215) to work on /opt/airflow/dags/dags_python_with_xcom_eg1.py
[2025-05-12T08:58:47.460+0000] {processor.py:914} INFO - Processing file /opt/airflow/dags/dags_python_with_xcom_eg1.py for tasks to queue
[2025-05-12T08:58:47.461+0000] {logging_mixin.py:190} INFO - [2025-05-12T08:58:47.461+0000] {dagbag.py:588} INFO - Filling up the DagBag from /opt/airflow/dags/dags_python_with_xcom_eg1.py
[2025-05-12T08:58:47.475+0000] {processor.py:925} INFO - DAG(s) 'dags_python_with_xcom_eg1' retrieved from /opt/airflow/dags/dags_python_with_xcom_eg1.py
[2025-05-12T08:58:47.499+0000] {logging_mixin.py:190} INFO - [2025-05-12T08:58:47.499+0000] {dag.py:3239} INFO - Sync 1 DAGs
[2025-05-12T08:58:47.531+0000] {logging_mixin.py:190} INFO - [2025-05-12T08:58:47.530+0000] {dag.py:4180} INFO - Setting next_dagrun for dags_python_with_xcom_eg1 to 2025-05-11 21:30:00+00:00, run_after=2025-05-12 21:30:00+00:00
[2025-05-12T08:58:47.555+0000] {processor.py:208} INFO - Processing /opt/airflow/dags/dags_python_with_xcom_eg1.py took 0.104 seconds
[2025-05-12T08:59:17.983+0000] {processor.py:186} INFO - Started process (PID=4294) to work on /opt/airflow/dags/dags_python_with_xcom_eg1.py
[2025-05-12T08:59:17.985+0000] {processor.py:914} INFO - Processing file /opt/airflow/dags/dags_python_with_xcom_eg1.py for tasks to queue
[2025-05-12T08:59:17.986+0000] {logging_mixin.py:190} INFO - [2025-05-12T08:59:17.986+0000] {dagbag.py:588} INFO - Filling up the DagBag from /opt/airflow/dags/dags_python_with_xcom_eg1.py
[2025-05-12T08:59:18.000+0000] {processor.py:925} INFO - DAG(s) 'dags_python_with_xcom_eg1' retrieved from /opt/airflow/dags/dags_python_with_xcom_eg1.py
[2025-05-12T08:59:18.027+0000] {logging_mixin.py:190} INFO - [2025-05-12T08:59:18.027+0000] {dag.py:3239} INFO - Sync 1 DAGs
[2025-05-12T08:59:18.060+0000] {logging_mixin.py:190} INFO - [2025-05-12T08:59:18.060+0000] {dag.py:4180} INFO - Setting next_dagrun for dags_python_with_xcom_eg1 to 2025-05-11 21:30:00+00:00, run_after=2025-05-12 21:30:00+00:00
[2025-05-12T08:59:18.089+0000] {processor.py:208} INFO - Processing /opt/airflow/dags/dags_python_with_xcom_eg1.py took 0.113 seconds
[2025-05-12T08:59:48.552+0000] {processor.py:186} INFO - Started process (PID=4376) to work on /opt/airflow/dags/dags_python_with_xcom_eg1.py
[2025-05-12T08:59:48.553+0000] {processor.py:914} INFO - Processing file /opt/airflow/dags/dags_python_with_xcom_eg1.py for tasks to queue
[2025-05-12T08:59:48.555+0000] {logging_mixin.py:190} INFO - [2025-05-12T08:59:48.554+0000] {dagbag.py:588} INFO - Filling up the DagBag from /opt/airflow/dags/dags_python_with_xcom_eg1.py
[2025-05-12T08:59:48.568+0000] {processor.py:925} INFO - DAG(s) 'dags_python_with_xcom_eg1' retrieved from /opt/airflow/dags/dags_python_with_xcom_eg1.py
[2025-05-12T08:59:48.596+0000] {logging_mixin.py:190} INFO - [2025-05-12T08:59:48.596+0000] {dag.py:3239} INFO - Sync 1 DAGs
[2025-05-12T08:59:48.629+0000] {logging_mixin.py:190} INFO - [2025-05-12T08:59:48.629+0000] {dag.py:4180} INFO - Setting next_dagrun for dags_python_with_xcom_eg1 to 2025-05-11 21:30:00+00:00, run_after=2025-05-12 21:30:00+00:00
[2025-05-12T08:59:48.659+0000] {processor.py:208} INFO - Processing /opt/airflow/dags/dags_python_with_xcom_eg1.py took 0.115 seconds
[2025-05-12T09:00:19.374+0000] {processor.py:186} INFO - Started process (PID=4458) to work on /opt/airflow/dags/dags_python_with_xcom_eg1.py
[2025-05-12T09:00:19.377+0000] {processor.py:914} INFO - Processing file /opt/airflow/dags/dags_python_with_xcom_eg1.py for tasks to queue
[2025-05-12T09:00:19.379+0000] {logging_mixin.py:190} INFO - [2025-05-12T09:00:19.378+0000] {dagbag.py:588} INFO - Filling up the DagBag from /opt/airflow/dags/dags_python_with_xcom_eg1.py
[2025-05-12T09:00:19.392+0000] {processor.py:925} INFO - DAG(s) 'dags_python_with_xcom_eg1' retrieved from /opt/airflow/dags/dags_python_with_xcom_eg1.py
[2025-05-12T09:00:19.420+0000] {logging_mixin.py:190} INFO - [2025-05-12T09:00:19.420+0000] {dag.py:3239} INFO - Sync 1 DAGs
[2025-05-12T09:00:19.453+0000] {logging_mixin.py:190} INFO - [2025-05-12T09:00:19.452+0000] {dag.py:4180} INFO - Setting next_dagrun for dags_python_with_xcom_eg1 to 2025-05-11 21:30:00+00:00, run_after=2025-05-12 21:30:00+00:00
[2025-05-12T09:00:19.478+0000] {processor.py:208} INFO - Processing /opt/airflow/dags/dags_python_with_xcom_eg1.py took 0.115 seconds
[2025-05-12T09:00:50.240+0000] {processor.py:186} INFO - Started process (PID=4540) to work on /opt/airflow/dags/dags_python_with_xcom_eg1.py
[2025-05-12T09:00:50.243+0000] {processor.py:914} INFO - Processing file /opt/airflow/dags/dags_python_with_xcom_eg1.py for tasks to queue
[2025-05-12T09:00:50.246+0000] {logging_mixin.py:190} INFO - [2025-05-12T09:00:50.245+0000] {dagbag.py:588} INFO - Filling up the DagBag from /opt/airflow/dags/dags_python_with_xcom_eg1.py
[2025-05-12T09:00:50.267+0000] {processor.py:925} INFO - DAG(s) 'dags_python_with_xcom_eg1' retrieved from /opt/airflow/dags/dags_python_with_xcom_eg1.py
[2025-05-12T09:00:50.307+0000] {logging_mixin.py:190} INFO - [2025-05-12T09:00:50.306+0000] {dag.py:3239} INFO - Sync 1 DAGs
[2025-05-12T09:00:50.362+0000] {logging_mixin.py:190} INFO - [2025-05-12T09:00:50.361+0000] {dag.py:4180} INFO - Setting next_dagrun for dags_python_with_xcom_eg1 to 2025-05-11 21:30:00+00:00, run_after=2025-05-12 21:30:00+00:00
[2025-05-12T09:00:50.399+0000] {processor.py:208} INFO - Processing /opt/airflow/dags/dags_python_with_xcom_eg1.py took 0.169 seconds
