[2025-05-12T08:33:20.770+0000] {processor.py:186} INFO - Started process (PID=140) to work on /opt/airflow/dags/dags_bash_select_fruit.py
[2025-05-12T08:33:20.771+0000] {processor.py:914} INFO - Processing file /opt/airflow/dags/dags_bash_select_fruit.py for tasks to queue
[2025-05-12T08:33:20.774+0000] {logging_mixin.py:190} INFO - [2025-05-12T08:33:20.774+0000] {dagbag.py:588} INFO - Filling up the DagBag from /opt/airflow/dags/dags_bash_select_fruit.py
[2025-05-12T08:33:20.790+0000] {processor.py:925} INFO - DAG(s) 'dags_bash_select_fruit' retrieved from /opt/airflow/dags/dags_bash_select_fruit.py
[2025-05-12T08:33:21.019+0000] {logging_mixin.py:190} INFO - [2025-05-12T08:33:21.018+0000] {dag.py:3239} INFO - Sync 1 DAGs
[2025-05-12T08:33:22.399+0000] {logging_mixin.py:190} INFO - [2025-05-12T08:33:22.399+0000] {dag.py:4180} INFO - Setting next_dagrun for dags_bash_select_fruit to 2025-05-02 15:10:00+00:00, run_after=2025-06-06 15:10:00+00:00
[2025-05-12T08:33:22.865+0000] {processor.py:208} INFO - Processing /opt/airflow/dags/dags_bash_select_fruit.py took 2.107 seconds
[2025-05-12T08:33:53.055+0000] {processor.py:186} INFO - Started process (PID=244) to work on /opt/airflow/dags/dags_bash_select_fruit.py
[2025-05-12T08:33:53.057+0000] {processor.py:914} INFO - Processing file /opt/airflow/dags/dags_bash_select_fruit.py for tasks to queue
[2025-05-12T08:33:53.058+0000] {logging_mixin.py:190} INFO - [2025-05-12T08:33:53.058+0000] {dagbag.py:588} INFO - Filling up the DagBag from /opt/airflow/dags/dags_bash_select_fruit.py
[2025-05-12T08:33:53.073+0000] {processor.py:925} INFO - DAG(s) 'dags_bash_select_fruit' retrieved from /opt/airflow/dags/dags_bash_select_fruit.py
[2025-05-12T08:33:53.128+0000] {logging_mixin.py:190} INFO - [2025-05-12T08:33:53.127+0000] {dag.py:3239} INFO - Sync 1 DAGs
[2025-05-12T08:33:53.183+0000] {logging_mixin.py:190} INFO - [2025-05-12T08:33:53.183+0000] {dag.py:4180} INFO - Setting next_dagrun for dags_bash_select_fruit to 2025-05-02 15:10:00+00:00, run_after=2025-06-06 15:10:00+00:00
[2025-05-12T08:33:53.228+0000] {processor.py:208} INFO - Processing /opt/airflow/dags/dags_bash_select_fruit.py took 0.182 seconds
[2025-05-12T08:34:23.742+0000] {processor.py:186} INFO - Started process (PID=336) to work on /opt/airflow/dags/dags_bash_select_fruit.py
[2025-05-12T08:34:23.744+0000] {processor.py:914} INFO - Processing file /opt/airflow/dags/dags_bash_select_fruit.py for tasks to queue
[2025-05-12T08:34:23.747+0000] {logging_mixin.py:190} INFO - [2025-05-12T08:34:23.746+0000] {dagbag.py:588} INFO - Filling up the DagBag from /opt/airflow/dags/dags_bash_select_fruit.py
[2025-05-12T08:34:23.771+0000] {processor.py:925} INFO - DAG(s) 'dags_bash_select_fruit' retrieved from /opt/airflow/dags/dags_bash_select_fruit.py
[2025-05-12T08:34:23.826+0000] {logging_mixin.py:190} INFO - [2025-05-12T08:34:23.825+0000] {dag.py:3239} INFO - Sync 1 DAGs
[2025-05-12T08:34:23.912+0000] {logging_mixin.py:190} INFO - [2025-05-12T08:34:23.911+0000] {dag.py:4180} INFO - Setting next_dagrun for dags_bash_select_fruit to 2025-05-02 15:10:00+00:00, run_after=2025-06-06 15:10:00+00:00
[2025-05-12T08:34:23.947+0000] {processor.py:208} INFO - Processing /opt/airflow/dags/dags_bash_select_fruit.py took 0.218 seconds
[2025-05-12T08:34:54.446+0000] {processor.py:186} INFO - Started process (PID=419) to work on /opt/airflow/dags/dags_bash_select_fruit.py
[2025-05-12T08:34:54.448+0000] {processor.py:914} INFO - Processing file /opt/airflow/dags/dags_bash_select_fruit.py for tasks to queue
[2025-05-12T08:34:54.451+0000] {logging_mixin.py:190} INFO - [2025-05-12T08:34:54.450+0000] {dagbag.py:588} INFO - Filling up the DagBag from /opt/airflow/dags/dags_bash_select_fruit.py
[2025-05-12T08:34:54.463+0000] {processor.py:925} INFO - DAG(s) 'dags_bash_select_fruit' retrieved from /opt/airflow/dags/dags_bash_select_fruit.py
[2025-05-12T08:34:54.483+0000] {logging_mixin.py:190} INFO - [2025-05-12T08:34:54.482+0000] {dag.py:3239} INFO - Sync 1 DAGs
[2025-05-12T08:34:54.511+0000] {logging_mixin.py:190} INFO - [2025-05-12T08:34:54.510+0000] {dag.py:4180} INFO - Setting next_dagrun for dags_bash_select_fruit to 2025-05-02 15:10:00+00:00, run_after=2025-06-06 15:10:00+00:00
[2025-05-12T08:34:54.536+0000] {processor.py:208} INFO - Processing /opt/airflow/dags/dags_bash_select_fruit.py took 0.099 seconds
[2025-05-12T08:35:25.126+0000] {processor.py:186} INFO - Started process (PID=513) to work on /opt/airflow/dags/dags_bash_select_fruit.py
[2025-05-12T08:35:25.129+0000] {processor.py:914} INFO - Processing file /opt/airflow/dags/dags_bash_select_fruit.py for tasks to queue
[2025-05-12T08:35:25.132+0000] {logging_mixin.py:190} INFO - [2025-05-12T08:35:25.131+0000] {dagbag.py:588} INFO - Filling up the DagBag from /opt/airflow/dags/dags_bash_select_fruit.py
[2025-05-12T08:35:25.150+0000] {processor.py:925} INFO - DAG(s) 'dags_bash_select_fruit' retrieved from /opt/airflow/dags/dags_bash_select_fruit.py
[2025-05-12T08:35:25.187+0000] {logging_mixin.py:190} INFO - [2025-05-12T08:35:25.187+0000] {dag.py:3239} INFO - Sync 1 DAGs
[2025-05-12T08:35:25.229+0000] {logging_mixin.py:190} INFO - [2025-05-12T08:35:25.228+0000] {dag.py:4180} INFO - Setting next_dagrun for dags_bash_select_fruit to 2025-05-02 15:10:00+00:00, run_after=2025-06-06 15:10:00+00:00
[2025-05-12T08:35:25.268+0000] {processor.py:208} INFO - Processing /opt/airflow/dags/dags_bash_select_fruit.py took 0.155 seconds
[2025-05-12T08:35:55.587+0000] {processor.py:186} INFO - Started process (PID=599) to work on /opt/airflow/dags/dags_bash_select_fruit.py
[2025-05-12T08:35:55.589+0000] {processor.py:914} INFO - Processing file /opt/airflow/dags/dags_bash_select_fruit.py for tasks to queue
[2025-05-12T08:35:55.592+0000] {logging_mixin.py:190} INFO - [2025-05-12T08:35:55.591+0000] {dagbag.py:588} INFO - Filling up the DagBag from /opt/airflow/dags/dags_bash_select_fruit.py
[2025-05-12T08:35:55.610+0000] {processor.py:925} INFO - DAG(s) 'dags_bash_select_fruit' retrieved from /opt/airflow/dags/dags_bash_select_fruit.py
[2025-05-12T08:35:55.634+0000] {logging_mixin.py:190} INFO - [2025-05-12T08:35:55.634+0000] {dag.py:3239} INFO - Sync 1 DAGs
[2025-05-12T08:35:55.666+0000] {logging_mixin.py:190} INFO - [2025-05-12T08:35:55.665+0000] {dag.py:4180} INFO - Setting next_dagrun for dags_bash_select_fruit to 2025-05-02 15:10:00+00:00, run_after=2025-06-06 15:10:00+00:00
[2025-05-12T08:35:55.695+0000] {processor.py:208} INFO - Processing /opt/airflow/dags/dags_bash_select_fruit.py took 0.120 seconds
[2025-05-12T08:36:25.928+0000] {processor.py:186} INFO - Started process (PID=681) to work on /opt/airflow/dags/dags_bash_select_fruit.py
[2025-05-12T08:36:25.936+0000] {processor.py:914} INFO - Processing file /opt/airflow/dags/dags_bash_select_fruit.py for tasks to queue
[2025-05-12T08:36:25.938+0000] {logging_mixin.py:190} INFO - [2025-05-12T08:36:25.937+0000] {dagbag.py:588} INFO - Filling up the DagBag from /opt/airflow/dags/dags_bash_select_fruit.py
[2025-05-12T08:36:25.951+0000] {processor.py:925} INFO - DAG(s) 'dags_bash_select_fruit' retrieved from /opt/airflow/dags/dags_bash_select_fruit.py
[2025-05-12T08:36:25.977+0000] {logging_mixin.py:190} INFO - [2025-05-12T08:36:25.976+0000] {dag.py:3239} INFO - Sync 1 DAGs
[2025-05-12T08:36:26.016+0000] {logging_mixin.py:190} INFO - [2025-05-12T08:36:26.015+0000] {dag.py:4180} INFO - Setting next_dagrun for dags_bash_select_fruit to 2025-05-02 15:10:00+00:00, run_after=2025-06-06 15:10:00+00:00
[2025-05-12T08:36:26.047+0000] {processor.py:208} INFO - Processing /opt/airflow/dags/dags_bash_select_fruit.py took 0.126 seconds
[2025-05-12T08:36:56.762+0000] {processor.py:186} INFO - Started process (PID=763) to work on /opt/airflow/dags/dags_bash_select_fruit.py
[2025-05-12T08:36:56.770+0000] {processor.py:914} INFO - Processing file /opt/airflow/dags/dags_bash_select_fruit.py for tasks to queue
[2025-05-12T08:36:56.772+0000] {logging_mixin.py:190} INFO - [2025-05-12T08:36:56.771+0000] {dagbag.py:588} INFO - Filling up the DagBag from /opt/airflow/dags/dags_bash_select_fruit.py
[2025-05-12T08:36:56.782+0000] {processor.py:925} INFO - DAG(s) 'dags_bash_select_fruit' retrieved from /opt/airflow/dags/dags_bash_select_fruit.py
[2025-05-12T08:36:56.802+0000] {logging_mixin.py:190} INFO - [2025-05-12T08:36:56.802+0000] {dag.py:3239} INFO - Sync 1 DAGs
[2025-05-12T08:36:56.830+0000] {logging_mixin.py:190} INFO - [2025-05-12T08:36:56.829+0000] {dag.py:4180} INFO - Setting next_dagrun for dags_bash_select_fruit to 2025-05-02 15:10:00+00:00, run_after=2025-06-06 15:10:00+00:00
[2025-05-12T08:36:56.854+0000] {processor.py:208} INFO - Processing /opt/airflow/dags/dags_bash_select_fruit.py took 0.097 seconds
[2025-05-12T08:37:27.785+0000] {processor.py:186} INFO - Started process (PID=845) to work on /opt/airflow/dags/dags_bash_select_fruit.py
[2025-05-12T08:37:27.787+0000] {processor.py:914} INFO - Processing file /opt/airflow/dags/dags_bash_select_fruit.py for tasks to queue
[2025-05-12T08:37:27.788+0000] {logging_mixin.py:190} INFO - [2025-05-12T08:37:27.788+0000] {dagbag.py:588} INFO - Filling up the DagBag from /opt/airflow/dags/dags_bash_select_fruit.py
[2025-05-12T08:37:27.799+0000] {processor.py:925} INFO - DAG(s) 'dags_bash_select_fruit' retrieved from /opt/airflow/dags/dags_bash_select_fruit.py
[2025-05-12T08:37:27.825+0000] {logging_mixin.py:190} INFO - [2025-05-12T08:37:27.825+0000] {dag.py:3239} INFO - Sync 1 DAGs
[2025-05-12T08:37:27.852+0000] {logging_mixin.py:190} INFO - [2025-05-12T08:37:27.852+0000] {dag.py:4180} INFO - Setting next_dagrun for dags_bash_select_fruit to 2025-05-02 15:10:00+00:00, run_after=2025-06-06 15:10:00+00:00
[2025-05-12T08:37:27.877+0000] {processor.py:208} INFO - Processing /opt/airflow/dags/dags_bash_select_fruit.py took 0.098 seconds
[2025-05-12T08:37:58.431+0000] {processor.py:186} INFO - Started process (PID=924) to work on /opt/airflow/dags/dags_bash_select_fruit.py
[2025-05-12T08:37:58.433+0000] {processor.py:914} INFO - Processing file /opt/airflow/dags/dags_bash_select_fruit.py for tasks to queue
[2025-05-12T08:37:58.434+0000] {logging_mixin.py:190} INFO - [2025-05-12T08:37:58.434+0000] {dagbag.py:588} INFO - Filling up the DagBag from /opt/airflow/dags/dags_bash_select_fruit.py
[2025-05-12T08:37:58.447+0000] {processor.py:925} INFO - DAG(s) 'dags_bash_select_fruit' retrieved from /opt/airflow/dags/dags_bash_select_fruit.py
[2025-05-12T08:37:58.479+0000] {logging_mixin.py:190} INFO - [2025-05-12T08:37:58.478+0000] {dag.py:3239} INFO - Sync 1 DAGs
[2025-05-12T08:37:58.535+0000] {logging_mixin.py:190} INFO - [2025-05-12T08:37:58.534+0000] {dag.py:4180} INFO - Setting next_dagrun for dags_bash_select_fruit to 2025-05-02 15:10:00+00:00, run_after=2025-06-06 15:10:00+00:00
[2025-05-12T08:37:58.589+0000] {processor.py:208} INFO - Processing /opt/airflow/dags/dags_bash_select_fruit.py took 0.165 seconds
[2025-05-12T08:38:29.774+0000] {processor.py:186} INFO - Started process (PID=998) to work on /opt/airflow/dags/dags_bash_select_fruit.py
[2025-05-12T08:38:29.775+0000] {processor.py:914} INFO - Processing file /opt/airflow/dags/dags_bash_select_fruit.py for tasks to queue
[2025-05-12T08:38:29.777+0000] {logging_mixin.py:190} INFO - [2025-05-12T08:38:29.776+0000] {dagbag.py:588} INFO - Filling up the DagBag from /opt/airflow/dags/dags_bash_select_fruit.py
[2025-05-12T08:38:29.789+0000] {processor.py:925} INFO - DAG(s) 'dags_bash_select_fruit' retrieved from /opt/airflow/dags/dags_bash_select_fruit.py
[2025-05-12T08:38:29.821+0000] {logging_mixin.py:190} INFO - [2025-05-12T08:38:29.821+0000] {dag.py:3239} INFO - Sync 1 DAGs
[2025-05-12T08:38:29.852+0000] {logging_mixin.py:190} INFO - [2025-05-12T08:38:29.851+0000] {dag.py:4180} INFO - Setting next_dagrun for dags_bash_select_fruit to 2025-05-02 15:10:00+00:00, run_after=2025-06-06 15:10:00+00:00
[2025-05-12T08:38:29.871+0000] {processor.py:208} INFO - Processing /opt/airflow/dags/dags_bash_select_fruit.py took 0.106 seconds
[2025-05-12T08:39:00.473+0000] {processor.py:186} INFO - Started process (PID=1077) to work on /opt/airflow/dags/dags_bash_select_fruit.py
[2025-05-12T08:39:00.475+0000] {processor.py:914} INFO - Processing file /opt/airflow/dags/dags_bash_select_fruit.py for tasks to queue
[2025-05-12T08:39:00.476+0000] {logging_mixin.py:190} INFO - [2025-05-12T08:39:00.476+0000] {dagbag.py:588} INFO - Filling up the DagBag from /opt/airflow/dags/dags_bash_select_fruit.py
[2025-05-12T08:39:00.490+0000] {processor.py:925} INFO - DAG(s) 'dags_bash_select_fruit' retrieved from /opt/airflow/dags/dags_bash_select_fruit.py
[2025-05-12T08:39:00.514+0000] {logging_mixin.py:190} INFO - [2025-05-12T08:39:00.514+0000] {dag.py:3239} INFO - Sync 1 DAGs
[2025-05-12T08:39:00.546+0000] {logging_mixin.py:190} INFO - [2025-05-12T08:39:00.545+0000] {dag.py:4180} INFO - Setting next_dagrun for dags_bash_select_fruit to 2025-05-02 15:10:00+00:00, run_after=2025-06-06 15:10:00+00:00
[2025-05-12T08:39:00.569+0000] {processor.py:208} INFO - Processing /opt/airflow/dags/dags_bash_select_fruit.py took 0.104 seconds
[2025-05-12T08:39:32.646+0000] {processor.py:186} INFO - Started process (PID=1152) to work on /opt/airflow/dags/dags_bash_select_fruit.py
[2025-05-12T08:39:32.648+0000] {processor.py:914} INFO - Processing file /opt/airflow/dags/dags_bash_select_fruit.py for tasks to queue
[2025-05-12T08:39:32.649+0000] {logging_mixin.py:190} INFO - [2025-05-12T08:39:32.649+0000] {dagbag.py:588} INFO - Filling up the DagBag from /opt/airflow/dags/dags_bash_select_fruit.py
[2025-05-12T08:39:32.663+0000] {processor.py:925} INFO - DAG(s) 'dags_bash_select_fruit' retrieved from /opt/airflow/dags/dags_bash_select_fruit.py
[2025-05-12T08:39:32.688+0000] {logging_mixin.py:190} INFO - [2025-05-12T08:39:32.687+0000] {dag.py:3239} INFO - Sync 1 DAGs
[2025-05-12T08:39:32.719+0000] {logging_mixin.py:190} INFO - [2025-05-12T08:39:32.719+0000] {dag.py:4180} INFO - Setting next_dagrun for dags_bash_select_fruit to 2025-05-02 15:10:00+00:00, run_after=2025-06-06 15:10:00+00:00
[2025-05-12T08:39:32.743+0000] {processor.py:208} INFO - Processing /opt/airflow/dags/dags_bash_select_fruit.py took 0.104 seconds
[2025-05-12T08:40:03.416+0000] {processor.py:186} INFO - Started process (PID=1233) to work on /opt/airflow/dags/dags_bash_select_fruit.py
[2025-05-12T08:40:03.417+0000] {processor.py:914} INFO - Processing file /opt/airflow/dags/dags_bash_select_fruit.py for tasks to queue
[2025-05-12T08:40:03.419+0000] {logging_mixin.py:190} INFO - [2025-05-12T08:40:03.418+0000] {dagbag.py:588} INFO - Filling up the DagBag from /opt/airflow/dags/dags_bash_select_fruit.py
[2025-05-12T08:40:03.431+0000] {processor.py:925} INFO - DAG(s) 'dags_bash_select_fruit' retrieved from /opt/airflow/dags/dags_bash_select_fruit.py
[2025-05-12T08:40:03.454+0000] {logging_mixin.py:190} INFO - [2025-05-12T08:40:03.454+0000] {dag.py:3239} INFO - Sync 1 DAGs
[2025-05-12T08:40:03.484+0000] {logging_mixin.py:190} INFO - [2025-05-12T08:40:03.484+0000] {dag.py:4180} INFO - Setting next_dagrun for dags_bash_select_fruit to 2025-05-02 15:10:00+00:00, run_after=2025-06-06 15:10:00+00:00
[2025-05-12T08:40:03.504+0000] {processor.py:208} INFO - Processing /opt/airflow/dags/dags_bash_select_fruit.py took 0.096 seconds
[2025-05-12T08:40:34.748+0000] {processor.py:186} INFO - Started process (PID=1315) to work on /opt/airflow/dags/dags_bash_select_fruit.py
[2025-05-12T08:40:34.749+0000] {processor.py:914} INFO - Processing file /opt/airflow/dags/dags_bash_select_fruit.py for tasks to queue
[2025-05-12T08:40:34.750+0000] {logging_mixin.py:190} INFO - [2025-05-12T08:40:34.750+0000] {dagbag.py:588} INFO - Filling up the DagBag from /opt/airflow/dags/dags_bash_select_fruit.py
[2025-05-12T08:40:34.762+0000] {processor.py:925} INFO - DAG(s) 'dags_bash_select_fruit' retrieved from /opt/airflow/dags/dags_bash_select_fruit.py
[2025-05-12T08:40:34.782+0000] {logging_mixin.py:190} INFO - [2025-05-12T08:40:34.782+0000] {dag.py:3239} INFO - Sync 1 DAGs
[2025-05-12T08:40:34.808+0000] {logging_mixin.py:190} INFO - [2025-05-12T08:40:34.808+0000] {dag.py:4180} INFO - Setting next_dagrun for dags_bash_select_fruit to 2025-05-02 15:10:00+00:00, run_after=2025-06-06 15:10:00+00:00
[2025-05-12T08:40:34.827+0000] {processor.py:208} INFO - Processing /opt/airflow/dags/dags_bash_select_fruit.py took 0.085 seconds
[2025-05-12T08:41:05.407+0000] {processor.py:186} INFO - Started process (PID=1395) to work on /opt/airflow/dags/dags_bash_select_fruit.py
[2025-05-12T08:41:05.409+0000] {processor.py:914} INFO - Processing file /opt/airflow/dags/dags_bash_select_fruit.py for tasks to queue
[2025-05-12T08:41:05.411+0000] {logging_mixin.py:190} INFO - [2025-05-12T08:41:05.411+0000] {dagbag.py:588} INFO - Filling up the DagBag from /opt/airflow/dags/dags_bash_select_fruit.py
[2025-05-12T08:41:05.427+0000] {processor.py:925} INFO - DAG(s) 'dags_bash_select_fruit' retrieved from /opt/airflow/dags/dags_bash_select_fruit.py
[2025-05-12T08:41:05.452+0000] {logging_mixin.py:190} INFO - [2025-05-12T08:41:05.452+0000] {dag.py:3239} INFO - Sync 1 DAGs
[2025-05-12T08:41:05.486+0000] {logging_mixin.py:190} INFO - [2025-05-12T08:41:05.485+0000] {dag.py:4180} INFO - Setting next_dagrun for dags_bash_select_fruit to 2025-05-02 15:10:00+00:00, run_after=2025-06-06 15:10:00+00:00
[2025-05-12T08:41:05.511+0000] {processor.py:208} INFO - Processing /opt/airflow/dags/dags_bash_select_fruit.py took 0.112 seconds
[2025-05-12T08:41:36.143+0000] {processor.py:186} INFO - Started process (PID=1477) to work on /opt/airflow/dags/dags_bash_select_fruit.py
[2025-05-12T08:41:36.144+0000] {processor.py:914} INFO - Processing file /opt/airflow/dags/dags_bash_select_fruit.py for tasks to queue
[2025-05-12T08:41:36.146+0000] {logging_mixin.py:190} INFO - [2025-05-12T08:41:36.146+0000] {dagbag.py:588} INFO - Filling up the DagBag from /opt/airflow/dags/dags_bash_select_fruit.py
[2025-05-12T08:41:36.159+0000] {processor.py:925} INFO - DAG(s) 'dags_bash_select_fruit' retrieved from /opt/airflow/dags/dags_bash_select_fruit.py
[2025-05-12T08:41:36.187+0000] {logging_mixin.py:190} INFO - [2025-05-12T08:41:36.187+0000] {dag.py:3239} INFO - Sync 1 DAGs
[2025-05-12T08:41:36.225+0000] {logging_mixin.py:190} INFO - [2025-05-12T08:41:36.224+0000] {dag.py:4180} INFO - Setting next_dagrun for dags_bash_select_fruit to 2025-05-02 15:10:00+00:00, run_after=2025-06-06 15:10:00+00:00
[2025-05-12T08:41:36.252+0000] {processor.py:208} INFO - Processing /opt/airflow/dags/dags_bash_select_fruit.py took 0.118 seconds
[2025-05-12T08:42:07.175+0000] {processor.py:186} INFO - Started process (PID=1559) to work on /opt/airflow/dags/dags_bash_select_fruit.py
[2025-05-12T08:42:07.177+0000] {processor.py:914} INFO - Processing file /opt/airflow/dags/dags_bash_select_fruit.py for tasks to queue
[2025-05-12T08:42:07.180+0000] {logging_mixin.py:190} INFO - [2025-05-12T08:42:07.180+0000] {dagbag.py:588} INFO - Filling up the DagBag from /opt/airflow/dags/dags_bash_select_fruit.py
[2025-05-12T08:42:07.192+0000] {processor.py:925} INFO - DAG(s) 'dags_bash_select_fruit' retrieved from /opt/airflow/dags/dags_bash_select_fruit.py
[2025-05-12T08:42:07.218+0000] {logging_mixin.py:190} INFO - [2025-05-12T08:42:07.218+0000] {dag.py:3239} INFO - Sync 1 DAGs
[2025-05-12T08:42:07.252+0000] {logging_mixin.py:190} INFO - [2025-05-12T08:42:07.251+0000] {dag.py:4180} INFO - Setting next_dagrun for dags_bash_select_fruit to 2025-05-02 15:10:00+00:00, run_after=2025-06-06 15:10:00+00:00
[2025-05-12T08:42:07.278+0000] {processor.py:208} INFO - Processing /opt/airflow/dags/dags_bash_select_fruit.py took 0.110 seconds
[2025-05-12T08:42:37.656+0000] {processor.py:186} INFO - Started process (PID=1641) to work on /opt/airflow/dags/dags_bash_select_fruit.py
[2025-05-12T08:42:37.658+0000] {processor.py:914} INFO - Processing file /opt/airflow/dags/dags_bash_select_fruit.py for tasks to queue
[2025-05-12T08:42:37.659+0000] {logging_mixin.py:190} INFO - [2025-05-12T08:42:37.659+0000] {dagbag.py:588} INFO - Filling up the DagBag from /opt/airflow/dags/dags_bash_select_fruit.py
[2025-05-12T08:42:37.672+0000] {processor.py:925} INFO - DAG(s) 'dags_bash_select_fruit' retrieved from /opt/airflow/dags/dags_bash_select_fruit.py
[2025-05-12T08:42:37.702+0000] {logging_mixin.py:190} INFO - [2025-05-12T08:42:37.702+0000] {dag.py:3239} INFO - Sync 1 DAGs
[2025-05-12T08:42:37.740+0000] {logging_mixin.py:190} INFO - [2025-05-12T08:42:37.740+0000] {dag.py:4180} INFO - Setting next_dagrun for dags_bash_select_fruit to 2025-05-02 15:10:00+00:00, run_after=2025-06-06 15:10:00+00:00
[2025-05-12T08:42:37.767+0000] {processor.py:208} INFO - Processing /opt/airflow/dags/dags_bash_select_fruit.py took 0.118 seconds
[2025-05-12T08:43:08.264+0000] {processor.py:186} INFO - Started process (PID=1718) to work on /opt/airflow/dags/dags_bash_select_fruit.py
[2025-05-12T08:43:08.266+0000] {processor.py:914} INFO - Processing file /opt/airflow/dags/dags_bash_select_fruit.py for tasks to queue
[2025-05-12T08:43:08.267+0000] {logging_mixin.py:190} INFO - [2025-05-12T08:43:08.267+0000] {dagbag.py:588} INFO - Filling up the DagBag from /opt/airflow/dags/dags_bash_select_fruit.py
[2025-05-12T08:43:08.277+0000] {processor.py:925} INFO - DAG(s) 'dags_bash_select_fruit' retrieved from /opt/airflow/dags/dags_bash_select_fruit.py
[2025-05-12T08:43:08.298+0000] {logging_mixin.py:190} INFO - [2025-05-12T08:43:08.297+0000] {dag.py:3239} INFO - Sync 1 DAGs
[2025-05-12T08:43:08.324+0000] {logging_mixin.py:190} INFO - [2025-05-12T08:43:08.324+0000] {dag.py:4180} INFO - Setting next_dagrun for dags_bash_select_fruit to 2025-05-02 15:10:00+00:00, run_after=2025-06-06 15:10:00+00:00
[2025-05-12T08:43:08.345+0000] {processor.py:208} INFO - Processing /opt/airflow/dags/dags_bash_select_fruit.py took 0.086 seconds
[2025-05-12T08:43:38.463+0000] {processor.py:186} INFO - Started process (PID=1799) to work on /opt/airflow/dags/dags_bash_select_fruit.py
[2025-05-12T08:43:38.465+0000] {processor.py:914} INFO - Processing file /opt/airflow/dags/dags_bash_select_fruit.py for tasks to queue
[2025-05-12T08:43:38.466+0000] {logging_mixin.py:190} INFO - [2025-05-12T08:43:38.466+0000] {dagbag.py:588} INFO - Filling up the DagBag from /opt/airflow/dags/dags_bash_select_fruit.py
[2025-05-12T08:43:38.479+0000] {processor.py:925} INFO - DAG(s) 'dags_bash_select_fruit' retrieved from /opt/airflow/dags/dags_bash_select_fruit.py
[2025-05-12T08:43:38.507+0000] {logging_mixin.py:190} INFO - [2025-05-12T08:43:38.506+0000] {dag.py:3239} INFO - Sync 1 DAGs
[2025-05-12T08:43:38.543+0000] {logging_mixin.py:190} INFO - [2025-05-12T08:43:38.543+0000] {dag.py:4180} INFO - Setting next_dagrun for dags_bash_select_fruit to 2025-05-02 15:10:00+00:00, run_after=2025-06-06 15:10:00+00:00
[2025-05-12T08:43:38.571+0000] {processor.py:208} INFO - Processing /opt/airflow/dags/dags_bash_select_fruit.py took 0.115 seconds
[2025-05-12T08:44:08.837+0000] {processor.py:186} INFO - Started process (PID=1880) to work on /opt/airflow/dags/dags_bash_select_fruit.py
[2025-05-12T08:44:08.839+0000] {processor.py:914} INFO - Processing file /opt/airflow/dags/dags_bash_select_fruit.py for tasks to queue
[2025-05-12T08:44:08.840+0000] {logging_mixin.py:190} INFO - [2025-05-12T08:44:08.840+0000] {dagbag.py:588} INFO - Filling up the DagBag from /opt/airflow/dags/dags_bash_select_fruit.py
[2025-05-12T08:44:08.859+0000] {processor.py:925} INFO - DAG(s) 'dags_bash_select_fruit' retrieved from /opt/airflow/dags/dags_bash_select_fruit.py
[2025-05-12T08:44:08.905+0000] {logging_mixin.py:190} INFO - [2025-05-12T08:44:08.904+0000] {dag.py:3239} INFO - Sync 1 DAGs
[2025-05-12T08:44:08.973+0000] {logging_mixin.py:190} INFO - [2025-05-12T08:44:08.973+0000] {dag.py:4180} INFO - Setting next_dagrun for dags_bash_select_fruit to 2025-05-02 15:10:00+00:00, run_after=2025-06-06 15:10:00+00:00
[2025-05-12T08:44:09.021+0000] {processor.py:208} INFO - Processing /opt/airflow/dags/dags_bash_select_fruit.py took 0.195 seconds
[2025-05-12T08:44:39.271+0000] {processor.py:186} INFO - Started process (PID=1962) to work on /opt/airflow/dags/dags_bash_select_fruit.py
[2025-05-12T08:44:39.274+0000] {processor.py:914} INFO - Processing file /opt/airflow/dags/dags_bash_select_fruit.py for tasks to queue
[2025-05-12T08:44:39.276+0000] {logging_mixin.py:190} INFO - [2025-05-12T08:44:39.276+0000] {dagbag.py:588} INFO - Filling up the DagBag from /opt/airflow/dags/dags_bash_select_fruit.py
[2025-05-12T08:44:39.293+0000] {processor.py:925} INFO - DAG(s) 'dags_bash_select_fruit' retrieved from /opt/airflow/dags/dags_bash_select_fruit.py
[2025-05-12T08:44:39.327+0000] {logging_mixin.py:190} INFO - [2025-05-12T08:44:39.326+0000] {dag.py:3239} INFO - Sync 1 DAGs
[2025-05-12T08:44:39.373+0000] {logging_mixin.py:190} INFO - [2025-05-12T08:44:39.372+0000] {dag.py:4180} INFO - Setting next_dagrun for dags_bash_select_fruit to 2025-05-02 15:10:00+00:00, run_after=2025-06-06 15:10:00+00:00
[2025-05-12T08:44:39.408+0000] {processor.py:208} INFO - Processing /opt/airflow/dags/dags_bash_select_fruit.py took 0.156 seconds
[2025-05-12T08:45:09.842+0000] {processor.py:186} INFO - Started process (PID=2044) to work on /opt/airflow/dags/dags_bash_select_fruit.py
[2025-05-12T08:45:09.844+0000] {processor.py:914} INFO - Processing file /opt/airflow/dags/dags_bash_select_fruit.py for tasks to queue
[2025-05-12T08:45:09.846+0000] {logging_mixin.py:190} INFO - [2025-05-12T08:45:09.845+0000] {dagbag.py:588} INFO - Filling up the DagBag from /opt/airflow/dags/dags_bash_select_fruit.py
[2025-05-12T08:45:09.862+0000] {processor.py:925} INFO - DAG(s) 'dags_bash_select_fruit' retrieved from /opt/airflow/dags/dags_bash_select_fruit.py
[2025-05-12T08:45:09.901+0000] {logging_mixin.py:190} INFO - [2025-05-12T08:45:09.901+0000] {dag.py:3239} INFO - Sync 1 DAGs
[2025-05-12T08:45:09.939+0000] {logging_mixin.py:190} INFO - [2025-05-12T08:45:09.939+0000] {dag.py:4180} INFO - Setting next_dagrun for dags_bash_select_fruit to 2025-05-02 15:10:00+00:00, run_after=2025-06-06 15:10:00+00:00
[2025-05-12T08:45:09.970+0000] {processor.py:208} INFO - Processing /opt/airflow/dags/dags_bash_select_fruit.py took 0.137 seconds
[2025-05-12T08:45:40.036+0000] {processor.py:186} INFO - Started process (PID=2126) to work on /opt/airflow/dags/dags_bash_select_fruit.py
[2025-05-12T08:45:40.038+0000] {processor.py:914} INFO - Processing file /opt/airflow/dags/dags_bash_select_fruit.py for tasks to queue
[2025-05-12T08:45:40.040+0000] {logging_mixin.py:190} INFO - [2025-05-12T08:45:40.039+0000] {dagbag.py:588} INFO - Filling up the DagBag from /opt/airflow/dags/dags_bash_select_fruit.py
[2025-05-12T08:45:40.056+0000] {processor.py:925} INFO - DAG(s) 'dags_bash_select_fruit' retrieved from /opt/airflow/dags/dags_bash_select_fruit.py
[2025-05-12T08:45:40.087+0000] {logging_mixin.py:190} INFO - [2025-05-12T08:45:40.087+0000] {dag.py:3239} INFO - Sync 1 DAGs
[2025-05-12T08:45:40.125+0000] {logging_mixin.py:190} INFO - [2025-05-12T08:45:40.125+0000] {dag.py:4180} INFO - Setting next_dagrun for dags_bash_select_fruit to 2025-05-02 15:10:00+00:00, run_after=2025-06-06 15:10:00+00:00
[2025-05-12T08:45:40.152+0000] {processor.py:208} INFO - Processing /opt/airflow/dags/dags_bash_select_fruit.py took 0.125 seconds
[2025-05-12T08:46:10.351+0000] {processor.py:186} INFO - Started process (PID=2208) to work on /opt/airflow/dags/dags_bash_select_fruit.py
[2025-05-12T08:46:10.353+0000] {processor.py:914} INFO - Processing file /opt/airflow/dags/dags_bash_select_fruit.py for tasks to queue
[2025-05-12T08:46:10.355+0000] {logging_mixin.py:190} INFO - [2025-05-12T08:46:10.355+0000] {dagbag.py:588} INFO - Filling up the DagBag from /opt/airflow/dags/dags_bash_select_fruit.py
[2025-05-12T08:46:10.371+0000] {processor.py:925} INFO - DAG(s) 'dags_bash_select_fruit' retrieved from /opt/airflow/dags/dags_bash_select_fruit.py
[2025-05-12T08:46:10.403+0000] {logging_mixin.py:190} INFO - [2025-05-12T08:46:10.403+0000] {dag.py:3239} INFO - Sync 1 DAGs
[2025-05-12T08:46:10.443+0000] {logging_mixin.py:190} INFO - [2025-05-12T08:46:10.442+0000] {dag.py:4180} INFO - Setting next_dagrun for dags_bash_select_fruit to 2025-05-02 15:10:00+00:00, run_after=2025-06-06 15:10:00+00:00
[2025-05-12T08:46:10.480+0000] {processor.py:208} INFO - Processing /opt/airflow/dags/dags_bash_select_fruit.py took 0.137 seconds
[2025-05-12T08:46:40.711+0000] {processor.py:186} INFO - Started process (PID=2290) to work on /opt/airflow/dags/dags_bash_select_fruit.py
[2025-05-12T08:46:40.712+0000] {processor.py:914} INFO - Processing file /opt/airflow/dags/dags_bash_select_fruit.py for tasks to queue
[2025-05-12T08:46:40.714+0000] {logging_mixin.py:190} INFO - [2025-05-12T08:46:40.714+0000] {dagbag.py:588} INFO - Filling up the DagBag from /opt/airflow/dags/dags_bash_select_fruit.py
[2025-05-12T08:46:40.729+0000] {processor.py:925} INFO - DAG(s) 'dags_bash_select_fruit' retrieved from /opt/airflow/dags/dags_bash_select_fruit.py
[2025-05-12T08:46:40.754+0000] {logging_mixin.py:190} INFO - [2025-05-12T08:46:40.754+0000] {dag.py:3239} INFO - Sync 1 DAGs
[2025-05-12T08:46:40.794+0000] {logging_mixin.py:190} INFO - [2025-05-12T08:46:40.794+0000] {dag.py:4180} INFO - Setting next_dagrun for dags_bash_select_fruit to 2025-05-02 15:10:00+00:00, run_after=2025-06-06 15:10:00+00:00
[2025-05-12T08:46:40.825+0000] {processor.py:208} INFO - Processing /opt/airflow/dags/dags_bash_select_fruit.py took 0.122 seconds
[2025-05-12T08:47:11.680+0000] {processor.py:186} INFO - Started process (PID=2372) to work on /opt/airflow/dags/dags_bash_select_fruit.py
[2025-05-12T08:47:11.682+0000] {processor.py:914} INFO - Processing file /opt/airflow/dags/dags_bash_select_fruit.py for tasks to queue
[2025-05-12T08:47:11.683+0000] {logging_mixin.py:190} INFO - [2025-05-12T08:47:11.683+0000] {dagbag.py:588} INFO - Filling up the DagBag from /opt/airflow/dags/dags_bash_select_fruit.py
[2025-05-12T08:47:11.698+0000] {processor.py:925} INFO - DAG(s) 'dags_bash_select_fruit' retrieved from /opt/airflow/dags/dags_bash_select_fruit.py
[2025-05-12T08:47:11.723+0000] {logging_mixin.py:190} INFO - [2025-05-12T08:47:11.723+0000] {dag.py:3239} INFO - Sync 1 DAGs
[2025-05-12T08:47:11.756+0000] {logging_mixin.py:190} INFO - [2025-05-12T08:47:11.755+0000] {dag.py:4180} INFO - Setting next_dagrun for dags_bash_select_fruit to 2025-05-02 15:10:00+00:00, run_after=2025-06-06 15:10:00+00:00
[2025-05-12T08:47:11.783+0000] {processor.py:208} INFO - Processing /opt/airflow/dags/dags_bash_select_fruit.py took 0.115 seconds
[2025-05-12T08:47:41.924+0000] {processor.py:186} INFO - Started process (PID=2454) to work on /opt/airflow/dags/dags_bash_select_fruit.py
[2025-05-12T08:47:41.926+0000] {processor.py:914} INFO - Processing file /opt/airflow/dags/dags_bash_select_fruit.py for tasks to queue
[2025-05-12T08:47:41.928+0000] {logging_mixin.py:190} INFO - [2025-05-12T08:47:41.928+0000] {dagbag.py:588} INFO - Filling up the DagBag from /opt/airflow/dags/dags_bash_select_fruit.py
[2025-05-12T08:47:41.942+0000] {processor.py:925} INFO - DAG(s) 'dags_bash_select_fruit' retrieved from /opt/airflow/dags/dags_bash_select_fruit.py
[2025-05-12T08:47:41.974+0000] {logging_mixin.py:190} INFO - [2025-05-12T08:47:41.973+0000] {dag.py:3239} INFO - Sync 1 DAGs
[2025-05-12T08:47:42.020+0000] {logging_mixin.py:190} INFO - [2025-05-12T08:47:42.020+0000] {dag.py:4180} INFO - Setting next_dagrun for dags_bash_select_fruit to 2025-05-02 15:10:00+00:00, run_after=2025-06-06 15:10:00+00:00
[2025-05-12T08:47:42.048+0000] {processor.py:208} INFO - Processing /opt/airflow/dags/dags_bash_select_fruit.py took 0.132 seconds
[2025-05-12T08:48:12.431+0000] {processor.py:186} INFO - Started process (PID=2536) to work on /opt/airflow/dags/dags_bash_select_fruit.py
[2025-05-12T08:48:12.436+0000] {processor.py:914} INFO - Processing file /opt/airflow/dags/dags_bash_select_fruit.py for tasks to queue
[2025-05-12T08:48:12.442+0000] {logging_mixin.py:190} INFO - [2025-05-12T08:48:12.440+0000] {dagbag.py:588} INFO - Filling up the DagBag from /opt/airflow/dags/dags_bash_select_fruit.py
[2025-05-12T08:48:12.464+0000] {processor.py:925} INFO - DAG(s) 'dags_bash_select_fruit' retrieved from /opt/airflow/dags/dags_bash_select_fruit.py
[2025-05-12T08:48:12.489+0000] {logging_mixin.py:190} INFO - [2025-05-12T08:48:12.489+0000] {dag.py:3239} INFO - Sync 1 DAGs
[2025-05-12T08:48:12.529+0000] {logging_mixin.py:190} INFO - [2025-05-12T08:48:12.529+0000] {dag.py:4180} INFO - Setting next_dagrun for dags_bash_select_fruit to 2025-05-02 15:10:00+00:00, run_after=2025-06-06 15:10:00+00:00
[2025-05-12T08:48:12.556+0000] {processor.py:208} INFO - Processing /opt/airflow/dags/dags_bash_select_fruit.py took 0.146 seconds
[2025-05-12T08:48:43.018+0000] {processor.py:186} INFO - Started process (PID=2618) to work on /opt/airflow/dags/dags_bash_select_fruit.py
[2025-05-12T08:48:43.019+0000] {processor.py:914} INFO - Processing file /opt/airflow/dags/dags_bash_select_fruit.py for tasks to queue
[2025-05-12T08:48:43.020+0000] {logging_mixin.py:190} INFO - [2025-05-12T08:48:43.020+0000] {dagbag.py:588} INFO - Filling up the DagBag from /opt/airflow/dags/dags_bash_select_fruit.py
[2025-05-12T08:48:43.036+0000] {processor.py:925} INFO - DAG(s) 'dags_bash_select_fruit' retrieved from /opt/airflow/dags/dags_bash_select_fruit.py
[2025-05-12T08:48:43.069+0000] {logging_mixin.py:190} INFO - [2025-05-12T08:48:43.069+0000] {dag.py:3239} INFO - Sync 1 DAGs
[2025-05-12T08:48:43.102+0000] {logging_mixin.py:190} INFO - [2025-05-12T08:48:43.102+0000] {dag.py:4180} INFO - Setting next_dagrun for dags_bash_select_fruit to 2025-05-02 15:10:00+00:00, run_after=2025-06-06 15:10:00+00:00
[2025-05-12T08:48:43.133+0000] {processor.py:208} INFO - Processing /opt/airflow/dags/dags_bash_select_fruit.py took 0.123 seconds
[2025-05-12T08:49:13.710+0000] {processor.py:186} INFO - Started process (PID=2699) to work on /opt/airflow/dags/dags_bash_select_fruit.py
[2025-05-12T08:49:13.713+0000] {processor.py:914} INFO - Processing file /opt/airflow/dags/dags_bash_select_fruit.py for tasks to queue
[2025-05-12T08:49:13.714+0000] {logging_mixin.py:190} INFO - [2025-05-12T08:49:13.714+0000] {dagbag.py:588} INFO - Filling up the DagBag from /opt/airflow/dags/dags_bash_select_fruit.py
[2025-05-12T08:49:13.728+0000] {processor.py:925} INFO - DAG(s) 'dags_bash_select_fruit' retrieved from /opt/airflow/dags/dags_bash_select_fruit.py
[2025-05-12T08:49:13.757+0000] {logging_mixin.py:190} INFO - [2025-05-12T08:49:13.756+0000] {dag.py:3239} INFO - Sync 1 DAGs
[2025-05-12T08:49:13.791+0000] {logging_mixin.py:190} INFO - [2025-05-12T08:49:13.791+0000] {dag.py:4180} INFO - Setting next_dagrun for dags_bash_select_fruit to 2025-05-02 15:10:00+00:00, run_after=2025-06-06 15:10:00+00:00
[2025-05-12T08:49:13.818+0000] {processor.py:208} INFO - Processing /opt/airflow/dags/dags_bash_select_fruit.py took 0.119 seconds
[2025-05-12T08:49:43.911+0000] {processor.py:186} INFO - Started process (PID=2781) to work on /opt/airflow/dags/dags_bash_select_fruit.py
[2025-05-12T08:49:43.912+0000] {processor.py:914} INFO - Processing file /opt/airflow/dags/dags_bash_select_fruit.py for tasks to queue
[2025-05-12T08:49:43.915+0000] {logging_mixin.py:190} INFO - [2025-05-12T08:49:43.914+0000] {dagbag.py:588} INFO - Filling up the DagBag from /opt/airflow/dags/dags_bash_select_fruit.py
[2025-05-12T08:49:43.928+0000] {processor.py:925} INFO - DAG(s) 'dags_bash_select_fruit' retrieved from /opt/airflow/dags/dags_bash_select_fruit.py
[2025-05-12T08:49:43.956+0000] {logging_mixin.py:190} INFO - [2025-05-12T08:49:43.956+0000] {dag.py:3239} INFO - Sync 1 DAGs
[2025-05-12T08:49:43.987+0000] {logging_mixin.py:190} INFO - [2025-05-12T08:49:43.987+0000] {dag.py:4180} INFO - Setting next_dagrun for dags_bash_select_fruit to 2025-05-02 15:10:00+00:00, run_after=2025-06-06 15:10:00+00:00
[2025-05-12T08:49:44.013+0000] {processor.py:208} INFO - Processing /opt/airflow/dags/dags_bash_select_fruit.py took 0.116 seconds
[2025-05-12T08:50:14.124+0000] {processor.py:186} INFO - Started process (PID=2863) to work on /opt/airflow/dags/dags_bash_select_fruit.py
[2025-05-12T08:50:14.125+0000] {processor.py:914} INFO - Processing file /opt/airflow/dags/dags_bash_select_fruit.py for tasks to queue
[2025-05-12T08:50:14.127+0000] {logging_mixin.py:190} INFO - [2025-05-12T08:50:14.126+0000] {dagbag.py:588} INFO - Filling up the DagBag from /opt/airflow/dags/dags_bash_select_fruit.py
[2025-05-12T08:50:14.139+0000] {processor.py:925} INFO - DAG(s) 'dags_bash_select_fruit' retrieved from /opt/airflow/dags/dags_bash_select_fruit.py
[2025-05-12T08:50:14.168+0000] {logging_mixin.py:190} INFO - [2025-05-12T08:50:14.167+0000] {dag.py:3239} INFO - Sync 1 DAGs
[2025-05-12T08:50:14.200+0000] {logging_mixin.py:190} INFO - [2025-05-12T08:50:14.200+0000] {dag.py:4180} INFO - Setting next_dagrun for dags_bash_select_fruit to 2025-05-02 15:10:00+00:00, run_after=2025-06-06 15:10:00+00:00
[2025-05-12T08:50:14.222+0000] {processor.py:208} INFO - Processing /opt/airflow/dags/dags_bash_select_fruit.py took 0.106 seconds
[2025-05-12T08:50:44.753+0000] {processor.py:186} INFO - Started process (PID=2945) to work on /opt/airflow/dags/dags_bash_select_fruit.py
[2025-05-12T08:50:44.754+0000] {processor.py:914} INFO - Processing file /opt/airflow/dags/dags_bash_select_fruit.py for tasks to queue
[2025-05-12T08:50:44.756+0000] {logging_mixin.py:190} INFO - [2025-05-12T08:50:44.755+0000] {dagbag.py:588} INFO - Filling up the DagBag from /opt/airflow/dags/dags_bash_select_fruit.py
[2025-05-12T08:50:44.768+0000] {processor.py:925} INFO - DAG(s) 'dags_bash_select_fruit' retrieved from /opt/airflow/dags/dags_bash_select_fruit.py
[2025-05-12T08:50:44.795+0000] {logging_mixin.py:190} INFO - [2025-05-12T08:50:44.795+0000] {dag.py:3239} INFO - Sync 1 DAGs
[2025-05-12T08:50:44.828+0000] {logging_mixin.py:190} INFO - [2025-05-12T08:50:44.828+0000] {dag.py:4180} INFO - Setting next_dagrun for dags_bash_select_fruit to 2025-05-02 15:10:00+00:00, run_after=2025-06-06 15:10:00+00:00
[2025-05-12T08:50:44.866+0000] {processor.py:208} INFO - Processing /opt/airflow/dags/dags_bash_select_fruit.py took 0.121 seconds
[2025-05-12T08:51:16.227+0000] {processor.py:186} INFO - Started process (PID=3027) to work on /opt/airflow/dags/dags_bash_select_fruit.py
[2025-05-12T08:51:16.229+0000] {processor.py:914} INFO - Processing file /opt/airflow/dags/dags_bash_select_fruit.py for tasks to queue
[2025-05-12T08:51:16.230+0000] {logging_mixin.py:190} INFO - [2025-05-12T08:51:16.230+0000] {dagbag.py:588} INFO - Filling up the DagBag from /opt/airflow/dags/dags_bash_select_fruit.py
[2025-05-12T08:51:16.243+0000] {processor.py:925} INFO - DAG(s) 'dags_bash_select_fruit' retrieved from /opt/airflow/dags/dags_bash_select_fruit.py
[2025-05-12T08:51:16.269+0000] {logging_mixin.py:190} INFO - [2025-05-12T08:51:16.269+0000] {dag.py:3239} INFO - Sync 1 DAGs
[2025-05-12T08:51:16.302+0000] {logging_mixin.py:190} INFO - [2025-05-12T08:51:16.301+0000] {dag.py:4180} INFO - Setting next_dagrun for dags_bash_select_fruit to 2025-05-02 15:10:00+00:00, run_after=2025-06-06 15:10:00+00:00
[2025-05-12T08:51:16.330+0000] {processor.py:208} INFO - Processing /opt/airflow/dags/dags_bash_select_fruit.py took 0.111 seconds
[2025-05-12T08:51:46.541+0000] {processor.py:186} INFO - Started process (PID=3108) to work on /opt/airflow/dags/dags_bash_select_fruit.py
[2025-05-12T08:51:46.556+0000] {processor.py:914} INFO - Processing file /opt/airflow/dags/dags_bash_select_fruit.py for tasks to queue
[2025-05-12T08:51:46.557+0000] {logging_mixin.py:190} INFO - [2025-05-12T08:51:46.557+0000] {dagbag.py:588} INFO - Filling up the DagBag from /opt/airflow/dags/dags_bash_select_fruit.py
[2025-05-12T08:51:46.570+0000] {processor.py:925} INFO - DAG(s) 'dags_bash_select_fruit' retrieved from /opt/airflow/dags/dags_bash_select_fruit.py
[2025-05-12T08:51:46.598+0000] {logging_mixin.py:190} INFO - [2025-05-12T08:51:46.597+0000] {dag.py:3239} INFO - Sync 1 DAGs
[2025-05-12T08:51:46.630+0000] {logging_mixin.py:190} INFO - [2025-05-12T08:51:46.629+0000] {dag.py:4180} INFO - Setting next_dagrun for dags_bash_select_fruit to 2025-05-02 15:10:00+00:00, run_after=2025-06-06 15:10:00+00:00
[2025-05-12T08:51:46.660+0000] {processor.py:208} INFO - Processing /opt/airflow/dags/dags_bash_select_fruit.py took 0.127 seconds
[2025-05-12T08:52:17.371+0000] {processor.py:186} INFO - Started process (PID=3189) to work on /opt/airflow/dags/dags_bash_select_fruit.py
[2025-05-12T08:52:17.381+0000] {processor.py:914} INFO - Processing file /opt/airflow/dags/dags_bash_select_fruit.py for tasks to queue
[2025-05-12T08:52:17.382+0000] {logging_mixin.py:190} INFO - [2025-05-12T08:52:17.382+0000] {dagbag.py:588} INFO - Filling up the DagBag from /opt/airflow/dags/dags_bash_select_fruit.py
[2025-05-12T08:52:17.394+0000] {processor.py:925} INFO - DAG(s) 'dags_bash_select_fruit' retrieved from /opt/airflow/dags/dags_bash_select_fruit.py
[2025-05-12T08:52:17.421+0000] {logging_mixin.py:190} INFO - [2025-05-12T08:52:17.421+0000] {dag.py:3239} INFO - Sync 1 DAGs
[2025-05-12T08:52:17.453+0000] {logging_mixin.py:190} INFO - [2025-05-12T08:52:17.453+0000] {dag.py:4180} INFO - Setting next_dagrun for dags_bash_select_fruit to 2025-05-02 15:10:00+00:00, run_after=2025-06-06 15:10:00+00:00
[2025-05-12T08:52:17.485+0000] {processor.py:208} INFO - Processing /opt/airflow/dags/dags_bash_select_fruit.py took 0.122 seconds
[2025-05-12T08:52:47.600+0000] {processor.py:186} INFO - Started process (PID=3271) to work on /opt/airflow/dags/dags_bash_select_fruit.py
[2025-05-12T08:52:47.603+0000] {processor.py:914} INFO - Processing file /opt/airflow/dags/dags_bash_select_fruit.py for tasks to queue
[2025-05-12T08:52:47.605+0000] {logging_mixin.py:190} INFO - [2025-05-12T08:52:47.604+0000] {dagbag.py:588} INFO - Filling up the DagBag from /opt/airflow/dags/dags_bash_select_fruit.py
[2025-05-12T08:52:47.621+0000] {processor.py:925} INFO - DAG(s) 'dags_bash_select_fruit' retrieved from /opt/airflow/dags/dags_bash_select_fruit.py
[2025-05-12T08:52:47.650+0000] {logging_mixin.py:190} INFO - [2025-05-12T08:52:47.649+0000] {dag.py:3239} INFO - Sync 1 DAGs
[2025-05-12T08:52:47.685+0000] {logging_mixin.py:190} INFO - [2025-05-12T08:52:47.685+0000] {dag.py:4180} INFO - Setting next_dagrun for dags_bash_select_fruit to 2025-05-02 15:10:00+00:00, run_after=2025-06-06 15:10:00+00:00
[2025-05-12T08:52:47.715+0000] {processor.py:208} INFO - Processing /opt/airflow/dags/dags_bash_select_fruit.py took 0.122 seconds
[2025-05-12T08:53:17.745+0000] {processor.py:186} INFO - Started process (PID=3353) to work on /opt/airflow/dags/dags_bash_select_fruit.py
[2025-05-12T08:53:17.747+0000] {processor.py:914} INFO - Processing file /opt/airflow/dags/dags_bash_select_fruit.py for tasks to queue
[2025-05-12T08:53:17.748+0000] {logging_mixin.py:190} INFO - [2025-05-12T08:53:17.748+0000] {dagbag.py:588} INFO - Filling up the DagBag from /opt/airflow/dags/dags_bash_select_fruit.py
[2025-05-12T08:53:17.759+0000] {processor.py:925} INFO - DAG(s) 'dags_bash_select_fruit' retrieved from /opt/airflow/dags/dags_bash_select_fruit.py
[2025-05-12T08:53:17.782+0000] {logging_mixin.py:190} INFO - [2025-05-12T08:53:17.781+0000] {dag.py:3239} INFO - Sync 1 DAGs
[2025-05-12T08:53:17.808+0000] {logging_mixin.py:190} INFO - [2025-05-12T08:53:17.808+0000] {dag.py:4180} INFO - Setting next_dagrun for dags_bash_select_fruit to 2025-05-02 15:10:00+00:00, run_after=2025-06-06 15:10:00+00:00
[2025-05-12T08:53:17.830+0000] {processor.py:208} INFO - Processing /opt/airflow/dags/dags_bash_select_fruit.py took 0.091 seconds
[2025-05-12T08:53:47.967+0000] {processor.py:186} INFO - Started process (PID=3435) to work on /opt/airflow/dags/dags_bash_select_fruit.py
[2025-05-12T08:53:47.972+0000] {processor.py:914} INFO - Processing file /opt/airflow/dags/dags_bash_select_fruit.py for tasks to queue
[2025-05-12T08:53:47.974+0000] {logging_mixin.py:190} INFO - [2025-05-12T08:53:47.974+0000] {dagbag.py:588} INFO - Filling up the DagBag from /opt/airflow/dags/dags_bash_select_fruit.py
[2025-05-12T08:53:47.988+0000] {processor.py:925} INFO - DAG(s) 'dags_bash_select_fruit' retrieved from /opt/airflow/dags/dags_bash_select_fruit.py
[2025-05-12T08:53:48.008+0000] {logging_mixin.py:190} INFO - [2025-05-12T08:53:48.008+0000] {dag.py:3239} INFO - Sync 1 DAGs
[2025-05-12T08:53:48.035+0000] {logging_mixin.py:190} INFO - [2025-05-12T08:53:48.035+0000] {dag.py:4180} INFO - Setting next_dagrun for dags_bash_select_fruit to 2025-05-02 15:10:00+00:00, run_after=2025-06-06 15:10:00+00:00
[2025-05-12T08:53:48.059+0000] {processor.py:208} INFO - Processing /opt/airflow/dags/dags_bash_select_fruit.py took 0.098 seconds
[2025-05-12T08:54:18.373+0000] {processor.py:186} INFO - Started process (PID=3517) to work on /opt/airflow/dags/dags_bash_select_fruit.py
[2025-05-12T08:54:18.394+0000] {processor.py:914} INFO - Processing file /opt/airflow/dags/dags_bash_select_fruit.py for tasks to queue
[2025-05-12T08:54:18.397+0000] {logging_mixin.py:190} INFO - [2025-05-12T08:54:18.396+0000] {dagbag.py:588} INFO - Filling up the DagBag from /opt/airflow/dags/dags_bash_select_fruit.py
[2025-05-12T08:54:18.412+0000] {processor.py:925} INFO - DAG(s) 'dags_bash_select_fruit' retrieved from /opt/airflow/dags/dags_bash_select_fruit.py
[2025-05-12T08:54:18.455+0000] {logging_mixin.py:190} INFO - [2025-05-12T08:54:18.455+0000] {dag.py:3239} INFO - Sync 1 DAGs
[2025-05-12T08:54:18.516+0000] {logging_mixin.py:190} INFO - [2025-05-12T08:54:18.515+0000] {dag.py:4180} INFO - Setting next_dagrun for dags_bash_select_fruit to 2025-05-02 15:10:00+00:00, run_after=2025-06-06 15:10:00+00:00
[2025-05-12T08:54:18.554+0000] {processor.py:208} INFO - Processing /opt/airflow/dags/dags_bash_select_fruit.py took 0.189 seconds
[2025-05-12T08:54:49.207+0000] {processor.py:186} INFO - Started process (PID=3599) to work on /opt/airflow/dags/dags_bash_select_fruit.py
[2025-05-12T08:54:49.208+0000] {processor.py:914} INFO - Processing file /opt/airflow/dags/dags_bash_select_fruit.py for tasks to queue
[2025-05-12T08:54:49.210+0000] {logging_mixin.py:190} INFO - [2025-05-12T08:54:49.210+0000] {dagbag.py:588} INFO - Filling up the DagBag from /opt/airflow/dags/dags_bash_select_fruit.py
[2025-05-12T08:54:49.225+0000] {processor.py:925} INFO - DAG(s) 'dags_bash_select_fruit' retrieved from /opt/airflow/dags/dags_bash_select_fruit.py
[2025-05-12T08:54:49.253+0000] {logging_mixin.py:190} INFO - [2025-05-12T08:54:49.252+0000] {dag.py:3239} INFO - Sync 1 DAGs
[2025-05-12T08:54:49.287+0000] {logging_mixin.py:190} INFO - [2025-05-12T08:54:49.287+0000] {dag.py:4180} INFO - Setting next_dagrun for dags_bash_select_fruit to 2025-05-02 15:10:00+00:00, run_after=2025-06-06 15:10:00+00:00
[2025-05-12T08:54:49.317+0000] {processor.py:208} INFO - Processing /opt/airflow/dags/dags_bash_select_fruit.py took 0.117 seconds
[2025-05-12T08:55:19.567+0000] {processor.py:186} INFO - Started process (PID=3681) to work on /opt/airflow/dags/dags_bash_select_fruit.py
[2025-05-12T08:55:19.569+0000] {processor.py:914} INFO - Processing file /opt/airflow/dags/dags_bash_select_fruit.py for tasks to queue
[2025-05-12T08:55:19.571+0000] {logging_mixin.py:190} INFO - [2025-05-12T08:55:19.571+0000] {dagbag.py:588} INFO - Filling up the DagBag from /opt/airflow/dags/dags_bash_select_fruit.py
[2025-05-12T08:55:19.585+0000] {processor.py:925} INFO - DAG(s) 'dags_bash_select_fruit' retrieved from /opt/airflow/dags/dags_bash_select_fruit.py
[2025-05-12T08:55:19.609+0000] {logging_mixin.py:190} INFO - [2025-05-12T08:55:19.609+0000] {dag.py:3239} INFO - Sync 1 DAGs
[2025-05-12T08:55:19.639+0000] {logging_mixin.py:190} INFO - [2025-05-12T08:55:19.639+0000] {dag.py:4180} INFO - Setting next_dagrun for dags_bash_select_fruit to 2025-05-02 15:10:00+00:00, run_after=2025-06-06 15:10:00+00:00
[2025-05-12T08:55:19.666+0000] {processor.py:208} INFO - Processing /opt/airflow/dags/dags_bash_select_fruit.py took 0.108 seconds
[2025-05-12T08:55:49.986+0000] {processor.py:186} INFO - Started process (PID=3764) to work on /opt/airflow/dags/dags_bash_select_fruit.py
[2025-05-12T08:55:49.988+0000] {processor.py:914} INFO - Processing file /opt/airflow/dags/dags_bash_select_fruit.py for tasks to queue
[2025-05-12T08:55:49.989+0000] {logging_mixin.py:190} INFO - [2025-05-12T08:55:49.989+0000] {dagbag.py:588} INFO - Filling up the DagBag from /opt/airflow/dags/dags_bash_select_fruit.py
[2025-05-12T08:55:50.004+0000] {processor.py:925} INFO - DAG(s) 'dags_bash_select_fruit' retrieved from /opt/airflow/dags/dags_bash_select_fruit.py
[2025-05-12T08:55:50.032+0000] {logging_mixin.py:190} INFO - [2025-05-12T08:55:50.031+0000] {dag.py:3239} INFO - Sync 1 DAGs
[2025-05-12T08:55:50.066+0000] {logging_mixin.py:190} INFO - [2025-05-12T08:55:50.066+0000] {dag.py:4180} INFO - Setting next_dagrun for dags_bash_select_fruit to 2025-05-02 15:10:00+00:00, run_after=2025-06-06 15:10:00+00:00
[2025-05-12T08:55:50.092+0000] {processor.py:208} INFO - Processing /opt/airflow/dags/dags_bash_select_fruit.py took 0.114 seconds
[2025-05-12T08:56:20.522+0000] {processor.py:186} INFO - Started process (PID=3846) to work on /opt/airflow/dags/dags_bash_select_fruit.py
[2025-05-12T08:56:20.535+0000] {processor.py:914} INFO - Processing file /opt/airflow/dags/dags_bash_select_fruit.py for tasks to queue
[2025-05-12T08:56:20.537+0000] {logging_mixin.py:190} INFO - [2025-05-12T08:56:20.536+0000] {dagbag.py:588} INFO - Filling up the DagBag from /opt/airflow/dags/dags_bash_select_fruit.py
[2025-05-12T08:56:20.549+0000] {processor.py:925} INFO - DAG(s) 'dags_bash_select_fruit' retrieved from /opt/airflow/dags/dags_bash_select_fruit.py
[2025-05-12T08:56:20.574+0000] {logging_mixin.py:190} INFO - [2025-05-12T08:56:20.574+0000] {dag.py:3239} INFO - Sync 1 DAGs
[2025-05-12T08:56:20.611+0000] {logging_mixin.py:190} INFO - [2025-05-12T08:56:20.611+0000] {dag.py:4180} INFO - Setting next_dagrun for dags_bash_select_fruit to 2025-05-02 15:10:00+00:00, run_after=2025-06-06 15:10:00+00:00
[2025-05-12T08:56:20.639+0000] {processor.py:208} INFO - Processing /opt/airflow/dags/dags_bash_select_fruit.py took 0.124 seconds
[2025-05-12T08:56:50.952+0000] {processor.py:186} INFO - Started process (PID=3929) to work on /opt/airflow/dags/dags_bash_select_fruit.py
[2025-05-12T08:56:50.954+0000] {processor.py:914} INFO - Processing file /opt/airflow/dags/dags_bash_select_fruit.py for tasks to queue
[2025-05-12T08:56:50.956+0000] {logging_mixin.py:190} INFO - [2025-05-12T08:56:50.955+0000] {dagbag.py:588} INFO - Filling up the DagBag from /opt/airflow/dags/dags_bash_select_fruit.py
[2025-05-12T08:56:50.968+0000] {processor.py:925} INFO - DAG(s) 'dags_bash_select_fruit' retrieved from /opt/airflow/dags/dags_bash_select_fruit.py
[2025-05-12T08:56:50.993+0000] {logging_mixin.py:190} INFO - [2025-05-12T08:56:50.993+0000] {dag.py:3239} INFO - Sync 1 DAGs
[2025-05-12T08:56:51.035+0000] {logging_mixin.py:190} INFO - [2025-05-12T08:56:51.035+0000] {dag.py:4180} INFO - Setting next_dagrun for dags_bash_select_fruit to 2025-05-02 15:10:00+00:00, run_after=2025-06-06 15:10:00+00:00
[2025-05-12T08:56:51.063+0000] {processor.py:208} INFO - Processing /opt/airflow/dags/dags_bash_select_fruit.py took 0.118 seconds
[2025-05-12T08:57:21.653+0000] {processor.py:186} INFO - Started process (PID=4011) to work on /opt/airflow/dags/dags_bash_select_fruit.py
[2025-05-12T08:57:21.657+0000] {processor.py:914} INFO - Processing file /opt/airflow/dags/dags_bash_select_fruit.py for tasks to queue
[2025-05-12T08:57:21.659+0000] {logging_mixin.py:190} INFO - [2025-05-12T08:57:21.659+0000] {dagbag.py:588} INFO - Filling up the DagBag from /opt/airflow/dags/dags_bash_select_fruit.py
[2025-05-12T08:57:21.673+0000] {processor.py:925} INFO - DAG(s) 'dags_bash_select_fruit' retrieved from /opt/airflow/dags/dags_bash_select_fruit.py
[2025-05-12T08:57:21.706+0000] {logging_mixin.py:190} INFO - [2025-05-12T08:57:21.705+0000] {dag.py:3239} INFO - Sync 1 DAGs
[2025-05-12T08:57:21.745+0000] {logging_mixin.py:190} INFO - [2025-05-12T08:57:21.744+0000] {dag.py:4180} INFO - Setting next_dagrun for dags_bash_select_fruit to 2025-05-02 15:10:00+00:00, run_after=2025-06-06 15:10:00+00:00
[2025-05-12T08:57:21.778+0000] {processor.py:208} INFO - Processing /opt/airflow/dags/dags_bash_select_fruit.py took 0.156 seconds
[2025-05-12T08:57:52.080+0000] {processor.py:186} INFO - Started process (PID=4093) to work on /opt/airflow/dags/dags_bash_select_fruit.py
[2025-05-12T08:57:52.082+0000] {processor.py:914} INFO - Processing file /opt/airflow/dags/dags_bash_select_fruit.py for tasks to queue
[2025-05-12T08:57:52.084+0000] {logging_mixin.py:190} INFO - [2025-05-12T08:57:52.083+0000] {dagbag.py:588} INFO - Filling up the DagBag from /opt/airflow/dags/dags_bash_select_fruit.py
[2025-05-12T08:57:52.098+0000] {processor.py:925} INFO - DAG(s) 'dags_bash_select_fruit' retrieved from /opt/airflow/dags/dags_bash_select_fruit.py
[2025-05-12T08:57:52.128+0000] {logging_mixin.py:190} INFO - [2025-05-12T08:57:52.128+0000] {dag.py:3239} INFO - Sync 1 DAGs
[2025-05-12T08:57:52.171+0000] {logging_mixin.py:190} INFO - [2025-05-12T08:57:52.171+0000] {dag.py:4180} INFO - Setting next_dagrun for dags_bash_select_fruit to 2025-05-02 15:10:00+00:00, run_after=2025-06-06 15:10:00+00:00
[2025-05-12T08:57:52.218+0000] {processor.py:208} INFO - Processing /opt/airflow/dags/dags_bash_select_fruit.py took 0.147 seconds
[2025-05-12T08:58:22.890+0000] {processor.py:186} INFO - Started process (PID=4175) to work on /opt/airflow/dags/dags_bash_select_fruit.py
[2025-05-12T08:58:22.918+0000] {processor.py:914} INFO - Processing file /opt/airflow/dags/dags_bash_select_fruit.py for tasks to queue
[2025-05-12T08:58:22.920+0000] {logging_mixin.py:190} INFO - [2025-05-12T08:58:22.920+0000] {dagbag.py:588} INFO - Filling up the DagBag from /opt/airflow/dags/dags_bash_select_fruit.py
[2025-05-12T08:58:22.931+0000] {processor.py:925} INFO - DAG(s) 'dags_bash_select_fruit' retrieved from /opt/airflow/dags/dags_bash_select_fruit.py
[2025-05-12T08:58:22.957+0000] {logging_mixin.py:190} INFO - [2025-05-12T08:58:22.956+0000] {dag.py:3239} INFO - Sync 1 DAGs
[2025-05-12T08:58:22.989+0000] {logging_mixin.py:190} INFO - [2025-05-12T08:58:22.988+0000] {dag.py:4180} INFO - Setting next_dagrun for dags_bash_select_fruit to 2025-05-02 15:10:00+00:00, run_after=2025-06-06 15:10:00+00:00
[2025-05-12T08:58:23.015+0000] {processor.py:208} INFO - Processing /opt/airflow/dags/dags_bash_select_fruit.py took 0.136 seconds
[2025-05-12T08:58:53.877+0000] {processor.py:186} INFO - Started process (PID=4254) to work on /opt/airflow/dags/dags_bash_select_fruit.py
[2025-05-12T08:58:53.878+0000] {processor.py:914} INFO - Processing file /opt/airflow/dags/dags_bash_select_fruit.py for tasks to queue
[2025-05-12T08:58:53.880+0000] {logging_mixin.py:190} INFO - [2025-05-12T08:58:53.879+0000] {dagbag.py:588} INFO - Filling up the DagBag from /opt/airflow/dags/dags_bash_select_fruit.py
[2025-05-12T08:58:53.892+0000] {processor.py:925} INFO - DAG(s) 'dags_bash_select_fruit' retrieved from /opt/airflow/dags/dags_bash_select_fruit.py
[2025-05-12T08:58:53.913+0000] {logging_mixin.py:190} INFO - [2025-05-12T08:58:53.913+0000] {dag.py:3239} INFO - Sync 1 DAGs
[2025-05-12T08:58:53.944+0000] {logging_mixin.py:190} INFO - [2025-05-12T08:58:53.944+0000] {dag.py:4180} INFO - Setting next_dagrun for dags_bash_select_fruit to 2025-05-02 15:10:00+00:00, run_after=2025-06-06 15:10:00+00:00
[2025-05-12T08:58:53.967+0000] {processor.py:208} INFO - Processing /opt/airflow/dags/dags_bash_select_fruit.py took 0.097 seconds
[2025-05-12T08:59:24.680+0000] {processor.py:186} INFO - Started process (PID=4342) to work on /opt/airflow/dags/dags_bash_select_fruit.py
[2025-05-12T08:59:24.682+0000] {processor.py:914} INFO - Processing file /opt/airflow/dags/dags_bash_select_fruit.py for tasks to queue
[2025-05-12T08:59:24.683+0000] {logging_mixin.py:190} INFO - [2025-05-12T08:59:24.683+0000] {dagbag.py:588} INFO - Filling up the DagBag from /opt/airflow/dags/dags_bash_select_fruit.py
[2025-05-12T08:59:24.696+0000] {processor.py:925} INFO - DAG(s) 'dags_bash_select_fruit' retrieved from /opt/airflow/dags/dags_bash_select_fruit.py
[2025-05-12T08:59:24.719+0000] {logging_mixin.py:190} INFO - [2025-05-12T08:59:24.719+0000] {dag.py:3239} INFO - Sync 1 DAGs
[2025-05-12T08:59:24.756+0000] {logging_mixin.py:190} INFO - [2025-05-12T08:59:24.756+0000] {dag.py:4180} INFO - Setting next_dagrun for dags_bash_select_fruit to 2025-05-02 15:10:00+00:00, run_after=2025-06-06 15:10:00+00:00
[2025-05-12T08:59:24.780+0000] {processor.py:208} INFO - Processing /opt/airflow/dags/dags_bash_select_fruit.py took 0.106 seconds
[2025-05-12T08:59:55.245+0000] {processor.py:186} INFO - Started process (PID=4424) to work on /opt/airflow/dags/dags_bash_select_fruit.py
[2025-05-12T08:59:55.246+0000] {processor.py:914} INFO - Processing file /opt/airflow/dags/dags_bash_select_fruit.py for tasks to queue
[2025-05-12T08:59:55.248+0000] {logging_mixin.py:190} INFO - [2025-05-12T08:59:55.248+0000] {dagbag.py:588} INFO - Filling up the DagBag from /opt/airflow/dags/dags_bash_select_fruit.py
[2025-05-12T08:59:55.261+0000] {processor.py:925} INFO - DAG(s) 'dags_bash_select_fruit' retrieved from /opt/airflow/dags/dags_bash_select_fruit.py
[2025-05-12T08:59:55.284+0000] {logging_mixin.py:190} INFO - [2025-05-12T08:59:55.284+0000] {dag.py:3239} INFO - Sync 1 DAGs
[2025-05-12T08:59:55.314+0000] {logging_mixin.py:190} INFO - [2025-05-12T08:59:55.314+0000] {dag.py:4180} INFO - Setting next_dagrun for dags_bash_select_fruit to 2025-05-02 15:10:00+00:00, run_after=2025-06-06 15:10:00+00:00
[2025-05-12T08:59:55.337+0000] {processor.py:208} INFO - Processing /opt/airflow/dags/dags_bash_select_fruit.py took 0.100 seconds
[2025-05-12T09:00:26.129+0000] {processor.py:186} INFO - Started process (PID=4506) to work on /opt/airflow/dags/dags_bash_select_fruit.py
[2025-05-12T09:00:26.130+0000] {processor.py:914} INFO - Processing file /opt/airflow/dags/dags_bash_select_fruit.py for tasks to queue
[2025-05-12T09:00:26.132+0000] {logging_mixin.py:190} INFO - [2025-05-12T09:00:26.131+0000] {dagbag.py:588} INFO - Filling up the DagBag from /opt/airflow/dags/dags_bash_select_fruit.py
[2025-05-12T09:00:26.144+0000] {processor.py:925} INFO - DAG(s) 'dags_bash_select_fruit' retrieved from /opt/airflow/dags/dags_bash_select_fruit.py
[2025-05-12T09:00:26.169+0000] {logging_mixin.py:190} INFO - [2025-05-12T09:00:26.168+0000] {dag.py:3239} INFO - Sync 1 DAGs
[2025-05-12T09:00:26.209+0000] {logging_mixin.py:190} INFO - [2025-05-12T09:00:26.209+0000] {dag.py:4180} INFO - Setting next_dagrun for dags_bash_select_fruit to 2025-05-02 15:10:00+00:00, run_after=2025-06-06 15:10:00+00:00
[2025-05-12T09:00:26.231+0000] {processor.py:208} INFO - Processing /opt/airflow/dags/dags_bash_select_fruit.py took 0.111 seconds
[2025-05-12T09:00:56.537+0000] {processor.py:186} INFO - Started process (PID=4588) to work on /opt/airflow/dags/dags_bash_select_fruit.py
[2025-05-12T09:00:56.538+0000] {processor.py:914} INFO - Processing file /opt/airflow/dags/dags_bash_select_fruit.py for tasks to queue
[2025-05-12T09:00:56.540+0000] {logging_mixin.py:190} INFO - [2025-05-12T09:00:56.540+0000] {dagbag.py:588} INFO - Filling up the DagBag from /opt/airflow/dags/dags_bash_select_fruit.py
[2025-05-12T09:00:56.554+0000] {processor.py:925} INFO - DAG(s) 'dags_bash_select_fruit' retrieved from /opt/airflow/dags/dags_bash_select_fruit.py
[2025-05-12T09:00:56.583+0000] {logging_mixin.py:190} INFO - [2025-05-12T09:00:56.583+0000] {dag.py:3239} INFO - Sync 1 DAGs
[2025-05-12T09:00:56.617+0000] {logging_mixin.py:190} INFO - [2025-05-12T09:00:56.617+0000] {dag.py:4180} INFO - Setting next_dagrun for dags_bash_select_fruit to 2025-05-02 15:10:00+00:00, run_after=2025-06-06 15:10:00+00:00
[2025-05-12T09:00:56.644+0000] {processor.py:208} INFO - Processing /opt/airflow/dags/dags_bash_select_fruit.py took 0.115 seconds
