[2025-05-12T08:32:32.468+0000] {processor.py:186} INFO - Started process (PID=92) to work on /opt/airflow/dags/dags_python_template.py
[2025-05-12T08:32:32.469+0000] {processor.py:914} INFO - Processing file /opt/airflow/dags/dags_python_template.py for tasks to queue
[2025-05-12T08:32:32.473+0000] {logging_mixin.py:190} INFO - [2025-05-12T08:32:32.472+0000] {dagbag.py:588} INFO - Filling up the DagBag from /opt/airflow/dags/dags_python_template.py
[2025-05-12T08:32:32.489+0000] {processor.py:925} INFO - DAG(s) 'dags_python_template' retrieved from /opt/airflow/dags/dags_python_template.py
[2025-05-12T08:32:32.583+0000] {logging_mixin.py:190} INFO - [2025-05-12T08:32:32.583+0000] {dag.py:3239} INFO - Sync 1 DAGs
[2025-05-12T08:32:32.620+0000] {logging_mixin.py:190} INFO - [2025-05-12T08:32:32.620+0000] {dag.py:4180} INFO - Setting next_dagrun for dags_python_template to 2025-05-12 00:30:00+00:00, run_after=2025-05-13 00:30:00+00:00
[2025-05-12T08:32:32.654+0000] {processor.py:208} INFO - Processing /opt/airflow/dags/dags_python_template.py took 0.193 seconds
[2025-05-12T08:33:48.193+0000] {processor.py:186} INFO - Started process (PID=228) to work on /opt/airflow/dags/dags_python_template.py
[2025-05-12T08:33:48.221+0000] {processor.py:914} INFO - Processing file /opt/airflow/dags/dags_python_template.py for tasks to queue
[2025-05-12T08:33:48.231+0000] {logging_mixin.py:190} INFO - [2025-05-12T08:33:48.230+0000] {dagbag.py:588} INFO - Filling up the DagBag from /opt/airflow/dags/dags_python_template.py
[2025-05-12T08:33:48.271+0000] {processor.py:925} INFO - DAG(s) 'dags_python_template' retrieved from /opt/airflow/dags/dags_python_template.py
[2025-05-12T08:33:48.335+0000] {logging_mixin.py:190} INFO - [2025-05-12T08:33:48.334+0000] {dag.py:3239} INFO - Sync 1 DAGs
[2025-05-12T08:33:48.417+0000] {logging_mixin.py:190} INFO - [2025-05-12T08:33:48.416+0000] {dag.py:4180} INFO - Setting next_dagrun for dags_python_template to 2025-05-12 00:30:00+00:00, run_after=2025-05-13 00:30:00+00:00
[2025-05-12T08:33:48.477+0000] {processor.py:208} INFO - Processing /opt/airflow/dags/dags_python_template.py took 0.306 seconds
[2025-05-12T08:34:19.467+0000] {processor.py:186} INFO - Started process (PID=327) to work on /opt/airflow/dags/dags_python_template.py
[2025-05-12T08:34:19.470+0000] {processor.py:914} INFO - Processing file /opt/airflow/dags/dags_python_template.py for tasks to queue
[2025-05-12T08:34:19.474+0000] {logging_mixin.py:190} INFO - [2025-05-12T08:34:19.473+0000] {dagbag.py:588} INFO - Filling up the DagBag from /opt/airflow/dags/dags_python_template.py
[2025-05-12T08:34:19.504+0000] {processor.py:925} INFO - DAG(s) 'dags_python_template' retrieved from /opt/airflow/dags/dags_python_template.py
[2025-05-12T08:34:19.559+0000] {logging_mixin.py:190} INFO - [2025-05-12T08:34:19.558+0000] {dag.py:3239} INFO - Sync 1 DAGs
[2025-05-12T08:34:19.624+0000] {logging_mixin.py:190} INFO - [2025-05-12T08:34:19.623+0000] {dag.py:4180} INFO - Setting next_dagrun for dags_python_template to 2025-05-12 00:30:00+00:00, run_after=2025-05-13 00:30:00+00:00
[2025-05-12T08:34:19.686+0000] {processor.py:208} INFO - Processing /opt/airflow/dags/dags_python_template.py took 0.239 seconds
[2025-05-12T08:34:50.567+0000] {processor.py:186} INFO - Started process (PID=409) to work on /opt/airflow/dags/dags_python_template.py
[2025-05-12T08:34:50.569+0000] {processor.py:914} INFO - Processing file /opt/airflow/dags/dags_python_template.py for tasks to queue
[2025-05-12T08:34:50.571+0000] {logging_mixin.py:190} INFO - [2025-05-12T08:34:50.570+0000] {dagbag.py:588} INFO - Filling up the DagBag from /opt/airflow/dags/dags_python_template.py
[2025-05-12T08:34:50.594+0000] {processor.py:925} INFO - DAG(s) 'dags_python_template' retrieved from /opt/airflow/dags/dags_python_template.py
[2025-05-12T08:34:50.623+0000] {logging_mixin.py:190} INFO - [2025-05-12T08:34:50.622+0000] {dag.py:3239} INFO - Sync 1 DAGs
[2025-05-12T08:34:50.664+0000] {logging_mixin.py:190} INFO - [2025-05-12T08:34:50.663+0000] {dag.py:4180} INFO - Setting next_dagrun for dags_python_template to 2025-05-12 00:30:00+00:00, run_after=2025-05-13 00:30:00+00:00
[2025-05-12T08:34:50.783+0000] {processor.py:208} INFO - Processing /opt/airflow/dags/dags_python_template.py took 0.223 seconds
[2025-05-12T08:35:21.597+0000] {processor.py:186} INFO - Started process (PID=500) to work on /opt/airflow/dags/dags_python_template.py
[2025-05-12T08:35:21.598+0000] {processor.py:914} INFO - Processing file /opt/airflow/dags/dags_python_template.py for tasks to queue
[2025-05-12T08:35:21.599+0000] {logging_mixin.py:190} INFO - [2025-05-12T08:35:21.599+0000] {dagbag.py:588} INFO - Filling up the DagBag from /opt/airflow/dags/dags_python_template.py
[2025-05-12T08:35:21.612+0000] {processor.py:925} INFO - DAG(s) 'dags_python_template' retrieved from /opt/airflow/dags/dags_python_template.py
[2025-05-12T08:35:21.632+0000] {logging_mixin.py:190} INFO - [2025-05-12T08:35:21.632+0000] {dag.py:3239} INFO - Sync 1 DAGs
[2025-05-12T08:35:21.660+0000] {logging_mixin.py:190} INFO - [2025-05-12T08:35:21.660+0000] {dag.py:4180} INFO - Setting next_dagrun for dags_python_template to 2025-05-12 00:30:00+00:00, run_after=2025-05-13 00:30:00+00:00
[2025-05-12T08:35:21.686+0000] {processor.py:208} INFO - Processing /opt/airflow/dags/dags_python_template.py took 0.096 seconds
[2025-05-12T08:35:53.330+0000] {processor.py:186} INFO - Started process (PID=580) to work on /opt/airflow/dags/dags_python_template.py
[2025-05-12T08:35:53.332+0000] {processor.py:914} INFO - Processing file /opt/airflow/dags/dags_python_template.py for tasks to queue
[2025-05-12T08:35:53.333+0000] {logging_mixin.py:190} INFO - [2025-05-12T08:35:53.333+0000] {dagbag.py:588} INFO - Filling up the DagBag from /opt/airflow/dags/dags_python_template.py
[2025-05-12T08:35:53.344+0000] {processor.py:925} INFO - DAG(s) 'dags_python_template' retrieved from /opt/airflow/dags/dags_python_template.py
[2025-05-12T08:35:53.372+0000] {logging_mixin.py:190} INFO - [2025-05-12T08:35:53.372+0000] {dag.py:3239} INFO - Sync 1 DAGs
[2025-05-12T08:35:53.407+0000] {logging_mixin.py:190} INFO - [2025-05-12T08:35:53.407+0000] {dag.py:4180} INFO - Setting next_dagrun for dags_python_template to 2025-05-12 00:30:00+00:00, run_after=2025-05-13 00:30:00+00:00
[2025-05-12T08:35:53.446+0000] {processor.py:208} INFO - Processing /opt/airflow/dags/dags_python_template.py took 0.123 seconds
[2025-05-12T08:36:23.685+0000] {processor.py:186} INFO - Started process (PID=662) to work on /opt/airflow/dags/dags_python_template.py
[2025-05-12T08:36:23.690+0000] {processor.py:914} INFO - Processing file /opt/airflow/dags/dags_python_template.py for tasks to queue
[2025-05-12T08:36:23.691+0000] {logging_mixin.py:190} INFO - [2025-05-12T08:36:23.691+0000] {dagbag.py:588} INFO - Filling up the DagBag from /opt/airflow/dags/dags_python_template.py
[2025-05-12T08:36:23.707+0000] {processor.py:925} INFO - DAG(s) 'dags_python_template' retrieved from /opt/airflow/dags/dags_python_template.py
[2025-05-12T08:36:23.733+0000] {logging_mixin.py:190} INFO - [2025-05-12T08:36:23.732+0000] {dag.py:3239} INFO - Sync 1 DAGs
[2025-05-12T08:36:23.770+0000] {logging_mixin.py:190} INFO - [2025-05-12T08:36:23.770+0000] {dag.py:4180} INFO - Setting next_dagrun for dags_python_template to 2025-05-12 00:30:00+00:00, run_after=2025-05-13 00:30:00+00:00
[2025-05-12T08:36:23.804+0000] {processor.py:208} INFO - Processing /opt/airflow/dags/dags_python_template.py took 0.130 seconds
[2025-05-12T08:36:54.795+0000] {processor.py:186} INFO - Started process (PID=743) to work on /opt/airflow/dags/dags_python_template.py
[2025-05-12T08:36:54.797+0000] {processor.py:914} INFO - Processing file /opt/airflow/dags/dags_python_template.py for tasks to queue
[2025-05-12T08:36:54.799+0000] {logging_mixin.py:190} INFO - [2025-05-12T08:36:54.798+0000] {dagbag.py:588} INFO - Filling up the DagBag from /opt/airflow/dags/dags_python_template.py
[2025-05-12T08:36:54.809+0000] {processor.py:925} INFO - DAG(s) 'dags_python_template' retrieved from /opt/airflow/dags/dags_python_template.py
[2025-05-12T08:36:54.830+0000] {logging_mixin.py:190} INFO - [2025-05-12T08:36:54.830+0000] {dag.py:3239} INFO - Sync 1 DAGs
[2025-05-12T08:36:54.856+0000] {logging_mixin.py:190} INFO - [2025-05-12T08:36:54.856+0000] {dag.py:4180} INFO - Setting next_dagrun for dags_python_template to 2025-05-12 00:30:00+00:00, run_after=2025-05-13 00:30:00+00:00
[2025-05-12T08:36:54.875+0000] {processor.py:208} INFO - Processing /opt/airflow/dags/dags_python_template.py took 0.086 seconds
[2025-05-12T08:37:26.403+0000] {processor.py:186} INFO - Started process (PID=823) to work on /opt/airflow/dags/dags_python_template.py
[2025-05-12T08:37:26.404+0000] {processor.py:914} INFO - Processing file /opt/airflow/dags/dags_python_template.py for tasks to queue
[2025-05-12T08:37:26.405+0000] {logging_mixin.py:190} INFO - [2025-05-12T08:37:26.405+0000] {dagbag.py:588} INFO - Filling up the DagBag from /opt/airflow/dags/dags_python_template.py
[2025-05-12T08:37:26.417+0000] {processor.py:925} INFO - DAG(s) 'dags_python_template' retrieved from /opt/airflow/dags/dags_python_template.py
[2025-05-12T08:37:26.441+0000] {logging_mixin.py:190} INFO - [2025-05-12T08:37:26.440+0000] {dag.py:3239} INFO - Sync 1 DAGs
[2025-05-12T08:37:26.473+0000] {logging_mixin.py:190} INFO - [2025-05-12T08:37:26.472+0000] {dag.py:4180} INFO - Setting next_dagrun for dags_python_template to 2025-05-12 00:30:00+00:00, run_after=2025-05-13 00:30:00+00:00
[2025-05-12T08:37:26.503+0000] {processor.py:208} INFO - Processing /opt/airflow/dags/dags_python_template.py took 0.107 seconds
[2025-05-12T08:37:57.262+0000] {processor.py:186} INFO - Started process (PID=905) to work on /opt/airflow/dags/dags_python_template.py
[2025-05-12T08:37:57.263+0000] {processor.py:914} INFO - Processing file /opt/airflow/dags/dags_python_template.py for tasks to queue
[2025-05-12T08:37:57.264+0000] {logging_mixin.py:190} INFO - [2025-05-12T08:37:57.264+0000] {dagbag.py:588} INFO - Filling up the DagBag from /opt/airflow/dags/dags_python_template.py
[2025-05-12T08:37:57.276+0000] {processor.py:925} INFO - DAG(s) 'dags_python_template' retrieved from /opt/airflow/dags/dags_python_template.py
[2025-05-12T08:37:57.299+0000] {logging_mixin.py:190} INFO - [2025-05-12T08:37:57.298+0000] {dag.py:3239} INFO - Sync 1 DAGs
[2025-05-12T08:37:57.329+0000] {logging_mixin.py:190} INFO - [2025-05-12T08:37:57.329+0000] {dag.py:4180} INFO - Setting next_dagrun for dags_python_template to 2025-05-12 00:30:00+00:00, run_after=2025-05-13 00:30:00+00:00
[2025-05-12T08:37:57.351+0000] {processor.py:208} INFO - Processing /opt/airflow/dags/dags_python_template.py took 0.096 seconds
[2025-05-12T08:38:28.298+0000] {processor.py:186} INFO - Started process (PID=980) to work on /opt/airflow/dags/dags_python_template.py
[2025-05-12T08:38:28.299+0000] {processor.py:914} INFO - Processing file /opt/airflow/dags/dags_python_template.py for tasks to queue
[2025-05-12T08:38:28.301+0000] {logging_mixin.py:190} INFO - [2025-05-12T08:38:28.300+0000] {dagbag.py:588} INFO - Filling up the DagBag from /opt/airflow/dags/dags_python_template.py
[2025-05-12T08:38:28.314+0000] {processor.py:925} INFO - DAG(s) 'dags_python_template' retrieved from /opt/airflow/dags/dags_python_template.py
[2025-05-12T08:38:28.337+0000] {logging_mixin.py:190} INFO - [2025-05-12T08:38:28.337+0000] {dag.py:3239} INFO - Sync 1 DAGs
[2025-05-12T08:38:28.369+0000] {logging_mixin.py:190} INFO - [2025-05-12T08:38:28.369+0000] {dag.py:4180} INFO - Setting next_dagrun for dags_python_template to 2025-05-12 00:30:00+00:00, run_after=2025-05-13 00:30:00+00:00
[2025-05-12T08:38:28.396+0000] {processor.py:208} INFO - Processing /opt/airflow/dags/dags_python_template.py took 0.106 seconds
[2025-05-12T08:38:59.168+0000] {processor.py:186} INFO - Started process (PID=1061) to work on /opt/airflow/dags/dags_python_template.py
[2025-05-12T08:38:59.170+0000] {processor.py:914} INFO - Processing file /opt/airflow/dags/dags_python_template.py for tasks to queue
[2025-05-12T08:38:59.173+0000] {logging_mixin.py:190} INFO - [2025-05-12T08:38:59.173+0000] {dagbag.py:588} INFO - Filling up the DagBag from /opt/airflow/dags/dags_python_template.py
[2025-05-12T08:38:59.191+0000] {processor.py:925} INFO - DAG(s) 'dags_python_template' retrieved from /opt/airflow/dags/dags_python_template.py
[2025-05-12T08:38:59.232+0000] {logging_mixin.py:190} INFO - [2025-05-12T08:38:59.231+0000] {dag.py:3239} INFO - Sync 1 DAGs
[2025-05-12T08:38:59.268+0000] {logging_mixin.py:190} INFO - [2025-05-12T08:38:59.268+0000] {dag.py:4180} INFO - Setting next_dagrun for dags_python_template to 2025-05-12 00:30:00+00:00, run_after=2025-05-13 00:30:00+00:00
[2025-05-12T08:38:59.297+0000] {processor.py:208} INFO - Processing /opt/airflow/dags/dags_python_template.py took 0.139 seconds
[2025-05-12T08:39:29.774+0000] {processor.py:186} INFO - Started process (PID=1140) to work on /opt/airflow/dags/dags_python_template.py
[2025-05-12T08:39:29.777+0000] {processor.py:914} INFO - Processing file /opt/airflow/dags/dags_python_template.py for tasks to queue
[2025-05-12T08:39:29.778+0000] {logging_mixin.py:190} INFO - [2025-05-12T08:39:29.778+0000] {dagbag.py:588} INFO - Filling up the DagBag from /opt/airflow/dags/dags_python_template.py
[2025-05-12T08:39:29.793+0000] {processor.py:925} INFO - DAG(s) 'dags_python_template' retrieved from /opt/airflow/dags/dags_python_template.py
[2025-05-12T08:39:29.821+0000] {logging_mixin.py:190} INFO - [2025-05-12T08:39:29.821+0000] {dag.py:3239} INFO - Sync 1 DAGs
[2025-05-12T08:39:29.871+0000] {logging_mixin.py:190} INFO - [2025-05-12T08:39:29.871+0000] {dag.py:4180} INFO - Setting next_dagrun for dags_python_template to 2025-05-12 00:30:00+00:00, run_after=2025-05-13 00:30:00+00:00
[2025-05-12T08:39:29.898+0000] {processor.py:208} INFO - Processing /opt/airflow/dags/dags_python_template.py took 0.132 seconds
[2025-05-12T08:40:00.783+0000] {processor.py:186} INFO - Started process (PID=1222) to work on /opt/airflow/dags/dags_python_template.py
[2025-05-12T08:40:00.795+0000] {processor.py:914} INFO - Processing file /opt/airflow/dags/dags_python_template.py for tasks to queue
[2025-05-12T08:40:00.798+0000] {logging_mixin.py:190} INFO - [2025-05-12T08:40:00.797+0000] {dagbag.py:588} INFO - Filling up the DagBag from /opt/airflow/dags/dags_python_template.py
[2025-05-12T08:40:00.811+0000] {processor.py:925} INFO - DAG(s) 'dags_python_template' retrieved from /opt/airflow/dags/dags_python_template.py
[2025-05-12T08:40:00.837+0000] {logging_mixin.py:190} INFO - [2025-05-12T08:40:00.836+0000] {dag.py:3239} INFO - Sync 1 DAGs
[2025-05-12T08:40:00.874+0000] {logging_mixin.py:190} INFO - [2025-05-12T08:40:00.874+0000] {dag.py:4180} INFO - Setting next_dagrun for dags_python_template to 2025-05-12 00:30:00+00:00, run_after=2025-05-13 00:30:00+00:00
[2025-05-12T08:40:00.904+0000] {processor.py:208} INFO - Processing /opt/airflow/dags/dags_python_template.py took 0.126 seconds
[2025-05-12T08:40:31.413+0000] {processor.py:186} INFO - Started process (PID=1304) to work on /opt/airflow/dags/dags_python_template.py
[2025-05-12T08:40:31.414+0000] {processor.py:914} INFO - Processing file /opt/airflow/dags/dags_python_template.py for tasks to queue
[2025-05-12T08:40:31.416+0000] {logging_mixin.py:190} INFO - [2025-05-12T08:40:31.416+0000] {dagbag.py:588} INFO - Filling up the DagBag from /opt/airflow/dags/dags_python_template.py
[2025-05-12T08:40:31.430+0000] {processor.py:925} INFO - DAG(s) 'dags_python_template' retrieved from /opt/airflow/dags/dags_python_template.py
[2025-05-12T08:40:31.472+0000] {logging_mixin.py:190} INFO - [2025-05-12T08:40:31.470+0000] {dag.py:3239} INFO - Sync 1 DAGs
[2025-05-12T08:40:31.510+0000] {logging_mixin.py:190} INFO - [2025-05-12T08:40:31.510+0000] {dag.py:4180} INFO - Setting next_dagrun for dags_python_template to 2025-05-12 00:30:00+00:00, run_after=2025-05-13 00:30:00+00:00
[2025-05-12T08:40:31.559+0000] {processor.py:208} INFO - Processing /opt/airflow/dags/dags_python_template.py took 0.154 seconds
[2025-05-12T08:41:02.451+0000] {processor.py:186} INFO - Started process (PID=1381) to work on /opt/airflow/dags/dags_python_template.py
[2025-05-12T08:41:02.452+0000] {processor.py:914} INFO - Processing file /opt/airflow/dags/dags_python_template.py for tasks to queue
[2025-05-12T08:41:02.454+0000] {logging_mixin.py:190} INFO - [2025-05-12T08:41:02.453+0000] {dagbag.py:588} INFO - Filling up the DagBag from /opt/airflow/dags/dags_python_template.py
[2025-05-12T08:41:02.467+0000] {processor.py:925} INFO - DAG(s) 'dags_python_template' retrieved from /opt/airflow/dags/dags_python_template.py
[2025-05-12T08:41:02.491+0000] {logging_mixin.py:190} INFO - [2025-05-12T08:41:02.490+0000] {dag.py:3239} INFO - Sync 1 DAGs
[2025-05-12T08:41:02.523+0000] {logging_mixin.py:190} INFO - [2025-05-12T08:41:02.523+0000] {dag.py:4180} INFO - Setting next_dagrun for dags_python_template to 2025-05-12 00:30:00+00:00, run_after=2025-05-13 00:30:00+00:00
[2025-05-12T08:41:02.549+0000] {processor.py:208} INFO - Processing /opt/airflow/dags/dags_python_template.py took 0.106 seconds
[2025-05-12T08:41:32.637+0000] {processor.py:186} INFO - Started process (PID=1457) to work on /opt/airflow/dags/dags_python_template.py
[2025-05-12T08:41:32.640+0000] {processor.py:914} INFO - Processing file /opt/airflow/dags/dags_python_template.py for tasks to queue
[2025-05-12T08:41:32.643+0000] {logging_mixin.py:190} INFO - [2025-05-12T08:41:32.642+0000] {dagbag.py:588} INFO - Filling up the DagBag from /opt/airflow/dags/dags_python_template.py
[2025-05-12T08:41:32.658+0000] {processor.py:925} INFO - DAG(s) 'dags_python_template' retrieved from /opt/airflow/dags/dags_python_template.py
[2025-05-12T08:41:32.683+0000] {logging_mixin.py:190} INFO - [2025-05-12T08:41:32.683+0000] {dag.py:3239} INFO - Sync 1 DAGs
[2025-05-12T08:41:32.715+0000] {logging_mixin.py:190} INFO - [2025-05-12T08:41:32.715+0000] {dag.py:4180} INFO - Setting next_dagrun for dags_python_template to 2025-05-12 00:30:00+00:00, run_after=2025-05-13 00:30:00+00:00
[2025-05-12T08:41:32.740+0000] {processor.py:208} INFO - Processing /opt/airflow/dags/dags_python_template.py took 0.111 seconds
[2025-05-12T08:42:03.023+0000] {processor.py:186} INFO - Started process (PID=1539) to work on /opt/airflow/dags/dags_python_template.py
[2025-05-12T08:42:03.025+0000] {processor.py:914} INFO - Processing file /opt/airflow/dags/dags_python_template.py for tasks to queue
[2025-05-12T08:42:03.026+0000] {logging_mixin.py:190} INFO - [2025-05-12T08:42:03.026+0000] {dagbag.py:588} INFO - Filling up the DagBag from /opt/airflow/dags/dags_python_template.py
[2025-05-12T08:42:03.041+0000] {processor.py:925} INFO - DAG(s) 'dags_python_template' retrieved from /opt/airflow/dags/dags_python_template.py
[2025-05-12T08:42:03.069+0000] {logging_mixin.py:190} INFO - [2025-05-12T08:42:03.069+0000] {dag.py:3239} INFO - Sync 1 DAGs
[2025-05-12T08:42:03.104+0000] {logging_mixin.py:190} INFO - [2025-05-12T08:42:03.103+0000] {dag.py:4180} INFO - Setting next_dagrun for dags_python_template to 2025-05-12 00:30:00+00:00, run_after=2025-05-13 00:30:00+00:00
[2025-05-12T08:42:03.131+0000] {processor.py:208} INFO - Processing /opt/airflow/dags/dags_python_template.py took 0.116 seconds
[2025-05-12T08:42:33.431+0000] {processor.py:186} INFO - Started process (PID=1621) to work on /opt/airflow/dags/dags_python_template.py
[2025-05-12T08:42:33.432+0000] {processor.py:914} INFO - Processing file /opt/airflow/dags/dags_python_template.py for tasks to queue
[2025-05-12T08:42:33.434+0000] {logging_mixin.py:190} INFO - [2025-05-12T08:42:33.434+0000] {dagbag.py:588} INFO - Filling up the DagBag from /opt/airflow/dags/dags_python_template.py
[2025-05-12T08:42:33.448+0000] {processor.py:925} INFO - DAG(s) 'dags_python_template' retrieved from /opt/airflow/dags/dags_python_template.py
[2025-05-12T08:42:33.476+0000] {logging_mixin.py:190} INFO - [2025-05-12T08:42:33.475+0000] {dag.py:3239} INFO - Sync 1 DAGs
[2025-05-12T08:42:33.509+0000] {logging_mixin.py:190} INFO - [2025-05-12T08:42:33.509+0000] {dag.py:4180} INFO - Setting next_dagrun for dags_python_template to 2025-05-12 00:30:00+00:00, run_after=2025-05-13 00:30:00+00:00
[2025-05-12T08:42:33.536+0000] {processor.py:208} INFO - Processing /opt/airflow/dags/dags_python_template.py took 0.113 seconds
[2025-05-12T08:43:03.647+0000] {processor.py:186} INFO - Started process (PID=1703) to work on /opt/airflow/dags/dags_python_template.py
[2025-05-12T08:43:03.649+0000] {processor.py:914} INFO - Processing file /opt/airflow/dags/dags_python_template.py for tasks to queue
[2025-05-12T08:43:03.650+0000] {logging_mixin.py:190} INFO - [2025-05-12T08:43:03.650+0000] {dagbag.py:588} INFO - Filling up the DagBag from /opt/airflow/dags/dags_python_template.py
[2025-05-12T08:43:03.660+0000] {processor.py:925} INFO - DAG(s) 'dags_python_template' retrieved from /opt/airflow/dags/dags_python_template.py
[2025-05-12T08:43:03.684+0000] {logging_mixin.py:190} INFO - [2025-05-12T08:43:03.684+0000] {dag.py:3239} INFO - Sync 1 DAGs
[2025-05-12T08:43:03.710+0000] {logging_mixin.py:190} INFO - [2025-05-12T08:43:03.710+0000] {dag.py:4180} INFO - Setting next_dagrun for dags_python_template to 2025-05-12 00:30:00+00:00, run_after=2025-05-13 00:30:00+00:00
[2025-05-12T08:43:03.750+0000] {processor.py:208} INFO - Processing /opt/airflow/dags/dags_python_template.py took 0.109 seconds
[2025-05-12T08:43:34.332+0000] {processor.py:186} INFO - Started process (PID=1785) to work on /opt/airflow/dags/dags_python_template.py
[2025-05-12T08:43:34.341+0000] {processor.py:914} INFO - Processing file /opt/airflow/dags/dags_python_template.py for tasks to queue
[2025-05-12T08:43:34.343+0000] {logging_mixin.py:190} INFO - [2025-05-12T08:43:34.343+0000] {dagbag.py:588} INFO - Filling up the DagBag from /opt/airflow/dags/dags_python_template.py
[2025-05-12T08:43:34.357+0000] {processor.py:925} INFO - DAG(s) 'dags_python_template' retrieved from /opt/airflow/dags/dags_python_template.py
[2025-05-12T08:43:34.385+0000] {logging_mixin.py:190} INFO - [2025-05-12T08:43:34.384+0000] {dag.py:3239} INFO - Sync 1 DAGs
[2025-05-12T08:43:34.417+0000] {logging_mixin.py:190} INFO - [2025-05-12T08:43:34.417+0000] {dag.py:4180} INFO - Setting next_dagrun for dags_python_template to 2025-05-12 00:30:00+00:00, run_after=2025-05-13 00:30:00+00:00
[2025-05-12T08:43:34.445+0000] {processor.py:208} INFO - Processing /opt/airflow/dags/dags_python_template.py took 0.120 seconds
[2025-05-12T08:44:04.815+0000] {processor.py:186} INFO - Started process (PID=1867) to work on /opt/airflow/dags/dags_python_template.py
[2025-05-12T08:44:04.825+0000] {processor.py:914} INFO - Processing file /opt/airflow/dags/dags_python_template.py for tasks to queue
[2025-05-12T08:44:04.827+0000] {logging_mixin.py:190} INFO - [2025-05-12T08:44:04.827+0000] {dagbag.py:588} INFO - Filling up the DagBag from /opt/airflow/dags/dags_python_template.py
[2025-05-12T08:44:04.839+0000] {processor.py:925} INFO - DAG(s) 'dags_python_template' retrieved from /opt/airflow/dags/dags_python_template.py
[2025-05-12T08:44:04.868+0000] {logging_mixin.py:190} INFO - [2025-05-12T08:44:04.868+0000] {dag.py:3239} INFO - Sync 1 DAGs
[2025-05-12T08:44:04.901+0000] {logging_mixin.py:190} INFO - [2025-05-12T08:44:04.901+0000] {dag.py:4180} INFO - Setting next_dagrun for dags_python_template to 2025-05-12 00:30:00+00:00, run_after=2025-05-13 00:30:00+00:00
[2025-05-12T08:44:04.927+0000] {processor.py:208} INFO - Processing /opt/airflow/dags/dags_python_template.py took 0.118 seconds
[2025-05-12T08:44:35.097+0000] {processor.py:186} INFO - Started process (PID=1949) to work on /opt/airflow/dags/dags_python_template.py
[2025-05-12T08:44:35.100+0000] {processor.py:914} INFO - Processing file /opt/airflow/dags/dags_python_template.py for tasks to queue
[2025-05-12T08:44:35.103+0000] {logging_mixin.py:190} INFO - [2025-05-12T08:44:35.102+0000] {dagbag.py:588} INFO - Filling up the DagBag from /opt/airflow/dags/dags_python_template.py
[2025-05-12T08:44:35.116+0000] {processor.py:925} INFO - DAG(s) 'dags_python_template' retrieved from /opt/airflow/dags/dags_python_template.py
[2025-05-12T08:44:35.154+0000] {logging_mixin.py:190} INFO - [2025-05-12T08:44:35.154+0000] {dag.py:3239} INFO - Sync 1 DAGs
[2025-05-12T08:44:35.187+0000] {logging_mixin.py:190} INFO - [2025-05-12T08:44:35.186+0000] {dag.py:4180} INFO - Setting next_dagrun for dags_python_template to 2025-05-12 00:30:00+00:00, run_after=2025-05-13 00:30:00+00:00
[2025-05-12T08:44:35.213+0000] {processor.py:208} INFO - Processing /opt/airflow/dags/dags_python_template.py took 0.124 seconds
[2025-05-12T08:45:05.935+0000] {processor.py:186} INFO - Started process (PID=2032) to work on /opt/airflow/dags/dags_python_template.py
[2025-05-12T08:45:05.937+0000] {processor.py:914} INFO - Processing file /opt/airflow/dags/dags_python_template.py for tasks to queue
[2025-05-12T08:45:05.939+0000] {logging_mixin.py:190} INFO - [2025-05-12T08:45:05.939+0000] {dagbag.py:588} INFO - Filling up the DagBag from /opt/airflow/dags/dags_python_template.py
[2025-05-12T08:45:05.954+0000] {processor.py:925} INFO - DAG(s) 'dags_python_template' retrieved from /opt/airflow/dags/dags_python_template.py
[2025-05-12T08:45:05.986+0000] {logging_mixin.py:190} INFO - [2025-05-12T08:45:05.985+0000] {dag.py:3239} INFO - Sync 1 DAGs
[2025-05-12T08:45:06.026+0000] {logging_mixin.py:190} INFO - [2025-05-12T08:45:06.026+0000] {dag.py:4180} INFO - Setting next_dagrun for dags_python_template to 2025-05-12 00:30:00+00:00, run_after=2025-05-13 00:30:00+00:00
[2025-05-12T08:45:06.055+0000] {processor.py:208} INFO - Processing /opt/airflow/dags/dags_python_template.py took 0.128 seconds
[2025-05-12T08:45:36.916+0000] {processor.py:186} INFO - Started process (PID=2114) to work on /opt/airflow/dags/dags_python_template.py
[2025-05-12T08:45:36.918+0000] {processor.py:914} INFO - Processing file /opt/airflow/dags/dags_python_template.py for tasks to queue
[2025-05-12T08:45:36.919+0000] {logging_mixin.py:190} INFO - [2025-05-12T08:45:36.919+0000] {dagbag.py:588} INFO - Filling up the DagBag from /opt/airflow/dags/dags_python_template.py
[2025-05-12T08:45:36.933+0000] {processor.py:925} INFO - DAG(s) 'dags_python_template' retrieved from /opt/airflow/dags/dags_python_template.py
[2025-05-12T08:45:36.958+0000] {logging_mixin.py:190} INFO - [2025-05-12T08:45:36.958+0000] {dag.py:3239} INFO - Sync 1 DAGs
[2025-05-12T08:45:36.989+0000] {logging_mixin.py:190} INFO - [2025-05-12T08:45:36.989+0000] {dag.py:4180} INFO - Setting next_dagrun for dags_python_template to 2025-05-12 00:30:00+00:00, run_after=2025-05-13 00:30:00+00:00
[2025-05-12T08:45:37.013+0000] {processor.py:208} INFO - Processing /opt/airflow/dags/dags_python_template.py took 0.105 seconds
[2025-05-12T08:46:07.160+0000] {processor.py:186} INFO - Started process (PID=2196) to work on /opt/airflow/dags/dags_python_template.py
[2025-05-12T08:46:07.162+0000] {processor.py:914} INFO - Processing file /opt/airflow/dags/dags_python_template.py for tasks to queue
[2025-05-12T08:46:07.163+0000] {logging_mixin.py:190} INFO - [2025-05-12T08:46:07.163+0000] {dagbag.py:588} INFO - Filling up the DagBag from /opt/airflow/dags/dags_python_template.py
[2025-05-12T08:46:07.175+0000] {processor.py:925} INFO - DAG(s) 'dags_python_template' retrieved from /opt/airflow/dags/dags_python_template.py
[2025-05-12T08:46:07.202+0000] {logging_mixin.py:190} INFO - [2025-05-12T08:46:07.202+0000] {dag.py:3239} INFO - Sync 1 DAGs
[2025-05-12T08:46:07.233+0000] {logging_mixin.py:190} INFO - [2025-05-12T08:46:07.233+0000] {dag.py:4180} INFO - Setting next_dagrun for dags_python_template to 2025-05-12 00:30:00+00:00, run_after=2025-05-13 00:30:00+00:00
[2025-05-12T08:46:07.261+0000] {processor.py:208} INFO - Processing /opt/airflow/dags/dags_python_template.py took 0.108 seconds
[2025-05-12T08:46:37.726+0000] {processor.py:186} INFO - Started process (PID=2278) to work on /opt/airflow/dags/dags_python_template.py
[2025-05-12T08:46:37.728+0000] {processor.py:914} INFO - Processing file /opt/airflow/dags/dags_python_template.py for tasks to queue
[2025-05-12T08:46:37.730+0000] {logging_mixin.py:190} INFO - [2025-05-12T08:46:37.730+0000] {dagbag.py:588} INFO - Filling up the DagBag from /opt/airflow/dags/dags_python_template.py
[2025-05-12T08:46:37.743+0000] {processor.py:925} INFO - DAG(s) 'dags_python_template' retrieved from /opt/airflow/dags/dags_python_template.py
[2025-05-12T08:46:37.767+0000] {logging_mixin.py:190} INFO - [2025-05-12T08:46:37.767+0000] {dag.py:3239} INFO - Sync 1 DAGs
[2025-05-12T08:46:37.797+0000] {logging_mixin.py:190} INFO - [2025-05-12T08:46:37.797+0000] {dag.py:4180} INFO - Setting next_dagrun for dags_python_template to 2025-05-12 00:30:00+00:00, run_after=2025-05-13 00:30:00+00:00
[2025-05-12T08:46:37.822+0000] {processor.py:208} INFO - Processing /opt/airflow/dags/dags_python_template.py took 0.104 seconds
[2025-05-12T08:47:08.525+0000] {processor.py:186} INFO - Started process (PID=2360) to work on /opt/airflow/dags/dags_python_template.py
[2025-05-12T08:47:08.528+0000] {processor.py:914} INFO - Processing file /opt/airflow/dags/dags_python_template.py for tasks to queue
[2025-05-12T08:47:08.530+0000] {logging_mixin.py:190} INFO - [2025-05-12T08:47:08.530+0000] {dagbag.py:588} INFO - Filling up the DagBag from /opt/airflow/dags/dags_python_template.py
[2025-05-12T08:47:08.541+0000] {processor.py:925} INFO - DAG(s) 'dags_python_template' retrieved from /opt/airflow/dags/dags_python_template.py
[2025-05-12T08:47:08.568+0000] {logging_mixin.py:190} INFO - [2025-05-12T08:47:08.568+0000] {dag.py:3239} INFO - Sync 1 DAGs
[2025-05-12T08:47:08.602+0000] {logging_mixin.py:190} INFO - [2025-05-12T08:47:08.602+0000] {dag.py:4180} INFO - Setting next_dagrun for dags_python_template to 2025-05-12 00:30:00+00:00, run_after=2025-05-13 00:30:00+00:00
[2025-05-12T08:47:08.632+0000] {processor.py:208} INFO - Processing /opt/airflow/dags/dags_python_template.py took 0.113 seconds
[2025-05-12T08:47:38.914+0000] {processor.py:186} INFO - Started process (PID=2442) to work on /opt/airflow/dags/dags_python_template.py
[2025-05-12T08:47:38.918+0000] {processor.py:914} INFO - Processing file /opt/airflow/dags/dags_python_template.py for tasks to queue
[2025-05-12T08:47:38.921+0000] {logging_mixin.py:190} INFO - [2025-05-12T08:47:38.920+0000] {dagbag.py:588} INFO - Filling up the DagBag from /opt/airflow/dags/dags_python_template.py
[2025-05-12T08:47:38.936+0000] {processor.py:925} INFO - DAG(s) 'dags_python_template' retrieved from /opt/airflow/dags/dags_python_template.py
[2025-05-12T08:47:38.966+0000] {logging_mixin.py:190} INFO - [2025-05-12T08:47:38.965+0000] {dag.py:3239} INFO - Sync 1 DAGs
[2025-05-12T08:47:39.005+0000] {logging_mixin.py:190} INFO - [2025-05-12T08:47:39.005+0000] {dag.py:4180} INFO - Setting next_dagrun for dags_python_template to 2025-05-12 00:30:00+00:00, run_after=2025-05-13 00:30:00+00:00
[2025-05-12T08:47:39.035+0000] {processor.py:208} INFO - Processing /opt/airflow/dags/dags_python_template.py took 0.144 seconds
[2025-05-12T08:48:09.355+0000] {processor.py:186} INFO - Started process (PID=2524) to work on /opt/airflow/dags/dags_python_template.py
[2025-05-12T08:48:09.358+0000] {processor.py:914} INFO - Processing file /opt/airflow/dags/dags_python_template.py for tasks to queue
[2025-05-12T08:48:09.360+0000] {logging_mixin.py:190} INFO - [2025-05-12T08:48:09.360+0000] {dagbag.py:588} INFO - Filling up the DagBag from /opt/airflow/dags/dags_python_template.py
[2025-05-12T08:48:09.374+0000] {processor.py:925} INFO - DAG(s) 'dags_python_template' retrieved from /opt/airflow/dags/dags_python_template.py
[2025-05-12T08:48:09.405+0000] {logging_mixin.py:190} INFO - [2025-05-12T08:48:09.405+0000] {dag.py:3239} INFO - Sync 1 DAGs
[2025-05-12T08:48:09.449+0000] {logging_mixin.py:190} INFO - [2025-05-12T08:48:09.448+0000] {dag.py:4180} INFO - Setting next_dagrun for dags_python_template to 2025-05-12 00:30:00+00:00, run_after=2025-05-13 00:30:00+00:00
[2025-05-12T08:48:09.488+0000] {processor.py:208} INFO - Processing /opt/airflow/dags/dags_python_template.py took 0.142 seconds
[2025-05-12T08:48:39.988+0000] {processor.py:186} INFO - Started process (PID=2606) to work on /opt/airflow/dags/dags_python_template.py
[2025-05-12T08:48:39.997+0000] {processor.py:914} INFO - Processing file /opt/airflow/dags/dags_python_template.py for tasks to queue
[2025-05-12T08:48:40.001+0000] {logging_mixin.py:190} INFO - [2025-05-12T08:48:40.001+0000] {dagbag.py:588} INFO - Filling up the DagBag from /opt/airflow/dags/dags_python_template.py
[2025-05-12T08:48:40.017+0000] {processor.py:925} INFO - DAG(s) 'dags_python_template' retrieved from /opt/airflow/dags/dags_python_template.py
[2025-05-12T08:48:40.048+0000] {logging_mixin.py:190} INFO - [2025-05-12T08:48:40.048+0000] {dag.py:3239} INFO - Sync 1 DAGs
[2025-05-12T08:48:40.087+0000] {logging_mixin.py:190} INFO - [2025-05-12T08:48:40.086+0000] {dag.py:4180} INFO - Setting next_dagrun for dags_python_template to 2025-05-12 00:30:00+00:00, run_after=2025-05-13 00:30:00+00:00
[2025-05-12T08:48:40.120+0000] {processor.py:208} INFO - Processing /opt/airflow/dags/dags_python_template.py took 0.141 seconds
[2025-05-12T08:49:10.619+0000] {processor.py:186} INFO - Started process (PID=2687) to work on /opt/airflow/dags/dags_python_template.py
[2025-05-12T08:49:10.621+0000] {processor.py:914} INFO - Processing file /opt/airflow/dags/dags_python_template.py for tasks to queue
[2025-05-12T08:49:10.623+0000] {logging_mixin.py:190} INFO - [2025-05-12T08:49:10.622+0000] {dagbag.py:588} INFO - Filling up the DagBag from /opt/airflow/dags/dags_python_template.py
[2025-05-12T08:49:10.639+0000] {processor.py:925} INFO - DAG(s) 'dags_python_template' retrieved from /opt/airflow/dags/dags_python_template.py
[2025-05-12T08:49:10.671+0000] {logging_mixin.py:190} INFO - [2025-05-12T08:49:10.670+0000] {dag.py:3239} INFO - Sync 1 DAGs
[2025-05-12T08:49:10.707+0000] {logging_mixin.py:190} INFO - [2025-05-12T08:49:10.707+0000] {dag.py:4180} INFO - Setting next_dagrun for dags_python_template to 2025-05-12 00:30:00+00:00, run_after=2025-05-13 00:30:00+00:00
[2025-05-12T08:49:10.737+0000] {processor.py:208} INFO - Processing /opt/airflow/dags/dags_python_template.py took 0.127 seconds
[2025-05-12T08:49:40.923+0000] {processor.py:186} INFO - Started process (PID=2768) to work on /opt/airflow/dags/dags_python_template.py
[2025-05-12T08:49:40.925+0000] {processor.py:914} INFO - Processing file /opt/airflow/dags/dags_python_template.py for tasks to queue
[2025-05-12T08:49:40.927+0000] {logging_mixin.py:190} INFO - [2025-05-12T08:49:40.927+0000] {dagbag.py:588} INFO - Filling up the DagBag from /opt/airflow/dags/dags_python_template.py
[2025-05-12T08:49:40.941+0000] {processor.py:925} INFO - DAG(s) 'dags_python_template' retrieved from /opt/airflow/dags/dags_python_template.py
[2025-05-12T08:49:40.974+0000] {logging_mixin.py:190} INFO - [2025-05-12T08:49:40.974+0000] {dag.py:3239} INFO - Sync 1 DAGs
[2025-05-12T08:49:41.011+0000] {logging_mixin.py:190} INFO - [2025-05-12T08:49:41.011+0000] {dag.py:4180} INFO - Setting next_dagrun for dags_python_template to 2025-05-12 00:30:00+00:00, run_after=2025-05-13 00:30:00+00:00
[2025-05-12T08:49:41.039+0000] {processor.py:208} INFO - Processing /opt/airflow/dags/dags_python_template.py took 0.126 seconds
[2025-05-12T08:50:11.581+0000] {processor.py:186} INFO - Started process (PID=2850) to work on /opt/airflow/dags/dags_python_template.py
[2025-05-12T08:50:11.595+0000] {processor.py:914} INFO - Processing file /opt/airflow/dags/dags_python_template.py for tasks to queue
[2025-05-12T08:50:11.599+0000] {logging_mixin.py:190} INFO - [2025-05-12T08:50:11.598+0000] {dagbag.py:588} INFO - Filling up the DagBag from /opt/airflow/dags/dags_python_template.py
[2025-05-12T08:50:11.613+0000] {processor.py:925} INFO - DAG(s) 'dags_python_template' retrieved from /opt/airflow/dags/dags_python_template.py
[2025-05-12T08:50:11.645+0000] {logging_mixin.py:190} INFO - [2025-05-12T08:50:11.644+0000] {dag.py:3239} INFO - Sync 1 DAGs
[2025-05-12T08:50:11.687+0000] {logging_mixin.py:190} INFO - [2025-05-12T08:50:11.687+0000] {dag.py:4180} INFO - Setting next_dagrun for dags_python_template to 2025-05-12 00:30:00+00:00, run_after=2025-05-13 00:30:00+00:00
[2025-05-12T08:50:11.717+0000] {processor.py:208} INFO - Processing /opt/airflow/dags/dags_python_template.py took 0.145 seconds
[2025-05-12T08:50:42.018+0000] {processor.py:186} INFO - Started process (PID=2932) to work on /opt/airflow/dags/dags_python_template.py
[2025-05-12T08:50:42.019+0000] {processor.py:914} INFO - Processing file /opt/airflow/dags/dags_python_template.py for tasks to queue
[2025-05-12T08:50:42.021+0000] {logging_mixin.py:190} INFO - [2025-05-12T08:50:42.021+0000] {dagbag.py:588} INFO - Filling up the DagBag from /opt/airflow/dags/dags_python_template.py
[2025-05-12T08:50:42.035+0000] {processor.py:925} INFO - DAG(s) 'dags_python_template' retrieved from /opt/airflow/dags/dags_python_template.py
[2025-05-12T08:50:42.084+0000] {logging_mixin.py:190} INFO - [2025-05-12T08:50:42.083+0000] {dag.py:3239} INFO - Sync 1 DAGs
[2025-05-12T08:50:42.152+0000] {logging_mixin.py:190} INFO - [2025-05-12T08:50:42.152+0000] {dag.py:4180} INFO - Setting next_dagrun for dags_python_template to 2025-05-12 00:30:00+00:00, run_after=2025-05-13 00:30:00+00:00
[2025-05-12T08:50:42.189+0000] {processor.py:208} INFO - Processing /opt/airflow/dags/dags_python_template.py took 0.181 seconds
[2025-05-12T08:51:12.265+0000] {processor.py:186} INFO - Started process (PID=3014) to work on /opt/airflow/dags/dags_python_template.py
[2025-05-12T08:51:12.268+0000] {processor.py:914} INFO - Processing file /opt/airflow/dags/dags_python_template.py for tasks to queue
[2025-05-12T08:51:12.270+0000] {logging_mixin.py:190} INFO - [2025-05-12T08:51:12.270+0000] {dagbag.py:588} INFO - Filling up the DagBag from /opt/airflow/dags/dags_python_template.py
[2025-05-12T08:51:12.288+0000] {processor.py:925} INFO - DAG(s) 'dags_python_template' retrieved from /opt/airflow/dags/dags_python_template.py
[2025-05-12T08:51:12.317+0000] {logging_mixin.py:190} INFO - [2025-05-12T08:51:12.317+0000] {dag.py:3239} INFO - Sync 1 DAGs
[2025-05-12T08:51:12.357+0000] {logging_mixin.py:190} INFO - [2025-05-12T08:51:12.357+0000] {dag.py:4180} INFO - Setting next_dagrun for dags_python_template to 2025-05-12 00:30:00+00:00, run_after=2025-05-13 00:30:00+00:00
[2025-05-12T08:51:12.387+0000] {processor.py:208} INFO - Processing /opt/airflow/dags/dags_python_template.py took 0.132 seconds
[2025-05-12T08:51:42.571+0000] {processor.py:186} INFO - Started process (PID=3096) to work on /opt/airflow/dags/dags_python_template.py
[2025-05-12T08:51:42.581+0000] {processor.py:914} INFO - Processing file /opt/airflow/dags/dags_python_template.py for tasks to queue
[2025-05-12T08:51:42.585+0000] {logging_mixin.py:190} INFO - [2025-05-12T08:51:42.584+0000] {dagbag.py:588} INFO - Filling up the DagBag from /opt/airflow/dags/dags_python_template.py
[2025-05-12T08:51:42.597+0000] {processor.py:925} INFO - DAG(s) 'dags_python_template' retrieved from /opt/airflow/dags/dags_python_template.py
[2025-05-12T08:51:42.623+0000] {logging_mixin.py:190} INFO - [2025-05-12T08:51:42.622+0000] {dag.py:3239} INFO - Sync 1 DAGs
[2025-05-12T08:51:42.655+0000] {logging_mixin.py:190} INFO - [2025-05-12T08:51:42.655+0000] {dag.py:4180} INFO - Setting next_dagrun for dags_python_template to 2025-05-12 00:30:00+00:00, run_after=2025-05-13 00:30:00+00:00
[2025-05-12T08:51:42.685+0000] {processor.py:208} INFO - Processing /opt/airflow/dags/dags_python_template.py took 0.124 seconds
[2025-05-12T08:52:13.518+0000] {processor.py:186} INFO - Started process (PID=3177) to work on /opt/airflow/dags/dags_python_template.py
[2025-05-12T08:52:13.526+0000] {processor.py:914} INFO - Processing file /opt/airflow/dags/dags_python_template.py for tasks to queue
[2025-05-12T08:52:13.528+0000] {logging_mixin.py:190} INFO - [2025-05-12T08:52:13.527+0000] {dagbag.py:588} INFO - Filling up the DagBag from /opt/airflow/dags/dags_python_template.py
[2025-05-12T08:52:13.541+0000] {processor.py:925} INFO - DAG(s) 'dags_python_template' retrieved from /opt/airflow/dags/dags_python_template.py
[2025-05-12T08:52:13.567+0000] {logging_mixin.py:190} INFO - [2025-05-12T08:52:13.567+0000] {dag.py:3239} INFO - Sync 1 DAGs
[2025-05-12T08:52:13.600+0000] {logging_mixin.py:190} INFO - [2025-05-12T08:52:13.599+0000] {dag.py:4180} INFO - Setting next_dagrun for dags_python_template to 2025-05-12 00:30:00+00:00, run_after=2025-05-13 00:30:00+00:00
[2025-05-12T08:52:13.627+0000] {processor.py:208} INFO - Processing /opt/airflow/dags/dags_python_template.py took 0.116 seconds
[2025-05-12T08:52:43.760+0000] {processor.py:186} INFO - Started process (PID=3259) to work on /opt/airflow/dags/dags_python_template.py
[2025-05-12T08:52:43.761+0000] {processor.py:914} INFO - Processing file /opt/airflow/dags/dags_python_template.py for tasks to queue
[2025-05-12T08:52:43.762+0000] {logging_mixin.py:190} INFO - [2025-05-12T08:52:43.762+0000] {dagbag.py:588} INFO - Filling up the DagBag from /opt/airflow/dags/dags_python_template.py
[2025-05-12T08:52:43.774+0000] {processor.py:925} INFO - DAG(s) 'dags_python_template' retrieved from /opt/airflow/dags/dags_python_template.py
[2025-05-12T08:52:43.796+0000] {logging_mixin.py:190} INFO - [2025-05-12T08:52:43.795+0000] {dag.py:3239} INFO - Sync 1 DAGs
[2025-05-12T08:52:43.823+0000] {logging_mixin.py:190} INFO - [2025-05-12T08:52:43.822+0000] {dag.py:4180} INFO - Setting next_dagrun for dags_python_template to 2025-05-12 00:30:00+00:00, run_after=2025-05-13 00:30:00+00:00
[2025-05-12T08:52:43.846+0000] {processor.py:208} INFO - Processing /opt/airflow/dags/dags_python_template.py took 0.094 seconds
[2025-05-12T08:53:14.022+0000] {processor.py:186} INFO - Started process (PID=3341) to work on /opt/airflow/dags/dags_python_template.py
[2025-05-12T08:53:14.066+0000] {processor.py:914} INFO - Processing file /opt/airflow/dags/dags_python_template.py for tasks to queue
[2025-05-12T08:53:14.067+0000] {logging_mixin.py:190} INFO - [2025-05-12T08:53:14.067+0000] {dagbag.py:588} INFO - Filling up the DagBag from /opt/airflow/dags/dags_python_template.py
[2025-05-12T08:53:14.077+0000] {processor.py:925} INFO - DAG(s) 'dags_python_template' retrieved from /opt/airflow/dags/dags_python_template.py
[2025-05-12T08:53:14.098+0000] {logging_mixin.py:190} INFO - [2025-05-12T08:53:14.098+0000] {dag.py:3239} INFO - Sync 1 DAGs
[2025-05-12T08:53:14.127+0000] {logging_mixin.py:190} INFO - [2025-05-12T08:53:14.127+0000] {dag.py:4180} INFO - Setting next_dagrun for dags_python_template to 2025-05-12 00:30:00+00:00, run_after=2025-05-13 00:30:00+00:00
[2025-05-12T08:53:14.150+0000] {processor.py:208} INFO - Processing /opt/airflow/dags/dags_python_template.py took 0.134 seconds
[2025-05-12T08:53:44.261+0000] {processor.py:186} INFO - Started process (PID=3423) to work on /opt/airflow/dags/dags_python_template.py
[2025-05-12T08:53:44.263+0000] {processor.py:914} INFO - Processing file /opt/airflow/dags/dags_python_template.py for tasks to queue
[2025-05-12T08:53:44.264+0000] {logging_mixin.py:190} INFO - [2025-05-12T08:53:44.263+0000] {dagbag.py:588} INFO - Filling up the DagBag from /opt/airflow/dags/dags_python_template.py
[2025-05-12T08:53:44.274+0000] {processor.py:925} INFO - DAG(s) 'dags_python_template' retrieved from /opt/airflow/dags/dags_python_template.py
[2025-05-12T08:53:44.298+0000] {logging_mixin.py:190} INFO - [2025-05-12T08:53:44.298+0000] {dag.py:3239} INFO - Sync 1 DAGs
[2025-05-12T08:53:44.327+0000] {logging_mixin.py:190} INFO - [2025-05-12T08:53:44.326+0000] {dag.py:4180} INFO - Setting next_dagrun for dags_python_template to 2025-05-12 00:30:00+00:00, run_after=2025-05-13 00:30:00+00:00
[2025-05-12T08:53:44.348+0000] {processor.py:208} INFO - Processing /opt/airflow/dags/dags_python_template.py took 0.093 seconds
[2025-05-12T08:54:14.783+0000] {processor.py:186} INFO - Started process (PID=3505) to work on /opt/airflow/dags/dags_python_template.py
[2025-05-12T08:54:14.786+0000] {processor.py:914} INFO - Processing file /opt/airflow/dags/dags_python_template.py for tasks to queue
[2025-05-12T08:54:14.787+0000] {logging_mixin.py:190} INFO - [2025-05-12T08:54:14.787+0000] {dagbag.py:588} INFO - Filling up the DagBag from /opt/airflow/dags/dags_python_template.py
[2025-05-12T08:54:14.802+0000] {processor.py:925} INFO - DAG(s) 'dags_python_template' retrieved from /opt/airflow/dags/dags_python_template.py
[2025-05-12T08:54:14.833+0000] {logging_mixin.py:190} INFO - [2025-05-12T08:54:14.832+0000] {dag.py:3239} INFO - Sync 1 DAGs
[2025-05-12T08:54:14.869+0000] {logging_mixin.py:190} INFO - [2025-05-12T08:54:14.869+0000] {dag.py:4180} INFO - Setting next_dagrun for dags_python_template to 2025-05-12 00:30:00+00:00, run_after=2025-05-13 00:30:00+00:00
[2025-05-12T08:54:14.899+0000] {processor.py:208} INFO - Processing /opt/airflow/dags/dags_python_template.py took 0.123 seconds
[2025-05-12T08:54:45.498+0000] {processor.py:186} INFO - Started process (PID=3587) to work on /opt/airflow/dags/dags_python_template.py
[2025-05-12T08:54:45.499+0000] {processor.py:914} INFO - Processing file /opt/airflow/dags/dags_python_template.py for tasks to queue
[2025-05-12T08:54:45.501+0000] {logging_mixin.py:190} INFO - [2025-05-12T08:54:45.500+0000] {dagbag.py:588} INFO - Filling up the DagBag from /opt/airflow/dags/dags_python_template.py
[2025-05-12T08:54:45.512+0000] {processor.py:925} INFO - DAG(s) 'dags_python_template' retrieved from /opt/airflow/dags/dags_python_template.py
[2025-05-12T08:54:45.532+0000] {logging_mixin.py:190} INFO - [2025-05-12T08:54:45.532+0000] {dag.py:3239} INFO - Sync 1 DAGs
[2025-05-12T08:54:45.559+0000] {logging_mixin.py:190} INFO - [2025-05-12T08:54:45.558+0000] {dag.py:4180} INFO - Setting next_dagrun for dags_python_template to 2025-05-12 00:30:00+00:00, run_after=2025-05-13 00:30:00+00:00
[2025-05-12T08:54:45.586+0000] {processor.py:208} INFO - Processing /opt/airflow/dags/dags_python_template.py took 0.095 seconds
[2025-05-12T08:55:15.929+0000] {processor.py:186} INFO - Started process (PID=3669) to work on /opt/airflow/dags/dags_python_template.py
[2025-05-12T08:55:15.930+0000] {processor.py:914} INFO - Processing file /opt/airflow/dags/dags_python_template.py for tasks to queue
[2025-05-12T08:55:15.932+0000] {logging_mixin.py:190} INFO - [2025-05-12T08:55:15.931+0000] {dagbag.py:588} INFO - Filling up the DagBag from /opt/airflow/dags/dags_python_template.py
[2025-05-12T08:55:15.942+0000] {processor.py:925} INFO - DAG(s) 'dags_python_template' retrieved from /opt/airflow/dags/dags_python_template.py
[2025-05-12T08:55:15.964+0000] {logging_mixin.py:190} INFO - [2025-05-12T08:55:15.963+0000] {dag.py:3239} INFO - Sync 1 DAGs
[2025-05-12T08:55:15.991+0000] {logging_mixin.py:190} INFO - [2025-05-12T08:55:15.991+0000] {dag.py:4180} INFO - Setting next_dagrun for dags_python_template to 2025-05-12 00:30:00+00:00, run_after=2025-05-13 00:30:00+00:00
[2025-05-12T08:55:16.011+0000] {processor.py:208} INFO - Processing /opt/airflow/dags/dags_python_template.py took 0.089 seconds
[2025-05-12T08:55:46.278+0000] {processor.py:186} INFO - Started process (PID=3752) to work on /opt/airflow/dags/dags_python_template.py
[2025-05-12T08:55:46.279+0000] {processor.py:914} INFO - Processing file /opt/airflow/dags/dags_python_template.py for tasks to queue
[2025-05-12T08:55:46.281+0000] {logging_mixin.py:190} INFO - [2025-05-12T08:55:46.280+0000] {dagbag.py:588} INFO - Filling up the DagBag from /opt/airflow/dags/dags_python_template.py
[2025-05-12T08:55:46.291+0000] {processor.py:925} INFO - DAG(s) 'dags_python_template' retrieved from /opt/airflow/dags/dags_python_template.py
[2025-05-12T08:55:46.313+0000] {logging_mixin.py:190} INFO - [2025-05-12T08:55:46.312+0000] {dag.py:3239} INFO - Sync 1 DAGs
[2025-05-12T08:55:46.339+0000] {logging_mixin.py:190} INFO - [2025-05-12T08:55:46.339+0000] {dag.py:4180} INFO - Setting next_dagrun for dags_python_template to 2025-05-12 00:30:00+00:00, run_after=2025-05-13 00:30:00+00:00
[2025-05-12T08:55:46.362+0000] {processor.py:208} INFO - Processing /opt/airflow/dags/dags_python_template.py took 0.090 seconds
[2025-05-12T08:56:16.787+0000] {processor.py:186} INFO - Started process (PID=3834) to work on /opt/airflow/dags/dags_python_template.py
[2025-05-12T08:56:16.789+0000] {processor.py:914} INFO - Processing file /opt/airflow/dags/dags_python_template.py for tasks to queue
[2025-05-12T08:56:16.791+0000] {logging_mixin.py:190} INFO - [2025-05-12T08:56:16.791+0000] {dagbag.py:588} INFO - Filling up the DagBag from /opt/airflow/dags/dags_python_template.py
[2025-05-12T08:56:16.804+0000] {processor.py:925} INFO - DAG(s) 'dags_python_template' retrieved from /opt/airflow/dags/dags_python_template.py
[2025-05-12T08:56:16.830+0000] {logging_mixin.py:190} INFO - [2025-05-12T08:56:16.829+0000] {dag.py:3239} INFO - Sync 1 DAGs
[2025-05-12T08:56:16.866+0000] {logging_mixin.py:190} INFO - [2025-05-12T08:56:16.866+0000] {dag.py:4180} INFO - Setting next_dagrun for dags_python_template to 2025-05-12 00:30:00+00:00, run_after=2025-05-13 00:30:00+00:00
[2025-05-12T08:56:16.896+0000] {processor.py:208} INFO - Processing /opt/airflow/dags/dags_python_template.py took 0.117 seconds
[2025-05-12T08:56:47.190+0000] {processor.py:186} INFO - Started process (PID=3916) to work on /opt/airflow/dags/dags_python_template.py
[2025-05-12T08:56:47.196+0000] {processor.py:914} INFO - Processing file /opt/airflow/dags/dags_python_template.py for tasks to queue
[2025-05-12T08:56:47.198+0000] {logging_mixin.py:190} INFO - [2025-05-12T08:56:47.198+0000] {dagbag.py:588} INFO - Filling up the DagBag from /opt/airflow/dags/dags_python_template.py
[2025-05-12T08:56:47.210+0000] {processor.py:925} INFO - DAG(s) 'dags_python_template' retrieved from /opt/airflow/dags/dags_python_template.py
[2025-05-12T08:56:47.230+0000] {logging_mixin.py:190} INFO - [2025-05-12T08:56:47.230+0000] {dag.py:3239} INFO - Sync 1 DAGs
[2025-05-12T08:56:47.257+0000] {logging_mixin.py:190} INFO - [2025-05-12T08:56:47.257+0000] {dag.py:4180} INFO - Setting next_dagrun for dags_python_template to 2025-05-12 00:30:00+00:00, run_after=2025-05-13 00:30:00+00:00
[2025-05-12T08:56:47.279+0000] {processor.py:208} INFO - Processing /opt/airflow/dags/dags_python_template.py took 0.095 seconds
[2025-05-12T08:57:17.401+0000] {processor.py:186} INFO - Started process (PID=3998) to work on /opt/airflow/dags/dags_python_template.py
[2025-05-12T08:57:17.402+0000] {processor.py:914} INFO - Processing file /opt/airflow/dags/dags_python_template.py for tasks to queue
[2025-05-12T08:57:17.403+0000] {logging_mixin.py:190} INFO - [2025-05-12T08:57:17.403+0000] {dagbag.py:588} INFO - Filling up the DagBag from /opt/airflow/dags/dags_python_template.py
[2025-05-12T08:57:17.416+0000] {processor.py:925} INFO - DAG(s) 'dags_python_template' retrieved from /opt/airflow/dags/dags_python_template.py
[2025-05-12T08:57:17.440+0000] {logging_mixin.py:190} INFO - [2025-05-12T08:57:17.440+0000] {dag.py:3239} INFO - Sync 1 DAGs
[2025-05-12T08:57:17.472+0000] {logging_mixin.py:190} INFO - [2025-05-12T08:57:17.471+0000] {dag.py:4180} INFO - Setting next_dagrun for dags_python_template to 2025-05-12 00:30:00+00:00, run_after=2025-05-13 00:30:00+00:00
[2025-05-12T08:57:17.494+0000] {processor.py:208} INFO - Processing /opt/airflow/dags/dags_python_template.py took 0.101 seconds
[2025-05-12T08:57:48.163+0000] {processor.py:186} INFO - Started process (PID=4079) to work on /opt/airflow/dags/dags_python_template.py
[2025-05-12T08:57:48.165+0000] {processor.py:914} INFO - Processing file /opt/airflow/dags/dags_python_template.py for tasks to queue
[2025-05-12T08:57:48.166+0000] {logging_mixin.py:190} INFO - [2025-05-12T08:57:48.166+0000] {dagbag.py:588} INFO - Filling up the DagBag from /opt/airflow/dags/dags_python_template.py
[2025-05-12T08:57:48.179+0000] {processor.py:925} INFO - DAG(s) 'dags_python_template' retrieved from /opt/airflow/dags/dags_python_template.py
[2025-05-12T08:57:48.209+0000] {logging_mixin.py:190} INFO - [2025-05-12T08:57:48.209+0000] {dag.py:3239} INFO - Sync 1 DAGs
[2025-05-12T08:57:48.245+0000] {logging_mixin.py:190} INFO - [2025-05-12T08:57:48.244+0000] {dag.py:4180} INFO - Setting next_dagrun for dags_python_template to 2025-05-12 00:30:00+00:00, run_after=2025-05-13 00:30:00+00:00
[2025-05-12T08:57:48.271+0000] {processor.py:208} INFO - Processing /opt/airflow/dags/dags_python_template.py took 0.116 seconds
[2025-05-12T08:58:18.696+0000] {processor.py:186} INFO - Started process (PID=4158) to work on /opt/airflow/dags/dags_python_template.py
[2025-05-12T08:58:18.697+0000] {processor.py:914} INFO - Processing file /opt/airflow/dags/dags_python_template.py for tasks to queue
[2025-05-12T08:58:18.698+0000] {logging_mixin.py:190} INFO - [2025-05-12T08:58:18.698+0000] {dagbag.py:588} INFO - Filling up the DagBag from /opt/airflow/dags/dags_python_template.py
[2025-05-12T08:58:18.711+0000] {processor.py:925} INFO - DAG(s) 'dags_python_template' retrieved from /opt/airflow/dags/dags_python_template.py
[2025-05-12T08:58:18.733+0000] {logging_mixin.py:190} INFO - [2025-05-12T08:58:18.733+0000] {dag.py:3239} INFO - Sync 1 DAGs
[2025-05-12T08:58:18.765+0000] {logging_mixin.py:190} INFO - [2025-05-12T08:58:18.764+0000] {dag.py:4180} INFO - Setting next_dagrun for dags_python_template to 2025-05-12 00:30:00+00:00, run_after=2025-05-13 00:30:00+00:00
[2025-05-12T08:58:18.792+0000] {processor.py:208} INFO - Processing /opt/airflow/dags/dags_python_template.py took 0.104 seconds
[2025-05-12T08:58:49.388+0000] {processor.py:186} INFO - Started process (PID=4239) to work on /opt/airflow/dags/dags_python_template.py
[2025-05-12T08:58:49.389+0000] {processor.py:914} INFO - Processing file /opt/airflow/dags/dags_python_template.py for tasks to queue
[2025-05-12T08:58:49.391+0000] {logging_mixin.py:190} INFO - [2025-05-12T08:58:49.390+0000] {dagbag.py:588} INFO - Filling up the DagBag from /opt/airflow/dags/dags_python_template.py
[2025-05-12T08:58:49.403+0000] {processor.py:925} INFO - DAG(s) 'dags_python_template' retrieved from /opt/airflow/dags/dags_python_template.py
[2025-05-12T08:58:49.427+0000] {logging_mixin.py:190} INFO - [2025-05-12T08:58:49.426+0000] {dag.py:3239} INFO - Sync 1 DAGs
[2025-05-12T08:58:49.462+0000] {logging_mixin.py:190} INFO - [2025-05-12T08:58:49.462+0000] {dag.py:4180} INFO - Setting next_dagrun for dags_python_template to 2025-05-12 00:30:00+00:00, run_after=2025-05-13 00:30:00+00:00
[2025-05-12T08:58:49.491+0000] {processor.py:208} INFO - Processing /opt/airflow/dags/dags_python_template.py took 0.111 seconds
[2025-05-12T08:59:20.668+0000] {processor.py:186} INFO - Started process (PID=4315) to work on /opt/airflow/dags/dags_python_template.py
[2025-05-12T08:59:20.670+0000] {processor.py:914} INFO - Processing file /opt/airflow/dags/dags_python_template.py for tasks to queue
[2025-05-12T08:59:20.672+0000] {logging_mixin.py:190} INFO - [2025-05-12T08:59:20.671+0000] {dagbag.py:588} INFO - Filling up the DagBag from /opt/airflow/dags/dags_python_template.py
[2025-05-12T08:59:20.687+0000] {processor.py:925} INFO - DAG(s) 'dags_python_template' retrieved from /opt/airflow/dags/dags_python_template.py
[2025-05-12T08:59:20.720+0000] {logging_mixin.py:190} INFO - [2025-05-12T08:59:20.719+0000] {dag.py:3239} INFO - Sync 1 DAGs
[2025-05-12T08:59:20.758+0000] {logging_mixin.py:190} INFO - [2025-05-12T08:59:20.757+0000] {dag.py:4180} INFO - Setting next_dagrun for dags_python_template to 2025-05-12 00:30:00+00:00, run_after=2025-05-13 00:30:00+00:00
[2025-05-12T08:59:20.795+0000] {processor.py:208} INFO - Processing /opt/airflow/dags/dags_python_template.py took 0.136 seconds
[2025-05-12T08:59:51.498+0000] {processor.py:186} INFO - Started process (PID=4395) to work on /opt/airflow/dags/dags_python_template.py
[2025-05-12T08:59:51.500+0000] {processor.py:914} INFO - Processing file /opt/airflow/dags/dags_python_template.py for tasks to queue
[2025-05-12T08:59:51.502+0000] {logging_mixin.py:190} INFO - [2025-05-12T08:59:51.501+0000] {dagbag.py:588} INFO - Filling up the DagBag from /opt/airflow/dags/dags_python_template.py
[2025-05-12T08:59:51.526+0000] {processor.py:925} INFO - DAG(s) 'dags_python_template' retrieved from /opt/airflow/dags/dags_python_template.py
[2025-05-12T08:59:51.558+0000] {logging_mixin.py:190} INFO - [2025-05-12T08:59:51.558+0000] {dag.py:3239} INFO - Sync 1 DAGs
[2025-05-12T08:59:51.595+0000] {logging_mixin.py:190} INFO - [2025-05-12T08:59:51.595+0000] {dag.py:4180} INFO - Setting next_dagrun for dags_python_template to 2025-05-12 00:30:00+00:00, run_after=2025-05-13 00:30:00+00:00
[2025-05-12T08:59:51.628+0000] {processor.py:208} INFO - Processing /opt/airflow/dags/dags_python_template.py took 0.138 seconds
[2025-05-12T09:00:21.995+0000] {processor.py:186} INFO - Started process (PID=4475) to work on /opt/airflow/dags/dags_python_template.py
[2025-05-12T09:00:21.996+0000] {processor.py:914} INFO - Processing file /opt/airflow/dags/dags_python_template.py for tasks to queue
[2025-05-12T09:00:21.998+0000] {logging_mixin.py:190} INFO - [2025-05-12T09:00:21.997+0000] {dagbag.py:588} INFO - Filling up the DagBag from /opt/airflow/dags/dags_python_template.py
[2025-05-12T09:00:22.013+0000] {processor.py:925} INFO - DAG(s) 'dags_python_template' retrieved from /opt/airflow/dags/dags_python_template.py
[2025-05-12T09:00:22.039+0000] {logging_mixin.py:190} INFO - [2025-05-12T09:00:22.039+0000] {dag.py:3239} INFO - Sync 1 DAGs
[2025-05-12T09:00:22.072+0000] {logging_mixin.py:190} INFO - [2025-05-12T09:00:22.071+0000] {dag.py:4180} INFO - Setting next_dagrun for dags_python_template to 2025-05-12 00:30:00+00:00, run_after=2025-05-13 00:30:00+00:00
[2025-05-12T09:00:22.100+0000] {processor.py:208} INFO - Processing /opt/airflow/dags/dags_python_template.py took 0.112 seconds
[2025-05-12T09:00:52.396+0000] {processor.py:186} INFO - Started process (PID=4554) to work on /opt/airflow/dags/dags_python_template.py
[2025-05-12T09:00:52.398+0000] {processor.py:914} INFO - Processing file /opt/airflow/dags/dags_python_template.py for tasks to queue
[2025-05-12T09:00:52.399+0000] {logging_mixin.py:190} INFO - [2025-05-12T09:00:52.399+0000] {dagbag.py:588} INFO - Filling up the DagBag from /opt/airflow/dags/dags_python_template.py
[2025-05-12T09:00:52.416+0000] {processor.py:925} INFO - DAG(s) 'dags_python_template' retrieved from /opt/airflow/dags/dags_python_template.py
[2025-05-12T09:00:52.463+0000] {logging_mixin.py:190} INFO - [2025-05-12T09:00:52.463+0000] {dag.py:3239} INFO - Sync 1 DAGs
[2025-05-12T09:00:52.505+0000] {logging_mixin.py:190} INFO - [2025-05-12T09:00:52.505+0000] {dag.py:4180} INFO - Setting next_dagrun for dags_python_template to 2025-05-12 00:30:00+00:00, run_after=2025-05-13 00:30:00+00:00
[2025-05-12T09:00:52.536+0000] {processor.py:208} INFO - Processing /opt/airflow/dags/dags_python_template.py took 0.148 seconds
