[2025-05-19T00:18:34.379+0000] {local_task_job_runner.py:123} INFO - ::group::Pre task execution logs
[2025-05-19T00:18:34.408+0000] {taskinstance.py:2614} INFO - Dependencies all met for dep_context=non-requeueable deps ti=<TaskInstance: dags_python_template.python_t2 scheduled__2025-05-12T00:30:00+00:00 [queued]>
[2025-05-19T00:18:34.424+0000] {taskinstance.py:2614} INFO - Dependencies all met for dep_context=requeueable deps ti=<TaskInstance: dags_python_template.python_t2 scheduled__2025-05-12T00:30:00+00:00 [queued]>
[2025-05-19T00:18:34.425+0000] {taskinstance.py:2867} INFO - Starting attempt 1 of 1
[2025-05-19T00:18:34.629+0000] {taskinstance.py:2890} INFO - Executing <Task(_PythonDecoratedOperator): python_t2> on 2025-05-12 00:30:00+00:00
[2025-05-19T00:18:34.640+0000] {warnings.py:112} WARNING - /home/***/.local/lib/python3.12/site-packages/***/task/task_runner/standard_task_runner.py:70: DeprecationWarning: This process (pid=167) is multi-threaded, use of fork() may lead to deadlocks in the child.
  pid = os.fork()

[2025-05-19T00:18:34.642+0000] {standard_task_runner.py:72} INFO - Started process 238 to run task
[2025-05-19T00:18:34.643+0000] {standard_task_runner.py:104} INFO - Running: ['***', 'tasks', 'run', 'dags_python_template', 'python_t2', 'scheduled__2025-05-12T00:30:00+00:00', '--job-id', '207', '--raw', '--subdir', 'DAGS_FOLDER/dags_python_template.py', '--cfg-path', '/tmp/tmpm_pcufl3']
[2025-05-19T00:18:34.644+0000] {standard_task_runner.py:105} INFO - Job 207: Subtask python_t2
[2025-05-19T00:18:34.713+0000] {task_command.py:467} INFO - Running <TaskInstance: dags_python_template.python_t2 scheduled__2025-05-12T00:30:00+00:00 [running]> on host 11348a8299f1
[2025-05-19T00:18:34.846+0000] {taskinstance.py:3134} INFO - Exporting env vars: AIRFLOW_CTX_DAG_OWNER='***' AIRFLOW_CTX_DAG_ID='dags_python_template' AIRFLOW_CTX_TASK_ID='python_t2' AIRFLOW_CTX_EXECUTION_DATE='2025-05-12T00:30:00+00:00' AIRFLOW_CTX_TRY_NUMBER='1' AIRFLOW_CTX_DAG_RUN_ID='scheduled__2025-05-12T00:30:00+00:00'
[2025-05-19T00:18:34.847+0000] {logging_mixin.py:190} INFO - Task instance is in running state
[2025-05-19T00:18:34.848+0000] {logging_mixin.py:190} INFO -  Previous state of the Task instance: queued
[2025-05-19T00:18:34.848+0000] {logging_mixin.py:190} INFO - Current task name:python_t2 state:running start_date:2025-05-19 00:18:34.409133+00:00
[2025-05-19T00:18:34.848+0000] {logging_mixin.py:190} INFO - Dag name:dags_python_template and current dag run status:running
[2025-05-19T00:18:34.848+0000] {taskinstance.py:732} INFO - ::endgroup::
[2025-05-19T00:18:34.849+0000] {logging_mixin.py:190} INFO - {'conf': <Proxy at 0x7fc30c9de000 with factory functools.partial(<function lazy_mapping_from_context.<locals>._deprecated_proxy_factory at 0x7fc30c98bba0>, 'conf', <***.configuration.AirflowConfigParser object at 0x7fc33f0567b0>)>, 'dag': <DAG: dags_python_template>, 'dag_run': <DagRun dags_python_template @ 2025-05-12 00:30:00+00:00: scheduled__2025-05-12T00:30:00+00:00, state:running, queued_at: 2025-05-19 00:18:13.148848+00:00. externally triggered: False>, 'data_interval_end': DateTime(2025, 5, 13, 0, 30, 0, tzinfo=Timezone('UTC')), 'data_interval_start': DateTime(2025, 5, 12, 0, 30, 0, tzinfo=Timezone('UTC')), 'outlet_events': <***.utils.context.OutletEventAccessors object at 0x7fc33ee690d0>, 'ds': '2025-05-12', 'ds_nodash': '20250512', 'execution_date': <Proxy at 0x7fc33ed70540 with factory functools.partial(<function lazy_mapping_from_context.<locals>._deprecated_proxy_factory at 0x7fc30c98bba0>, 'execution_date', DateTime(2025, 5, 12, 0, 30, 0, tzinfo=Timezone('UTC')))>, 'expanded_ti_count': None, 'inlets': [], 'inlet_events': InletEventsAccessors(_inlets=[], _datasets={}, _dataset_aliases={}, _session=<sqlalchemy.orm.session.Session object at 0x7fc33ee6aa50>), 'logical_date': DateTime(2025, 5, 12, 0, 30, 0, tzinfo=Timezone('UTC')), 'macros': <module '***.macros' from '/home/***/.local/lib/python3.12/site-packages/***/macros/__init__.py'>, 'map_index_template': None, 'next_ds': <Proxy at 0x7fc31e2ce8c0 with factory functools.partial(<function lazy_mapping_from_context.<locals>._deprecated_proxy_factory at 0x7fc30c98bba0>, 'next_ds', '2025-05-13')>, 'next_ds_nodash': <Proxy at 0x7fc30c9e9d40 with factory functools.partial(<function lazy_mapping_from_context.<locals>._deprecated_proxy_factory at 0x7fc30c98bba0>, 'next_ds_nodash', '20250513')>, 'next_execution_date': <Proxy at 0x7fc30c9f3240 with factory functools.partial(<function lazy_mapping_from_context.<locals>._deprecated_proxy_factory at 0x7fc30c98bba0>, 'next_execution_date', DateTime(2025, 5, 13, 0, 30, 0, tzinfo=Timezone('UTC')))>, 'outlets': [], 'params': {}, 'prev_data_interval_start_success': DateTime(2025, 5, 11, 0, 30, 0, tzinfo=Timezone('UTC')), 'prev_data_interval_end_success': DateTime(2025, 5, 12, 0, 30, 0, tzinfo=Timezone('UTC')), 'prev_ds': <Proxy at 0x7fc30c97ff00 with factory functools.partial(<function lazy_mapping_from_context.<locals>._deprecated_proxy_factory at 0x7fc30c98bba0>, 'prev_ds', '2025-05-11')>, 'prev_ds_nodash': <Proxy at 0x7fc30c97c380 with factory functools.partial(<function lazy_mapping_from_context.<locals>._deprecated_proxy_factory at 0x7fc30c98bba0>, 'prev_ds_nodash', '20250511')>, 'prev_execution_date': <Proxy at 0x7fc320a349c0 with factory functools.partial(<function lazy_mapping_from_context.<locals>._deprecated_proxy_factory at 0x7fc30c98bba0>, 'prev_execution_date', DateTime(2025, 5, 11, 0, 30, 0, tzinfo=Timezone('UTC')))>, 'prev_execution_date_success': <Proxy at 0x7fc30c9d2c80 with factory functools.partial(<function lazy_mapping_from_context.<locals>._deprecated_proxy_factory at 0x7fc30c98bba0>, 'prev_execution_date_success', DateTime(2025, 5, 11, 0, 30, 0, tzinfo=Timezone('UTC')))>, 'prev_start_date_success': DateTime(2025, 5, 12, 8, 32, 32, 403824, tzinfo=Timezone('UTC')), 'prev_end_date_success': DateTime(2025, 5, 12, 8, 33, 48, 401744, tzinfo=Timezone('UTC')), 'run_id': 'scheduled__2025-05-12T00:30:00+00:00', 'task': <Task(_PythonDecoratedOperator): python_t2>, 'task_instance': <TaskInstance: dags_python_template.python_t2 scheduled__2025-05-12T00:30:00+00:00 [running]>, 'task_instance_key_str': 'dags_python_template__python_t2__20250512', 'test_mode': False, 'ti': <TaskInstance: dags_python_template.python_t2 scheduled__2025-05-12T00:30:00+00:00 [running]>, 'tomorrow_ds': <Proxy at 0x7fc30ca34f00 with factory functools.partial(<function lazy_mapping_from_context.<locals>._deprecated_proxy_factory at 0x7fc30c98bba0>, 'tomorrow_ds', '2025-05-13')>, 'tomorrow_ds_nodash': <Proxy at 0x7fc30ca34f40 with factory functools.partial(<function lazy_mapping_from_context.<locals>._deprecated_proxy_factory at 0x7fc30c98bba0>, 'tomorrow_ds_nodash', '20250513')>, 'triggering_dataset_events': <Proxy at 0x7fc30c9c9940 with factory <function _get_template_context.<locals>.get_triggering_events at 0x7fc339f00400>>, 'ts': '2025-05-12T00:30:00+00:00', 'ts_nodash': '20250512T003000', 'ts_nodash_with_tz': '20250512T003000+0000', 'var': {'json': None, 'value': None}, 'conn': None, 'yesterday_ds': <Proxy at 0x7fc30ca34f80 with factory functools.partial(<function lazy_mapping_from_context.<locals>._deprecated_proxy_factory at 0x7fc30c98bba0>, 'yesterday_ds', '2025-05-11')>, 'yesterday_ds_nodash': <Proxy at 0x7fc30ca34fc0 with factory functools.partial(<function lazy_mapping_from_context.<locals>._deprecated_proxy_factory at 0x7fc30c98bba0>, 'yesterday_ds_nodash', '20250511')>, 'templates_dict': None}
[2025-05-19T00:18:34.850+0000] {logging_mixin.py:190} INFO - ds: 2025-05-12
[2025-05-19T00:18:34.850+0000] {logging_mixin.py:190} INFO - ts: 2025-05-12T00:30:00+00:00
[2025-05-19T00:18:34.850+0000] {logging_mixin.py:190} INFO - data_interval_start: 2025-05-12 00:30:00+00:00
[2025-05-19T00:18:34.851+0000] {logging_mixin.py:190} INFO - data_interval_end: 2025-05-13 00:30:00+00:00
[2025-05-19T00:18:34.851+0000] {logging_mixin.py:190} INFO - task_instance: <TaskInstance: dags_python_template.python_t2 scheduled__2025-05-12T00:30:00+00:00 [running]>
[2025-05-19T00:18:34.851+0000] {python.py:240} INFO - Done. Returned value was: None
[2025-05-19T00:18:34.864+0000] {taskinstance.py:341} INFO - ::group::Post task execution logs
[2025-05-19T00:18:34.865+0000] {taskinstance.py:353} INFO - Marking task as SUCCESS. dag_id=dags_python_template, task_id=python_t2, run_id=scheduled__2025-05-12T00:30:00+00:00, execution_date=20250512T003000, start_date=20250519T001834, end_date=20250519T001834
[2025-05-19T00:18:34.900+0000] {logging_mixin.py:190} INFO - Task instance in success state
[2025-05-19T00:18:34.901+0000] {logging_mixin.py:190} INFO -  Previous state of the Task instance: running
[2025-05-19T00:18:34.901+0000] {logging_mixin.py:190} INFO - Dag name:dags_python_template queued_at:2025-05-19 00:18:13.148848+00:00
[2025-05-19T00:18:34.902+0000] {logging_mixin.py:190} INFO - Task hostname:11348a8299f1 operator:_PythonDecoratedOperator
[2025-05-19T00:18:34.940+0000] {local_task_job_runner.py:266} INFO - Task exited with return code 0
[2025-05-19T00:18:34.960+0000] {taskinstance.py:3901} INFO - 0 downstream tasks scheduled from follow-on schedule check
[2025-05-19T00:18:34.964+0000] {local_task_job_runner.py:245} INFO - ::endgroup::
