[2025-05-06T08:28:08.197+0000] {local_task_job_runner.py:123} INFO - ::group::Pre task execution logs
[2025-05-06T08:28:08.214+0000] {taskinstance.py:2614} INFO - Dependencies all met for dep_context=non-requeueable deps ti=<TaskInstance: dags_python_with_op_args.regist_t1 manual__2025-05-06T08:28:05.607179+00:00 [queued]>
[2025-05-06T08:28:08.223+0000] {taskinstance.py:2614} INFO - Dependencies all met for dep_context=requeueable deps ti=<TaskInstance: dags_python_with_op_args.regist_t1 manual__2025-05-06T08:28:05.607179+00:00 [queued]>
[2025-05-06T08:28:08.223+0000] {taskinstance.py:2867} INFO - Starting attempt 1 of 1
[2025-05-06T08:28:08.239+0000] {taskinstance.py:2890} INFO - Executing <Task(PythonOperator): regist_t1> on 2025-05-06 08:28:05.607179+00:00
[2025-05-06T08:28:08.248+0000] {warnings.py:112} WARNING - /home/***/.local/lib/python3.12/site-packages/***/task/task_runner/standard_task_runner.py:70: DeprecationWarning: This process (pid=400) is multi-threaded, use of fork() may lead to deadlocks in the child.
  pid = os.fork()

[2025-05-06T08:28:08.249+0000] {standard_task_runner.py:72} INFO - Started process 406 to run task
[2025-05-06T08:28:08.250+0000] {standard_task_runner.py:104} INFO - Running: ['***', 'tasks', 'run', 'dags_python_with_op_args', 'regist_t1', 'manual__2025-05-06T08:28:05.607179+00:00', '--job-id', '37', '--raw', '--subdir', 'DAGS_FOLDER/dags_python_with_op_args.py', '--cfg-path', '/tmp/tmpwc448t_x']
[2025-05-06T08:28:08.251+0000] {standard_task_runner.py:105} INFO - Job 37: Subtask regist_t1
[2025-05-06T08:28:08.497+0000] {task_command.py:467} INFO - Running <TaskInstance: dags_python_with_op_args.regist_t1 manual__2025-05-06T08:28:05.607179+00:00 [running]> on host 11348a8299f1
[2025-05-06T08:28:08.569+0000] {taskinstance.py:3134} INFO - Exporting env vars: AIRFLOW_CTX_DAG_OWNER='***' AIRFLOW_CTX_DAG_ID='dags_python_with_op_args' AIRFLOW_CTX_TASK_ID='regist_t1' AIRFLOW_CTX_EXECUTION_DATE='2025-05-06T08:28:05.607179+00:00' AIRFLOW_CTX_TRY_NUMBER='1' AIRFLOW_CTX_DAG_RUN_ID='manual__2025-05-06T08:28:05.607179+00:00'
[2025-05-06T08:28:08.570+0000] {logging_mixin.py:190} INFO - Task instance is in running state
[2025-05-06T08:28:08.570+0000] {logging_mixin.py:190} INFO -  Previous state of the Task instance: queued
[2025-05-06T08:28:08.570+0000] {logging_mixin.py:190} INFO - Current task name:regist_t1 state:running start_date:2025-05-06 08:28:08.215142+00:00
[2025-05-06T08:28:08.570+0000] {logging_mixin.py:190} INFO - Dag name:dags_python_with_op_args and current dag run status:running
[2025-05-06T08:28:08.571+0000] {taskinstance.py:732} INFO - ::endgroup::
[2025-05-06T08:28:08.571+0000] {logging_mixin.py:190} INFO - 이름: yj
[2025-05-06T08:28:08.571+0000] {logging_mixin.py:190} INFO - 성별: woman
[2025-05-06T08:28:08.571+0000] {logging_mixin.py:190} INFO - 기타: ('kr',)
[2025-05-06T08:28:08.571+0000] {python.py:240} INFO - Done. Returned value was: None
[2025-05-06T08:28:08.581+0000] {taskinstance.py:341} INFO - ::group::Post task execution logs
[2025-05-06T08:28:08.581+0000] {taskinstance.py:353} INFO - Marking task as SUCCESS. dag_id=dags_python_with_op_args, task_id=regist_t1, run_id=manual__2025-05-06T08:28:05.607179+00:00, execution_date=20250506T082805, start_date=20250506T082808, end_date=20250506T082808
[2025-05-06T08:28:08.609+0000] {logging_mixin.py:190} INFO - Task instance in success state
[2025-05-06T08:28:08.609+0000] {logging_mixin.py:190} INFO -  Previous state of the Task instance: running
[2025-05-06T08:28:08.609+0000] {logging_mixin.py:190} INFO - Dag name:dags_python_with_op_args queued_at:2025-05-06 08:28:05.634917+00:00
[2025-05-06T08:28:08.609+0000] {logging_mixin.py:190} INFO - Task hostname:11348a8299f1 operator:PythonOperator
[2025-05-06T08:28:08.625+0000] {local_task_job_runner.py:266} INFO - Task exited with return code 0
[2025-05-06T08:28:08.796+0000] {taskinstance.py:3901} INFO - 0 downstream tasks scheduled from follow-on schedule check
[2025-05-06T08:28:08.798+0000] {local_task_job_runner.py:245} INFO - ::endgroup::
