[2025-05-19T00:18:23.581+0000] {local_task_job_runner.py:123} INFO - ::group::Pre task execution logs
[2025-05-19T00:18:23.660+0000] {taskinstance.py:2614} INFO - Dependencies all met for dep_context=non-requeueable deps ti=<TaskInstance: dags_python_import_func.task_get_sftp scheduled__2025-05-11T21:30:00+00:00 [queued]>
[2025-05-19T00:18:23.682+0000] {taskinstance.py:2614} INFO - Dependencies all met for dep_context=requeueable deps ti=<TaskInstance: dags_python_import_func.task_get_sftp scheduled__2025-05-11T21:30:00+00:00 [queued]>
[2025-05-19T00:18:23.683+0000] {taskinstance.py:2867} INFO - Starting attempt 1 of 1
[2025-05-19T00:18:24.053+0000] {taskinstance.py:2890} INFO - Executing <Task(PythonOperator): task_get_sftp> on 2025-05-11 21:30:00+00:00
[2025-05-19T00:18:24.080+0000] {warnings.py:112} WARNING - /home/***/.local/lib/python3.12/site-packages/***/task/task_runner/standard_task_runner.py:70: DeprecationWarning: This process (pid=78) is multi-threaded, use of fork() may lead to deadlocks in the child.
  pid = os.fork()

[2025-05-19T00:18:24.086+0000] {standard_task_runner.py:72} INFO - Started process 123 to run task
[2025-05-19T00:18:24.085+0000] {standard_task_runner.py:104} INFO - Running: ['***', 'tasks', 'run', 'dags_python_import_func', 'task_get_sftp', 'scheduled__2025-05-11T21:30:00+00:00', '--job-id', '170', '--raw', '--subdir', 'DAGS_FOLDER/dags_python_import_func.py', '--cfg-path', '/tmp/tmp3fev8ppo']
[2025-05-19T00:18:24.089+0000] {standard_task_runner.py:105} INFO - Job 170: Subtask task_get_sftp
[2025-05-19T00:18:24.214+0000] {task_command.py:467} INFO - Running <TaskInstance: dags_python_import_func.task_get_sftp scheduled__2025-05-11T21:30:00+00:00 [running]> on host 11348a8299f1
[2025-05-19T00:18:24.456+0000] {taskinstance.py:3134} INFO - Exporting env vars: AIRFLOW_CTX_DAG_OWNER='***' AIRFLOW_CTX_DAG_ID='dags_python_import_func' AIRFLOW_CTX_TASK_ID='task_get_sftp' AIRFLOW_CTX_EXECUTION_DATE='2025-05-11T21:30:00+00:00' AIRFLOW_CTX_TRY_NUMBER='1' AIRFLOW_CTX_DAG_RUN_ID='scheduled__2025-05-11T21:30:00+00:00'
[2025-05-19T00:18:24.459+0000] {logging_mixin.py:190} INFO - Task instance is in running state
[2025-05-19T00:18:24.459+0000] {logging_mixin.py:190} INFO -  Previous state of the Task instance: queued
[2025-05-19T00:18:24.460+0000] {logging_mixin.py:190} INFO - Current task name:task_get_sftp state:running start_date:2025-05-19 00:18:23.661788+00:00
[2025-05-19T00:18:24.460+0000] {logging_mixin.py:190} INFO - Dag name:dags_python_import_func and current dag run status:running
[2025-05-19T00:18:24.461+0000] {taskinstance.py:732} INFO - ::endgroup::
[2025-05-19T00:18:24.462+0000] {logging_mixin.py:190} INFO - sftp 작업을 시작합니다
[2025-05-19T00:18:24.463+0000] {python.py:240} INFO - Done. Returned value was: None
[2025-05-19T00:18:24.492+0000] {taskinstance.py:341} INFO - ::group::Post task execution logs
[2025-05-19T00:18:24.493+0000] {taskinstance.py:353} INFO - Marking task as SUCCESS. dag_id=dags_python_import_func, task_id=task_get_sftp, run_id=scheduled__2025-05-11T21:30:00+00:00, execution_date=20250511T213000, start_date=20250519T001823, end_date=20250519T001824
[2025-05-19T00:18:24.545+0000] {logging_mixin.py:190} INFO - Task instance in success state
[2025-05-19T00:18:24.546+0000] {logging_mixin.py:190} INFO -  Previous state of the Task instance: running
[2025-05-19T00:18:24.546+0000] {logging_mixin.py:190} INFO - Dag name:dags_python_import_func queued_at:2025-05-19 00:18:13.208115+00:00
[2025-05-19T00:18:24.547+0000] {logging_mixin.py:190} INFO - Task hostname:11348a8299f1 operator:PythonOperator
[2025-05-19T00:18:24.602+0000] {local_task_job_runner.py:266} INFO - Task exited with return code 0
[2025-05-19T00:18:24.619+0000] {local_task_job_runner.py:245} INFO - ::endgroup::
