[2025-05-19T00:18:23.567+0000] {local_task_job_runner.py:123} INFO - ::group::Pre task execution logs
[2025-05-19T00:18:23.625+0000] {taskinstance.py:2614} INFO - Dependencies all met for dep_context=non-requeueable deps ti=<TaskInstance: dags_python_template.python_t1 scheduled__2025-05-12T00:30:00+00:00 [queued]>
[2025-05-19T00:18:23.641+0000] {taskinstance.py:2614} INFO - Dependencies all met for dep_context=requeueable deps ti=<TaskInstance: dags_python_template.python_t1 scheduled__2025-05-12T00:30:00+00:00 [queued]>
[2025-05-19T00:18:23.642+0000] {taskinstance.py:2867} INFO - Starting attempt 1 of 1
[2025-05-19T00:18:23.992+0000] {taskinstance.py:2890} INFO - Executing <Task(PythonOperator): python_t1> on 2025-05-12 00:30:00+00:00
[2025-05-19T00:18:24.011+0000] {warnings.py:112} WARNING - /home/***/.local/lib/python3.12/site-packages/***/task/task_runner/standard_task_runner.py:70: DeprecationWarning: This process (pid=76) is multi-threaded, use of fork() may lead to deadlocks in the child.
  pid = os.fork()

[2025-05-19T00:18:24.015+0000] {standard_task_runner.py:72} INFO - Started process 108 to run task
[2025-05-19T00:18:24.024+0000] {standard_task_runner.py:104} INFO - Running: ['***', 'tasks', 'run', 'dags_python_template', 'python_t1', 'scheduled__2025-05-12T00:30:00+00:00', '--job-id', '172', '--raw', '--subdir', 'DAGS_FOLDER/dags_python_template.py', '--cfg-path', '/tmp/tmpvfizvbll']
[2025-05-19T00:18:24.027+0000] {standard_task_runner.py:105} INFO - Job 172: Subtask python_t1
[2025-05-19T00:18:24.192+0000] {task_command.py:467} INFO - Running <TaskInstance: dags_python_template.python_t1 scheduled__2025-05-12T00:30:00+00:00 [running]> on host 11348a8299f1
[2025-05-19T00:18:24.415+0000] {taskinstance.py:3134} INFO - Exporting env vars: AIRFLOW_CTX_DAG_OWNER='***' AIRFLOW_CTX_DAG_ID='dags_python_template' AIRFLOW_CTX_TASK_ID='python_t1' AIRFLOW_CTX_EXECUTION_DATE='2025-05-12T00:30:00+00:00' AIRFLOW_CTX_TRY_NUMBER='1' AIRFLOW_CTX_DAG_RUN_ID='scheduled__2025-05-12T00:30:00+00:00'
[2025-05-19T00:18:24.417+0000] {logging_mixin.py:190} INFO - Task instance is in running state
[2025-05-19T00:18:24.419+0000] {logging_mixin.py:190} INFO -  Previous state of the Task instance: queued
[2025-05-19T00:18:24.419+0000] {logging_mixin.py:190} INFO - Current task name:python_t1 state:running start_date:2025-05-19 00:18:23.626361+00:00
[2025-05-19T00:18:24.420+0000] {logging_mixin.py:190} INFO - Dag name:dags_python_template and current dag run status:running
[2025-05-19T00:18:24.420+0000] {taskinstance.py:732} INFO - ::endgroup::
[2025-05-19T00:18:24.421+0000] {logging_mixin.py:190} INFO - 2025-05-12
[2025-05-19T00:18:24.422+0000] {logging_mixin.py:190} INFO - 2025-05-13
[2025-05-19T00:18:24.422+0000] {python.py:240} INFO - Done. Returned value was: None
[2025-05-19T00:18:24.447+0000] {taskinstance.py:341} INFO - ::group::Post task execution logs
[2025-05-19T00:18:24.448+0000] {taskinstance.py:353} INFO - Marking task as SUCCESS. dag_id=dags_python_template, task_id=python_t1, run_id=scheduled__2025-05-12T00:30:00+00:00, execution_date=20250512T003000, start_date=20250519T001823, end_date=20250519T001824
[2025-05-19T00:18:24.514+0000] {logging_mixin.py:190} INFO - Task instance in success state
[2025-05-19T00:18:24.515+0000] {logging_mixin.py:190} INFO -  Previous state of the Task instance: running
[2025-05-19T00:18:24.516+0000] {logging_mixin.py:190} INFO - Dag name:dags_python_template queued_at:2025-05-19 00:18:13.148848+00:00
[2025-05-19T00:18:24.516+0000] {logging_mixin.py:190} INFO - Task hostname:11348a8299f1 operator:PythonOperator
[2025-05-19T00:18:24.536+0000] {local_task_job_runner.py:266} INFO - Task exited with return code 0
[2025-05-19T00:18:24.559+0000] {local_task_job_runner.py:245} INFO - ::endgroup::
