[2025-05-19T00:30:03.758+0000] {local_task_job_runner.py:123} INFO - ::group::Pre task execution logs
[2025-05-19T00:30:03.777+0000] {taskinstance.py:2614} INFO - Dependencies all met for dep_context=non-requeueable deps ti=<TaskInstance: dags_python_template.python_t2 scheduled__2025-05-18T00:30:00+00:00 [queued]>
[2025-05-19T00:30:03.787+0000] {taskinstance.py:2614} INFO - Dependencies all met for dep_context=requeueable deps ti=<TaskInstance: dags_python_template.python_t2 scheduled__2025-05-18T00:30:00+00:00 [queued]>
[2025-05-19T00:30:03.787+0000] {taskinstance.py:2867} INFO - Starting attempt 1 of 1
[2025-05-19T00:30:03.934+0000] {taskinstance.py:2890} INFO - Executing <Task(_PythonDecoratedOperator): python_t2> on 2025-05-18 00:30:00+00:00
[2025-05-19T00:30:03.941+0000] {warnings.py:112} WARNING - /home/***/.local/lib/python3.12/site-packages/***/task/task_runner/standard_task_runner.py:70: DeprecationWarning: This process (pid=406) is multi-threaded, use of fork() may lead to deadlocks in the child.
  pid = os.fork()

[2025-05-19T00:30:03.942+0000] {standard_task_runner.py:72} INFO - Started process 413 to run task
[2025-05-19T00:30:03.943+0000] {standard_task_runner.py:104} INFO - Running: ['***', 'tasks', 'run', 'dags_python_template', 'python_t2', 'scheduled__2025-05-18T00:30:00+00:00', '--job-id', '215', '--raw', '--subdir', 'DAGS_FOLDER/dags_python_template.py', '--cfg-path', '/tmp/tmps36qh714']
[2025-05-19T00:30:03.944+0000] {standard_task_runner.py:105} INFO - Job 215: Subtask python_t2
[2025-05-19T00:30:03.983+0000] {task_command.py:467} INFO - Running <TaskInstance: dags_python_template.python_t2 scheduled__2025-05-18T00:30:00+00:00 [running]> on host 11348a8299f1
[2025-05-19T00:30:04.058+0000] {taskinstance.py:3134} INFO - Exporting env vars: AIRFLOW_CTX_DAG_OWNER='***' AIRFLOW_CTX_DAG_ID='dags_python_template' AIRFLOW_CTX_TASK_ID='python_t2' AIRFLOW_CTX_EXECUTION_DATE='2025-05-18T00:30:00+00:00' AIRFLOW_CTX_TRY_NUMBER='1' AIRFLOW_CTX_DAG_RUN_ID='scheduled__2025-05-18T00:30:00+00:00'
[2025-05-19T00:30:04.059+0000] {logging_mixin.py:190} INFO - Task instance is in running state
[2025-05-19T00:30:04.059+0000] {logging_mixin.py:190} INFO -  Previous state of the Task instance: queued
[2025-05-19T00:30:04.059+0000] {logging_mixin.py:190} INFO - Current task name:python_t2 state:running start_date:2025-05-19 00:30:03.777806+00:00
[2025-05-19T00:30:04.059+0000] {logging_mixin.py:190} INFO - Dag name:dags_python_template and current dag run status:running
[2025-05-19T00:30:04.059+0000] {taskinstance.py:732} INFO - ::endgroup::
[2025-05-19T00:30:04.060+0000] {logging_mixin.py:190} INFO - {'conf': <Proxy at 0x7fc31e27e680 with factory functools.partial(<function lazy_mapping_from_context.<locals>._deprecated_proxy_factory at 0x7fc30ca7e160>, 'conf', <***.configuration.AirflowConfigParser object at 0x7fc33f0567b0>)>, 'dag': <DAG: dags_python_template>, 'dag_run': <DagRun dags_python_template @ 2025-05-18 00:30:00+00:00: scheduled__2025-05-18T00:30:00+00:00, state:running, queued_at: 2025-05-19 00:30:00.088592+00:00. externally triggered: False>, 'data_interval_end': DateTime(2025, 5, 19, 0, 30, 0, tzinfo=Timezone('UTC')), 'data_interval_start': DateTime(2025, 5, 18, 0, 30, 0, tzinfo=Timezone('UTC')), 'outlet_events': <***.utils.context.OutletEventAccessors object at 0x7fc339b62330>, 'ds': '2025-05-18', 'ds_nodash': '20250518', 'execution_date': <Proxy at 0x7fc30c9bb440 with factory functools.partial(<function lazy_mapping_from_context.<locals>._deprecated_proxy_factory at 0x7fc30ca7e160>, 'execution_date', DateTime(2025, 5, 18, 0, 30, 0, tzinfo=Timezone('UTC')))>, 'expanded_ti_count': None, 'inlets': [], 'inlet_events': InletEventsAccessors(_inlets=[], _datasets={}, _dataset_aliases={}, _session=<sqlalchemy.orm.session.Session object at 0x7fc33ee696a0>), 'logical_date': DateTime(2025, 5, 18, 0, 30, 0, tzinfo=Timezone('UTC')), 'macros': <module '***.macros' from '/home/***/.local/lib/python3.12/site-packages/***/macros/__init__.py'>, 'map_index_template': None, 'next_ds': <Proxy at 0x7fc31e23b940 with factory functools.partial(<function lazy_mapping_from_context.<locals>._deprecated_proxy_factory at 0x7fc30ca7e160>, 'next_ds', '2025-05-19')>, 'next_ds_nodash': <Proxy at 0x7fc31e238300 with factory functools.partial(<function lazy_mapping_from_context.<locals>._deprecated_proxy_factory at 0x7fc30ca7e160>, 'next_ds_nodash', '20250519')>, 'next_execution_date': <Proxy at 0x7fc30ca24840 with factory functools.partial(<function lazy_mapping_from_context.<locals>._deprecated_proxy_factory at 0x7fc30ca7e160>, 'next_execution_date', DateTime(2025, 5, 19, 0, 30, 0, tzinfo=Timezone('UTC')))>, 'outlets': [], 'params': {}, 'prev_data_interval_start_success': DateTime(2025, 5, 17, 0, 30, 0, tzinfo=Timezone('UTC')), 'prev_data_interval_end_success': DateTime(2025, 5, 18, 0, 30, 0, tzinfo=Timezone('UTC')), 'prev_ds': <Proxy at 0x7fc30ca24b80 with factory functools.partial(<function lazy_mapping_from_context.<locals>._deprecated_proxy_factory at 0x7fc30ca7e160>, 'prev_ds', '2025-05-17')>, 'prev_ds_nodash': <Proxy at 0x7fc30ca25700 with factory functools.partial(<function lazy_mapping_from_context.<locals>._deprecated_proxy_factory at 0x7fc30ca7e160>, 'prev_ds_nodash', '20250517')>, 'prev_execution_date': <Proxy at 0x7fc30ca24a40 with factory functools.partial(<function lazy_mapping_from_context.<locals>._deprecated_proxy_factory at 0x7fc30ca7e160>, 'prev_execution_date', DateTime(2025, 5, 17, 0, 30, 0, tzinfo=Timezone('UTC')))>, 'prev_execution_date_success': <Proxy at 0x7fc30ca247c0 with factory functools.partial(<function lazy_mapping_from_context.<locals>._deprecated_proxy_factory at 0x7fc30ca7e160>, 'prev_execution_date_success', DateTime(2025, 5, 17, 0, 30, 0, tzinfo=Timezone('UTC')))>, 'prev_start_date_success': DateTime(2025, 5, 19, 0, 18, 13, 916956, tzinfo=Timezone('UTC')), 'prev_end_date_success': DateTime(2025, 5, 19, 0, 18, 33, 314003, tzinfo=Timezone('UTC')), 'run_id': 'scheduled__2025-05-18T00:30:00+00:00', 'task': <Task(_PythonDecoratedOperator): python_t2>, 'task_instance': <TaskInstance: dags_python_template.python_t2 scheduled__2025-05-18T00:30:00+00:00 [running]>, 'task_instance_key_str': 'dags_python_template__python_t2__20250518', 'test_mode': False, 'ti': <TaskInstance: dags_python_template.python_t2 scheduled__2025-05-18T00:30:00+00:00 [running]>, 'tomorrow_ds': <Proxy at 0x7fc30ca24640 with factory functools.partial(<function lazy_mapping_from_context.<locals>._deprecated_proxy_factory at 0x7fc30ca7e160>, 'tomorrow_ds', '2025-05-19')>, 'tomorrow_ds_nodash': <Proxy at 0x7fc30ca24600 with factory functools.partial(<function lazy_mapping_from_context.<locals>._deprecated_proxy_factory at 0x7fc30ca7e160>, 'tomorrow_ds_nodash', '20250519')>, 'triggering_dataset_events': <Proxy at 0x7fc30c9cfa00 with factory <function _get_template_context.<locals>.get_triggering_events at 0x7fc30ca7f6a0>>, 'ts': '2025-05-18T00:30:00+00:00', 'ts_nodash': '20250518T003000', 'ts_nodash_with_tz': '20250518T003000+0000', 'var': {'json': None, 'value': None}, 'conn': None, 'yesterday_ds': <Proxy at 0x7fc30ca245c0 with factory functools.partial(<function lazy_mapping_from_context.<locals>._deprecated_proxy_factory at 0x7fc30ca7e160>, 'yesterday_ds', '2025-05-17')>, 'yesterday_ds_nodash': <Proxy at 0x7fc30ca24580 with factory functools.partial(<function lazy_mapping_from_context.<locals>._deprecated_proxy_factory at 0x7fc30ca7e160>, 'yesterday_ds_nodash', '20250517')>, 'templates_dict': None}
[2025-05-19T00:30:04.061+0000] {logging_mixin.py:190} INFO - ds: 2025-05-18
[2025-05-19T00:30:04.061+0000] {logging_mixin.py:190} INFO - ts: 2025-05-18T00:30:00+00:00
[2025-05-19T00:30:04.061+0000] {logging_mixin.py:190} INFO - data_interval_start: 2025-05-18 00:30:00+00:00
[2025-05-19T00:30:04.061+0000] {logging_mixin.py:190} INFO - data_interval_end: 2025-05-19 00:30:00+00:00
[2025-05-19T00:30:04.062+0000] {logging_mixin.py:190} INFO - task_instance: <TaskInstance: dags_python_template.python_t2 scheduled__2025-05-18T00:30:00+00:00 [running]>
[2025-05-19T00:30:04.062+0000] {python.py:240} INFO - Done. Returned value was: None
[2025-05-19T00:30:04.070+0000] {taskinstance.py:341} INFO - ::group::Post task execution logs
[2025-05-19T00:30:04.070+0000] {taskinstance.py:353} INFO - Marking task as SUCCESS. dag_id=dags_python_template, task_id=python_t2, run_id=scheduled__2025-05-18T00:30:00+00:00, execution_date=20250518T003000, start_date=20250519T003003, end_date=20250519T003004
[2025-05-19T00:30:04.094+0000] {logging_mixin.py:190} INFO - Task instance in success state
[2025-05-19T00:30:04.094+0000] {logging_mixin.py:190} INFO -  Previous state of the Task instance: running
[2025-05-19T00:30:04.095+0000] {logging_mixin.py:190} INFO - Dag name:dags_python_template queued_at:2025-05-19 00:30:00.088592+00:00
[2025-05-19T00:30:04.095+0000] {logging_mixin.py:190} INFO - Task hostname:11348a8299f1 operator:_PythonDecoratedOperator
[2025-05-19T00:30:04.117+0000] {local_task_job_runner.py:266} INFO - Task exited with return code 0
[2025-05-19T00:30:04.130+0000] {taskinstance.py:3901} INFO - 0 downstream tasks scheduled from follow-on schedule check
[2025-05-19T00:30:04.133+0000] {local_task_job_runner.py:245} INFO - ::endgroup::
