[2025-05-09T22:20:41.371+0000] {local_task_job_runner.py:123} INFO - ::group::Pre task execution logs
[2025-05-09T22:20:41.402+0000] {taskinstance.py:2614} INFO - Dependencies all met for dep_context=non-requeueable deps ti=<TaskInstance: dags_python_operator.py_t1 scheduled__2025-05-08T15:10:00+00:00 [queued]>
[2025-05-09T22:20:41.417+0000] {taskinstance.py:2614} INFO - Dependencies all met for dep_context=requeueable deps ti=<TaskInstance: dags_python_operator.py_t1 scheduled__2025-05-08T15:10:00+00:00 [queued]>
[2025-05-09T22:20:41.418+0000] {taskinstance.py:2867} INFO - Starting attempt 1 of 1
[2025-05-09T22:20:41.691+0000] {taskinstance.py:2890} INFO - Executing <Task(PythonOperator): py_t1> on 2025-05-08 15:10:00+00:00
[2025-05-09T22:20:41.705+0000] {warnings.py:112} WARNING - /home/***/.local/lib/python3.12/site-packages/***/task/task_runner/standard_task_runner.py:70: DeprecationWarning: This process (pid=5573) is multi-threaded, use of fork() may lead to deadlocks in the child.
  pid = os.fork()

[2025-05-09T22:20:41.707+0000] {standard_task_runner.py:72} INFO - Started process 5622 to run task
[2025-05-09T22:20:41.711+0000] {standard_task_runner.py:104} INFO - Running: ['***', 'tasks', 'run', 'dags_python_operator', 'py_t1', 'scheduled__2025-05-08T15:10:00+00:00', '--job-id', '106', '--raw', '--subdir', 'DAGS_FOLDER/dags_python_operator.py', '--cfg-path', '/tmp/tmpceam1r1i']
[2025-05-09T22:20:41.712+0000] {standard_task_runner.py:105} INFO - Job 106: Subtask py_t1
[2025-05-09T22:20:41.814+0000] {task_command.py:467} INFO - Running <TaskInstance: dags_python_operator.py_t1 scheduled__2025-05-08T15:10:00+00:00 [running]> on host 11348a8299f1
[2025-05-09T22:20:41.969+0000] {taskinstance.py:3134} INFO - Exporting env vars: AIRFLOW_CTX_DAG_OWNER='***' AIRFLOW_CTX_DAG_ID='dags_python_operator' AIRFLOW_CTX_TASK_ID='py_t1' AIRFLOW_CTX_EXECUTION_DATE='2025-05-08T15:10:00+00:00' AIRFLOW_CTX_TRY_NUMBER='1' AIRFLOW_CTX_DAG_RUN_ID='scheduled__2025-05-08T15:10:00+00:00'
[2025-05-09T22:20:41.971+0000] {logging_mixin.py:190} INFO - Task instance is in running state
[2025-05-09T22:20:41.971+0000] {logging_mixin.py:190} INFO -  Previous state of the Task instance: queued
[2025-05-09T22:20:41.971+0000] {logging_mixin.py:190} INFO - Current task name:py_t1 state:running start_date:2025-05-09 22:20:41.402994+00:00
[2025-05-09T22:20:41.972+0000] {logging_mixin.py:190} INFO - Dag name:dags_python_operator and current dag run status:running
[2025-05-09T22:20:41.972+0000] {taskinstance.py:732} INFO - ::endgroup::
[2025-05-09T22:20:41.972+0000] {logging_mixin.py:190} INFO - BANANA
[2025-05-09T22:20:41.973+0000] {python.py:240} INFO - Done. Returned value was: None
[2025-05-09T22:20:41.991+0000] {taskinstance.py:341} INFO - ::group::Post task execution logs
[2025-05-09T22:20:41.992+0000] {taskinstance.py:353} INFO - Marking task as SUCCESS. dag_id=dags_python_operator, task_id=py_t1, run_id=scheduled__2025-05-08T15:10:00+00:00, execution_date=20250508T151000, start_date=20250509T222041, end_date=20250509T222041
[2025-05-09T22:20:42.033+0000] {logging_mixin.py:190} INFO - Task instance in success state
[2025-05-09T22:20:42.034+0000] {logging_mixin.py:190} INFO -  Previous state of the Task instance: running
[2025-05-09T22:20:42.034+0000] {logging_mixin.py:190} INFO - Dag name:dags_python_operator queued_at:2025-05-09 15:20:14.072535+00:00
[2025-05-09T22:20:42.034+0000] {logging_mixin.py:190} INFO - Task hostname:11348a8299f1 operator:PythonOperator
[2025-05-09T22:20:42.057+0000] {local_task_job_runner.py:266} INFO - Task exited with return code 0
[2025-05-09T22:20:42.091+0000] {taskinstance.py:3901} INFO - 0 downstream tasks scheduled from follow-on schedule check
[2025-05-09T22:20:42.094+0000] {local_task_job_runner.py:245} INFO - ::endgroup::
[2025-05-09T22:20:44.395+0000] {local_task_job_runner.py:123} INFO - ::group::Pre task execution logs
[2025-05-09T22:20:44.408+0000] {taskinstance.py:2604} INFO - Dependencies not met for <TaskInstance: dags_python_operator.py_t1 scheduled__2025-05-08T15:10:00+00:00 [success]>, dependency 'Task Instance State' FAILED: Task is in the 'success' state.
[2025-05-09T22:20:44.419+0000] {local_task_job_runner.py:166} INFO - Task is not able to be run
[2025-05-09T22:20:44.825+0000] {local_task_job_runner.py:123} INFO - ::group::Pre task execution logs
[2025-05-09T22:20:44.838+0000] {taskinstance.py:2604} INFO - Dependencies not met for <TaskInstance: dags_python_operator.py_t1 scheduled__2025-05-08T15:10:00+00:00 [success]>, dependency 'Task Instance State' FAILED: Task is in the 'success' state.
[2025-05-09T22:20:44.848+0000] {local_task_job_runner.py:166} INFO - Task is not able to be run
