[2025-05-06T08:07:28.010+0000] {processor.py:186} INFO - Started process (PID=75) to work on /opt/airflow/dags/dags_python_operator.py
[2025-05-06T08:07:28.011+0000] {processor.py:914} INFO - Processing file /opt/airflow/dags/dags_python_operator.py for tasks to queue
[2025-05-06T08:07:28.013+0000] {logging_mixin.py:190} INFO - [2025-05-06T08:07:28.012+0000] {dagbag.py:588} INFO - Filling up the DagBag from /opt/airflow/dags/dags_python_operator.py
[2025-05-06T08:07:28.026+0000] {processor.py:925} INFO - DAG(s) 'dags_python_operator' retrieved from /opt/airflow/dags/dags_python_operator.py
[2025-05-06T08:07:28.420+0000] {logging_mixin.py:190} INFO - [2025-05-06T08:07:28.420+0000] {dag.py:3239} INFO - Sync 1 DAGs
[2025-05-06T08:07:28.461+0000] {logging_mixin.py:190} INFO - [2025-05-06T08:07:28.460+0000] {dag.py:4180} INFO - Setting next_dagrun for dags_python_operator to 2025-05-04 15:10:00+00:00, run_after=2025-05-05 15:10:00+00:00
[2025-05-06T08:07:28.512+0000] {processor.py:208} INFO - Processing /opt/airflow/dags/dags_python_operator.py took 0.510 seconds
[2025-05-06T08:07:59.312+0000] {processor.py:186} INFO - Started process (PID=154) to work on /opt/airflow/dags/dags_python_operator.py
[2025-05-06T08:07:59.313+0000] {processor.py:914} INFO - Processing file /opt/airflow/dags/dags_python_operator.py for tasks to queue
[2025-05-06T08:07:59.315+0000] {logging_mixin.py:190} INFO - [2025-05-06T08:07:59.315+0000] {dagbag.py:588} INFO - Filling up the DagBag from /opt/airflow/dags/dags_python_operator.py
[2025-05-06T08:07:59.321+0000] {processor.py:925} INFO - DAG(s) 'dags_python_operator' retrieved from /opt/airflow/dags/dags_python_operator.py
[2025-05-06T08:07:59.335+0000] {logging_mixin.py:190} INFO - [2025-05-06T08:07:59.334+0000] {dag.py:3239} INFO - Sync 1 DAGs
[2025-05-06T08:07:59.355+0000] {logging_mixin.py:190} INFO - [2025-05-06T08:07:59.355+0000] {dag.py:4180} INFO - Setting next_dagrun for dags_python_operator to 2025-05-05 15:10:00+00:00, run_after=2025-05-06 15:10:00+00:00
[2025-05-06T08:07:59.372+0000] {processor.py:208} INFO - Processing /opt/airflow/dags/dags_python_operator.py took 0.066 seconds
[2025-05-06T08:08:29.935+0000] {processor.py:186} INFO - Started process (PID=224) to work on /opt/airflow/dags/dags_python_operator.py
[2025-05-06T08:08:29.936+0000] {processor.py:914} INFO - Processing file /opt/airflow/dags/dags_python_operator.py for tasks to queue
[2025-05-06T08:08:29.939+0000] {logging_mixin.py:190} INFO - [2025-05-06T08:08:29.939+0000] {dagbag.py:588} INFO - Filling up the DagBag from /opt/airflow/dags/dags_python_operator.py
[2025-05-06T08:08:29.949+0000] {processor.py:925} INFO - DAG(s) 'dags_python_operator' retrieved from /opt/airflow/dags/dags_python_operator.py
[2025-05-06T08:08:29.966+0000] {logging_mixin.py:190} INFO - [2025-05-06T08:08:29.966+0000] {dag.py:3239} INFO - Sync 1 DAGs
[2025-05-06T08:08:29.987+0000] {logging_mixin.py:190} INFO - [2025-05-06T08:08:29.987+0000] {dag.py:4180} INFO - Setting next_dagrun for dags_python_operator to 2025-05-05 15:10:00+00:00, run_after=2025-05-06 15:10:00+00:00
[2025-05-06T08:08:30.002+0000] {processor.py:208} INFO - Processing /opt/airflow/dags/dags_python_operator.py took 0.073 seconds
[2025-05-06T08:09:00.415+0000] {processor.py:186} INFO - Started process (PID=294) to work on /opt/airflow/dags/dags_python_operator.py
[2025-05-06T08:09:00.417+0000] {processor.py:914} INFO - Processing file /opt/airflow/dags/dags_python_operator.py for tasks to queue
[2025-05-06T08:09:00.420+0000] {logging_mixin.py:190} INFO - [2025-05-06T08:09:00.419+0000] {dagbag.py:588} INFO - Filling up the DagBag from /opt/airflow/dags/dags_python_operator.py
[2025-05-06T08:09:00.429+0000] {processor.py:925} INFO - DAG(s) 'dags_python_operator' retrieved from /opt/airflow/dags/dags_python_operator.py
[2025-05-06T08:09:00.445+0000] {logging_mixin.py:190} INFO - [2025-05-06T08:09:00.445+0000] {dag.py:3239} INFO - Sync 1 DAGs
[2025-05-06T08:09:00.468+0000] {logging_mixin.py:190} INFO - [2025-05-06T08:09:00.468+0000] {dag.py:4180} INFO - Setting next_dagrun for dags_python_operator to 2025-05-05 15:10:00+00:00, run_after=2025-05-06 15:10:00+00:00
[2025-05-06T08:09:00.485+0000] {processor.py:208} INFO - Processing /opt/airflow/dags/dags_python_operator.py took 0.075 seconds
[2025-05-06T08:09:30.793+0000] {processor.py:186} INFO - Started process (PID=364) to work on /opt/airflow/dags/dags_python_operator.py
[2025-05-06T08:09:30.794+0000] {processor.py:914} INFO - Processing file /opt/airflow/dags/dags_python_operator.py for tasks to queue
[2025-05-06T08:09:30.796+0000] {logging_mixin.py:190} INFO - [2025-05-06T08:09:30.796+0000] {dagbag.py:588} INFO - Filling up the DagBag from /opt/airflow/dags/dags_python_operator.py
[2025-05-06T08:09:30.806+0000] {processor.py:925} INFO - DAG(s) 'dags_python_operator' retrieved from /opt/airflow/dags/dags_python_operator.py
[2025-05-06T08:09:30.823+0000] {logging_mixin.py:190} INFO - [2025-05-06T08:09:30.823+0000] {dag.py:3239} INFO - Sync 1 DAGs
[2025-05-06T08:09:30.843+0000] {logging_mixin.py:190} INFO - [2025-05-06T08:09:30.843+0000] {dag.py:4180} INFO - Setting next_dagrun for dags_python_operator to 2025-05-05 15:10:00+00:00, run_after=2025-05-06 15:10:00+00:00
[2025-05-06T08:09:30.862+0000] {processor.py:208} INFO - Processing /opt/airflow/dags/dags_python_operator.py took 0.073 seconds
[2025-05-06T08:10:01.683+0000] {processor.py:186} INFO - Started process (PID=434) to work on /opt/airflow/dags/dags_python_operator.py
[2025-05-06T08:10:01.684+0000] {processor.py:914} INFO - Processing file /opt/airflow/dags/dags_python_operator.py for tasks to queue
[2025-05-06T08:10:01.686+0000] {logging_mixin.py:190} INFO - [2025-05-06T08:10:01.685+0000] {dagbag.py:588} INFO - Filling up the DagBag from /opt/airflow/dags/dags_python_operator.py
[2025-05-06T08:10:01.692+0000] {processor.py:925} INFO - DAG(s) 'dags_python_operator' retrieved from /opt/airflow/dags/dags_python_operator.py
[2025-05-06T08:10:01.709+0000] {logging_mixin.py:190} INFO - [2025-05-06T08:10:01.709+0000] {dag.py:3239} INFO - Sync 1 DAGs
[2025-05-06T08:10:01.734+0000] {logging_mixin.py:190} INFO - [2025-05-06T08:10:01.734+0000] {dag.py:4180} INFO - Setting next_dagrun for dags_python_operator to 2025-05-05 15:10:00+00:00, run_after=2025-05-06 15:10:00+00:00
[2025-05-06T08:10:01.750+0000] {processor.py:208} INFO - Processing /opt/airflow/dags/dags_python_operator.py took 0.072 seconds
[2025-05-06T08:10:32.531+0000] {processor.py:186} INFO - Started process (PID=504) to work on /opt/airflow/dags/dags_python_operator.py
[2025-05-06T08:10:32.532+0000] {processor.py:914} INFO - Processing file /opt/airflow/dags/dags_python_operator.py for tasks to queue
[2025-05-06T08:10:32.533+0000] {logging_mixin.py:190} INFO - [2025-05-06T08:10:32.533+0000] {dagbag.py:588} INFO - Filling up the DagBag from /opt/airflow/dags/dags_python_operator.py
[2025-05-06T08:10:32.540+0000] {processor.py:925} INFO - DAG(s) 'dags_python_operator' retrieved from /opt/airflow/dags/dags_python_operator.py
[2025-05-06T08:10:32.556+0000] {logging_mixin.py:190} INFO - [2025-05-06T08:10:32.556+0000] {dag.py:3239} INFO - Sync 1 DAGs
[2025-05-06T08:10:32.583+0000] {logging_mixin.py:190} INFO - [2025-05-06T08:10:32.583+0000] {dag.py:4180} INFO - Setting next_dagrun for dags_python_operator to 2025-05-05 15:10:00+00:00, run_after=2025-05-06 15:10:00+00:00
[2025-05-06T08:10:32.600+0000] {processor.py:208} INFO - Processing /opt/airflow/dags/dags_python_operator.py took 0.073 seconds
[2025-05-06T08:11:02.738+0000] {processor.py:186} INFO - Started process (PID=574) to work on /opt/airflow/dags/dags_python_operator.py
[2025-05-06T08:11:02.740+0000] {processor.py:914} INFO - Processing file /opt/airflow/dags/dags_python_operator.py for tasks to queue
[2025-05-06T08:11:02.742+0000] {logging_mixin.py:190} INFO - [2025-05-06T08:11:02.742+0000] {dagbag.py:588} INFO - Filling up the DagBag from /opt/airflow/dags/dags_python_operator.py
[2025-05-06T08:11:02.750+0000] {processor.py:925} INFO - DAG(s) 'dags_python_operator' retrieved from /opt/airflow/dags/dags_python_operator.py
[2025-05-06T08:11:02.764+0000] {logging_mixin.py:190} INFO - [2025-05-06T08:11:02.764+0000] {dag.py:3239} INFO - Sync 1 DAGs
[2025-05-06T08:11:02.783+0000] {logging_mixin.py:190} INFO - [2025-05-06T08:11:02.783+0000] {dag.py:4180} INFO - Setting next_dagrun for dags_python_operator to 2025-05-05 15:10:00+00:00, run_after=2025-05-06 15:10:00+00:00
[2025-05-06T08:11:02.799+0000] {processor.py:208} INFO - Processing /opt/airflow/dags/dags_python_operator.py took 0.065 seconds
[2025-05-06T08:11:32.852+0000] {processor.py:186} INFO - Started process (PID=644) to work on /opt/airflow/dags/dags_python_operator.py
[2025-05-06T08:11:32.855+0000] {processor.py:914} INFO - Processing file /opt/airflow/dags/dags_python_operator.py for tasks to queue
[2025-05-06T08:11:32.857+0000] {logging_mixin.py:190} INFO - [2025-05-06T08:11:32.857+0000] {dagbag.py:588} INFO - Filling up the DagBag from /opt/airflow/dags/dags_python_operator.py
[2025-05-06T08:11:32.863+0000] {processor.py:925} INFO - DAG(s) 'dags_python_operator' retrieved from /opt/airflow/dags/dags_python_operator.py
[2025-05-06T08:11:32.878+0000] {logging_mixin.py:190} INFO - [2025-05-06T08:11:32.877+0000] {dag.py:3239} INFO - Sync 1 DAGs
[2025-05-06T08:11:32.898+0000] {logging_mixin.py:190} INFO - [2025-05-06T08:11:32.897+0000] {dag.py:4180} INFO - Setting next_dagrun for dags_python_operator to 2025-05-05 15:10:00+00:00, run_after=2025-05-06 15:10:00+00:00
[2025-05-06T08:11:32.912+0000] {processor.py:208} INFO - Processing /opt/airflow/dags/dags_python_operator.py took 0.063 seconds
[2025-05-06T08:12:03.465+0000] {processor.py:186} INFO - Started process (PID=714) to work on /opt/airflow/dags/dags_python_operator.py
[2025-05-06T08:12:03.473+0000] {processor.py:914} INFO - Processing file /opt/airflow/dags/dags_python_operator.py for tasks to queue
[2025-05-06T08:12:03.475+0000] {logging_mixin.py:190} INFO - [2025-05-06T08:12:03.474+0000] {dagbag.py:588} INFO - Filling up the DagBag from /opt/airflow/dags/dags_python_operator.py
[2025-05-06T08:12:03.480+0000] {processor.py:925} INFO - DAG(s) 'dags_python_operator' retrieved from /opt/airflow/dags/dags_python_operator.py
[2025-05-06T08:12:03.494+0000] {logging_mixin.py:190} INFO - [2025-05-06T08:12:03.494+0000] {dag.py:3239} INFO - Sync 1 DAGs
[2025-05-06T08:12:03.513+0000] {logging_mixin.py:190} INFO - [2025-05-06T08:12:03.513+0000] {dag.py:4180} INFO - Setting next_dagrun for dags_python_operator to 2025-05-05 15:10:00+00:00, run_after=2025-05-06 15:10:00+00:00
[2025-05-06T08:12:03.530+0000] {processor.py:208} INFO - Processing /opt/airflow/dags/dags_python_operator.py took 0.068 seconds
[2025-05-06T08:12:33.694+0000] {processor.py:186} INFO - Started process (PID=784) to work on /opt/airflow/dags/dags_python_operator.py
[2025-05-06T08:12:33.695+0000] {processor.py:914} INFO - Processing file /opt/airflow/dags/dags_python_operator.py for tasks to queue
[2025-05-06T08:12:33.697+0000] {logging_mixin.py:190} INFO - [2025-05-06T08:12:33.696+0000] {dagbag.py:588} INFO - Filling up the DagBag from /opt/airflow/dags/dags_python_operator.py
[2025-05-06T08:12:33.702+0000] {processor.py:925} INFO - DAG(s) 'dags_python_operator' retrieved from /opt/airflow/dags/dags_python_operator.py
[2025-05-06T08:12:33.717+0000] {logging_mixin.py:190} INFO - [2025-05-06T08:12:33.716+0000] {dag.py:3239} INFO - Sync 1 DAGs
[2025-05-06T08:12:33.739+0000] {logging_mixin.py:190} INFO - [2025-05-06T08:12:33.738+0000] {dag.py:4180} INFO - Setting next_dagrun for dags_python_operator to 2025-05-05 15:10:00+00:00, run_after=2025-05-06 15:10:00+00:00
[2025-05-06T08:12:33.753+0000] {processor.py:208} INFO - Processing /opt/airflow/dags/dags_python_operator.py took 0.063 seconds
[2025-05-06T08:13:03.925+0000] {processor.py:186} INFO - Started process (PID=854) to work on /opt/airflow/dags/dags_python_operator.py
[2025-05-06T08:13:03.929+0000] {processor.py:914} INFO - Processing file /opt/airflow/dags/dags_python_operator.py for tasks to queue
[2025-05-06T08:13:03.931+0000] {logging_mixin.py:190} INFO - [2025-05-06T08:13:03.930+0000] {dagbag.py:588} INFO - Filling up the DagBag from /opt/airflow/dags/dags_python_operator.py
[2025-05-06T08:13:03.937+0000] {processor.py:925} INFO - DAG(s) 'dags_python_operator' retrieved from /opt/airflow/dags/dags_python_operator.py
[2025-05-06T08:13:03.952+0000] {logging_mixin.py:190} INFO - [2025-05-06T08:13:03.952+0000] {dag.py:3239} INFO - Sync 1 DAGs
[2025-05-06T08:13:03.972+0000] {logging_mixin.py:190} INFO - [2025-05-06T08:13:03.972+0000] {dag.py:4180} INFO - Setting next_dagrun for dags_python_operator to 2025-05-05 15:10:00+00:00, run_after=2025-05-06 15:10:00+00:00
[2025-05-06T08:13:03.986+0000] {processor.py:208} INFO - Processing /opt/airflow/dags/dags_python_operator.py took 0.064 seconds
[2025-05-06T08:13:34.161+0000] {processor.py:186} INFO - Started process (PID=924) to work on /opt/airflow/dags/dags_python_operator.py
[2025-05-06T08:13:34.161+0000] {processor.py:914} INFO - Processing file /opt/airflow/dags/dags_python_operator.py for tasks to queue
[2025-05-06T08:13:34.163+0000] {logging_mixin.py:190} INFO - [2025-05-06T08:13:34.162+0000] {dagbag.py:588} INFO - Filling up the DagBag from /opt/airflow/dags/dags_python_operator.py
[2025-05-06T08:13:34.168+0000] {processor.py:925} INFO - DAG(s) 'dags_python_operator' retrieved from /opt/airflow/dags/dags_python_operator.py
[2025-05-06T08:13:34.186+0000] {logging_mixin.py:190} INFO - [2025-05-06T08:13:34.186+0000] {dag.py:3239} INFO - Sync 1 DAGs
[2025-05-06T08:13:34.205+0000] {logging_mixin.py:190} INFO - [2025-05-06T08:13:34.205+0000] {dag.py:4180} INFO - Setting next_dagrun for dags_python_operator to 2025-05-05 15:10:00+00:00, run_after=2025-05-06 15:10:00+00:00
[2025-05-06T08:13:34.220+0000] {processor.py:208} INFO - Processing /opt/airflow/dags/dags_python_operator.py took 0.063 seconds
[2025-05-06T08:14:04.264+0000] {processor.py:186} INFO - Started process (PID=994) to work on /opt/airflow/dags/dags_python_operator.py
[2025-05-06T08:14:04.265+0000] {processor.py:914} INFO - Processing file /opt/airflow/dags/dags_python_operator.py for tasks to queue
[2025-05-06T08:14:04.267+0000] {logging_mixin.py:190} INFO - [2025-05-06T08:14:04.266+0000] {dagbag.py:588} INFO - Filling up the DagBag from /opt/airflow/dags/dags_python_operator.py
[2025-05-06T08:14:04.274+0000] {processor.py:925} INFO - DAG(s) 'dags_python_operator' retrieved from /opt/airflow/dags/dags_python_operator.py
[2025-05-06T08:14:04.288+0000] {logging_mixin.py:190} INFO - [2025-05-06T08:14:04.287+0000] {dag.py:3239} INFO - Sync 1 DAGs
[2025-05-06T08:14:04.306+0000] {logging_mixin.py:190} INFO - [2025-05-06T08:14:04.306+0000] {dag.py:4180} INFO - Setting next_dagrun for dags_python_operator to 2025-05-05 15:10:00+00:00, run_after=2025-05-06 15:10:00+00:00
[2025-05-06T08:14:04.322+0000] {processor.py:208} INFO - Processing /opt/airflow/dags/dags_python_operator.py took 0.062 seconds
[2025-05-06T08:14:34.587+0000] {processor.py:186} INFO - Started process (PID=1064) to work on /opt/airflow/dags/dags_python_operator.py
[2025-05-06T08:14:34.588+0000] {processor.py:914} INFO - Processing file /opt/airflow/dags/dags_python_operator.py for tasks to queue
[2025-05-06T08:14:34.590+0000] {logging_mixin.py:190} INFO - [2025-05-06T08:14:34.590+0000] {dagbag.py:588} INFO - Filling up the DagBag from /opt/airflow/dags/dags_python_operator.py
[2025-05-06T08:14:34.596+0000] {processor.py:925} INFO - DAG(s) 'dags_python_operator' retrieved from /opt/airflow/dags/dags_python_operator.py
[2025-05-06T08:14:34.614+0000] {logging_mixin.py:190} INFO - [2025-05-06T08:14:34.614+0000] {dag.py:3239} INFO - Sync 1 DAGs
[2025-05-06T08:14:34.635+0000] {logging_mixin.py:190} INFO - [2025-05-06T08:14:34.635+0000] {dag.py:4180} INFO - Setting next_dagrun for dags_python_operator to 2025-05-05 15:10:00+00:00, run_after=2025-05-06 15:10:00+00:00
[2025-05-06T08:14:34.651+0000] {processor.py:208} INFO - Processing /opt/airflow/dags/dags_python_operator.py took 0.068 seconds
[2025-05-06T08:15:05.195+0000] {processor.py:186} INFO - Started process (PID=1134) to work on /opt/airflow/dags/dags_python_operator.py
[2025-05-06T08:15:05.196+0000] {processor.py:914} INFO - Processing file /opt/airflow/dags/dags_python_operator.py for tasks to queue
[2025-05-06T08:15:05.197+0000] {logging_mixin.py:190} INFO - [2025-05-06T08:15:05.197+0000] {dagbag.py:588} INFO - Filling up the DagBag from /opt/airflow/dags/dags_python_operator.py
[2025-05-06T08:15:05.203+0000] {processor.py:925} INFO - DAG(s) 'dags_python_operator' retrieved from /opt/airflow/dags/dags_python_operator.py
[2025-05-06T08:15:05.217+0000] {logging_mixin.py:190} INFO - [2025-05-06T08:15:05.217+0000] {dag.py:3239} INFO - Sync 1 DAGs
[2025-05-06T08:15:05.236+0000] {logging_mixin.py:190} INFO - [2025-05-06T08:15:05.236+0000] {dag.py:4180} INFO - Setting next_dagrun for dags_python_operator to 2025-05-05 15:10:00+00:00, run_after=2025-05-06 15:10:00+00:00
[2025-05-06T08:15:05.254+0000] {processor.py:208} INFO - Processing /opt/airflow/dags/dags_python_operator.py took 0.064 seconds
[2025-05-06T08:15:35.408+0000] {processor.py:186} INFO - Started process (PID=1204) to work on /opt/airflow/dags/dags_python_operator.py
[2025-05-06T08:15:35.420+0000] {processor.py:914} INFO - Processing file /opt/airflow/dags/dags_python_operator.py for tasks to queue
[2025-05-06T08:15:35.423+0000] {logging_mixin.py:190} INFO - [2025-05-06T08:15:35.423+0000] {dagbag.py:588} INFO - Filling up the DagBag from /opt/airflow/dags/dags_python_operator.py
[2025-05-06T08:15:35.431+0000] {processor.py:925} INFO - DAG(s) 'dags_python_operator' retrieved from /opt/airflow/dags/dags_python_operator.py
[2025-05-06T08:15:35.449+0000] {logging_mixin.py:190} INFO - [2025-05-06T08:15:35.449+0000] {dag.py:3239} INFO - Sync 1 DAGs
[2025-05-06T08:15:35.471+0000] {logging_mixin.py:190} INFO - [2025-05-06T08:15:35.471+0000] {dag.py:4180} INFO - Setting next_dagrun for dags_python_operator to 2025-05-05 15:10:00+00:00, run_after=2025-05-06 15:10:00+00:00
[2025-05-06T08:15:35.489+0000] {processor.py:208} INFO - Processing /opt/airflow/dags/dags_python_operator.py took 0.085 seconds
[2025-05-06T08:16:06.221+0000] {processor.py:186} INFO - Started process (PID=1274) to work on /opt/airflow/dags/dags_python_operator.py
[2025-05-06T08:16:06.221+0000] {processor.py:914} INFO - Processing file /opt/airflow/dags/dags_python_operator.py for tasks to queue
[2025-05-06T08:16:06.222+0000] {logging_mixin.py:190} INFO - [2025-05-06T08:16:06.222+0000] {dagbag.py:588} INFO - Filling up the DagBag from /opt/airflow/dags/dags_python_operator.py
[2025-05-06T08:16:06.228+0000] {processor.py:925} INFO - DAG(s) 'dags_python_operator' retrieved from /opt/airflow/dags/dags_python_operator.py
[2025-05-06T08:16:06.245+0000] {logging_mixin.py:190} INFO - [2025-05-06T08:16:06.245+0000] {dag.py:3239} INFO - Sync 1 DAGs
[2025-05-06T08:16:06.265+0000] {logging_mixin.py:190} INFO - [2025-05-06T08:16:06.264+0000] {dag.py:4180} INFO - Setting next_dagrun for dags_python_operator to 2025-05-05 15:10:00+00:00, run_after=2025-05-06 15:10:00+00:00
[2025-05-06T08:16:06.282+0000] {processor.py:208} INFO - Processing /opt/airflow/dags/dags_python_operator.py took 0.066 seconds
[2025-05-06T08:16:36.901+0000] {processor.py:186} INFO - Started process (PID=1344) to work on /opt/airflow/dags/dags_python_operator.py
[2025-05-06T08:16:36.905+0000] {processor.py:914} INFO - Processing file /opt/airflow/dags/dags_python_operator.py for tasks to queue
[2025-05-06T08:16:36.907+0000] {logging_mixin.py:190} INFO - [2025-05-06T08:16:36.906+0000] {dagbag.py:588} INFO - Filling up the DagBag from /opt/airflow/dags/dags_python_operator.py
[2025-05-06T08:16:36.913+0000] {processor.py:925} INFO - DAG(s) 'dags_python_operator' retrieved from /opt/airflow/dags/dags_python_operator.py
[2025-05-06T08:16:36.925+0000] {logging_mixin.py:190} INFO - [2025-05-06T08:16:36.925+0000] {dag.py:3239} INFO - Sync 1 DAGs
[2025-05-06T08:16:36.943+0000] {logging_mixin.py:190} INFO - [2025-05-06T08:16:36.943+0000] {dag.py:4180} INFO - Setting next_dagrun for dags_python_operator to 2025-05-05 15:10:00+00:00, run_after=2025-05-06 15:10:00+00:00
[2025-05-06T08:16:36.958+0000] {processor.py:208} INFO - Processing /opt/airflow/dags/dags_python_operator.py took 0.062 seconds
[2025-05-06T08:17:07.692+0000] {processor.py:186} INFO - Started process (PID=1414) to work on /opt/airflow/dags/dags_python_operator.py
[2025-05-06T08:17:07.693+0000] {processor.py:914} INFO - Processing file /opt/airflow/dags/dags_python_operator.py for tasks to queue
[2025-05-06T08:17:07.696+0000] {logging_mixin.py:190} INFO - [2025-05-06T08:17:07.695+0000] {dagbag.py:588} INFO - Filling up the DagBag from /opt/airflow/dags/dags_python_operator.py
[2025-05-06T08:17:07.705+0000] {processor.py:925} INFO - DAG(s) 'dags_python_operator' retrieved from /opt/airflow/dags/dags_python_operator.py
[2025-05-06T08:17:07.724+0000] {logging_mixin.py:190} INFO - [2025-05-06T08:17:07.723+0000] {dag.py:3239} INFO - Sync 1 DAGs
[2025-05-06T08:17:07.747+0000] {logging_mixin.py:190} INFO - [2025-05-06T08:17:07.747+0000] {dag.py:4180} INFO - Setting next_dagrun for dags_python_operator to 2025-05-05 15:10:00+00:00, run_after=2025-05-06 15:10:00+00:00
[2025-05-06T08:17:07.766+0000] {processor.py:208} INFO - Processing /opt/airflow/dags/dags_python_operator.py took 0.079 seconds
[2025-05-06T08:17:37.885+0000] {processor.py:186} INFO - Started process (PID=1484) to work on /opt/airflow/dags/dags_python_operator.py
[2025-05-06T08:17:37.886+0000] {processor.py:914} INFO - Processing file /opt/airflow/dags/dags_python_operator.py for tasks to queue
[2025-05-06T08:17:37.889+0000] {logging_mixin.py:190} INFO - [2025-05-06T08:17:37.888+0000] {dagbag.py:588} INFO - Filling up the DagBag from /opt/airflow/dags/dags_python_operator.py
[2025-05-06T08:17:37.896+0000] {processor.py:925} INFO - DAG(s) 'dags_python_operator' retrieved from /opt/airflow/dags/dags_python_operator.py
[2025-05-06T08:17:37.913+0000] {logging_mixin.py:190} INFO - [2025-05-06T08:17:37.913+0000] {dag.py:3239} INFO - Sync 1 DAGs
[2025-05-06T08:17:37.934+0000] {logging_mixin.py:190} INFO - [2025-05-06T08:17:37.934+0000] {dag.py:4180} INFO - Setting next_dagrun for dags_python_operator to 2025-05-05 15:10:00+00:00, run_after=2025-05-06 15:10:00+00:00
[2025-05-06T08:17:37.951+0000] {processor.py:208} INFO - Processing /opt/airflow/dags/dags_python_operator.py took 0.072 seconds
[2025-05-06T08:18:08.671+0000] {processor.py:186} INFO - Started process (PID=1554) to work on /opt/airflow/dags/dags_python_operator.py
[2025-05-06T08:18:08.672+0000] {processor.py:914} INFO - Processing file /opt/airflow/dags/dags_python_operator.py for tasks to queue
[2025-05-06T08:18:08.674+0000] {logging_mixin.py:190} INFO - [2025-05-06T08:18:08.674+0000] {dagbag.py:588} INFO - Filling up the DagBag from /opt/airflow/dags/dags_python_operator.py
[2025-05-06T08:18:08.681+0000] {processor.py:925} INFO - DAG(s) 'dags_python_operator' retrieved from /opt/airflow/dags/dags_python_operator.py
[2025-05-06T08:18:08.696+0000] {logging_mixin.py:190} INFO - [2025-05-06T08:18:08.696+0000] {dag.py:3239} INFO - Sync 1 DAGs
[2025-05-06T08:18:08.716+0000] {logging_mixin.py:190} INFO - [2025-05-06T08:18:08.715+0000] {dag.py:4180} INFO - Setting next_dagrun for dags_python_operator to 2025-05-05 15:10:00+00:00, run_after=2025-05-06 15:10:00+00:00
[2025-05-06T08:18:08.733+0000] {processor.py:208} INFO - Processing /opt/airflow/dags/dags_python_operator.py took 0.066 seconds
[2025-05-06T08:18:39.367+0000] {processor.py:186} INFO - Started process (PID=1624) to work on /opt/airflow/dags/dags_python_operator.py
[2025-05-06T08:18:39.368+0000] {processor.py:914} INFO - Processing file /opt/airflow/dags/dags_python_operator.py for tasks to queue
[2025-05-06T08:18:39.370+0000] {logging_mixin.py:190} INFO - [2025-05-06T08:18:39.370+0000] {dagbag.py:588} INFO - Filling up the DagBag from /opt/airflow/dags/dags_python_operator.py
[2025-05-06T08:18:39.377+0000] {processor.py:925} INFO - DAG(s) 'dags_python_operator' retrieved from /opt/airflow/dags/dags_python_operator.py
[2025-05-06T08:18:39.393+0000] {logging_mixin.py:190} INFO - [2025-05-06T08:18:39.392+0000] {dag.py:3239} INFO - Sync 1 DAGs
[2025-05-06T08:18:39.418+0000] {logging_mixin.py:190} INFO - [2025-05-06T08:18:39.418+0000] {dag.py:4180} INFO - Setting next_dagrun for dags_python_operator to 2025-05-05 15:10:00+00:00, run_after=2025-05-06 15:10:00+00:00
[2025-05-06T08:18:39.436+0000] {processor.py:208} INFO - Processing /opt/airflow/dags/dags_python_operator.py took 0.074 seconds
[2025-05-06T08:19:10.268+0000] {processor.py:186} INFO - Started process (PID=1694) to work on /opt/airflow/dags/dags_python_operator.py
[2025-05-06T08:19:10.268+0000] {processor.py:914} INFO - Processing file /opt/airflow/dags/dags_python_operator.py for tasks to queue
[2025-05-06T08:19:10.270+0000] {logging_mixin.py:190} INFO - [2025-05-06T08:19:10.270+0000] {dagbag.py:588} INFO - Filling up the DagBag from /opt/airflow/dags/dags_python_operator.py
[2025-05-06T08:19:10.276+0000] {processor.py:925} INFO - DAG(s) 'dags_python_operator' retrieved from /opt/airflow/dags/dags_python_operator.py
[2025-05-06T08:19:10.292+0000] {logging_mixin.py:190} INFO - [2025-05-06T08:19:10.292+0000] {dag.py:3239} INFO - Sync 1 DAGs
[2025-05-06T08:19:10.311+0000] {logging_mixin.py:190} INFO - [2025-05-06T08:19:10.311+0000] {dag.py:4180} INFO - Setting next_dagrun for dags_python_operator to 2025-05-05 15:10:00+00:00, run_after=2025-05-06 15:10:00+00:00
[2025-05-06T08:19:10.329+0000] {processor.py:208} INFO - Processing /opt/airflow/dags/dags_python_operator.py took 0.065 seconds
[2025-05-06T08:19:40.922+0000] {processor.py:186} INFO - Started process (PID=1770) to work on /opt/airflow/dags/dags_python_operator.py
[2025-05-06T08:19:40.923+0000] {processor.py:914} INFO - Processing file /opt/airflow/dags/dags_python_operator.py for tasks to queue
[2025-05-06T08:19:40.925+0000] {logging_mixin.py:190} INFO - [2025-05-06T08:19:40.924+0000] {dagbag.py:588} INFO - Filling up the DagBag from /opt/airflow/dags/dags_python_operator.py
[2025-05-06T08:19:40.930+0000] {processor.py:925} INFO - DAG(s) 'dags_python_operator' retrieved from /opt/airflow/dags/dags_python_operator.py
[2025-05-06T08:19:40.944+0000] {logging_mixin.py:190} INFO - [2025-05-06T08:19:40.944+0000] {dag.py:3239} INFO - Sync 1 DAGs
[2025-05-06T08:19:40.962+0000] {logging_mixin.py:190} INFO - [2025-05-06T08:19:40.962+0000] {dag.py:4180} INFO - Setting next_dagrun for dags_python_operator to 2025-05-05 15:10:00+00:00, run_after=2025-05-06 15:10:00+00:00
[2025-05-06T08:19:40.978+0000] {processor.py:208} INFO - Processing /opt/airflow/dags/dags_python_operator.py took 0.060 seconds
[2025-05-06T08:20:11.755+0000] {processor.py:186} INFO - Started process (PID=1840) to work on /opt/airflow/dags/dags_python_operator.py
[2025-05-06T08:20:11.756+0000] {processor.py:914} INFO - Processing file /opt/airflow/dags/dags_python_operator.py for tasks to queue
[2025-05-06T08:20:11.757+0000] {logging_mixin.py:190} INFO - [2025-05-06T08:20:11.757+0000] {dagbag.py:588} INFO - Filling up the DagBag from /opt/airflow/dags/dags_python_operator.py
[2025-05-06T08:20:11.763+0000] {processor.py:925} INFO - DAG(s) 'dags_python_operator' retrieved from /opt/airflow/dags/dags_python_operator.py
[2025-05-06T08:20:11.779+0000] {logging_mixin.py:190} INFO - [2025-05-06T08:20:11.779+0000] {dag.py:3239} INFO - Sync 1 DAGs
[2025-05-06T08:20:11.797+0000] {logging_mixin.py:190} INFO - [2025-05-06T08:20:11.797+0000] {dag.py:4180} INFO - Setting next_dagrun for dags_python_operator to 2025-05-05 15:10:00+00:00, run_after=2025-05-06 15:10:00+00:00
[2025-05-06T08:20:11.814+0000] {processor.py:208} INFO - Processing /opt/airflow/dags/dags_python_operator.py took 0.063 seconds
[2025-05-06T08:20:42.671+0000] {processor.py:186} INFO - Started process (PID=1910) to work on /opt/airflow/dags/dags_python_operator.py
[2025-05-06T08:20:42.672+0000] {processor.py:914} INFO - Processing file /opt/airflow/dags/dags_python_operator.py for tasks to queue
[2025-05-06T08:20:42.674+0000] {logging_mixin.py:190} INFO - [2025-05-06T08:20:42.674+0000] {dagbag.py:588} INFO - Filling up the DagBag from /opt/airflow/dags/dags_python_operator.py
[2025-05-06T08:20:42.682+0000] {processor.py:925} INFO - DAG(s) 'dags_python_operator' retrieved from /opt/airflow/dags/dags_python_operator.py
[2025-05-06T08:20:42.695+0000] {logging_mixin.py:190} INFO - [2025-05-06T08:20:42.694+0000] {dag.py:3239} INFO - Sync 1 DAGs
[2025-05-06T08:20:42.711+0000] {logging_mixin.py:190} INFO - [2025-05-06T08:20:42.711+0000] {dag.py:4180} INFO - Setting next_dagrun for dags_python_operator to 2025-05-05 15:10:00+00:00, run_after=2025-05-06 15:10:00+00:00
[2025-05-06T08:20:42.725+0000] {processor.py:208} INFO - Processing /opt/airflow/dags/dags_python_operator.py took 0.058 seconds
[2025-05-06T08:21:13.556+0000] {processor.py:186} INFO - Started process (PID=1980) to work on /opt/airflow/dags/dags_python_operator.py
[2025-05-06T08:21:13.563+0000] {processor.py:914} INFO - Processing file /opt/airflow/dags/dags_python_operator.py for tasks to queue
[2025-05-06T08:21:13.565+0000] {logging_mixin.py:190} INFO - [2025-05-06T08:21:13.565+0000] {dagbag.py:588} INFO - Filling up the DagBag from /opt/airflow/dags/dags_python_operator.py
[2025-05-06T08:21:13.571+0000] {processor.py:925} INFO - DAG(s) 'dags_python_operator' retrieved from /opt/airflow/dags/dags_python_operator.py
[2025-05-06T08:21:13.584+0000] {logging_mixin.py:190} INFO - [2025-05-06T08:21:13.584+0000] {dag.py:3239} INFO - Sync 1 DAGs
[2025-05-06T08:21:13.605+0000] {logging_mixin.py:190} INFO - [2025-05-06T08:21:13.604+0000] {dag.py:4180} INFO - Setting next_dagrun for dags_python_operator to 2025-05-05 15:10:00+00:00, run_after=2025-05-06 15:10:00+00:00
[2025-05-06T08:21:13.620+0000] {processor.py:208} INFO - Processing /opt/airflow/dags/dags_python_operator.py took 0.067 seconds
[2025-05-06T08:21:43.644+0000] {processor.py:186} INFO - Started process (PID=2050) to work on /opt/airflow/dags/dags_python_operator.py
[2025-05-06T08:21:43.646+0000] {processor.py:914} INFO - Processing file /opt/airflow/dags/dags_python_operator.py for tasks to queue
[2025-05-06T08:21:43.647+0000] {logging_mixin.py:190} INFO - [2025-05-06T08:21:43.647+0000] {dagbag.py:588} INFO - Filling up the DagBag from /opt/airflow/dags/dags_python_operator.py
[2025-05-06T08:21:43.653+0000] {processor.py:925} INFO - DAG(s) 'dags_python_operator' retrieved from /opt/airflow/dags/dags_python_operator.py
[2025-05-06T08:21:43.668+0000] {logging_mixin.py:190} INFO - [2025-05-06T08:21:43.667+0000] {dag.py:3239} INFO - Sync 1 DAGs
[2025-05-06T08:21:43.685+0000] {logging_mixin.py:190} INFO - [2025-05-06T08:21:43.685+0000] {dag.py:4180} INFO - Setting next_dagrun for dags_python_operator to 2025-05-05 15:10:00+00:00, run_after=2025-05-06 15:10:00+00:00
[2025-05-06T08:21:43.700+0000] {processor.py:208} INFO - Processing /opt/airflow/dags/dags_python_operator.py took 0.059 seconds
[2025-05-06T08:22:14.333+0000] {processor.py:186} INFO - Started process (PID=2120) to work on /opt/airflow/dags/dags_python_operator.py
[2025-05-06T08:22:14.334+0000] {processor.py:914} INFO - Processing file /opt/airflow/dags/dags_python_operator.py for tasks to queue
[2025-05-06T08:22:14.336+0000] {logging_mixin.py:190} INFO - [2025-05-06T08:22:14.336+0000] {dagbag.py:588} INFO - Filling up the DagBag from /opt/airflow/dags/dags_python_operator.py
[2025-05-06T08:22:14.344+0000] {processor.py:925} INFO - DAG(s) 'dags_python_operator' retrieved from /opt/airflow/dags/dags_python_operator.py
[2025-05-06T08:22:14.359+0000] {logging_mixin.py:190} INFO - [2025-05-06T08:22:14.358+0000] {dag.py:3239} INFO - Sync 1 DAGs
[2025-05-06T08:22:14.377+0000] {logging_mixin.py:190} INFO - [2025-05-06T08:22:14.376+0000] {dag.py:4180} INFO - Setting next_dagrun for dags_python_operator to 2025-05-05 15:10:00+00:00, run_after=2025-05-06 15:10:00+00:00
[2025-05-06T08:22:14.395+0000] {processor.py:208} INFO - Processing /opt/airflow/dags/dags_python_operator.py took 0.068 seconds
[2025-05-06T08:22:45.181+0000] {processor.py:186} INFO - Started process (PID=2190) to work on /opt/airflow/dags/dags_python_operator.py
[2025-05-06T08:22:45.184+0000] {processor.py:914} INFO - Processing file /opt/airflow/dags/dags_python_operator.py for tasks to queue
[2025-05-06T08:22:45.186+0000] {logging_mixin.py:190} INFO - [2025-05-06T08:22:45.186+0000] {dagbag.py:588} INFO - Filling up the DagBag from /opt/airflow/dags/dags_python_operator.py
[2025-05-06T08:22:45.194+0000] {processor.py:925} INFO - DAG(s) 'dags_python_operator' retrieved from /opt/airflow/dags/dags_python_operator.py
[2025-05-06T08:22:45.211+0000] {logging_mixin.py:190} INFO - [2025-05-06T08:22:45.211+0000] {dag.py:3239} INFO - Sync 1 DAGs
[2025-05-06T08:22:45.231+0000] {logging_mixin.py:190} INFO - [2025-05-06T08:22:45.231+0000] {dag.py:4180} INFO - Setting next_dagrun for dags_python_operator to 2025-05-05 15:10:00+00:00, run_after=2025-05-06 15:10:00+00:00
[2025-05-06T08:22:45.250+0000] {processor.py:208} INFO - Processing /opt/airflow/dags/dags_python_operator.py took 0.075 seconds
[2025-05-06T08:23:15.908+0000] {processor.py:186} INFO - Started process (PID=2260) to work on /opt/airflow/dags/dags_python_operator.py
[2025-05-06T08:23:15.909+0000] {processor.py:914} INFO - Processing file /opt/airflow/dags/dags_python_operator.py for tasks to queue
[2025-05-06T08:23:15.911+0000] {logging_mixin.py:190} INFO - [2025-05-06T08:23:15.911+0000] {dagbag.py:588} INFO - Filling up the DagBag from /opt/airflow/dags/dags_python_operator.py
[2025-05-06T08:23:15.919+0000] {processor.py:925} INFO - DAG(s) 'dags_python_operator' retrieved from /opt/airflow/dags/dags_python_operator.py
[2025-05-06T08:23:15.936+0000] {logging_mixin.py:190} INFO - [2025-05-06T08:23:15.935+0000] {dag.py:3239} INFO - Sync 1 DAGs
[2025-05-06T08:23:15.959+0000] {logging_mixin.py:190} INFO - [2025-05-06T08:23:15.959+0000] {dag.py:4180} INFO - Setting next_dagrun for dags_python_operator to 2025-05-05 15:10:00+00:00, run_after=2025-05-06 15:10:00+00:00
[2025-05-06T08:23:15.978+0000] {processor.py:208} INFO - Processing /opt/airflow/dags/dags_python_operator.py took 0.076 seconds
[2025-05-06T08:23:46.477+0000] {processor.py:186} INFO - Started process (PID=2330) to work on /opt/airflow/dags/dags_python_operator.py
[2025-05-06T08:23:46.484+0000] {processor.py:914} INFO - Processing file /opt/airflow/dags/dags_python_operator.py for tasks to queue
[2025-05-06T08:23:46.486+0000] {logging_mixin.py:190} INFO - [2025-05-06T08:23:46.486+0000] {dagbag.py:588} INFO - Filling up the DagBag from /opt/airflow/dags/dags_python_operator.py
[2025-05-06T08:23:46.492+0000] {processor.py:925} INFO - DAG(s) 'dags_python_operator' retrieved from /opt/airflow/dags/dags_python_operator.py
[2025-05-06T08:23:46.506+0000] {logging_mixin.py:190} INFO - [2025-05-06T08:23:46.506+0000] {dag.py:3239} INFO - Sync 1 DAGs
[2025-05-06T08:23:46.524+0000] {logging_mixin.py:190} INFO - [2025-05-06T08:23:46.524+0000] {dag.py:4180} INFO - Setting next_dagrun for dags_python_operator to 2025-05-05 15:10:00+00:00, run_after=2025-05-06 15:10:00+00:00
[2025-05-06T08:23:46.539+0000] {processor.py:208} INFO - Processing /opt/airflow/dags/dags_python_operator.py took 0.066 seconds
[2025-05-06T08:24:16.574+0000] {processor.py:186} INFO - Started process (PID=2400) to work on /opt/airflow/dags/dags_python_operator.py
[2025-05-06T08:24:16.576+0000] {processor.py:914} INFO - Processing file /opt/airflow/dags/dags_python_operator.py for tasks to queue
[2025-05-06T08:24:16.578+0000] {logging_mixin.py:190} INFO - [2025-05-06T08:24:16.578+0000] {dagbag.py:588} INFO - Filling up the DagBag from /opt/airflow/dags/dags_python_operator.py
[2025-05-06T08:24:16.584+0000] {processor.py:925} INFO - DAG(s) 'dags_python_operator' retrieved from /opt/airflow/dags/dags_python_operator.py
[2025-05-06T08:24:16.596+0000] {logging_mixin.py:190} INFO - [2025-05-06T08:24:16.596+0000] {dag.py:3239} INFO - Sync 1 DAGs
[2025-05-06T08:24:16.614+0000] {logging_mixin.py:190} INFO - [2025-05-06T08:24:16.614+0000] {dag.py:4180} INFO - Setting next_dagrun for dags_python_operator to 2025-05-05 15:10:00+00:00, run_after=2025-05-06 15:10:00+00:00
[2025-05-06T08:24:16.630+0000] {processor.py:208} INFO - Processing /opt/airflow/dags/dags_python_operator.py took 0.059 seconds
[2025-05-06T08:24:46.746+0000] {processor.py:186} INFO - Started process (PID=2470) to work on /opt/airflow/dags/dags_python_operator.py
[2025-05-06T08:24:46.747+0000] {processor.py:914} INFO - Processing file /opt/airflow/dags/dags_python_operator.py for tasks to queue
[2025-05-06T08:24:46.750+0000] {logging_mixin.py:190} INFO - [2025-05-06T08:24:46.749+0000] {dagbag.py:588} INFO - Filling up the DagBag from /opt/airflow/dags/dags_python_operator.py
[2025-05-06T08:24:46.758+0000] {processor.py:925} INFO - DAG(s) 'dags_python_operator' retrieved from /opt/airflow/dags/dags_python_operator.py
[2025-05-06T08:24:46.779+0000] {logging_mixin.py:190} INFO - [2025-05-06T08:24:46.779+0000] {dag.py:3239} INFO - Sync 1 DAGs
[2025-05-06T08:24:46.800+0000] {logging_mixin.py:190} INFO - [2025-05-06T08:24:46.800+0000] {dag.py:4180} INFO - Setting next_dagrun for dags_python_operator to 2025-05-05 15:10:00+00:00, run_after=2025-05-06 15:10:00+00:00
[2025-05-06T08:24:46.818+0000] {processor.py:208} INFO - Processing /opt/airflow/dags/dags_python_operator.py took 0.079 seconds
[2025-05-06T08:25:17.437+0000] {processor.py:186} INFO - Started process (PID=2540) to work on /opt/airflow/dags/dags_python_operator.py
[2025-05-06T08:25:17.438+0000] {processor.py:914} INFO - Processing file /opt/airflow/dags/dags_python_operator.py for tasks to queue
[2025-05-06T08:25:17.440+0000] {logging_mixin.py:190} INFO - [2025-05-06T08:25:17.439+0000] {dagbag.py:588} INFO - Filling up the DagBag from /opt/airflow/dags/dags_python_operator.py
[2025-05-06T08:25:17.447+0000] {processor.py:925} INFO - DAG(s) 'dags_python_operator' retrieved from /opt/airflow/dags/dags_python_operator.py
[2025-05-06T08:25:17.462+0000] {logging_mixin.py:190} INFO - [2025-05-06T08:25:17.462+0000] {dag.py:3239} INFO - Sync 1 DAGs
[2025-05-06T08:25:17.485+0000] {logging_mixin.py:190} INFO - [2025-05-06T08:25:17.485+0000] {dag.py:4180} INFO - Setting next_dagrun for dags_python_operator to 2025-05-05 15:10:00+00:00, run_after=2025-05-06 15:10:00+00:00
[2025-05-06T08:25:17.502+0000] {processor.py:208} INFO - Processing /opt/airflow/dags/dags_python_operator.py took 0.069 seconds
[2025-05-06T08:25:47.710+0000] {processor.py:186} INFO - Started process (PID=2610) to work on /opt/airflow/dags/dags_python_operator.py
[2025-05-06T08:25:47.712+0000] {processor.py:914} INFO - Processing file /opt/airflow/dags/dags_python_operator.py for tasks to queue
[2025-05-06T08:25:47.715+0000] {logging_mixin.py:190} INFO - [2025-05-06T08:25:47.715+0000] {dagbag.py:588} INFO - Filling up the DagBag from /opt/airflow/dags/dags_python_operator.py
[2025-05-06T08:25:47.725+0000] {processor.py:925} INFO - DAG(s) 'dags_python_operator' retrieved from /opt/airflow/dags/dags_python_operator.py
[2025-05-06T08:25:47.744+0000] {logging_mixin.py:190} INFO - [2025-05-06T08:25:47.743+0000] {dag.py:3239} INFO - Sync 1 DAGs
[2025-05-06T08:25:47.771+0000] {logging_mixin.py:190} INFO - [2025-05-06T08:25:47.770+0000] {dag.py:4180} INFO - Setting next_dagrun for dags_python_operator to 2025-05-05 15:10:00+00:00, run_after=2025-05-06 15:10:00+00:00
[2025-05-06T08:25:47.806+0000] {processor.py:208} INFO - Processing /opt/airflow/dags/dags_python_operator.py took 0.101 seconds
[2025-05-06T08:26:18.119+0000] {processor.py:186} INFO - Started process (PID=2680) to work on /opt/airflow/dags/dags_python_operator.py
[2025-05-06T08:26:18.119+0000] {processor.py:914} INFO - Processing file /opt/airflow/dags/dags_python_operator.py for tasks to queue
[2025-05-06T08:26:18.121+0000] {logging_mixin.py:190} INFO - [2025-05-06T08:26:18.120+0000] {dagbag.py:588} INFO - Filling up the DagBag from /opt/airflow/dags/dags_python_operator.py
[2025-05-06T08:26:18.127+0000] {processor.py:925} INFO - DAG(s) 'dags_python_operator' retrieved from /opt/airflow/dags/dags_python_operator.py
[2025-05-06T08:26:18.142+0000] {logging_mixin.py:190} INFO - [2025-05-06T08:26:18.142+0000] {dag.py:3239} INFO - Sync 1 DAGs
[2025-05-06T08:26:18.160+0000] {logging_mixin.py:190} INFO - [2025-05-06T08:26:18.160+0000] {dag.py:4180} INFO - Setting next_dagrun for dags_python_operator to 2025-05-05 15:10:00+00:00, run_after=2025-05-06 15:10:00+00:00
[2025-05-06T08:26:18.178+0000] {processor.py:208} INFO - Processing /opt/airflow/dags/dags_python_operator.py took 0.065 seconds
[2025-05-06T08:26:48.303+0000] {processor.py:186} INFO - Started process (PID=2750) to work on /opt/airflow/dags/dags_python_operator.py
[2025-05-06T08:26:48.304+0000] {processor.py:914} INFO - Processing file /opt/airflow/dags/dags_python_operator.py for tasks to queue
[2025-05-06T08:26:48.305+0000] {logging_mixin.py:190} INFO - [2025-05-06T08:26:48.305+0000] {dagbag.py:588} INFO - Filling up the DagBag from /opt/airflow/dags/dags_python_operator.py
[2025-05-06T08:26:48.311+0000] {processor.py:925} INFO - DAG(s) 'dags_python_operator' retrieved from /opt/airflow/dags/dags_python_operator.py
[2025-05-06T08:26:48.325+0000] {logging_mixin.py:190} INFO - [2025-05-06T08:26:48.325+0000] {dag.py:3239} INFO - Sync 1 DAGs
[2025-05-06T08:26:48.343+0000] {logging_mixin.py:190} INFO - [2025-05-06T08:26:48.343+0000] {dag.py:4180} INFO - Setting next_dagrun for dags_python_operator to 2025-05-05 15:10:00+00:00, run_after=2025-05-06 15:10:00+00:00
[2025-05-06T08:26:48.358+0000] {processor.py:208} INFO - Processing /opt/airflow/dags/dags_python_operator.py took 0.059 seconds
[2025-05-06T08:27:18.649+0000] {processor.py:186} INFO - Started process (PID=2820) to work on /opt/airflow/dags/dags_python_operator.py
[2025-05-06T08:27:18.651+0000] {processor.py:914} INFO - Processing file /opt/airflow/dags/dags_python_operator.py for tasks to queue
[2025-05-06T08:27:18.653+0000] {logging_mixin.py:190} INFO - [2025-05-06T08:27:18.652+0000] {dagbag.py:588} INFO - Filling up the DagBag from /opt/airflow/dags/dags_python_operator.py
[2025-05-06T08:27:18.662+0000] {processor.py:925} INFO - DAG(s) 'dags_python_operator' retrieved from /opt/airflow/dags/dags_python_operator.py
[2025-05-06T08:27:18.675+0000] {logging_mixin.py:190} INFO - [2025-05-06T08:27:18.675+0000] {dag.py:3239} INFO - Sync 1 DAGs
[2025-05-06T08:27:18.693+0000] {logging_mixin.py:190} INFO - [2025-05-06T08:27:18.693+0000] {dag.py:4180} INFO - Setting next_dagrun for dags_python_operator to 2025-05-05 15:10:00+00:00, run_after=2025-05-06 15:10:00+00:00
[2025-05-06T08:27:18.708+0000] {processor.py:208} INFO - Processing /opt/airflow/dags/dags_python_operator.py took 0.063 seconds
[2025-05-06T08:27:49.202+0000] {processor.py:186} INFO - Started process (PID=2891) to work on /opt/airflow/dags/dags_python_operator.py
[2025-05-06T08:27:49.203+0000] {processor.py:914} INFO - Processing file /opt/airflow/dags/dags_python_operator.py for tasks to queue
[2025-05-06T08:27:49.204+0000] {logging_mixin.py:190} INFO - [2025-05-06T08:27:49.204+0000] {dagbag.py:588} INFO - Filling up the DagBag from /opt/airflow/dags/dags_python_operator.py
[2025-05-06T08:27:49.211+0000] {processor.py:925} INFO - DAG(s) 'dags_python_operator' retrieved from /opt/airflow/dags/dags_python_operator.py
[2025-05-06T08:27:49.224+0000] {logging_mixin.py:190} INFO - [2025-05-06T08:27:49.224+0000] {dag.py:3239} INFO - Sync 1 DAGs
[2025-05-06T08:27:49.243+0000] {logging_mixin.py:190} INFO - [2025-05-06T08:27:49.243+0000] {dag.py:4180} INFO - Setting next_dagrun for dags_python_operator to 2025-05-05 15:10:00+00:00, run_after=2025-05-06 15:10:00+00:00
[2025-05-06T08:27:49.260+0000] {processor.py:208} INFO - Processing /opt/airflow/dags/dags_python_operator.py took 0.062 seconds
[2025-05-06T08:28:19.336+0000] {processor.py:186} INFO - Started process (PID=2962) to work on /opt/airflow/dags/dags_python_operator.py
[2025-05-06T08:28:19.337+0000] {processor.py:914} INFO - Processing file /opt/airflow/dags/dags_python_operator.py for tasks to queue
[2025-05-06T08:28:19.337+0000] {logging_mixin.py:190} INFO - [2025-05-06T08:28:19.337+0000] {dagbag.py:588} INFO - Filling up the DagBag from /opt/airflow/dags/dags_python_operator.py
[2025-05-06T08:28:19.345+0000] {processor.py:925} INFO - DAG(s) 'dags_python_operator' retrieved from /opt/airflow/dags/dags_python_operator.py
[2025-05-06T08:28:19.364+0000] {logging_mixin.py:190} INFO - [2025-05-06T08:28:19.363+0000] {dag.py:3239} INFO - Sync 1 DAGs
[2025-05-06T08:28:19.389+0000] {logging_mixin.py:190} INFO - [2025-05-06T08:28:19.389+0000] {dag.py:4180} INFO - Setting next_dagrun for dags_python_operator to 2025-05-05 15:10:00+00:00, run_after=2025-05-06 15:10:00+00:00
[2025-05-06T08:28:19.406+0000] {processor.py:208} INFO - Processing /opt/airflow/dags/dags_python_operator.py took 0.075 seconds
[2025-05-06T08:28:50.170+0000] {processor.py:186} INFO - Started process (PID=3025) to work on /opt/airflow/dags/dags_python_operator.py
[2025-05-06T08:28:50.171+0000] {processor.py:914} INFO - Processing file /opt/airflow/dags/dags_python_operator.py for tasks to queue
[2025-05-06T08:28:50.172+0000] {logging_mixin.py:190} INFO - [2025-05-06T08:28:50.171+0000] {dagbag.py:588} INFO - Filling up the DagBag from /opt/airflow/dags/dags_python_operator.py
[2025-05-06T08:28:50.178+0000] {processor.py:925} INFO - DAG(s) 'dags_python_operator' retrieved from /opt/airflow/dags/dags_python_operator.py
[2025-05-06T08:28:50.192+0000] {logging_mixin.py:190} INFO - [2025-05-06T08:28:50.192+0000] {dag.py:3239} INFO - Sync 1 DAGs
[2025-05-06T08:28:50.212+0000] {logging_mixin.py:190} INFO - [2025-05-06T08:28:50.212+0000] {dag.py:4180} INFO - Setting next_dagrun for dags_python_operator to 2025-05-05 15:10:00+00:00, run_after=2025-05-06 15:10:00+00:00
[2025-05-06T08:28:50.228+0000] {processor.py:208} INFO - Processing /opt/airflow/dags/dags_python_operator.py took 0.062 seconds
