[2025-05-06T08:07:29.538+0000] {processor.py:186} INFO - Started process (PID=83) to work on /opt/airflow/dags/dags_conn_text.py
[2025-05-06T08:07:29.540+0000] {processor.py:914} INFO - Processing file /opt/airflow/dags/dags_conn_text.py for tasks to queue
[2025-05-06T08:07:29.603+0000] {logging_mixin.py:190} INFO - [2025-05-06T08:07:29.603+0000] {dagbag.py:588} INFO - Filling up the DagBag from /opt/airflow/dags/dags_conn_text.py
[2025-05-06T08:07:29.648+0000] {processor.py:925} INFO - DAG(s) 'dags_conn_test' retrieved from /opt/airflow/dags/dags_conn_text.py
[2025-05-06T08:07:29.690+0000] {logging_mixin.py:190} INFO - [2025-05-06T08:07:29.690+0000] {dag.py:3239} INFO - Sync 1 DAGs
[2025-05-06T08:07:29.713+0000] {logging_mixin.py:190} INFO - [2025-05-06T08:07:29.713+0000] {dag.py:4180} INFO - Setting next_dagrun for dags_conn_test to None, run_after=None
[2025-05-06T08:07:29.744+0000] {processor.py:208} INFO - Processing /opt/airflow/dags/dags_conn_text.py took 0.368 seconds
[2025-05-06T08:08:00.415+0000] {processor.py:186} INFO - Started process (PID=157) to work on /opt/airflow/dags/dags_conn_text.py
[2025-05-06T08:08:00.416+0000] {processor.py:914} INFO - Processing file /opt/airflow/dags/dags_conn_text.py for tasks to queue
[2025-05-06T08:08:00.419+0000] {logging_mixin.py:190} INFO - [2025-05-06T08:08:00.418+0000] {dagbag.py:588} INFO - Filling up the DagBag from /opt/airflow/dags/dags_conn_text.py
[2025-05-06T08:08:00.425+0000] {processor.py:925} INFO - DAG(s) 'dags_conn_test' retrieved from /opt/airflow/dags/dags_conn_text.py
[2025-05-06T08:08:00.446+0000] {logging_mixin.py:190} INFO - [2025-05-06T08:08:00.445+0000] {dag.py:3239} INFO - Sync 1 DAGs
[2025-05-06T08:08:00.459+0000] {logging_mixin.py:190} INFO - [2025-05-06T08:08:00.459+0000] {dag.py:4180} INFO - Setting next_dagrun for dags_conn_test to None, run_after=None
[2025-05-06T08:08:00.478+0000] {processor.py:208} INFO - Processing /opt/airflow/dags/dags_conn_text.py took 0.070 seconds
[2025-05-06T08:08:31.044+0000] {processor.py:186} INFO - Started process (PID=227) to work on /opt/airflow/dags/dags_conn_text.py
[2025-05-06T08:08:31.048+0000] {processor.py:914} INFO - Processing file /opt/airflow/dags/dags_conn_text.py for tasks to queue
[2025-05-06T08:08:31.050+0000] {logging_mixin.py:190} INFO - [2025-05-06T08:08:31.050+0000] {dagbag.py:588} INFO - Filling up the DagBag from /opt/airflow/dags/dags_conn_text.py
[2025-05-06T08:08:31.056+0000] {processor.py:925} INFO - DAG(s) 'dags_conn_test' retrieved from /opt/airflow/dags/dags_conn_text.py
[2025-05-06T08:08:31.077+0000] {logging_mixin.py:190} INFO - [2025-05-06T08:08:31.077+0000] {dag.py:3239} INFO - Sync 1 DAGs
[2025-05-06T08:08:31.089+0000] {logging_mixin.py:190} INFO - [2025-05-06T08:08:31.089+0000] {dag.py:4180} INFO - Setting next_dagrun for dags_conn_test to None, run_after=None
[2025-05-06T08:08:31.107+0000] {processor.py:208} INFO - Processing /opt/airflow/dags/dags_conn_text.py took 0.069 seconds
[2025-05-06T08:09:01.519+0000] {processor.py:186} INFO - Started process (PID=297) to work on /opt/airflow/dags/dags_conn_text.py
[2025-05-06T08:09:01.520+0000] {processor.py:914} INFO - Processing file /opt/airflow/dags/dags_conn_text.py for tasks to queue
[2025-05-06T08:09:01.522+0000] {logging_mixin.py:190} INFO - [2025-05-06T08:09:01.521+0000] {dagbag.py:588} INFO - Filling up the DagBag from /opt/airflow/dags/dags_conn_text.py
[2025-05-06T08:09:01.527+0000] {processor.py:925} INFO - DAG(s) 'dags_conn_test' retrieved from /opt/airflow/dags/dags_conn_text.py
[2025-05-06T08:09:01.542+0000] {logging_mixin.py:190} INFO - [2025-05-06T08:09:01.541+0000] {dag.py:3239} INFO - Sync 1 DAGs
[2025-05-06T08:09:01.554+0000] {logging_mixin.py:190} INFO - [2025-05-06T08:09:01.554+0000] {dag.py:4180} INFO - Setting next_dagrun for dags_conn_test to None, run_after=None
[2025-05-06T08:09:01.569+0000] {processor.py:208} INFO - Processing /opt/airflow/dags/dags_conn_text.py took 0.054 seconds
[2025-05-06T08:09:32.213+0000] {processor.py:186} INFO - Started process (PID=367) to work on /opt/airflow/dags/dags_conn_text.py
[2025-05-06T08:09:32.217+0000] {processor.py:914} INFO - Processing file /opt/airflow/dags/dags_conn_text.py for tasks to queue
[2025-05-06T08:09:32.219+0000] {logging_mixin.py:190} INFO - [2025-05-06T08:09:32.218+0000] {dagbag.py:588} INFO - Filling up the DagBag from /opt/airflow/dags/dags_conn_text.py
[2025-05-06T08:09:32.224+0000] {processor.py:925} INFO - DAG(s) 'dags_conn_test' retrieved from /opt/airflow/dags/dags_conn_text.py
[2025-05-06T08:09:32.239+0000] {logging_mixin.py:190} INFO - [2025-05-06T08:09:32.238+0000] {dag.py:3239} INFO - Sync 1 DAGs
[2025-05-06T08:09:32.249+0000] {logging_mixin.py:190} INFO - [2025-05-06T08:09:32.248+0000] {dag.py:4180} INFO - Setting next_dagrun for dags_conn_test to None, run_after=None
[2025-05-06T08:09:32.262+0000] {processor.py:208} INFO - Processing /opt/airflow/dags/dags_conn_text.py took 0.053 seconds
[2025-05-06T08:10:02.790+0000] {processor.py:186} INFO - Started process (PID=437) to work on /opt/airflow/dags/dags_conn_text.py
[2025-05-06T08:10:02.794+0000] {processor.py:914} INFO - Processing file /opt/airflow/dags/dags_conn_text.py for tasks to queue
[2025-05-06T08:10:02.797+0000] {logging_mixin.py:190} INFO - [2025-05-06T08:10:02.796+0000] {dagbag.py:588} INFO - Filling up the DagBag from /opt/airflow/dags/dags_conn_text.py
[2025-05-06T08:10:02.802+0000] {processor.py:925} INFO - DAG(s) 'dags_conn_test' retrieved from /opt/airflow/dags/dags_conn_text.py
[2025-05-06T08:10:02.821+0000] {logging_mixin.py:190} INFO - [2025-05-06T08:10:02.820+0000] {dag.py:3239} INFO - Sync 1 DAGs
[2025-05-06T08:10:02.832+0000] {logging_mixin.py:190} INFO - [2025-05-06T08:10:02.831+0000] {dag.py:4180} INFO - Setting next_dagrun for dags_conn_test to None, run_after=None
[2025-05-06T08:10:02.850+0000] {processor.py:208} INFO - Processing /opt/airflow/dags/dags_conn_text.py took 0.064 seconds
[2025-05-06T08:10:33.636+0000] {processor.py:186} INFO - Started process (PID=507) to work on /opt/airflow/dags/dags_conn_text.py
[2025-05-06T08:10:33.637+0000] {processor.py:914} INFO - Processing file /opt/airflow/dags/dags_conn_text.py for tasks to queue
[2025-05-06T08:10:33.639+0000] {logging_mixin.py:190} INFO - [2025-05-06T08:10:33.639+0000] {dagbag.py:588} INFO - Filling up the DagBag from /opt/airflow/dags/dags_conn_text.py
[2025-05-06T08:10:33.646+0000] {processor.py:925} INFO - DAG(s) 'dags_conn_test' retrieved from /opt/airflow/dags/dags_conn_text.py
[2025-05-06T08:10:33.665+0000] {logging_mixin.py:190} INFO - [2025-05-06T08:10:33.664+0000] {dag.py:3239} INFO - Sync 1 DAGs
[2025-05-06T08:10:33.678+0000] {logging_mixin.py:190} INFO - [2025-05-06T08:10:33.678+0000] {dag.py:4180} INFO - Setting next_dagrun for dags_conn_test to None, run_after=None
[2025-05-06T08:10:33.696+0000] {processor.py:208} INFO - Processing /opt/airflow/dags/dags_conn_text.py took 0.065 seconds
[2025-05-06T08:11:03.835+0000] {processor.py:186} INFO - Started process (PID=577) to work on /opt/airflow/dags/dags_conn_text.py
[2025-05-06T08:11:03.836+0000] {processor.py:914} INFO - Processing file /opt/airflow/dags/dags_conn_text.py for tasks to queue
[2025-05-06T08:11:03.837+0000] {logging_mixin.py:190} INFO - [2025-05-06T08:11:03.837+0000] {dagbag.py:588} INFO - Filling up the DagBag from /opt/airflow/dags/dags_conn_text.py
[2025-05-06T08:11:03.842+0000] {processor.py:925} INFO - DAG(s) 'dags_conn_test' retrieved from /opt/airflow/dags/dags_conn_text.py
[2025-05-06T08:11:03.857+0000] {logging_mixin.py:190} INFO - [2025-05-06T08:11:03.857+0000] {dag.py:3239} INFO - Sync 1 DAGs
[2025-05-06T08:11:03.869+0000] {logging_mixin.py:190} INFO - [2025-05-06T08:11:03.868+0000] {dag.py:4180} INFO - Setting next_dagrun for dags_conn_test to None, run_after=None
[2025-05-06T08:11:03.884+0000] {processor.py:208} INFO - Processing /opt/airflow/dags/dags_conn_text.py took 0.053 seconds
[2025-05-06T08:11:33.958+0000] {processor.py:186} INFO - Started process (PID=647) to work on /opt/airflow/dags/dags_conn_text.py
[2025-05-06T08:11:33.959+0000] {processor.py:914} INFO - Processing file /opt/airflow/dags/dags_conn_text.py for tasks to queue
[2025-05-06T08:11:33.961+0000] {logging_mixin.py:190} INFO - [2025-05-06T08:11:33.961+0000] {dagbag.py:588} INFO - Filling up the DagBag from /opt/airflow/dags/dags_conn_text.py
[2025-05-06T08:11:33.966+0000] {processor.py:925} INFO - DAG(s) 'dags_conn_test' retrieved from /opt/airflow/dags/dags_conn_text.py
[2025-05-06T08:11:33.981+0000] {logging_mixin.py:190} INFO - [2025-05-06T08:11:33.981+0000] {dag.py:3239} INFO - Sync 1 DAGs
[2025-05-06T08:11:33.992+0000] {logging_mixin.py:190} INFO - [2025-05-06T08:11:33.992+0000] {dag.py:4180} INFO - Setting next_dagrun for dags_conn_test to None, run_after=None
[2025-05-06T08:11:34.008+0000] {processor.py:208} INFO - Processing /opt/airflow/dags/dags_conn_text.py took 0.054 seconds
[2025-05-06T08:12:04.564+0000] {processor.py:186} INFO - Started process (PID=717) to work on /opt/airflow/dags/dags_conn_text.py
[2025-05-06T08:12:04.572+0000] {processor.py:914} INFO - Processing file /opt/airflow/dags/dags_conn_text.py for tasks to queue
[2025-05-06T08:12:04.573+0000] {logging_mixin.py:190} INFO - [2025-05-06T08:12:04.573+0000] {dagbag.py:588} INFO - Filling up the DagBag from /opt/airflow/dags/dags_conn_text.py
[2025-05-06T08:12:04.579+0000] {processor.py:925} INFO - DAG(s) 'dags_conn_test' retrieved from /opt/airflow/dags/dags_conn_text.py
[2025-05-06T08:12:04.595+0000] {logging_mixin.py:190} INFO - [2025-05-06T08:12:04.594+0000] {dag.py:3239} INFO - Sync 1 DAGs
[2025-05-06T08:12:04.605+0000] {logging_mixin.py:190} INFO - [2025-05-06T08:12:04.604+0000] {dag.py:4180} INFO - Setting next_dagrun for dags_conn_test to None, run_after=None
[2025-05-06T08:12:04.619+0000] {processor.py:208} INFO - Processing /opt/airflow/dags/dags_conn_text.py took 0.059 seconds
[2025-05-06T08:12:34.811+0000] {processor.py:186} INFO - Started process (PID=787) to work on /opt/airflow/dags/dags_conn_text.py
[2025-05-06T08:12:34.812+0000] {processor.py:914} INFO - Processing file /opt/airflow/dags/dags_conn_text.py for tasks to queue
[2025-05-06T08:12:34.814+0000] {logging_mixin.py:190} INFO - [2025-05-06T08:12:34.814+0000] {dagbag.py:588} INFO - Filling up the DagBag from /opt/airflow/dags/dags_conn_text.py
[2025-05-06T08:12:34.819+0000] {processor.py:925} INFO - DAG(s) 'dags_conn_test' retrieved from /opt/airflow/dags/dags_conn_text.py
[2025-05-06T08:12:34.837+0000] {logging_mixin.py:190} INFO - [2025-05-06T08:12:34.837+0000] {dag.py:3239} INFO - Sync 1 DAGs
[2025-05-06T08:12:34.847+0000] {logging_mixin.py:190} INFO - [2025-05-06T08:12:34.846+0000] {dag.py:4180} INFO - Setting next_dagrun for dags_conn_test to None, run_after=None
[2025-05-06T08:12:34.862+0000] {processor.py:208} INFO - Processing /opt/airflow/dags/dags_conn_text.py took 0.056 seconds
[2025-05-06T08:13:05.025+0000] {processor.py:186} INFO - Started process (PID=857) to work on /opt/airflow/dags/dags_conn_text.py
[2025-05-06T08:13:05.026+0000] {processor.py:914} INFO - Processing file /opt/airflow/dags/dags_conn_text.py for tasks to queue
[2025-05-06T08:13:05.029+0000] {logging_mixin.py:190} INFO - [2025-05-06T08:13:05.029+0000] {dagbag.py:588} INFO - Filling up the DagBag from /opt/airflow/dags/dags_conn_text.py
[2025-05-06T08:13:05.036+0000] {processor.py:925} INFO - DAG(s) 'dags_conn_test' retrieved from /opt/airflow/dags/dags_conn_text.py
[2025-05-06T08:13:05.053+0000] {logging_mixin.py:190} INFO - [2025-05-06T08:13:05.053+0000] {dag.py:3239} INFO - Sync 1 DAGs
[2025-05-06T08:13:05.064+0000] {logging_mixin.py:190} INFO - [2025-05-06T08:13:05.063+0000] {dag.py:4180} INFO - Setting next_dagrun for dags_conn_test to None, run_after=None
[2025-05-06T08:13:05.080+0000] {processor.py:208} INFO - Processing /opt/airflow/dags/dags_conn_text.py took 0.060 seconds
[2025-05-06T08:13:35.271+0000] {processor.py:186} INFO - Started process (PID=927) to work on /opt/airflow/dags/dags_conn_text.py
[2025-05-06T08:13:35.271+0000] {processor.py:914} INFO - Processing file /opt/airflow/dags/dags_conn_text.py for tasks to queue
[2025-05-06T08:13:35.273+0000] {logging_mixin.py:190} INFO - [2025-05-06T08:13:35.273+0000] {dagbag.py:588} INFO - Filling up the DagBag from /opt/airflow/dags/dags_conn_text.py
[2025-05-06T08:13:35.279+0000] {processor.py:925} INFO - DAG(s) 'dags_conn_test' retrieved from /opt/airflow/dags/dags_conn_text.py
[2025-05-06T08:13:35.296+0000] {logging_mixin.py:190} INFO - [2025-05-06T08:13:35.296+0000] {dag.py:3239} INFO - Sync 1 DAGs
[2025-05-06T08:13:35.308+0000] {logging_mixin.py:190} INFO - [2025-05-06T08:13:35.308+0000] {dag.py:4180} INFO - Setting next_dagrun for dags_conn_test to None, run_after=None
[2025-05-06T08:13:35.324+0000] {processor.py:208} INFO - Processing /opt/airflow/dags/dags_conn_text.py took 0.057 seconds
[2025-05-06T08:14:05.345+0000] {processor.py:186} INFO - Started process (PID=996) to work on /opt/airflow/dags/dags_conn_text.py
[2025-05-06T08:14:05.347+0000] {processor.py:914} INFO - Processing file /opt/airflow/dags/dags_conn_text.py for tasks to queue
[2025-05-06T08:14:05.348+0000] {logging_mixin.py:190} INFO - [2025-05-06T08:14:05.348+0000] {dagbag.py:588} INFO - Filling up the DagBag from /opt/airflow/dags/dags_conn_text.py
[2025-05-06T08:14:05.353+0000] {processor.py:925} INFO - DAG(s) 'dags_conn_test' retrieved from /opt/airflow/dags/dags_conn_text.py
[2025-05-06T08:14:05.370+0000] {logging_mixin.py:190} INFO - [2025-05-06T08:14:05.370+0000] {dag.py:3239} INFO - Sync 1 DAGs
[2025-05-06T08:14:05.381+0000] {logging_mixin.py:190} INFO - [2025-05-06T08:14:05.380+0000] {dag.py:4180} INFO - Setting next_dagrun for dags_conn_test to None, run_after=None
[2025-05-06T08:14:05.395+0000] {processor.py:208} INFO - Processing /opt/airflow/dags/dags_conn_text.py took 0.054 seconds
[2025-05-06T08:14:35.754+0000] {processor.py:186} INFO - Started process (PID=1067) to work on /opt/airflow/dags/dags_conn_text.py
[2025-05-06T08:14:35.755+0000] {processor.py:914} INFO - Processing file /opt/airflow/dags/dags_conn_text.py for tasks to queue
[2025-05-06T08:14:35.757+0000] {logging_mixin.py:190} INFO - [2025-05-06T08:14:35.757+0000] {dagbag.py:588} INFO - Filling up the DagBag from /opt/airflow/dags/dags_conn_text.py
[2025-05-06T08:14:35.763+0000] {processor.py:925} INFO - DAG(s) 'dags_conn_test' retrieved from /opt/airflow/dags/dags_conn_text.py
[2025-05-06T08:14:35.780+0000] {logging_mixin.py:190} INFO - [2025-05-06T08:14:35.780+0000] {dag.py:3239} INFO - Sync 1 DAGs
[2025-05-06T08:14:35.793+0000] {logging_mixin.py:190} INFO - [2025-05-06T08:14:35.793+0000] {dag.py:4180} INFO - Setting next_dagrun for dags_conn_test to None, run_after=None
[2025-05-06T08:14:35.809+0000] {processor.py:208} INFO - Processing /opt/airflow/dags/dags_conn_text.py took 0.062 seconds
[2025-05-06T08:15:06.348+0000] {processor.py:186} INFO - Started process (PID=1137) to work on /opt/airflow/dags/dags_conn_text.py
[2025-05-06T08:15:06.349+0000] {processor.py:914} INFO - Processing file /opt/airflow/dags/dags_conn_text.py for tasks to queue
[2025-05-06T08:15:06.350+0000] {logging_mixin.py:190} INFO - [2025-05-06T08:15:06.350+0000] {dagbag.py:588} INFO - Filling up the DagBag from /opt/airflow/dags/dags_conn_text.py
[2025-05-06T08:15:06.355+0000] {processor.py:925} INFO - DAG(s) 'dags_conn_test' retrieved from /opt/airflow/dags/dags_conn_text.py
[2025-05-06T08:15:06.369+0000] {logging_mixin.py:190} INFO - [2025-05-06T08:15:06.369+0000] {dag.py:3239} INFO - Sync 1 DAGs
[2025-05-06T08:15:06.379+0000] {logging_mixin.py:190} INFO - [2025-05-06T08:15:06.379+0000] {dag.py:4180} INFO - Setting next_dagrun for dags_conn_test to None, run_after=None
[2025-05-06T08:15:06.392+0000] {processor.py:208} INFO - Processing /opt/airflow/dags/dags_conn_text.py took 0.048 seconds
[2025-05-06T08:15:36.557+0000] {processor.py:186} INFO - Started process (PID=1207) to work on /opt/airflow/dags/dags_conn_text.py
[2025-05-06T08:15:36.558+0000] {processor.py:914} INFO - Processing file /opt/airflow/dags/dags_conn_text.py for tasks to queue
[2025-05-06T08:15:36.560+0000] {logging_mixin.py:190} INFO - [2025-05-06T08:15:36.560+0000] {dagbag.py:588} INFO - Filling up the DagBag from /opt/airflow/dags/dags_conn_text.py
[2025-05-06T08:15:36.566+0000] {processor.py:925} INFO - DAG(s) 'dags_conn_test' retrieved from /opt/airflow/dags/dags_conn_text.py
[2025-05-06T08:15:36.581+0000] {logging_mixin.py:190} INFO - [2025-05-06T08:15:36.581+0000] {dag.py:3239} INFO - Sync 1 DAGs
[2025-05-06T08:15:36.592+0000] {logging_mixin.py:190} INFO - [2025-05-06T08:15:36.592+0000] {dag.py:4180} INFO - Setting next_dagrun for dags_conn_test to None, run_after=None
[2025-05-06T08:15:36.610+0000] {processor.py:208} INFO - Processing /opt/airflow/dags/dags_conn_text.py took 0.058 seconds
[2025-05-06T08:16:07.388+0000] {processor.py:186} INFO - Started process (PID=1277) to work on /opt/airflow/dags/dags_conn_text.py
[2025-05-06T08:16:07.388+0000] {processor.py:914} INFO - Processing file /opt/airflow/dags/dags_conn_text.py for tasks to queue
[2025-05-06T08:16:07.390+0000] {logging_mixin.py:190} INFO - [2025-05-06T08:16:07.390+0000] {dagbag.py:588} INFO - Filling up the DagBag from /opt/airflow/dags/dags_conn_text.py
[2025-05-06T08:16:07.395+0000] {processor.py:925} INFO - DAG(s) 'dags_conn_test' retrieved from /opt/airflow/dags/dags_conn_text.py
[2025-05-06T08:16:07.414+0000] {logging_mixin.py:190} INFO - [2025-05-06T08:16:07.414+0000] {dag.py:3239} INFO - Sync 1 DAGs
[2025-05-06T08:16:07.430+0000] {logging_mixin.py:190} INFO - [2025-05-06T08:16:07.429+0000] {dag.py:4180} INFO - Setting next_dagrun for dags_conn_test to None, run_after=None
[2025-05-06T08:16:07.447+0000] {processor.py:208} INFO - Processing /opt/airflow/dags/dags_conn_text.py took 0.065 seconds
[2025-05-06T08:16:38.069+0000] {processor.py:186} INFO - Started process (PID=1347) to work on /opt/airflow/dags/dags_conn_text.py
[2025-05-06T08:16:38.070+0000] {processor.py:914} INFO - Processing file /opt/airflow/dags/dags_conn_text.py for tasks to queue
[2025-05-06T08:16:38.072+0000] {logging_mixin.py:190} INFO - [2025-05-06T08:16:38.071+0000] {dagbag.py:588} INFO - Filling up the DagBag from /opt/airflow/dags/dags_conn_text.py
[2025-05-06T08:16:38.078+0000] {processor.py:925} INFO - DAG(s) 'dags_conn_test' retrieved from /opt/airflow/dags/dags_conn_text.py
[2025-05-06T08:16:38.092+0000] {logging_mixin.py:190} INFO - [2025-05-06T08:16:38.092+0000] {dag.py:3239} INFO - Sync 1 DAGs
[2025-05-06T08:16:38.101+0000] {logging_mixin.py:190} INFO - [2025-05-06T08:16:38.101+0000] {dag.py:4180} INFO - Setting next_dagrun for dags_conn_test to None, run_after=None
[2025-05-06T08:16:38.115+0000] {processor.py:208} INFO - Processing /opt/airflow/dags/dags_conn_text.py took 0.050 seconds
[2025-05-06T08:17:08.864+0000] {processor.py:186} INFO - Started process (PID=1417) to work on /opt/airflow/dags/dags_conn_text.py
[2025-05-06T08:17:08.865+0000] {processor.py:914} INFO - Processing file /opt/airflow/dags/dags_conn_text.py for tasks to queue
[2025-05-06T08:17:08.867+0000] {logging_mixin.py:190} INFO - [2025-05-06T08:17:08.867+0000] {dagbag.py:588} INFO - Filling up the DagBag from /opt/airflow/dags/dags_conn_text.py
[2025-05-06T08:17:08.873+0000] {processor.py:925} INFO - DAG(s) 'dags_conn_test' retrieved from /opt/airflow/dags/dags_conn_text.py
[2025-05-06T08:17:08.893+0000] {logging_mixin.py:190} INFO - [2025-05-06T08:17:08.892+0000] {dag.py:3239} INFO - Sync 1 DAGs
[2025-05-06T08:17:08.907+0000] {logging_mixin.py:190} INFO - [2025-05-06T08:17:08.907+0000] {dag.py:4180} INFO - Setting next_dagrun for dags_conn_test to None, run_after=None
[2025-05-06T08:17:08.930+0000] {processor.py:208} INFO - Processing /opt/airflow/dags/dags_conn_text.py took 0.072 seconds
[2025-05-06T08:17:39.089+0000] {processor.py:186} INFO - Started process (PID=1487) to work on /opt/airflow/dags/dags_conn_text.py
[2025-05-06T08:17:39.089+0000] {processor.py:914} INFO - Processing file /opt/airflow/dags/dags_conn_text.py for tasks to queue
[2025-05-06T08:17:39.091+0000] {logging_mixin.py:190} INFO - [2025-05-06T08:17:39.091+0000] {dagbag.py:588} INFO - Filling up the DagBag from /opt/airflow/dags/dags_conn_text.py
[2025-05-06T08:17:39.097+0000] {processor.py:925} INFO - DAG(s) 'dags_conn_test' retrieved from /opt/airflow/dags/dags_conn_text.py
[2025-05-06T08:17:39.119+0000] {logging_mixin.py:190} INFO - [2025-05-06T08:17:39.119+0000] {dag.py:3239} INFO - Sync 1 DAGs
[2025-05-06T08:17:39.134+0000] {logging_mixin.py:190} INFO - [2025-05-06T08:17:39.133+0000] {dag.py:4180} INFO - Setting next_dagrun for dags_conn_test to None, run_after=None
[2025-05-06T08:17:39.154+0000] {processor.py:208} INFO - Processing /opt/airflow/dags/dags_conn_text.py took 0.071 seconds
[2025-05-06T08:18:09.847+0000] {processor.py:186} INFO - Started process (PID=1557) to work on /opt/airflow/dags/dags_conn_text.py
[2025-05-06T08:18:09.849+0000] {processor.py:914} INFO - Processing file /opt/airflow/dags/dags_conn_text.py for tasks to queue
[2025-05-06T08:18:09.852+0000] {logging_mixin.py:190} INFO - [2025-05-06T08:18:09.851+0000] {dagbag.py:588} INFO - Filling up the DagBag from /opt/airflow/dags/dags_conn_text.py
[2025-05-06T08:18:09.861+0000] {processor.py:925} INFO - DAG(s) 'dags_conn_test' retrieved from /opt/airflow/dags/dags_conn_text.py
[2025-05-06T08:18:09.880+0000] {logging_mixin.py:190} INFO - [2025-05-06T08:18:09.880+0000] {dag.py:3239} INFO - Sync 1 DAGs
[2025-05-06T08:18:09.893+0000] {logging_mixin.py:190} INFO - [2025-05-06T08:18:09.893+0000] {dag.py:4180} INFO - Setting next_dagrun for dags_conn_test to None, run_after=None
[2025-05-06T08:18:09.911+0000] {processor.py:208} INFO - Processing /opt/airflow/dags/dags_conn_text.py took 0.070 seconds
[2025-05-06T08:18:40.553+0000] {processor.py:186} INFO - Started process (PID=1627) to work on /opt/airflow/dags/dags_conn_text.py
[2025-05-06T08:18:40.554+0000] {processor.py:914} INFO - Processing file /opt/airflow/dags/dags_conn_text.py for tasks to queue
[2025-05-06T08:18:40.556+0000] {logging_mixin.py:190} INFO - [2025-05-06T08:18:40.555+0000] {dagbag.py:588} INFO - Filling up the DagBag from /opt/airflow/dags/dags_conn_text.py
[2025-05-06T08:18:40.561+0000] {processor.py:925} INFO - DAG(s) 'dags_conn_test' retrieved from /opt/airflow/dags/dags_conn_text.py
[2025-05-06T08:18:40.577+0000] {logging_mixin.py:190} INFO - [2025-05-06T08:18:40.577+0000] {dag.py:3239} INFO - Sync 1 DAGs
[2025-05-06T08:18:40.589+0000] {logging_mixin.py:190} INFO - [2025-05-06T08:18:40.589+0000] {dag.py:4180} INFO - Setting next_dagrun for dags_conn_test to None, run_after=None
[2025-05-06T08:18:40.611+0000] {processor.py:208} INFO - Processing /opt/airflow/dags/dags_conn_text.py took 0.063 seconds
[2025-05-06T08:19:11.423+0000] {processor.py:186} INFO - Started process (PID=1697) to work on /opt/airflow/dags/dags_conn_text.py
[2025-05-06T08:19:11.424+0000] {processor.py:914} INFO - Processing file /opt/airflow/dags/dags_conn_text.py for tasks to queue
[2025-05-06T08:19:11.425+0000] {logging_mixin.py:190} INFO - [2025-05-06T08:19:11.425+0000] {dagbag.py:588} INFO - Filling up the DagBag from /opt/airflow/dags/dags_conn_text.py
[2025-05-06T08:19:11.431+0000] {processor.py:925} INFO - DAG(s) 'dags_conn_test' retrieved from /opt/airflow/dags/dags_conn_text.py
[2025-05-06T08:19:11.448+0000] {logging_mixin.py:190} INFO - [2025-05-06T08:19:11.448+0000] {dag.py:3239} INFO - Sync 1 DAGs
[2025-05-06T08:19:11.460+0000] {logging_mixin.py:190} INFO - [2025-05-06T08:19:11.459+0000] {dag.py:4180} INFO - Setting next_dagrun for dags_conn_test to None, run_after=None
[2025-05-06T08:19:11.481+0000] {processor.py:208} INFO - Processing /opt/airflow/dags/dags_conn_text.py took 0.063 seconds
[2025-05-06T08:19:42.071+0000] {processor.py:186} INFO - Started process (PID=1773) to work on /opt/airflow/dags/dags_conn_text.py
[2025-05-06T08:19:42.072+0000] {processor.py:914} INFO - Processing file /opt/airflow/dags/dags_conn_text.py for tasks to queue
[2025-05-06T08:19:42.074+0000] {logging_mixin.py:190} INFO - [2025-05-06T08:19:42.074+0000] {dagbag.py:588} INFO - Filling up the DagBag from /opt/airflow/dags/dags_conn_text.py
[2025-05-06T08:19:42.079+0000] {processor.py:925} INFO - DAG(s) 'dags_conn_test' retrieved from /opt/airflow/dags/dags_conn_text.py
[2025-05-06T08:19:42.093+0000] {logging_mixin.py:190} INFO - [2025-05-06T08:19:42.093+0000] {dag.py:3239} INFO - Sync 1 DAGs
[2025-05-06T08:19:42.103+0000] {logging_mixin.py:190} INFO - [2025-05-06T08:19:42.103+0000] {dag.py:4180} INFO - Setting next_dagrun for dags_conn_test to None, run_after=None
[2025-05-06T08:19:42.116+0000] {processor.py:208} INFO - Processing /opt/airflow/dags/dags_conn_text.py took 0.050 seconds
[2025-05-06T08:20:12.922+0000] {processor.py:186} INFO - Started process (PID=1843) to work on /opt/airflow/dags/dags_conn_text.py
[2025-05-06T08:20:12.923+0000] {processor.py:914} INFO - Processing file /opt/airflow/dags/dags_conn_text.py for tasks to queue
[2025-05-06T08:20:12.925+0000] {logging_mixin.py:190} INFO - [2025-05-06T08:20:12.924+0000] {dagbag.py:588} INFO - Filling up the DagBag from /opt/airflow/dags/dags_conn_text.py
[2025-05-06T08:20:12.930+0000] {processor.py:925} INFO - DAG(s) 'dags_conn_test' retrieved from /opt/airflow/dags/dags_conn_text.py
[2025-05-06T08:20:12.944+0000] {logging_mixin.py:190} INFO - [2025-05-06T08:20:12.944+0000] {dag.py:3239} INFO - Sync 1 DAGs
[2025-05-06T08:20:12.955+0000] {logging_mixin.py:190} INFO - [2025-05-06T08:20:12.955+0000] {dag.py:4180} INFO - Setting next_dagrun for dags_conn_test to None, run_after=None
[2025-05-06T08:20:12.972+0000] {processor.py:208} INFO - Processing /opt/airflow/dags/dags_conn_text.py took 0.054 seconds
[2025-05-06T08:20:43.837+0000] {processor.py:186} INFO - Started process (PID=1913) to work on /opt/airflow/dags/dags_conn_text.py
[2025-05-06T08:20:43.838+0000] {processor.py:914} INFO - Processing file /opt/airflow/dags/dags_conn_text.py for tasks to queue
[2025-05-06T08:20:43.840+0000] {logging_mixin.py:190} INFO - [2025-05-06T08:20:43.840+0000] {dagbag.py:588} INFO - Filling up the DagBag from /opt/airflow/dags/dags_conn_text.py
[2025-05-06T08:20:43.845+0000] {processor.py:925} INFO - DAG(s) 'dags_conn_test' retrieved from /opt/airflow/dags/dags_conn_text.py
[2025-05-06T08:20:43.859+0000] {logging_mixin.py:190} INFO - [2025-05-06T08:20:43.858+0000] {dag.py:3239} INFO - Sync 1 DAGs
[2025-05-06T08:20:43.868+0000] {logging_mixin.py:190} INFO - [2025-05-06T08:20:43.868+0000] {dag.py:4180} INFO - Setting next_dagrun for dags_conn_test to None, run_after=None
[2025-05-06T08:20:43.881+0000] {processor.py:208} INFO - Processing /opt/airflow/dags/dags_conn_text.py took 0.048 seconds
[2025-05-06T08:21:13.983+0000] {processor.py:186} INFO - Started process (PID=1983) to work on /opt/airflow/dags/dags_conn_text.py
[2025-05-06T08:21:13.984+0000] {processor.py:914} INFO - Processing file /opt/airflow/dags/dags_conn_text.py for tasks to queue
[2025-05-06T08:21:13.985+0000] {logging_mixin.py:190} INFO - [2025-05-06T08:21:13.985+0000] {dagbag.py:588} INFO - Filling up the DagBag from /opt/airflow/dags/dags_conn_text.py
[2025-05-06T08:21:13.991+0000] {processor.py:925} INFO - DAG(s) 'dags_conn_test' retrieved from /opt/airflow/dags/dags_conn_text.py
[2025-05-06T08:21:14.005+0000] {logging_mixin.py:190} INFO - [2025-05-06T08:21:14.005+0000] {dag.py:3239} INFO - Sync 1 DAGs
[2025-05-06T08:21:14.015+0000] {logging_mixin.py:190} INFO - [2025-05-06T08:21:14.015+0000] {dag.py:4180} INFO - Setting next_dagrun for dags_conn_test to None, run_after=None
[2025-05-06T08:21:14.030+0000] {processor.py:208} INFO - Processing /opt/airflow/dags/dags_conn_text.py took 0.051 seconds
[2025-05-06T08:21:44.796+0000] {processor.py:186} INFO - Started process (PID=2053) to work on /opt/airflow/dags/dags_conn_text.py
[2025-05-06T08:21:44.797+0000] {processor.py:914} INFO - Processing file /opt/airflow/dags/dags_conn_text.py for tasks to queue
[2025-05-06T08:21:44.799+0000] {logging_mixin.py:190} INFO - [2025-05-06T08:21:44.799+0000] {dagbag.py:588} INFO - Filling up the DagBag from /opt/airflow/dags/dags_conn_text.py
[2025-05-06T08:21:44.804+0000] {processor.py:925} INFO - DAG(s) 'dags_conn_test' retrieved from /opt/airflow/dags/dags_conn_text.py
[2025-05-06T08:21:44.820+0000] {logging_mixin.py:190} INFO - [2025-05-06T08:21:44.820+0000] {dag.py:3239} INFO - Sync 1 DAGs
[2025-05-06T08:21:44.831+0000] {logging_mixin.py:190} INFO - [2025-05-06T08:21:44.830+0000] {dag.py:4180} INFO - Setting next_dagrun for dags_conn_test to None, run_after=None
[2025-05-06T08:21:44.846+0000] {processor.py:208} INFO - Processing /opt/airflow/dags/dags_conn_text.py took 0.055 seconds
[2025-05-06T08:22:15.476+0000] {processor.py:186} INFO - Started process (PID=2123) to work on /opt/airflow/dags/dags_conn_text.py
[2025-05-06T08:22:15.476+0000] {processor.py:914} INFO - Processing file /opt/airflow/dags/dags_conn_text.py for tasks to queue
[2025-05-06T08:22:15.478+0000] {logging_mixin.py:190} INFO - [2025-05-06T08:22:15.478+0000] {dagbag.py:588} INFO - Filling up the DagBag from /opt/airflow/dags/dags_conn_text.py
[2025-05-06T08:22:15.483+0000] {processor.py:925} INFO - DAG(s) 'dags_conn_test' retrieved from /opt/airflow/dags/dags_conn_text.py
[2025-05-06T08:22:15.498+0000] {logging_mixin.py:190} INFO - [2025-05-06T08:22:15.497+0000] {dag.py:3239} INFO - Sync 1 DAGs
[2025-05-06T08:22:15.507+0000] {logging_mixin.py:190} INFO - [2025-05-06T08:22:15.507+0000] {dag.py:4180} INFO - Setting next_dagrun for dags_conn_test to None, run_after=None
[2025-05-06T08:22:15.522+0000] {processor.py:208} INFO - Processing /opt/airflow/dags/dags_conn_text.py took 0.051 seconds
[2025-05-06T08:22:46.314+0000] {processor.py:186} INFO - Started process (PID=2193) to work on /opt/airflow/dags/dags_conn_text.py
[2025-05-06T08:22:46.315+0000] {processor.py:914} INFO - Processing file /opt/airflow/dags/dags_conn_text.py for tasks to queue
[2025-05-06T08:22:46.317+0000] {logging_mixin.py:190} INFO - [2025-05-06T08:22:46.317+0000] {dagbag.py:588} INFO - Filling up the DagBag from /opt/airflow/dags/dags_conn_text.py
[2025-05-06T08:22:46.322+0000] {processor.py:925} INFO - DAG(s) 'dags_conn_test' retrieved from /opt/airflow/dags/dags_conn_text.py
[2025-05-06T08:22:46.338+0000] {logging_mixin.py:190} INFO - [2025-05-06T08:22:46.338+0000] {dag.py:3239} INFO - Sync 1 DAGs
[2025-05-06T08:22:46.349+0000] {logging_mixin.py:190} INFO - [2025-05-06T08:22:46.348+0000] {dag.py:4180} INFO - Setting next_dagrun for dags_conn_test to None, run_after=None
[2025-05-06T08:22:46.366+0000] {processor.py:208} INFO - Processing /opt/airflow/dags/dags_conn_text.py took 0.057 seconds
[2025-05-06T08:23:17.049+0000] {processor.py:186} INFO - Started process (PID=2263) to work on /opt/airflow/dags/dags_conn_text.py
[2025-05-06T08:23:17.050+0000] {processor.py:914} INFO - Processing file /opt/airflow/dags/dags_conn_text.py for tasks to queue
[2025-05-06T08:23:17.052+0000] {logging_mixin.py:190} INFO - [2025-05-06T08:23:17.051+0000] {dagbag.py:588} INFO - Filling up the DagBag from /opt/airflow/dags/dags_conn_text.py
[2025-05-06T08:23:17.057+0000] {processor.py:925} INFO - DAG(s) 'dags_conn_test' retrieved from /opt/airflow/dags/dags_conn_text.py
[2025-05-06T08:23:17.072+0000] {logging_mixin.py:190} INFO - [2025-05-06T08:23:17.072+0000] {dag.py:3239} INFO - Sync 1 DAGs
[2025-05-06T08:23:17.083+0000] {logging_mixin.py:190} INFO - [2025-05-06T08:23:17.083+0000] {dag.py:4180} INFO - Setting next_dagrun for dags_conn_test to None, run_after=None
[2025-05-06T08:23:17.099+0000] {processor.py:208} INFO - Processing /opt/airflow/dags/dags_conn_text.py took 0.054 seconds
[2025-05-06T08:23:47.665+0000] {processor.py:186} INFO - Started process (PID=2333) to work on /opt/airflow/dags/dags_conn_text.py
[2025-05-06T08:23:47.666+0000] {processor.py:914} INFO - Processing file /opt/airflow/dags/dags_conn_text.py for tasks to queue
[2025-05-06T08:23:47.667+0000] {logging_mixin.py:190} INFO - [2025-05-06T08:23:47.667+0000] {dagbag.py:588} INFO - Filling up the DagBag from /opt/airflow/dags/dags_conn_text.py
[2025-05-06T08:23:47.673+0000] {processor.py:925} INFO - DAG(s) 'dags_conn_test' retrieved from /opt/airflow/dags/dags_conn_text.py
[2025-05-06T08:23:47.690+0000] {logging_mixin.py:190} INFO - [2025-05-06T08:23:47.690+0000] {dag.py:3239} INFO - Sync 1 DAGs
[2025-05-06T08:23:47.702+0000] {logging_mixin.py:190} INFO - [2025-05-06T08:23:47.702+0000] {dag.py:4180} INFO - Setting next_dagrun for dags_conn_test to None, run_after=None
[2025-05-06T08:23:47.718+0000] {processor.py:208} INFO - Processing /opt/airflow/dags/dags_conn_text.py took 0.059 seconds
[2025-05-06T08:24:18.738+0000] {processor.py:186} INFO - Started process (PID=2403) to work on /opt/airflow/dags/dags_conn_text.py
[2025-05-06T08:24:18.739+0000] {processor.py:914} INFO - Processing file /opt/airflow/dags/dags_conn_text.py for tasks to queue
[2025-05-06T08:24:18.741+0000] {logging_mixin.py:190} INFO - [2025-05-06T08:24:18.741+0000] {dagbag.py:588} INFO - Filling up the DagBag from /opt/airflow/dags/dags_conn_text.py
[2025-05-06T08:24:18.747+0000] {processor.py:925} INFO - DAG(s) 'dags_conn_test' retrieved from /opt/airflow/dags/dags_conn_text.py
[2025-05-06T08:24:18.762+0000] {logging_mixin.py:190} INFO - [2025-05-06T08:24:18.762+0000] {dag.py:3239} INFO - Sync 1 DAGs
[2025-05-06T08:24:18.773+0000] {logging_mixin.py:190} INFO - [2025-05-06T08:24:18.773+0000] {dag.py:4180} INFO - Setting next_dagrun for dags_conn_test to None, run_after=None
[2025-05-06T08:24:18.788+0000] {processor.py:208} INFO - Processing /opt/airflow/dags/dags_conn_text.py took 0.055 seconds
[2025-05-06T08:24:48.920+0000] {processor.py:186} INFO - Started process (PID=2473) to work on /opt/airflow/dags/dags_conn_text.py
[2025-05-06T08:24:48.921+0000] {processor.py:914} INFO - Processing file /opt/airflow/dags/dags_conn_text.py for tasks to queue
[2025-05-06T08:24:48.922+0000] {logging_mixin.py:190} INFO - [2025-05-06T08:24:48.922+0000] {dagbag.py:588} INFO - Filling up the DagBag from /opt/airflow/dags/dags_conn_text.py
[2025-05-06T08:24:48.928+0000] {processor.py:925} INFO - DAG(s) 'dags_conn_test' retrieved from /opt/airflow/dags/dags_conn_text.py
[2025-05-06T08:24:48.942+0000] {logging_mixin.py:190} INFO - [2025-05-06T08:24:48.942+0000] {dag.py:3239} INFO - Sync 1 DAGs
[2025-05-06T08:24:48.954+0000] {logging_mixin.py:190} INFO - [2025-05-06T08:24:48.954+0000] {dag.py:4180} INFO - Setting next_dagrun for dags_conn_test to None, run_after=None
[2025-05-06T08:24:48.973+0000] {processor.py:208} INFO - Processing /opt/airflow/dags/dags_conn_text.py took 0.057 seconds
[2025-05-06T08:25:19.609+0000] {processor.py:186} INFO - Started process (PID=2543) to work on /opt/airflow/dags/dags_conn_text.py
[2025-05-06T08:25:19.610+0000] {processor.py:914} INFO - Processing file /opt/airflow/dags/dags_conn_text.py for tasks to queue
[2025-05-06T08:25:19.612+0000] {logging_mixin.py:190} INFO - [2025-05-06T08:25:19.611+0000] {dagbag.py:588} INFO - Filling up the DagBag from /opt/airflow/dags/dags_conn_text.py
[2025-05-06T08:25:19.617+0000] {processor.py:925} INFO - DAG(s) 'dags_conn_test' retrieved from /opt/airflow/dags/dags_conn_text.py
[2025-05-06T08:25:19.632+0000] {logging_mixin.py:190} INFO - [2025-05-06T08:25:19.632+0000] {dag.py:3239} INFO - Sync 1 DAGs
[2025-05-06T08:25:19.644+0000] {logging_mixin.py:190} INFO - [2025-05-06T08:25:19.644+0000] {dag.py:4180} INFO - Setting next_dagrun for dags_conn_test to None, run_after=None
[2025-05-06T08:25:19.660+0000] {processor.py:208} INFO - Processing /opt/airflow/dags/dags_conn_text.py took 0.055 seconds
[2025-05-06T08:25:49.919+0000] {processor.py:186} INFO - Started process (PID=2613) to work on /opt/airflow/dags/dags_conn_text.py
[2025-05-06T08:25:49.920+0000] {processor.py:914} INFO - Processing file /opt/airflow/dags/dags_conn_text.py for tasks to queue
[2025-05-06T08:25:49.922+0000] {logging_mixin.py:190} INFO - [2025-05-06T08:25:49.922+0000] {dagbag.py:588} INFO - Filling up the DagBag from /opt/airflow/dags/dags_conn_text.py
[2025-05-06T08:25:49.928+0000] {processor.py:925} INFO - DAG(s) 'dags_conn_test' retrieved from /opt/airflow/dags/dags_conn_text.py
[2025-05-06T08:25:49.945+0000] {logging_mixin.py:190} INFO - [2025-05-06T08:25:49.945+0000] {dag.py:3239} INFO - Sync 1 DAGs
[2025-05-06T08:25:49.958+0000] {logging_mixin.py:190} INFO - [2025-05-06T08:25:49.957+0000] {dag.py:4180} INFO - Setting next_dagrun for dags_conn_test to None, run_after=None
[2025-05-06T08:25:49.974+0000] {processor.py:208} INFO - Processing /opt/airflow/dags/dags_conn_text.py took 0.059 seconds
[2025-05-06T08:26:20.251+0000] {processor.py:186} INFO - Started process (PID=2683) to work on /opt/airflow/dags/dags_conn_text.py
[2025-05-06T08:26:20.252+0000] {processor.py:914} INFO - Processing file /opt/airflow/dags/dags_conn_text.py for tasks to queue
[2025-05-06T08:26:20.254+0000] {logging_mixin.py:190} INFO - [2025-05-06T08:26:20.253+0000] {dagbag.py:588} INFO - Filling up the DagBag from /opt/airflow/dags/dags_conn_text.py
[2025-05-06T08:26:20.259+0000] {processor.py:925} INFO - DAG(s) 'dags_conn_test' retrieved from /opt/airflow/dags/dags_conn_text.py
[2025-05-06T08:26:20.273+0000] {logging_mixin.py:190} INFO - [2025-05-06T08:26:20.272+0000] {dag.py:3239} INFO - Sync 1 DAGs
[2025-05-06T08:26:20.282+0000] {logging_mixin.py:190} INFO - [2025-05-06T08:26:20.282+0000] {dag.py:4180} INFO - Setting next_dagrun for dags_conn_test to None, run_after=None
[2025-05-06T08:26:20.295+0000] {processor.py:208} INFO - Processing /opt/airflow/dags/dags_conn_text.py took 0.048 seconds
[2025-05-06T08:26:50.467+0000] {processor.py:186} INFO - Started process (PID=2753) to work on /opt/airflow/dags/dags_conn_text.py
[2025-05-06T08:26:50.468+0000] {processor.py:914} INFO - Processing file /opt/airflow/dags/dags_conn_text.py for tasks to queue
[2025-05-06T08:26:50.470+0000] {logging_mixin.py:190} INFO - [2025-05-06T08:26:50.470+0000] {dagbag.py:588} INFO - Filling up the DagBag from /opt/airflow/dags/dags_conn_text.py
[2025-05-06T08:26:50.475+0000] {processor.py:925} INFO - DAG(s) 'dags_conn_test' retrieved from /opt/airflow/dags/dags_conn_text.py
[2025-05-06T08:26:50.491+0000] {logging_mixin.py:190} INFO - [2025-05-06T08:26:50.491+0000] {dag.py:3239} INFO - Sync 1 DAGs
[2025-05-06T08:26:50.501+0000] {logging_mixin.py:190} INFO - [2025-05-06T08:26:50.501+0000] {dag.py:4180} INFO - Setting next_dagrun for dags_conn_test to None, run_after=None
[2025-05-06T08:26:50.514+0000] {processor.py:208} INFO - Processing /opt/airflow/dags/dags_conn_text.py took 0.051 seconds
[2025-05-06T08:27:20.773+0000] {processor.py:186} INFO - Started process (PID=2823) to work on /opt/airflow/dags/dags_conn_text.py
[2025-05-06T08:27:20.775+0000] {processor.py:914} INFO - Processing file /opt/airflow/dags/dags_conn_text.py for tasks to queue
[2025-05-06T08:27:20.777+0000] {logging_mixin.py:190} INFO - [2025-05-06T08:27:20.776+0000] {dagbag.py:588} INFO - Filling up the DagBag from /opt/airflow/dags/dags_conn_text.py
[2025-05-06T08:27:20.783+0000] {processor.py:925} INFO - DAG(s) 'dags_conn_test' retrieved from /opt/airflow/dags/dags_conn_text.py
[2025-05-06T08:27:20.799+0000] {logging_mixin.py:190} INFO - [2025-05-06T08:27:20.799+0000] {dag.py:3239} INFO - Sync 1 DAGs
[2025-05-06T08:27:20.810+0000] {logging_mixin.py:190} INFO - [2025-05-06T08:27:20.809+0000] {dag.py:4180} INFO - Setting next_dagrun for dags_conn_test to None, run_after=None
[2025-05-06T08:27:20.825+0000] {processor.py:208} INFO - Processing /opt/airflow/dags/dags_conn_text.py took 0.057 seconds
[2025-05-06T08:27:51.379+0000] {processor.py:186} INFO - Started process (PID=2895) to work on /opt/airflow/dags/dags_conn_text.py
[2025-05-06T08:27:51.380+0000] {processor.py:914} INFO - Processing file /opt/airflow/dags/dags_conn_text.py for tasks to queue
[2025-05-06T08:27:51.381+0000] {logging_mixin.py:190} INFO - [2025-05-06T08:27:51.381+0000] {dagbag.py:588} INFO - Filling up the DagBag from /opt/airflow/dags/dags_conn_text.py
[2025-05-06T08:27:51.387+0000] {processor.py:925} INFO - DAG(s) 'dags_conn_test' retrieved from /opt/airflow/dags/dags_conn_text.py
[2025-05-06T08:27:51.402+0000] {logging_mixin.py:190} INFO - [2025-05-06T08:27:51.402+0000] {dag.py:3239} INFO - Sync 1 DAGs
[2025-05-06T08:27:51.413+0000] {logging_mixin.py:190} INFO - [2025-05-06T08:27:51.413+0000] {dag.py:4180} INFO - Setting next_dagrun for dags_conn_test to None, run_after=None
[2025-05-06T08:27:51.426+0000] {processor.py:208} INFO - Processing /opt/airflow/dags/dags_conn_text.py took 0.051 seconds
[2025-05-06T08:28:21.797+0000] {processor.py:186} INFO - Started process (PID=2970) to work on /opt/airflow/dags/dags_conn_text.py
[2025-05-06T08:28:21.798+0000] {processor.py:914} INFO - Processing file /opt/airflow/dags/dags_conn_text.py for tasks to queue
[2025-05-06T08:28:21.799+0000] {logging_mixin.py:190} INFO - [2025-05-06T08:28:21.799+0000] {dagbag.py:588} INFO - Filling up the DagBag from /opt/airflow/dags/dags_conn_text.py
[2025-05-06T08:28:21.805+0000] {processor.py:925} INFO - DAG(s) 'dags_conn_test' retrieved from /opt/airflow/dags/dags_conn_text.py
[2025-05-06T08:28:21.824+0000] {logging_mixin.py:190} INFO - [2025-05-06T08:28:21.824+0000] {dag.py:3239} INFO - Sync 1 DAGs
[2025-05-06T08:28:21.837+0000] {logging_mixin.py:190} INFO - [2025-05-06T08:28:21.837+0000] {dag.py:4180} INFO - Setting next_dagrun for dags_conn_test to None, run_after=None
[2025-05-06T08:28:21.856+0000] {processor.py:208} INFO - Processing /opt/airflow/dags/dags_conn_text.py took 0.063 seconds
[2025-05-06T08:28:51.983+0000] {processor.py:186} INFO - Started process (PID=3041) to work on /opt/airflow/dags/dags_conn_text.py
[2025-05-06T08:28:51.984+0000] {processor.py:914} INFO - Processing file /opt/airflow/dags/dags_conn_text.py for tasks to queue
[2025-05-06T08:28:51.985+0000] {logging_mixin.py:190} INFO - [2025-05-06T08:28:51.984+0000] {dagbag.py:588} INFO - Filling up the DagBag from /opt/airflow/dags/dags_conn_text.py
[2025-05-06T08:28:51.990+0000] {processor.py:925} INFO - DAG(s) 'dags_conn_test' retrieved from /opt/airflow/dags/dags_conn_text.py
[2025-05-06T08:28:52.006+0000] {logging_mixin.py:190} INFO - [2025-05-06T08:28:52.006+0000] {dag.py:3239} INFO - Sync 1 DAGs
[2025-05-06T08:28:52.018+0000] {logging_mixin.py:190} INFO - [2025-05-06T08:28:52.018+0000] {dag.py:4180} INFO - Setting next_dagrun for dags_conn_test to None, run_after=None
[2025-05-06T08:28:52.034+0000] {processor.py:208} INFO - Processing /opt/airflow/dags/dags_conn_text.py took 0.056 seconds
