[2025-05-19T01:33:41.300+0000] {local_task_job_runner.py:123} INFO - ::group::Pre task execution logs
[2025-05-19T01:33:41.326+0000] {taskinstance.py:2614} INFO - Dependencies all met for dep_context=non-requeueable deps ti=<TaskInstance: dags_trigger_dag_run_operator.trigger_dag_task scheduled__2025-05-18T00:30:00+00:00 [queued]>
[2025-05-19T01:33:41.342+0000] {taskinstance.py:2614} INFO - Dependencies all met for dep_context=requeueable deps ti=<TaskInstance: dags_trigger_dag_run_operator.trigger_dag_task scheduled__2025-05-18T00:30:00+00:00 [queued]>
[2025-05-19T01:33:41.342+0000] {taskinstance.py:2867} INFO - Starting attempt 1 of 1
[2025-05-19T01:33:41.622+0000] {taskinstance.py:2890} INFO - Executing <Task(TriggerDagRunOperator): trigger_dag_task> on 2025-05-18 00:30:00+00:00
[2025-05-19T01:33:41.634+0000] {warnings.py:112} WARNING - /home/***/.local/lib/python3.12/site-packages/***/task/task_runner/standard_task_runner.py:70: DeprecationWarning: This process (pid=1228) is multi-threaded, use of fork() may lead to deadlocks in the child.
  pid = os.fork()

[2025-05-19T01:33:41.636+0000] {standard_task_runner.py:72} INFO - Started process 1234 to run task
[2025-05-19T01:33:41.637+0000] {standard_task_runner.py:104} INFO - Running: ['***', 'tasks', 'run', 'dags_trigger_dag_run_operator', 'trigger_dag_task', 'scheduled__2025-05-18T00:30:00+00:00', '--job-id', '220', '--raw', '--subdir', 'DAGS_FOLDER/dags_trigger_dag_run_operator.py', '--cfg-path', '/tmp/tmpsw4fpphc']
[2025-05-19T01:33:41.638+0000] {standard_task_runner.py:105} INFO - Job 220: Subtask trigger_dag_task
[2025-05-19T01:33:41.698+0000] {task_command.py:467} INFO - Running <TaskInstance: dags_trigger_dag_run_operator.trigger_dag_task scheduled__2025-05-18T00:30:00+00:00 [running]> on host 11348a8299f1
[2025-05-19T01:33:41.797+0000] {taskinstance.py:3134} INFO - Exporting env vars: AIRFLOW_CTX_DAG_OWNER='***' AIRFLOW_CTX_DAG_ID='dags_trigger_dag_run_operator' AIRFLOW_CTX_TASK_ID='trigger_dag_task' AIRFLOW_CTX_EXECUTION_DATE='2025-05-18T00:30:00+00:00' AIRFLOW_CTX_TRY_NUMBER='1' AIRFLOW_CTX_DAG_RUN_ID='scheduled__2025-05-18T00:30:00+00:00'
[2025-05-19T01:33:41.798+0000] {logging_mixin.py:190} INFO - Task instance is in running state
[2025-05-19T01:33:41.799+0000] {logging_mixin.py:190} INFO -  Previous state of the Task instance: queued
[2025-05-19T01:33:41.799+0000] {logging_mixin.py:190} INFO - Current task name:trigger_dag_task state:running start_date:2025-05-19 01:33:41.326989+00:00
[2025-05-19T01:33:41.799+0000] {logging_mixin.py:190} INFO - Dag name:dags_trigger_dag_run_operator and current dag run status:running
[2025-05-19T01:33:41.799+0000] {taskinstance.py:732} INFO - ::endgroup::
[2025-05-19T01:33:41.840+0000] {trigger_dagrun.py:217} INFO - Clearing dags_python_operator on 2025-05-18 00:30:00+00:00
[2025-05-19T01:33:42.004+0000] {taskinstance.py:341} INFO - ::group::Post task execution logs
[2025-05-19T01:33:42.004+0000] {taskinstance.py:353} INFO - Marking task as SUCCESS. dag_id=dags_trigger_dag_run_operator, task_id=trigger_dag_task, run_id=scheduled__2025-05-18T00:30:00+00:00, execution_date=20250518T003000, start_date=20250519T013341, end_date=20250519T013342
[2025-05-19T01:33:42.043+0000] {logging_mixin.py:190} INFO - Task instance in success state
[2025-05-19T01:33:42.043+0000] {logging_mixin.py:190} INFO -  Previous state of the Task instance: running
[2025-05-19T01:33:42.044+0000] {logging_mixin.py:190} INFO - Dag name:dags_trigger_dag_run_operator queued_at:2025-05-19 01:33:36.392643+00:00
[2025-05-19T01:33:42.044+0000] {logging_mixin.py:190} INFO - Task hostname:11348a8299f1 operator:TriggerDagRunOperator
[2025-05-19T01:33:42.097+0000] {local_task_job_runner.py:266} INFO - Task exited with return code 0
[2025-05-19T01:33:42.114+0000] {taskinstance.py:3901} INFO - 0 downstream tasks scheduled from follow-on schedule check
[2025-05-19T01:33:42.116+0000] {local_task_job_runner.py:245} INFO - ::endgroup::
