[2025-05-19T00:18:34.945+0000] {local_task_job_runner.py:123} INFO - ::group::Pre task execution logs
[2025-05-19T00:18:34.973+0000] {taskinstance.py:2614} INFO - Dependencies all met for dep_context=non-requeueable deps ti=<TaskInstance: dags_bash_python_with_xcom.bash_pull scheduled__2025-05-17T00:30:00+00:00 [queued]>
[2025-05-19T00:18:35.127+0000] {taskinstance.py:2614} INFO - Dependencies all met for dep_context=requeueable deps ti=<TaskInstance: dags_bash_python_with_xcom.bash_pull scheduled__2025-05-17T00:30:00+00:00 [queued]>
[2025-05-19T00:18:35.127+0000] {taskinstance.py:2867} INFO - Starting attempt 1 of 1
[2025-05-19T00:18:35.140+0000] {taskinstance.py:2890} INFO - Executing <Task(BashOperator): bash_pull> on 2025-05-17 00:30:00+00:00
[2025-05-19T00:18:35.149+0000] {warnings.py:112} WARNING - /home/***/.local/lib/python3.12/site-packages/***/task/task_runner/standard_task_runner.py:70: DeprecationWarning: This process (pid=225) is multi-threaded, use of fork() may lead to deadlocks in the child.
  pid = os.fork()

[2025-05-19T00:18:35.150+0000] {standard_task_runner.py:72} INFO - Started process 240 to run task
[2025-05-19T00:18:35.151+0000] {standard_task_runner.py:104} INFO - Running: ['***', 'tasks', 'run', 'dags_bash_python_with_xcom', 'bash_pull', 'scheduled__2025-05-17T00:30:00+00:00', '--job-id', '208', '--raw', '--subdir', 'DAGS_FOLDER/dags_bash_python_with_xcom.py', '--cfg-path', '/tmp/tmpaq1p7tff']
[2025-05-19T00:18:35.152+0000] {standard_task_runner.py:105} INFO - Job 208: Subtask bash_pull
[2025-05-19T00:18:35.210+0000] {task_command.py:467} INFO - Running <TaskInstance: dags_bash_python_with_xcom.bash_pull scheduled__2025-05-17T00:30:00+00:00 [running]> on host 11348a8299f1
[2025-05-19T00:18:35.322+0000] {taskinstance.py:3134} INFO - Exporting env vars: AIRFLOW_CTX_DAG_OWNER='***' AIRFLOW_CTX_DAG_ID='dags_bash_python_with_xcom' AIRFLOW_CTX_TASK_ID='bash_pull' AIRFLOW_CTX_EXECUTION_DATE='2025-05-17T00:30:00+00:00' AIRFLOW_CTX_TRY_NUMBER='1' AIRFLOW_CTX_DAG_RUN_ID='scheduled__2025-05-17T00:30:00+00:00'
[2025-05-19T00:18:35.323+0000] {logging_mixin.py:190} INFO - Task instance is in running state
[2025-05-19T00:18:35.323+0000] {logging_mixin.py:190} INFO -  Previous state of the Task instance: queued
[2025-05-19T00:18:35.323+0000] {logging_mixin.py:190} INFO - Current task name:bash_pull state:running start_date:2025-05-19 00:18:34.973508+00:00
[2025-05-19T00:18:35.323+0000] {logging_mixin.py:190} INFO - Dag name:dags_bash_python_with_xcom and current dag run status:running
[2025-05-19T00:18:35.324+0000] {taskinstance.py:732} INFO - ::endgroup::
[2025-05-19T00:18:35.324+0000] {subprocess.py:78} INFO - Tmp dir root location: /tmp
[2025-05-19T00:18:35.325+0000] {subprocess.py:88} INFO - Running command: ['/usr/bin/bash', '-c', 'echo $STATUS && echo $OPTIONS_CNT']
[2025-05-19T00:18:35.341+0000] {subprocess.py:99} INFO - Output:
[2025-05-19T00:18:35.341+0000] {subprocess.py:106} INFO - Good
[2025-05-19T00:18:35.342+0000] {subprocess.py:106} INFO - 100
[2025-05-19T00:18:35.342+0000] {subprocess.py:110} INFO - Command exited with return code 0
[2025-05-19T00:18:35.370+0000] {taskinstance.py:341} INFO - ::group::Post task execution logs
[2025-05-19T00:18:35.371+0000] {taskinstance.py:353} INFO - Marking task as SUCCESS. dag_id=dags_bash_python_with_xcom, task_id=bash_pull, run_id=scheduled__2025-05-17T00:30:00+00:00, execution_date=20250517T003000, start_date=20250519T001834, end_date=20250519T001835
[2025-05-19T00:18:35.395+0000] {logging_mixin.py:190} INFO - Task instance in success state
[2025-05-19T00:18:35.396+0000] {logging_mixin.py:190} INFO -  Previous state of the Task instance: running
[2025-05-19T00:18:35.396+0000] {logging_mixin.py:190} INFO - Dag name:dags_bash_python_with_xcom queued_at:2025-05-19 00:18:14.539169+00:00
[2025-05-19T00:18:35.396+0000] {logging_mixin.py:190} INFO - Task hostname:11348a8299f1 operator:BashOperator
[2025-05-19T00:18:35.406+0000] {local_task_job_runner.py:266} INFO - Task exited with return code 0
[2025-05-19T00:18:35.425+0000] {taskinstance.py:3901} INFO - 0 downstream tasks scheduled from follow-on schedule check
[2025-05-19T00:18:35.428+0000] {local_task_job_runner.py:245} INFO - ::endgroup::
