[2025-05-12T08:33:39.144+0000] {local_task_job_runner.py:123} INFO - ::group::Pre task execution logs
[2025-05-12T08:33:39.207+0000] {taskinstance.py:2614} INFO - Dependencies all met for dep_context=non-requeueable deps ti=<TaskInstance: dags_python_template.python_t1 scheduled__2025-05-10T00:30:00+00:00 [queued]>
[2025-05-12T08:33:39.239+0000] {taskinstance.py:2614} INFO - Dependencies all met for dep_context=requeueable deps ti=<TaskInstance: dags_python_template.python_t1 scheduled__2025-05-10T00:30:00+00:00 [queued]>
[2025-05-12T08:33:39.240+0000] {taskinstance.py:2867} INFO - Starting attempt 1 of 1
[2025-05-12T08:33:39.789+0000] {taskinstance.py:2890} INFO - Executing <Task(PythonOperator): python_t1> on 2025-05-10 00:30:00+00:00
[2025-05-12T08:33:39.812+0000] {warnings.py:112} WARNING - /home/***/.local/lib/python3.12/site-packages/***/task/task_runner/standard_task_runner.py:70: DeprecationWarning: This process (pid=85) is multi-threaded, use of fork() may lead to deadlocks in the child.
  pid = os.fork()

[2025-05-12T08:33:39.819+0000] {standard_task_runner.py:72} INFO - Started process 110 to run task
[2025-05-12T08:33:39.825+0000] {standard_task_runner.py:104} INFO - Running: ['***', 'tasks', 'run', 'dags_python_template', 'python_t1', 'scheduled__2025-05-10T00:30:00+00:00', '--job-id', '129', '--raw', '--subdir', 'DAGS_FOLDER/dags_python_template.py', '--cfg-path', '/tmp/tmpn5wsmyfr']
[2025-05-12T08:33:39.828+0000] {standard_task_runner.py:105} INFO - Job 129: Subtask python_t1
[2025-05-12T08:33:40.031+0000] {task_command.py:467} INFO - Running <TaskInstance: dags_python_template.python_t1 scheduled__2025-05-10T00:30:00+00:00 [running]> on host 11348a8299f1
[2025-05-12T08:33:40.410+0000] {taskinstance.py:3134} INFO - Exporting env vars: AIRFLOW_CTX_DAG_OWNER='***' AIRFLOW_CTX_DAG_ID='dags_python_template' AIRFLOW_CTX_TASK_ID='python_t1' AIRFLOW_CTX_EXECUTION_DATE='2025-05-10T00:30:00+00:00' AIRFLOW_CTX_TRY_NUMBER='1' AIRFLOW_CTX_DAG_RUN_ID='scheduled__2025-05-10T00:30:00+00:00'
[2025-05-12T08:33:40.416+0000] {logging_mixin.py:190} INFO - Task instance is in running state
[2025-05-12T08:33:40.418+0000] {logging_mixin.py:190} INFO -  Previous state of the Task instance: queued
[2025-05-12T08:33:40.419+0000] {logging_mixin.py:190} INFO - Current task name:python_t1 state:running start_date:2025-05-12 08:33:39.208611+00:00
[2025-05-12T08:33:40.420+0000] {logging_mixin.py:190} INFO - Dag name:dags_python_template and current dag run status:running
[2025-05-12T08:33:40.425+0000] {taskinstance.py:732} INFO - ::endgroup::
[2025-05-12T08:33:40.428+0000] {logging_mixin.py:190} INFO - 2025-05-10
[2025-05-12T08:33:40.429+0000] {logging_mixin.py:190} INFO - 2025-05-11
[2025-05-12T08:33:40.430+0000] {python.py:240} INFO - Done. Returned value was: None
[2025-05-12T08:33:40.466+0000] {taskinstance.py:341} INFO - ::group::Post task execution logs
[2025-05-12T08:33:40.467+0000] {taskinstance.py:353} INFO - Marking task as SUCCESS. dag_id=dags_python_template, task_id=python_t1, run_id=scheduled__2025-05-10T00:30:00+00:00, execution_date=20250510T003000, start_date=20250512T083339, end_date=20250512T083340
[2025-05-12T08:33:40.577+0000] {logging_mixin.py:190} INFO - Task instance in success state
[2025-05-12T08:33:40.578+0000] {logging_mixin.py:190} INFO -  Previous state of the Task instance: running
[2025-05-12T08:33:40.578+0000] {logging_mixin.py:190} INFO - Dag name:dags_python_template queued_at:2025-05-12 08:32:29.164835+00:00
[2025-05-12T08:33:40.579+0000] {logging_mixin.py:190} INFO - Task hostname:11348a8299f1 operator:PythonOperator
[2025-05-12T08:33:40.626+0000] {local_task_job_runner.py:266} INFO - Task exited with return code 0
[2025-05-12T08:33:40.663+0000] {local_task_job_runner.py:245} INFO - ::endgroup::
