[2025-05-02T04:14:42.120+0000] {local_task_job_runner.py:123} INFO - ::group::Pre task execution logs
[2025-05-02T04:14:42.141+0000] {taskinstance.py:2614} INFO - Dependencies all met for dep_context=non-requeueable deps ti=<TaskInstance: dags_bash_operator.bash_t1 scheduled__2025-04-30T15:00:00+00:00 [queued]>
[2025-05-02T04:14:42.150+0000] {taskinstance.py:2614} INFO - Dependencies all met for dep_context=requeueable deps ti=<TaskInstance: dags_bash_operator.bash_t1 scheduled__2025-04-30T15:00:00+00:00 [queued]>
[2025-05-02T04:14:42.150+0000] {taskinstance.py:2867} INFO - Starting attempt 1 of 1
[2025-05-02T04:14:42.313+0000] {taskinstance.py:2890} INFO - Executing <Task(BashOperator): bash_t1> on 2025-04-30 15:00:00+00:00
[2025-05-02T04:14:42.322+0000] {warnings.py:112} WARNING - /home/***/.local/lib/python3.12/site-packages/***/task/task_runner/standard_task_runner.py:70: DeprecationWarning: This process (pid=2005) is multi-threaded, use of fork() may lead to deadlocks in the child.
  pid = os.fork()

[2025-05-02T04:14:42.325+0000] {standard_task_runner.py:72} INFO - Started process 2009 to run task
[2025-05-02T04:14:42.325+0000] {standard_task_runner.py:104} INFO - Running: ['***', 'tasks', 'run', 'dags_bash_operator', 'bash_t1', 'scheduled__2025-04-30T15:00:00+00:00', '--job-id', '3', '--raw', '--subdir', 'DAGS_FOLDER/dags_bash_operator.py', '--cfg-path', '/tmp/tmpzhlhu_ka']
[2025-05-02T04:14:42.326+0000] {standard_task_runner.py:105} INFO - Job 3: Subtask bash_t1
[2025-05-02T04:14:42.405+0000] {task_command.py:467} INFO - Running <TaskInstance: dags_bash_operator.bash_t1 scheduled__2025-04-30T15:00:00+00:00 [running]> on host ec0a166f965f
[2025-05-02T04:14:42.500+0000] {taskinstance.py:3134} INFO - Exporting env vars: AIRFLOW_CTX_DAG_OWNER='***' AIRFLOW_CTX_DAG_ID='dags_bash_operator' AIRFLOW_CTX_TASK_ID='bash_t1' AIRFLOW_CTX_EXECUTION_DATE='2025-04-30T15:00:00+00:00' AIRFLOW_CTX_TRY_NUMBER='1' AIRFLOW_CTX_DAG_RUN_ID='scheduled__2025-04-30T15:00:00+00:00'
[2025-05-02T04:14:42.501+0000] {logging_mixin.py:190} INFO - Task instance is in running state
[2025-05-02T04:14:42.501+0000] {logging_mixin.py:190} INFO -  Previous state of the Task instance: queued
[2025-05-02T04:14:42.501+0000] {logging_mixin.py:190} INFO - Current task name:bash_t1 state:running start_date:2025-05-02 04:14:42.142111+00:00
[2025-05-02T04:14:42.501+0000] {logging_mixin.py:190} INFO - Dag name:dags_bash_operator and current dag run status:running
[2025-05-02T04:14:42.501+0000] {taskinstance.py:732} INFO - ::endgroup::
[2025-05-02T04:14:42.502+0000] {subprocess.py:78} INFO - Tmp dir root location: /tmp
[2025-05-02T04:14:42.503+0000] {subprocess.py:88} INFO - Running command: ['/usr/bin/bash', '-c', 'echo whoami']
[2025-05-02T04:14:42.516+0000] {subprocess.py:99} INFO - Output:
[2025-05-02T04:14:42.520+0000] {subprocess.py:106} INFO - whoami
[2025-05-02T04:14:42.521+0000] {subprocess.py:110} INFO - Command exited with return code 0
[2025-05-02T04:14:42.546+0000] {taskinstance.py:341} INFO - ::group::Post task execution logs
[2025-05-02T04:14:42.547+0000] {taskinstance.py:353} INFO - Marking task as SUCCESS. dag_id=dags_bash_operator, task_id=bash_t1, run_id=scheduled__2025-04-30T15:00:00+00:00, execution_date=20250430T150000, start_date=20250502T041442, end_date=20250502T041442
[2025-05-02T04:14:42.573+0000] {logging_mixin.py:190} INFO - Task instance in success state
[2025-05-02T04:14:42.574+0000] {logging_mixin.py:190} INFO -  Previous state of the Task instance: running
[2025-05-02T04:14:42.574+0000] {logging_mixin.py:190} INFO - Dag name:dags_bash_operator queued_at:2025-05-02 04:14:36.504281+00:00
[2025-05-02T04:14:42.574+0000] {logging_mixin.py:190} INFO - Task hostname:ec0a166f965f operator:BashOperator
[2025-05-02T04:14:42.582+0000] {local_task_job_runner.py:266} INFO - Task exited with return code 0
[2025-05-02T04:14:42.609+0000] {taskinstance.py:3901} INFO - 1 downstream tasks scheduled from follow-on schedule check
[2025-05-02T04:14:42.612+0000] {local_task_job_runner.py:245} INFO - ::endgroup::
