[2025-05-12T08:33:39.301+0000] {local_task_job_runner.py:123} INFO - ::group::Pre task execution logs
[2025-05-12T08:33:39.367+0000] {taskinstance.py:2614} INFO - Dependencies all met for dep_context=non-requeueable deps ti=<TaskInstance: dags_python_with_xcom_eg1.python_xcom_push_task1 scheduled__2025-05-09T21:30:00+00:00 [queued]>
[2025-05-12T08:33:39.772+0000] {taskinstance.py:2614} INFO - Dependencies all met for dep_context=requeueable deps ti=<TaskInstance: dags_python_with_xcom_eg1.python_xcom_push_task1 scheduled__2025-05-09T21:30:00+00:00 [queued]>
[2025-05-12T08:33:39.773+0000] {taskinstance.py:2867} INFO - Starting attempt 1 of 1
[2025-05-12T08:33:39.824+0000] {taskinstance.py:2890} INFO - Executing <Task(_PythonDecoratedOperator): python_xcom_push_task1> on 2025-05-09 21:30:00+00:00
[2025-05-12T08:33:39.848+0000] {warnings.py:112} WARNING - /home/***/.local/lib/python3.12/site-packages/***/task/task_runner/standard_task_runner.py:70: DeprecationWarning: This process (pid=87) is multi-threaded, use of fork() may lead to deadlocks in the child.
  pid = os.fork()

[2025-05-12T08:33:39.857+0000] {standard_task_runner.py:72} INFO - Started process 120 to run task
[2025-05-12T08:33:39.855+0000] {standard_task_runner.py:104} INFO - Running: ['***', 'tasks', 'run', 'dags_python_with_xcom_eg1', 'python_xcom_push_task1', 'scheduled__2025-05-09T21:30:00+00:00', '--job-id', '139', '--raw', '--subdir', 'DAGS_FOLDER/dags_python_with_xcom_eg1.py', '--cfg-path', '/tmp/tmp2th3jxqv']
[2025-05-12T08:33:39.858+0000] {standard_task_runner.py:105} INFO - Job 139: Subtask python_xcom_push_task1
[2025-05-12T08:33:40.179+0000] {task_command.py:467} INFO - Running <TaskInstance: dags_python_with_xcom_eg1.python_xcom_push_task1 scheduled__2025-05-09T21:30:00+00:00 [running]> on host 11348a8299f1
[2025-05-12T08:33:40.558+0000] {taskinstance.py:3134} INFO - Exporting env vars: AIRFLOW_CTX_DAG_OWNER='***' AIRFLOW_CTX_DAG_ID='dags_python_with_xcom_eg1' AIRFLOW_CTX_TASK_ID='python_xcom_push_task1' AIRFLOW_CTX_EXECUTION_DATE='2025-05-09T21:30:00+00:00' AIRFLOW_CTX_TRY_NUMBER='1' AIRFLOW_CTX_DAG_RUN_ID='scheduled__2025-05-09T21:30:00+00:00'
[2025-05-12T08:33:40.561+0000] {logging_mixin.py:190} INFO - Task instance is in running state
[2025-05-12T08:33:40.562+0000] {logging_mixin.py:190} INFO -  Previous state of the Task instance: queued
[2025-05-12T08:33:40.563+0000] {logging_mixin.py:190} INFO - Current task name:python_xcom_push_task1 state:running start_date:2025-05-12 08:33:39.368106+00:00
[2025-05-12T08:33:40.563+0000] {logging_mixin.py:190} INFO - Dag name:dags_python_with_xcom_eg1 and current dag run status:running
[2025-05-12T08:33:40.564+0000] {taskinstance.py:732} INFO - ::endgroup::
[2025-05-12T08:33:40.675+0000] {python.py:240} INFO - Done. Returned value was: None
[2025-05-12T08:33:40.714+0000] {taskinstance.py:341} INFO - ::group::Post task execution logs
[2025-05-12T08:33:40.716+0000] {taskinstance.py:353} INFO - Marking task as SUCCESS. dag_id=dags_python_with_xcom_eg1, task_id=python_xcom_push_task1, run_id=scheduled__2025-05-09T21:30:00+00:00, execution_date=20250509T213000, start_date=20250512T083339, end_date=20250512T083340
[2025-05-12T08:33:40.807+0000] {logging_mixin.py:190} INFO - Task instance in success state
[2025-05-12T08:33:40.807+0000] {logging_mixin.py:190} INFO -  Previous state of the Task instance: running
[2025-05-12T08:33:40.808+0000] {logging_mixin.py:190} INFO - Dag name:dags_python_with_xcom_eg1 queued_at:2025-05-12 08:32:29.298488+00:00
[2025-05-12T08:33:40.809+0000] {logging_mixin.py:190} INFO - Task hostname:11348a8299f1 operator:_PythonDecoratedOperator
[2025-05-12T08:33:40.867+0000] {local_task_job_runner.py:266} INFO - Task exited with return code 0
[2025-05-12T08:33:40.969+0000] {taskinstance.py:3901} INFO - 1 downstream tasks scheduled from follow-on schedule check
[2025-05-12T08:33:40.975+0000] {local_task_job_runner.py:245} INFO - ::endgroup::
