[2025-05-19T00:18:27.948+0000] {local_task_job_runner.py:123} INFO - ::group::Pre task execution logs
[2025-05-19T00:18:27.993+0000] {taskinstance.py:2614} INFO - Dependencies all met for dep_context=non-requeueable deps ti=<TaskInstance: dags_python_with_xcom_eg1.python_xcom_push_task1 scheduled__2025-05-17T21:30:00+00:00 [queued]>
[2025-05-19T00:18:28.283+0000] {taskinstance.py:2614} INFO - Dependencies all met for dep_context=requeueable deps ti=<TaskInstance: dags_python_with_xcom_eg1.python_xcom_push_task1 scheduled__2025-05-17T21:30:00+00:00 [queued]>
[2025-05-19T00:18:28.283+0000] {taskinstance.py:2867} INFO - Starting attempt 1 of 1
[2025-05-19T00:18:28.308+0000] {taskinstance.py:2890} INFO - Executing <Task(_PythonDecoratedOperator): python_xcom_push_task1> on 2025-05-17 21:30:00+00:00
[2025-05-19T00:18:28.327+0000] {warnings.py:112} WARNING - /home/***/.local/lib/python3.12/site-packages/***/task/task_runner/standard_task_runner.py:70: DeprecationWarning: This process (pid=136) is multi-threaded, use of fork() may lead to deadlocks in the child.
  pid = os.fork()

[2025-05-19T00:18:28.330+0000] {standard_task_runner.py:72} INFO - Started process 176 to run task
[2025-05-19T00:18:28.332+0000] {standard_task_runner.py:104} INFO - Running: ['***', 'tasks', 'run', 'dags_python_with_xcom_eg1', 'python_xcom_push_task1', 'scheduled__2025-05-17T21:30:00+00:00', '--job-id', '188', '--raw', '--subdir', 'DAGS_FOLDER/dags_python_with_xcom_eg1.py', '--cfg-path', '/tmp/tmprk877_bv']
[2025-05-19T00:18:28.336+0000] {standard_task_runner.py:105} INFO - Job 188: Subtask python_xcom_push_task1
[2025-05-19T00:18:28.443+0000] {task_command.py:467} INFO - Running <TaskInstance: dags_python_with_xcom_eg1.python_xcom_push_task1 scheduled__2025-05-17T21:30:00+00:00 [running]> on host 11348a8299f1
[2025-05-19T00:18:28.657+0000] {taskinstance.py:3134} INFO - Exporting env vars: AIRFLOW_CTX_DAG_OWNER='***' AIRFLOW_CTX_DAG_ID='dags_python_with_xcom_eg1' AIRFLOW_CTX_TASK_ID='python_xcom_push_task1' AIRFLOW_CTX_EXECUTION_DATE='2025-05-17T21:30:00+00:00' AIRFLOW_CTX_TRY_NUMBER='1' AIRFLOW_CTX_DAG_RUN_ID='scheduled__2025-05-17T21:30:00+00:00'
[2025-05-19T00:18:28.667+0000] {logging_mixin.py:190} INFO - Task instance is in running state
[2025-05-19T00:18:28.669+0000] {logging_mixin.py:190} INFO -  Previous state of the Task instance: queued
[2025-05-19T00:18:28.671+0000] {logging_mixin.py:190} INFO - Current task name:python_xcom_push_task1 state:running start_date:2025-05-19 00:18:27.994869+00:00
[2025-05-19T00:18:28.672+0000] {logging_mixin.py:190} INFO - Dag name:dags_python_with_xcom_eg1 and current dag run status:running
[2025-05-19T00:18:28.673+0000] {taskinstance.py:732} INFO - ::endgroup::
[2025-05-19T00:18:28.733+0000] {python.py:240} INFO - Done. Returned value was: None
[2025-05-19T00:18:28.761+0000] {taskinstance.py:341} INFO - ::group::Post task execution logs
[2025-05-19T00:18:28.762+0000] {taskinstance.py:353} INFO - Marking task as SUCCESS. dag_id=dags_python_with_xcom_eg1, task_id=python_xcom_push_task1, run_id=scheduled__2025-05-17T21:30:00+00:00, execution_date=20250517T213000, start_date=20250519T001827, end_date=20250519T001828
[2025-05-19T00:18:28.813+0000] {logging_mixin.py:190} INFO - Task instance in success state
[2025-05-19T00:18:28.813+0000] {logging_mixin.py:190} INFO -  Previous state of the Task instance: running
[2025-05-19T00:18:28.814+0000] {logging_mixin.py:190} INFO - Dag name:dags_python_with_xcom_eg1 queued_at:2025-05-19 00:18:13.884313+00:00
[2025-05-19T00:18:28.815+0000] {logging_mixin.py:190} INFO - Task hostname:11348a8299f1 operator:_PythonDecoratedOperator
[2025-05-19T00:18:28.872+0000] {local_task_job_runner.py:266} INFO - Task exited with return code 0
[2025-05-19T00:18:28.893+0000] {local_task_job_runner.py:245} INFO - ::endgroup::
