[2025-05-10T01:19:38.185+0000] {processor.py:186} INFO - Started process (PID=67085) to work on /home/airflow/.local/lib/python3.12/site-packages/airflow/example_dags/example_time_delta_sensor_async.py
[2025-05-10T01:19:38.186+0000] {processor.py:914} INFO - Processing file /home/airflow/.local/lib/python3.12/site-packages/airflow/example_dags/example_time_delta_sensor_async.py for tasks to queue
[2025-05-10T01:19:38.187+0000] {logging_mixin.py:190} INFO - [2025-05-10T01:19:38.186+0000] {dagbag.py:588} INFO - Filling up the DagBag from /home/airflow/.local/lib/python3.12/site-packages/airflow/example_dags/example_time_delta_sensor_async.py
[2025-05-10T01:19:38.190+0000] {processor.py:925} INFO - DAG(s) 'example_time_delta_sensor_async' retrieved from /home/airflow/.local/lib/python3.12/site-packages/airflow/example_dags/example_time_delta_sensor_async.py
[2025-05-10T01:19:38.215+0000] {logging_mixin.py:190} INFO - [2025-05-10T01:19:38.215+0000] {dag.py:3239} INFO - Sync 1 DAGs
[2025-05-10T01:19:38.226+0000] {logging_mixin.py:190} INFO - [2025-05-10T01:19:38.226+0000] {dag.py:4180} INFO - Setting next_dagrun for example_time_delta_sensor_async to None, run_after=None
[2025-05-10T01:19:38.249+0000] {processor.py:208} INFO - Processing /home/airflow/.local/lib/python3.12/site-packages/airflow/example_dags/example_time_delta_sensor_async.py took 0.069 seconds
[2025-05-10T01:20:09.006+0000] {processor.py:186} INFO - Started process (PID=67167) to work on /home/airflow/.local/lib/python3.12/site-packages/airflow/example_dags/example_time_delta_sensor_async.py
[2025-05-10T01:20:09.007+0000] {processor.py:914} INFO - Processing file /home/airflow/.local/lib/python3.12/site-packages/airflow/example_dags/example_time_delta_sensor_async.py for tasks to queue
[2025-05-10T01:20:09.008+0000] {logging_mixin.py:190} INFO - [2025-05-10T01:20:09.008+0000] {dagbag.py:588} INFO - Filling up the DagBag from /home/airflow/.local/lib/python3.12/site-packages/airflow/example_dags/example_time_delta_sensor_async.py
[2025-05-10T01:20:09.012+0000] {processor.py:925} INFO - DAG(s) 'example_time_delta_sensor_async' retrieved from /home/airflow/.local/lib/python3.12/site-packages/airflow/example_dags/example_time_delta_sensor_async.py
[2025-05-10T01:20:09.029+0000] {logging_mixin.py:190} INFO - [2025-05-10T01:20:09.029+0000] {dag.py:3239} INFO - Sync 1 DAGs
[2025-05-10T01:20:09.040+0000] {logging_mixin.py:190} INFO - [2025-05-10T01:20:09.040+0000] {dag.py:4180} INFO - Setting next_dagrun for example_time_delta_sensor_async to None, run_after=None
[2025-05-10T01:20:09.059+0000] {processor.py:208} INFO - Processing /home/airflow/.local/lib/python3.12/site-packages/airflow/example_dags/example_time_delta_sensor_async.py took 0.058 seconds
[2025-05-10T01:20:39.363+0000] {processor.py:186} INFO - Started process (PID=67249) to work on /home/airflow/.local/lib/python3.12/site-packages/airflow/example_dags/example_time_delta_sensor_async.py
[2025-05-10T01:20:39.364+0000] {processor.py:914} INFO - Processing file /home/airflow/.local/lib/python3.12/site-packages/airflow/example_dags/example_time_delta_sensor_async.py for tasks to queue
[2025-05-10T01:20:39.364+0000] {logging_mixin.py:190} INFO - [2025-05-10T01:20:39.364+0000] {dagbag.py:588} INFO - Filling up the DagBag from /home/airflow/.local/lib/python3.12/site-packages/airflow/example_dags/example_time_delta_sensor_async.py
[2025-05-10T01:20:39.368+0000] {processor.py:925} INFO - DAG(s) 'example_time_delta_sensor_async' retrieved from /home/airflow/.local/lib/python3.12/site-packages/airflow/example_dags/example_time_delta_sensor_async.py
[2025-05-10T01:20:39.382+0000] {logging_mixin.py:190} INFO - [2025-05-10T01:20:39.382+0000] {dag.py:3239} INFO - Sync 1 DAGs
[2025-05-10T01:20:39.392+0000] {logging_mixin.py:190} INFO - [2025-05-10T01:20:39.391+0000] {dag.py:4180} INFO - Setting next_dagrun for example_time_delta_sensor_async to None, run_after=None
[2025-05-10T01:20:39.407+0000] {processor.py:208} INFO - Processing /home/airflow/.local/lib/python3.12/site-packages/airflow/example_dags/example_time_delta_sensor_async.py took 0.048 seconds
[2025-05-10T01:21:10.314+0000] {processor.py:186} INFO - Started process (PID=67331) to work on /home/airflow/.local/lib/python3.12/site-packages/airflow/example_dags/example_time_delta_sensor_async.py
[2025-05-10T01:21:10.315+0000] {processor.py:914} INFO - Processing file /home/airflow/.local/lib/python3.12/site-packages/airflow/example_dags/example_time_delta_sensor_async.py for tasks to queue
[2025-05-10T01:21:10.316+0000] {logging_mixin.py:190} INFO - [2025-05-10T01:21:10.316+0000] {dagbag.py:588} INFO - Filling up the DagBag from /home/airflow/.local/lib/python3.12/site-packages/airflow/example_dags/example_time_delta_sensor_async.py
[2025-05-10T01:21:10.319+0000] {processor.py:925} INFO - DAG(s) 'example_time_delta_sensor_async' retrieved from /home/airflow/.local/lib/python3.12/site-packages/airflow/example_dags/example_time_delta_sensor_async.py
[2025-05-10T01:21:10.332+0000] {logging_mixin.py:190} INFO - [2025-05-10T01:21:10.332+0000] {dag.py:3239} INFO - Sync 1 DAGs
[2025-05-10T01:21:10.341+0000] {logging_mixin.py:190} INFO - [2025-05-10T01:21:10.341+0000] {dag.py:4180} INFO - Setting next_dagrun for example_time_delta_sensor_async to None, run_after=None
[2025-05-10T01:21:10.353+0000] {processor.py:208} INFO - Processing /home/airflow/.local/lib/python3.12/site-packages/airflow/example_dags/example_time_delta_sensor_async.py took 0.043 seconds
[2025-05-10T01:21:41.060+0000] {processor.py:186} INFO - Started process (PID=67413) to work on /home/airflow/.local/lib/python3.12/site-packages/airflow/example_dags/example_time_delta_sensor_async.py
[2025-05-10T01:21:41.062+0000] {processor.py:914} INFO - Processing file /home/airflow/.local/lib/python3.12/site-packages/airflow/example_dags/example_time_delta_sensor_async.py for tasks to queue
[2025-05-10T01:21:41.062+0000] {logging_mixin.py:190} INFO - [2025-05-10T01:21:41.062+0000] {dagbag.py:588} INFO - Filling up the DagBag from /home/airflow/.local/lib/python3.12/site-packages/airflow/example_dags/example_time_delta_sensor_async.py
[2025-05-10T01:21:41.065+0000] {processor.py:925} INFO - DAG(s) 'example_time_delta_sensor_async' retrieved from /home/airflow/.local/lib/python3.12/site-packages/airflow/example_dags/example_time_delta_sensor_async.py
[2025-05-10T01:21:41.080+0000] {logging_mixin.py:190} INFO - [2025-05-10T01:21:41.080+0000] {dag.py:3239} INFO - Sync 1 DAGs
[2025-05-10T01:21:41.089+0000] {logging_mixin.py:190} INFO - [2025-05-10T01:21:41.089+0000] {dag.py:4180} INFO - Setting next_dagrun for example_time_delta_sensor_async to None, run_after=None
[2025-05-10T01:21:41.102+0000] {processor.py:208} INFO - Processing /home/airflow/.local/lib/python3.12/site-packages/airflow/example_dags/example_time_delta_sensor_async.py took 0.046 seconds
[2025-05-10T01:22:11.787+0000] {processor.py:186} INFO - Started process (PID=67496) to work on /home/airflow/.local/lib/python3.12/site-packages/airflow/example_dags/example_time_delta_sensor_async.py
[2025-05-10T01:22:11.788+0000] {processor.py:914} INFO - Processing file /home/airflow/.local/lib/python3.12/site-packages/airflow/example_dags/example_time_delta_sensor_async.py for tasks to queue
[2025-05-10T01:22:11.789+0000] {logging_mixin.py:190} INFO - [2025-05-10T01:22:11.788+0000] {dagbag.py:588} INFO - Filling up the DagBag from /home/airflow/.local/lib/python3.12/site-packages/airflow/example_dags/example_time_delta_sensor_async.py
[2025-05-10T01:22:11.792+0000] {processor.py:925} INFO - DAG(s) 'example_time_delta_sensor_async' retrieved from /home/airflow/.local/lib/python3.12/site-packages/airflow/example_dags/example_time_delta_sensor_async.py
[2025-05-10T01:22:11.806+0000] {logging_mixin.py:190} INFO - [2025-05-10T01:22:11.806+0000] {dag.py:3239} INFO - Sync 1 DAGs
[2025-05-10T01:22:11.815+0000] {logging_mixin.py:190} INFO - [2025-05-10T01:22:11.815+0000] {dag.py:4180} INFO - Setting next_dagrun for example_time_delta_sensor_async to None, run_after=None
[2025-05-10T01:22:11.827+0000] {processor.py:208} INFO - Processing /home/airflow/.local/lib/python3.12/site-packages/airflow/example_dags/example_time_delta_sensor_async.py took 0.045 seconds
[2025-05-10T01:22:42.351+0000] {processor.py:186} INFO - Started process (PID=67578) to work on /home/airflow/.local/lib/python3.12/site-packages/airflow/example_dags/example_time_delta_sensor_async.py
[2025-05-10T01:22:42.352+0000] {processor.py:914} INFO - Processing file /home/airflow/.local/lib/python3.12/site-packages/airflow/example_dags/example_time_delta_sensor_async.py for tasks to queue
[2025-05-10T01:22:42.353+0000] {logging_mixin.py:190} INFO - [2025-05-10T01:22:42.353+0000] {dagbag.py:588} INFO - Filling up the DagBag from /home/airflow/.local/lib/python3.12/site-packages/airflow/example_dags/example_time_delta_sensor_async.py
[2025-05-10T01:22:42.356+0000] {processor.py:925} INFO - DAG(s) 'example_time_delta_sensor_async' retrieved from /home/airflow/.local/lib/python3.12/site-packages/airflow/example_dags/example_time_delta_sensor_async.py
[2025-05-10T01:22:42.370+0000] {logging_mixin.py:190} INFO - [2025-05-10T01:22:42.370+0000] {dag.py:3239} INFO - Sync 1 DAGs
[2025-05-10T01:22:42.379+0000] {logging_mixin.py:190} INFO - [2025-05-10T01:22:42.379+0000] {dag.py:4180} INFO - Setting next_dagrun for example_time_delta_sensor_async to None, run_after=None
[2025-05-10T01:22:42.390+0000] {processor.py:208} INFO - Processing /home/airflow/.local/lib/python3.12/site-packages/airflow/example_dags/example_time_delta_sensor_async.py took 0.044 seconds
[2025-05-10T01:23:13.309+0000] {processor.py:186} INFO - Started process (PID=67660) to work on /home/airflow/.local/lib/python3.12/site-packages/airflow/example_dags/example_time_delta_sensor_async.py
[2025-05-10T01:23:13.309+0000] {processor.py:914} INFO - Processing file /home/airflow/.local/lib/python3.12/site-packages/airflow/example_dags/example_time_delta_sensor_async.py for tasks to queue
[2025-05-10T01:23:13.310+0000] {logging_mixin.py:190} INFO - [2025-05-10T01:23:13.310+0000] {dagbag.py:588} INFO - Filling up the DagBag from /home/airflow/.local/lib/python3.12/site-packages/airflow/example_dags/example_time_delta_sensor_async.py
[2025-05-10T01:23:13.313+0000] {processor.py:925} INFO - DAG(s) 'example_time_delta_sensor_async' retrieved from /home/airflow/.local/lib/python3.12/site-packages/airflow/example_dags/example_time_delta_sensor_async.py
[2025-05-10T01:23:13.327+0000] {logging_mixin.py:190} INFO - [2025-05-10T01:23:13.327+0000] {dag.py:3239} INFO - Sync 1 DAGs
[2025-05-10T01:23:13.336+0000] {logging_mixin.py:190} INFO - [2025-05-10T01:23:13.336+0000] {dag.py:4180} INFO - Setting next_dagrun for example_time_delta_sensor_async to None, run_after=None
[2025-05-10T01:23:13.347+0000] {processor.py:208} INFO - Processing /home/airflow/.local/lib/python3.12/site-packages/airflow/example_dags/example_time_delta_sensor_async.py took 0.043 seconds
[2025-05-10T01:23:44.042+0000] {processor.py:186} INFO - Started process (PID=67742) to work on /home/airflow/.local/lib/python3.12/site-packages/airflow/example_dags/example_time_delta_sensor_async.py
[2025-05-10T01:23:44.043+0000] {processor.py:914} INFO - Processing file /home/airflow/.local/lib/python3.12/site-packages/airflow/example_dags/example_time_delta_sensor_async.py for tasks to queue
[2025-05-10T01:23:44.044+0000] {logging_mixin.py:190} INFO - [2025-05-10T01:23:44.043+0000] {dagbag.py:588} INFO - Filling up the DagBag from /home/airflow/.local/lib/python3.12/site-packages/airflow/example_dags/example_time_delta_sensor_async.py
[2025-05-10T01:23:44.047+0000] {processor.py:925} INFO - DAG(s) 'example_time_delta_sensor_async' retrieved from /home/airflow/.local/lib/python3.12/site-packages/airflow/example_dags/example_time_delta_sensor_async.py
[2025-05-10T01:23:44.061+0000] {logging_mixin.py:190} INFO - [2025-05-10T01:23:44.060+0000] {dag.py:3239} INFO - Sync 1 DAGs
[2025-05-10T01:23:44.070+0000] {logging_mixin.py:190} INFO - [2025-05-10T01:23:44.070+0000] {dag.py:4180} INFO - Setting next_dagrun for example_time_delta_sensor_async to None, run_after=None
[2025-05-10T01:23:44.082+0000] {processor.py:208} INFO - Processing /home/airflow/.local/lib/python3.12/site-packages/airflow/example_dags/example_time_delta_sensor_async.py took 0.045 seconds
[2025-05-10T01:24:14.690+0000] {processor.py:186} INFO - Started process (PID=67824) to work on /home/airflow/.local/lib/python3.12/site-packages/airflow/example_dags/example_time_delta_sensor_async.py
[2025-05-10T01:24:14.691+0000] {processor.py:914} INFO - Processing file /home/airflow/.local/lib/python3.12/site-packages/airflow/example_dags/example_time_delta_sensor_async.py for tasks to queue
[2025-05-10T01:24:14.692+0000] {logging_mixin.py:190} INFO - [2025-05-10T01:24:14.692+0000] {dagbag.py:588} INFO - Filling up the DagBag from /home/airflow/.local/lib/python3.12/site-packages/airflow/example_dags/example_time_delta_sensor_async.py
[2025-05-10T01:24:14.695+0000] {processor.py:925} INFO - DAG(s) 'example_time_delta_sensor_async' retrieved from /home/airflow/.local/lib/python3.12/site-packages/airflow/example_dags/example_time_delta_sensor_async.py
[2025-05-10T01:24:14.711+0000] {logging_mixin.py:190} INFO - [2025-05-10T01:24:14.711+0000] {dag.py:3239} INFO - Sync 1 DAGs
[2025-05-10T01:24:14.720+0000] {logging_mixin.py:190} INFO - [2025-05-10T01:24:14.720+0000] {dag.py:4180} INFO - Setting next_dagrun for example_time_delta_sensor_async to None, run_after=None
[2025-05-10T01:24:14.735+0000] {processor.py:208} INFO - Processing /home/airflow/.local/lib/python3.12/site-packages/airflow/example_dags/example_time_delta_sensor_async.py took 0.050 seconds
[2025-05-10T01:24:45.543+0000] {processor.py:186} INFO - Started process (PID=67906) to work on /home/airflow/.local/lib/python3.12/site-packages/airflow/example_dags/example_time_delta_sensor_async.py
[2025-05-10T01:24:45.544+0000] {processor.py:914} INFO - Processing file /home/airflow/.local/lib/python3.12/site-packages/airflow/example_dags/example_time_delta_sensor_async.py for tasks to queue
[2025-05-10T01:24:45.545+0000] {logging_mixin.py:190} INFO - [2025-05-10T01:24:45.545+0000] {dagbag.py:588} INFO - Filling up the DagBag from /home/airflow/.local/lib/python3.12/site-packages/airflow/example_dags/example_time_delta_sensor_async.py
[2025-05-10T01:24:45.549+0000] {processor.py:925} INFO - DAG(s) 'example_time_delta_sensor_async' retrieved from /home/airflow/.local/lib/python3.12/site-packages/airflow/example_dags/example_time_delta_sensor_async.py
[2025-05-10T01:24:45.562+0000] {logging_mixin.py:190} INFO - [2025-05-10T01:24:45.562+0000] {dag.py:3239} INFO - Sync 1 DAGs
[2025-05-10T01:24:45.572+0000] {logging_mixin.py:190} INFO - [2025-05-10T01:24:45.572+0000] {dag.py:4180} INFO - Setting next_dagrun for example_time_delta_sensor_async to None, run_after=None
[2025-05-10T01:24:45.584+0000] {processor.py:208} INFO - Processing /home/airflow/.local/lib/python3.12/site-packages/airflow/example_dags/example_time_delta_sensor_async.py took 0.045 seconds
[2025-05-10T01:25:16.271+0000] {processor.py:186} INFO - Started process (PID=67988) to work on /home/airflow/.local/lib/python3.12/site-packages/airflow/example_dags/example_time_delta_sensor_async.py
[2025-05-10T01:25:16.272+0000] {processor.py:914} INFO - Processing file /home/airflow/.local/lib/python3.12/site-packages/airflow/example_dags/example_time_delta_sensor_async.py for tasks to queue
[2025-05-10T01:25:16.272+0000] {logging_mixin.py:190} INFO - [2025-05-10T01:25:16.272+0000] {dagbag.py:588} INFO - Filling up the DagBag from /home/airflow/.local/lib/python3.12/site-packages/airflow/example_dags/example_time_delta_sensor_async.py
[2025-05-10T01:25:16.276+0000] {processor.py:925} INFO - DAG(s) 'example_time_delta_sensor_async' retrieved from /home/airflow/.local/lib/python3.12/site-packages/airflow/example_dags/example_time_delta_sensor_async.py
[2025-05-10T01:25:16.289+0000] {logging_mixin.py:190} INFO - [2025-05-10T01:25:16.289+0000] {dag.py:3239} INFO - Sync 1 DAGs
[2025-05-10T01:25:16.299+0000] {logging_mixin.py:190} INFO - [2025-05-10T01:25:16.299+0000] {dag.py:4180} INFO - Setting next_dagrun for example_time_delta_sensor_async to None, run_after=None
[2025-05-10T01:25:16.310+0000] {processor.py:208} INFO - Processing /home/airflow/.local/lib/python3.12/site-packages/airflow/example_dags/example_time_delta_sensor_async.py took 0.044 seconds
[2025-05-10T01:25:46.855+0000] {processor.py:186} INFO - Started process (PID=68070) to work on /home/airflow/.local/lib/python3.12/site-packages/airflow/example_dags/example_time_delta_sensor_async.py
[2025-05-10T01:25:46.855+0000] {processor.py:914} INFO - Processing file /home/airflow/.local/lib/python3.12/site-packages/airflow/example_dags/example_time_delta_sensor_async.py for tasks to queue
[2025-05-10T01:25:46.856+0000] {logging_mixin.py:190} INFO - [2025-05-10T01:25:46.856+0000] {dagbag.py:588} INFO - Filling up the DagBag from /home/airflow/.local/lib/python3.12/site-packages/airflow/example_dags/example_time_delta_sensor_async.py
[2025-05-10T01:25:46.859+0000] {processor.py:925} INFO - DAG(s) 'example_time_delta_sensor_async' retrieved from /home/airflow/.local/lib/python3.12/site-packages/airflow/example_dags/example_time_delta_sensor_async.py
[2025-05-10T01:25:46.873+0000] {logging_mixin.py:190} INFO - [2025-05-10T01:25:46.873+0000] {dag.py:3239} INFO - Sync 1 DAGs
[2025-05-10T01:25:46.882+0000] {logging_mixin.py:190} INFO - [2025-05-10T01:25:46.882+0000] {dag.py:4180} INFO - Setting next_dagrun for example_time_delta_sensor_async to None, run_after=None
[2025-05-10T01:25:46.893+0000] {processor.py:208} INFO - Processing /home/airflow/.local/lib/python3.12/site-packages/airflow/example_dags/example_time_delta_sensor_async.py took 0.043 seconds
[2025-05-10T01:26:17.306+0000] {processor.py:186} INFO - Started process (PID=68152) to work on /home/airflow/.local/lib/python3.12/site-packages/airflow/example_dags/example_time_delta_sensor_async.py
[2025-05-10T01:26:17.307+0000] {processor.py:914} INFO - Processing file /home/airflow/.local/lib/python3.12/site-packages/airflow/example_dags/example_time_delta_sensor_async.py for tasks to queue
[2025-05-10T01:26:17.308+0000] {logging_mixin.py:190} INFO - [2025-05-10T01:26:17.307+0000] {dagbag.py:588} INFO - Filling up the DagBag from /home/airflow/.local/lib/python3.12/site-packages/airflow/example_dags/example_time_delta_sensor_async.py
[2025-05-10T01:26:17.311+0000] {processor.py:925} INFO - DAG(s) 'example_time_delta_sensor_async' retrieved from /home/airflow/.local/lib/python3.12/site-packages/airflow/example_dags/example_time_delta_sensor_async.py
[2025-05-10T01:26:17.325+0000] {logging_mixin.py:190} INFO - [2025-05-10T01:26:17.324+0000] {dag.py:3239} INFO - Sync 1 DAGs
[2025-05-10T01:26:17.333+0000] {logging_mixin.py:190} INFO - [2025-05-10T01:26:17.333+0000] {dag.py:4180} INFO - Setting next_dagrun for example_time_delta_sensor_async to None, run_after=None
[2025-05-10T01:26:17.345+0000] {processor.py:208} INFO - Processing /home/airflow/.local/lib/python3.12/site-packages/airflow/example_dags/example_time_delta_sensor_async.py took 0.044 seconds
[2025-05-10T01:26:47.885+0000] {processor.py:186} INFO - Started process (PID=68234) to work on /home/airflow/.local/lib/python3.12/site-packages/airflow/example_dags/example_time_delta_sensor_async.py
[2025-05-10T01:26:47.893+0000] {processor.py:914} INFO - Processing file /home/airflow/.local/lib/python3.12/site-packages/airflow/example_dags/example_time_delta_sensor_async.py for tasks to queue
[2025-05-10T01:26:47.894+0000] {logging_mixin.py:190} INFO - [2025-05-10T01:26:47.894+0000] {dagbag.py:588} INFO - Filling up the DagBag from /home/airflow/.local/lib/python3.12/site-packages/airflow/example_dags/example_time_delta_sensor_async.py
[2025-05-10T01:26:47.897+0000] {processor.py:925} INFO - DAG(s) 'example_time_delta_sensor_async' retrieved from /home/airflow/.local/lib/python3.12/site-packages/airflow/example_dags/example_time_delta_sensor_async.py
[2025-05-10T01:26:47.912+0000] {logging_mixin.py:190} INFO - [2025-05-10T01:26:47.912+0000] {dag.py:3239} INFO - Sync 1 DAGs
[2025-05-10T01:26:47.922+0000] {logging_mixin.py:190} INFO - [2025-05-10T01:26:47.921+0000] {dag.py:4180} INFO - Setting next_dagrun for example_time_delta_sensor_async to None, run_after=None
[2025-05-10T01:26:47.934+0000] {processor.py:208} INFO - Processing /home/airflow/.local/lib/python3.12/site-packages/airflow/example_dags/example_time_delta_sensor_async.py took 0.054 seconds
[2025-05-10T01:27:18.465+0000] {processor.py:186} INFO - Started process (PID=68316) to work on /home/airflow/.local/lib/python3.12/site-packages/airflow/example_dags/example_time_delta_sensor_async.py
[2025-05-10T01:27:18.466+0000] {processor.py:914} INFO - Processing file /home/airflow/.local/lib/python3.12/site-packages/airflow/example_dags/example_time_delta_sensor_async.py for tasks to queue
[2025-05-10T01:27:18.467+0000] {logging_mixin.py:190} INFO - [2025-05-10T01:27:18.467+0000] {dagbag.py:588} INFO - Filling up the DagBag from /home/airflow/.local/lib/python3.12/site-packages/airflow/example_dags/example_time_delta_sensor_async.py
[2025-05-10T01:27:18.471+0000] {processor.py:925} INFO - DAG(s) 'example_time_delta_sensor_async' retrieved from /home/airflow/.local/lib/python3.12/site-packages/airflow/example_dags/example_time_delta_sensor_async.py
[2025-05-10T01:27:18.488+0000] {logging_mixin.py:190} INFO - [2025-05-10T01:27:18.488+0000] {dag.py:3239} INFO - Sync 1 DAGs
[2025-05-10T01:27:18.499+0000] {logging_mixin.py:190} INFO - [2025-05-10T01:27:18.499+0000] {dag.py:4180} INFO - Setting next_dagrun for example_time_delta_sensor_async to None, run_after=None
[2025-05-10T01:27:18.516+0000] {processor.py:208} INFO - Processing /home/airflow/.local/lib/python3.12/site-packages/airflow/example_dags/example_time_delta_sensor_async.py took 0.056 seconds
[2025-05-10T02:18:39.781+0000] {processor.py:186} INFO - Started process (PID=68374) to work on /home/airflow/.local/lib/python3.12/site-packages/airflow/example_dags/example_time_delta_sensor_async.py
[2025-05-10T02:18:39.782+0000] {processor.py:914} INFO - Processing file /home/airflow/.local/lib/python3.12/site-packages/airflow/example_dags/example_time_delta_sensor_async.py for tasks to queue
[2025-05-10T02:18:39.783+0000] {logging_mixin.py:190} INFO - [2025-05-10T02:18:39.782+0000] {dagbag.py:588} INFO - Filling up the DagBag from /home/airflow/.local/lib/python3.12/site-packages/airflow/example_dags/example_time_delta_sensor_async.py
[2025-05-10T02:18:39.786+0000] {processor.py:925} INFO - DAG(s) 'example_time_delta_sensor_async' retrieved from /home/airflow/.local/lib/python3.12/site-packages/airflow/example_dags/example_time_delta_sensor_async.py
[2025-05-10T02:18:39.802+0000] {logging_mixin.py:190} INFO - [2025-05-10T02:18:39.802+0000] {dag.py:3239} INFO - Sync 1 DAGs
[2025-05-10T02:18:39.812+0000] {logging_mixin.py:190} INFO - [2025-05-10T02:18:39.812+0000] {dag.py:4180} INFO - Setting next_dagrun for example_time_delta_sensor_async to None, run_after=None
[2025-05-10T02:18:39.828+0000] {processor.py:208} INFO - Processing /home/airflow/.local/lib/python3.12/site-packages/airflow/example_dags/example_time_delta_sensor_async.py took 0.053 seconds
[2025-05-10T02:19:10.809+0000] {processor.py:186} INFO - Started process (PID=68456) to work on /home/airflow/.local/lib/python3.12/site-packages/airflow/example_dags/example_time_delta_sensor_async.py
[2025-05-10T02:19:10.810+0000] {processor.py:914} INFO - Processing file /home/airflow/.local/lib/python3.12/site-packages/airflow/example_dags/example_time_delta_sensor_async.py for tasks to queue
[2025-05-10T02:19:10.811+0000] {logging_mixin.py:190} INFO - [2025-05-10T02:19:10.810+0000] {dagbag.py:588} INFO - Filling up the DagBag from /home/airflow/.local/lib/python3.12/site-packages/airflow/example_dags/example_time_delta_sensor_async.py
[2025-05-10T02:19:10.814+0000] {processor.py:925} INFO - DAG(s) 'example_time_delta_sensor_async' retrieved from /home/airflow/.local/lib/python3.12/site-packages/airflow/example_dags/example_time_delta_sensor_async.py
[2025-05-10T02:19:10.834+0000] {logging_mixin.py:190} INFO - [2025-05-10T02:19:10.833+0000] {dag.py:3239} INFO - Sync 1 DAGs
[2025-05-10T02:19:10.845+0000] {logging_mixin.py:190} INFO - [2025-05-10T02:19:10.844+0000] {dag.py:4180} INFO - Setting next_dagrun for example_time_delta_sensor_async to None, run_after=None
[2025-05-10T02:19:10.861+0000] {processor.py:208} INFO - Processing /home/airflow/.local/lib/python3.12/site-packages/airflow/example_dags/example_time_delta_sensor_async.py took 0.058 seconds
[2025-05-10T02:19:41.864+0000] {processor.py:186} INFO - Started process (PID=68538) to work on /home/airflow/.local/lib/python3.12/site-packages/airflow/example_dags/example_time_delta_sensor_async.py
[2025-05-10T02:19:41.865+0000] {processor.py:914} INFO - Processing file /home/airflow/.local/lib/python3.12/site-packages/airflow/example_dags/example_time_delta_sensor_async.py for tasks to queue
[2025-05-10T02:19:41.867+0000] {logging_mixin.py:190} INFO - [2025-05-10T02:19:41.866+0000] {dagbag.py:588} INFO - Filling up the DagBag from /home/airflow/.local/lib/python3.12/site-packages/airflow/example_dags/example_time_delta_sensor_async.py
[2025-05-10T02:19:41.870+0000] {processor.py:925} INFO - DAG(s) 'example_time_delta_sensor_async' retrieved from /home/airflow/.local/lib/python3.12/site-packages/airflow/example_dags/example_time_delta_sensor_async.py
[2025-05-10T02:19:41.887+0000] {logging_mixin.py:190} INFO - [2025-05-10T02:19:41.887+0000] {dag.py:3239} INFO - Sync 1 DAGs
[2025-05-10T02:19:41.897+0000] {logging_mixin.py:190} INFO - [2025-05-10T02:19:41.897+0000] {dag.py:4180} INFO - Setting next_dagrun for example_time_delta_sensor_async to None, run_after=None
[2025-05-10T02:19:41.910+0000] {processor.py:208} INFO - Processing /home/airflow/.local/lib/python3.12/site-packages/airflow/example_dags/example_time_delta_sensor_async.py took 0.051 seconds
[2025-05-10T02:20:12.314+0000] {processor.py:186} INFO - Started process (PID=68620) to work on /home/airflow/.local/lib/python3.12/site-packages/airflow/example_dags/example_time_delta_sensor_async.py
[2025-05-10T02:20:12.315+0000] {processor.py:914} INFO - Processing file /home/airflow/.local/lib/python3.12/site-packages/airflow/example_dags/example_time_delta_sensor_async.py for tasks to queue
[2025-05-10T02:20:12.316+0000] {logging_mixin.py:190} INFO - [2025-05-10T02:20:12.316+0000] {dagbag.py:588} INFO - Filling up the DagBag from /home/airflow/.local/lib/python3.12/site-packages/airflow/example_dags/example_time_delta_sensor_async.py
[2025-05-10T02:20:12.319+0000] {processor.py:925} INFO - DAG(s) 'example_time_delta_sensor_async' retrieved from /home/airflow/.local/lib/python3.12/site-packages/airflow/example_dags/example_time_delta_sensor_async.py
[2025-05-10T02:20:12.334+0000] {logging_mixin.py:190} INFO - [2025-05-10T02:20:12.334+0000] {dag.py:3239} INFO - Sync 1 DAGs
[2025-05-10T02:20:12.343+0000] {logging_mixin.py:190} INFO - [2025-05-10T02:20:12.343+0000] {dag.py:4180} INFO - Setting next_dagrun for example_time_delta_sensor_async to None, run_after=None
[2025-05-10T02:20:12.357+0000] {processor.py:208} INFO - Processing /home/airflow/.local/lib/python3.12/site-packages/airflow/example_dags/example_time_delta_sensor_async.py took 0.048 seconds
[2025-05-10T02:20:42.897+0000] {processor.py:186} INFO - Started process (PID=68702) to work on /home/airflow/.local/lib/python3.12/site-packages/airflow/example_dags/example_time_delta_sensor_async.py
[2025-05-10T02:20:42.898+0000] {processor.py:914} INFO - Processing file /home/airflow/.local/lib/python3.12/site-packages/airflow/example_dags/example_time_delta_sensor_async.py for tasks to queue
[2025-05-10T02:20:42.899+0000] {logging_mixin.py:190} INFO - [2025-05-10T02:20:42.899+0000] {dagbag.py:588} INFO - Filling up the DagBag from /home/airflow/.local/lib/python3.12/site-packages/airflow/example_dags/example_time_delta_sensor_async.py
[2025-05-10T02:20:42.902+0000] {processor.py:925} INFO - DAG(s) 'example_time_delta_sensor_async' retrieved from /home/airflow/.local/lib/python3.12/site-packages/airflow/example_dags/example_time_delta_sensor_async.py
[2025-05-10T02:20:42.915+0000] {logging_mixin.py:190} INFO - [2025-05-10T02:20:42.915+0000] {dag.py:3239} INFO - Sync 1 DAGs
[2025-05-10T02:20:42.924+0000] {logging_mixin.py:190} INFO - [2025-05-10T02:20:42.924+0000] {dag.py:4180} INFO - Setting next_dagrun for example_time_delta_sensor_async to None, run_after=None
[2025-05-10T02:20:42.935+0000] {processor.py:208} INFO - Processing /home/airflow/.local/lib/python3.12/site-packages/airflow/example_dags/example_time_delta_sensor_async.py took 0.042 seconds
[2025-05-10T04:20:40.109+0000] {processor.py:186} INFO - Started process (PID=68787) to work on /home/airflow/.local/lib/python3.12/site-packages/airflow/example_dags/example_time_delta_sensor_async.py
[2025-05-10T04:20:40.110+0000] {processor.py:914} INFO - Processing file /home/airflow/.local/lib/python3.12/site-packages/airflow/example_dags/example_time_delta_sensor_async.py for tasks to queue
[2025-05-10T04:20:40.111+0000] {logging_mixin.py:190} INFO - [2025-05-10T04:20:40.110+0000] {dagbag.py:588} INFO - Filling up the DagBag from /home/airflow/.local/lib/python3.12/site-packages/airflow/example_dags/example_time_delta_sensor_async.py
[2025-05-10T04:20:40.114+0000] {processor.py:925} INFO - DAG(s) 'example_time_delta_sensor_async' retrieved from /home/airflow/.local/lib/python3.12/site-packages/airflow/example_dags/example_time_delta_sensor_async.py
[2025-05-10T04:20:40.135+0000] {logging_mixin.py:190} INFO - [2025-05-10T04:20:40.134+0000] {dag.py:3239} INFO - Sync 1 DAGs
[2025-05-10T04:20:40.147+0000] {logging_mixin.py:190} INFO - [2025-05-10T04:20:40.147+0000] {dag.py:4180} INFO - Setting next_dagrun for example_time_delta_sensor_async to None, run_after=None
[2025-05-10T04:20:40.161+0000] {processor.py:208} INFO - Processing /home/airflow/.local/lib/python3.12/site-packages/airflow/example_dags/example_time_delta_sensor_async.py took 0.057 seconds
