[2025-05-10T01:19:38.598+0000] {processor.py:186} INFO - Started process (PID=67091) to work on /home/airflow/.local/lib/python3.12/site-packages/airflow/example_dags/example_branch_labels.py
[2025-05-10T01:19:38.599+0000] {processor.py:914} INFO - Processing file /home/airflow/.local/lib/python3.12/site-packages/airflow/example_dags/example_branch_labels.py for tasks to queue
[2025-05-10T01:19:38.600+0000] {logging_mixin.py:190} INFO - [2025-05-10T01:19:38.600+0000] {dagbag.py:588} INFO - Filling up the DagBag from /home/airflow/.local/lib/python3.12/site-packages/airflow/example_dags/example_branch_labels.py
[2025-05-10T01:19:38.605+0000] {processor.py:925} INFO - DAG(s) 'example_branch_labels' retrieved from /home/airflow/.local/lib/python3.12/site-packages/airflow/example_dags/example_branch_labels.py
[2025-05-10T01:19:38.627+0000] {logging_mixin.py:190} INFO - [2025-05-10T01:19:38.627+0000] {dag.py:3239} INFO - Sync 1 DAGs
[2025-05-10T01:19:38.648+0000] {logging_mixin.py:190} INFO - [2025-05-10T01:19:38.648+0000] {dag.py:4180} INFO - Setting next_dagrun for example_branch_labels to 2025-05-09 00:00:00+00:00, run_after=2025-05-10 00:00:00+00:00
[2025-05-10T01:19:38.668+0000] {processor.py:208} INFO - Processing /home/airflow/.local/lib/python3.12/site-packages/airflow/example_dags/example_branch_labels.py took 0.075 seconds
[2025-05-10T01:20:09.424+0000] {processor.py:186} INFO - Started process (PID=67173) to work on /home/airflow/.local/lib/python3.12/site-packages/airflow/example_dags/example_branch_labels.py
[2025-05-10T01:20:09.424+0000] {processor.py:914} INFO - Processing file /home/airflow/.local/lib/python3.12/site-packages/airflow/example_dags/example_branch_labels.py for tasks to queue
[2025-05-10T01:20:09.425+0000] {logging_mixin.py:190} INFO - [2025-05-10T01:20:09.425+0000] {dagbag.py:588} INFO - Filling up the DagBag from /home/airflow/.local/lib/python3.12/site-packages/airflow/example_dags/example_branch_labels.py
[2025-05-10T01:20:09.433+0000] {processor.py:925} INFO - DAG(s) 'example_branch_labels' retrieved from /home/airflow/.local/lib/python3.12/site-packages/airflow/example_dags/example_branch_labels.py
[2025-05-10T01:20:09.455+0000] {logging_mixin.py:190} INFO - [2025-05-10T01:20:09.454+0000] {dag.py:3239} INFO - Sync 1 DAGs
[2025-05-10T01:20:09.477+0000] {logging_mixin.py:190} INFO - [2025-05-10T01:20:09.477+0000] {dag.py:4180} INFO - Setting next_dagrun for example_branch_labels to 2025-05-09 00:00:00+00:00, run_after=2025-05-10 00:00:00+00:00
[2025-05-10T01:20:09.504+0000] {processor.py:208} INFO - Processing /home/airflow/.local/lib/python3.12/site-packages/airflow/example_dags/example_branch_labels.py took 0.086 seconds
[2025-05-10T01:20:39.534+0000] {processor.py:186} INFO - Started process (PID=67254) to work on /home/airflow/.local/lib/python3.12/site-packages/airflow/example_dags/example_branch_labels.py
[2025-05-10T01:20:39.535+0000] {processor.py:914} INFO - Processing file /home/airflow/.local/lib/python3.12/site-packages/airflow/example_dags/example_branch_labels.py for tasks to queue
[2025-05-10T01:20:39.536+0000] {logging_mixin.py:190} INFO - [2025-05-10T01:20:39.536+0000] {dagbag.py:588} INFO - Filling up the DagBag from /home/airflow/.local/lib/python3.12/site-packages/airflow/example_dags/example_branch_labels.py
[2025-05-10T01:20:39.541+0000] {processor.py:925} INFO - DAG(s) 'example_branch_labels' retrieved from /home/airflow/.local/lib/python3.12/site-packages/airflow/example_dags/example_branch_labels.py
[2025-05-10T01:20:39.556+0000] {logging_mixin.py:190} INFO - [2025-05-10T01:20:39.555+0000] {dag.py:3239} INFO - Sync 1 DAGs
[2025-05-10T01:20:39.571+0000] {logging_mixin.py:190} INFO - [2025-05-10T01:20:39.571+0000] {dag.py:4180} INFO - Setting next_dagrun for example_branch_labels to 2025-05-09 00:00:00+00:00, run_after=2025-05-10 00:00:00+00:00
[2025-05-10T01:20:39.583+0000] {processor.py:208} INFO - Processing /home/airflow/.local/lib/python3.12/site-packages/airflow/example_dags/example_branch_labels.py took 0.053 seconds
[2025-05-10T01:21:10.508+0000] {processor.py:186} INFO - Started process (PID=67336) to work on /home/airflow/.local/lib/python3.12/site-packages/airflow/example_dags/example_branch_labels.py
[2025-05-10T01:21:10.509+0000] {processor.py:914} INFO - Processing file /home/airflow/.local/lib/python3.12/site-packages/airflow/example_dags/example_branch_labels.py for tasks to queue
[2025-05-10T01:21:10.510+0000] {logging_mixin.py:190} INFO - [2025-05-10T01:21:10.510+0000] {dagbag.py:588} INFO - Filling up the DagBag from /home/airflow/.local/lib/python3.12/site-packages/airflow/example_dags/example_branch_labels.py
[2025-05-10T01:21:10.515+0000] {processor.py:925} INFO - DAG(s) 'example_branch_labels' retrieved from /home/airflow/.local/lib/python3.12/site-packages/airflow/example_dags/example_branch_labels.py
[2025-05-10T01:21:10.529+0000] {logging_mixin.py:190} INFO - [2025-05-10T01:21:10.529+0000] {dag.py:3239} INFO - Sync 1 DAGs
[2025-05-10T01:21:10.543+0000] {logging_mixin.py:190} INFO - [2025-05-10T01:21:10.543+0000] {dag.py:4180} INFO - Setting next_dagrun for example_branch_labels to 2025-05-09 00:00:00+00:00, run_after=2025-05-10 00:00:00+00:00
[2025-05-10T01:21:10.556+0000] {processor.py:208} INFO - Processing /home/airflow/.local/lib/python3.12/site-packages/airflow/example_dags/example_branch_labels.py took 0.052 seconds
[2025-05-10T01:21:41.204+0000] {processor.py:186} INFO - Started process (PID=67418) to work on /home/airflow/.local/lib/python3.12/site-packages/airflow/example_dags/example_branch_labels.py
[2025-05-10T01:21:41.205+0000] {processor.py:914} INFO - Processing file /home/airflow/.local/lib/python3.12/site-packages/airflow/example_dags/example_branch_labels.py for tasks to queue
[2025-05-10T01:21:41.205+0000] {logging_mixin.py:190} INFO - [2025-05-10T01:21:41.205+0000] {dagbag.py:588} INFO - Filling up the DagBag from /home/airflow/.local/lib/python3.12/site-packages/airflow/example_dags/example_branch_labels.py
[2025-05-10T01:21:41.210+0000] {processor.py:925} INFO - DAG(s) 'example_branch_labels' retrieved from /home/airflow/.local/lib/python3.12/site-packages/airflow/example_dags/example_branch_labels.py
[2025-05-10T01:21:41.226+0000] {logging_mixin.py:190} INFO - [2025-05-10T01:21:41.225+0000] {dag.py:3239} INFO - Sync 1 DAGs
[2025-05-10T01:21:41.240+0000] {logging_mixin.py:190} INFO - [2025-05-10T01:21:41.240+0000] {dag.py:4180} INFO - Setting next_dagrun for example_branch_labels to 2025-05-09 00:00:00+00:00, run_after=2025-05-10 00:00:00+00:00
[2025-05-10T01:21:41.251+0000] {processor.py:208} INFO - Processing /home/airflow/.local/lib/python3.12/site-packages/airflow/example_dags/example_branch_labels.py took 0.052 seconds
[2025-05-10T01:22:11.931+0000] {processor.py:186} INFO - Started process (PID=67501) to work on /home/airflow/.local/lib/python3.12/site-packages/airflow/example_dags/example_branch_labels.py
[2025-05-10T01:22:11.932+0000] {processor.py:914} INFO - Processing file /home/airflow/.local/lib/python3.12/site-packages/airflow/example_dags/example_branch_labels.py for tasks to queue
[2025-05-10T01:22:11.933+0000] {logging_mixin.py:190} INFO - [2025-05-10T01:22:11.932+0000] {dagbag.py:588} INFO - Filling up the DagBag from /home/airflow/.local/lib/python3.12/site-packages/airflow/example_dags/example_branch_labels.py
[2025-05-10T01:22:11.937+0000] {processor.py:925} INFO - DAG(s) 'example_branch_labels' retrieved from /home/airflow/.local/lib/python3.12/site-packages/airflow/example_dags/example_branch_labels.py
[2025-05-10T01:22:11.952+0000] {logging_mixin.py:190} INFO - [2025-05-10T01:22:11.952+0000] {dag.py:3239} INFO - Sync 1 DAGs
[2025-05-10T01:22:11.967+0000] {logging_mixin.py:190} INFO - [2025-05-10T01:22:11.966+0000] {dag.py:4180} INFO - Setting next_dagrun for example_branch_labels to 2025-05-09 00:00:00+00:00, run_after=2025-05-10 00:00:00+00:00
[2025-05-10T01:22:11.984+0000] {processor.py:208} INFO - Processing /home/airflow/.local/lib/python3.12/site-packages/airflow/example_dags/example_branch_labels.py took 0.057 seconds
[2025-05-10T01:22:42.533+0000] {processor.py:186} INFO - Started process (PID=67583) to work on /home/airflow/.local/lib/python3.12/site-packages/airflow/example_dags/example_branch_labels.py
[2025-05-10T01:22:42.534+0000] {processor.py:914} INFO - Processing file /home/airflow/.local/lib/python3.12/site-packages/airflow/example_dags/example_branch_labels.py for tasks to queue
[2025-05-10T01:22:42.536+0000] {logging_mixin.py:190} INFO - [2025-05-10T01:22:42.535+0000] {dagbag.py:588} INFO - Filling up the DagBag from /home/airflow/.local/lib/python3.12/site-packages/airflow/example_dags/example_branch_labels.py
[2025-05-10T01:22:42.540+0000] {processor.py:925} INFO - DAG(s) 'example_branch_labels' retrieved from /home/airflow/.local/lib/python3.12/site-packages/airflow/example_dags/example_branch_labels.py
[2025-05-10T01:22:42.554+0000] {logging_mixin.py:190} INFO - [2025-05-10T01:22:42.553+0000] {dag.py:3239} INFO - Sync 1 DAGs
[2025-05-10T01:22:42.568+0000] {logging_mixin.py:190} INFO - [2025-05-10T01:22:42.567+0000] {dag.py:4180} INFO - Setting next_dagrun for example_branch_labels to 2025-05-09 00:00:00+00:00, run_after=2025-05-10 00:00:00+00:00
[2025-05-10T01:22:42.577+0000] {processor.py:208} INFO - Processing /home/airflow/.local/lib/python3.12/site-packages/airflow/example_dags/example_branch_labels.py took 0.049 seconds
[2025-05-10T01:23:13.508+0000] {processor.py:186} INFO - Started process (PID=67665) to work on /home/airflow/.local/lib/python3.12/site-packages/airflow/example_dags/example_branch_labels.py
[2025-05-10T01:23:13.509+0000] {processor.py:914} INFO - Processing file /home/airflow/.local/lib/python3.12/site-packages/airflow/example_dags/example_branch_labels.py for tasks to queue
[2025-05-10T01:23:13.510+0000] {logging_mixin.py:190} INFO - [2025-05-10T01:23:13.510+0000] {dagbag.py:588} INFO - Filling up the DagBag from /home/airflow/.local/lib/python3.12/site-packages/airflow/example_dags/example_branch_labels.py
[2025-05-10T01:23:13.515+0000] {processor.py:925} INFO - DAG(s) 'example_branch_labels' retrieved from /home/airflow/.local/lib/python3.12/site-packages/airflow/example_dags/example_branch_labels.py
[2025-05-10T01:23:13.530+0000] {logging_mixin.py:190} INFO - [2025-05-10T01:23:13.529+0000] {dag.py:3239} INFO - Sync 1 DAGs
[2025-05-10T01:23:13.544+0000] {logging_mixin.py:190} INFO - [2025-05-10T01:23:13.544+0000] {dag.py:4180} INFO - Setting next_dagrun for example_branch_labels to 2025-05-09 00:00:00+00:00, run_after=2025-05-10 00:00:00+00:00
[2025-05-10T01:23:13.558+0000] {processor.py:208} INFO - Processing /home/airflow/.local/lib/python3.12/site-packages/airflow/example_dags/example_branch_labels.py took 0.054 seconds
[2025-05-10T01:23:44.218+0000] {processor.py:186} INFO - Started process (PID=67747) to work on /home/airflow/.local/lib/python3.12/site-packages/airflow/example_dags/example_branch_labels.py
[2025-05-10T01:23:44.219+0000] {processor.py:914} INFO - Processing file /home/airflow/.local/lib/python3.12/site-packages/airflow/example_dags/example_branch_labels.py for tasks to queue
[2025-05-10T01:23:44.220+0000] {logging_mixin.py:190} INFO - [2025-05-10T01:23:44.219+0000] {dagbag.py:588} INFO - Filling up the DagBag from /home/airflow/.local/lib/python3.12/site-packages/airflow/example_dags/example_branch_labels.py
[2025-05-10T01:23:44.225+0000] {processor.py:925} INFO - DAG(s) 'example_branch_labels' retrieved from /home/airflow/.local/lib/python3.12/site-packages/airflow/example_dags/example_branch_labels.py
[2025-05-10T01:23:44.239+0000] {logging_mixin.py:190} INFO - [2025-05-10T01:23:44.238+0000] {dag.py:3239} INFO - Sync 1 DAGs
[2025-05-10T01:23:44.253+0000] {logging_mixin.py:190} INFO - [2025-05-10T01:23:44.253+0000] {dag.py:4180} INFO - Setting next_dagrun for example_branch_labels to 2025-05-09 00:00:00+00:00, run_after=2025-05-10 00:00:00+00:00
[2025-05-10T01:23:44.263+0000] {processor.py:208} INFO - Processing /home/airflow/.local/lib/python3.12/site-packages/airflow/example_dags/example_branch_labels.py took 0.050 seconds
[2025-05-10T01:24:14.961+0000] {processor.py:186} INFO - Started process (PID=67829) to work on /home/airflow/.local/lib/python3.12/site-packages/airflow/example_dags/example_branch_labels.py
[2025-05-10T01:24:14.962+0000] {processor.py:914} INFO - Processing file /home/airflow/.local/lib/python3.12/site-packages/airflow/example_dags/example_branch_labels.py for tasks to queue
[2025-05-10T01:24:14.963+0000] {logging_mixin.py:190} INFO - [2025-05-10T01:24:14.963+0000] {dagbag.py:588} INFO - Filling up the DagBag from /home/airflow/.local/lib/python3.12/site-packages/airflow/example_dags/example_branch_labels.py
[2025-05-10T01:24:14.968+0000] {processor.py:925} INFO - DAG(s) 'example_branch_labels' retrieved from /home/airflow/.local/lib/python3.12/site-packages/airflow/example_dags/example_branch_labels.py
[2025-05-10T01:24:14.982+0000] {logging_mixin.py:190} INFO - [2025-05-10T01:24:14.982+0000] {dag.py:3239} INFO - Sync 1 DAGs
[2025-05-10T01:24:14.997+0000] {logging_mixin.py:190} INFO - [2025-05-10T01:24:14.997+0000] {dag.py:4180} INFO - Setting next_dagrun for example_branch_labels to 2025-05-09 00:00:00+00:00, run_after=2025-05-10 00:00:00+00:00
[2025-05-10T01:24:15.007+0000] {processor.py:208} INFO - Processing /home/airflow/.local/lib/python3.12/site-packages/airflow/example_dags/example_branch_labels.py took 0.051 seconds
[2025-05-10T01:24:45.799+0000] {processor.py:186} INFO - Started process (PID=67911) to work on /home/airflow/.local/lib/python3.12/site-packages/airflow/example_dags/example_branch_labels.py
[2025-05-10T01:24:45.800+0000] {processor.py:914} INFO - Processing file /home/airflow/.local/lib/python3.12/site-packages/airflow/example_dags/example_branch_labels.py for tasks to queue
[2025-05-10T01:24:45.801+0000] {logging_mixin.py:190} INFO - [2025-05-10T01:24:45.801+0000] {dagbag.py:588} INFO - Filling up the DagBag from /home/airflow/.local/lib/python3.12/site-packages/airflow/example_dags/example_branch_labels.py
[2025-05-10T01:24:45.806+0000] {processor.py:925} INFO - DAG(s) 'example_branch_labels' retrieved from /home/airflow/.local/lib/python3.12/site-packages/airflow/example_dags/example_branch_labels.py
[2025-05-10T01:24:45.823+0000] {logging_mixin.py:190} INFO - [2025-05-10T01:24:45.822+0000] {dag.py:3239} INFO - Sync 1 DAGs
[2025-05-10T01:24:45.847+0000] {logging_mixin.py:190} INFO - [2025-05-10T01:24:45.847+0000] {dag.py:4180} INFO - Setting next_dagrun for example_branch_labels to 2025-05-09 00:00:00+00:00, run_after=2025-05-10 00:00:00+00:00
[2025-05-10T01:24:45.860+0000] {processor.py:208} INFO - Processing /home/airflow/.local/lib/python3.12/site-packages/airflow/example_dags/example_branch_labels.py took 0.066 seconds
[2025-05-10T01:25:16.456+0000] {processor.py:186} INFO - Started process (PID=67993) to work on /home/airflow/.local/lib/python3.12/site-packages/airflow/example_dags/example_branch_labels.py
[2025-05-10T01:25:16.457+0000] {processor.py:914} INFO - Processing file /home/airflow/.local/lib/python3.12/site-packages/airflow/example_dags/example_branch_labels.py for tasks to queue
[2025-05-10T01:25:16.457+0000] {logging_mixin.py:190} INFO - [2025-05-10T01:25:16.457+0000] {dagbag.py:588} INFO - Filling up the DagBag from /home/airflow/.local/lib/python3.12/site-packages/airflow/example_dags/example_branch_labels.py
[2025-05-10T01:25:16.463+0000] {processor.py:925} INFO - DAG(s) 'example_branch_labels' retrieved from /home/airflow/.local/lib/python3.12/site-packages/airflow/example_dags/example_branch_labels.py
[2025-05-10T01:25:16.477+0000] {logging_mixin.py:190} INFO - [2025-05-10T01:25:16.476+0000] {dag.py:3239} INFO - Sync 1 DAGs
[2025-05-10T01:25:16.491+0000] {logging_mixin.py:190} INFO - [2025-05-10T01:25:16.491+0000] {dag.py:4180} INFO - Setting next_dagrun for example_branch_labels to 2025-05-09 00:00:00+00:00, run_after=2025-05-10 00:00:00+00:00
[2025-05-10T01:25:16.501+0000] {processor.py:208} INFO - Processing /home/airflow/.local/lib/python3.12/site-packages/airflow/example_dags/example_branch_labels.py took 0.050 seconds
[2025-05-10T01:25:47.029+0000] {processor.py:186} INFO - Started process (PID=68075) to work on /home/airflow/.local/lib/python3.12/site-packages/airflow/example_dags/example_branch_labels.py
[2025-05-10T01:25:47.030+0000] {processor.py:914} INFO - Processing file /home/airflow/.local/lib/python3.12/site-packages/airflow/example_dags/example_branch_labels.py for tasks to queue
[2025-05-10T01:25:47.030+0000] {logging_mixin.py:190} INFO - [2025-05-10T01:25:47.030+0000] {dagbag.py:588} INFO - Filling up the DagBag from /home/airflow/.local/lib/python3.12/site-packages/airflow/example_dags/example_branch_labels.py
[2025-05-10T01:25:47.036+0000] {processor.py:925} INFO - DAG(s) 'example_branch_labels' retrieved from /home/airflow/.local/lib/python3.12/site-packages/airflow/example_dags/example_branch_labels.py
[2025-05-10T01:25:47.050+0000] {logging_mixin.py:190} INFO - [2025-05-10T01:25:47.050+0000] {dag.py:3239} INFO - Sync 1 DAGs
[2025-05-10T01:25:47.064+0000] {logging_mixin.py:190} INFO - [2025-05-10T01:25:47.064+0000] {dag.py:4180} INFO - Setting next_dagrun for example_branch_labels to 2025-05-09 00:00:00+00:00, run_after=2025-05-10 00:00:00+00:00
[2025-05-10T01:25:47.074+0000] {processor.py:208} INFO - Processing /home/airflow/.local/lib/python3.12/site-packages/airflow/example_dags/example_branch_labels.py took 0.050 seconds
[2025-05-10T01:26:17.496+0000] {processor.py:186} INFO - Started process (PID=68157) to work on /home/airflow/.local/lib/python3.12/site-packages/airflow/example_dags/example_branch_labels.py
[2025-05-10T01:26:17.497+0000] {processor.py:914} INFO - Processing file /home/airflow/.local/lib/python3.12/site-packages/airflow/example_dags/example_branch_labels.py for tasks to queue
[2025-05-10T01:26:17.498+0000] {logging_mixin.py:190} INFO - [2025-05-10T01:26:17.498+0000] {dagbag.py:588} INFO - Filling up the DagBag from /home/airflow/.local/lib/python3.12/site-packages/airflow/example_dags/example_branch_labels.py
[2025-05-10T01:26:17.503+0000] {processor.py:925} INFO - DAG(s) 'example_branch_labels' retrieved from /home/airflow/.local/lib/python3.12/site-packages/airflow/example_dags/example_branch_labels.py
[2025-05-10T01:26:17.517+0000] {logging_mixin.py:190} INFO - [2025-05-10T01:26:17.517+0000] {dag.py:3239} INFO - Sync 1 DAGs
[2025-05-10T01:26:17.538+0000] {logging_mixin.py:190} INFO - [2025-05-10T01:26:17.538+0000] {dag.py:4180} INFO - Setting next_dagrun for example_branch_labels to 2025-05-09 00:00:00+00:00, run_after=2025-05-10 00:00:00+00:00
[2025-05-10T01:26:17.548+0000] {processor.py:208} INFO - Processing /home/airflow/.local/lib/python3.12/site-packages/airflow/example_dags/example_branch_labels.py took 0.057 seconds
[2025-05-10T01:26:48.112+0000] {processor.py:186} INFO - Started process (PID=68239) to work on /home/airflow/.local/lib/python3.12/site-packages/airflow/example_dags/example_branch_labels.py
[2025-05-10T01:26:48.113+0000] {processor.py:914} INFO - Processing file /home/airflow/.local/lib/python3.12/site-packages/airflow/example_dags/example_branch_labels.py for tasks to queue
[2025-05-10T01:26:48.114+0000] {logging_mixin.py:190} INFO - [2025-05-10T01:26:48.114+0000] {dagbag.py:588} INFO - Filling up the DagBag from /home/airflow/.local/lib/python3.12/site-packages/airflow/example_dags/example_branch_labels.py
[2025-05-10T01:26:48.119+0000] {processor.py:925} INFO - DAG(s) 'example_branch_labels' retrieved from /home/airflow/.local/lib/python3.12/site-packages/airflow/example_dags/example_branch_labels.py
[2025-05-10T01:26:48.139+0000] {logging_mixin.py:190} INFO - [2025-05-10T01:26:48.138+0000] {dag.py:3239} INFO - Sync 1 DAGs
[2025-05-10T01:26:48.160+0000] {logging_mixin.py:190} INFO - [2025-05-10T01:26:48.160+0000] {dag.py:4180} INFO - Setting next_dagrun for example_branch_labels to 2025-05-09 00:00:00+00:00, run_after=2025-05-10 00:00:00+00:00
[2025-05-10T01:26:48.173+0000] {processor.py:208} INFO - Processing /home/airflow/.local/lib/python3.12/site-packages/airflow/example_dags/example_branch_labels.py took 0.065 seconds
[2025-05-10T02:18:36.271+0000] {processor.py:186} INFO - Started process (PID=68328) to work on /home/airflow/.local/lib/python3.12/site-packages/airflow/example_dags/example_branch_labels.py
[2025-05-10T02:18:36.276+0000] {processor.py:914} INFO - Processing file /home/airflow/.local/lib/python3.12/site-packages/airflow/example_dags/example_branch_labels.py for tasks to queue
[2025-05-10T02:18:36.278+0000] {logging_mixin.py:190} INFO - [2025-05-10T02:18:36.278+0000] {dagbag.py:588} INFO - Filling up the DagBag from /home/airflow/.local/lib/python3.12/site-packages/airflow/example_dags/example_branch_labels.py
[2025-05-10T02:18:36.304+0000] {processor.py:925} INFO - DAG(s) 'example_branch_labels' retrieved from /home/airflow/.local/lib/python3.12/site-packages/airflow/example_dags/example_branch_labels.py
[2025-05-10T02:18:36.358+0000] {logging_mixin.py:190} INFO - [2025-05-10T02:18:36.357+0000] {dag.py:3239} INFO - Sync 1 DAGs
[2025-05-10T02:18:36.411+0000] {logging_mixin.py:190} INFO - [2025-05-10T02:18:36.411+0000] {dag.py:4180} INFO - Setting next_dagrun for example_branch_labels to 2025-05-09 00:00:00+00:00, run_after=2025-05-10 00:00:00+00:00
[2025-05-10T02:18:36.460+0000] {processor.py:208} INFO - Processing /home/airflow/.local/lib/python3.12/site-packages/airflow/example_dags/example_branch_labels.py took 0.201 seconds
[2025-05-10T02:19:07.832+0000] {processor.py:186} INFO - Started process (PID=68422) to work on /home/airflow/.local/lib/python3.12/site-packages/airflow/example_dags/example_branch_labels.py
[2025-05-10T02:19:07.833+0000] {processor.py:914} INFO - Processing file /home/airflow/.local/lib/python3.12/site-packages/airflow/example_dags/example_branch_labels.py for tasks to queue
[2025-05-10T02:19:07.833+0000] {logging_mixin.py:190} INFO - [2025-05-10T02:19:07.833+0000] {dagbag.py:588} INFO - Filling up the DagBag from /home/airflow/.local/lib/python3.12/site-packages/airflow/example_dags/example_branch_labels.py
[2025-05-10T02:19:07.839+0000] {processor.py:925} INFO - DAG(s) 'example_branch_labels' retrieved from /home/airflow/.local/lib/python3.12/site-packages/airflow/example_dags/example_branch_labels.py
[2025-05-10T02:19:07.853+0000] {logging_mixin.py:190} INFO - [2025-05-10T02:19:07.853+0000] {dag.py:3239} INFO - Sync 1 DAGs
[2025-05-10T02:19:07.869+0000] {logging_mixin.py:190} INFO - [2025-05-10T02:19:07.868+0000] {dag.py:4180} INFO - Setting next_dagrun for example_branch_labels to 2025-05-09 00:00:00+00:00, run_after=2025-05-10 00:00:00+00:00
[2025-05-10T02:19:07.880+0000] {processor.py:208} INFO - Processing /home/airflow/.local/lib/python3.12/site-packages/airflow/example_dags/example_branch_labels.py took 0.053 seconds
[2025-05-10T02:19:37.926+0000] {processor.py:186} INFO - Started process (PID=68504) to work on /home/airflow/.local/lib/python3.12/site-packages/airflow/example_dags/example_branch_labels.py
[2025-05-10T02:19:37.927+0000] {processor.py:914} INFO - Processing file /home/airflow/.local/lib/python3.12/site-packages/airflow/example_dags/example_branch_labels.py for tasks to queue
[2025-05-10T02:19:37.927+0000] {logging_mixin.py:190} INFO - [2025-05-10T02:19:37.927+0000] {dagbag.py:588} INFO - Filling up the DagBag from /home/airflow/.local/lib/python3.12/site-packages/airflow/example_dags/example_branch_labels.py
[2025-05-10T02:19:37.932+0000] {processor.py:925} INFO - DAG(s) 'example_branch_labels' retrieved from /home/airflow/.local/lib/python3.12/site-packages/airflow/example_dags/example_branch_labels.py
[2025-05-10T02:19:37.947+0000] {logging_mixin.py:190} INFO - [2025-05-10T02:19:37.946+0000] {dag.py:3239} INFO - Sync 1 DAGs
[2025-05-10T02:19:37.961+0000] {logging_mixin.py:190} INFO - [2025-05-10T02:19:37.961+0000] {dag.py:4180} INFO - Setting next_dagrun for example_branch_labels to 2025-05-09 00:00:00+00:00, run_after=2025-05-10 00:00:00+00:00
[2025-05-10T02:19:37.971+0000] {processor.py:208} INFO - Processing /home/airflow/.local/lib/python3.12/site-packages/airflow/example_dags/example_branch_labels.py took 0.050 seconds
[2025-05-10T02:20:08.409+0000] {processor.py:186} INFO - Started process (PID=68586) to work on /home/airflow/.local/lib/python3.12/site-packages/airflow/example_dags/example_branch_labels.py
[2025-05-10T02:20:08.410+0000] {processor.py:914} INFO - Processing file /home/airflow/.local/lib/python3.12/site-packages/airflow/example_dags/example_branch_labels.py for tasks to queue
[2025-05-10T02:20:08.410+0000] {logging_mixin.py:190} INFO - [2025-05-10T02:20:08.410+0000] {dagbag.py:588} INFO - Filling up the DagBag from /home/airflow/.local/lib/python3.12/site-packages/airflow/example_dags/example_branch_labels.py
[2025-05-10T02:20:08.416+0000] {processor.py:925} INFO - DAG(s) 'example_branch_labels' retrieved from /home/airflow/.local/lib/python3.12/site-packages/airflow/example_dags/example_branch_labels.py
[2025-05-10T02:20:08.431+0000] {logging_mixin.py:190} INFO - [2025-05-10T02:20:08.430+0000] {dag.py:3239} INFO - Sync 1 DAGs
[2025-05-10T02:20:08.445+0000] {logging_mixin.py:190} INFO - [2025-05-10T02:20:08.445+0000] {dag.py:4180} INFO - Setting next_dagrun for example_branch_labels to 2025-05-09 00:00:00+00:00, run_after=2025-05-10 00:00:00+00:00
[2025-05-10T02:20:08.456+0000] {processor.py:208} INFO - Processing /home/airflow/.local/lib/python3.12/site-packages/airflow/example_dags/example_branch_labels.py took 0.052 seconds
[2025-05-10T02:20:39.495+0000] {processor.py:186} INFO - Started process (PID=68677) to work on /home/airflow/.local/lib/python3.12/site-packages/airflow/example_dags/example_branch_labels.py
[2025-05-10T02:20:39.496+0000] {processor.py:914} INFO - Processing file /home/airflow/.local/lib/python3.12/site-packages/airflow/example_dags/example_branch_labels.py for tasks to queue
[2025-05-10T02:20:39.497+0000] {logging_mixin.py:190} INFO - [2025-05-10T02:20:39.497+0000] {dagbag.py:588} INFO - Filling up the DagBag from /home/airflow/.local/lib/python3.12/site-packages/airflow/example_dags/example_branch_labels.py
[2025-05-10T02:20:39.502+0000] {processor.py:925} INFO - DAG(s) 'example_branch_labels' retrieved from /home/airflow/.local/lib/python3.12/site-packages/airflow/example_dags/example_branch_labels.py
[2025-05-10T02:20:39.517+0000] {logging_mixin.py:190} INFO - [2025-05-10T02:20:39.517+0000] {dag.py:3239} INFO - Sync 1 DAGs
[2025-05-10T02:20:39.531+0000] {logging_mixin.py:190} INFO - [2025-05-10T02:20:39.531+0000] {dag.py:4180} INFO - Setting next_dagrun for example_branch_labels to 2025-05-09 00:00:00+00:00, run_after=2025-05-10 00:00:00+00:00
[2025-05-10T02:20:39.543+0000] {processor.py:208} INFO - Processing /home/airflow/.local/lib/python3.12/site-packages/airflow/example_dags/example_branch_labels.py took 0.052 seconds
[2025-05-10T04:20:40.424+0000] {processor.py:186} INFO - Started process (PID=68793) to work on /home/airflow/.local/lib/python3.12/site-packages/airflow/example_dags/example_branch_labels.py
[2025-05-10T04:20:40.425+0000] {processor.py:914} INFO - Processing file /home/airflow/.local/lib/python3.12/site-packages/airflow/example_dags/example_branch_labels.py for tasks to queue
[2025-05-10T04:20:40.426+0000] {logging_mixin.py:190} INFO - [2025-05-10T04:20:40.425+0000] {dagbag.py:588} INFO - Filling up the DagBag from /home/airflow/.local/lib/python3.12/site-packages/airflow/example_dags/example_branch_labels.py
[2025-05-10T04:20:40.431+0000] {processor.py:925} INFO - DAG(s) 'example_branch_labels' retrieved from /home/airflow/.local/lib/python3.12/site-packages/airflow/example_dags/example_branch_labels.py
[2025-05-10T04:20:40.448+0000] {logging_mixin.py:190} INFO - [2025-05-10T04:20:40.448+0000] {dag.py:3239} INFO - Sync 1 DAGs
[2025-05-10T04:20:40.473+0000] {logging_mixin.py:190} INFO - [2025-05-10T04:20:40.473+0000] {dag.py:4180} INFO - Setting next_dagrun for example_branch_labels to 2025-05-09 00:00:00+00:00, run_after=2025-05-10 00:00:00+00:00
[2025-05-10T04:20:40.490+0000] {processor.py:208} INFO - Processing /home/airflow/.local/lib/python3.12/site-packages/airflow/example_dags/example_branch_labels.py took 0.071 seconds
