[2025-05-10T01:19:36.727+0000] {processor.py:186} INFO - Started process (PID=67068) to work on /home/airflow/.local/lib/python3.12/site-packages/airflow/example_dags/example_xcomargs.py
[2025-05-10T01:19:36.728+0000] {processor.py:914} INFO - Processing file /home/airflow/.local/lib/python3.12/site-packages/airflow/example_dags/example_xcomargs.py for tasks to queue
[2025-05-10T01:19:36.729+0000] {logging_mixin.py:190} INFO - [2025-05-10T01:19:36.729+0000] {dagbag.py:588} INFO - Filling up the DagBag from /home/airflow/.local/lib/python3.12/site-packages/airflow/example_dags/example_xcomargs.py
[2025-05-10T01:19:36.737+0000] {processor.py:925} INFO - DAG(s) 'example_xcom_args_with_operators', 'example_xcom_args' retrieved from /home/airflow/.local/lib/python3.12/site-packages/airflow/example_dags/example_xcomargs.py
[2025-05-10T01:19:36.778+0000] {logging_mixin.py:190} INFO - [2025-05-10T01:19:36.778+0000] {dag.py:3239} INFO - Sync 2 DAGs
[2025-05-10T01:19:36.793+0000] {logging_mixin.py:190} INFO - [2025-05-10T01:19:36.793+0000] {dag.py:4180} INFO - Setting next_dagrun for example_xcom_args to None, run_after=None
[2025-05-10T01:19:36.796+0000] {logging_mixin.py:190} INFO - [2025-05-10T01:19:36.796+0000] {dag.py:4180} INFO - Setting next_dagrun for example_xcom_args_with_operators to None, run_after=None
[2025-05-10T01:19:36.818+0000] {processor.py:208} INFO - Processing /home/airflow/.local/lib/python3.12/site-packages/airflow/example_dags/example_xcomargs.py took 0.099 seconds
[2025-05-10T01:20:07.637+0000] {processor.py:186} INFO - Started process (PID=67150) to work on /home/airflow/.local/lib/python3.12/site-packages/airflow/example_dags/example_xcomargs.py
[2025-05-10T01:20:07.638+0000] {processor.py:914} INFO - Processing file /home/airflow/.local/lib/python3.12/site-packages/airflow/example_dags/example_xcomargs.py for tasks to queue
[2025-05-10T01:20:07.638+0000] {logging_mixin.py:190} INFO - [2025-05-10T01:20:07.638+0000] {dagbag.py:588} INFO - Filling up the DagBag from /home/airflow/.local/lib/python3.12/site-packages/airflow/example_dags/example_xcomargs.py
[2025-05-10T01:20:07.644+0000] {processor.py:925} INFO - DAG(s) 'example_xcom_args', 'example_xcom_args_with_operators' retrieved from /home/airflow/.local/lib/python3.12/site-packages/airflow/example_dags/example_xcomargs.py
[2025-05-10T01:20:07.663+0000] {logging_mixin.py:190} INFO - [2025-05-10T01:20:07.663+0000] {dag.py:3239} INFO - Sync 2 DAGs
[2025-05-10T01:20:07.674+0000] {logging_mixin.py:190} INFO - [2025-05-10T01:20:07.674+0000] {dag.py:4180} INFO - Setting next_dagrun for example_xcom_args to None, run_after=None
[2025-05-10T01:20:07.677+0000] {logging_mixin.py:190} INFO - [2025-05-10T01:20:07.677+0000] {dag.py:4180} INFO - Setting next_dagrun for example_xcom_args_with_operators to None, run_after=None
[2025-05-10T01:20:07.691+0000] {processor.py:208} INFO - Processing /home/airflow/.local/lib/python3.12/site-packages/airflow/example_dags/example_xcomargs.py took 0.059 seconds
[2025-05-10T01:20:38.325+0000] {processor.py:186} INFO - Started process (PID=67232) to work on /home/airflow/.local/lib/python3.12/site-packages/airflow/example_dags/example_xcomargs.py
[2025-05-10T01:20:38.326+0000] {processor.py:914} INFO - Processing file /home/airflow/.local/lib/python3.12/site-packages/airflow/example_dags/example_xcomargs.py for tasks to queue
[2025-05-10T01:20:38.326+0000] {logging_mixin.py:190} INFO - [2025-05-10T01:20:38.326+0000] {dagbag.py:588} INFO - Filling up the DagBag from /home/airflow/.local/lib/python3.12/site-packages/airflow/example_dags/example_xcomargs.py
[2025-05-10T01:20:38.331+0000] {processor.py:925} INFO - DAG(s) 'example_xcom_args_with_operators', 'example_xcom_args' retrieved from /home/airflow/.local/lib/python3.12/site-packages/airflow/example_dags/example_xcomargs.py
[2025-05-10T01:20:38.349+0000] {logging_mixin.py:190} INFO - [2025-05-10T01:20:38.349+0000] {dag.py:3239} INFO - Sync 2 DAGs
[2025-05-10T01:20:38.359+0000] {logging_mixin.py:190} INFO - [2025-05-10T01:20:38.359+0000] {dag.py:4180} INFO - Setting next_dagrun for example_xcom_args to None, run_after=None
[2025-05-10T01:20:38.362+0000] {logging_mixin.py:190} INFO - [2025-05-10T01:20:38.362+0000] {dag.py:4180} INFO - Setting next_dagrun for example_xcom_args_with_operators to None, run_after=None
[2025-05-10T01:20:38.376+0000] {processor.py:208} INFO - Processing /home/airflow/.local/lib/python3.12/site-packages/airflow/example_dags/example_xcomargs.py took 0.056 seconds
[2025-05-10T01:21:09.272+0000] {processor.py:186} INFO - Started process (PID=67314) to work on /home/airflow/.local/lib/python3.12/site-packages/airflow/example_dags/example_xcomargs.py
[2025-05-10T01:21:09.273+0000] {processor.py:914} INFO - Processing file /home/airflow/.local/lib/python3.12/site-packages/airflow/example_dags/example_xcomargs.py for tasks to queue
[2025-05-10T01:21:09.274+0000] {logging_mixin.py:190} INFO - [2025-05-10T01:21:09.274+0000] {dagbag.py:588} INFO - Filling up the DagBag from /home/airflow/.local/lib/python3.12/site-packages/airflow/example_dags/example_xcomargs.py
[2025-05-10T01:21:09.279+0000] {processor.py:925} INFO - DAG(s) 'example_xcom_args', 'example_xcom_args_with_operators' retrieved from /home/airflow/.local/lib/python3.12/site-packages/airflow/example_dags/example_xcomargs.py
[2025-05-10T01:21:09.295+0000] {logging_mixin.py:190} INFO - [2025-05-10T01:21:09.294+0000] {dag.py:3239} INFO - Sync 2 DAGs
[2025-05-10T01:21:09.304+0000] {logging_mixin.py:190} INFO - [2025-05-10T01:21:09.304+0000] {dag.py:4180} INFO - Setting next_dagrun for example_xcom_args to None, run_after=None
[2025-05-10T01:21:09.306+0000] {logging_mixin.py:190} INFO - [2025-05-10T01:21:09.306+0000] {dag.py:4180} INFO - Setting next_dagrun for example_xcom_args_with_operators to None, run_after=None
[2025-05-10T01:21:09.317+0000] {processor.py:208} INFO - Processing /home/airflow/.local/lib/python3.12/site-packages/airflow/example_dags/example_xcomargs.py took 0.049 seconds
[2025-05-10T01:21:40.005+0000] {processor.py:186} INFO - Started process (PID=67396) to work on /home/airflow/.local/lib/python3.12/site-packages/airflow/example_dags/example_xcomargs.py
[2025-05-10T01:21:40.006+0000] {processor.py:914} INFO - Processing file /home/airflow/.local/lib/python3.12/site-packages/airflow/example_dags/example_xcomargs.py for tasks to queue
[2025-05-10T01:21:40.007+0000] {logging_mixin.py:190} INFO - [2025-05-10T01:21:40.006+0000] {dagbag.py:588} INFO - Filling up the DagBag from /home/airflow/.local/lib/python3.12/site-packages/airflow/example_dags/example_xcomargs.py
[2025-05-10T01:21:40.011+0000] {processor.py:925} INFO - DAG(s) 'example_xcom_args', 'example_xcom_args_with_operators' retrieved from /home/airflow/.local/lib/python3.12/site-packages/airflow/example_dags/example_xcomargs.py
[2025-05-10T01:21:40.029+0000] {logging_mixin.py:190} INFO - [2025-05-10T01:21:40.029+0000] {dag.py:3239} INFO - Sync 2 DAGs
[2025-05-10T01:21:40.038+0000] {logging_mixin.py:190} INFO - [2025-05-10T01:21:40.038+0000] {dag.py:4180} INFO - Setting next_dagrun for example_xcom_args to None, run_after=None
[2025-05-10T01:21:40.040+0000] {logging_mixin.py:190} INFO - [2025-05-10T01:21:40.040+0000] {dag.py:4180} INFO - Setting next_dagrun for example_xcom_args_with_operators to None, run_after=None
[2025-05-10T01:21:40.051+0000] {processor.py:208} INFO - Processing /home/airflow/.local/lib/python3.12/site-packages/airflow/example_dags/example_xcomargs.py took 0.050 seconds
[2025-05-10T01:22:10.736+0000] {processor.py:186} INFO - Started process (PID=67479) to work on /home/airflow/.local/lib/python3.12/site-packages/airflow/example_dags/example_xcomargs.py
[2025-05-10T01:22:10.737+0000] {processor.py:914} INFO - Processing file /home/airflow/.local/lib/python3.12/site-packages/airflow/example_dags/example_xcomargs.py for tasks to queue
[2025-05-10T01:22:10.737+0000] {logging_mixin.py:190} INFO - [2025-05-10T01:22:10.737+0000] {dagbag.py:588} INFO - Filling up the DagBag from /home/airflow/.local/lib/python3.12/site-packages/airflow/example_dags/example_xcomargs.py
[2025-05-10T01:22:10.742+0000] {processor.py:925} INFO - DAG(s) 'example_xcom_args', 'example_xcom_args_with_operators' retrieved from /home/airflow/.local/lib/python3.12/site-packages/airflow/example_dags/example_xcomargs.py
[2025-05-10T01:22:10.767+0000] {logging_mixin.py:190} INFO - [2025-05-10T01:22:10.766+0000] {dag.py:3239} INFO - Sync 2 DAGs
[2025-05-10T01:22:10.776+0000] {logging_mixin.py:190} INFO - [2025-05-10T01:22:10.776+0000] {dag.py:4180} INFO - Setting next_dagrun for example_xcom_args to None, run_after=None
[2025-05-10T01:22:10.779+0000] {logging_mixin.py:190} INFO - [2025-05-10T01:22:10.779+0000] {dag.py:4180} INFO - Setting next_dagrun for example_xcom_args_with_operators to None, run_after=None
[2025-05-10T01:22:10.792+0000] {processor.py:208} INFO - Processing /home/airflow/.local/lib/python3.12/site-packages/airflow/example_dags/example_xcomargs.py took 0.060 seconds
[2025-05-10T01:22:41.371+0000] {processor.py:186} INFO - Started process (PID=67561) to work on /home/airflow/.local/lib/python3.12/site-packages/airflow/example_dags/example_xcomargs.py
[2025-05-10T01:22:41.379+0000] {processor.py:914} INFO - Processing file /home/airflow/.local/lib/python3.12/site-packages/airflow/example_dags/example_xcomargs.py for tasks to queue
[2025-05-10T01:22:41.380+0000] {logging_mixin.py:190} INFO - [2025-05-10T01:22:41.380+0000] {dagbag.py:588} INFO - Filling up the DagBag from /home/airflow/.local/lib/python3.12/site-packages/airflow/example_dags/example_xcomargs.py
[2025-05-10T01:22:41.385+0000] {processor.py:925} INFO - DAG(s) 'example_xcom_args', 'example_xcom_args_with_operators' retrieved from /home/airflow/.local/lib/python3.12/site-packages/airflow/example_dags/example_xcomargs.py
[2025-05-10T01:22:41.403+0000] {logging_mixin.py:190} INFO - [2025-05-10T01:22:41.402+0000] {dag.py:3239} INFO - Sync 2 DAGs
[2025-05-10T01:22:41.415+0000] {logging_mixin.py:190} INFO - [2025-05-10T01:22:41.414+0000] {dag.py:4180} INFO - Setting next_dagrun for example_xcom_args to None, run_after=None
[2025-05-10T01:22:41.417+0000] {logging_mixin.py:190} INFO - [2025-05-10T01:22:41.417+0000] {dag.py:4180} INFO - Setting next_dagrun for example_xcom_args_with_operators to None, run_after=None
[2025-05-10T01:22:41.429+0000] {processor.py:208} INFO - Processing /home/airflow/.local/lib/python3.12/site-packages/airflow/example_dags/example_xcomargs.py took 0.062 seconds
[2025-05-10T01:23:12.272+0000] {processor.py:186} INFO - Started process (PID=67643) to work on /home/airflow/.local/lib/python3.12/site-packages/airflow/example_dags/example_xcomargs.py
[2025-05-10T01:23:12.272+0000] {processor.py:914} INFO - Processing file /home/airflow/.local/lib/python3.12/site-packages/airflow/example_dags/example_xcomargs.py for tasks to queue
[2025-05-10T01:23:12.273+0000] {logging_mixin.py:190} INFO - [2025-05-10T01:23:12.273+0000] {dagbag.py:588} INFO - Filling up the DagBag from /home/airflow/.local/lib/python3.12/site-packages/airflow/example_dags/example_xcomargs.py
[2025-05-10T01:23:12.278+0000] {processor.py:925} INFO - DAG(s) 'example_xcom_args', 'example_xcom_args_with_operators' retrieved from /home/airflow/.local/lib/python3.12/site-packages/airflow/example_dags/example_xcomargs.py
[2025-05-10T01:23:12.294+0000] {logging_mixin.py:190} INFO - [2025-05-10T01:23:12.294+0000] {dag.py:3239} INFO - Sync 2 DAGs
[2025-05-10T01:23:12.303+0000] {logging_mixin.py:190} INFO - [2025-05-10T01:23:12.303+0000] {dag.py:4180} INFO - Setting next_dagrun for example_xcom_args to None, run_after=None
[2025-05-10T01:23:12.306+0000] {logging_mixin.py:190} INFO - [2025-05-10T01:23:12.306+0000] {dag.py:4180} INFO - Setting next_dagrun for example_xcom_args_with_operators to None, run_after=None
[2025-05-10T01:23:12.316+0000] {processor.py:208} INFO - Processing /home/airflow/.local/lib/python3.12/site-packages/airflow/example_dags/example_xcomargs.py took 0.049 seconds
[2025-05-10T01:23:43.024+0000] {processor.py:186} INFO - Started process (PID=67725) to work on /home/airflow/.local/lib/python3.12/site-packages/airflow/example_dags/example_xcomargs.py
[2025-05-10T01:23:43.025+0000] {processor.py:914} INFO - Processing file /home/airflow/.local/lib/python3.12/site-packages/airflow/example_dags/example_xcomargs.py for tasks to queue
[2025-05-10T01:23:43.026+0000] {logging_mixin.py:190} INFO - [2025-05-10T01:23:43.026+0000] {dagbag.py:588} INFO - Filling up the DagBag from /home/airflow/.local/lib/python3.12/site-packages/airflow/example_dags/example_xcomargs.py
[2025-05-10T01:23:43.031+0000] {processor.py:925} INFO - DAG(s) 'example_xcom_args_with_operators', 'example_xcom_args' retrieved from /home/airflow/.local/lib/python3.12/site-packages/airflow/example_dags/example_xcomargs.py
[2025-05-10T01:23:43.049+0000] {logging_mixin.py:190} INFO - [2025-05-10T01:23:43.048+0000] {dag.py:3239} INFO - Sync 2 DAGs
[2025-05-10T01:23:43.058+0000] {logging_mixin.py:190} INFO - [2025-05-10T01:23:43.058+0000] {dag.py:4180} INFO - Setting next_dagrun for example_xcom_args to None, run_after=None
[2025-05-10T01:23:43.060+0000] {logging_mixin.py:190} INFO - [2025-05-10T01:23:43.060+0000] {dag.py:4180} INFO - Setting next_dagrun for example_xcom_args_with_operators to None, run_after=None
[2025-05-10T01:23:43.071+0000] {processor.py:208} INFO - Processing /home/airflow/.local/lib/python3.12/site-packages/airflow/example_dags/example_xcomargs.py took 0.052 seconds
[2025-05-10T01:24:13.586+0000] {processor.py:186} INFO - Started process (PID=67807) to work on /home/airflow/.local/lib/python3.12/site-packages/airflow/example_dags/example_xcomargs.py
[2025-05-10T01:24:13.587+0000] {processor.py:914} INFO - Processing file /home/airflow/.local/lib/python3.12/site-packages/airflow/example_dags/example_xcomargs.py for tasks to queue
[2025-05-10T01:24:13.588+0000] {logging_mixin.py:190} INFO - [2025-05-10T01:24:13.587+0000] {dagbag.py:588} INFO - Filling up the DagBag from /home/airflow/.local/lib/python3.12/site-packages/airflow/example_dags/example_xcomargs.py
[2025-05-10T01:24:13.592+0000] {processor.py:925} INFO - DAG(s) 'example_xcom_args_with_operators', 'example_xcom_args' retrieved from /home/airflow/.local/lib/python3.12/site-packages/airflow/example_dags/example_xcomargs.py
[2025-05-10T01:24:13.610+0000] {logging_mixin.py:190} INFO - [2025-05-10T01:24:13.610+0000] {dag.py:3239} INFO - Sync 2 DAGs
[2025-05-10T01:24:13.619+0000] {logging_mixin.py:190} INFO - [2025-05-10T01:24:13.619+0000] {dag.py:4180} INFO - Setting next_dagrun for example_xcom_args to None, run_after=None
[2025-05-10T01:24:13.622+0000] {logging_mixin.py:190} INFO - [2025-05-10T01:24:13.621+0000] {dag.py:4180} INFO - Setting next_dagrun for example_xcom_args_with_operators to None, run_after=None
[2025-05-10T01:24:13.634+0000] {processor.py:208} INFO - Processing /home/airflow/.local/lib/python3.12/site-packages/airflow/example_dags/example_xcomargs.py took 0.052 seconds
[2025-05-10T01:24:44.305+0000] {processor.py:186} INFO - Started process (PID=67889) to work on /home/airflow/.local/lib/python3.12/site-packages/airflow/example_dags/example_xcomargs.py
[2025-05-10T01:24:44.306+0000] {processor.py:914} INFO - Processing file /home/airflow/.local/lib/python3.12/site-packages/airflow/example_dags/example_xcomargs.py for tasks to queue
[2025-05-10T01:24:44.307+0000] {logging_mixin.py:190} INFO - [2025-05-10T01:24:44.307+0000] {dagbag.py:588} INFO - Filling up the DagBag from /home/airflow/.local/lib/python3.12/site-packages/airflow/example_dags/example_xcomargs.py
[2025-05-10T01:24:44.314+0000] {processor.py:925} INFO - DAG(s) 'example_xcom_args_with_operators', 'example_xcom_args' retrieved from /home/airflow/.local/lib/python3.12/site-packages/airflow/example_dags/example_xcomargs.py
[2025-05-10T01:24:44.332+0000] {logging_mixin.py:190} INFO - [2025-05-10T01:24:44.332+0000] {dag.py:3239} INFO - Sync 2 DAGs
[2025-05-10T01:24:44.341+0000] {logging_mixin.py:190} INFO - [2025-05-10T01:24:44.341+0000] {dag.py:4180} INFO - Setting next_dagrun for example_xcom_args to None, run_after=None
[2025-05-10T01:24:44.343+0000] {logging_mixin.py:190} INFO - [2025-05-10T01:24:44.343+0000] {dag.py:4180} INFO - Setting next_dagrun for example_xcom_args_with_operators to None, run_after=None
[2025-05-10T01:24:44.356+0000] {processor.py:208} INFO - Processing /home/airflow/.local/lib/python3.12/site-packages/airflow/example_dags/example_xcomargs.py took 0.055 seconds
[2025-05-10T01:25:15.181+0000] {processor.py:186} INFO - Started process (PID=67971) to work on /home/airflow/.local/lib/python3.12/site-packages/airflow/example_dags/example_xcomargs.py
[2025-05-10T01:25:15.182+0000] {processor.py:914} INFO - Processing file /home/airflow/.local/lib/python3.12/site-packages/airflow/example_dags/example_xcomargs.py for tasks to queue
[2025-05-10T01:25:15.183+0000] {logging_mixin.py:190} INFO - [2025-05-10T01:25:15.182+0000] {dagbag.py:588} INFO - Filling up the DagBag from /home/airflow/.local/lib/python3.12/site-packages/airflow/example_dags/example_xcomargs.py
[2025-05-10T01:25:15.188+0000] {processor.py:925} INFO - DAG(s) 'example_xcom_args_with_operators', 'example_xcom_args' retrieved from /home/airflow/.local/lib/python3.12/site-packages/airflow/example_dags/example_xcomargs.py
[2025-05-10T01:25:15.205+0000] {logging_mixin.py:190} INFO - [2025-05-10T01:25:15.205+0000] {dag.py:3239} INFO - Sync 2 DAGs
[2025-05-10T01:25:15.216+0000] {logging_mixin.py:190} INFO - [2025-05-10T01:25:15.215+0000] {dag.py:4180} INFO - Setting next_dagrun for example_xcom_args to None, run_after=None
[2025-05-10T01:25:15.218+0000] {logging_mixin.py:190} INFO - [2025-05-10T01:25:15.218+0000] {dag.py:4180} INFO - Setting next_dagrun for example_xcom_args_with_operators to None, run_after=None
[2025-05-10T01:25:15.232+0000] {processor.py:208} INFO - Processing /home/airflow/.local/lib/python3.12/site-packages/airflow/example_dags/example_xcomargs.py took 0.056 seconds
[2025-05-10T01:25:45.840+0000] {processor.py:186} INFO - Started process (PID=68053) to work on /home/airflow/.local/lib/python3.12/site-packages/airflow/example_dags/example_xcomargs.py
[2025-05-10T01:25:45.841+0000] {processor.py:914} INFO - Processing file /home/airflow/.local/lib/python3.12/site-packages/airflow/example_dags/example_xcomargs.py for tasks to queue
[2025-05-10T01:25:45.842+0000] {logging_mixin.py:190} INFO - [2025-05-10T01:25:45.842+0000] {dagbag.py:588} INFO - Filling up the DagBag from /home/airflow/.local/lib/python3.12/site-packages/airflow/example_dags/example_xcomargs.py
[2025-05-10T01:25:45.847+0000] {processor.py:925} INFO - DAG(s) 'example_xcom_args', 'example_xcom_args_with_operators' retrieved from /home/airflow/.local/lib/python3.12/site-packages/airflow/example_dags/example_xcomargs.py
[2025-05-10T01:25:45.863+0000] {logging_mixin.py:190} INFO - [2025-05-10T01:25:45.863+0000] {dag.py:3239} INFO - Sync 2 DAGs
[2025-05-10T01:25:45.874+0000] {logging_mixin.py:190} INFO - [2025-05-10T01:25:45.874+0000] {dag.py:4180} INFO - Setting next_dagrun for example_xcom_args to None, run_after=None
[2025-05-10T01:25:45.877+0000] {logging_mixin.py:190} INFO - [2025-05-10T01:25:45.876+0000] {dag.py:4180} INFO - Setting next_dagrun for example_xcom_args_with_operators to None, run_after=None
[2025-05-10T01:25:45.892+0000] {processor.py:208} INFO - Processing /home/airflow/.local/lib/python3.12/site-packages/airflow/example_dags/example_xcomargs.py took 0.057 seconds
[2025-05-10T01:26:16.340+0000] {processor.py:186} INFO - Started process (PID=68135) to work on /home/airflow/.local/lib/python3.12/site-packages/airflow/example_dags/example_xcomargs.py
[2025-05-10T01:26:16.341+0000] {processor.py:914} INFO - Processing file /home/airflow/.local/lib/python3.12/site-packages/airflow/example_dags/example_xcomargs.py for tasks to queue
[2025-05-10T01:26:16.342+0000] {logging_mixin.py:190} INFO - [2025-05-10T01:26:16.342+0000] {dagbag.py:588} INFO - Filling up the DagBag from /home/airflow/.local/lib/python3.12/site-packages/airflow/example_dags/example_xcomargs.py
[2025-05-10T01:26:16.347+0000] {processor.py:925} INFO - DAG(s) 'example_xcom_args_with_operators', 'example_xcom_args' retrieved from /home/airflow/.local/lib/python3.12/site-packages/airflow/example_dags/example_xcomargs.py
[2025-05-10T01:26:16.366+0000] {logging_mixin.py:190} INFO - [2025-05-10T01:26:16.365+0000] {dag.py:3239} INFO - Sync 2 DAGs
[2025-05-10T01:26:16.375+0000] {logging_mixin.py:190} INFO - [2025-05-10T01:26:16.375+0000] {dag.py:4180} INFO - Setting next_dagrun for example_xcom_args to None, run_after=None
[2025-05-10T01:26:16.377+0000] {logging_mixin.py:190} INFO - [2025-05-10T01:26:16.377+0000] {dag.py:4180} INFO - Setting next_dagrun for example_xcom_args_with_operators to None, run_after=None
[2025-05-10T01:26:16.390+0000] {processor.py:208} INFO - Processing /home/airflow/.local/lib/python3.12/site-packages/airflow/example_dags/example_xcomargs.py took 0.054 seconds
[2025-05-10T01:26:46.809+0000] {processor.py:186} INFO - Started process (PID=68217) to work on /home/airflow/.local/lib/python3.12/site-packages/airflow/example_dags/example_xcomargs.py
[2025-05-10T01:26:46.810+0000] {processor.py:914} INFO - Processing file /home/airflow/.local/lib/python3.12/site-packages/airflow/example_dags/example_xcomargs.py for tasks to queue
[2025-05-10T01:26:46.811+0000] {logging_mixin.py:190} INFO - [2025-05-10T01:26:46.811+0000] {dagbag.py:588} INFO - Filling up the DagBag from /home/airflow/.local/lib/python3.12/site-packages/airflow/example_dags/example_xcomargs.py
[2025-05-10T01:26:46.817+0000] {processor.py:925} INFO - DAG(s) 'example_xcom_args', 'example_xcom_args_with_operators' retrieved from /home/airflow/.local/lib/python3.12/site-packages/airflow/example_dags/example_xcomargs.py
[2025-05-10T01:26:46.834+0000] {logging_mixin.py:190} INFO - [2025-05-10T01:26:46.834+0000] {dag.py:3239} INFO - Sync 2 DAGs
[2025-05-10T01:26:46.843+0000] {logging_mixin.py:190} INFO - [2025-05-10T01:26:46.843+0000] {dag.py:4180} INFO - Setting next_dagrun for example_xcom_args to None, run_after=None
[2025-05-10T01:26:46.846+0000] {logging_mixin.py:190} INFO - [2025-05-10T01:26:46.845+0000] {dag.py:4180} INFO - Setting next_dagrun for example_xcom_args_with_operators to None, run_after=None
[2025-05-10T01:26:46.856+0000] {processor.py:208} INFO - Processing /home/airflow/.local/lib/python3.12/site-packages/airflow/example_dags/example_xcomargs.py took 0.052 seconds
[2025-05-10T01:27:17.435+0000] {processor.py:186} INFO - Started process (PID=68299) to work on /home/airflow/.local/lib/python3.12/site-packages/airflow/example_dags/example_xcomargs.py
[2025-05-10T01:27:17.436+0000] {processor.py:914} INFO - Processing file /home/airflow/.local/lib/python3.12/site-packages/airflow/example_dags/example_xcomargs.py for tasks to queue
[2025-05-10T01:27:17.437+0000] {logging_mixin.py:190} INFO - [2025-05-10T01:27:17.437+0000] {dagbag.py:588} INFO - Filling up the DagBag from /home/airflow/.local/lib/python3.12/site-packages/airflow/example_dags/example_xcomargs.py
[2025-05-10T01:27:17.444+0000] {processor.py:925} INFO - DAG(s) 'example_xcom_args', 'example_xcom_args_with_operators' retrieved from /home/airflow/.local/lib/python3.12/site-packages/airflow/example_dags/example_xcomargs.py
[2025-05-10T01:27:17.463+0000] {logging_mixin.py:190} INFO - [2025-05-10T01:27:17.463+0000] {dag.py:3239} INFO - Sync 2 DAGs
[2025-05-10T01:27:17.473+0000] {logging_mixin.py:190} INFO - [2025-05-10T01:27:17.472+0000] {dag.py:4180} INFO - Setting next_dagrun for example_xcom_args to None, run_after=None
[2025-05-10T01:27:17.475+0000] {logging_mixin.py:190} INFO - [2025-05-10T01:27:17.475+0000] {dag.py:4180} INFO - Setting next_dagrun for example_xcom_args_with_operators to None, run_after=None
[2025-05-10T01:27:17.492+0000] {processor.py:208} INFO - Processing /home/airflow/.local/lib/python3.12/site-packages/airflow/example_dags/example_xcomargs.py took 0.062 seconds
[2025-05-10T02:18:38.449+0000] {processor.py:186} INFO - Started process (PID=68357) to work on /home/airflow/.local/lib/python3.12/site-packages/airflow/example_dags/example_xcomargs.py
[2025-05-10T02:18:38.451+0000] {processor.py:914} INFO - Processing file /home/airflow/.local/lib/python3.12/site-packages/airflow/example_dags/example_xcomargs.py for tasks to queue
[2025-05-10T02:18:38.452+0000] {logging_mixin.py:190} INFO - [2025-05-10T02:18:38.452+0000] {dagbag.py:588} INFO - Filling up the DagBag from /home/airflow/.local/lib/python3.12/site-packages/airflow/example_dags/example_xcomargs.py
[2025-05-10T02:18:38.459+0000] {processor.py:925} INFO - DAG(s) 'example_xcom_args_with_operators', 'example_xcom_args' retrieved from /home/airflow/.local/lib/python3.12/site-packages/airflow/example_dags/example_xcomargs.py
[2025-05-10T02:18:38.482+0000] {logging_mixin.py:190} INFO - [2025-05-10T02:18:38.482+0000] {dag.py:3239} INFO - Sync 2 DAGs
[2025-05-10T02:18:38.493+0000] {logging_mixin.py:190} INFO - [2025-05-10T02:18:38.493+0000] {dag.py:4180} INFO - Setting next_dagrun for example_xcom_args to None, run_after=None
[2025-05-10T02:18:38.497+0000] {logging_mixin.py:190} INFO - [2025-05-10T02:18:38.497+0000] {dag.py:4180} INFO - Setting next_dagrun for example_xcom_args_with_operators to None, run_after=None
[2025-05-10T02:18:38.512+0000] {processor.py:208} INFO - Processing /home/airflow/.local/lib/python3.12/site-packages/airflow/example_dags/example_xcomargs.py took 0.069 seconds
[2025-05-10T02:19:09.472+0000] {processor.py:186} INFO - Started process (PID=68439) to work on /home/airflow/.local/lib/python3.12/site-packages/airflow/example_dags/example_xcomargs.py
[2025-05-10T02:19:09.472+0000] {processor.py:914} INFO - Processing file /home/airflow/.local/lib/python3.12/site-packages/airflow/example_dags/example_xcomargs.py for tasks to queue
[2025-05-10T02:19:09.473+0000] {logging_mixin.py:190} INFO - [2025-05-10T02:19:09.473+0000] {dagbag.py:588} INFO - Filling up the DagBag from /home/airflow/.local/lib/python3.12/site-packages/airflow/example_dags/example_xcomargs.py
[2025-05-10T02:19:09.479+0000] {processor.py:925} INFO - DAG(s) 'example_xcom_args_with_operators', 'example_xcom_args' retrieved from /home/airflow/.local/lib/python3.12/site-packages/airflow/example_dags/example_xcomargs.py
[2025-05-10T02:19:09.497+0000] {logging_mixin.py:190} INFO - [2025-05-10T02:19:09.497+0000] {dag.py:3239} INFO - Sync 2 DAGs
[2025-05-10T02:19:09.506+0000] {logging_mixin.py:190} INFO - [2025-05-10T02:19:09.506+0000] {dag.py:4180} INFO - Setting next_dagrun for example_xcom_args to None, run_after=None
[2025-05-10T02:19:09.509+0000] {logging_mixin.py:190} INFO - [2025-05-10T02:19:09.508+0000] {dag.py:4180} INFO - Setting next_dagrun for example_xcom_args_with_operators to None, run_after=None
[2025-05-10T02:19:09.523+0000] {processor.py:208} INFO - Processing /home/airflow/.local/lib/python3.12/site-packages/airflow/example_dags/example_xcomargs.py took 0.056 seconds
[2025-05-10T02:19:39.561+0000] {processor.py:186} INFO - Started process (PID=68520) to work on /home/airflow/.local/lib/python3.12/site-packages/airflow/example_dags/example_xcomargs.py
[2025-05-10T02:19:39.562+0000] {processor.py:914} INFO - Processing file /home/airflow/.local/lib/python3.12/site-packages/airflow/example_dags/example_xcomargs.py for tasks to queue
[2025-05-10T02:19:39.563+0000] {logging_mixin.py:190} INFO - [2025-05-10T02:19:39.562+0000] {dagbag.py:588} INFO - Filling up the DagBag from /home/airflow/.local/lib/python3.12/site-packages/airflow/example_dags/example_xcomargs.py
[2025-05-10T02:19:39.567+0000] {processor.py:925} INFO - DAG(s) 'example_xcom_args_with_operators', 'example_xcom_args' retrieved from /home/airflow/.local/lib/python3.12/site-packages/airflow/example_dags/example_xcomargs.py
[2025-05-10T02:19:39.585+0000] {logging_mixin.py:190} INFO - [2025-05-10T02:19:39.585+0000] {dag.py:3239} INFO - Sync 2 DAGs
[2025-05-10T02:19:39.594+0000] {logging_mixin.py:190} INFO - [2025-05-10T02:19:39.594+0000] {dag.py:4180} INFO - Setting next_dagrun for example_xcom_args to None, run_after=None
[2025-05-10T02:19:39.596+0000] {logging_mixin.py:190} INFO - [2025-05-10T02:19:39.596+0000] {dag.py:4180} INFO - Setting next_dagrun for example_xcom_args_with_operators to None, run_after=None
[2025-05-10T02:19:39.605+0000] {processor.py:208} INFO - Processing /home/airflow/.local/lib/python3.12/site-packages/airflow/example_dags/example_xcomargs.py took 0.049 seconds
[2025-05-10T02:20:09.940+0000] {processor.py:186} INFO - Started process (PID=68602) to work on /home/airflow/.local/lib/python3.12/site-packages/airflow/example_dags/example_xcomargs.py
[2025-05-10T02:20:09.940+0000] {processor.py:914} INFO - Processing file /home/airflow/.local/lib/python3.12/site-packages/airflow/example_dags/example_xcomargs.py for tasks to queue
[2025-05-10T02:20:09.942+0000] {logging_mixin.py:190} INFO - [2025-05-10T02:20:09.941+0000] {dagbag.py:588} INFO - Filling up the DagBag from /home/airflow/.local/lib/python3.12/site-packages/airflow/example_dags/example_xcomargs.py
[2025-05-10T02:20:09.948+0000] {processor.py:925} INFO - DAG(s) 'example_xcom_args_with_operators', 'example_xcom_args' retrieved from /home/airflow/.local/lib/python3.12/site-packages/airflow/example_dags/example_xcomargs.py
[2025-05-10T02:20:09.967+0000] {logging_mixin.py:190} INFO - [2025-05-10T02:20:09.966+0000] {dag.py:3239} INFO - Sync 2 DAGs
[2025-05-10T02:20:09.977+0000] {logging_mixin.py:190} INFO - [2025-05-10T02:20:09.976+0000] {dag.py:4180} INFO - Setting next_dagrun for example_xcom_args to None, run_after=None
[2025-05-10T02:20:09.979+0000] {logging_mixin.py:190} INFO - [2025-05-10T02:20:09.979+0000] {dag.py:4180} INFO - Setting next_dagrun for example_xcom_args_with_operators to None, run_after=None
[2025-05-10T02:20:09.990+0000] {processor.py:208} INFO - Processing /home/airflow/.local/lib/python3.12/site-packages/airflow/example_dags/example_xcomargs.py took 0.057 seconds
[2025-05-10T02:20:40.738+0000] {processor.py:186} INFO - Started process (PID=68684) to work on /home/airflow/.local/lib/python3.12/site-packages/airflow/example_dags/example_xcomargs.py
[2025-05-10T02:20:40.746+0000] {processor.py:914} INFO - Processing file /home/airflow/.local/lib/python3.12/site-packages/airflow/example_dags/example_xcomargs.py for tasks to queue
[2025-05-10T02:20:40.747+0000] {logging_mixin.py:190} INFO - [2025-05-10T02:20:40.747+0000] {dagbag.py:588} INFO - Filling up the DagBag from /home/airflow/.local/lib/python3.12/site-packages/airflow/example_dags/example_xcomargs.py
[2025-05-10T02:20:40.751+0000] {processor.py:925} INFO - DAG(s) 'example_xcom_args', 'example_xcom_args_with_operators' retrieved from /home/airflow/.local/lib/python3.12/site-packages/airflow/example_dags/example_xcomargs.py
[2025-05-10T02:20:40.770+0000] {logging_mixin.py:190} INFO - [2025-05-10T02:20:40.769+0000] {dag.py:3239} INFO - Sync 2 DAGs
[2025-05-10T02:20:40.778+0000] {logging_mixin.py:190} INFO - [2025-05-10T02:20:40.778+0000] {dag.py:4180} INFO - Setting next_dagrun for example_xcom_args to None, run_after=None
[2025-05-10T02:20:40.780+0000] {logging_mixin.py:190} INFO - [2025-05-10T02:20:40.780+0000] {dag.py:4180} INFO - Setting next_dagrun for example_xcom_args_with_operators to None, run_after=None
[2025-05-10T02:20:40.790+0000] {processor.py:208} INFO - Processing /home/airflow/.local/lib/python3.12/site-packages/airflow/example_dags/example_xcomargs.py took 0.056 seconds
[2025-05-10T04:20:38.590+0000] {processor.py:186} INFO - Started process (PID=68770) to work on /home/airflow/.local/lib/python3.12/site-packages/airflow/example_dags/example_xcomargs.py
[2025-05-10T04:20:38.592+0000] {processor.py:914} INFO - Processing file /home/airflow/.local/lib/python3.12/site-packages/airflow/example_dags/example_xcomargs.py for tasks to queue
[2025-05-10T04:20:38.593+0000] {logging_mixin.py:190} INFO - [2025-05-10T04:20:38.593+0000] {dagbag.py:588} INFO - Filling up the DagBag from /home/airflow/.local/lib/python3.12/site-packages/airflow/example_dags/example_xcomargs.py
[2025-05-10T04:20:38.603+0000] {processor.py:925} INFO - DAG(s) 'example_xcom_args', 'example_xcom_args_with_operators' retrieved from /home/airflow/.local/lib/python3.12/site-packages/airflow/example_dags/example_xcomargs.py
[2025-05-10T04:20:38.638+0000] {logging_mixin.py:190} INFO - [2025-05-10T04:20:38.637+0000] {dag.py:3239} INFO - Sync 2 DAGs
[2025-05-10T04:20:38.658+0000] {logging_mixin.py:190} INFO - [2025-05-10T04:20:38.658+0000] {dag.py:4180} INFO - Setting next_dagrun for example_xcom_args to None, run_after=None
[2025-05-10T04:20:38.663+0000] {logging_mixin.py:190} INFO - [2025-05-10T04:20:38.662+0000] {dag.py:4180} INFO - Setting next_dagrun for example_xcom_args_with_operators to None, run_after=None
[2025-05-10T04:20:38.687+0000] {processor.py:208} INFO - Processing /home/airflow/.local/lib/python3.12/site-packages/airflow/example_dags/example_xcomargs.py took 0.103 seconds
[2025-05-10T09:21:37.312+0000] {processor.py:186} INFO - Started process (PID=68884) to work on /home/airflow/.local/lib/python3.12/site-packages/airflow/example_dags/example_xcomargs.py
[2025-05-10T09:21:37.316+0000] {processor.py:914} INFO - Processing file /home/airflow/.local/lib/python3.12/site-packages/airflow/example_dags/example_xcomargs.py for tasks to queue
[2025-05-10T09:21:37.317+0000] {logging_mixin.py:190} INFO - [2025-05-10T09:21:37.317+0000] {dagbag.py:588} INFO - Filling up the DagBag from /home/airflow/.local/lib/python3.12/site-packages/airflow/example_dags/example_xcomargs.py
[2025-05-10T09:21:37.331+0000] {processor.py:925} INFO - DAG(s) 'example_xcom_args_with_operators', 'example_xcom_args' retrieved from /home/airflow/.local/lib/python3.12/site-packages/airflow/example_dags/example_xcomargs.py
[2025-05-10T09:21:37.412+0000] {logging_mixin.py:190} INFO - [2025-05-10T09:21:37.411+0000] {dag.py:3239} INFO - Sync 2 DAGs
[2025-05-10T10:21:04.367+0000] {logging_mixin.py:190} INFO - [2025-05-10T10:21:04.366+0000] {dag.py:4180} INFO - Setting next_dagrun for example_xcom_args to None, run_after=None
[2025-05-10T10:21:04.416+0000] {logging_mixin.py:190} INFO - [2025-05-10T10:21:04.411+0000] {dag.py:4180} INFO - Setting next_dagrun for example_xcom_args_with_operators to None, run_after=None
[2025-05-10T10:20:37.378+0000] {processor.py:208} INFO - Processing /home/airflow/.local/lib/python3.12/site-packages/airflow/example_dags/example_xcomargs.py took 3567.273 seconds
