[2025-05-10T01:19:39.315+0000] {processor.py:186} INFO - Started process (PID=67102) to work on /home/airflow/.local/lib/python3.12/site-packages/airflow/example_dags/example_params_trigger_ui.py
[2025-05-10T01:19:39.316+0000] {processor.py:914} INFO - Processing file /home/airflow/.local/lib/python3.12/site-packages/airflow/example_dags/example_params_trigger_ui.py for tasks to queue
[2025-05-10T01:19:39.316+0000] {logging_mixin.py:190} INFO - [2025-05-10T01:19:39.316+0000] {dagbag.py:588} INFO - Filling up the DagBag from /home/airflow/.local/lib/python3.12/site-packages/airflow/example_dags/example_params_trigger_ui.py
[2025-05-10T01:19:39.323+0000] {processor.py:925} INFO - DAG(s) 'example_params_trigger_ui' retrieved from /home/airflow/.local/lib/python3.12/site-packages/airflow/example_dags/example_params_trigger_ui.py
[2025-05-10T01:19:39.358+0000] {logging_mixin.py:190} INFO - [2025-05-10T01:19:39.357+0000] {dag.py:3239} INFO - Sync 1 DAGs
[2025-05-10T01:19:39.372+0000] {logging_mixin.py:190} INFO - [2025-05-10T01:19:39.372+0000] {dag.py:4180} INFO - Setting next_dagrun for example_params_trigger_ui to None, run_after=None
[2025-05-10T01:19:39.390+0000] {processor.py:208} INFO - Processing /home/airflow/.local/lib/python3.12/site-packages/airflow/example_dags/example_params_trigger_ui.py took 0.080 seconds
[2025-05-10T01:20:10.405+0000] {processor.py:186} INFO - Started process (PID=67184) to work on /home/airflow/.local/lib/python3.12/site-packages/airflow/example_dags/example_params_trigger_ui.py
[2025-05-10T01:20:10.406+0000] {processor.py:914} INFO - Processing file /home/airflow/.local/lib/python3.12/site-packages/airflow/example_dags/example_params_trigger_ui.py for tasks to queue
[2025-05-10T01:20:10.407+0000] {logging_mixin.py:190} INFO - [2025-05-10T01:20:10.406+0000] {dagbag.py:588} INFO - Filling up the DagBag from /home/airflow/.local/lib/python3.12/site-packages/airflow/example_dags/example_params_trigger_ui.py
[2025-05-10T01:20:10.414+0000] {processor.py:925} INFO - DAG(s) 'example_params_trigger_ui' retrieved from /home/airflow/.local/lib/python3.12/site-packages/airflow/example_dags/example_params_trigger_ui.py
[2025-05-10T01:20:10.449+0000] {logging_mixin.py:190} INFO - [2025-05-10T01:20:10.449+0000] {dag.py:3239} INFO - Sync 1 DAGs
[2025-05-10T01:20:10.461+0000] {logging_mixin.py:190} INFO - [2025-05-10T01:20:10.461+0000] {dag.py:4180} INFO - Setting next_dagrun for example_params_trigger_ui to None, run_after=None
[2025-05-10T01:20:10.479+0000] {processor.py:208} INFO - Processing /home/airflow/.local/lib/python3.12/site-packages/airflow/example_dags/example_params_trigger_ui.py took 0.080 seconds
[2025-05-10T01:20:41.253+0000] {processor.py:186} INFO - Started process (PID=67266) to work on /home/airflow/.local/lib/python3.12/site-packages/airflow/example_dags/example_params_trigger_ui.py
[2025-05-10T01:20:41.254+0000] {processor.py:914} INFO - Processing file /home/airflow/.local/lib/python3.12/site-packages/airflow/example_dags/example_params_trigger_ui.py for tasks to queue
[2025-05-10T01:20:41.255+0000] {logging_mixin.py:190} INFO - [2025-05-10T01:20:41.255+0000] {dagbag.py:588} INFO - Filling up the DagBag from /home/airflow/.local/lib/python3.12/site-packages/airflow/example_dags/example_params_trigger_ui.py
[2025-05-10T01:20:41.261+0000] {processor.py:925} INFO - DAG(s) 'example_params_trigger_ui' retrieved from /home/airflow/.local/lib/python3.12/site-packages/airflow/example_dags/example_params_trigger_ui.py
[2025-05-10T01:20:41.291+0000] {logging_mixin.py:190} INFO - [2025-05-10T01:20:41.290+0000] {dag.py:3239} INFO - Sync 1 DAGs
[2025-05-10T01:20:41.301+0000] {logging_mixin.py:190} INFO - [2025-05-10T01:20:41.300+0000] {dag.py:4180} INFO - Setting next_dagrun for example_params_trigger_ui to None, run_after=None
[2025-05-10T01:20:41.316+0000] {processor.py:208} INFO - Processing /home/airflow/.local/lib/python3.12/site-packages/airflow/example_dags/example_params_trigger_ui.py took 0.067 seconds
[2025-05-10T01:21:12.462+0000] {processor.py:186} INFO - Started process (PID=67353) to work on /home/airflow/.local/lib/python3.12/site-packages/airflow/example_dags/example_params_trigger_ui.py
[2025-05-10T01:21:12.462+0000] {processor.py:914} INFO - Processing file /home/airflow/.local/lib/python3.12/site-packages/airflow/example_dags/example_params_trigger_ui.py for tasks to queue
[2025-05-10T01:21:12.463+0000] {logging_mixin.py:190} INFO - [2025-05-10T01:21:12.463+0000] {dagbag.py:588} INFO - Filling up the DagBag from /home/airflow/.local/lib/python3.12/site-packages/airflow/example_dags/example_params_trigger_ui.py
[2025-05-10T01:21:12.469+0000] {processor.py:925} INFO - DAG(s) 'example_params_trigger_ui' retrieved from /home/airflow/.local/lib/python3.12/site-packages/airflow/example_dags/example_params_trigger_ui.py
[2025-05-10T01:21:12.499+0000] {logging_mixin.py:190} INFO - [2025-05-10T01:21:12.499+0000] {dag.py:3239} INFO - Sync 1 DAGs
[2025-05-10T01:21:12.508+0000] {logging_mixin.py:190} INFO - [2025-05-10T01:21:12.508+0000] {dag.py:4180} INFO - Setting next_dagrun for example_params_trigger_ui to None, run_after=None
[2025-05-10T01:21:12.523+0000] {processor.py:208} INFO - Processing /home/airflow/.local/lib/python3.12/site-packages/airflow/example_dags/example_params_trigger_ui.py took 0.066 seconds
[2025-05-10T01:21:43.618+0000] {processor.py:186} INFO - Started process (PID=67446) to work on /home/airflow/.local/lib/python3.12/site-packages/airflow/example_dags/example_params_trigger_ui.py
[2025-05-10T01:21:43.619+0000] {processor.py:914} INFO - Processing file /home/airflow/.local/lib/python3.12/site-packages/airflow/example_dags/example_params_trigger_ui.py for tasks to queue
[2025-05-10T01:21:43.620+0000] {logging_mixin.py:190} INFO - [2025-05-10T01:21:43.620+0000] {dagbag.py:588} INFO - Filling up the DagBag from /home/airflow/.local/lib/python3.12/site-packages/airflow/example_dags/example_params_trigger_ui.py
[2025-05-10T01:21:43.626+0000] {processor.py:925} INFO - DAG(s) 'example_params_trigger_ui' retrieved from /home/airflow/.local/lib/python3.12/site-packages/airflow/example_dags/example_params_trigger_ui.py
[2025-05-10T01:21:43.656+0000] {logging_mixin.py:190} INFO - [2025-05-10T01:21:43.655+0000] {dag.py:3239} INFO - Sync 1 DAGs
[2025-05-10T01:21:43.665+0000] {logging_mixin.py:190} INFO - [2025-05-10T01:21:43.665+0000] {dag.py:4180} INFO - Setting next_dagrun for example_params_trigger_ui to None, run_after=None
[2025-05-10T01:21:43.676+0000] {processor.py:208} INFO - Processing /home/airflow/.local/lib/python3.12/site-packages/airflow/example_dags/example_params_trigger_ui.py took 0.062 seconds
[2025-05-10T01:22:14.479+0000] {processor.py:186} INFO - Started process (PID=67533) to work on /home/airflow/.local/lib/python3.12/site-packages/airflow/example_dags/example_params_trigger_ui.py
[2025-05-10T01:22:14.480+0000] {processor.py:914} INFO - Processing file /home/airflow/.local/lib/python3.12/site-packages/airflow/example_dags/example_params_trigger_ui.py for tasks to queue
[2025-05-10T01:22:14.481+0000] {logging_mixin.py:190} INFO - [2025-05-10T01:22:14.480+0000] {dagbag.py:588} INFO - Filling up the DagBag from /home/airflow/.local/lib/python3.12/site-packages/airflow/example_dags/example_params_trigger_ui.py
[2025-05-10T01:22:14.487+0000] {processor.py:925} INFO - DAG(s) 'example_params_trigger_ui' retrieved from /home/airflow/.local/lib/python3.12/site-packages/airflow/example_dags/example_params_trigger_ui.py
[2025-05-10T01:22:14.516+0000] {logging_mixin.py:190} INFO - [2025-05-10T01:22:14.516+0000] {dag.py:3239} INFO - Sync 1 DAGs
[2025-05-10T01:22:14.526+0000] {logging_mixin.py:190} INFO - [2025-05-10T01:22:14.526+0000] {dag.py:4180} INFO - Setting next_dagrun for example_params_trigger_ui to None, run_after=None
[2025-05-10T01:22:14.540+0000] {processor.py:208} INFO - Processing /home/airflow/.local/lib/python3.12/site-packages/airflow/example_dags/example_params_trigger_ui.py took 0.065 seconds
[2025-05-10T01:22:45.370+0000] {processor.py:186} INFO - Started process (PID=67615) to work on /home/airflow/.local/lib/python3.12/site-packages/airflow/example_dags/example_params_trigger_ui.py
[2025-05-10T01:22:45.370+0000] {processor.py:914} INFO - Processing file /home/airflow/.local/lib/python3.12/site-packages/airflow/example_dags/example_params_trigger_ui.py for tasks to queue
[2025-05-10T01:22:45.371+0000] {logging_mixin.py:190} INFO - [2025-05-10T01:22:45.371+0000] {dagbag.py:588} INFO - Filling up the DagBag from /home/airflow/.local/lib/python3.12/site-packages/airflow/example_dags/example_params_trigger_ui.py
[2025-05-10T01:22:45.379+0000] {processor.py:925} INFO - DAG(s) 'example_params_trigger_ui' retrieved from /home/airflow/.local/lib/python3.12/site-packages/airflow/example_dags/example_params_trigger_ui.py
[2025-05-10T01:22:45.411+0000] {logging_mixin.py:190} INFO - [2025-05-10T01:22:45.410+0000] {dag.py:3239} INFO - Sync 1 DAGs
[2025-05-10T01:22:45.421+0000] {logging_mixin.py:190} INFO - [2025-05-10T01:22:45.421+0000] {dag.py:4180} INFO - Setting next_dagrun for example_params_trigger_ui to None, run_after=None
[2025-05-10T01:22:45.434+0000] {processor.py:208} INFO - Processing /home/airflow/.local/lib/python3.12/site-packages/airflow/example_dags/example_params_trigger_ui.py took 0.069 seconds
[2025-05-10T01:23:16.082+0000] {processor.py:186} INFO - Started process (PID=67697) to work on /home/airflow/.local/lib/python3.12/site-packages/airflow/example_dags/example_params_trigger_ui.py
[2025-05-10T01:23:16.083+0000] {processor.py:914} INFO - Processing file /home/airflow/.local/lib/python3.12/site-packages/airflow/example_dags/example_params_trigger_ui.py for tasks to queue
[2025-05-10T01:23:16.084+0000] {logging_mixin.py:190} INFO - [2025-05-10T01:23:16.084+0000] {dagbag.py:588} INFO - Filling up the DagBag from /home/airflow/.local/lib/python3.12/site-packages/airflow/example_dags/example_params_trigger_ui.py
[2025-05-10T01:23:16.091+0000] {processor.py:925} INFO - DAG(s) 'example_params_trigger_ui' retrieved from /home/airflow/.local/lib/python3.12/site-packages/airflow/example_dags/example_params_trigger_ui.py
[2025-05-10T01:23:16.120+0000] {logging_mixin.py:190} INFO - [2025-05-10T01:23:16.119+0000] {dag.py:3239} INFO - Sync 1 DAGs
[2025-05-10T01:23:16.129+0000] {logging_mixin.py:190} INFO - [2025-05-10T01:23:16.129+0000] {dag.py:4180} INFO - Setting next_dagrun for example_params_trigger_ui to None, run_after=None
[2025-05-10T01:23:16.141+0000] {processor.py:208} INFO - Processing /home/airflow/.local/lib/python3.12/site-packages/airflow/example_dags/example_params_trigger_ui.py took 0.063 seconds
[2025-05-10T01:23:46.662+0000] {processor.py:186} INFO - Started process (PID=67779) to work on /home/airflow/.local/lib/python3.12/site-packages/airflow/example_dags/example_params_trigger_ui.py
[2025-05-10T01:23:46.662+0000] {processor.py:914} INFO - Processing file /home/airflow/.local/lib/python3.12/site-packages/airflow/example_dags/example_params_trigger_ui.py for tasks to queue
[2025-05-10T01:23:46.663+0000] {logging_mixin.py:190} INFO - [2025-05-10T01:23:46.663+0000] {dagbag.py:588} INFO - Filling up the DagBag from /home/airflow/.local/lib/python3.12/site-packages/airflow/example_dags/example_params_trigger_ui.py
[2025-05-10T01:23:46.670+0000] {processor.py:925} INFO - DAG(s) 'example_params_trigger_ui' retrieved from /home/airflow/.local/lib/python3.12/site-packages/airflow/example_dags/example_params_trigger_ui.py
[2025-05-10T01:23:46.698+0000] {logging_mixin.py:190} INFO - [2025-05-10T01:23:46.698+0000] {dag.py:3239} INFO - Sync 1 DAGs
[2025-05-10T01:23:46.707+0000] {logging_mixin.py:190} INFO - [2025-05-10T01:23:46.706+0000] {dag.py:4180} INFO - Setting next_dagrun for example_params_trigger_ui to None, run_after=None
[2025-05-10T01:23:46.718+0000] {processor.py:208} INFO - Processing /home/airflow/.local/lib/python3.12/site-packages/airflow/example_dags/example_params_trigger_ui.py took 0.061 seconds
[2025-05-10T01:24:17.376+0000] {processor.py:186} INFO - Started process (PID=67861) to work on /home/airflow/.local/lib/python3.12/site-packages/airflow/example_dags/example_params_trigger_ui.py
[2025-05-10T01:24:17.377+0000] {processor.py:914} INFO - Processing file /home/airflow/.local/lib/python3.12/site-packages/airflow/example_dags/example_params_trigger_ui.py for tasks to queue
[2025-05-10T01:24:17.378+0000] {logging_mixin.py:190} INFO - [2025-05-10T01:24:17.378+0000] {dagbag.py:588} INFO - Filling up the DagBag from /home/airflow/.local/lib/python3.12/site-packages/airflow/example_dags/example_params_trigger_ui.py
[2025-05-10T01:24:17.384+0000] {processor.py:925} INFO - DAG(s) 'example_params_trigger_ui' retrieved from /home/airflow/.local/lib/python3.12/site-packages/airflow/example_dags/example_params_trigger_ui.py
[2025-05-10T01:24:17.414+0000] {logging_mixin.py:190} INFO - [2025-05-10T01:24:17.414+0000] {dag.py:3239} INFO - Sync 1 DAGs
[2025-05-10T01:24:17.424+0000] {logging_mixin.py:190} INFO - [2025-05-10T01:24:17.424+0000] {dag.py:4180} INFO - Setting next_dagrun for example_params_trigger_ui to None, run_after=None
[2025-05-10T01:24:17.436+0000] {processor.py:208} INFO - Processing /home/airflow/.local/lib/python3.12/site-packages/airflow/example_dags/example_params_trigger_ui.py took 0.064 seconds
[2025-05-10T01:24:48.217+0000] {processor.py:186} INFO - Started process (PID=67943) to work on /home/airflow/.local/lib/python3.12/site-packages/airflow/example_dags/example_params_trigger_ui.py
[2025-05-10T01:24:48.218+0000] {processor.py:914} INFO - Processing file /home/airflow/.local/lib/python3.12/site-packages/airflow/example_dags/example_params_trigger_ui.py for tasks to queue
[2025-05-10T01:24:48.219+0000] {logging_mixin.py:190} INFO - [2025-05-10T01:24:48.219+0000] {dagbag.py:588} INFO - Filling up the DagBag from /home/airflow/.local/lib/python3.12/site-packages/airflow/example_dags/example_params_trigger_ui.py
[2025-05-10T01:24:48.225+0000] {processor.py:925} INFO - DAG(s) 'example_params_trigger_ui' retrieved from /home/airflow/.local/lib/python3.12/site-packages/airflow/example_dags/example_params_trigger_ui.py
[2025-05-10T01:24:48.254+0000] {logging_mixin.py:190} INFO - [2025-05-10T01:24:48.254+0000] {dag.py:3239} INFO - Sync 1 DAGs
[2025-05-10T01:24:48.263+0000] {logging_mixin.py:190} INFO - [2025-05-10T01:24:48.263+0000] {dag.py:4180} INFO - Setting next_dagrun for example_params_trigger_ui to None, run_after=None
[2025-05-10T01:24:48.274+0000] {processor.py:208} INFO - Processing /home/airflow/.local/lib/python3.12/site-packages/airflow/example_dags/example_params_trigger_ui.py took 0.062 seconds
[2025-05-10T01:25:18.844+0000] {processor.py:186} INFO - Started process (PID=68025) to work on /home/airflow/.local/lib/python3.12/site-packages/airflow/example_dags/example_params_trigger_ui.py
[2025-05-10T01:25:18.845+0000] {processor.py:914} INFO - Processing file /home/airflow/.local/lib/python3.12/site-packages/airflow/example_dags/example_params_trigger_ui.py for tasks to queue
[2025-05-10T01:25:18.846+0000] {logging_mixin.py:190} INFO - [2025-05-10T01:25:18.846+0000] {dagbag.py:588} INFO - Filling up the DagBag from /home/airflow/.local/lib/python3.12/site-packages/airflow/example_dags/example_params_trigger_ui.py
[2025-05-10T01:25:18.852+0000] {processor.py:925} INFO - DAG(s) 'example_params_trigger_ui' retrieved from /home/airflow/.local/lib/python3.12/site-packages/airflow/example_dags/example_params_trigger_ui.py
[2025-05-10T01:25:18.883+0000] {logging_mixin.py:190} INFO - [2025-05-10T01:25:18.882+0000] {dag.py:3239} INFO - Sync 1 DAGs
[2025-05-10T01:25:18.892+0000] {logging_mixin.py:190} INFO - [2025-05-10T01:25:18.892+0000] {dag.py:4180} INFO - Setting next_dagrun for example_params_trigger_ui to None, run_after=None
[2025-05-10T01:25:18.904+0000] {processor.py:208} INFO - Processing /home/airflow/.local/lib/python3.12/site-packages/airflow/example_dags/example_params_trigger_ui.py took 0.065 seconds
[2025-05-10T01:25:49.433+0000] {processor.py:186} INFO - Started process (PID=68107) to work on /home/airflow/.local/lib/python3.12/site-packages/airflow/example_dags/example_params_trigger_ui.py
[2025-05-10T01:25:49.434+0000] {processor.py:914} INFO - Processing file /home/airflow/.local/lib/python3.12/site-packages/airflow/example_dags/example_params_trigger_ui.py for tasks to queue
[2025-05-10T01:25:49.435+0000] {logging_mixin.py:190} INFO - [2025-05-10T01:25:49.434+0000] {dagbag.py:588} INFO - Filling up the DagBag from /home/airflow/.local/lib/python3.12/site-packages/airflow/example_dags/example_params_trigger_ui.py
[2025-05-10T01:25:49.441+0000] {processor.py:925} INFO - DAG(s) 'example_params_trigger_ui' retrieved from /home/airflow/.local/lib/python3.12/site-packages/airflow/example_dags/example_params_trigger_ui.py
[2025-05-10T01:25:49.474+0000] {logging_mixin.py:190} INFO - [2025-05-10T01:25:49.474+0000] {dag.py:3239} INFO - Sync 1 DAGs
[2025-05-10T01:25:49.483+0000] {logging_mixin.py:190} INFO - [2025-05-10T01:25:49.483+0000] {dag.py:4180} INFO - Setting next_dagrun for example_params_trigger_ui to None, run_after=None
[2025-05-10T01:25:49.495+0000] {processor.py:208} INFO - Processing /home/airflow/.local/lib/python3.12/site-packages/airflow/example_dags/example_params_trigger_ui.py took 0.067 seconds
[2025-05-10T01:26:19.828+0000] {processor.py:186} INFO - Started process (PID=68189) to work on /home/airflow/.local/lib/python3.12/site-packages/airflow/example_dags/example_params_trigger_ui.py
[2025-05-10T01:26:19.829+0000] {processor.py:914} INFO - Processing file /home/airflow/.local/lib/python3.12/site-packages/airflow/example_dags/example_params_trigger_ui.py for tasks to queue
[2025-05-10T01:26:19.830+0000] {logging_mixin.py:190} INFO - [2025-05-10T01:26:19.829+0000] {dagbag.py:588} INFO - Filling up the DagBag from /home/airflow/.local/lib/python3.12/site-packages/airflow/example_dags/example_params_trigger_ui.py
[2025-05-10T01:26:19.836+0000] {processor.py:925} INFO - DAG(s) 'example_params_trigger_ui' retrieved from /home/airflow/.local/lib/python3.12/site-packages/airflow/example_dags/example_params_trigger_ui.py
[2025-05-10T01:26:19.866+0000] {logging_mixin.py:190} INFO - [2025-05-10T01:26:19.866+0000] {dag.py:3239} INFO - Sync 1 DAGs
[2025-05-10T01:26:19.876+0000] {logging_mixin.py:190} INFO - [2025-05-10T01:26:19.876+0000] {dag.py:4180} INFO - Setting next_dagrun for example_params_trigger_ui to None, run_after=None
[2025-05-10T01:26:19.890+0000] {processor.py:208} INFO - Processing /home/airflow/.local/lib/python3.12/site-packages/airflow/example_dags/example_params_trigger_ui.py took 0.067 seconds
[2025-05-10T01:26:50.424+0000] {processor.py:186} INFO - Started process (PID=68271) to work on /home/airflow/.local/lib/python3.12/site-packages/airflow/example_dags/example_params_trigger_ui.py
[2025-05-10T01:26:50.425+0000] {processor.py:914} INFO - Processing file /home/airflow/.local/lib/python3.12/site-packages/airflow/example_dags/example_params_trigger_ui.py for tasks to queue
[2025-05-10T01:26:50.426+0000] {logging_mixin.py:190} INFO - [2025-05-10T01:26:50.425+0000] {dagbag.py:588} INFO - Filling up the DagBag from /home/airflow/.local/lib/python3.12/site-packages/airflow/example_dags/example_params_trigger_ui.py
[2025-05-10T01:26:50.432+0000] {processor.py:925} INFO - DAG(s) 'example_params_trigger_ui' retrieved from /home/airflow/.local/lib/python3.12/site-packages/airflow/example_dags/example_params_trigger_ui.py
[2025-05-10T01:26:50.465+0000] {logging_mixin.py:190} INFO - [2025-05-10T01:26:50.465+0000] {dag.py:3239} INFO - Sync 1 DAGs
[2025-05-10T01:26:50.474+0000] {logging_mixin.py:190} INFO - [2025-05-10T01:26:50.474+0000] {dag.py:4180} INFO - Setting next_dagrun for example_params_trigger_ui to None, run_after=None
[2025-05-10T01:26:50.487+0000] {processor.py:208} INFO - Processing /home/airflow/.local/lib/python3.12/site-packages/airflow/example_dags/example_params_trigger_ui.py took 0.067 seconds
[2025-05-10T02:18:40.724+0000] {processor.py:186} INFO - Started process (PID=68388) to work on /home/airflow/.local/lib/python3.12/site-packages/airflow/example_dags/example_params_trigger_ui.py
[2025-05-10T02:18:40.724+0000] {processor.py:914} INFO - Processing file /home/airflow/.local/lib/python3.12/site-packages/airflow/example_dags/example_params_trigger_ui.py for tasks to queue
[2025-05-10T02:18:40.725+0000] {logging_mixin.py:190} INFO - [2025-05-10T02:18:40.725+0000] {dagbag.py:588} INFO - Filling up the DagBag from /home/airflow/.local/lib/python3.12/site-packages/airflow/example_dags/example_params_trigger_ui.py
[2025-05-10T02:18:40.733+0000] {processor.py:925} INFO - DAG(s) 'example_params_trigger_ui' retrieved from /home/airflow/.local/lib/python3.12/site-packages/airflow/example_dags/example_params_trigger_ui.py
[2025-05-10T02:18:40.769+0000] {logging_mixin.py:190} INFO - [2025-05-10T02:18:40.768+0000] {dag.py:3239} INFO - Sync 1 DAGs
[2025-05-10T02:18:40.780+0000] {logging_mixin.py:190} INFO - [2025-05-10T02:18:40.779+0000] {dag.py:4180} INFO - Setting next_dagrun for example_params_trigger_ui to None, run_after=None
[2025-05-10T02:18:40.794+0000] {processor.py:208} INFO - Processing /home/airflow/.local/lib/python3.12/site-packages/airflow/example_dags/example_params_trigger_ui.py took 0.076 seconds
[2025-05-10T02:19:11.937+0000] {processor.py:186} INFO - Started process (PID=68470) to work on /home/airflow/.local/lib/python3.12/site-packages/airflow/example_dags/example_params_trigger_ui.py
[2025-05-10T02:19:11.938+0000] {processor.py:914} INFO - Processing file /home/airflow/.local/lib/python3.12/site-packages/airflow/example_dags/example_params_trigger_ui.py for tasks to queue
[2025-05-10T02:19:11.940+0000] {logging_mixin.py:190} INFO - [2025-05-10T02:19:11.939+0000] {dagbag.py:588} INFO - Filling up the DagBag from /home/airflow/.local/lib/python3.12/site-packages/airflow/example_dags/example_params_trigger_ui.py
[2025-05-10T02:19:11.949+0000] {processor.py:925} INFO - DAG(s) 'example_params_trigger_ui' retrieved from /home/airflow/.local/lib/python3.12/site-packages/airflow/example_dags/example_params_trigger_ui.py
[2025-05-10T02:19:11.989+0000] {logging_mixin.py:190} INFO - [2025-05-10T02:19:11.988+0000] {dag.py:3239} INFO - Sync 1 DAGs
[2025-05-10T02:19:11.999+0000] {logging_mixin.py:190} INFO - [2025-05-10T02:19:11.999+0000] {dag.py:4180} INFO - Setting next_dagrun for example_params_trigger_ui to None, run_after=None
[2025-05-10T02:19:12.013+0000] {processor.py:208} INFO - Processing /home/airflow/.local/lib/python3.12/site-packages/airflow/example_dags/example_params_trigger_ui.py took 0.083 seconds
[2025-05-10T02:19:43.013+0000] {processor.py:186} INFO - Started process (PID=68552) to work on /home/airflow/.local/lib/python3.12/site-packages/airflow/example_dags/example_params_trigger_ui.py
[2025-05-10T02:19:43.014+0000] {processor.py:914} INFO - Processing file /home/airflow/.local/lib/python3.12/site-packages/airflow/example_dags/example_params_trigger_ui.py for tasks to queue
[2025-05-10T02:19:43.015+0000] {logging_mixin.py:190} INFO - [2025-05-10T02:19:43.015+0000] {dagbag.py:588} INFO - Filling up the DagBag from /home/airflow/.local/lib/python3.12/site-packages/airflow/example_dags/example_params_trigger_ui.py
[2025-05-10T02:19:43.022+0000] {processor.py:925} INFO - DAG(s) 'example_params_trigger_ui' retrieved from /home/airflow/.local/lib/python3.12/site-packages/airflow/example_dags/example_params_trigger_ui.py
[2025-05-10T02:19:43.052+0000] {logging_mixin.py:190} INFO - [2025-05-10T02:19:43.052+0000] {dag.py:3239} INFO - Sync 1 DAGs
[2025-05-10T02:19:43.062+0000] {logging_mixin.py:190} INFO - [2025-05-10T02:19:43.062+0000] {dag.py:4180} INFO - Setting next_dagrun for example_params_trigger_ui to None, run_after=None
[2025-05-10T02:19:43.076+0000] {processor.py:208} INFO - Processing /home/airflow/.local/lib/python3.12/site-packages/airflow/example_dags/example_params_trigger_ui.py took 0.068 seconds
[2025-05-10T02:20:13.264+0000] {processor.py:186} INFO - Started process (PID=68634) to work on /home/airflow/.local/lib/python3.12/site-packages/airflow/example_dags/example_params_trigger_ui.py
[2025-05-10T02:20:13.264+0000] {processor.py:914} INFO - Processing file /home/airflow/.local/lib/python3.12/site-packages/airflow/example_dags/example_params_trigger_ui.py for tasks to queue
[2025-05-10T02:20:13.265+0000] {logging_mixin.py:190} INFO - [2025-05-10T02:20:13.265+0000] {dagbag.py:588} INFO - Filling up the DagBag from /home/airflow/.local/lib/python3.12/site-packages/airflow/example_dags/example_params_trigger_ui.py
[2025-05-10T02:20:13.272+0000] {processor.py:925} INFO - DAG(s) 'example_params_trigger_ui' retrieved from /home/airflow/.local/lib/python3.12/site-packages/airflow/example_dags/example_params_trigger_ui.py
[2025-05-10T02:20:13.302+0000] {logging_mixin.py:190} INFO - [2025-05-10T02:20:13.302+0000] {dag.py:3239} INFO - Sync 1 DAGs
[2025-05-10T02:20:13.311+0000] {logging_mixin.py:190} INFO - [2025-05-10T02:20:13.311+0000] {dag.py:4180} INFO - Setting next_dagrun for example_params_trigger_ui to None, run_after=None
[2025-05-10T02:20:13.322+0000] {processor.py:208} INFO - Processing /home/airflow/.local/lib/python3.12/site-packages/airflow/example_dags/example_params_trigger_ui.py took 0.063 seconds
[2025-05-10T02:20:43.659+0000] {processor.py:186} INFO - Started process (PID=68716) to work on /home/airflow/.local/lib/python3.12/site-packages/airflow/example_dags/example_params_trigger_ui.py
[2025-05-10T02:20:43.660+0000] {processor.py:914} INFO - Processing file /home/airflow/.local/lib/python3.12/site-packages/airflow/example_dags/example_params_trigger_ui.py for tasks to queue
[2025-05-10T02:20:43.661+0000] {logging_mixin.py:190} INFO - [2025-05-10T02:20:43.661+0000] {dagbag.py:588} INFO - Filling up the DagBag from /home/airflow/.local/lib/python3.12/site-packages/airflow/example_dags/example_params_trigger_ui.py
[2025-05-10T02:20:43.667+0000] {processor.py:925} INFO - DAG(s) 'example_params_trigger_ui' retrieved from /home/airflow/.local/lib/python3.12/site-packages/airflow/example_dags/example_params_trigger_ui.py
[2025-05-10T02:20:43.698+0000] {logging_mixin.py:190} INFO - [2025-05-10T02:20:43.697+0000] {dag.py:3239} INFO - Sync 1 DAGs
[2025-05-10T02:20:43.707+0000] {logging_mixin.py:190} INFO - [2025-05-10T02:20:43.707+0000] {dag.py:4180} INFO - Setting next_dagrun for example_params_trigger_ui to None, run_after=None
[2025-05-10T02:20:43.726+0000] {processor.py:208} INFO - Processing /home/airflow/.local/lib/python3.12/site-packages/airflow/example_dags/example_params_trigger_ui.py took 0.071 seconds
[2025-05-10T04:20:41.206+0000] {processor.py:186} INFO - Started process (PID=68804) to work on /home/airflow/.local/lib/python3.12/site-packages/airflow/example_dags/example_params_trigger_ui.py
[2025-05-10T04:20:41.208+0000] {processor.py:914} INFO - Processing file /home/airflow/.local/lib/python3.12/site-packages/airflow/example_dags/example_params_trigger_ui.py for tasks to queue
[2025-05-10T04:20:41.208+0000] {logging_mixin.py:190} INFO - [2025-05-10T04:20:41.208+0000] {dagbag.py:588} INFO - Filling up the DagBag from /home/airflow/.local/lib/python3.12/site-packages/airflow/example_dags/example_params_trigger_ui.py
[2025-05-10T04:20:41.216+0000] {processor.py:925} INFO - DAG(s) 'example_params_trigger_ui' retrieved from /home/airflow/.local/lib/python3.12/site-packages/airflow/example_dags/example_params_trigger_ui.py
[2025-05-10T04:20:41.249+0000] {logging_mixin.py:190} INFO - [2025-05-10T04:20:41.249+0000] {dag.py:3239} INFO - Sync 1 DAGs
[2025-05-10T04:20:41.260+0000] {logging_mixin.py:190} INFO - [2025-05-10T04:20:41.260+0000] {dag.py:4180} INFO - Setting next_dagrun for example_params_trigger_ui to None, run_after=None
[2025-05-10T04:20:41.275+0000] {processor.py:208} INFO - Processing /home/airflow/.local/lib/python3.12/site-packages/airflow/example_dags/example_params_trigger_ui.py took 0.076 seconds
