[2025-05-10T01:19:37.920+0000] {processor.py:186} INFO - Started process (PID=67080) to work on /home/airflow/.local/lib/python3.12/site-packages/airflow/example_dags/example_subdag_operator.py
[2025-05-10T01:19:37.920+0000] {processor.py:914} INFO - Processing file /home/airflow/.local/lib/python3.12/site-packages/airflow/example_dags/example_subdag_operator.py for tasks to queue
[2025-05-10T01:19:37.921+0000] {logging_mixin.py:190} INFO - [2025-05-10T01:19:37.921+0000] {dagbag.py:588} INFO - Filling up the DagBag from /home/airflow/.local/lib/python3.12/site-packages/airflow/example_dags/example_subdag_operator.py
[2025-05-10T01:19:37.944+0000] {processor.py:925} INFO - DAG(s) 'example_subdag_operator.section-1', 'example_subdag_operator.section-2', 'example_subdag_operator' retrieved from /home/airflow/.local/lib/python3.12/site-packages/airflow/example_dags/example_subdag_operator.py
[2025-05-10T01:19:37.964+0000] {logging_mixin.py:190} INFO - [2025-05-10T01:19:37.964+0000] {dag.py:3239} INFO - Sync 3 DAGs
[2025-05-10T01:19:37.986+0000] {logging_mixin.py:190} INFO - [2025-05-10T01:19:37.986+0000] {dag.py:4180} INFO - Setting next_dagrun for example_subdag_operator to 2022-01-01 00:00:00+00:00, run_after=2022-01-01 00:00:00+00:00
[2025-05-10T01:19:37.991+0000] {logging_mixin.py:190} INFO - [2025-05-10T01:19:37.991+0000] {dag.py:4180} INFO - Setting next_dagrun for example_subdag_operator.section-1 to None, run_after=None
[2025-05-10T01:19:37.992+0000] {logging_mixin.py:190} INFO - [2025-05-10T01:19:37.992+0000] {dag.py:4180} INFO - Setting next_dagrun for example_subdag_operator.section-2 to None, run_after=None
[2025-05-10T01:19:37.999+0000] {logging_mixin.py:190} INFO - [2025-05-10T01:19:37.999+0000] {dag.py:3239} INFO - Sync 2 DAGs
[2025-05-10T01:19:38.007+0000] {logging_mixin.py:190} INFO - [2025-05-10T01:19:38.006+0000] {dag.py:4180} INFO - Setting next_dagrun for example_subdag_operator.section-1 to None, run_after=None
[2025-05-10T01:19:38.007+0000] {logging_mixin.py:190} INFO - [2025-05-10T01:19:38.007+0000] {dag.py:4180} INFO - Setting next_dagrun for example_subdag_operator.section-2 to None, run_after=None
[2025-05-10T01:19:38.023+0000] {processor.py:208} INFO - Processing /home/airflow/.local/lib/python3.12/site-packages/airflow/example_dags/example_subdag_operator.py took 0.109 seconds
[2025-05-10T01:20:08.741+0000] {processor.py:186} INFO - Started process (PID=67162) to work on /home/airflow/.local/lib/python3.12/site-packages/airflow/example_dags/example_subdag_operator.py
[2025-05-10T01:20:08.741+0000] {processor.py:914} INFO - Processing file /home/airflow/.local/lib/python3.12/site-packages/airflow/example_dags/example_subdag_operator.py for tasks to queue
[2025-05-10T01:20:08.742+0000] {logging_mixin.py:190} INFO - [2025-05-10T01:20:08.742+0000] {dagbag.py:588} INFO - Filling up the DagBag from /home/airflow/.local/lib/python3.12/site-packages/airflow/example_dags/example_subdag_operator.py
[2025-05-10T01:20:08.761+0000] {processor.py:925} INFO - DAG(s) 'example_subdag_operator.section-1', 'example_subdag_operator.section-2', 'example_subdag_operator' retrieved from /home/airflow/.local/lib/python3.12/site-packages/airflow/example_dags/example_subdag_operator.py
[2025-05-10T01:20:08.774+0000] {logging_mixin.py:190} INFO - [2025-05-10T01:20:08.774+0000] {dag.py:3239} INFO - Sync 3 DAGs
[2025-05-10T01:20:08.790+0000] {logging_mixin.py:190} INFO - [2025-05-10T01:20:08.790+0000] {dag.py:4180} INFO - Setting next_dagrun for example_subdag_operator to 2022-01-01 00:00:00+00:00, run_after=2022-01-01 00:00:00+00:00
[2025-05-10T01:20:08.793+0000] {logging_mixin.py:190} INFO - [2025-05-10T01:20:08.793+0000] {dag.py:4180} INFO - Setting next_dagrun for example_subdag_operator.section-1 to None, run_after=None
[2025-05-10T01:20:08.794+0000] {logging_mixin.py:190} INFO - [2025-05-10T01:20:08.794+0000] {dag.py:4180} INFO - Setting next_dagrun for example_subdag_operator.section-2 to None, run_after=None
[2025-05-10T01:20:08.800+0000] {logging_mixin.py:190} INFO - [2025-05-10T01:20:08.800+0000] {dag.py:3239} INFO - Sync 2 DAGs
[2025-05-10T01:20:08.804+0000] {logging_mixin.py:190} INFO - [2025-05-10T01:20:08.804+0000] {dag.py:4180} INFO - Setting next_dagrun for example_subdag_operator.section-1 to None, run_after=None
[2025-05-10T01:20:08.805+0000] {logging_mixin.py:190} INFO - [2025-05-10T01:20:08.805+0000] {dag.py:4180} INFO - Setting next_dagrun for example_subdag_operator.section-2 to None, run_after=None
[2025-05-10T01:20:08.817+0000] {processor.py:208} INFO - Processing /home/airflow/.local/lib/python3.12/site-packages/airflow/example_dags/example_subdag_operator.py took 0.081 seconds
[2025-05-10T01:20:39.166+0000] {processor.py:186} INFO - Started process (PID=67244) to work on /home/airflow/.local/lib/python3.12/site-packages/airflow/example_dags/example_subdag_operator.py
[2025-05-10T01:20:39.167+0000] {processor.py:914} INFO - Processing file /home/airflow/.local/lib/python3.12/site-packages/airflow/example_dags/example_subdag_operator.py for tasks to queue
[2025-05-10T01:20:39.168+0000] {logging_mixin.py:190} INFO - [2025-05-10T01:20:39.167+0000] {dagbag.py:588} INFO - Filling up the DagBag from /home/airflow/.local/lib/python3.12/site-packages/airflow/example_dags/example_subdag_operator.py
[2025-05-10T01:20:39.184+0000] {processor.py:925} INFO - DAG(s) 'example_subdag_operator.section-1', 'example_subdag_operator.section-2', 'example_subdag_operator' retrieved from /home/airflow/.local/lib/python3.12/site-packages/airflow/example_dags/example_subdag_operator.py
[2025-05-10T01:20:39.196+0000] {logging_mixin.py:190} INFO - [2025-05-10T01:20:39.195+0000] {dag.py:3239} INFO - Sync 3 DAGs
[2025-05-10T01:20:39.210+0000] {logging_mixin.py:190} INFO - [2025-05-10T01:20:39.209+0000] {dag.py:4180} INFO - Setting next_dagrun for example_subdag_operator to 2022-01-01 00:00:00+00:00, run_after=2022-01-01 00:00:00+00:00
[2025-05-10T01:20:39.212+0000] {logging_mixin.py:190} INFO - [2025-05-10T01:20:39.212+0000] {dag.py:4180} INFO - Setting next_dagrun for example_subdag_operator.section-1 to None, run_after=None
[2025-05-10T01:20:39.213+0000] {logging_mixin.py:190} INFO - [2025-05-10T01:20:39.212+0000] {dag.py:4180} INFO - Setting next_dagrun for example_subdag_operator.section-2 to None, run_after=None
[2025-05-10T01:20:39.217+0000] {logging_mixin.py:190} INFO - [2025-05-10T01:20:39.216+0000] {dag.py:3239} INFO - Sync 2 DAGs
[2025-05-10T01:20:39.220+0000] {logging_mixin.py:190} INFO - [2025-05-10T01:20:39.220+0000] {dag.py:4180} INFO - Setting next_dagrun for example_subdag_operator.section-1 to None, run_after=None
[2025-05-10T01:20:39.221+0000] {logging_mixin.py:190} INFO - [2025-05-10T01:20:39.221+0000] {dag.py:4180} INFO - Setting next_dagrun for example_subdag_operator.section-2 to None, run_after=None
[2025-05-10T01:20:39.229+0000] {processor.py:208} INFO - Processing /home/airflow/.local/lib/python3.12/site-packages/airflow/example_dags/example_subdag_operator.py took 0.068 seconds
[2025-05-10T01:21:10.097+0000] {processor.py:186} INFO - Started process (PID=67326) to work on /home/airflow/.local/lib/python3.12/site-packages/airflow/example_dags/example_subdag_operator.py
[2025-05-10T01:21:10.097+0000] {processor.py:914} INFO - Processing file /home/airflow/.local/lib/python3.12/site-packages/airflow/example_dags/example_subdag_operator.py for tasks to queue
[2025-05-10T01:21:10.098+0000] {logging_mixin.py:190} INFO - [2025-05-10T01:21:10.098+0000] {dagbag.py:588} INFO - Filling up the DagBag from /home/airflow/.local/lib/python3.12/site-packages/airflow/example_dags/example_subdag_operator.py
[2025-05-10T01:21:10.113+0000] {processor.py:925} INFO - DAG(s) 'example_subdag_operator.section-1', 'example_subdag_operator.section-2', 'example_subdag_operator' retrieved from /home/airflow/.local/lib/python3.12/site-packages/airflow/example_dags/example_subdag_operator.py
[2025-05-10T01:21:10.123+0000] {logging_mixin.py:190} INFO - [2025-05-10T01:21:10.123+0000] {dag.py:3239} INFO - Sync 3 DAGs
[2025-05-10T01:21:10.137+0000] {logging_mixin.py:190} INFO - [2025-05-10T01:21:10.137+0000] {dag.py:4180} INFO - Setting next_dagrun for example_subdag_operator to 2022-01-01 00:00:00+00:00, run_after=2022-01-01 00:00:00+00:00
[2025-05-10T01:21:10.139+0000] {logging_mixin.py:190} INFO - [2025-05-10T01:21:10.139+0000] {dag.py:4180} INFO - Setting next_dagrun for example_subdag_operator.section-1 to None, run_after=None
[2025-05-10T01:21:10.140+0000] {logging_mixin.py:190} INFO - [2025-05-10T01:21:10.140+0000] {dag.py:4180} INFO - Setting next_dagrun for example_subdag_operator.section-2 to None, run_after=None
[2025-05-10T01:21:10.145+0000] {logging_mixin.py:190} INFO - [2025-05-10T01:21:10.144+0000] {dag.py:3239} INFO - Sync 2 DAGs
[2025-05-10T01:21:10.148+0000] {logging_mixin.py:190} INFO - [2025-05-10T01:21:10.148+0000] {dag.py:4180} INFO - Setting next_dagrun for example_subdag_operator.section-1 to None, run_after=None
[2025-05-10T01:21:10.149+0000] {logging_mixin.py:190} INFO - [2025-05-10T01:21:10.149+0000] {dag.py:4180} INFO - Setting next_dagrun for example_subdag_operator.section-2 to None, run_after=None
[2025-05-10T01:21:10.157+0000] {processor.py:208} INFO - Processing /home/airflow/.local/lib/python3.12/site-packages/airflow/example_dags/example_subdag_operator.py took 0.065 seconds
[2025-05-10T01:21:40.839+0000] {processor.py:186} INFO - Started process (PID=67408) to work on /home/airflow/.local/lib/python3.12/site-packages/airflow/example_dags/example_subdag_operator.py
[2025-05-10T01:21:40.840+0000] {processor.py:914} INFO - Processing file /home/airflow/.local/lib/python3.12/site-packages/airflow/example_dags/example_subdag_operator.py for tasks to queue
[2025-05-10T01:21:40.841+0000] {logging_mixin.py:190} INFO - [2025-05-10T01:21:40.841+0000] {dagbag.py:588} INFO - Filling up the DagBag from /home/airflow/.local/lib/python3.12/site-packages/airflow/example_dags/example_subdag_operator.py
[2025-05-10T01:21:40.856+0000] {processor.py:925} INFO - DAG(s) 'example_subdag_operator.section-1', 'example_subdag_operator.section-2', 'example_subdag_operator' retrieved from /home/airflow/.local/lib/python3.12/site-packages/airflow/example_dags/example_subdag_operator.py
[2025-05-10T01:21:40.866+0000] {logging_mixin.py:190} INFO - [2025-05-10T01:21:40.866+0000] {dag.py:3239} INFO - Sync 3 DAGs
[2025-05-10T01:21:40.880+0000] {logging_mixin.py:190} INFO - [2025-05-10T01:21:40.880+0000] {dag.py:4180} INFO - Setting next_dagrun for example_subdag_operator to 2022-01-01 00:00:00+00:00, run_after=2022-01-01 00:00:00+00:00
[2025-05-10T01:21:40.882+0000] {logging_mixin.py:190} INFO - [2025-05-10T01:21:40.882+0000] {dag.py:4180} INFO - Setting next_dagrun for example_subdag_operator.section-1 to None, run_after=None
[2025-05-10T01:21:40.883+0000] {logging_mixin.py:190} INFO - [2025-05-10T01:21:40.883+0000] {dag.py:4180} INFO - Setting next_dagrun for example_subdag_operator.section-2 to None, run_after=None
[2025-05-10T01:21:40.887+0000] {logging_mixin.py:190} INFO - [2025-05-10T01:21:40.887+0000] {dag.py:3239} INFO - Sync 2 DAGs
[2025-05-10T01:21:40.890+0000] {logging_mixin.py:190} INFO - [2025-05-10T01:21:40.890+0000] {dag.py:4180} INFO - Setting next_dagrun for example_subdag_operator.section-1 to None, run_after=None
[2025-05-10T01:21:40.890+0000] {logging_mixin.py:190} INFO - [2025-05-10T01:21:40.890+0000] {dag.py:4180} INFO - Setting next_dagrun for example_subdag_operator.section-2 to None, run_after=None
[2025-05-10T01:21:40.897+0000] {processor.py:208} INFO - Processing /home/airflow/.local/lib/python3.12/site-packages/airflow/example_dags/example_subdag_operator.py took 0.062 seconds
[2025-05-10T01:22:11.584+0000] {processor.py:186} INFO - Started process (PID=67491) to work on /home/airflow/.local/lib/python3.12/site-packages/airflow/example_dags/example_subdag_operator.py
[2025-05-10T01:22:11.584+0000] {processor.py:914} INFO - Processing file /home/airflow/.local/lib/python3.12/site-packages/airflow/example_dags/example_subdag_operator.py for tasks to queue
[2025-05-10T01:22:11.585+0000] {logging_mixin.py:190} INFO - [2025-05-10T01:22:11.585+0000] {dagbag.py:588} INFO - Filling up the DagBag from /home/airflow/.local/lib/python3.12/site-packages/airflow/example_dags/example_subdag_operator.py
[2025-05-10T01:22:11.603+0000] {processor.py:925} INFO - DAG(s) 'example_subdag_operator.section-1', 'example_subdag_operator.section-2', 'example_subdag_operator' retrieved from /home/airflow/.local/lib/python3.12/site-packages/airflow/example_dags/example_subdag_operator.py
[2025-05-10T01:22:11.614+0000] {logging_mixin.py:190} INFO - [2025-05-10T01:22:11.614+0000] {dag.py:3239} INFO - Sync 3 DAGs
[2025-05-10T01:22:11.628+0000] {logging_mixin.py:190} INFO - [2025-05-10T01:22:11.628+0000] {dag.py:4180} INFO - Setting next_dagrun for example_subdag_operator to 2022-01-01 00:00:00+00:00, run_after=2022-01-01 00:00:00+00:00
[2025-05-10T01:22:11.630+0000] {logging_mixin.py:190} INFO - [2025-05-10T01:22:11.630+0000] {dag.py:4180} INFO - Setting next_dagrun for example_subdag_operator.section-1 to None, run_after=None
[2025-05-10T01:22:11.631+0000] {logging_mixin.py:190} INFO - [2025-05-10T01:22:11.631+0000] {dag.py:4180} INFO - Setting next_dagrun for example_subdag_operator.section-2 to None, run_after=None
[2025-05-10T01:22:11.636+0000] {logging_mixin.py:190} INFO - [2025-05-10T01:22:11.635+0000] {dag.py:3239} INFO - Sync 2 DAGs
[2025-05-10T01:22:11.639+0000] {logging_mixin.py:190} INFO - [2025-05-10T01:22:11.639+0000] {dag.py:4180} INFO - Setting next_dagrun for example_subdag_operator.section-1 to None, run_after=None
[2025-05-10T01:22:11.640+0000] {logging_mixin.py:190} INFO - [2025-05-10T01:22:11.640+0000] {dag.py:4180} INFO - Setting next_dagrun for example_subdag_operator.section-2 to None, run_after=None
[2025-05-10T01:22:11.648+0000] {processor.py:208} INFO - Processing /home/airflow/.local/lib/python3.12/site-packages/airflow/example_dags/example_subdag_operator.py took 0.070 seconds
[2025-05-10T01:22:42.169+0000] {processor.py:186} INFO - Started process (PID=67573) to work on /home/airflow/.local/lib/python3.12/site-packages/airflow/example_dags/example_subdag_operator.py
[2025-05-10T01:22:42.169+0000] {processor.py:914} INFO - Processing file /home/airflow/.local/lib/python3.12/site-packages/airflow/example_dags/example_subdag_operator.py for tasks to queue
[2025-05-10T01:22:42.170+0000] {logging_mixin.py:190} INFO - [2025-05-10T01:22:42.170+0000] {dagbag.py:588} INFO - Filling up the DagBag from /home/airflow/.local/lib/python3.12/site-packages/airflow/example_dags/example_subdag_operator.py
[2025-05-10T01:22:42.186+0000] {processor.py:925} INFO - DAG(s) 'example_subdag_operator.section-1', 'example_subdag_operator.section-2', 'example_subdag_operator' retrieved from /home/airflow/.local/lib/python3.12/site-packages/airflow/example_dags/example_subdag_operator.py
[2025-05-10T01:22:42.197+0000] {logging_mixin.py:190} INFO - [2025-05-10T01:22:42.197+0000] {dag.py:3239} INFO - Sync 3 DAGs
[2025-05-10T01:22:42.211+0000] {logging_mixin.py:190} INFO - [2025-05-10T01:22:42.211+0000] {dag.py:4180} INFO - Setting next_dagrun for example_subdag_operator to 2022-01-01 00:00:00+00:00, run_after=2022-01-01 00:00:00+00:00
[2025-05-10T01:22:42.213+0000] {logging_mixin.py:190} INFO - [2025-05-10T01:22:42.213+0000] {dag.py:4180} INFO - Setting next_dagrun for example_subdag_operator.section-1 to None, run_after=None
[2025-05-10T01:22:42.214+0000] {logging_mixin.py:190} INFO - [2025-05-10T01:22:42.214+0000] {dag.py:4180} INFO - Setting next_dagrun for example_subdag_operator.section-2 to None, run_after=None
[2025-05-10T01:22:42.218+0000] {logging_mixin.py:190} INFO - [2025-05-10T01:22:42.218+0000] {dag.py:3239} INFO - Sync 2 DAGs
[2025-05-10T01:22:42.222+0000] {logging_mixin.py:190} INFO - [2025-05-10T01:22:42.222+0000] {dag.py:4180} INFO - Setting next_dagrun for example_subdag_operator.section-1 to None, run_after=None
[2025-05-10T01:22:42.222+0000] {logging_mixin.py:190} INFO - [2025-05-10T01:22:42.222+0000] {dag.py:4180} INFO - Setting next_dagrun for example_subdag_operator.section-2 to None, run_after=None
[2025-05-10T01:22:42.230+0000] {processor.py:208} INFO - Processing /home/airflow/.local/lib/python3.12/site-packages/airflow/example_dags/example_subdag_operator.py took 0.065 seconds
[2025-05-10T01:23:13.145+0000] {processor.py:186} INFO - Started process (PID=67655) to work on /home/airflow/.local/lib/python3.12/site-packages/airflow/example_dags/example_subdag_operator.py
[2025-05-10T01:23:13.146+0000] {processor.py:914} INFO - Processing file /home/airflow/.local/lib/python3.12/site-packages/airflow/example_dags/example_subdag_operator.py for tasks to queue
[2025-05-10T01:23:13.147+0000] {logging_mixin.py:190} INFO - [2025-05-10T01:23:13.146+0000] {dagbag.py:588} INFO - Filling up the DagBag from /home/airflow/.local/lib/python3.12/site-packages/airflow/example_dags/example_subdag_operator.py
[2025-05-10T01:23:13.164+0000] {processor.py:925} INFO - DAG(s) 'example_subdag_operator.section-1', 'example_subdag_operator.section-2', 'example_subdag_operator' retrieved from /home/airflow/.local/lib/python3.12/site-packages/airflow/example_dags/example_subdag_operator.py
[2025-05-10T01:23:13.176+0000] {logging_mixin.py:190} INFO - [2025-05-10T01:23:13.176+0000] {dag.py:3239} INFO - Sync 3 DAGs
[2025-05-10T01:23:13.190+0000] {logging_mixin.py:190} INFO - [2025-05-10T01:23:13.190+0000] {dag.py:4180} INFO - Setting next_dagrun for example_subdag_operator to 2022-01-01 00:00:00+00:00, run_after=2022-01-01 00:00:00+00:00
[2025-05-10T01:23:13.192+0000] {logging_mixin.py:190} INFO - [2025-05-10T01:23:13.192+0000] {dag.py:4180} INFO - Setting next_dagrun for example_subdag_operator.section-1 to None, run_after=None
[2025-05-10T01:23:13.193+0000] {logging_mixin.py:190} INFO - [2025-05-10T01:23:13.193+0000] {dag.py:4180} INFO - Setting next_dagrun for example_subdag_operator.section-2 to None, run_after=None
[2025-05-10T01:23:13.197+0000] {logging_mixin.py:190} INFO - [2025-05-10T01:23:13.197+0000] {dag.py:3239} INFO - Sync 2 DAGs
[2025-05-10T01:23:13.201+0000] {logging_mixin.py:190} INFO - [2025-05-10T01:23:13.201+0000] {dag.py:4180} INFO - Setting next_dagrun for example_subdag_operator.section-1 to None, run_after=None
[2025-05-10T01:23:13.201+0000] {logging_mixin.py:190} INFO - [2025-05-10T01:23:13.201+0000] {dag.py:4180} INFO - Setting next_dagrun for example_subdag_operator.section-2 to None, run_after=None
[2025-05-10T01:23:13.210+0000] {processor.py:208} INFO - Processing /home/airflow/.local/lib/python3.12/site-packages/airflow/example_dags/example_subdag_operator.py took 0.069 seconds
[2025-05-10T01:23:43.865+0000] {processor.py:186} INFO - Started process (PID=67737) to work on /home/airflow/.local/lib/python3.12/site-packages/airflow/example_dags/example_subdag_operator.py
[2025-05-10T01:23:43.866+0000] {processor.py:914} INFO - Processing file /home/airflow/.local/lib/python3.12/site-packages/airflow/example_dags/example_subdag_operator.py for tasks to queue
[2025-05-10T01:23:43.867+0000] {logging_mixin.py:190} INFO - [2025-05-10T01:23:43.867+0000] {dagbag.py:588} INFO - Filling up the DagBag from /home/airflow/.local/lib/python3.12/site-packages/airflow/example_dags/example_subdag_operator.py
[2025-05-10T01:23:43.884+0000] {processor.py:925} INFO - DAG(s) 'example_subdag_operator.section-1', 'example_subdag_operator.section-2', 'example_subdag_operator' retrieved from /home/airflow/.local/lib/python3.12/site-packages/airflow/example_dags/example_subdag_operator.py
[2025-05-10T01:23:43.895+0000] {logging_mixin.py:190} INFO - [2025-05-10T01:23:43.894+0000] {dag.py:3239} INFO - Sync 3 DAGs
[2025-05-10T01:23:43.909+0000] {logging_mixin.py:190} INFO - [2025-05-10T01:23:43.909+0000] {dag.py:4180} INFO - Setting next_dagrun for example_subdag_operator to 2022-01-01 00:00:00+00:00, run_after=2022-01-01 00:00:00+00:00
[2025-05-10T01:23:43.911+0000] {logging_mixin.py:190} INFO - [2025-05-10T01:23:43.911+0000] {dag.py:4180} INFO - Setting next_dagrun for example_subdag_operator.section-1 to None, run_after=None
[2025-05-10T01:23:43.912+0000] {logging_mixin.py:190} INFO - [2025-05-10T01:23:43.912+0000] {dag.py:4180} INFO - Setting next_dagrun for example_subdag_operator.section-2 to None, run_after=None
[2025-05-10T01:23:43.917+0000] {logging_mixin.py:190} INFO - [2025-05-10T01:23:43.917+0000] {dag.py:3239} INFO - Sync 2 DAGs
[2025-05-10T01:23:43.920+0000] {logging_mixin.py:190} INFO - [2025-05-10T01:23:43.920+0000] {dag.py:4180} INFO - Setting next_dagrun for example_subdag_operator.section-1 to None, run_after=None
[2025-05-10T01:23:43.921+0000] {logging_mixin.py:190} INFO - [2025-05-10T01:23:43.920+0000] {dag.py:4180} INFO - Setting next_dagrun for example_subdag_operator.section-2 to None, run_after=None
[2025-05-10T01:23:43.927+0000] {processor.py:208} INFO - Processing /home/airflow/.local/lib/python3.12/site-packages/airflow/example_dags/example_subdag_operator.py took 0.066 seconds
[2025-05-10T01:24:14.460+0000] {processor.py:186} INFO - Started process (PID=67819) to work on /home/airflow/.local/lib/python3.12/site-packages/airflow/example_dags/example_subdag_operator.py
[2025-05-10T01:24:14.461+0000] {processor.py:914} INFO - Processing file /home/airflow/.local/lib/python3.12/site-packages/airflow/example_dags/example_subdag_operator.py for tasks to queue
[2025-05-10T01:24:14.462+0000] {logging_mixin.py:190} INFO - [2025-05-10T01:24:14.462+0000] {dagbag.py:588} INFO - Filling up the DagBag from /home/airflow/.local/lib/python3.12/site-packages/airflow/example_dags/example_subdag_operator.py
[2025-05-10T01:24:14.479+0000] {processor.py:925} INFO - DAG(s) 'example_subdag_operator.section-1', 'example_subdag_operator.section-2', 'example_subdag_operator' retrieved from /home/airflow/.local/lib/python3.12/site-packages/airflow/example_dags/example_subdag_operator.py
[2025-05-10T01:24:14.490+0000] {logging_mixin.py:190} INFO - [2025-05-10T01:24:14.490+0000] {dag.py:3239} INFO - Sync 3 DAGs
[2025-05-10T01:24:14.504+0000] {logging_mixin.py:190} INFO - [2025-05-10T01:24:14.504+0000] {dag.py:4180} INFO - Setting next_dagrun for example_subdag_operator to 2022-01-01 00:00:00+00:00, run_after=2022-01-01 00:00:00+00:00
[2025-05-10T01:24:14.507+0000] {logging_mixin.py:190} INFO - [2025-05-10T01:24:14.507+0000] {dag.py:4180} INFO - Setting next_dagrun for example_subdag_operator.section-1 to None, run_after=None
[2025-05-10T01:24:14.508+0000] {logging_mixin.py:190} INFO - [2025-05-10T01:24:14.508+0000] {dag.py:4180} INFO - Setting next_dagrun for example_subdag_operator.section-2 to None, run_after=None
[2025-05-10T01:24:14.512+0000] {logging_mixin.py:190} INFO - [2025-05-10T01:24:14.512+0000] {dag.py:3239} INFO - Sync 2 DAGs
[2025-05-10T01:24:14.516+0000] {logging_mixin.py:190} INFO - [2025-05-10T01:24:14.516+0000] {dag.py:4180} INFO - Setting next_dagrun for example_subdag_operator.section-1 to None, run_after=None
[2025-05-10T01:24:14.516+0000] {logging_mixin.py:190} INFO - [2025-05-10T01:24:14.516+0000] {dag.py:4180} INFO - Setting next_dagrun for example_subdag_operator.section-2 to None, run_after=None
[2025-05-10T01:24:14.526+0000] {processor.py:208} INFO - Processing /home/airflow/.local/lib/python3.12/site-packages/airflow/example_dags/example_subdag_operator.py took 0.070 seconds
[2025-05-10T01:24:45.254+0000] {processor.py:186} INFO - Started process (PID=67901) to work on /home/airflow/.local/lib/python3.12/site-packages/airflow/example_dags/example_subdag_operator.py
[2025-05-10T01:24:45.256+0000] {processor.py:914} INFO - Processing file /home/airflow/.local/lib/python3.12/site-packages/airflow/example_dags/example_subdag_operator.py for tasks to queue
[2025-05-10T01:24:45.257+0000] {logging_mixin.py:190} INFO - [2025-05-10T01:24:45.257+0000] {dagbag.py:588} INFO - Filling up the DagBag from /home/airflow/.local/lib/python3.12/site-packages/airflow/example_dags/example_subdag_operator.py
[2025-05-10T01:24:45.280+0000] {processor.py:925} INFO - DAG(s) 'example_subdag_operator.section-1', 'example_subdag_operator.section-2', 'example_subdag_operator' retrieved from /home/airflow/.local/lib/python3.12/site-packages/airflow/example_dags/example_subdag_operator.py
[2025-05-10T01:24:45.296+0000] {logging_mixin.py:190} INFO - [2025-05-10T01:24:45.296+0000] {dag.py:3239} INFO - Sync 3 DAGs
[2025-05-10T01:24:45.316+0000] {logging_mixin.py:190} INFO - [2025-05-10T01:24:45.315+0000] {dag.py:4180} INFO - Setting next_dagrun for example_subdag_operator to 2022-01-01 00:00:00+00:00, run_after=2022-01-01 00:00:00+00:00
[2025-05-10T01:24:45.320+0000] {logging_mixin.py:190} INFO - [2025-05-10T01:24:45.320+0000] {dag.py:4180} INFO - Setting next_dagrun for example_subdag_operator.section-1 to None, run_after=None
[2025-05-10T01:24:45.322+0000] {logging_mixin.py:190} INFO - [2025-05-10T01:24:45.322+0000] {dag.py:4180} INFO - Setting next_dagrun for example_subdag_operator.section-2 to None, run_after=None
[2025-05-10T01:24:45.329+0000] {logging_mixin.py:190} INFO - [2025-05-10T01:24:45.328+0000] {dag.py:3239} INFO - Sync 2 DAGs
[2025-05-10T01:24:45.335+0000] {logging_mixin.py:190} INFO - [2025-05-10T01:24:45.335+0000] {dag.py:4180} INFO - Setting next_dagrun for example_subdag_operator.section-1 to None, run_after=None
[2025-05-10T01:24:45.335+0000] {logging_mixin.py:190} INFO - [2025-05-10T01:24:45.335+0000] {dag.py:4180} INFO - Setting next_dagrun for example_subdag_operator.section-2 to None, run_after=None
[2025-05-10T01:24:45.347+0000] {processor.py:208} INFO - Processing /home/airflow/.local/lib/python3.12/site-packages/airflow/example_dags/example_subdag_operator.py took 0.099 seconds
[2025-05-10T01:25:16.091+0000] {processor.py:186} INFO - Started process (PID=67983) to work on /home/airflow/.local/lib/python3.12/site-packages/airflow/example_dags/example_subdag_operator.py
[2025-05-10T01:25:16.092+0000] {processor.py:914} INFO - Processing file /home/airflow/.local/lib/python3.12/site-packages/airflow/example_dags/example_subdag_operator.py for tasks to queue
[2025-05-10T01:25:16.093+0000] {logging_mixin.py:190} INFO - [2025-05-10T01:25:16.093+0000] {dagbag.py:588} INFO - Filling up the DagBag from /home/airflow/.local/lib/python3.12/site-packages/airflow/example_dags/example_subdag_operator.py
[2025-05-10T01:25:16.109+0000] {processor.py:925} INFO - DAG(s) 'example_subdag_operator.section-1', 'example_subdag_operator.section-2', 'example_subdag_operator' retrieved from /home/airflow/.local/lib/python3.12/site-packages/airflow/example_dags/example_subdag_operator.py
[2025-05-10T01:25:16.120+0000] {logging_mixin.py:190} INFO - [2025-05-10T01:25:16.120+0000] {dag.py:3239} INFO - Sync 3 DAGs
[2025-05-10T01:25:16.134+0000] {logging_mixin.py:190} INFO - [2025-05-10T01:25:16.133+0000] {dag.py:4180} INFO - Setting next_dagrun for example_subdag_operator to 2022-01-01 00:00:00+00:00, run_after=2022-01-01 00:00:00+00:00
[2025-05-10T01:25:16.136+0000] {logging_mixin.py:190} INFO - [2025-05-10T01:25:16.136+0000] {dag.py:4180} INFO - Setting next_dagrun for example_subdag_operator.section-1 to None, run_after=None
[2025-05-10T01:25:16.137+0000] {logging_mixin.py:190} INFO - [2025-05-10T01:25:16.136+0000] {dag.py:4180} INFO - Setting next_dagrun for example_subdag_operator.section-2 to None, run_after=None
[2025-05-10T01:25:16.141+0000] {logging_mixin.py:190} INFO - [2025-05-10T01:25:16.140+0000] {dag.py:3239} INFO - Sync 2 DAGs
[2025-05-10T01:25:16.144+0000] {logging_mixin.py:190} INFO - [2025-05-10T01:25:16.144+0000] {dag.py:4180} INFO - Setting next_dagrun for example_subdag_operator.section-1 to None, run_after=None
[2025-05-10T01:25:16.144+0000] {logging_mixin.py:190} INFO - [2025-05-10T01:25:16.144+0000] {dag.py:4180} INFO - Setting next_dagrun for example_subdag_operator.section-2 to None, run_after=None
[2025-05-10T01:25:16.151+0000] {processor.py:208} INFO - Processing /home/airflow/.local/lib/python3.12/site-packages/airflow/example_dags/example_subdag_operator.py took 0.065 seconds
[2025-05-10T01:25:46.674+0000] {processor.py:186} INFO - Started process (PID=68065) to work on /home/airflow/.local/lib/python3.12/site-packages/airflow/example_dags/example_subdag_operator.py
[2025-05-10T01:25:46.675+0000] {processor.py:914} INFO - Processing file /home/airflow/.local/lib/python3.12/site-packages/airflow/example_dags/example_subdag_operator.py for tasks to queue
[2025-05-10T01:25:46.676+0000] {logging_mixin.py:190} INFO - [2025-05-10T01:25:46.676+0000] {dagbag.py:588} INFO - Filling up the DagBag from /home/airflow/.local/lib/python3.12/site-packages/airflow/example_dags/example_subdag_operator.py
[2025-05-10T01:25:46.694+0000] {processor.py:925} INFO - DAG(s) 'example_subdag_operator.section-1', 'example_subdag_operator.section-2', 'example_subdag_operator' retrieved from /home/airflow/.local/lib/python3.12/site-packages/airflow/example_dags/example_subdag_operator.py
[2025-05-10T01:25:46.705+0000] {logging_mixin.py:190} INFO - [2025-05-10T01:25:46.705+0000] {dag.py:3239} INFO - Sync 3 DAGs
[2025-05-10T01:25:46.719+0000] {logging_mixin.py:190} INFO - [2025-05-10T01:25:46.719+0000] {dag.py:4180} INFO - Setting next_dagrun for example_subdag_operator to 2022-01-01 00:00:00+00:00, run_after=2022-01-01 00:00:00+00:00
[2025-05-10T01:25:46.721+0000] {logging_mixin.py:190} INFO - [2025-05-10T01:25:46.721+0000] {dag.py:4180} INFO - Setting next_dagrun for example_subdag_operator.section-1 to None, run_after=None
[2025-05-10T01:25:46.722+0000] {logging_mixin.py:190} INFO - [2025-05-10T01:25:46.722+0000] {dag.py:4180} INFO - Setting next_dagrun for example_subdag_operator.section-2 to None, run_after=None
[2025-05-10T01:25:46.727+0000] {logging_mixin.py:190} INFO - [2025-05-10T01:25:46.727+0000] {dag.py:3239} INFO - Sync 2 DAGs
[2025-05-10T01:25:46.731+0000] {logging_mixin.py:190} INFO - [2025-05-10T01:25:46.730+0000] {dag.py:4180} INFO - Setting next_dagrun for example_subdag_operator.section-1 to None, run_after=None
[2025-05-10T01:25:46.731+0000] {logging_mixin.py:190} INFO - [2025-05-10T01:25:46.731+0000] {dag.py:4180} INFO - Setting next_dagrun for example_subdag_operator.section-2 to None, run_after=None
[2025-05-10T01:25:46.738+0000] {processor.py:208} INFO - Processing /home/airflow/.local/lib/python3.12/site-packages/airflow/example_dags/example_subdag_operator.py took 0.069 seconds
[2025-05-10T01:26:17.072+0000] {processor.py:186} INFO - Started process (PID=68147) to work on /home/airflow/.local/lib/python3.12/site-packages/airflow/example_dags/example_subdag_operator.py
[2025-05-10T01:26:17.073+0000] {processor.py:914} INFO - Processing file /home/airflow/.local/lib/python3.12/site-packages/airflow/example_dags/example_subdag_operator.py for tasks to queue
[2025-05-10T01:26:17.074+0000] {logging_mixin.py:190} INFO - [2025-05-10T01:26:17.074+0000] {dagbag.py:588} INFO - Filling up the DagBag from /home/airflow/.local/lib/python3.12/site-packages/airflow/example_dags/example_subdag_operator.py
[2025-05-10T01:26:17.090+0000] {processor.py:925} INFO - DAG(s) 'example_subdag_operator.section-1', 'example_subdag_operator.section-2', 'example_subdag_operator' retrieved from /home/airflow/.local/lib/python3.12/site-packages/airflow/example_dags/example_subdag_operator.py
[2025-05-10T01:26:17.100+0000] {logging_mixin.py:190} INFO - [2025-05-10T01:26:17.100+0000] {dag.py:3239} INFO - Sync 3 DAGs
[2025-05-10T01:26:17.114+0000] {logging_mixin.py:190} INFO - [2025-05-10T01:26:17.114+0000] {dag.py:4180} INFO - Setting next_dagrun for example_subdag_operator to 2022-01-01 00:00:00+00:00, run_after=2022-01-01 00:00:00+00:00
[2025-05-10T01:26:17.116+0000] {logging_mixin.py:190} INFO - [2025-05-10T01:26:17.116+0000] {dag.py:4180} INFO - Setting next_dagrun for example_subdag_operator.section-1 to None, run_after=None
[2025-05-10T01:26:17.117+0000] {logging_mixin.py:190} INFO - [2025-05-10T01:26:17.117+0000] {dag.py:4180} INFO - Setting next_dagrun for example_subdag_operator.section-2 to None, run_after=None
[2025-05-10T01:26:17.121+0000] {logging_mixin.py:190} INFO - [2025-05-10T01:26:17.121+0000] {dag.py:3239} INFO - Sync 2 DAGs
[2025-05-10T01:26:17.125+0000] {logging_mixin.py:190} INFO - [2025-05-10T01:26:17.125+0000] {dag.py:4180} INFO - Setting next_dagrun for example_subdag_operator.section-1 to None, run_after=None
[2025-05-10T01:26:17.125+0000] {logging_mixin.py:190} INFO - [2025-05-10T01:26:17.125+0000] {dag.py:4180} INFO - Setting next_dagrun for example_subdag_operator.section-2 to None, run_after=None
[2025-05-10T01:26:17.133+0000] {processor.py:208} INFO - Processing /home/airflow/.local/lib/python3.12/site-packages/airflow/example_dags/example_subdag_operator.py took 0.066 seconds
[2025-05-10T01:26:47.663+0000] {processor.py:186} INFO - Started process (PID=68229) to work on /home/airflow/.local/lib/python3.12/site-packages/airflow/example_dags/example_subdag_operator.py
[2025-05-10T01:26:47.664+0000] {processor.py:914} INFO - Processing file /home/airflow/.local/lib/python3.12/site-packages/airflow/example_dags/example_subdag_operator.py for tasks to queue
[2025-05-10T01:26:47.665+0000] {logging_mixin.py:190} INFO - [2025-05-10T01:26:47.664+0000] {dagbag.py:588} INFO - Filling up the DagBag from /home/airflow/.local/lib/python3.12/site-packages/airflow/example_dags/example_subdag_operator.py
[2025-05-10T01:26:47.681+0000] {processor.py:925} INFO - DAG(s) 'example_subdag_operator.section-1', 'example_subdag_operator.section-2', 'example_subdag_operator' retrieved from /home/airflow/.local/lib/python3.12/site-packages/airflow/example_dags/example_subdag_operator.py
[2025-05-10T01:26:47.692+0000] {logging_mixin.py:190} INFO - [2025-05-10T01:26:47.691+0000] {dag.py:3239} INFO - Sync 3 DAGs
[2025-05-10T01:26:47.705+0000] {logging_mixin.py:190} INFO - [2025-05-10T01:26:47.705+0000] {dag.py:4180} INFO - Setting next_dagrun for example_subdag_operator to 2022-01-01 00:00:00+00:00, run_after=2022-01-01 00:00:00+00:00
[2025-05-10T01:26:47.707+0000] {logging_mixin.py:190} INFO - [2025-05-10T01:26:47.707+0000] {dag.py:4180} INFO - Setting next_dagrun for example_subdag_operator.section-1 to None, run_after=None
[2025-05-10T01:26:47.708+0000] {logging_mixin.py:190} INFO - [2025-05-10T01:26:47.708+0000] {dag.py:4180} INFO - Setting next_dagrun for example_subdag_operator.section-2 to None, run_after=None
[2025-05-10T01:26:47.712+0000] {logging_mixin.py:190} INFO - [2025-05-10T01:26:47.712+0000] {dag.py:3239} INFO - Sync 2 DAGs
[2025-05-10T01:26:47.715+0000] {logging_mixin.py:190} INFO - [2025-05-10T01:26:47.715+0000] {dag.py:4180} INFO - Setting next_dagrun for example_subdag_operator.section-1 to None, run_after=None
[2025-05-10T01:26:47.716+0000] {logging_mixin.py:190} INFO - [2025-05-10T01:26:47.716+0000] {dag.py:4180} INFO - Setting next_dagrun for example_subdag_operator.section-2 to None, run_after=None
[2025-05-10T01:26:47.722+0000] {processor.py:208} INFO - Processing /home/airflow/.local/lib/python3.12/site-packages/airflow/example_dags/example_subdag_operator.py took 0.064 seconds
[2025-05-10T01:27:18.284+0000] {processor.py:186} INFO - Started process (PID=68311) to work on /home/airflow/.local/lib/python3.12/site-packages/airflow/example_dags/example_subdag_operator.py
[2025-05-10T01:27:18.285+0000] {processor.py:914} INFO - Processing file /home/airflow/.local/lib/python3.12/site-packages/airflow/example_dags/example_subdag_operator.py for tasks to queue
[2025-05-10T01:27:18.286+0000] {logging_mixin.py:190} INFO - [2025-05-10T01:27:18.286+0000] {dagbag.py:588} INFO - Filling up the DagBag from /home/airflow/.local/lib/python3.12/site-packages/airflow/example_dags/example_subdag_operator.py
[2025-05-10T01:27:18.302+0000] {processor.py:925} INFO - DAG(s) 'example_subdag_operator.section-1', 'example_subdag_operator.section-2', 'example_subdag_operator' retrieved from /home/airflow/.local/lib/python3.12/site-packages/airflow/example_dags/example_subdag_operator.py
[2025-05-10T01:27:18.314+0000] {logging_mixin.py:190} INFO - [2025-05-10T01:27:18.313+0000] {dag.py:3239} INFO - Sync 3 DAGs
[2025-05-10T01:27:18.329+0000] {logging_mixin.py:190} INFO - [2025-05-10T01:27:18.328+0000] {dag.py:4180} INFO - Setting next_dagrun for example_subdag_operator to 2022-01-01 00:00:00+00:00, run_after=2022-01-01 00:00:00+00:00
[2025-05-10T01:27:18.331+0000] {logging_mixin.py:190} INFO - [2025-05-10T01:27:18.331+0000] {dag.py:4180} INFO - Setting next_dagrun for example_subdag_operator.section-1 to None, run_after=None
[2025-05-10T01:27:18.332+0000] {logging_mixin.py:190} INFO - [2025-05-10T01:27:18.332+0000] {dag.py:4180} INFO - Setting next_dagrun for example_subdag_operator.section-2 to None, run_after=None
[2025-05-10T01:27:18.336+0000] {logging_mixin.py:190} INFO - [2025-05-10T01:27:18.336+0000] {dag.py:3239} INFO - Sync 2 DAGs
[2025-05-10T01:27:18.339+0000] {logging_mixin.py:190} INFO - [2025-05-10T01:27:18.339+0000] {dag.py:4180} INFO - Setting next_dagrun for example_subdag_operator.section-1 to None, run_after=None
[2025-05-10T01:27:18.340+0000] {logging_mixin.py:190} INFO - [2025-05-10T01:27:18.340+0000] {dag.py:4180} INFO - Setting next_dagrun for example_subdag_operator.section-2 to None, run_after=None
[2025-05-10T01:27:18.347+0000] {processor.py:208} INFO - Processing /home/airflow/.local/lib/python3.12/site-packages/airflow/example_dags/example_subdag_operator.py took 0.067 seconds
[2025-05-10T02:18:39.490+0000] {processor.py:186} INFO - Started process (PID=68369) to work on /home/airflow/.local/lib/python3.12/site-packages/airflow/example_dags/example_subdag_operator.py
[2025-05-10T02:18:39.491+0000] {processor.py:914} INFO - Processing file /home/airflow/.local/lib/python3.12/site-packages/airflow/example_dags/example_subdag_operator.py for tasks to queue
[2025-05-10T02:18:39.492+0000] {logging_mixin.py:190} INFO - [2025-05-10T02:18:39.492+0000] {dagbag.py:588} INFO - Filling up the DagBag from /home/airflow/.local/lib/python3.12/site-packages/airflow/example_dags/example_subdag_operator.py
[2025-05-10T02:18:39.515+0000] {processor.py:925} INFO - DAG(s) 'example_subdag_operator.section-1', 'example_subdag_operator.section-2', 'example_subdag_operator' retrieved from /home/airflow/.local/lib/python3.12/site-packages/airflow/example_dags/example_subdag_operator.py
[2025-05-10T02:18:39.529+0000] {logging_mixin.py:190} INFO - [2025-05-10T02:18:39.529+0000] {dag.py:3239} INFO - Sync 3 DAGs
[2025-05-10T02:18:39.546+0000] {logging_mixin.py:190} INFO - [2025-05-10T02:18:39.546+0000] {dag.py:4180} INFO - Setting next_dagrun for example_subdag_operator to 2022-01-01 00:00:00+00:00, run_after=2022-01-01 00:00:00+00:00
[2025-05-10T02:18:39.549+0000] {logging_mixin.py:190} INFO - [2025-05-10T02:18:39.549+0000] {dag.py:4180} INFO - Setting next_dagrun for example_subdag_operator.section-1 to None, run_after=None
[2025-05-10T02:18:39.550+0000] {logging_mixin.py:190} INFO - [2025-05-10T02:18:39.550+0000] {dag.py:4180} INFO - Setting next_dagrun for example_subdag_operator.section-2 to None, run_after=None
[2025-05-10T02:18:39.556+0000] {logging_mixin.py:190} INFO - [2025-05-10T02:18:39.556+0000] {dag.py:3239} INFO - Sync 2 DAGs
[2025-05-10T02:18:39.560+0000] {logging_mixin.py:190} INFO - [2025-05-10T02:18:39.560+0000] {dag.py:4180} INFO - Setting next_dagrun for example_subdag_operator.section-1 to None, run_after=None
[2025-05-10T02:18:39.561+0000] {logging_mixin.py:190} INFO - [2025-05-10T02:18:39.561+0000] {dag.py:4180} INFO - Setting next_dagrun for example_subdag_operator.section-2 to None, run_after=None
[2025-05-10T02:18:39.570+0000] {processor.py:208} INFO - Processing /home/airflow/.local/lib/python3.12/site-packages/airflow/example_dags/example_subdag_operator.py took 0.086 seconds
[2025-05-10T02:19:10.576+0000] {processor.py:186} INFO - Started process (PID=68451) to work on /home/airflow/.local/lib/python3.12/site-packages/airflow/example_dags/example_subdag_operator.py
[2025-05-10T02:19:10.577+0000] {processor.py:914} INFO - Processing file /home/airflow/.local/lib/python3.12/site-packages/airflow/example_dags/example_subdag_operator.py for tasks to queue
[2025-05-10T02:19:10.578+0000] {logging_mixin.py:190} INFO - [2025-05-10T02:19:10.578+0000] {dagbag.py:588} INFO - Filling up the DagBag from /home/airflow/.local/lib/python3.12/site-packages/airflow/example_dags/example_subdag_operator.py
[2025-05-10T02:19:10.601+0000] {processor.py:925} INFO - DAG(s) 'example_subdag_operator.section-1', 'example_subdag_operator.section-2', 'example_subdag_operator' retrieved from /home/airflow/.local/lib/python3.12/site-packages/airflow/example_dags/example_subdag_operator.py
[2025-05-10T02:19:10.615+0000] {logging_mixin.py:190} INFO - [2025-05-10T02:19:10.615+0000] {dag.py:3239} INFO - Sync 3 DAGs
[2025-05-10T02:19:10.634+0000] {logging_mixin.py:190} INFO - [2025-05-10T02:19:10.634+0000] {dag.py:4180} INFO - Setting next_dagrun for example_subdag_operator to 2022-01-01 00:00:00+00:00, run_after=2022-01-01 00:00:00+00:00
[2025-05-10T02:19:10.638+0000] {logging_mixin.py:190} INFO - [2025-05-10T02:19:10.637+0000] {dag.py:4180} INFO - Setting next_dagrun for example_subdag_operator.section-1 to None, run_after=None
[2025-05-10T02:19:10.639+0000] {logging_mixin.py:190} INFO - [2025-05-10T02:19:10.639+0000] {dag.py:4180} INFO - Setting next_dagrun for example_subdag_operator.section-2 to None, run_after=None
[2025-05-10T02:19:10.645+0000] {logging_mixin.py:190} INFO - [2025-05-10T02:19:10.645+0000] {dag.py:3239} INFO - Sync 2 DAGs
[2025-05-10T02:19:10.650+0000] {logging_mixin.py:190} INFO - [2025-05-10T02:19:10.650+0000] {dag.py:4180} INFO - Setting next_dagrun for example_subdag_operator.section-1 to None, run_after=None
[2025-05-10T02:19:10.650+0000] {logging_mixin.py:190} INFO - [2025-05-10T02:19:10.650+0000] {dag.py:4180} INFO - Setting next_dagrun for example_subdag_operator.section-2 to None, run_after=None
[2025-05-10T02:19:10.663+0000] {processor.py:208} INFO - Processing /home/airflow/.local/lib/python3.12/site-packages/airflow/example_dags/example_subdag_operator.py took 0.092 seconds
[2025-05-10T02:19:41.648+0000] {processor.py:186} INFO - Started process (PID=68533) to work on /home/airflow/.local/lib/python3.12/site-packages/airflow/example_dags/example_subdag_operator.py
[2025-05-10T02:19:41.656+0000] {processor.py:914} INFO - Processing file /home/airflow/.local/lib/python3.12/site-packages/airflow/example_dags/example_subdag_operator.py for tasks to queue
[2025-05-10T02:19:41.657+0000] {logging_mixin.py:190} INFO - [2025-05-10T02:19:41.657+0000] {dagbag.py:588} INFO - Filling up the DagBag from /home/airflow/.local/lib/python3.12/site-packages/airflow/example_dags/example_subdag_operator.py
[2025-05-10T02:19:41.674+0000] {processor.py:925} INFO - DAG(s) 'example_subdag_operator.section-1', 'example_subdag_operator.section-2', 'example_subdag_operator' retrieved from /home/airflow/.local/lib/python3.12/site-packages/airflow/example_dags/example_subdag_operator.py
[2025-05-10T02:19:41.685+0000] {logging_mixin.py:190} INFO - [2025-05-10T02:19:41.685+0000] {dag.py:3239} INFO - Sync 3 DAGs
[2025-05-10T02:19:41.699+0000] {logging_mixin.py:190} INFO - [2025-05-10T02:19:41.699+0000] {dag.py:4180} INFO - Setting next_dagrun for example_subdag_operator to 2022-01-01 00:00:00+00:00, run_after=2022-01-01 00:00:00+00:00
[2025-05-10T02:19:41.701+0000] {logging_mixin.py:190} INFO - [2025-05-10T02:19:41.701+0000] {dag.py:4180} INFO - Setting next_dagrun for example_subdag_operator.section-1 to None, run_after=None
[2025-05-10T02:19:41.702+0000] {logging_mixin.py:190} INFO - [2025-05-10T02:19:41.702+0000] {dag.py:4180} INFO - Setting next_dagrun for example_subdag_operator.section-2 to None, run_after=None
[2025-05-10T02:19:41.707+0000] {logging_mixin.py:190} INFO - [2025-05-10T02:19:41.707+0000] {dag.py:3239} INFO - Sync 2 DAGs
[2025-05-10T02:19:41.711+0000] {logging_mixin.py:190} INFO - [2025-05-10T02:19:41.711+0000] {dag.py:4180} INFO - Setting next_dagrun for example_subdag_operator.section-1 to None, run_after=None
[2025-05-10T02:19:41.711+0000] {logging_mixin.py:190} INFO - [2025-05-10T02:19:41.711+0000] {dag.py:4180} INFO - Setting next_dagrun for example_subdag_operator.section-2 to None, run_after=None
[2025-05-10T02:19:41.719+0000] {processor.py:208} INFO - Processing /home/airflow/.local/lib/python3.12/site-packages/airflow/example_dags/example_subdag_operator.py took 0.075 seconds
[2025-05-10T02:20:12.097+0000] {processor.py:186} INFO - Started process (PID=68615) to work on /home/airflow/.local/lib/python3.12/site-packages/airflow/example_dags/example_subdag_operator.py
[2025-05-10T02:20:12.097+0000] {processor.py:914} INFO - Processing file /home/airflow/.local/lib/python3.12/site-packages/airflow/example_dags/example_subdag_operator.py for tasks to queue
[2025-05-10T02:20:12.098+0000] {logging_mixin.py:190} INFO - [2025-05-10T02:20:12.098+0000] {dagbag.py:588} INFO - Filling up the DagBag from /home/airflow/.local/lib/python3.12/site-packages/airflow/example_dags/example_subdag_operator.py
[2025-05-10T02:20:12.118+0000] {processor.py:925} INFO - DAG(s) 'example_subdag_operator.section-1', 'example_subdag_operator.section-2', 'example_subdag_operator' retrieved from /home/airflow/.local/lib/python3.12/site-packages/airflow/example_dags/example_subdag_operator.py
[2025-05-10T02:20:12.129+0000] {logging_mixin.py:190} INFO - [2025-05-10T02:20:12.129+0000] {dag.py:3239} INFO - Sync 3 DAGs
[2025-05-10T02:20:12.143+0000] {logging_mixin.py:190} INFO - [2025-05-10T02:20:12.143+0000] {dag.py:4180} INFO - Setting next_dagrun for example_subdag_operator to 2022-01-01 00:00:00+00:00, run_after=2022-01-01 00:00:00+00:00
[2025-05-10T02:20:12.146+0000] {logging_mixin.py:190} INFO - [2025-05-10T02:20:12.146+0000] {dag.py:4180} INFO - Setting next_dagrun for example_subdag_operator.section-1 to None, run_after=None
[2025-05-10T02:20:12.147+0000] {logging_mixin.py:190} INFO - [2025-05-10T02:20:12.147+0000] {dag.py:4180} INFO - Setting next_dagrun for example_subdag_operator.section-2 to None, run_after=None
[2025-05-10T02:20:12.152+0000] {logging_mixin.py:190} INFO - [2025-05-10T02:20:12.152+0000] {dag.py:3239} INFO - Sync 2 DAGs
[2025-05-10T02:20:12.156+0000] {logging_mixin.py:190} INFO - [2025-05-10T02:20:12.156+0000] {dag.py:4180} INFO - Setting next_dagrun for example_subdag_operator.section-1 to None, run_after=None
[2025-05-10T02:20:12.156+0000] {logging_mixin.py:190} INFO - [2025-05-10T02:20:12.156+0000] {dag.py:4180} INFO - Setting next_dagrun for example_subdag_operator.section-2 to None, run_after=None
[2025-05-10T02:20:12.166+0000] {processor.py:208} INFO - Processing /home/airflow/.local/lib/python3.12/site-packages/airflow/example_dags/example_subdag_operator.py took 0.073 seconds
[2025-05-10T02:20:42.681+0000] {processor.py:186} INFO - Started process (PID=68697) to work on /home/airflow/.local/lib/python3.12/site-packages/airflow/example_dags/example_subdag_operator.py
[2025-05-10T02:20:42.682+0000] {processor.py:914} INFO - Processing file /home/airflow/.local/lib/python3.12/site-packages/airflow/example_dags/example_subdag_operator.py for tasks to queue
[2025-05-10T02:20:42.683+0000] {logging_mixin.py:190} INFO - [2025-05-10T02:20:42.683+0000] {dagbag.py:588} INFO - Filling up the DagBag from /home/airflow/.local/lib/python3.12/site-packages/airflow/example_dags/example_subdag_operator.py
[2025-05-10T02:20:42.700+0000] {processor.py:925} INFO - DAG(s) 'example_subdag_operator.section-1', 'example_subdag_operator.section-2', 'example_subdag_operator' retrieved from /home/airflow/.local/lib/python3.12/site-packages/airflow/example_dags/example_subdag_operator.py
[2025-05-10T02:20:42.713+0000] {logging_mixin.py:190} INFO - [2025-05-10T02:20:42.712+0000] {dag.py:3239} INFO - Sync 3 DAGs
[2025-05-10T02:20:42.727+0000] {logging_mixin.py:190} INFO - [2025-05-10T02:20:42.727+0000] {dag.py:4180} INFO - Setting next_dagrun for example_subdag_operator to 2022-01-01 00:00:00+00:00, run_after=2022-01-01 00:00:00+00:00
[2025-05-10T02:20:42.729+0000] {logging_mixin.py:190} INFO - [2025-05-10T02:20:42.729+0000] {dag.py:4180} INFO - Setting next_dagrun for example_subdag_operator.section-1 to None, run_after=None
[2025-05-10T02:20:42.730+0000] {logging_mixin.py:190} INFO - [2025-05-10T02:20:42.730+0000] {dag.py:4180} INFO - Setting next_dagrun for example_subdag_operator.section-2 to None, run_after=None
[2025-05-10T02:20:42.735+0000] {logging_mixin.py:190} INFO - [2025-05-10T02:20:42.734+0000] {dag.py:3239} INFO - Sync 2 DAGs
[2025-05-10T02:20:42.739+0000] {logging_mixin.py:190} INFO - [2025-05-10T02:20:42.739+0000] {dag.py:4180} INFO - Setting next_dagrun for example_subdag_operator.section-1 to None, run_after=None
[2025-05-10T02:20:42.739+0000] {logging_mixin.py:190} INFO - [2025-05-10T02:20:42.739+0000] {dag.py:4180} INFO - Setting next_dagrun for example_subdag_operator.section-2 to None, run_after=None
[2025-05-10T02:20:42.748+0000] {processor.py:208} INFO - Processing /home/airflow/.local/lib/python3.12/site-packages/airflow/example_dags/example_subdag_operator.py took 0.071 seconds
[2025-05-10T04:20:39.822+0000] {processor.py:186} INFO - Started process (PID=68782) to work on /home/airflow/.local/lib/python3.12/site-packages/airflow/example_dags/example_subdag_operator.py
[2025-05-10T04:20:39.823+0000] {processor.py:914} INFO - Processing file /home/airflow/.local/lib/python3.12/site-packages/airflow/example_dags/example_subdag_operator.py for tasks to queue
[2025-05-10T04:20:39.824+0000] {logging_mixin.py:190} INFO - [2025-05-10T04:20:39.823+0000] {dagbag.py:588} INFO - Filling up the DagBag from /home/airflow/.local/lib/python3.12/site-packages/airflow/example_dags/example_subdag_operator.py
[2025-05-10T04:20:39.843+0000] {processor.py:925} INFO - DAG(s) 'example_subdag_operator.section-1', 'example_subdag_operator.section-2', 'example_subdag_operator' retrieved from /home/airflow/.local/lib/python3.12/site-packages/airflow/example_dags/example_subdag_operator.py
[2025-05-10T04:20:39.861+0000] {logging_mixin.py:190} INFO - [2025-05-10T04:20:39.861+0000] {dag.py:3239} INFO - Sync 3 DAGs
[2025-05-10T04:20:39.881+0000] {logging_mixin.py:190} INFO - [2025-05-10T04:20:39.880+0000] {dag.py:4180} INFO - Setting next_dagrun for example_subdag_operator to 2022-01-01 00:00:00+00:00, run_after=2022-01-01 00:00:00+00:00
[2025-05-10T04:20:39.883+0000] {logging_mixin.py:190} INFO - [2025-05-10T04:20:39.883+0000] {dag.py:4180} INFO - Setting next_dagrun for example_subdag_operator.section-1 to None, run_after=None
[2025-05-10T04:20:39.885+0000] {logging_mixin.py:190} INFO - [2025-05-10T04:20:39.885+0000] {dag.py:4180} INFO - Setting next_dagrun for example_subdag_operator.section-2 to None, run_after=None
[2025-05-10T04:20:39.891+0000] {logging_mixin.py:190} INFO - [2025-05-10T04:20:39.891+0000] {dag.py:3239} INFO - Sync 2 DAGs
[2025-05-10T04:20:39.896+0000] {logging_mixin.py:190} INFO - [2025-05-10T04:20:39.896+0000] {dag.py:4180} INFO - Setting next_dagrun for example_subdag_operator.section-1 to None, run_after=None
[2025-05-10T04:20:39.897+0000] {logging_mixin.py:190} INFO - [2025-05-10T04:20:39.897+0000] {dag.py:4180} INFO - Setting next_dagrun for example_subdag_operator.section-2 to None, run_after=None
[2025-05-10T04:20:39.908+0000] {processor.py:208} INFO - Processing /home/airflow/.local/lib/python3.12/site-packages/airflow/example_dags/example_subdag_operator.py took 0.091 seconds
