[2025-05-10T01:19:37.143+0000] {processor.py:186} INFO - Started process (PID=67072) to work on /home/airflow/.local/lib/python3.12/site-packages/airflow/example_dags/example_trigger_target_dag.py
[2025-05-10T01:19:37.144+0000] {processor.py:914} INFO - Processing file /home/airflow/.local/lib/python3.12/site-packages/airflow/example_dags/example_trigger_target_dag.py for tasks to queue
[2025-05-10T01:19:37.145+0000] {logging_mixin.py:190} INFO - [2025-05-10T01:19:37.145+0000] {dagbag.py:588} INFO - Filling up the DagBag from /home/airflow/.local/lib/python3.12/site-packages/airflow/example_dags/example_trigger_target_dag.py
[2025-05-10T01:19:37.151+0000] {processor.py:925} INFO - DAG(s) 'example_trigger_target_dag' retrieved from /home/airflow/.local/lib/python3.12/site-packages/airflow/example_dags/example_trigger_target_dag.py
[2025-05-10T01:19:37.177+0000] {logging_mixin.py:190} INFO - [2025-05-10T01:19:37.176+0000] {dag.py:3239} INFO - Sync 1 DAGs
[2025-05-10T01:19:37.188+0000] {logging_mixin.py:190} INFO - [2025-05-10T01:19:37.188+0000] {dag.py:4180} INFO - Setting next_dagrun for example_trigger_target_dag to None, run_after=None
[2025-05-10T01:19:37.210+0000] {processor.py:208} INFO - Processing /home/airflow/.local/lib/python3.12/site-packages/airflow/example_dags/example_trigger_target_dag.py took 0.072 seconds
[2025-05-10T01:20:08.053+0000] {processor.py:186} INFO - Started process (PID=67154) to work on /home/airflow/.local/lib/python3.12/site-packages/airflow/example_dags/example_trigger_target_dag.py
[2025-05-10T01:20:08.054+0000] {processor.py:914} INFO - Processing file /home/airflow/.local/lib/python3.12/site-packages/airflow/example_dags/example_trigger_target_dag.py for tasks to queue
[2025-05-10T01:20:08.056+0000] {logging_mixin.py:190} INFO - [2025-05-10T01:20:08.055+0000] {dagbag.py:588} INFO - Filling up the DagBag from /home/airflow/.local/lib/python3.12/site-packages/airflow/example_dags/example_trigger_target_dag.py
[2025-05-10T01:20:08.061+0000] {processor.py:925} INFO - DAG(s) 'example_trigger_target_dag' retrieved from /home/airflow/.local/lib/python3.12/site-packages/airflow/example_dags/example_trigger_target_dag.py
[2025-05-10T01:20:08.078+0000] {logging_mixin.py:190} INFO - [2025-05-10T01:20:08.078+0000] {dag.py:3239} INFO - Sync 1 DAGs
[2025-05-10T01:20:08.090+0000] {logging_mixin.py:190} INFO - [2025-05-10T01:20:08.090+0000] {dag.py:4180} INFO - Setting next_dagrun for example_trigger_target_dag to None, run_after=None
[2025-05-10T01:20:08.105+0000] {processor.py:208} INFO - Processing /home/airflow/.local/lib/python3.12/site-packages/airflow/example_dags/example_trigger_target_dag.py took 0.058 seconds
[2025-05-10T01:20:38.537+0000] {processor.py:186} INFO - Started process (PID=67236) to work on /home/airflow/.local/lib/python3.12/site-packages/airflow/example_dags/example_trigger_target_dag.py
[2025-05-10T01:20:38.538+0000] {processor.py:914} INFO - Processing file /home/airflow/.local/lib/python3.12/site-packages/airflow/example_dags/example_trigger_target_dag.py for tasks to queue
[2025-05-10T01:20:38.539+0000] {logging_mixin.py:190} INFO - [2025-05-10T01:20:38.539+0000] {dagbag.py:588} INFO - Filling up the DagBag from /home/airflow/.local/lib/python3.12/site-packages/airflow/example_dags/example_trigger_target_dag.py
[2025-05-10T01:20:38.543+0000] {processor.py:925} INFO - DAG(s) 'example_trigger_target_dag' retrieved from /home/airflow/.local/lib/python3.12/site-packages/airflow/example_dags/example_trigger_target_dag.py
[2025-05-10T01:20:38.559+0000] {logging_mixin.py:190} INFO - [2025-05-10T01:20:38.559+0000] {dag.py:3239} INFO - Sync 1 DAGs
[2025-05-10T01:20:38.570+0000] {logging_mixin.py:190} INFO - [2025-05-10T01:20:38.569+0000] {dag.py:4180} INFO - Setting next_dagrun for example_trigger_target_dag to None, run_after=None
[2025-05-10T01:20:38.586+0000] {processor.py:208} INFO - Processing /home/airflow/.local/lib/python3.12/site-packages/airflow/example_dags/example_trigger_target_dag.py took 0.054 seconds
[2025-05-10T01:21:09.551+0000] {processor.py:186} INFO - Started process (PID=67318) to work on /home/airflow/.local/lib/python3.12/site-packages/airflow/example_dags/example_trigger_target_dag.py
[2025-05-10T01:21:09.552+0000] {processor.py:914} INFO - Processing file /home/airflow/.local/lib/python3.12/site-packages/airflow/example_dags/example_trigger_target_dag.py for tasks to queue
[2025-05-10T01:21:09.552+0000] {logging_mixin.py:190} INFO - [2025-05-10T01:21:09.552+0000] {dagbag.py:588} INFO - Filling up the DagBag from /home/airflow/.local/lib/python3.12/site-packages/airflow/example_dags/example_trigger_target_dag.py
[2025-05-10T01:21:09.556+0000] {processor.py:925} INFO - DAG(s) 'example_trigger_target_dag' retrieved from /home/airflow/.local/lib/python3.12/site-packages/airflow/example_dags/example_trigger_target_dag.py
[2025-05-10T01:21:09.573+0000] {logging_mixin.py:190} INFO - [2025-05-10T01:21:09.572+0000] {dag.py:3239} INFO - Sync 1 DAGs
[2025-05-10T01:21:09.585+0000] {logging_mixin.py:190} INFO - [2025-05-10T01:21:09.585+0000] {dag.py:4180} INFO - Setting next_dagrun for example_trigger_target_dag to None, run_after=None
[2025-05-10T01:21:09.600+0000] {processor.py:208} INFO - Processing /home/airflow/.local/lib/python3.12/site-packages/airflow/example_dags/example_trigger_target_dag.py took 0.054 seconds
[2025-05-10T01:21:40.324+0000] {processor.py:186} INFO - Started process (PID=67400) to work on /home/airflow/.local/lib/python3.12/site-packages/airflow/example_dags/example_trigger_target_dag.py
[2025-05-10T01:21:40.325+0000] {processor.py:914} INFO - Processing file /home/airflow/.local/lib/python3.12/site-packages/airflow/example_dags/example_trigger_target_dag.py for tasks to queue
[2025-05-10T01:21:40.326+0000] {logging_mixin.py:190} INFO - [2025-05-10T01:21:40.326+0000] {dagbag.py:588} INFO - Filling up the DagBag from /home/airflow/.local/lib/python3.12/site-packages/airflow/example_dags/example_trigger_target_dag.py
[2025-05-10T01:21:40.329+0000] {processor.py:925} INFO - DAG(s) 'example_trigger_target_dag' retrieved from /home/airflow/.local/lib/python3.12/site-packages/airflow/example_dags/example_trigger_target_dag.py
[2025-05-10T01:21:40.345+0000] {logging_mixin.py:190} INFO - [2025-05-10T01:21:40.344+0000] {dag.py:3239} INFO - Sync 1 DAGs
[2025-05-10T01:21:40.354+0000] {logging_mixin.py:190} INFO - [2025-05-10T01:21:40.353+0000] {dag.py:4180} INFO - Setting next_dagrun for example_trigger_target_dag to None, run_after=None
[2025-05-10T01:21:40.366+0000] {processor.py:208} INFO - Processing /home/airflow/.local/lib/python3.12/site-packages/airflow/example_dags/example_trigger_target_dag.py took 0.046 seconds
[2025-05-10T01:22:11.019+0000] {processor.py:186} INFO - Started process (PID=67483) to work on /home/airflow/.local/lib/python3.12/site-packages/airflow/example_dags/example_trigger_target_dag.py
[2025-05-10T01:22:11.020+0000] {processor.py:914} INFO - Processing file /home/airflow/.local/lib/python3.12/site-packages/airflow/example_dags/example_trigger_target_dag.py for tasks to queue
[2025-05-10T01:22:11.021+0000] {logging_mixin.py:190} INFO - [2025-05-10T01:22:11.021+0000] {dagbag.py:588} INFO - Filling up the DagBag from /home/airflow/.local/lib/python3.12/site-packages/airflow/example_dags/example_trigger_target_dag.py
[2025-05-10T01:22:11.024+0000] {processor.py:925} INFO - DAG(s) 'example_trigger_target_dag' retrieved from /home/airflow/.local/lib/python3.12/site-packages/airflow/example_dags/example_trigger_target_dag.py
[2025-05-10T01:22:11.039+0000] {logging_mixin.py:190} INFO - [2025-05-10T01:22:11.039+0000] {dag.py:3239} INFO - Sync 1 DAGs
[2025-05-10T01:22:11.048+0000] {logging_mixin.py:190} INFO - [2025-05-10T01:22:11.048+0000] {dag.py:4180} INFO - Setting next_dagrun for example_trigger_target_dag to None, run_after=None
[2025-05-10T01:22:11.061+0000] {processor.py:208} INFO - Processing /home/airflow/.local/lib/python3.12/site-packages/airflow/example_dags/example_trigger_target_dag.py took 0.046 seconds
[2025-05-10T01:22:41.545+0000] {processor.py:186} INFO - Started process (PID=67564) to work on /home/airflow/.local/lib/python3.12/site-packages/airflow/example_dags/example_trigger_target_dag.py
[2025-05-10T01:22:41.546+0000] {processor.py:914} INFO - Processing file /home/airflow/.local/lib/python3.12/site-packages/airflow/example_dags/example_trigger_target_dag.py for tasks to queue
[2025-05-10T01:22:41.547+0000] {logging_mixin.py:190} INFO - [2025-05-10T01:22:41.547+0000] {dagbag.py:588} INFO - Filling up the DagBag from /home/airflow/.local/lib/python3.12/site-packages/airflow/example_dags/example_trigger_target_dag.py
[2025-05-10T01:22:41.551+0000] {processor.py:925} INFO - DAG(s) 'example_trigger_target_dag' retrieved from /home/airflow/.local/lib/python3.12/site-packages/airflow/example_dags/example_trigger_target_dag.py
[2025-05-10T01:22:41.565+0000] {logging_mixin.py:190} INFO - [2025-05-10T01:22:41.564+0000] {dag.py:3239} INFO - Sync 1 DAGs
[2025-05-10T01:22:41.574+0000] {logging_mixin.py:190} INFO - [2025-05-10T01:22:41.574+0000] {dag.py:4180} INFO - Setting next_dagrun for example_trigger_target_dag to None, run_after=None
[2025-05-10T01:22:41.585+0000] {processor.py:208} INFO - Processing /home/airflow/.local/lib/python3.12/site-packages/airflow/example_dags/example_trigger_target_dag.py took 0.044 seconds
[2025-05-10T01:23:12.576+0000] {processor.py:186} INFO - Started process (PID=67647) to work on /home/airflow/.local/lib/python3.12/site-packages/airflow/example_dags/example_trigger_target_dag.py
[2025-05-10T01:23:12.577+0000] {processor.py:914} INFO - Processing file /home/airflow/.local/lib/python3.12/site-packages/airflow/example_dags/example_trigger_target_dag.py for tasks to queue
[2025-05-10T01:23:12.577+0000] {logging_mixin.py:190} INFO - [2025-05-10T01:23:12.577+0000] {dagbag.py:588} INFO - Filling up the DagBag from /home/airflow/.local/lib/python3.12/site-packages/airflow/example_dags/example_trigger_target_dag.py
[2025-05-10T01:23:12.581+0000] {processor.py:925} INFO - DAG(s) 'example_trigger_target_dag' retrieved from /home/airflow/.local/lib/python3.12/site-packages/airflow/example_dags/example_trigger_target_dag.py
[2025-05-10T01:23:12.595+0000] {logging_mixin.py:190} INFO - [2025-05-10T01:23:12.595+0000] {dag.py:3239} INFO - Sync 1 DAGs
[2025-05-10T01:23:12.605+0000] {logging_mixin.py:190} INFO - [2025-05-10T01:23:12.605+0000] {dag.py:4180} INFO - Setting next_dagrun for example_trigger_target_dag to None, run_after=None
[2025-05-10T01:23:12.617+0000] {processor.py:208} INFO - Processing /home/airflow/.local/lib/python3.12/site-packages/airflow/example_dags/example_trigger_target_dag.py took 0.046 seconds
[2025-05-10T01:23:43.324+0000] {processor.py:186} INFO - Started process (PID=67729) to work on /home/airflow/.local/lib/python3.12/site-packages/airflow/example_dags/example_trigger_target_dag.py
[2025-05-10T01:23:43.325+0000] {processor.py:914} INFO - Processing file /home/airflow/.local/lib/python3.12/site-packages/airflow/example_dags/example_trigger_target_dag.py for tasks to queue
[2025-05-10T01:23:43.326+0000] {logging_mixin.py:190} INFO - [2025-05-10T01:23:43.326+0000] {dagbag.py:588} INFO - Filling up the DagBag from /home/airflow/.local/lib/python3.12/site-packages/airflow/example_dags/example_trigger_target_dag.py
[2025-05-10T01:23:43.329+0000] {processor.py:925} INFO - DAG(s) 'example_trigger_target_dag' retrieved from /home/airflow/.local/lib/python3.12/site-packages/airflow/example_dags/example_trigger_target_dag.py
[2025-05-10T01:23:43.343+0000] {logging_mixin.py:190} INFO - [2025-05-10T01:23:43.343+0000] {dag.py:3239} INFO - Sync 1 DAGs
[2025-05-10T01:23:43.352+0000] {logging_mixin.py:190} INFO - [2025-05-10T01:23:43.352+0000] {dag.py:4180} INFO - Setting next_dagrun for example_trigger_target_dag to None, run_after=None
[2025-05-10T01:23:43.365+0000] {processor.py:208} INFO - Processing /home/airflow/.local/lib/python3.12/site-packages/airflow/example_dags/example_trigger_target_dag.py took 0.045 seconds
[2025-05-10T01:24:13.784+0000] {processor.py:186} INFO - Started process (PID=67811) to work on /home/airflow/.local/lib/python3.12/site-packages/airflow/example_dags/example_trigger_target_dag.py
[2025-05-10T01:24:13.785+0000] {processor.py:914} INFO - Processing file /home/airflow/.local/lib/python3.12/site-packages/airflow/example_dags/example_trigger_target_dag.py for tasks to queue
[2025-05-10T01:24:13.786+0000] {logging_mixin.py:190} INFO - [2025-05-10T01:24:13.786+0000] {dagbag.py:588} INFO - Filling up the DagBag from /home/airflow/.local/lib/python3.12/site-packages/airflow/example_dags/example_trigger_target_dag.py
[2025-05-10T01:24:13.789+0000] {processor.py:925} INFO - DAG(s) 'example_trigger_target_dag' retrieved from /home/airflow/.local/lib/python3.12/site-packages/airflow/example_dags/example_trigger_target_dag.py
[2025-05-10T01:24:13.805+0000] {logging_mixin.py:190} INFO - [2025-05-10T01:24:13.805+0000] {dag.py:3239} INFO - Sync 1 DAGs
[2025-05-10T01:24:13.814+0000] {logging_mixin.py:190} INFO - [2025-05-10T01:24:13.814+0000] {dag.py:4180} INFO - Setting next_dagrun for example_trigger_target_dag to None, run_after=None
[2025-05-10T01:24:13.826+0000] {processor.py:208} INFO - Processing /home/airflow/.local/lib/python3.12/site-packages/airflow/example_dags/example_trigger_target_dag.py took 0.047 seconds
[2025-05-10T01:24:44.472+0000] {processor.py:186} INFO - Started process (PID=67892) to work on /home/airflow/.local/lib/python3.12/site-packages/airflow/example_dags/example_trigger_target_dag.py
[2025-05-10T01:24:44.473+0000] {processor.py:914} INFO - Processing file /home/airflow/.local/lib/python3.12/site-packages/airflow/example_dags/example_trigger_target_dag.py for tasks to queue
[2025-05-10T01:24:44.473+0000] {logging_mixin.py:190} INFO - [2025-05-10T01:24:44.473+0000] {dagbag.py:588} INFO - Filling up the DagBag from /home/airflow/.local/lib/python3.12/site-packages/airflow/example_dags/example_trigger_target_dag.py
[2025-05-10T01:24:44.477+0000] {processor.py:925} INFO - DAG(s) 'example_trigger_target_dag' retrieved from /home/airflow/.local/lib/python3.12/site-packages/airflow/example_dags/example_trigger_target_dag.py
[2025-05-10T01:24:44.493+0000] {logging_mixin.py:190} INFO - [2025-05-10T01:24:44.493+0000] {dag.py:3239} INFO - Sync 1 DAGs
[2025-05-10T01:24:44.502+0000] {logging_mixin.py:190} INFO - [2025-05-10T01:24:44.502+0000] {dag.py:4180} INFO - Setting next_dagrun for example_trigger_target_dag to None, run_after=None
[2025-05-10T01:24:44.515+0000] {processor.py:208} INFO - Processing /home/airflow/.local/lib/python3.12/site-packages/airflow/example_dags/example_trigger_target_dag.py took 0.048 seconds
[2025-05-10T01:25:15.391+0000] {processor.py:186} INFO - Started process (PID=67974) to work on /home/airflow/.local/lib/python3.12/site-packages/airflow/example_dags/example_trigger_target_dag.py
[2025-05-10T01:25:15.392+0000] {processor.py:914} INFO - Processing file /home/airflow/.local/lib/python3.12/site-packages/airflow/example_dags/example_trigger_target_dag.py for tasks to queue
[2025-05-10T01:25:15.393+0000] {logging_mixin.py:190} INFO - [2025-05-10T01:25:15.393+0000] {dagbag.py:588} INFO - Filling up the DagBag from /home/airflow/.local/lib/python3.12/site-packages/airflow/example_dags/example_trigger_target_dag.py
[2025-05-10T01:25:15.397+0000] {processor.py:925} INFO - DAG(s) 'example_trigger_target_dag' retrieved from /home/airflow/.local/lib/python3.12/site-packages/airflow/example_dags/example_trigger_target_dag.py
[2025-05-10T01:25:15.417+0000] {logging_mixin.py:190} INFO - [2025-05-10T01:25:15.417+0000] {dag.py:3239} INFO - Sync 1 DAGs
[2025-05-10T01:25:15.428+0000] {logging_mixin.py:190} INFO - [2025-05-10T01:25:15.428+0000] {dag.py:4180} INFO - Setting next_dagrun for example_trigger_target_dag to None, run_after=None
[2025-05-10T01:25:15.448+0000] {processor.py:208} INFO - Processing /home/airflow/.local/lib/python3.12/site-packages/airflow/example_dags/example_trigger_target_dag.py took 0.062 seconds
[2025-05-10T01:25:46.010+0000] {processor.py:186} INFO - Started process (PID=68056) to work on /home/airflow/.local/lib/python3.12/site-packages/airflow/example_dags/example_trigger_target_dag.py
[2025-05-10T01:25:46.011+0000] {processor.py:914} INFO - Processing file /home/airflow/.local/lib/python3.12/site-packages/airflow/example_dags/example_trigger_target_dag.py for tasks to queue
[2025-05-10T01:25:46.012+0000] {logging_mixin.py:190} INFO - [2025-05-10T01:25:46.011+0000] {dagbag.py:588} INFO - Filling up the DagBag from /home/airflow/.local/lib/python3.12/site-packages/airflow/example_dags/example_trigger_target_dag.py
[2025-05-10T01:25:46.015+0000] {processor.py:925} INFO - DAG(s) 'example_trigger_target_dag' retrieved from /home/airflow/.local/lib/python3.12/site-packages/airflow/example_dags/example_trigger_target_dag.py
[2025-05-10T01:25:46.029+0000] {logging_mixin.py:190} INFO - [2025-05-10T01:25:46.029+0000] {dag.py:3239} INFO - Sync 1 DAGs
[2025-05-10T01:25:46.038+0000] {logging_mixin.py:190} INFO - [2025-05-10T01:25:46.038+0000] {dag.py:4180} INFO - Setting next_dagrun for example_trigger_target_dag to None, run_after=None
[2025-05-10T01:25:46.049+0000] {processor.py:208} INFO - Processing /home/airflow/.local/lib/python3.12/site-packages/airflow/example_dags/example_trigger_target_dag.py took 0.044 seconds
[2025-05-10T01:26:16.503+0000] {processor.py:186} INFO - Started process (PID=68138) to work on /home/airflow/.local/lib/python3.12/site-packages/airflow/example_dags/example_trigger_target_dag.py
[2025-05-10T01:26:16.504+0000] {processor.py:914} INFO - Processing file /home/airflow/.local/lib/python3.12/site-packages/airflow/example_dags/example_trigger_target_dag.py for tasks to queue
[2025-05-10T01:26:16.505+0000] {logging_mixin.py:190} INFO - [2025-05-10T01:26:16.505+0000] {dagbag.py:588} INFO - Filling up the DagBag from /home/airflow/.local/lib/python3.12/site-packages/airflow/example_dags/example_trigger_target_dag.py
[2025-05-10T01:26:16.509+0000] {processor.py:925} INFO - DAG(s) 'example_trigger_target_dag' retrieved from /home/airflow/.local/lib/python3.12/site-packages/airflow/example_dags/example_trigger_target_dag.py
[2025-05-10T01:26:16.530+0000] {logging_mixin.py:190} INFO - [2025-05-10T01:26:16.530+0000] {dag.py:3239} INFO - Sync 1 DAGs
[2025-05-10T01:26:16.539+0000] {logging_mixin.py:190} INFO - [2025-05-10T01:26:16.539+0000] {dag.py:4180} INFO - Setting next_dagrun for example_trigger_target_dag to None, run_after=None
[2025-05-10T01:26:16.550+0000] {processor.py:208} INFO - Processing /home/airflow/.local/lib/python3.12/site-packages/airflow/example_dags/example_trigger_target_dag.py took 0.052 seconds
[2025-05-10T01:26:46.967+0000] {processor.py:186} INFO - Started process (PID=68220) to work on /home/airflow/.local/lib/python3.12/site-packages/airflow/example_dags/example_trigger_target_dag.py
[2025-05-10T01:26:46.968+0000] {processor.py:914} INFO - Processing file /home/airflow/.local/lib/python3.12/site-packages/airflow/example_dags/example_trigger_target_dag.py for tasks to queue
[2025-05-10T01:26:46.969+0000] {logging_mixin.py:190} INFO - [2025-05-10T01:26:46.968+0000] {dagbag.py:588} INFO - Filling up the DagBag from /home/airflow/.local/lib/python3.12/site-packages/airflow/example_dags/example_trigger_target_dag.py
[2025-05-10T01:26:46.972+0000] {processor.py:925} INFO - DAG(s) 'example_trigger_target_dag' retrieved from /home/airflow/.local/lib/python3.12/site-packages/airflow/example_dags/example_trigger_target_dag.py
[2025-05-10T01:26:46.986+0000] {logging_mixin.py:190} INFO - [2025-05-10T01:26:46.985+0000] {dag.py:3239} INFO - Sync 1 DAGs
[2025-05-10T01:26:46.995+0000] {logging_mixin.py:190} INFO - [2025-05-10T01:26:46.995+0000] {dag.py:4180} INFO - Setting next_dagrun for example_trigger_target_dag to None, run_after=None
[2025-05-10T01:26:47.006+0000] {processor.py:208} INFO - Processing /home/airflow/.local/lib/python3.12/site-packages/airflow/example_dags/example_trigger_target_dag.py took 0.044 seconds
[2025-05-10T01:27:17.605+0000] {processor.py:186} INFO - Started process (PID=68302) to work on /home/airflow/.local/lib/python3.12/site-packages/airflow/example_dags/example_trigger_target_dag.py
[2025-05-10T01:27:17.606+0000] {processor.py:914} INFO - Processing file /home/airflow/.local/lib/python3.12/site-packages/airflow/example_dags/example_trigger_target_dag.py for tasks to queue
[2025-05-10T01:27:17.607+0000] {logging_mixin.py:190} INFO - [2025-05-10T01:27:17.607+0000] {dagbag.py:588} INFO - Filling up the DagBag from /home/airflow/.local/lib/python3.12/site-packages/airflow/example_dags/example_trigger_target_dag.py
[2025-05-10T01:27:17.610+0000] {processor.py:925} INFO - DAG(s) 'example_trigger_target_dag' retrieved from /home/airflow/.local/lib/python3.12/site-packages/airflow/example_dags/example_trigger_target_dag.py
[2025-05-10T01:27:17.624+0000] {logging_mixin.py:190} INFO - [2025-05-10T01:27:17.624+0000] {dag.py:3239} INFO - Sync 1 DAGs
[2025-05-10T01:27:17.634+0000] {logging_mixin.py:190} INFO - [2025-05-10T01:27:17.634+0000] {dag.py:4180} INFO - Setting next_dagrun for example_trigger_target_dag to None, run_after=None
[2025-05-10T01:27:17.647+0000] {processor.py:208} INFO - Processing /home/airflow/.local/lib/python3.12/site-packages/airflow/example_dags/example_trigger_target_dag.py took 0.046 seconds
[2025-05-10T02:18:38.764+0000] {processor.py:186} INFO - Started process (PID=68361) to work on /home/airflow/.local/lib/python3.12/site-packages/airflow/example_dags/example_trigger_target_dag.py
[2025-05-10T02:18:38.765+0000] {processor.py:914} INFO - Processing file /home/airflow/.local/lib/python3.12/site-packages/airflow/example_dags/example_trigger_target_dag.py for tasks to queue
[2025-05-10T02:18:38.766+0000] {logging_mixin.py:190} INFO - [2025-05-10T02:18:38.766+0000] {dagbag.py:588} INFO - Filling up the DagBag from /home/airflow/.local/lib/python3.12/site-packages/airflow/example_dags/example_trigger_target_dag.py
[2025-05-10T02:18:38.770+0000] {processor.py:925} INFO - DAG(s) 'example_trigger_target_dag' retrieved from /home/airflow/.local/lib/python3.12/site-packages/airflow/example_dags/example_trigger_target_dag.py
[2025-05-10T02:18:38.788+0000] {logging_mixin.py:190} INFO - [2025-05-10T02:18:38.788+0000] {dag.py:3239} INFO - Sync 1 DAGs
[2025-05-10T02:18:38.802+0000] {logging_mixin.py:190} INFO - [2025-05-10T02:18:38.802+0000] {dag.py:4180} INFO - Setting next_dagrun for example_trigger_target_dag to None, run_after=None
[2025-05-10T02:18:38.822+0000] {processor.py:208} INFO - Processing /home/airflow/.local/lib/python3.12/site-packages/airflow/example_dags/example_trigger_target_dag.py took 0.064 seconds
[2025-05-10T02:19:09.988+0000] {processor.py:186} INFO - Started process (PID=68443) to work on /home/airflow/.local/lib/python3.12/site-packages/airflow/example_dags/example_trigger_target_dag.py
[2025-05-10T02:19:09.989+0000] {processor.py:914} INFO - Processing file /home/airflow/.local/lib/python3.12/site-packages/airflow/example_dags/example_trigger_target_dag.py for tasks to queue
[2025-05-10T02:19:09.990+0000] {logging_mixin.py:190} INFO - [2025-05-10T02:19:09.990+0000] {dagbag.py:588} INFO - Filling up the DagBag from /home/airflow/.local/lib/python3.12/site-packages/airflow/example_dags/example_trigger_target_dag.py
[2025-05-10T02:19:09.994+0000] {processor.py:925} INFO - DAG(s) 'example_trigger_target_dag' retrieved from /home/airflow/.local/lib/python3.12/site-packages/airflow/example_dags/example_trigger_target_dag.py
[2025-05-10T02:19:10.011+0000] {logging_mixin.py:190} INFO - [2025-05-10T02:19:10.011+0000] {dag.py:3239} INFO - Sync 1 DAGs
[2025-05-10T02:19:10.021+0000] {logging_mixin.py:190} INFO - [2025-05-10T02:19:10.021+0000] {dag.py:4180} INFO - Setting next_dagrun for example_trigger_target_dag to None, run_after=None
[2025-05-10T02:19:10.038+0000] {processor.py:208} INFO - Processing /home/airflow/.local/lib/python3.12/site-packages/airflow/example_dags/example_trigger_target_dag.py took 0.055 seconds
[2025-05-10T02:19:41.030+0000] {processor.py:186} INFO - Started process (PID=68525) to work on /home/airflow/.local/lib/python3.12/site-packages/airflow/example_dags/example_trigger_target_dag.py
[2025-05-10T02:19:41.031+0000] {processor.py:914} INFO - Processing file /home/airflow/.local/lib/python3.12/site-packages/airflow/example_dags/example_trigger_target_dag.py for tasks to queue
[2025-05-10T02:19:41.032+0000] {logging_mixin.py:190} INFO - [2025-05-10T02:19:41.032+0000] {dagbag.py:588} INFO - Filling up the DagBag from /home/airflow/.local/lib/python3.12/site-packages/airflow/example_dags/example_trigger_target_dag.py
[2025-05-10T02:19:41.035+0000] {processor.py:925} INFO - DAG(s) 'example_trigger_target_dag' retrieved from /home/airflow/.local/lib/python3.12/site-packages/airflow/example_dags/example_trigger_target_dag.py
[2025-05-10T02:19:41.049+0000] {logging_mixin.py:190} INFO - [2025-05-10T02:19:41.049+0000] {dag.py:3239} INFO - Sync 1 DAGs
[2025-05-10T02:19:41.058+0000] {logging_mixin.py:190} INFO - [2025-05-10T02:19:41.058+0000] {dag.py:4180} INFO - Setting next_dagrun for example_trigger_target_dag to None, run_after=None
[2025-05-10T02:19:41.069+0000] {processor.py:208} INFO - Processing /home/airflow/.local/lib/python3.12/site-packages/airflow/example_dags/example_trigger_target_dag.py took 0.043 seconds
[2025-05-10T02:20:11.463+0000] {processor.py:186} INFO - Started process (PID=68607) to work on /home/airflow/.local/lib/python3.12/site-packages/airflow/example_dags/example_trigger_target_dag.py
[2025-05-10T02:20:11.463+0000] {processor.py:914} INFO - Processing file /home/airflow/.local/lib/python3.12/site-packages/airflow/example_dags/example_trigger_target_dag.py for tasks to queue
[2025-05-10T02:20:11.464+0000] {logging_mixin.py:190} INFO - [2025-05-10T02:20:11.464+0000] {dagbag.py:588} INFO - Filling up the DagBag from /home/airflow/.local/lib/python3.12/site-packages/airflow/example_dags/example_trigger_target_dag.py
[2025-05-10T02:20:11.467+0000] {processor.py:925} INFO - DAG(s) 'example_trigger_target_dag' retrieved from /home/airflow/.local/lib/python3.12/site-packages/airflow/example_dags/example_trigger_target_dag.py
[2025-05-10T02:20:11.482+0000] {logging_mixin.py:190} INFO - [2025-05-10T02:20:11.482+0000] {dag.py:3239} INFO - Sync 1 DAGs
[2025-05-10T02:20:11.491+0000] {logging_mixin.py:190} INFO - [2025-05-10T02:20:11.491+0000] {dag.py:4180} INFO - Setting next_dagrun for example_trigger_target_dag to None, run_after=None
[2025-05-10T02:20:11.503+0000] {processor.py:208} INFO - Processing /home/airflow/.local/lib/python3.12/site-packages/airflow/example_dags/example_trigger_target_dag.py took 0.045 seconds
[2025-05-10T02:20:42.228+0000] {processor.py:186} INFO - Started process (PID=68689) to work on /home/airflow/.local/lib/python3.12/site-packages/airflow/example_dags/example_trigger_target_dag.py
[2025-05-10T02:20:42.229+0000] {processor.py:914} INFO - Processing file /home/airflow/.local/lib/python3.12/site-packages/airflow/example_dags/example_trigger_target_dag.py for tasks to queue
[2025-05-10T02:20:42.229+0000] {logging_mixin.py:190} INFO - [2025-05-10T02:20:42.229+0000] {dagbag.py:588} INFO - Filling up the DagBag from /home/airflow/.local/lib/python3.12/site-packages/airflow/example_dags/example_trigger_target_dag.py
[2025-05-10T02:20:42.233+0000] {processor.py:925} INFO - DAG(s) 'example_trigger_target_dag' retrieved from /home/airflow/.local/lib/python3.12/site-packages/airflow/example_dags/example_trigger_target_dag.py
[2025-05-10T02:20:42.247+0000] {logging_mixin.py:190} INFO - [2025-05-10T02:20:42.247+0000] {dag.py:3239} INFO - Sync 1 DAGs
[2025-05-10T02:20:42.256+0000] {logging_mixin.py:190} INFO - [2025-05-10T02:20:42.256+0000] {dag.py:4180} INFO - Setting next_dagrun for example_trigger_target_dag to None, run_after=None
[2025-05-10T02:20:42.267+0000] {processor.py:208} INFO - Processing /home/airflow/.local/lib/python3.12/site-packages/airflow/example_dags/example_trigger_target_dag.py took 0.044 seconds
[2025-05-10T04:20:38.987+0000] {processor.py:186} INFO - Started process (PID=68774) to work on /home/airflow/.local/lib/python3.12/site-packages/airflow/example_dags/example_trigger_target_dag.py
[2025-05-10T04:20:38.988+0000] {processor.py:914} INFO - Processing file /home/airflow/.local/lib/python3.12/site-packages/airflow/example_dags/example_trigger_target_dag.py for tasks to queue
[2025-05-10T04:20:38.989+0000] {logging_mixin.py:190} INFO - [2025-05-10T04:20:38.989+0000] {dagbag.py:588} INFO - Filling up the DagBag from /home/airflow/.local/lib/python3.12/site-packages/airflow/example_dags/example_trigger_target_dag.py
[2025-05-10T04:20:38.995+0000] {processor.py:925} INFO - DAG(s) 'example_trigger_target_dag' retrieved from /home/airflow/.local/lib/python3.12/site-packages/airflow/example_dags/example_trigger_target_dag.py
[2025-05-10T04:20:39.024+0000] {logging_mixin.py:190} INFO - [2025-05-10T04:20:39.024+0000] {dag.py:3239} INFO - Sync 1 DAGs
[2025-05-10T04:20:39.036+0000] {logging_mixin.py:190} INFO - [2025-05-10T04:20:39.035+0000] {dag.py:4180} INFO - Setting next_dagrun for example_trigger_target_dag to None, run_after=None
[2025-05-10T04:20:39.056+0000] {processor.py:208} INFO - Processing /home/airflow/.local/lib/python3.12/site-packages/airflow/example_dags/example_trigger_target_dag.py took 0.077 seconds
[2025-05-10T10:20:37.327+0000] {processor.py:186} INFO - Started process (PID=68894) to work on /home/airflow/.local/lib/python3.12/site-packages/airflow/example_dags/example_trigger_target_dag.py
[2025-05-10T10:20:37.329+0000] {processor.py:914} INFO - Processing file /home/airflow/.local/lib/python3.12/site-packages/airflow/example_dags/example_trigger_target_dag.py for tasks to queue
[2025-05-10T10:20:37.331+0000] {logging_mixin.py:190} INFO - [2025-05-10T10:20:37.330+0000] {dagbag.py:588} INFO - Filling up the DagBag from /home/airflow/.local/lib/python3.12/site-packages/airflow/example_dags/example_trigger_target_dag.py
[2025-05-10T10:20:37.340+0000] {processor.py:925} INFO - DAG(s) 'example_trigger_target_dag' retrieved from /home/airflow/.local/lib/python3.12/site-packages/airflow/example_dags/example_trigger_target_dag.py
[2025-05-10T10:45:37.382+0000] {logging_mixin.py:190} INFO - [2025-05-10T10:45:37.381+0000] {dag.py:3239} INFO - Sync 1 DAGs
[2025-05-10T10:45:37.456+0000] {logging_mixin.py:190} INFO - [2025-05-10T10:45:37.455+0000] {dag.py:4180} INFO - Setting next_dagrun for example_trigger_target_dag to None, run_after=None
[2025-05-10T10:45:37.521+0000] {processor.py:208} INFO - Processing /home/airflow/.local/lib/python3.12/site-packages/airflow/example_dags/example_trigger_target_dag.py took 1511.327 seconds
