[2025-05-10T01:19:38.492+0000] {processor.py:186} INFO - Started process (PID=67090) to work on /home/airflow/.local/lib/python3.12/site-packages/airflow/example_dags/example_trigger_controller_dag.py
[2025-05-10T01:19:38.493+0000] {processor.py:914} INFO - Processing file /home/airflow/.local/lib/python3.12/site-packages/airflow/example_dags/example_trigger_controller_dag.py for tasks to queue
[2025-05-10T01:19:38.494+0000] {logging_mixin.py:190} INFO - [2025-05-10T01:19:38.493+0000] {dagbag.py:588} INFO - Filling up the DagBag from /home/airflow/.local/lib/python3.12/site-packages/airflow/example_dags/example_trigger_controller_dag.py
[2025-05-10T01:19:38.497+0000] {processor.py:925} INFO - DAG(s) 'example_trigger_controller_dag' retrieved from /home/airflow/.local/lib/python3.12/site-packages/airflow/example_dags/example_trigger_controller_dag.py
[2025-05-10T01:19:38.524+0000] {logging_mixin.py:190} INFO - [2025-05-10T01:19:38.523+0000] {dag.py:3239} INFO - Sync 1 DAGs
[2025-05-10T01:19:38.545+0000] {logging_mixin.py:190} INFO - [2025-05-10T01:19:38.545+0000] {dag.py:4180} INFO - Setting next_dagrun for example_trigger_controller_dag to 2021-01-01 00:00:00+00:00, run_after=2021-01-01 00:00:00+00:00
[2025-05-10T01:19:38.571+0000] {processor.py:208} INFO - Processing /home/airflow/.local/lib/python3.12/site-packages/airflow/example_dags/example_trigger_controller_dag.py took 0.084 seconds
[2025-05-10T01:20:09.313+0000] {processor.py:186} INFO - Started process (PID=67172) to work on /home/airflow/.local/lib/python3.12/site-packages/airflow/example_dags/example_trigger_controller_dag.py
[2025-05-10T01:20:09.314+0000] {processor.py:914} INFO - Processing file /home/airflow/.local/lib/python3.12/site-packages/airflow/example_dags/example_trigger_controller_dag.py for tasks to queue
[2025-05-10T01:20:09.315+0000] {logging_mixin.py:190} INFO - [2025-05-10T01:20:09.314+0000] {dagbag.py:588} INFO - Filling up the DagBag from /home/airflow/.local/lib/python3.12/site-packages/airflow/example_dags/example_trigger_controller_dag.py
[2025-05-10T01:20:09.319+0000] {processor.py:925} INFO - DAG(s) 'example_trigger_controller_dag' retrieved from /home/airflow/.local/lib/python3.12/site-packages/airflow/example_dags/example_trigger_controller_dag.py
[2025-05-10T01:20:09.341+0000] {logging_mixin.py:190} INFO - [2025-05-10T01:20:09.341+0000] {dag.py:3239} INFO - Sync 1 DAGs
[2025-05-10T01:20:09.368+0000] {logging_mixin.py:190} INFO - [2025-05-10T01:20:09.367+0000] {dag.py:4180} INFO - Setting next_dagrun for example_trigger_controller_dag to 2021-01-01 00:00:00+00:00, run_after=2021-01-01 00:00:00+00:00
[2025-05-10T01:20:09.389+0000] {processor.py:208} INFO - Processing /home/airflow/.local/lib/python3.12/site-packages/airflow/example_dags/example_trigger_controller_dag.py took 0.082 seconds
[2025-05-10T01:20:39.504+0000] {processor.py:186} INFO - Started process (PID=67253) to work on /home/airflow/.local/lib/python3.12/site-packages/airflow/example_dags/example_trigger_controller_dag.py
[2025-05-10T01:20:39.505+0000] {processor.py:914} INFO - Processing file /home/airflow/.local/lib/python3.12/site-packages/airflow/example_dags/example_trigger_controller_dag.py for tasks to queue
[2025-05-10T01:20:39.506+0000] {logging_mixin.py:190} INFO - [2025-05-10T01:20:39.506+0000] {dagbag.py:588} INFO - Filling up the DagBag from /home/airflow/.local/lib/python3.12/site-packages/airflow/example_dags/example_trigger_controller_dag.py
[2025-05-10T01:20:39.510+0000] {processor.py:925} INFO - DAG(s) 'example_trigger_controller_dag' retrieved from /home/airflow/.local/lib/python3.12/site-packages/airflow/example_dags/example_trigger_controller_dag.py
[2025-05-10T01:20:39.523+0000] {logging_mixin.py:190} INFO - [2025-05-10T01:20:39.523+0000] {dag.py:3239} INFO - Sync 1 DAGs
[2025-05-10T01:20:39.538+0000] {logging_mixin.py:190} INFO - [2025-05-10T01:20:39.538+0000] {dag.py:4180} INFO - Setting next_dagrun for example_trigger_controller_dag to 2021-01-01 00:00:00+00:00, run_after=2021-01-01 00:00:00+00:00
[2025-05-10T01:20:39.552+0000] {processor.py:208} INFO - Processing /home/airflow/.local/lib/python3.12/site-packages/airflow/example_dags/example_trigger_controller_dag.py took 0.052 seconds
[2025-05-10T01:21:10.502+0000] {processor.py:186} INFO - Started process (PID=67335) to work on /home/airflow/.local/lib/python3.12/site-packages/airflow/example_dags/example_trigger_controller_dag.py
[2025-05-10T01:21:10.502+0000] {processor.py:914} INFO - Processing file /home/airflow/.local/lib/python3.12/site-packages/airflow/example_dags/example_trigger_controller_dag.py for tasks to queue
[2025-05-10T01:21:10.503+0000] {logging_mixin.py:190} INFO - [2025-05-10T01:21:10.503+0000] {dagbag.py:588} INFO - Filling up the DagBag from /home/airflow/.local/lib/python3.12/site-packages/airflow/example_dags/example_trigger_controller_dag.py
[2025-05-10T01:21:10.506+0000] {processor.py:925} INFO - DAG(s) 'example_trigger_controller_dag' retrieved from /home/airflow/.local/lib/python3.12/site-packages/airflow/example_dags/example_trigger_controller_dag.py
[2025-05-10T01:21:10.520+0000] {logging_mixin.py:190} INFO - [2025-05-10T01:21:10.520+0000] {dag.py:3239} INFO - Sync 1 DAGs
[2025-05-10T01:21:10.534+0000] {logging_mixin.py:190} INFO - [2025-05-10T01:21:10.534+0000] {dag.py:4180} INFO - Setting next_dagrun for example_trigger_controller_dag to 2021-01-01 00:00:00+00:00, run_after=2021-01-01 00:00:00+00:00
[2025-05-10T01:21:10.546+0000] {processor.py:208} INFO - Processing /home/airflow/.local/lib/python3.12/site-packages/airflow/example_dags/example_trigger_controller_dag.py took 0.049 seconds
[2025-05-10T01:21:41.192+0000] {processor.py:186} INFO - Started process (PID=67417) to work on /home/airflow/.local/lib/python3.12/site-packages/airflow/example_dags/example_trigger_controller_dag.py
[2025-05-10T01:21:41.193+0000] {processor.py:914} INFO - Processing file /home/airflow/.local/lib/python3.12/site-packages/airflow/example_dags/example_trigger_controller_dag.py for tasks to queue
[2025-05-10T01:21:41.194+0000] {logging_mixin.py:190} INFO - [2025-05-10T01:21:41.194+0000] {dagbag.py:588} INFO - Filling up the DagBag from /home/airflow/.local/lib/python3.12/site-packages/airflow/example_dags/example_trigger_controller_dag.py
[2025-05-10T01:21:41.197+0000] {processor.py:925} INFO - DAG(s) 'example_trigger_controller_dag' retrieved from /home/airflow/.local/lib/python3.12/site-packages/airflow/example_dags/example_trigger_controller_dag.py
[2025-05-10T01:21:41.213+0000] {logging_mixin.py:190} INFO - [2025-05-10T01:21:41.213+0000] {dag.py:3239} INFO - Sync 1 DAGs
[2025-05-10T01:21:41.227+0000] {logging_mixin.py:190} INFO - [2025-05-10T01:21:41.226+0000] {dag.py:4180} INFO - Setting next_dagrun for example_trigger_controller_dag to 2021-01-01 00:00:00+00:00, run_after=2021-01-01 00:00:00+00:00
[2025-05-10T01:21:41.239+0000] {processor.py:208} INFO - Processing /home/airflow/.local/lib/python3.12/site-packages/airflow/example_dags/example_trigger_controller_dag.py took 0.051 seconds
[2025-05-10T01:22:11.918+0000] {processor.py:186} INFO - Started process (PID=67500) to work on /home/airflow/.local/lib/python3.12/site-packages/airflow/example_dags/example_trigger_controller_dag.py
[2025-05-10T01:22:11.918+0000] {processor.py:914} INFO - Processing file /home/airflow/.local/lib/python3.12/site-packages/airflow/example_dags/example_trigger_controller_dag.py for tasks to queue
[2025-05-10T01:22:11.919+0000] {logging_mixin.py:190} INFO - [2025-05-10T01:22:11.919+0000] {dagbag.py:588} INFO - Filling up the DagBag from /home/airflow/.local/lib/python3.12/site-packages/airflow/example_dags/example_trigger_controller_dag.py
[2025-05-10T01:22:11.922+0000] {processor.py:925} INFO - DAG(s) 'example_trigger_controller_dag' retrieved from /home/airflow/.local/lib/python3.12/site-packages/airflow/example_dags/example_trigger_controller_dag.py
[2025-05-10T01:22:11.936+0000] {logging_mixin.py:190} INFO - [2025-05-10T01:22:11.936+0000] {dag.py:3239} INFO - Sync 1 DAGs
[2025-05-10T01:22:11.949+0000] {logging_mixin.py:190} INFO - [2025-05-10T01:22:11.949+0000] {dag.py:4180} INFO - Setting next_dagrun for example_trigger_controller_dag to 2021-01-01 00:00:00+00:00, run_after=2021-01-01 00:00:00+00:00
[2025-05-10T01:22:11.960+0000] {processor.py:208} INFO - Processing /home/airflow/.local/lib/python3.12/site-packages/airflow/example_dags/example_trigger_controller_dag.py took 0.047 seconds
[2025-05-10T01:22:42.483+0000] {processor.py:186} INFO - Started process (PID=67582) to work on /home/airflow/.local/lib/python3.12/site-packages/airflow/example_dags/example_trigger_controller_dag.py
[2025-05-10T01:22:42.484+0000] {processor.py:914} INFO - Processing file /home/airflow/.local/lib/python3.12/site-packages/airflow/example_dags/example_trigger_controller_dag.py for tasks to queue
[2025-05-10T01:22:42.484+0000] {logging_mixin.py:190} INFO - [2025-05-10T01:22:42.484+0000] {dagbag.py:588} INFO - Filling up the DagBag from /home/airflow/.local/lib/python3.12/site-packages/airflow/example_dags/example_trigger_controller_dag.py
[2025-05-10T01:22:42.488+0000] {processor.py:925} INFO - DAG(s) 'example_trigger_controller_dag' retrieved from /home/airflow/.local/lib/python3.12/site-packages/airflow/example_dags/example_trigger_controller_dag.py
[2025-05-10T01:22:42.502+0000] {logging_mixin.py:190} INFO - [2025-05-10T01:22:42.502+0000] {dag.py:3239} INFO - Sync 1 DAGs
[2025-05-10T01:22:42.518+0000] {logging_mixin.py:190} INFO - [2025-05-10T01:22:42.517+0000] {dag.py:4180} INFO - Setting next_dagrun for example_trigger_controller_dag to 2021-01-01 00:00:00+00:00, run_after=2021-01-01 00:00:00+00:00
[2025-05-10T01:22:42.529+0000] {processor.py:208} INFO - Processing /home/airflow/.local/lib/python3.12/site-packages/airflow/example_dags/example_trigger_controller_dag.py took 0.051 seconds
[2025-05-10T01:23:13.501+0000] {processor.py:186} INFO - Started process (PID=67664) to work on /home/airflow/.local/lib/python3.12/site-packages/airflow/example_dags/example_trigger_controller_dag.py
[2025-05-10T01:23:13.502+0000] {processor.py:914} INFO - Processing file /home/airflow/.local/lib/python3.12/site-packages/airflow/example_dags/example_trigger_controller_dag.py for tasks to queue
[2025-05-10T01:23:13.503+0000] {logging_mixin.py:190} INFO - [2025-05-10T01:23:13.502+0000] {dagbag.py:588} INFO - Filling up the DagBag from /home/airflow/.local/lib/python3.12/site-packages/airflow/example_dags/example_trigger_controller_dag.py
[2025-05-10T01:23:13.506+0000] {processor.py:925} INFO - DAG(s) 'example_trigger_controller_dag' retrieved from /home/airflow/.local/lib/python3.12/site-packages/airflow/example_dags/example_trigger_controller_dag.py
[2025-05-10T01:23:13.520+0000] {logging_mixin.py:190} INFO - [2025-05-10T01:23:13.520+0000] {dag.py:3239} INFO - Sync 1 DAGs
[2025-05-10T01:23:13.534+0000] {logging_mixin.py:190} INFO - [2025-05-10T01:23:13.534+0000] {dag.py:4180} INFO - Setting next_dagrun for example_trigger_controller_dag to 2021-01-01 00:00:00+00:00, run_after=2021-01-01 00:00:00+00:00
[2025-05-10T01:23:13.545+0000] {processor.py:208} INFO - Processing /home/airflow/.local/lib/python3.12/site-packages/airflow/example_dags/example_trigger_controller_dag.py took 0.048 seconds
[2025-05-10T01:23:44.175+0000] {processor.py:186} INFO - Started process (PID=67746) to work on /home/airflow/.local/lib/python3.12/site-packages/airflow/example_dags/example_trigger_controller_dag.py
[2025-05-10T01:23:44.176+0000] {processor.py:914} INFO - Processing file /home/airflow/.local/lib/python3.12/site-packages/airflow/example_dags/example_trigger_controller_dag.py for tasks to queue
[2025-05-10T01:23:44.177+0000] {logging_mixin.py:190} INFO - [2025-05-10T01:23:44.177+0000] {dagbag.py:588} INFO - Filling up the DagBag from /home/airflow/.local/lib/python3.12/site-packages/airflow/example_dags/example_trigger_controller_dag.py
[2025-05-10T01:23:44.180+0000] {processor.py:925} INFO - DAG(s) 'example_trigger_controller_dag' retrieved from /home/airflow/.local/lib/python3.12/site-packages/airflow/example_dags/example_trigger_controller_dag.py
[2025-05-10T01:23:44.194+0000] {logging_mixin.py:190} INFO - [2025-05-10T01:23:44.194+0000] {dag.py:3239} INFO - Sync 1 DAGs
[2025-05-10T01:23:44.208+0000] {logging_mixin.py:190} INFO - [2025-05-10T01:23:44.208+0000] {dag.py:4180} INFO - Setting next_dagrun for example_trigger_controller_dag to 2021-01-01 00:00:00+00:00, run_after=2021-01-01 00:00:00+00:00
[2025-05-10T01:23:44.220+0000] {processor.py:208} INFO - Processing /home/airflow/.local/lib/python3.12/site-packages/airflow/example_dags/example_trigger_controller_dag.py took 0.049 seconds
[2025-05-10T01:24:14.898+0000] {processor.py:186} INFO - Started process (PID=67828) to work on /home/airflow/.local/lib/python3.12/site-packages/airflow/example_dags/example_trigger_controller_dag.py
[2025-05-10T01:24:14.899+0000] {processor.py:914} INFO - Processing file /home/airflow/.local/lib/python3.12/site-packages/airflow/example_dags/example_trigger_controller_dag.py for tasks to queue
[2025-05-10T01:24:14.900+0000] {logging_mixin.py:190} INFO - [2025-05-10T01:24:14.900+0000] {dagbag.py:588} INFO - Filling up the DagBag from /home/airflow/.local/lib/python3.12/site-packages/airflow/example_dags/example_trigger_controller_dag.py
[2025-05-10T01:24:14.903+0000] {processor.py:925} INFO - DAG(s) 'example_trigger_controller_dag' retrieved from /home/airflow/.local/lib/python3.12/site-packages/airflow/example_dags/example_trigger_controller_dag.py
[2025-05-10T01:24:14.916+0000] {logging_mixin.py:190} INFO - [2025-05-10T01:24:14.916+0000] {dag.py:3239} INFO - Sync 1 DAGs
[2025-05-10T01:24:14.930+0000] {logging_mixin.py:190} INFO - [2025-05-10T01:24:14.930+0000] {dag.py:4180} INFO - Setting next_dagrun for example_trigger_controller_dag to 2021-01-01 00:00:00+00:00, run_after=2021-01-01 00:00:00+00:00
[2025-05-10T01:24:14.941+0000] {processor.py:208} INFO - Processing /home/airflow/.local/lib/python3.12/site-packages/airflow/example_dags/example_trigger_controller_dag.py took 0.047 seconds
[2025-05-10T01:24:45.737+0000] {processor.py:186} INFO - Started process (PID=67910) to work on /home/airflow/.local/lib/python3.12/site-packages/airflow/example_dags/example_trigger_controller_dag.py
[2025-05-10T01:24:45.738+0000] {processor.py:914} INFO - Processing file /home/airflow/.local/lib/python3.12/site-packages/airflow/example_dags/example_trigger_controller_dag.py for tasks to queue
[2025-05-10T01:24:45.738+0000] {logging_mixin.py:190} INFO - [2025-05-10T01:24:45.738+0000] {dagbag.py:588} INFO - Filling up the DagBag from /home/airflow/.local/lib/python3.12/site-packages/airflow/example_dags/example_trigger_controller_dag.py
[2025-05-10T01:24:45.742+0000] {processor.py:925} INFO - DAG(s) 'example_trigger_controller_dag' retrieved from /home/airflow/.local/lib/python3.12/site-packages/airflow/example_dags/example_trigger_controller_dag.py
[2025-05-10T01:24:45.755+0000] {logging_mixin.py:190} INFO - [2025-05-10T01:24:45.755+0000] {dag.py:3239} INFO - Sync 1 DAGs
[2025-05-10T01:24:45.768+0000] {logging_mixin.py:190} INFO - [2025-05-10T01:24:45.768+0000] {dag.py:4180} INFO - Setting next_dagrun for example_trigger_controller_dag to 2021-01-01 00:00:00+00:00, run_after=2021-01-01 00:00:00+00:00
[2025-05-10T01:24:45.779+0000] {processor.py:208} INFO - Processing /home/airflow/.local/lib/python3.12/site-packages/airflow/example_dags/example_trigger_controller_dag.py took 0.046 seconds
[2025-05-10T01:25:16.403+0000] {processor.py:186} INFO - Started process (PID=67992) to work on /home/airflow/.local/lib/python3.12/site-packages/airflow/example_dags/example_trigger_controller_dag.py
[2025-05-10T01:25:16.403+0000] {processor.py:914} INFO - Processing file /home/airflow/.local/lib/python3.12/site-packages/airflow/example_dags/example_trigger_controller_dag.py for tasks to queue
[2025-05-10T01:25:16.404+0000] {logging_mixin.py:190} INFO - [2025-05-10T01:25:16.404+0000] {dagbag.py:588} INFO - Filling up the DagBag from /home/airflow/.local/lib/python3.12/site-packages/airflow/example_dags/example_trigger_controller_dag.py
[2025-05-10T01:25:16.408+0000] {processor.py:925} INFO - DAG(s) 'example_trigger_controller_dag' retrieved from /home/airflow/.local/lib/python3.12/site-packages/airflow/example_dags/example_trigger_controller_dag.py
[2025-05-10T01:25:16.422+0000] {logging_mixin.py:190} INFO - [2025-05-10T01:25:16.421+0000] {dag.py:3239} INFO - Sync 1 DAGs
[2025-05-10T01:25:16.437+0000] {logging_mixin.py:190} INFO - [2025-05-10T01:25:16.436+0000] {dag.py:4180} INFO - Setting next_dagrun for example_trigger_controller_dag to 2021-01-01 00:00:00+00:00, run_after=2021-01-01 00:00:00+00:00
[2025-05-10T01:25:16.447+0000] {processor.py:208} INFO - Processing /home/airflow/.local/lib/python3.12/site-packages/airflow/example_dags/example_trigger_controller_dag.py took 0.050 seconds
[2025-05-10T01:25:46.991+0000] {processor.py:186} INFO - Started process (PID=68074) to work on /home/airflow/.local/lib/python3.12/site-packages/airflow/example_dags/example_trigger_controller_dag.py
[2025-05-10T01:25:46.992+0000] {processor.py:914} INFO - Processing file /home/airflow/.local/lib/python3.12/site-packages/airflow/example_dags/example_trigger_controller_dag.py for tasks to queue
[2025-05-10T01:25:46.993+0000] {logging_mixin.py:190} INFO - [2025-05-10T01:25:46.992+0000] {dagbag.py:588} INFO - Filling up the DagBag from /home/airflow/.local/lib/python3.12/site-packages/airflow/example_dags/example_trigger_controller_dag.py
[2025-05-10T01:25:46.996+0000] {processor.py:925} INFO - DAG(s) 'example_trigger_controller_dag' retrieved from /home/airflow/.local/lib/python3.12/site-packages/airflow/example_dags/example_trigger_controller_dag.py
[2025-05-10T01:25:47.009+0000] {logging_mixin.py:190} INFO - [2025-05-10T01:25:47.009+0000] {dag.py:3239} INFO - Sync 1 DAGs
[2025-05-10T01:25:47.023+0000] {logging_mixin.py:190} INFO - [2025-05-10T01:25:47.023+0000] {dag.py:4180} INFO - Setting next_dagrun for example_trigger_controller_dag to 2021-01-01 00:00:00+00:00, run_after=2021-01-01 00:00:00+00:00
[2025-05-10T01:25:47.034+0000] {processor.py:208} INFO - Processing /home/airflow/.local/lib/python3.12/site-packages/airflow/example_dags/example_trigger_controller_dag.py took 0.048 seconds
[2025-05-10T01:26:17.444+0000] {processor.py:186} INFO - Started process (PID=68156) to work on /home/airflow/.local/lib/python3.12/site-packages/airflow/example_dags/example_trigger_controller_dag.py
[2025-05-10T01:26:17.445+0000] {processor.py:914} INFO - Processing file /home/airflow/.local/lib/python3.12/site-packages/airflow/example_dags/example_trigger_controller_dag.py for tasks to queue
[2025-05-10T01:26:17.446+0000] {logging_mixin.py:190} INFO - [2025-05-10T01:26:17.446+0000] {dagbag.py:588} INFO - Filling up the DagBag from /home/airflow/.local/lib/python3.12/site-packages/airflow/example_dags/example_trigger_controller_dag.py
[2025-05-10T01:26:17.449+0000] {processor.py:925} INFO - DAG(s) 'example_trigger_controller_dag' retrieved from /home/airflow/.local/lib/python3.12/site-packages/airflow/example_dags/example_trigger_controller_dag.py
[2025-05-10T01:26:17.463+0000] {logging_mixin.py:190} INFO - [2025-05-10T01:26:17.463+0000] {dag.py:3239} INFO - Sync 1 DAGs
[2025-05-10T01:26:17.477+0000] {logging_mixin.py:190} INFO - [2025-05-10T01:26:17.476+0000] {dag.py:4180} INFO - Setting next_dagrun for example_trigger_controller_dag to 2021-01-01 00:00:00+00:00, run_after=2021-01-01 00:00:00+00:00
[2025-05-10T01:26:17.488+0000] {processor.py:208} INFO - Processing /home/airflow/.local/lib/python3.12/site-packages/airflow/example_dags/example_trigger_controller_dag.py took 0.048 seconds
[2025-05-10T01:26:48.042+0000] {processor.py:186} INFO - Started process (PID=68238) to work on /home/airflow/.local/lib/python3.12/site-packages/airflow/example_dags/example_trigger_controller_dag.py
[2025-05-10T01:26:48.043+0000] {processor.py:914} INFO - Processing file /home/airflow/.local/lib/python3.12/site-packages/airflow/example_dags/example_trigger_controller_dag.py for tasks to queue
[2025-05-10T01:26:48.043+0000] {logging_mixin.py:190} INFO - [2025-05-10T01:26:48.043+0000] {dagbag.py:588} INFO - Filling up the DagBag from /home/airflow/.local/lib/python3.12/site-packages/airflow/example_dags/example_trigger_controller_dag.py
[2025-05-10T01:26:48.047+0000] {processor.py:925} INFO - DAG(s) 'example_trigger_controller_dag' retrieved from /home/airflow/.local/lib/python3.12/site-packages/airflow/example_dags/example_trigger_controller_dag.py
[2025-05-10T01:26:48.066+0000] {logging_mixin.py:190} INFO - [2025-05-10T01:26:48.065+0000] {dag.py:3239} INFO - Sync 1 DAGs
[2025-05-10T01:26:48.082+0000] {logging_mixin.py:190} INFO - [2025-05-10T01:26:48.082+0000] {dag.py:4180} INFO - Setting next_dagrun for example_trigger_controller_dag to 2021-01-01 00:00:00+00:00, run_after=2021-01-01 00:00:00+00:00
[2025-05-10T01:26:48.096+0000] {processor.py:208} INFO - Processing /home/airflow/.local/lib/python3.12/site-packages/airflow/example_dags/example_trigger_controller_dag.py took 0.059 seconds
[2025-05-10T01:27:18.616+0000] {processor.py:186} INFO - Started process (PID=68320) to work on /home/airflow/.local/lib/python3.12/site-packages/airflow/example_dags/example_trigger_controller_dag.py
[2025-05-10T01:27:18.617+0000] {processor.py:914} INFO - Processing file /home/airflow/.local/lib/python3.12/site-packages/airflow/example_dags/example_trigger_controller_dag.py for tasks to queue
[2025-05-10T01:27:18.618+0000] {logging_mixin.py:190} INFO - [2025-05-10T01:27:18.618+0000] {dagbag.py:588} INFO - Filling up the DagBag from /home/airflow/.local/lib/python3.12/site-packages/airflow/example_dags/example_trigger_controller_dag.py
[2025-05-10T01:27:18.622+0000] {processor.py:925} INFO - DAG(s) 'example_trigger_controller_dag' retrieved from /home/airflow/.local/lib/python3.12/site-packages/airflow/example_dags/example_trigger_controller_dag.py
[2025-05-10T01:27:18.636+0000] {logging_mixin.py:190} INFO - [2025-05-10T01:27:18.636+0000] {dag.py:3239} INFO - Sync 1 DAGs
[2025-05-10T02:18:36.084+0000] {logging_mixin.py:190} INFO - [2025-05-10T02:18:36.084+0000] {dag.py:4180} INFO - Setting next_dagrun for example_trigger_controller_dag to 2021-01-01 00:00:00+00:00, run_after=2021-01-01 00:00:00+00:00
[2025-05-10T02:18:36.175+0000] {processor.py:208} INFO - Processing /home/airflow/.local/lib/python3.12/site-packages/airflow/example_dags/example_trigger_controller_dag.py took 3088.234 seconds
[2025-05-10T02:19:06.354+0000] {processor.py:186} INFO - Started process (PID=68409) to work on /home/airflow/.local/lib/python3.12/site-packages/airflow/example_dags/example_trigger_controller_dag.py
[2025-05-10T02:19:06.355+0000] {processor.py:914} INFO - Processing file /home/airflow/.local/lib/python3.12/site-packages/airflow/example_dags/example_trigger_controller_dag.py for tasks to queue
[2025-05-10T02:19:06.356+0000] {logging_mixin.py:190} INFO - [2025-05-10T02:19:06.355+0000] {dagbag.py:588} INFO - Filling up the DagBag from /home/airflow/.local/lib/python3.12/site-packages/airflow/example_dags/example_trigger_controller_dag.py
[2025-05-10T02:19:06.359+0000] {processor.py:925} INFO - DAG(s) 'example_trigger_controller_dag' retrieved from /home/airflow/.local/lib/python3.12/site-packages/airflow/example_dags/example_trigger_controller_dag.py
[2025-05-10T02:19:06.373+0000] {logging_mixin.py:190} INFO - [2025-05-10T02:19:06.373+0000] {dag.py:3239} INFO - Sync 1 DAGs
[2025-05-10T02:19:06.387+0000] {logging_mixin.py:190} INFO - [2025-05-10T02:19:06.387+0000] {dag.py:4180} INFO - Setting next_dagrun for example_trigger_controller_dag to 2021-01-01 00:00:00+00:00, run_after=2021-01-01 00:00:00+00:00
[2025-05-10T02:19:06.404+0000] {processor.py:208} INFO - Processing /home/airflow/.local/lib/python3.12/site-packages/airflow/example_dags/example_trigger_controller_dag.py took 0.055 seconds
[2025-05-10T02:19:36.485+0000] {processor.py:186} INFO - Started process (PID=68491) to work on /home/airflow/.local/lib/python3.12/site-packages/airflow/example_dags/example_trigger_controller_dag.py
[2025-05-10T02:19:36.486+0000] {processor.py:914} INFO - Processing file /home/airflow/.local/lib/python3.12/site-packages/airflow/example_dags/example_trigger_controller_dag.py for tasks to queue
[2025-05-10T02:19:36.487+0000] {logging_mixin.py:190} INFO - [2025-05-10T02:19:36.486+0000] {dagbag.py:588} INFO - Filling up the DagBag from /home/airflow/.local/lib/python3.12/site-packages/airflow/example_dags/example_trigger_controller_dag.py
[2025-05-10T02:19:36.490+0000] {processor.py:925} INFO - DAG(s) 'example_trigger_controller_dag' retrieved from /home/airflow/.local/lib/python3.12/site-packages/airflow/example_dags/example_trigger_controller_dag.py
[2025-05-10T02:19:36.505+0000] {logging_mixin.py:190} INFO - [2025-05-10T02:19:36.504+0000] {dag.py:3239} INFO - Sync 1 DAGs
[2025-05-10T02:19:36.519+0000] {logging_mixin.py:190} INFO - [2025-05-10T02:19:36.519+0000] {dag.py:4180} INFO - Setting next_dagrun for example_trigger_controller_dag to 2021-01-01 00:00:00+00:00, run_after=2021-01-01 00:00:00+00:00
[2025-05-10T02:19:36.531+0000] {processor.py:208} INFO - Processing /home/airflow/.local/lib/python3.12/site-packages/airflow/example_dags/example_trigger_controller_dag.py took 0.054 seconds
[2025-05-10T02:20:06.937+0000] {processor.py:186} INFO - Started process (PID=68573) to work on /home/airflow/.local/lib/python3.12/site-packages/airflow/example_dags/example_trigger_controller_dag.py
[2025-05-10T02:20:06.937+0000] {processor.py:914} INFO - Processing file /home/airflow/.local/lib/python3.12/site-packages/airflow/example_dags/example_trigger_controller_dag.py for tasks to queue
[2025-05-10T02:20:06.938+0000] {logging_mixin.py:190} INFO - [2025-05-10T02:20:06.938+0000] {dagbag.py:588} INFO - Filling up the DagBag from /home/airflow/.local/lib/python3.12/site-packages/airflow/example_dags/example_trigger_controller_dag.py
[2025-05-10T02:20:06.941+0000] {processor.py:925} INFO - DAG(s) 'example_trigger_controller_dag' retrieved from /home/airflow/.local/lib/python3.12/site-packages/airflow/example_dags/example_trigger_controller_dag.py
[2025-05-10T02:20:06.959+0000] {logging_mixin.py:190} INFO - [2025-05-10T02:20:06.959+0000] {dag.py:3239} INFO - Sync 1 DAGs
[2025-05-10T02:20:06.976+0000] {logging_mixin.py:190} INFO - [2025-05-10T02:20:06.976+0000] {dag.py:4180} INFO - Setting next_dagrun for example_trigger_controller_dag to 2021-01-01 00:00:00+00:00, run_after=2021-01-01 00:00:00+00:00
[2025-05-10T02:20:06.993+0000] {processor.py:208} INFO - Processing /home/airflow/.local/lib/python3.12/site-packages/airflow/example_dags/example_trigger_controller_dag.py took 0.062 seconds
[2025-05-10T02:20:37.771+0000] {processor.py:186} INFO - Started process (PID=68655) to work on /home/airflow/.local/lib/python3.12/site-packages/airflow/example_dags/example_trigger_controller_dag.py
[2025-05-10T02:20:37.772+0000] {processor.py:914} INFO - Processing file /home/airflow/.local/lib/python3.12/site-packages/airflow/example_dags/example_trigger_controller_dag.py for tasks to queue
[2025-05-10T02:20:37.773+0000] {logging_mixin.py:190} INFO - [2025-05-10T02:20:37.773+0000] {dagbag.py:588} INFO - Filling up the DagBag from /home/airflow/.local/lib/python3.12/site-packages/airflow/example_dags/example_trigger_controller_dag.py
[2025-05-10T02:20:37.776+0000] {processor.py:925} INFO - DAG(s) 'example_trigger_controller_dag' retrieved from /home/airflow/.local/lib/python3.12/site-packages/airflow/example_dags/example_trigger_controller_dag.py
[2025-05-10T02:20:37.790+0000] {logging_mixin.py:190} INFO - [2025-05-10T02:20:37.790+0000] {dag.py:3239} INFO - Sync 1 DAGs
[2025-05-10T02:20:37.803+0000] {logging_mixin.py:190} INFO - [2025-05-10T02:20:37.803+0000] {dag.py:4180} INFO - Setting next_dagrun for example_trigger_controller_dag to 2021-01-01 00:00:00+00:00, run_after=2021-01-01 00:00:00+00:00
[2025-05-10T02:20:37.814+0000] {processor.py:208} INFO - Processing /home/airflow/.local/lib/python3.12/site-packages/airflow/example_dags/example_trigger_controller_dag.py took 0.049 seconds
[2025-05-10T04:20:40.349+0000] {processor.py:186} INFO - Started process (PID=68792) to work on /home/airflow/.local/lib/python3.12/site-packages/airflow/example_dags/example_trigger_controller_dag.py
[2025-05-10T04:20:40.350+0000] {processor.py:914} INFO - Processing file /home/airflow/.local/lib/python3.12/site-packages/airflow/example_dags/example_trigger_controller_dag.py for tasks to queue
[2025-05-10T04:20:40.351+0000] {logging_mixin.py:190} INFO - [2025-05-10T04:20:40.351+0000] {dagbag.py:588} INFO - Filling up the DagBag from /home/airflow/.local/lib/python3.12/site-packages/airflow/example_dags/example_trigger_controller_dag.py
[2025-05-10T04:20:40.354+0000] {processor.py:925} INFO - DAG(s) 'example_trigger_controller_dag' retrieved from /home/airflow/.local/lib/python3.12/site-packages/airflow/example_dags/example_trigger_controller_dag.py
[2025-05-10T04:20:40.371+0000] {logging_mixin.py:190} INFO - [2025-05-10T04:20:40.371+0000] {dag.py:3239} INFO - Sync 1 DAGs
[2025-05-10T04:20:40.385+0000] {logging_mixin.py:190} INFO - [2025-05-10T04:20:40.385+0000] {dag.py:4180} INFO - Setting next_dagrun for example_trigger_controller_dag to 2021-01-01 00:00:00+00:00, run_after=2021-01-01 00:00:00+00:00
[2025-05-10T04:20:40.398+0000] {processor.py:208} INFO - Processing /home/airflow/.local/lib/python3.12/site-packages/airflow/example_dags/example_trigger_controller_dag.py took 0.053 seconds
