[2025-05-10T01:19:39.547+0000] {processor.py:186} INFO - Started process (PID=67107) to work on /home/airflow/.local/lib/python3.12/site-packages/airflow/example_dags/example_python_decorator.py
[2025-05-10T01:19:39.548+0000] {processor.py:914} INFO - Processing file /home/airflow/.local/lib/python3.12/site-packages/airflow/example_dags/example_python_decorator.py for tasks to queue
[2025-05-10T01:19:39.549+0000] {logging_mixin.py:190} INFO - [2025-05-10T01:19:39.549+0000] {dagbag.py:588} INFO - Filling up the DagBag from /home/airflow/.local/lib/python3.12/site-packages/airflow/example_dags/example_python_decorator.py
[2025-05-10T01:19:39.559+0000] {processor.py:925} INFO - DAG(s) 'example_python_decorator' retrieved from /home/airflow/.local/lib/python3.12/site-packages/airflow/example_dags/example_python_decorator.py
[2025-05-10T01:19:39.577+0000] {logging_mixin.py:190} INFO - [2025-05-10T01:19:39.577+0000] {dag.py:3239} INFO - Sync 1 DAGs
[2025-05-10T01:19:39.587+0000] {logging_mixin.py:190} INFO - [2025-05-10T01:19:39.587+0000] {dag.py:4180} INFO - Setting next_dagrun for example_python_decorator to None, run_after=None
[2025-05-10T01:19:39.602+0000] {processor.py:208} INFO - Processing /home/airflow/.local/lib/python3.12/site-packages/airflow/example_dags/example_python_decorator.py took 0.060 seconds
[2025-05-10T01:20:10.714+0000] {processor.py:186} INFO - Started process (PID=67189) to work on /home/airflow/.local/lib/python3.12/site-packages/airflow/example_dags/example_python_decorator.py
[2025-05-10T01:20:10.715+0000] {processor.py:914} INFO - Processing file /home/airflow/.local/lib/python3.12/site-packages/airflow/example_dags/example_python_decorator.py for tasks to queue
[2025-05-10T01:20:10.716+0000] {logging_mixin.py:190} INFO - [2025-05-10T01:20:10.716+0000] {dagbag.py:588} INFO - Filling up the DagBag from /home/airflow/.local/lib/python3.12/site-packages/airflow/example_dags/example_python_decorator.py
[2025-05-10T01:20:10.727+0000] {processor.py:925} INFO - DAG(s) 'example_python_decorator' retrieved from /home/airflow/.local/lib/python3.12/site-packages/airflow/example_dags/example_python_decorator.py
[2025-05-10T01:20:10.750+0000] {logging_mixin.py:190} INFO - [2025-05-10T01:20:10.750+0000] {dag.py:3239} INFO - Sync 1 DAGs
[2025-05-10T01:20:10.765+0000] {logging_mixin.py:190} INFO - [2025-05-10T01:20:10.765+0000] {dag.py:4180} INFO - Setting next_dagrun for example_python_decorator to None, run_after=None
[2025-05-10T01:20:10.789+0000] {processor.py:208} INFO - Processing /home/airflow/.local/lib/python3.12/site-packages/airflow/example_dags/example_python_decorator.py took 0.082 seconds
[2025-05-10T01:20:41.845+0000] {processor.py:186} INFO - Started process (PID=67279) to work on /home/airflow/.local/lib/python3.12/site-packages/airflow/example_dags/example_python_decorator.py
[2025-05-10T01:20:41.846+0000] {processor.py:914} INFO - Processing file /home/airflow/.local/lib/python3.12/site-packages/airflow/example_dags/example_python_decorator.py for tasks to queue
[2025-05-10T01:20:41.847+0000] {logging_mixin.py:190} INFO - [2025-05-10T01:20:41.847+0000] {dagbag.py:588} INFO - Filling up the DagBag from /home/airflow/.local/lib/python3.12/site-packages/airflow/example_dags/example_python_decorator.py
[2025-05-10T01:20:41.856+0000] {processor.py:925} INFO - DAG(s) 'example_python_decorator' retrieved from /home/airflow/.local/lib/python3.12/site-packages/airflow/example_dags/example_python_decorator.py
[2025-05-10T01:20:41.874+0000] {logging_mixin.py:190} INFO - [2025-05-10T01:20:41.874+0000] {dag.py:3239} INFO - Sync 1 DAGs
[2025-05-10T01:20:41.884+0000] {logging_mixin.py:190} INFO - [2025-05-10T01:20:41.884+0000] {dag.py:4180} INFO - Setting next_dagrun for example_python_decorator to None, run_after=None
[2025-05-10T01:20:41.898+0000] {processor.py:208} INFO - Processing /home/airflow/.local/lib/python3.12/site-packages/airflow/example_dags/example_python_decorator.py took 0.057 seconds
[2025-05-10T01:21:13.141+0000] {processor.py:186} INFO - Started process (PID=67372) to work on /home/airflow/.local/lib/python3.12/site-packages/airflow/example_dags/example_python_decorator.py
[2025-05-10T01:21:13.141+0000] {processor.py:914} INFO - Processing file /home/airflow/.local/lib/python3.12/site-packages/airflow/example_dags/example_python_decorator.py for tasks to queue
[2025-05-10T01:21:13.142+0000] {logging_mixin.py:190} INFO - [2025-05-10T01:21:13.142+0000] {dagbag.py:588} INFO - Filling up the DagBag from /home/airflow/.local/lib/python3.12/site-packages/airflow/example_dags/example_python_decorator.py
[2025-05-10T01:21:13.151+0000] {processor.py:925} INFO - DAG(s) 'example_python_decorator' retrieved from /home/airflow/.local/lib/python3.12/site-packages/airflow/example_dags/example_python_decorator.py
[2025-05-10T01:21:13.166+0000] {logging_mixin.py:190} INFO - [2025-05-10T01:21:13.165+0000] {dag.py:3239} INFO - Sync 1 DAGs
[2025-05-10T01:21:13.175+0000] {logging_mixin.py:190} INFO - [2025-05-10T01:21:13.175+0000] {dag.py:4180} INFO - Setting next_dagrun for example_python_decorator to None, run_after=None
[2025-05-10T01:21:13.188+0000] {processor.py:208} INFO - Processing /home/airflow/.local/lib/python3.12/site-packages/airflow/example_dags/example_python_decorator.py took 0.052 seconds
[2025-05-10T01:21:43.957+0000] {processor.py:186} INFO - Started process (PID=67455) to work on /home/airflow/.local/lib/python3.12/site-packages/airflow/example_dags/example_python_decorator.py
[2025-05-10T01:21:43.957+0000] {processor.py:914} INFO - Processing file /home/airflow/.local/lib/python3.12/site-packages/airflow/example_dags/example_python_decorator.py for tasks to queue
[2025-05-10T01:21:43.958+0000] {logging_mixin.py:190} INFO - [2025-05-10T01:21:43.958+0000] {dagbag.py:588} INFO - Filling up the DagBag from /home/airflow/.local/lib/python3.12/site-packages/airflow/example_dags/example_python_decorator.py
[2025-05-10T01:21:43.967+0000] {processor.py:925} INFO - DAG(s) 'example_python_decorator' retrieved from /home/airflow/.local/lib/python3.12/site-packages/airflow/example_dags/example_python_decorator.py
[2025-05-10T01:21:43.982+0000] {logging_mixin.py:190} INFO - [2025-05-10T01:21:43.982+0000] {dag.py:3239} INFO - Sync 1 DAGs
[2025-05-10T01:21:43.991+0000] {logging_mixin.py:190} INFO - [2025-05-10T01:21:43.991+0000] {dag.py:4180} INFO - Setting next_dagrun for example_python_decorator to None, run_after=None
[2025-05-10T01:21:44.002+0000] {processor.py:208} INFO - Processing /home/airflow/.local/lib/python3.12/site-packages/airflow/example_dags/example_python_decorator.py took 0.050 seconds
[2025-05-10T01:22:14.667+0000] {processor.py:186} INFO - Started process (PID=67538) to work on /home/airflow/.local/lib/python3.12/site-packages/airflow/example_dags/example_python_decorator.py
[2025-05-10T01:22:14.668+0000] {processor.py:914} INFO - Processing file /home/airflow/.local/lib/python3.12/site-packages/airflow/example_dags/example_python_decorator.py for tasks to queue
[2025-05-10T01:22:14.668+0000] {logging_mixin.py:190} INFO - [2025-05-10T01:22:14.668+0000] {dagbag.py:588} INFO - Filling up the DagBag from /home/airflow/.local/lib/python3.12/site-packages/airflow/example_dags/example_python_decorator.py
[2025-05-10T01:22:14.677+0000] {processor.py:925} INFO - DAG(s) 'example_python_decorator' retrieved from /home/airflow/.local/lib/python3.12/site-packages/airflow/example_dags/example_python_decorator.py
[2025-05-10T01:22:14.693+0000] {logging_mixin.py:190} INFO - [2025-05-10T01:22:14.693+0000] {dag.py:3239} INFO - Sync 1 DAGs
[2025-05-10T01:22:14.702+0000] {logging_mixin.py:190} INFO - [2025-05-10T01:22:14.702+0000] {dag.py:4180} INFO - Setting next_dagrun for example_python_decorator to None, run_after=None
[2025-05-10T01:22:14.713+0000] {processor.py:208} INFO - Processing /home/airflow/.local/lib/python3.12/site-packages/airflow/example_dags/example_python_decorator.py took 0.051 seconds
[2025-05-10T01:22:45.572+0000] {processor.py:186} INFO - Started process (PID=67620) to work on /home/airflow/.local/lib/python3.12/site-packages/airflow/example_dags/example_python_decorator.py
[2025-05-10T01:22:45.573+0000] {processor.py:914} INFO - Processing file /home/airflow/.local/lib/python3.12/site-packages/airflow/example_dags/example_python_decorator.py for tasks to queue
[2025-05-10T01:22:45.574+0000] {logging_mixin.py:190} INFO - [2025-05-10T01:22:45.574+0000] {dagbag.py:588} INFO - Filling up the DagBag from /home/airflow/.local/lib/python3.12/site-packages/airflow/example_dags/example_python_decorator.py
[2025-05-10T01:22:45.583+0000] {processor.py:925} INFO - DAG(s) 'example_python_decorator' retrieved from /home/airflow/.local/lib/python3.12/site-packages/airflow/example_dags/example_python_decorator.py
[2025-05-10T01:22:45.598+0000] {logging_mixin.py:190} INFO - [2025-05-10T01:22:45.597+0000] {dag.py:3239} INFO - Sync 1 DAGs
[2025-05-10T01:22:45.606+0000] {logging_mixin.py:190} INFO - [2025-05-10T01:22:45.606+0000] {dag.py:4180} INFO - Setting next_dagrun for example_python_decorator to None, run_after=None
[2025-05-10T01:22:45.618+0000] {processor.py:208} INFO - Processing /home/airflow/.local/lib/python3.12/site-packages/airflow/example_dags/example_python_decorator.py took 0.050 seconds
[2025-05-10T01:23:16.257+0000] {processor.py:186} INFO - Started process (PID=67702) to work on /home/airflow/.local/lib/python3.12/site-packages/airflow/example_dags/example_python_decorator.py
[2025-05-10T01:23:16.258+0000] {processor.py:914} INFO - Processing file /home/airflow/.local/lib/python3.12/site-packages/airflow/example_dags/example_python_decorator.py for tasks to queue
[2025-05-10T01:23:16.259+0000] {logging_mixin.py:190} INFO - [2025-05-10T01:23:16.259+0000] {dagbag.py:588} INFO - Filling up the DagBag from /home/airflow/.local/lib/python3.12/site-packages/airflow/example_dags/example_python_decorator.py
[2025-05-10T01:23:16.268+0000] {processor.py:925} INFO - DAG(s) 'example_python_decorator' retrieved from /home/airflow/.local/lib/python3.12/site-packages/airflow/example_dags/example_python_decorator.py
[2025-05-10T01:23:16.284+0000] {logging_mixin.py:190} INFO - [2025-05-10T01:23:16.283+0000] {dag.py:3239} INFO - Sync 1 DAGs
[2025-05-10T01:23:16.293+0000] {logging_mixin.py:190} INFO - [2025-05-10T01:23:16.292+0000] {dag.py:4180} INFO - Setting next_dagrun for example_python_decorator to None, run_after=None
[2025-05-10T01:23:16.306+0000] {processor.py:208} INFO - Processing /home/airflow/.local/lib/python3.12/site-packages/airflow/example_dags/example_python_decorator.py took 0.054 seconds
[2025-05-10T01:23:46.865+0000] {processor.py:186} INFO - Started process (PID=67784) to work on /home/airflow/.local/lib/python3.12/site-packages/airflow/example_dags/example_python_decorator.py
[2025-05-10T01:23:46.866+0000] {processor.py:914} INFO - Processing file /home/airflow/.local/lib/python3.12/site-packages/airflow/example_dags/example_python_decorator.py for tasks to queue
[2025-05-10T01:23:46.867+0000] {logging_mixin.py:190} INFO - [2025-05-10T01:23:46.866+0000] {dagbag.py:588} INFO - Filling up the DagBag from /home/airflow/.local/lib/python3.12/site-packages/airflow/example_dags/example_python_decorator.py
[2025-05-10T01:23:46.876+0000] {processor.py:925} INFO - DAG(s) 'example_python_decorator' retrieved from /home/airflow/.local/lib/python3.12/site-packages/airflow/example_dags/example_python_decorator.py
[2025-05-10T01:23:46.892+0000] {logging_mixin.py:190} INFO - [2025-05-10T01:23:46.892+0000] {dag.py:3239} INFO - Sync 1 DAGs
[2025-05-10T01:23:46.902+0000] {logging_mixin.py:190} INFO - [2025-05-10T01:23:46.901+0000] {dag.py:4180} INFO - Setting next_dagrun for example_python_decorator to None, run_after=None
[2025-05-10T01:23:46.914+0000] {processor.py:208} INFO - Processing /home/airflow/.local/lib/python3.12/site-packages/airflow/example_dags/example_python_decorator.py took 0.054 seconds
[2025-05-10T01:24:17.564+0000] {processor.py:186} INFO - Started process (PID=67866) to work on /home/airflow/.local/lib/python3.12/site-packages/airflow/example_dags/example_python_decorator.py
[2025-05-10T01:24:17.565+0000] {processor.py:914} INFO - Processing file /home/airflow/.local/lib/python3.12/site-packages/airflow/example_dags/example_python_decorator.py for tasks to queue
[2025-05-10T01:24:17.566+0000] {logging_mixin.py:190} INFO - [2025-05-10T01:24:17.566+0000] {dagbag.py:588} INFO - Filling up the DagBag from /home/airflow/.local/lib/python3.12/site-packages/airflow/example_dags/example_python_decorator.py
[2025-05-10T01:24:17.575+0000] {processor.py:925} INFO - DAG(s) 'example_python_decorator' retrieved from /home/airflow/.local/lib/python3.12/site-packages/airflow/example_dags/example_python_decorator.py
[2025-05-10T01:24:17.590+0000] {logging_mixin.py:190} INFO - [2025-05-10T01:24:17.590+0000] {dag.py:3239} INFO - Sync 1 DAGs
[2025-05-10T01:24:17.599+0000] {logging_mixin.py:190} INFO - [2025-05-10T01:24:17.599+0000] {dag.py:4180} INFO - Setting next_dagrun for example_python_decorator to None, run_after=None
[2025-05-10T01:24:17.610+0000] {processor.py:208} INFO - Processing /home/airflow/.local/lib/python3.12/site-packages/airflow/example_dags/example_python_decorator.py took 0.050 seconds
[2025-05-10T01:24:48.378+0000] {processor.py:186} INFO - Started process (PID=67948) to work on /home/airflow/.local/lib/python3.12/site-packages/airflow/example_dags/example_python_decorator.py
[2025-05-10T01:24:48.379+0000] {processor.py:914} INFO - Processing file /home/airflow/.local/lib/python3.12/site-packages/airflow/example_dags/example_python_decorator.py for tasks to queue
[2025-05-10T01:24:48.380+0000] {logging_mixin.py:190} INFO - [2025-05-10T01:24:48.379+0000] {dagbag.py:588} INFO - Filling up the DagBag from /home/airflow/.local/lib/python3.12/site-packages/airflow/example_dags/example_python_decorator.py
[2025-05-10T01:24:48.389+0000] {processor.py:925} INFO - DAG(s) 'example_python_decorator' retrieved from /home/airflow/.local/lib/python3.12/site-packages/airflow/example_dags/example_python_decorator.py
[2025-05-10T01:24:48.404+0000] {logging_mixin.py:190} INFO - [2025-05-10T01:24:48.404+0000] {dag.py:3239} INFO - Sync 1 DAGs
[2025-05-10T01:24:48.414+0000] {logging_mixin.py:190} INFO - [2025-05-10T01:24:48.414+0000] {dag.py:4180} INFO - Setting next_dagrun for example_python_decorator to None, run_after=None
[2025-05-10T01:24:48.426+0000] {processor.py:208} INFO - Processing /home/airflow/.local/lib/python3.12/site-packages/airflow/example_dags/example_python_decorator.py took 0.053 seconds
[2025-05-10T01:25:19.067+0000] {processor.py:186} INFO - Started process (PID=68030) to work on /home/airflow/.local/lib/python3.12/site-packages/airflow/example_dags/example_python_decorator.py
[2025-05-10T01:25:19.068+0000] {processor.py:914} INFO - Processing file /home/airflow/.local/lib/python3.12/site-packages/airflow/example_dags/example_python_decorator.py for tasks to queue
[2025-05-10T01:25:19.069+0000] {logging_mixin.py:190} INFO - [2025-05-10T01:25:19.069+0000] {dagbag.py:588} INFO - Filling up the DagBag from /home/airflow/.local/lib/python3.12/site-packages/airflow/example_dags/example_python_decorator.py
[2025-05-10T01:25:19.078+0000] {processor.py:925} INFO - DAG(s) 'example_python_decorator' retrieved from /home/airflow/.local/lib/python3.12/site-packages/airflow/example_dags/example_python_decorator.py
[2025-05-10T01:25:19.095+0000] {logging_mixin.py:190} INFO - [2025-05-10T01:25:19.094+0000] {dag.py:3239} INFO - Sync 1 DAGs
[2025-05-10T01:25:19.104+0000] {logging_mixin.py:190} INFO - [2025-05-10T01:25:19.104+0000] {dag.py:4180} INFO - Setting next_dagrun for example_python_decorator to None, run_after=None
[2025-05-10T01:25:19.117+0000] {processor.py:208} INFO - Processing /home/airflow/.local/lib/python3.12/site-packages/airflow/example_dags/example_python_decorator.py took 0.054 seconds
[2025-05-10T01:25:49.597+0000] {processor.py:186} INFO - Started process (PID=68112) to work on /home/airflow/.local/lib/python3.12/site-packages/airflow/example_dags/example_python_decorator.py
[2025-05-10T01:25:49.597+0000] {processor.py:914} INFO - Processing file /home/airflow/.local/lib/python3.12/site-packages/airflow/example_dags/example_python_decorator.py for tasks to queue
[2025-05-10T01:25:49.598+0000] {logging_mixin.py:190} INFO - [2025-05-10T01:25:49.598+0000] {dagbag.py:588} INFO - Filling up the DagBag from /home/airflow/.local/lib/python3.12/site-packages/airflow/example_dags/example_python_decorator.py
[2025-05-10T01:25:49.607+0000] {processor.py:925} INFO - DAG(s) 'example_python_decorator' retrieved from /home/airflow/.local/lib/python3.12/site-packages/airflow/example_dags/example_python_decorator.py
[2025-05-10T01:25:49.623+0000] {logging_mixin.py:190} INFO - [2025-05-10T01:25:49.623+0000] {dag.py:3239} INFO - Sync 1 DAGs
[2025-05-10T01:25:49.632+0000] {logging_mixin.py:190} INFO - [2025-05-10T01:25:49.632+0000] {dag.py:4180} INFO - Setting next_dagrun for example_python_decorator to None, run_after=None
[2025-05-10T01:25:49.646+0000] {processor.py:208} INFO - Processing /home/airflow/.local/lib/python3.12/site-packages/airflow/example_dags/example_python_decorator.py took 0.054 seconds
[2025-05-10T01:26:20.050+0000] {processor.py:186} INFO - Started process (PID=68194) to work on /home/airflow/.local/lib/python3.12/site-packages/airflow/example_dags/example_python_decorator.py
[2025-05-10T01:26:20.051+0000] {processor.py:914} INFO - Processing file /home/airflow/.local/lib/python3.12/site-packages/airflow/example_dags/example_python_decorator.py for tasks to queue
[2025-05-10T01:26:20.052+0000] {logging_mixin.py:190} INFO - [2025-05-10T01:26:20.052+0000] {dagbag.py:588} INFO - Filling up the DagBag from /home/airflow/.local/lib/python3.12/site-packages/airflow/example_dags/example_python_decorator.py
[2025-05-10T01:26:20.061+0000] {processor.py:925} INFO - DAG(s) 'example_python_decorator' retrieved from /home/airflow/.local/lib/python3.12/site-packages/airflow/example_dags/example_python_decorator.py
[2025-05-10T01:26:20.076+0000] {logging_mixin.py:190} INFO - [2025-05-10T01:26:20.076+0000] {dag.py:3239} INFO - Sync 1 DAGs
[2025-05-10T01:26:20.085+0000] {logging_mixin.py:190} INFO - [2025-05-10T01:26:20.085+0000] {dag.py:4180} INFO - Setting next_dagrun for example_python_decorator to None, run_after=None
[2025-05-10T01:26:20.096+0000] {processor.py:208} INFO - Processing /home/airflow/.local/lib/python3.12/site-packages/airflow/example_dags/example_python_decorator.py took 0.050 seconds
[2025-05-10T01:26:50.688+0000] {processor.py:186} INFO - Started process (PID=68276) to work on /home/airflow/.local/lib/python3.12/site-packages/airflow/example_dags/example_python_decorator.py
[2025-05-10T01:26:50.688+0000] {processor.py:914} INFO - Processing file /home/airflow/.local/lib/python3.12/site-packages/airflow/example_dags/example_python_decorator.py for tasks to queue
[2025-05-10T01:26:50.689+0000] {logging_mixin.py:190} INFO - [2025-05-10T01:26:50.689+0000] {dagbag.py:588} INFO - Filling up the DagBag from /home/airflow/.local/lib/python3.12/site-packages/airflow/example_dags/example_python_decorator.py
[2025-05-10T01:26:50.699+0000] {processor.py:925} INFO - DAG(s) 'example_python_decorator' retrieved from /home/airflow/.local/lib/python3.12/site-packages/airflow/example_dags/example_python_decorator.py
[2025-05-10T01:26:50.714+0000] {logging_mixin.py:190} INFO - [2025-05-10T01:26:50.714+0000] {dag.py:3239} INFO - Sync 1 DAGs
[2025-05-10T01:26:50.723+0000] {logging_mixin.py:190} INFO - [2025-05-10T01:26:50.723+0000] {dag.py:4180} INFO - Setting next_dagrun for example_python_decorator to None, run_after=None
[2025-05-10T01:26:50.736+0000] {processor.py:208} INFO - Processing /home/airflow/.local/lib/python3.12/site-packages/airflow/example_dags/example_python_decorator.py took 0.053 seconds
[2025-05-10T02:18:40.940+0000] {processor.py:186} INFO - Started process (PID=68393) to work on /home/airflow/.local/lib/python3.12/site-packages/airflow/example_dags/example_python_decorator.py
[2025-05-10T02:18:40.941+0000] {processor.py:914} INFO - Processing file /home/airflow/.local/lib/python3.12/site-packages/airflow/example_dags/example_python_decorator.py for tasks to queue
[2025-05-10T02:18:40.942+0000] {logging_mixin.py:190} INFO - [2025-05-10T02:18:40.941+0000] {dagbag.py:588} INFO - Filling up the DagBag from /home/airflow/.local/lib/python3.12/site-packages/airflow/example_dags/example_python_decorator.py
[2025-05-10T02:18:40.954+0000] {processor.py:925} INFO - DAG(s) 'example_python_decorator' retrieved from /home/airflow/.local/lib/python3.12/site-packages/airflow/example_dags/example_python_decorator.py
[2025-05-10T02:18:40.972+0000] {logging_mixin.py:190} INFO - [2025-05-10T02:18:40.972+0000] {dag.py:3239} INFO - Sync 1 DAGs
[2025-05-10T02:18:40.983+0000] {logging_mixin.py:190} INFO - [2025-05-10T02:18:40.983+0000] {dag.py:4180} INFO - Setting next_dagrun for example_python_decorator to None, run_after=None
[2025-05-10T02:18:41.000+0000] {processor.py:208} INFO - Processing /home/airflow/.local/lib/python3.12/site-packages/airflow/example_dags/example_python_decorator.py took 0.066 seconds
[2025-05-10T02:19:12.154+0000] {processor.py:186} INFO - Started process (PID=68475) to work on /home/airflow/.local/lib/python3.12/site-packages/airflow/example_dags/example_python_decorator.py
[2025-05-10T02:19:12.154+0000] {processor.py:914} INFO - Processing file /home/airflow/.local/lib/python3.12/site-packages/airflow/example_dags/example_python_decorator.py for tasks to queue
[2025-05-10T02:19:12.155+0000] {logging_mixin.py:190} INFO - [2025-05-10T02:19:12.155+0000] {dagbag.py:588} INFO - Filling up the DagBag from /home/airflow/.local/lib/python3.12/site-packages/airflow/example_dags/example_python_decorator.py
[2025-05-10T02:19:12.164+0000] {processor.py:925} INFO - DAG(s) 'example_python_decorator' retrieved from /home/airflow/.local/lib/python3.12/site-packages/airflow/example_dags/example_python_decorator.py
[2025-05-10T02:19:12.181+0000] {logging_mixin.py:190} INFO - [2025-05-10T02:19:12.181+0000] {dag.py:3239} INFO - Sync 1 DAGs
[2025-05-10T02:19:12.191+0000] {logging_mixin.py:190} INFO - [2025-05-10T02:19:12.190+0000] {dag.py:4180} INFO - Setting next_dagrun for example_python_decorator to None, run_after=None
[2025-05-10T02:19:12.203+0000] {processor.py:208} INFO - Processing /home/airflow/.local/lib/python3.12/site-packages/airflow/example_dags/example_python_decorator.py took 0.054 seconds
[2025-05-10T02:19:43.233+0000] {processor.py:186} INFO - Started process (PID=68557) to work on /home/airflow/.local/lib/python3.12/site-packages/airflow/example_dags/example_python_decorator.py
[2025-05-10T02:19:43.234+0000] {processor.py:914} INFO - Processing file /home/airflow/.local/lib/python3.12/site-packages/airflow/example_dags/example_python_decorator.py for tasks to queue
[2025-05-10T02:19:43.235+0000] {logging_mixin.py:190} INFO - [2025-05-10T02:19:43.235+0000] {dagbag.py:588} INFO - Filling up the DagBag from /home/airflow/.local/lib/python3.12/site-packages/airflow/example_dags/example_python_decorator.py
[2025-05-10T02:19:43.245+0000] {processor.py:925} INFO - DAG(s) 'example_python_decorator' retrieved from /home/airflow/.local/lib/python3.12/site-packages/airflow/example_dags/example_python_decorator.py
[2025-05-10T02:19:43.264+0000] {logging_mixin.py:190} INFO - [2025-05-10T02:19:43.263+0000] {dag.py:3239} INFO - Sync 1 DAGs
[2025-05-10T02:19:43.273+0000] {logging_mixin.py:190} INFO - [2025-05-10T02:19:43.273+0000] {dag.py:4180} INFO - Setting next_dagrun for example_python_decorator to None, run_after=None
[2025-05-10T02:19:43.289+0000] {processor.py:208} INFO - Processing /home/airflow/.local/lib/python3.12/site-packages/airflow/example_dags/example_python_decorator.py took 0.060 seconds
[2025-05-10T02:20:13.437+0000] {processor.py:186} INFO - Started process (PID=68639) to work on /home/airflow/.local/lib/python3.12/site-packages/airflow/example_dags/example_python_decorator.py
[2025-05-10T02:20:13.437+0000] {processor.py:914} INFO - Processing file /home/airflow/.local/lib/python3.12/site-packages/airflow/example_dags/example_python_decorator.py for tasks to queue
[2025-05-10T02:20:13.438+0000] {logging_mixin.py:190} INFO - [2025-05-10T02:20:13.438+0000] {dagbag.py:588} INFO - Filling up the DagBag from /home/airflow/.local/lib/python3.12/site-packages/airflow/example_dags/example_python_decorator.py
[2025-05-10T02:20:13.447+0000] {processor.py:925} INFO - DAG(s) 'example_python_decorator' retrieved from /home/airflow/.local/lib/python3.12/site-packages/airflow/example_dags/example_python_decorator.py
[2025-05-10T02:20:13.462+0000] {logging_mixin.py:190} INFO - [2025-05-10T02:20:13.462+0000] {dag.py:3239} INFO - Sync 1 DAGs
[2025-05-10T02:20:13.472+0000] {logging_mixin.py:190} INFO - [2025-05-10T02:20:13.471+0000] {dag.py:4180} INFO - Setting next_dagrun for example_python_decorator to None, run_after=None
[2025-05-10T02:20:13.483+0000] {processor.py:208} INFO - Processing /home/airflow/.local/lib/python3.12/site-packages/airflow/example_dags/example_python_decorator.py took 0.051 seconds
[2025-05-10T02:20:43.833+0000] {processor.py:186} INFO - Started process (PID=68721) to work on /home/airflow/.local/lib/python3.12/site-packages/airflow/example_dags/example_python_decorator.py
[2025-05-10T02:20:43.834+0000] {processor.py:914} INFO - Processing file /home/airflow/.local/lib/python3.12/site-packages/airflow/example_dags/example_python_decorator.py for tasks to queue
[2025-05-10T02:20:43.835+0000] {logging_mixin.py:190} INFO - [2025-05-10T02:20:43.835+0000] {dagbag.py:588} INFO - Filling up the DagBag from /home/airflow/.local/lib/python3.12/site-packages/airflow/example_dags/example_python_decorator.py
[2025-05-10T02:20:43.844+0000] {processor.py:925} INFO - DAG(s) 'example_python_decorator' retrieved from /home/airflow/.local/lib/python3.12/site-packages/airflow/example_dags/example_python_decorator.py
[2025-05-10T02:20:43.861+0000] {logging_mixin.py:190} INFO - [2025-05-10T02:20:43.861+0000] {dag.py:3239} INFO - Sync 1 DAGs
[2025-05-10T02:20:43.870+0000] {logging_mixin.py:190} INFO - [2025-05-10T02:20:43.870+0000] {dag.py:4180} INFO - Setting next_dagrun for example_python_decorator to None, run_after=None
[2025-05-10T02:20:43.882+0000] {processor.py:208} INFO - Processing /home/airflow/.local/lib/python3.12/site-packages/airflow/example_dags/example_python_decorator.py took 0.053 seconds
[2025-05-10T04:20:41.423+0000] {processor.py:186} INFO - Started process (PID=68809) to work on /home/airflow/.local/lib/python3.12/site-packages/airflow/example_dags/example_python_decorator.py
[2025-05-10T04:20:41.424+0000] {processor.py:914} INFO - Processing file /home/airflow/.local/lib/python3.12/site-packages/airflow/example_dags/example_python_decorator.py for tasks to queue
[2025-05-10T04:20:41.425+0000] {logging_mixin.py:190} INFO - [2025-05-10T04:20:41.425+0000] {dagbag.py:588} INFO - Filling up the DagBag from /home/airflow/.local/lib/python3.12/site-packages/airflow/example_dags/example_python_decorator.py
[2025-05-10T04:20:41.435+0000] {processor.py:925} INFO - DAG(s) 'example_python_decorator' retrieved from /home/airflow/.local/lib/python3.12/site-packages/airflow/example_dags/example_python_decorator.py
[2025-05-10T04:20:41.452+0000] {logging_mixin.py:190} INFO - [2025-05-10T04:20:41.452+0000] {dag.py:3239} INFO - Sync 1 DAGs
[2025-05-10T04:20:41.463+0000] {logging_mixin.py:190} INFO - [2025-05-10T04:20:41.462+0000] {dag.py:4180} INFO - Setting next_dagrun for example_python_decorator to None, run_after=None
[2025-05-10T04:20:41.483+0000] {processor.py:208} INFO - Processing /home/airflow/.local/lib/python3.12/site-packages/airflow/example_dags/example_python_decorator.py took 0.065 seconds
