[2025-05-10T01:19:39.702+0000] {processor.py:186} INFO - Started process (PID=67110) to work on /home/airflow/.local/lib/python3.12/site-packages/airflow/example_dags/example_local_kubernetes_executor.py
[2025-05-10T01:19:39.703+0000] {processor.py:914} INFO - Processing file /home/airflow/.local/lib/python3.12/site-packages/airflow/example_dags/example_local_kubernetes_executor.py for tasks to queue
[2025-05-10T01:19:39.704+0000] {logging_mixin.py:190} INFO - [2025-05-10T01:19:39.704+0000] {dagbag.py:588} INFO - Filling up the DagBag from /home/airflow/.local/lib/python3.12/site-packages/airflow/example_dags/example_local_kubernetes_executor.py
[2025-05-10T01:19:39.710+0000] {processor.py:925} INFO - DAG(s) 'example_local_kubernetes_executor' retrieved from /home/airflow/.local/lib/python3.12/site-packages/airflow/example_dags/example_local_kubernetes_executor.py
[2025-05-10T01:19:39.726+0000] {logging_mixin.py:190} INFO - [2025-05-10T01:19:39.726+0000] {dag.py:3239} INFO - Sync 1 DAGs
[2025-05-10T01:19:39.736+0000] {logging_mixin.py:190} INFO - [2025-05-10T01:19:39.736+0000] {dag.py:4180} INFO - Setting next_dagrun for example_local_kubernetes_executor to None, run_after=None
[2025-05-10T01:19:39.758+0000] {processor.py:208} INFO - Processing /home/airflow/.local/lib/python3.12/site-packages/airflow/example_dags/example_local_kubernetes_executor.py took 0.061 seconds
[2025-05-10T01:20:11.885+0000] {processor.py:186} INFO - Started process (PID=67211) to work on /home/airflow/.local/lib/python3.12/site-packages/airflow/example_dags/example_local_kubernetes_executor.py
[2025-05-10T01:20:11.886+0000] {processor.py:914} INFO - Processing file /home/airflow/.local/lib/python3.12/site-packages/airflow/example_dags/example_local_kubernetes_executor.py for tasks to queue
[2025-05-10T01:20:11.886+0000] {logging_mixin.py:190} INFO - [2025-05-10T01:20:11.886+0000] {dagbag.py:588} INFO - Filling up the DagBag from /home/airflow/.local/lib/python3.12/site-packages/airflow/example_dags/example_local_kubernetes_executor.py
[2025-05-10T01:20:11.892+0000] {processor.py:925} INFO - DAG(s) 'example_local_kubernetes_executor' retrieved from /home/airflow/.local/lib/python3.12/site-packages/airflow/example_dags/example_local_kubernetes_executor.py
[2025-05-10T01:20:11.908+0000] {logging_mixin.py:190} INFO - [2025-05-10T01:20:11.908+0000] {dag.py:3239} INFO - Sync 1 DAGs
[2025-05-10T01:20:11.920+0000] {logging_mixin.py:190} INFO - [2025-05-10T01:20:11.919+0000] {dag.py:4180} INFO - Setting next_dagrun for example_local_kubernetes_executor to None, run_after=None
[2025-05-10T01:20:11.935+0000] {processor.py:208} INFO - Processing /home/airflow/.local/lib/python3.12/site-packages/airflow/example_dags/example_local_kubernetes_executor.py took 0.055 seconds
[2025-05-10T01:20:42.486+0000] {processor.py:186} INFO - Started process (PID=67294) to work on /home/airflow/.local/lib/python3.12/site-packages/airflow/example_dags/example_local_kubernetes_executor.py
[2025-05-10T01:20:42.487+0000] {processor.py:914} INFO - Processing file /home/airflow/.local/lib/python3.12/site-packages/airflow/example_dags/example_local_kubernetes_executor.py for tasks to queue
[2025-05-10T01:20:42.488+0000] {logging_mixin.py:190} INFO - [2025-05-10T01:20:42.488+0000] {dagbag.py:588} INFO - Filling up the DagBag from /home/airflow/.local/lib/python3.12/site-packages/airflow/example_dags/example_local_kubernetes_executor.py
[2025-05-10T01:20:42.494+0000] {processor.py:925} INFO - DAG(s) 'example_local_kubernetes_executor' retrieved from /home/airflow/.local/lib/python3.12/site-packages/airflow/example_dags/example_local_kubernetes_executor.py
[2025-05-10T01:20:42.513+0000] {logging_mixin.py:190} INFO - [2025-05-10T01:20:42.512+0000] {dag.py:3239} INFO - Sync 1 DAGs
[2025-05-10T01:20:42.526+0000] {logging_mixin.py:190} INFO - [2025-05-10T01:20:42.525+0000] {dag.py:4180} INFO - Setting next_dagrun for example_local_kubernetes_executor to None, run_after=None
[2025-05-10T01:20:42.543+0000] {processor.py:208} INFO - Processing /home/airflow/.local/lib/python3.12/site-packages/airflow/example_dags/example_local_kubernetes_executor.py took 0.061 seconds
[2025-05-10T01:21:13.276+0000] {processor.py:186} INFO - Started process (PID=67376) to work on /home/airflow/.local/lib/python3.12/site-packages/airflow/example_dags/example_local_kubernetes_executor.py
[2025-05-10T01:21:13.277+0000] {processor.py:914} INFO - Processing file /home/airflow/.local/lib/python3.12/site-packages/airflow/example_dags/example_local_kubernetes_executor.py for tasks to queue
[2025-05-10T01:21:13.278+0000] {logging_mixin.py:190} INFO - [2025-05-10T01:21:13.277+0000] {dagbag.py:588} INFO - Filling up the DagBag from /home/airflow/.local/lib/python3.12/site-packages/airflow/example_dags/example_local_kubernetes_executor.py
[2025-05-10T01:21:13.283+0000] {processor.py:925} INFO - DAG(s) 'example_local_kubernetes_executor' retrieved from /home/airflow/.local/lib/python3.12/site-packages/airflow/example_dags/example_local_kubernetes_executor.py
[2025-05-10T01:21:13.298+0000] {logging_mixin.py:190} INFO - [2025-05-10T01:21:13.298+0000] {dag.py:3239} INFO - Sync 1 DAGs
[2025-05-10T01:21:13.308+0000] {logging_mixin.py:190} INFO - [2025-05-10T01:21:13.308+0000] {dag.py:4180} INFO - Setting next_dagrun for example_local_kubernetes_executor to None, run_after=None
[2025-05-10T01:21:13.320+0000] {processor.py:208} INFO - Processing /home/airflow/.local/lib/python3.12/site-packages/airflow/example_dags/example_local_kubernetes_executor.py took 0.049 seconds
[2025-05-10T01:21:44.054+0000] {processor.py:186} INFO - Started process (PID=67458) to work on /home/airflow/.local/lib/python3.12/site-packages/airflow/example_dags/example_local_kubernetes_executor.py
[2025-05-10T01:21:44.055+0000] {processor.py:914} INFO - Processing file /home/airflow/.local/lib/python3.12/site-packages/airflow/example_dags/example_local_kubernetes_executor.py for tasks to queue
[2025-05-10T01:21:44.056+0000] {logging_mixin.py:190} INFO - [2025-05-10T01:21:44.055+0000] {dagbag.py:588} INFO - Filling up the DagBag from /home/airflow/.local/lib/python3.12/site-packages/airflow/example_dags/example_local_kubernetes_executor.py
[2025-05-10T01:21:44.061+0000] {processor.py:925} INFO - DAG(s) 'example_local_kubernetes_executor' retrieved from /home/airflow/.local/lib/python3.12/site-packages/airflow/example_dags/example_local_kubernetes_executor.py
[2025-05-10T01:21:44.078+0000] {logging_mixin.py:190} INFO - [2025-05-10T01:21:44.078+0000] {dag.py:3239} INFO - Sync 1 DAGs
[2025-05-10T01:21:44.087+0000] {logging_mixin.py:190} INFO - [2025-05-10T01:21:44.087+0000] {dag.py:4180} INFO - Setting next_dagrun for example_local_kubernetes_executor to None, run_after=None
[2025-05-10T01:21:44.099+0000] {processor.py:208} INFO - Processing /home/airflow/.local/lib/python3.12/site-packages/airflow/example_dags/example_local_kubernetes_executor.py took 0.050 seconds
[2025-05-10T01:22:14.768+0000] {processor.py:186} INFO - Started process (PID=67541) to work on /home/airflow/.local/lib/python3.12/site-packages/airflow/example_dags/example_local_kubernetes_executor.py
[2025-05-10T01:22:14.769+0000] {processor.py:914} INFO - Processing file /home/airflow/.local/lib/python3.12/site-packages/airflow/example_dags/example_local_kubernetes_executor.py for tasks to queue
[2025-05-10T01:22:14.769+0000] {logging_mixin.py:190} INFO - [2025-05-10T01:22:14.769+0000] {dagbag.py:588} INFO - Filling up the DagBag from /home/airflow/.local/lib/python3.12/site-packages/airflow/example_dags/example_local_kubernetes_executor.py
[2025-05-10T01:22:14.775+0000] {processor.py:925} INFO - DAG(s) 'example_local_kubernetes_executor' retrieved from /home/airflow/.local/lib/python3.12/site-packages/airflow/example_dags/example_local_kubernetes_executor.py
[2025-05-10T01:22:14.789+0000] {logging_mixin.py:190} INFO - [2025-05-10T01:22:14.789+0000] {dag.py:3239} INFO - Sync 1 DAGs
[2025-05-10T01:22:14.798+0000] {logging_mixin.py:190} INFO - [2025-05-10T01:22:14.798+0000] {dag.py:4180} INFO - Setting next_dagrun for example_local_kubernetes_executor to None, run_after=None
[2025-05-10T01:22:14.810+0000] {processor.py:208} INFO - Processing /home/airflow/.local/lib/python3.12/site-packages/airflow/example_dags/example_local_kubernetes_executor.py took 0.047 seconds
[2025-05-10T01:22:45.667+0000] {processor.py:186} INFO - Started process (PID=67623) to work on /home/airflow/.local/lib/python3.12/site-packages/airflow/example_dags/example_local_kubernetes_executor.py
[2025-05-10T01:22:45.668+0000] {processor.py:914} INFO - Processing file /home/airflow/.local/lib/python3.12/site-packages/airflow/example_dags/example_local_kubernetes_executor.py for tasks to queue
[2025-05-10T01:22:45.668+0000] {logging_mixin.py:190} INFO - [2025-05-10T01:22:45.668+0000] {dagbag.py:588} INFO - Filling up the DagBag from /home/airflow/.local/lib/python3.12/site-packages/airflow/example_dags/example_local_kubernetes_executor.py
[2025-05-10T01:22:45.682+0000] {processor.py:925} INFO - DAG(s) 'example_local_kubernetes_executor' retrieved from /home/airflow/.local/lib/python3.12/site-packages/airflow/example_dags/example_local_kubernetes_executor.py
[2025-05-10T01:22:45.697+0000] {logging_mixin.py:190} INFO - [2025-05-10T01:22:45.696+0000] {dag.py:3239} INFO - Sync 1 DAGs
[2025-05-10T01:22:45.707+0000] {logging_mixin.py:190} INFO - [2025-05-10T01:22:45.707+0000] {dag.py:4180} INFO - Setting next_dagrun for example_local_kubernetes_executor to None, run_after=None
[2025-05-10T01:22:45.719+0000] {processor.py:208} INFO - Processing /home/airflow/.local/lib/python3.12/site-packages/airflow/example_dags/example_local_kubernetes_executor.py took 0.057 seconds
[2025-05-10T01:23:16.379+0000] {processor.py:186} INFO - Started process (PID=67705) to work on /home/airflow/.local/lib/python3.12/site-packages/airflow/example_dags/example_local_kubernetes_executor.py
[2025-05-10T01:23:16.380+0000] {processor.py:914} INFO - Processing file /home/airflow/.local/lib/python3.12/site-packages/airflow/example_dags/example_local_kubernetes_executor.py for tasks to queue
[2025-05-10T01:23:16.381+0000] {logging_mixin.py:190} INFO - [2025-05-10T01:23:16.381+0000] {dagbag.py:588} INFO - Filling up the DagBag from /home/airflow/.local/lib/python3.12/site-packages/airflow/example_dags/example_local_kubernetes_executor.py
[2025-05-10T01:23:16.386+0000] {processor.py:925} INFO - DAG(s) 'example_local_kubernetes_executor' retrieved from /home/airflow/.local/lib/python3.12/site-packages/airflow/example_dags/example_local_kubernetes_executor.py
[2025-05-10T01:23:16.401+0000] {logging_mixin.py:190} INFO - [2025-05-10T01:23:16.401+0000] {dag.py:3239} INFO - Sync 1 DAGs
[2025-05-10T01:23:16.411+0000] {logging_mixin.py:190} INFO - [2025-05-10T01:23:16.410+0000] {dag.py:4180} INFO - Setting next_dagrun for example_local_kubernetes_executor to None, run_after=None
[2025-05-10T01:23:16.423+0000] {processor.py:208} INFO - Processing /home/airflow/.local/lib/python3.12/site-packages/airflow/example_dags/example_local_kubernetes_executor.py took 0.048 seconds
[2025-05-10T01:23:46.956+0000] {processor.py:186} INFO - Started process (PID=67787) to work on /home/airflow/.local/lib/python3.12/site-packages/airflow/example_dags/example_local_kubernetes_executor.py
[2025-05-10T01:23:46.957+0000] {processor.py:914} INFO - Processing file /home/airflow/.local/lib/python3.12/site-packages/airflow/example_dags/example_local_kubernetes_executor.py for tasks to queue
[2025-05-10T01:23:46.958+0000] {logging_mixin.py:190} INFO - [2025-05-10T01:23:46.958+0000] {dagbag.py:588} INFO - Filling up the DagBag from /home/airflow/.local/lib/python3.12/site-packages/airflow/example_dags/example_local_kubernetes_executor.py
[2025-05-10T01:23:46.963+0000] {processor.py:925} INFO - DAG(s) 'example_local_kubernetes_executor' retrieved from /home/airflow/.local/lib/python3.12/site-packages/airflow/example_dags/example_local_kubernetes_executor.py
[2025-05-10T01:23:46.978+0000] {logging_mixin.py:190} INFO - [2025-05-10T01:23:46.978+0000] {dag.py:3239} INFO - Sync 1 DAGs
[2025-05-10T01:23:46.988+0000] {logging_mixin.py:190} INFO - [2025-05-10T01:23:46.987+0000] {dag.py:4180} INFO - Setting next_dagrun for example_local_kubernetes_executor to None, run_after=None
[2025-05-10T01:23:46.999+0000] {processor.py:208} INFO - Processing /home/airflow/.local/lib/python3.12/site-packages/airflow/example_dags/example_local_kubernetes_executor.py took 0.048 seconds
[2025-05-10T01:24:17.665+0000] {processor.py:186} INFO - Started process (PID=67869) to work on /home/airflow/.local/lib/python3.12/site-packages/airflow/example_dags/example_local_kubernetes_executor.py
[2025-05-10T01:24:17.666+0000] {processor.py:914} INFO - Processing file /home/airflow/.local/lib/python3.12/site-packages/airflow/example_dags/example_local_kubernetes_executor.py for tasks to queue
[2025-05-10T01:24:17.666+0000] {logging_mixin.py:190} INFO - [2025-05-10T01:24:17.666+0000] {dagbag.py:588} INFO - Filling up the DagBag from /home/airflow/.local/lib/python3.12/site-packages/airflow/example_dags/example_local_kubernetes_executor.py
[2025-05-10T01:24:17.672+0000] {processor.py:925} INFO - DAG(s) 'example_local_kubernetes_executor' retrieved from /home/airflow/.local/lib/python3.12/site-packages/airflow/example_dags/example_local_kubernetes_executor.py
[2025-05-10T01:24:17.687+0000] {logging_mixin.py:190} INFO - [2025-05-10T01:24:17.687+0000] {dag.py:3239} INFO - Sync 1 DAGs
[2025-05-10T01:24:17.696+0000] {logging_mixin.py:190} INFO - [2025-05-10T01:24:17.696+0000] {dag.py:4180} INFO - Setting next_dagrun for example_local_kubernetes_executor to None, run_after=None
[2025-05-10T01:24:17.708+0000] {processor.py:208} INFO - Processing /home/airflow/.local/lib/python3.12/site-packages/airflow/example_dags/example_local_kubernetes_executor.py took 0.048 seconds
[2025-05-10T01:24:48.509+0000] {processor.py:186} INFO - Started process (PID=67951) to work on /home/airflow/.local/lib/python3.12/site-packages/airflow/example_dags/example_local_kubernetes_executor.py
[2025-05-10T01:24:48.510+0000] {processor.py:914} INFO - Processing file /home/airflow/.local/lib/python3.12/site-packages/airflow/example_dags/example_local_kubernetes_executor.py for tasks to queue
[2025-05-10T01:24:48.511+0000] {logging_mixin.py:190} INFO - [2025-05-10T01:24:48.511+0000] {dagbag.py:588} INFO - Filling up the DagBag from /home/airflow/.local/lib/python3.12/site-packages/airflow/example_dags/example_local_kubernetes_executor.py
[2025-05-10T01:24:48.516+0000] {processor.py:925} INFO - DAG(s) 'example_local_kubernetes_executor' retrieved from /home/airflow/.local/lib/python3.12/site-packages/airflow/example_dags/example_local_kubernetes_executor.py
[2025-05-10T01:24:48.532+0000] {logging_mixin.py:190} INFO - [2025-05-10T01:24:48.532+0000] {dag.py:3239} INFO - Sync 1 DAGs
[2025-05-10T01:24:48.541+0000] {logging_mixin.py:190} INFO - [2025-05-10T01:24:48.540+0000] {dag.py:4180} INFO - Setting next_dagrun for example_local_kubernetes_executor to None, run_after=None
[2025-05-10T01:24:48.553+0000] {processor.py:208} INFO - Processing /home/airflow/.local/lib/python3.12/site-packages/airflow/example_dags/example_local_kubernetes_executor.py took 0.049 seconds
[2025-05-10T01:25:19.210+0000] {processor.py:186} INFO - Started process (PID=68033) to work on /home/airflow/.local/lib/python3.12/site-packages/airflow/example_dags/example_local_kubernetes_executor.py
[2025-05-10T01:25:19.211+0000] {processor.py:914} INFO - Processing file /home/airflow/.local/lib/python3.12/site-packages/airflow/example_dags/example_local_kubernetes_executor.py for tasks to queue
[2025-05-10T01:25:19.212+0000] {logging_mixin.py:190} INFO - [2025-05-10T01:25:19.212+0000] {dagbag.py:588} INFO - Filling up the DagBag from /home/airflow/.local/lib/python3.12/site-packages/airflow/example_dags/example_local_kubernetes_executor.py
[2025-05-10T01:25:19.217+0000] {processor.py:925} INFO - DAG(s) 'example_local_kubernetes_executor' retrieved from /home/airflow/.local/lib/python3.12/site-packages/airflow/example_dags/example_local_kubernetes_executor.py
[2025-05-10T01:25:19.232+0000] {logging_mixin.py:190} INFO - [2025-05-10T01:25:19.232+0000] {dag.py:3239} INFO - Sync 1 DAGs
[2025-05-10T01:25:19.242+0000] {logging_mixin.py:190} INFO - [2025-05-10T01:25:19.242+0000] {dag.py:4180} INFO - Setting next_dagrun for example_local_kubernetes_executor to None, run_after=None
[2025-05-10T01:25:19.253+0000] {processor.py:208} INFO - Processing /home/airflow/.local/lib/python3.12/site-packages/airflow/example_dags/example_local_kubernetes_executor.py took 0.048 seconds
[2025-05-10T01:25:49.722+0000] {processor.py:186} INFO - Started process (PID=68115) to work on /home/airflow/.local/lib/python3.12/site-packages/airflow/example_dags/example_local_kubernetes_executor.py
[2025-05-10T01:25:49.723+0000] {processor.py:914} INFO - Processing file /home/airflow/.local/lib/python3.12/site-packages/airflow/example_dags/example_local_kubernetes_executor.py for tasks to queue
[2025-05-10T01:25:49.724+0000] {logging_mixin.py:190} INFO - [2025-05-10T01:25:49.723+0000] {dagbag.py:588} INFO - Filling up the DagBag from /home/airflow/.local/lib/python3.12/site-packages/airflow/example_dags/example_local_kubernetes_executor.py
[2025-05-10T01:25:49.729+0000] {processor.py:925} INFO - DAG(s) 'example_local_kubernetes_executor' retrieved from /home/airflow/.local/lib/python3.12/site-packages/airflow/example_dags/example_local_kubernetes_executor.py
[2025-05-10T01:25:49.744+0000] {logging_mixin.py:190} INFO - [2025-05-10T01:25:49.743+0000] {dag.py:3239} INFO - Sync 1 DAGs
[2025-05-10T01:25:49.753+0000] {logging_mixin.py:190} INFO - [2025-05-10T01:25:49.753+0000] {dag.py:4180} INFO - Setting next_dagrun for example_local_kubernetes_executor to None, run_after=None
[2025-05-10T01:25:49.765+0000] {processor.py:208} INFO - Processing /home/airflow/.local/lib/python3.12/site-packages/airflow/example_dags/example_local_kubernetes_executor.py took 0.048 seconds
[2025-05-10T01:26:20.201+0000] {processor.py:186} INFO - Started process (PID=68197) to work on /home/airflow/.local/lib/python3.12/site-packages/airflow/example_dags/example_local_kubernetes_executor.py
[2025-05-10T01:26:20.202+0000] {processor.py:914} INFO - Processing file /home/airflow/.local/lib/python3.12/site-packages/airflow/example_dags/example_local_kubernetes_executor.py for tasks to queue
[2025-05-10T01:26:20.203+0000] {logging_mixin.py:190} INFO - [2025-05-10T01:26:20.202+0000] {dagbag.py:588} INFO - Filling up the DagBag from /home/airflow/.local/lib/python3.12/site-packages/airflow/example_dags/example_local_kubernetes_executor.py
[2025-05-10T01:26:20.208+0000] {processor.py:925} INFO - DAG(s) 'example_local_kubernetes_executor' retrieved from /home/airflow/.local/lib/python3.12/site-packages/airflow/example_dags/example_local_kubernetes_executor.py
[2025-05-10T01:26:20.223+0000] {logging_mixin.py:190} INFO - [2025-05-10T01:26:20.223+0000] {dag.py:3239} INFO - Sync 1 DAGs
[2025-05-10T01:26:20.232+0000] {logging_mixin.py:190} INFO - [2025-05-10T01:26:20.232+0000] {dag.py:4180} INFO - Setting next_dagrun for example_local_kubernetes_executor to None, run_after=None
[2025-05-10T01:26:20.243+0000] {processor.py:208} INFO - Processing /home/airflow/.local/lib/python3.12/site-packages/airflow/example_dags/example_local_kubernetes_executor.py took 0.047 seconds
[2025-05-10T01:26:50.798+0000] {processor.py:186} INFO - Started process (PID=68279) to work on /home/airflow/.local/lib/python3.12/site-packages/airflow/example_dags/example_local_kubernetes_executor.py
[2025-05-10T01:26:50.799+0000] {processor.py:914} INFO - Processing file /home/airflow/.local/lib/python3.12/site-packages/airflow/example_dags/example_local_kubernetes_executor.py for tasks to queue
[2025-05-10T01:26:50.800+0000] {logging_mixin.py:190} INFO - [2025-05-10T01:26:50.800+0000] {dagbag.py:588} INFO - Filling up the DagBag from /home/airflow/.local/lib/python3.12/site-packages/airflow/example_dags/example_local_kubernetes_executor.py
[2025-05-10T01:26:50.805+0000] {processor.py:925} INFO - DAG(s) 'example_local_kubernetes_executor' retrieved from /home/airflow/.local/lib/python3.12/site-packages/airflow/example_dags/example_local_kubernetes_executor.py
[2025-05-10T01:26:50.820+0000] {logging_mixin.py:190} INFO - [2025-05-10T01:26:50.820+0000] {dag.py:3239} INFO - Sync 1 DAGs
[2025-05-10T01:26:50.829+0000] {logging_mixin.py:190} INFO - [2025-05-10T01:26:50.829+0000] {dag.py:4180} INFO - Setting next_dagrun for example_local_kubernetes_executor to None, run_after=None
[2025-05-10T01:26:50.842+0000] {processor.py:208} INFO - Processing /home/airflow/.local/lib/python3.12/site-packages/airflow/example_dags/example_local_kubernetes_executor.py took 0.049 seconds
[2025-05-10T02:18:41.079+0000] {processor.py:186} INFO - Started process (PID=68396) to work on /home/airflow/.local/lib/python3.12/site-packages/airflow/example_dags/example_local_kubernetes_executor.py
[2025-05-10T02:18:41.080+0000] {processor.py:914} INFO - Processing file /home/airflow/.local/lib/python3.12/site-packages/airflow/example_dags/example_local_kubernetes_executor.py for tasks to queue
[2025-05-10T02:18:41.082+0000] {logging_mixin.py:190} INFO - [2025-05-10T02:18:41.081+0000] {dagbag.py:588} INFO - Filling up the DagBag from /home/airflow/.local/lib/python3.12/site-packages/airflow/example_dags/example_local_kubernetes_executor.py
[2025-05-10T02:18:41.088+0000] {processor.py:925} INFO - DAG(s) 'example_local_kubernetes_executor' retrieved from /home/airflow/.local/lib/python3.12/site-packages/airflow/example_dags/example_local_kubernetes_executor.py
[2025-05-10T02:18:41.109+0000] {logging_mixin.py:190} INFO - [2025-05-10T02:18:41.109+0000] {dag.py:3239} INFO - Sync 1 DAGs
[2025-05-10T02:18:41.121+0000] {logging_mixin.py:190} INFO - [2025-05-10T02:18:41.121+0000] {dag.py:4180} INFO - Setting next_dagrun for example_local_kubernetes_executor to None, run_after=None
[2025-05-10T02:18:41.146+0000] {processor.py:208} INFO - Processing /home/airflow/.local/lib/python3.12/site-packages/airflow/example_dags/example_local_kubernetes_executor.py took 0.073 seconds
[2025-05-10T02:19:12.272+0000] {processor.py:186} INFO - Started process (PID=68478) to work on /home/airflow/.local/lib/python3.12/site-packages/airflow/example_dags/example_local_kubernetes_executor.py
[2025-05-10T02:19:12.273+0000] {processor.py:914} INFO - Processing file /home/airflow/.local/lib/python3.12/site-packages/airflow/example_dags/example_local_kubernetes_executor.py for tasks to queue
[2025-05-10T02:19:12.274+0000] {logging_mixin.py:190} INFO - [2025-05-10T02:19:12.274+0000] {dagbag.py:588} INFO - Filling up the DagBag from /home/airflow/.local/lib/python3.12/site-packages/airflow/example_dags/example_local_kubernetes_executor.py
[2025-05-10T02:19:12.280+0000] {processor.py:925} INFO - DAG(s) 'example_local_kubernetes_executor' retrieved from /home/airflow/.local/lib/python3.12/site-packages/airflow/example_dags/example_local_kubernetes_executor.py
[2025-05-10T02:19:12.294+0000] {logging_mixin.py:190} INFO - [2025-05-10T02:19:12.294+0000] {dag.py:3239} INFO - Sync 1 DAGs
[2025-05-10T02:19:12.303+0000] {logging_mixin.py:190} INFO - [2025-05-10T02:19:12.303+0000] {dag.py:4180} INFO - Setting next_dagrun for example_local_kubernetes_executor to None, run_after=None
[2025-05-10T02:19:12.316+0000] {processor.py:208} INFO - Processing /home/airflow/.local/lib/python3.12/site-packages/airflow/example_dags/example_local_kubernetes_executor.py took 0.049 seconds
[2025-05-10T02:19:43.402+0000] {processor.py:186} INFO - Started process (PID=68560) to work on /home/airflow/.local/lib/python3.12/site-packages/airflow/example_dags/example_local_kubernetes_executor.py
[2025-05-10T02:19:43.403+0000] {processor.py:914} INFO - Processing file /home/airflow/.local/lib/python3.12/site-packages/airflow/example_dags/example_local_kubernetes_executor.py for tasks to queue
[2025-05-10T02:19:43.405+0000] {logging_mixin.py:190} INFO - [2025-05-10T02:19:43.404+0000] {dagbag.py:588} INFO - Filling up the DagBag from /home/airflow/.local/lib/python3.12/site-packages/airflow/example_dags/example_local_kubernetes_executor.py
[2025-05-10T02:19:43.411+0000] {processor.py:925} INFO - DAG(s) 'example_local_kubernetes_executor' retrieved from /home/airflow/.local/lib/python3.12/site-packages/airflow/example_dags/example_local_kubernetes_executor.py
[2025-05-10T02:19:43.432+0000] {logging_mixin.py:190} INFO - [2025-05-10T02:19:43.431+0000] {dag.py:3239} INFO - Sync 1 DAGs
[2025-05-10T02:19:43.443+0000] {logging_mixin.py:190} INFO - [2025-05-10T02:19:43.443+0000] {dag.py:4180} INFO - Setting next_dagrun for example_local_kubernetes_executor to None, run_after=None
[2025-05-10T02:19:43.461+0000] {processor.py:208} INFO - Processing /home/airflow/.local/lib/python3.12/site-packages/airflow/example_dags/example_local_kubernetes_executor.py took 0.064 seconds
[2025-05-10T02:20:13.571+0000] {processor.py:186} INFO - Started process (PID=68643) to work on /home/airflow/.local/lib/python3.12/site-packages/airflow/example_dags/example_local_kubernetes_executor.py
[2025-05-10T02:20:13.572+0000] {processor.py:914} INFO - Processing file /home/airflow/.local/lib/python3.12/site-packages/airflow/example_dags/example_local_kubernetes_executor.py for tasks to queue
[2025-05-10T02:20:13.572+0000] {logging_mixin.py:190} INFO - [2025-05-10T02:20:13.572+0000] {dagbag.py:588} INFO - Filling up the DagBag from /home/airflow/.local/lib/python3.12/site-packages/airflow/example_dags/example_local_kubernetes_executor.py
[2025-05-10T02:20:13.578+0000] {processor.py:925} INFO - DAG(s) 'example_local_kubernetes_executor' retrieved from /home/airflow/.local/lib/python3.12/site-packages/airflow/example_dags/example_local_kubernetes_executor.py
[2025-05-10T02:20:13.592+0000] {logging_mixin.py:190} INFO - [2025-05-10T02:20:13.592+0000] {dag.py:3239} INFO - Sync 1 DAGs
[2025-05-10T02:20:13.601+0000] {logging_mixin.py:190} INFO - [2025-05-10T02:20:13.601+0000] {dag.py:4180} INFO - Setting next_dagrun for example_local_kubernetes_executor to None, run_after=None
[2025-05-10T02:20:13.613+0000] {processor.py:208} INFO - Processing /home/airflow/.local/lib/python3.12/site-packages/airflow/example_dags/example_local_kubernetes_executor.py took 0.047 seconds
[2025-05-10T02:20:43.953+0000] {processor.py:186} INFO - Started process (PID=68724) to work on /home/airflow/.local/lib/python3.12/site-packages/airflow/example_dags/example_local_kubernetes_executor.py
[2025-05-10T02:20:43.954+0000] {processor.py:914} INFO - Processing file /home/airflow/.local/lib/python3.12/site-packages/airflow/example_dags/example_local_kubernetes_executor.py for tasks to queue
[2025-05-10T02:20:43.954+0000] {logging_mixin.py:190} INFO - [2025-05-10T02:20:43.954+0000] {dagbag.py:588} INFO - Filling up the DagBag from /home/airflow/.local/lib/python3.12/site-packages/airflow/example_dags/example_local_kubernetes_executor.py
[2025-05-10T02:20:43.960+0000] {processor.py:925} INFO - DAG(s) 'example_local_kubernetes_executor' retrieved from /home/airflow/.local/lib/python3.12/site-packages/airflow/example_dags/example_local_kubernetes_executor.py
[2025-05-10T02:20:43.974+0000] {logging_mixin.py:190} INFO - [2025-05-10T02:20:43.974+0000] {dag.py:3239} INFO - Sync 1 DAGs
[2025-05-10T02:20:43.984+0000] {logging_mixin.py:190} INFO - [2025-05-10T02:20:43.983+0000] {dag.py:4180} INFO - Setting next_dagrun for example_local_kubernetes_executor to None, run_after=None
[2025-05-10T02:20:43.995+0000] {processor.py:208} INFO - Processing /home/airflow/.local/lib/python3.12/site-packages/airflow/example_dags/example_local_kubernetes_executor.py took 0.047 seconds
[2025-05-10T04:20:41.540+0000] {processor.py:186} INFO - Started process (PID=68812) to work on /home/airflow/.local/lib/python3.12/site-packages/airflow/example_dags/example_local_kubernetes_executor.py
[2025-05-10T04:20:41.541+0000] {processor.py:914} INFO - Processing file /home/airflow/.local/lib/python3.12/site-packages/airflow/example_dags/example_local_kubernetes_executor.py for tasks to queue
[2025-05-10T04:20:41.542+0000] {logging_mixin.py:190} INFO - [2025-05-10T04:20:41.542+0000] {dagbag.py:588} INFO - Filling up the DagBag from /home/airflow/.local/lib/python3.12/site-packages/airflow/example_dags/example_local_kubernetes_executor.py
[2025-05-10T04:20:41.548+0000] {processor.py:925} INFO - DAG(s) 'example_local_kubernetes_executor' retrieved from /home/airflow/.local/lib/python3.12/site-packages/airflow/example_dags/example_local_kubernetes_executor.py
[2025-05-10T04:20:41.564+0000] {logging_mixin.py:190} INFO - [2025-05-10T04:20:41.564+0000] {dag.py:3239} INFO - Sync 1 DAGs
[2025-05-10T04:20:41.574+0000] {logging_mixin.py:190} INFO - [2025-05-10T04:20:41.574+0000] {dag.py:4180} INFO - Setting next_dagrun for example_local_kubernetes_executor to None, run_after=None
[2025-05-10T04:20:41.587+0000] {processor.py:208} INFO - Processing /home/airflow/.local/lib/python3.12/site-packages/airflow/example_dags/example_local_kubernetes_executor.py took 0.052 seconds
