[2025-05-10T01:19:36.063+0000] {processor.py:186} INFO - Started process (PID=67063) to work on /home/airflow/.local/lib/python3.12/site-packages/airflow/example_dags/example_dataset_alias.py
[2025-05-10T01:19:36.064+0000] {processor.py:914} INFO - Processing file /home/airflow/.local/lib/python3.12/site-packages/airflow/example_dags/example_dataset_alias.py for tasks to queue
[2025-05-10T01:19:36.066+0000] {logging_mixin.py:190} INFO - [2025-05-10T01:19:36.065+0000] {dagbag.py:588} INFO - Filling up the DagBag from /home/airflow/.local/lib/python3.12/site-packages/airflow/example_dags/example_dataset_alias.py
[2025-05-10T01:19:36.586+0000] {processor.py:925} INFO - DAG(s) 'dataset_s3_bucket_producer', 'dataset_s3_bucket_consumer', 'dataset_alias_example_alias_producer', 'dataset_alias_example_alias_consumer' retrieved from /home/airflow/.local/lib/python3.12/site-packages/airflow/example_dags/example_dataset_alias.py
[2025-05-10T01:19:36.623+0000] {logging_mixin.py:190} INFO - [2025-05-10T01:19:36.622+0000] {dag.py:3239} INFO - Sync 4 DAGs
[2025-05-10T01:19:36.646+0000] {logging_mixin.py:190} INFO - [2025-05-10T01:19:36.646+0000] {dag.py:4180} INFO - Setting next_dagrun for dataset_alias_example_alias_consumer to None, run_after=None
[2025-05-10T01:19:36.649+0000] {logging_mixin.py:190} INFO - [2025-05-10T01:19:36.649+0000] {dag.py:4180} INFO - Setting next_dagrun for dataset_alias_example_alias_producer to None, run_after=None
[2025-05-10T01:19:36.651+0000] {logging_mixin.py:190} INFO - [2025-05-10T01:19:36.651+0000] {dag.py:4180} INFO - Setting next_dagrun for dataset_s3_bucket_consumer to None, run_after=None
[2025-05-10T01:19:36.654+0000] {logging_mixin.py:190} INFO - [2025-05-10T01:19:36.653+0000] {dag.py:4180} INFO - Setting next_dagrun for dataset_s3_bucket_producer to None, run_after=None
[2025-05-10T01:19:36.687+0000] {processor.py:208} INFO - Processing /home/airflow/.local/lib/python3.12/site-packages/airflow/example_dags/example_dataset_alias.py took 0.636 seconds
[2025-05-10T01:20:07.400+0000] {processor.py:186} INFO - Started process (PID=67146) to work on /home/airflow/.local/lib/python3.12/site-packages/airflow/example_dags/example_dataset_alias.py
[2025-05-10T01:20:07.401+0000] {processor.py:914} INFO - Processing file /home/airflow/.local/lib/python3.12/site-packages/airflow/example_dags/example_dataset_alias.py for tasks to queue
[2025-05-10T01:20:07.402+0000] {logging_mixin.py:190} INFO - [2025-05-10T01:20:07.401+0000] {dagbag.py:588} INFO - Filling up the DagBag from /home/airflow/.local/lib/python3.12/site-packages/airflow/example_dags/example_dataset_alias.py
[2025-05-10T01:20:07.735+0000] {processor.py:925} INFO - DAG(s) 'dataset_alias_example_alias_producer', 'dataset_alias_example_alias_consumer', 'dataset_s3_bucket_producer', 'dataset_s3_bucket_consumer' retrieved from /home/airflow/.local/lib/python3.12/site-packages/airflow/example_dags/example_dataset_alias.py
[2025-05-10T01:20:07.752+0000] {logging_mixin.py:190} INFO - [2025-05-10T01:20:07.751+0000] {dag.py:3239} INFO - Sync 4 DAGs
[2025-05-10T01:20:07.778+0000] {logging_mixin.py:190} INFO - [2025-05-10T01:20:07.778+0000] {dag.py:4180} INFO - Setting next_dagrun for dataset_alias_example_alias_consumer to None, run_after=None
[2025-05-10T01:20:07.781+0000] {logging_mixin.py:190} INFO - [2025-05-10T01:20:07.781+0000] {dag.py:4180} INFO - Setting next_dagrun for dataset_alias_example_alias_producer to None, run_after=None
[2025-05-10T01:20:07.783+0000] {logging_mixin.py:190} INFO - [2025-05-10T01:20:07.782+0000] {dag.py:4180} INFO - Setting next_dagrun for dataset_s3_bucket_consumer to None, run_after=None
[2025-05-10T01:20:07.784+0000] {logging_mixin.py:190} INFO - [2025-05-10T01:20:07.784+0000] {dag.py:4180} INFO - Setting next_dagrun for dataset_s3_bucket_producer to None, run_after=None
[2025-05-10T01:20:07.813+0000] {processor.py:208} INFO - Processing /home/airflow/.local/lib/python3.12/site-packages/airflow/example_dags/example_dataset_alias.py took 0.420 seconds
[2025-05-10T01:20:38.102+0000] {processor.py:186} INFO - Started process (PID=67228) to work on /home/airflow/.local/lib/python3.12/site-packages/airflow/example_dags/example_dataset_alias.py
[2025-05-10T01:20:38.105+0000] {processor.py:914} INFO - Processing file /home/airflow/.local/lib/python3.12/site-packages/airflow/example_dags/example_dataset_alias.py for tasks to queue
[2025-05-10T01:20:38.106+0000] {logging_mixin.py:190} INFO - [2025-05-10T01:20:38.105+0000] {dagbag.py:588} INFO - Filling up the DagBag from /home/airflow/.local/lib/python3.12/site-packages/airflow/example_dags/example_dataset_alias.py
[2025-05-10T01:20:38.377+0000] {processor.py:925} INFO - DAG(s) 'dataset_alias_example_alias_consumer', 'dataset_alias_example_alias_producer', 'dataset_s3_bucket_producer', 'dataset_s3_bucket_consumer' retrieved from /home/airflow/.local/lib/python3.12/site-packages/airflow/example_dags/example_dataset_alias.py
[2025-05-10T01:20:38.397+0000] {logging_mixin.py:190} INFO - [2025-05-10T01:20:38.396+0000] {dag.py:3239} INFO - Sync 4 DAGs
[2025-05-10T01:20:38.414+0000] {logging_mixin.py:190} INFO - [2025-05-10T01:20:38.414+0000] {dag.py:4180} INFO - Setting next_dagrun for dataset_alias_example_alias_consumer to None, run_after=None
[2025-05-10T01:20:38.416+0000] {logging_mixin.py:190} INFO - [2025-05-10T01:20:38.416+0000] {dag.py:4180} INFO - Setting next_dagrun for dataset_alias_example_alias_producer to None, run_after=None
[2025-05-10T01:20:38.418+0000] {logging_mixin.py:190} INFO - [2025-05-10T01:20:38.417+0000] {dag.py:4180} INFO - Setting next_dagrun for dataset_s3_bucket_consumer to None, run_after=None
[2025-05-10T01:20:38.419+0000] {logging_mixin.py:190} INFO - [2025-05-10T01:20:38.419+0000] {dag.py:4180} INFO - Setting next_dagrun for dataset_s3_bucket_producer to None, run_after=None
[2025-05-10T01:20:38.438+0000] {processor.py:208} INFO - Processing /home/airflow/.local/lib/python3.12/site-packages/airflow/example_dags/example_dataset_alias.py took 0.342 seconds
[2025-05-10T01:21:09.053+0000] {processor.py:186} INFO - Started process (PID=67310) to work on /home/airflow/.local/lib/python3.12/site-packages/airflow/example_dags/example_dataset_alias.py
[2025-05-10T01:21:09.054+0000] {processor.py:914} INFO - Processing file /home/airflow/.local/lib/python3.12/site-packages/airflow/example_dags/example_dataset_alias.py for tasks to queue
[2025-05-10T01:21:09.054+0000] {logging_mixin.py:190} INFO - [2025-05-10T01:21:09.054+0000] {dagbag.py:588} INFO - Filling up the DagBag from /home/airflow/.local/lib/python3.12/site-packages/airflow/example_dags/example_dataset_alias.py
[2025-05-10T01:21:09.322+0000] {processor.py:925} INFO - DAG(s) 'dataset_alias_example_alias_consumer', 'dataset_alias_example_alias_producer', 'dataset_s3_bucket_producer', 'dataset_s3_bucket_consumer' retrieved from /home/airflow/.local/lib/python3.12/site-packages/airflow/example_dags/example_dataset_alias.py
[2025-05-10T01:21:09.338+0000] {logging_mixin.py:190} INFO - [2025-05-10T01:21:09.337+0000] {dag.py:3239} INFO - Sync 4 DAGs
[2025-05-10T01:21:09.352+0000] {logging_mixin.py:190} INFO - [2025-05-10T01:21:09.352+0000] {dag.py:4180} INFO - Setting next_dagrun for dataset_alias_example_alias_consumer to None, run_after=None
[2025-05-10T01:21:09.354+0000] {logging_mixin.py:190} INFO - [2025-05-10T01:21:09.354+0000] {dag.py:4180} INFO - Setting next_dagrun for dataset_alias_example_alias_producer to None, run_after=None
[2025-05-10T01:21:09.355+0000] {logging_mixin.py:190} INFO - [2025-05-10T01:21:09.355+0000] {dag.py:4180} INFO - Setting next_dagrun for dataset_s3_bucket_consumer to None, run_after=None
[2025-05-10T01:21:09.356+0000] {logging_mixin.py:190} INFO - [2025-05-10T01:21:09.356+0000] {dag.py:4180} INFO - Setting next_dagrun for dataset_s3_bucket_producer to None, run_after=None
[2025-05-10T01:21:09.370+0000] {processor.py:208} INFO - Processing /home/airflow/.local/lib/python3.12/site-packages/airflow/example_dags/example_dataset_alias.py took 0.321 seconds
[2025-05-10T01:21:39.785+0000] {processor.py:186} INFO - Started process (PID=67392) to work on /home/airflow/.local/lib/python3.12/site-packages/airflow/example_dags/example_dataset_alias.py
[2025-05-10T01:21:39.800+0000] {processor.py:914} INFO - Processing file /home/airflow/.local/lib/python3.12/site-packages/airflow/example_dags/example_dataset_alias.py for tasks to queue
[2025-05-10T01:21:39.801+0000] {logging_mixin.py:190} INFO - [2025-05-10T01:21:39.801+0000] {dagbag.py:588} INFO - Filling up the DagBag from /home/airflow/.local/lib/python3.12/site-packages/airflow/example_dags/example_dataset_alias.py
[2025-05-10T01:21:40.082+0000] {processor.py:925} INFO - DAG(s) 'dataset_alias_example_alias_consumer', 'dataset_s3_bucket_producer', 'dataset_s3_bucket_consumer', 'dataset_alias_example_alias_producer' retrieved from /home/airflow/.local/lib/python3.12/site-packages/airflow/example_dags/example_dataset_alias.py
[2025-05-10T01:21:40.100+0000] {logging_mixin.py:190} INFO - [2025-05-10T01:21:40.099+0000] {dag.py:3239} INFO - Sync 4 DAGs
[2025-05-10T01:21:40.115+0000] {logging_mixin.py:190} INFO - [2025-05-10T01:21:40.115+0000] {dag.py:4180} INFO - Setting next_dagrun for dataset_alias_example_alias_consumer to None, run_after=None
[2025-05-10T01:21:40.117+0000] {logging_mixin.py:190} INFO - [2025-05-10T01:21:40.117+0000] {dag.py:4180} INFO - Setting next_dagrun for dataset_alias_example_alias_producer to None, run_after=None
[2025-05-10T01:21:40.118+0000] {logging_mixin.py:190} INFO - [2025-05-10T01:21:40.118+0000] {dag.py:4180} INFO - Setting next_dagrun for dataset_s3_bucket_consumer to None, run_after=None
[2025-05-10T01:21:40.119+0000] {logging_mixin.py:190} INFO - [2025-05-10T01:21:40.119+0000] {dag.py:4180} INFO - Setting next_dagrun for dataset_s3_bucket_producer to None, run_after=None
[2025-05-10T01:21:40.135+0000] {processor.py:208} INFO - Processing /home/airflow/.local/lib/python3.12/site-packages/airflow/example_dags/example_dataset_alias.py took 0.357 seconds
[2025-05-10T01:22:10.502+0000] {processor.py:186} INFO - Started process (PID=67475) to work on /home/airflow/.local/lib/python3.12/site-packages/airflow/example_dags/example_dataset_alias.py
[2025-05-10T01:22:10.503+0000] {processor.py:914} INFO - Processing file /home/airflow/.local/lib/python3.12/site-packages/airflow/example_dags/example_dataset_alias.py for tasks to queue
[2025-05-10T01:22:10.504+0000] {logging_mixin.py:190} INFO - [2025-05-10T01:22:10.504+0000] {dagbag.py:588} INFO - Filling up the DagBag from /home/airflow/.local/lib/python3.12/site-packages/airflow/example_dags/example_dataset_alias.py
[2025-05-10T01:22:10.771+0000] {processor.py:925} INFO - DAG(s) 'dataset_alias_example_alias_producer', 'dataset_alias_example_alias_consumer', 'dataset_s3_bucket_consumer', 'dataset_s3_bucket_producer' retrieved from /home/airflow/.local/lib/python3.12/site-packages/airflow/example_dags/example_dataset_alias.py
[2025-05-10T01:22:10.791+0000] {logging_mixin.py:190} INFO - [2025-05-10T01:22:10.790+0000] {dag.py:3239} INFO - Sync 4 DAGs
[2025-05-10T01:22:10.809+0000] {logging_mixin.py:190} INFO - [2025-05-10T01:22:10.809+0000] {dag.py:4180} INFO - Setting next_dagrun for dataset_alias_example_alias_consumer to None, run_after=None
[2025-05-10T01:22:10.811+0000] {logging_mixin.py:190} INFO - [2025-05-10T01:22:10.811+0000] {dag.py:4180} INFO - Setting next_dagrun for dataset_alias_example_alias_producer to None, run_after=None
[2025-05-10T01:22:10.813+0000] {logging_mixin.py:190} INFO - [2025-05-10T01:22:10.812+0000] {dag.py:4180} INFO - Setting next_dagrun for dataset_s3_bucket_consumer to None, run_after=None
[2025-05-10T01:22:10.814+0000] {logging_mixin.py:190} INFO - [2025-05-10T01:22:10.813+0000] {dag.py:4180} INFO - Setting next_dagrun for dataset_s3_bucket_producer to None, run_after=None
[2025-05-10T01:22:10.831+0000] {processor.py:208} INFO - Processing /home/airflow/.local/lib/python3.12/site-packages/airflow/example_dags/example_dataset_alias.py took 0.336 seconds
[2025-05-10T01:22:41.156+0000] {processor.py:186} INFO - Started process (PID=67557) to work on /home/airflow/.local/lib/python3.12/site-packages/airflow/example_dags/example_dataset_alias.py
[2025-05-10T01:22:41.163+0000] {processor.py:914} INFO - Processing file /home/airflow/.local/lib/python3.12/site-packages/airflow/example_dags/example_dataset_alias.py for tasks to queue
[2025-05-10T01:22:41.164+0000] {logging_mixin.py:190} INFO - [2025-05-10T01:22:41.163+0000] {dagbag.py:588} INFO - Filling up the DagBag from /home/airflow/.local/lib/python3.12/site-packages/airflow/example_dags/example_dataset_alias.py
[2025-05-10T01:22:41.432+0000] {processor.py:925} INFO - DAG(s) 'dataset_s3_bucket_consumer', 'dataset_s3_bucket_producer', 'dataset_alias_example_alias_producer', 'dataset_alias_example_alias_consumer' retrieved from /home/airflow/.local/lib/python3.12/site-packages/airflow/example_dags/example_dataset_alias.py
[2025-05-10T01:22:41.448+0000] {logging_mixin.py:190} INFO - [2025-05-10T01:22:41.447+0000] {dag.py:3239} INFO - Sync 4 DAGs
[2025-05-10T01:22:41.465+0000] {logging_mixin.py:190} INFO - [2025-05-10T01:22:41.465+0000] {dag.py:4180} INFO - Setting next_dagrun for dataset_alias_example_alias_consumer to None, run_after=None
[2025-05-10T01:22:41.467+0000] {logging_mixin.py:190} INFO - [2025-05-10T01:22:41.467+0000] {dag.py:4180} INFO - Setting next_dagrun for dataset_alias_example_alias_producer to None, run_after=None
[2025-05-10T01:22:41.468+0000] {logging_mixin.py:190} INFO - [2025-05-10T01:22:41.468+0000] {dag.py:4180} INFO - Setting next_dagrun for dataset_s3_bucket_consumer to None, run_after=None
[2025-05-10T01:22:41.469+0000] {logging_mixin.py:190} INFO - [2025-05-10T01:22:41.468+0000] {dag.py:4180} INFO - Setting next_dagrun for dataset_s3_bucket_producer to None, run_after=None
[2025-05-10T01:22:41.484+0000] {processor.py:208} INFO - Processing /home/airflow/.local/lib/python3.12/site-packages/airflow/example_dags/example_dataset_alias.py took 0.335 seconds
[2025-05-10T01:23:12.053+0000] {processor.py:186} INFO - Started process (PID=67639) to work on /home/airflow/.local/lib/python3.12/site-packages/airflow/example_dags/example_dataset_alias.py
[2025-05-10T01:23:12.061+0000] {processor.py:914} INFO - Processing file /home/airflow/.local/lib/python3.12/site-packages/airflow/example_dags/example_dataset_alias.py for tasks to queue
[2025-05-10T01:23:12.062+0000] {logging_mixin.py:190} INFO - [2025-05-10T01:23:12.062+0000] {dagbag.py:588} INFO - Filling up the DagBag from /home/airflow/.local/lib/python3.12/site-packages/airflow/example_dags/example_dataset_alias.py
[2025-05-10T01:23:12.330+0000] {processor.py:925} INFO - DAG(s) 'dataset_s3_bucket_producer', 'dataset_s3_bucket_consumer', 'dataset_alias_example_alias_producer', 'dataset_alias_example_alias_consumer' retrieved from /home/airflow/.local/lib/python3.12/site-packages/airflow/example_dags/example_dataset_alias.py
[2025-05-10T01:23:12.346+0000] {logging_mixin.py:190} INFO - [2025-05-10T01:23:12.346+0000] {dag.py:3239} INFO - Sync 4 DAGs
[2025-05-10T01:23:12.361+0000] {logging_mixin.py:190} INFO - [2025-05-10T01:23:12.361+0000] {dag.py:4180} INFO - Setting next_dagrun for dataset_alias_example_alias_consumer to None, run_after=None
[2025-05-10T01:23:12.363+0000] {logging_mixin.py:190} INFO - [2025-05-10T01:23:12.363+0000] {dag.py:4180} INFO - Setting next_dagrun for dataset_alias_example_alias_producer to None, run_after=None
[2025-05-10T01:23:12.364+0000] {logging_mixin.py:190} INFO - [2025-05-10T01:23:12.364+0000] {dag.py:4180} INFO - Setting next_dagrun for dataset_s3_bucket_consumer to None, run_after=None
[2025-05-10T01:23:12.365+0000] {logging_mixin.py:190} INFO - [2025-05-10T01:23:12.365+0000] {dag.py:4180} INFO - Setting next_dagrun for dataset_s3_bucket_producer to None, run_after=None
[2025-05-10T01:23:12.380+0000] {processor.py:208} INFO - Processing /home/airflow/.local/lib/python3.12/site-packages/airflow/example_dags/example_dataset_alias.py took 0.332 seconds
[2025-05-10T01:23:42.793+0000] {processor.py:186} INFO - Started process (PID=67721) to work on /home/airflow/.local/lib/python3.12/site-packages/airflow/example_dags/example_dataset_alias.py
[2025-05-10T01:23:42.801+0000] {processor.py:914} INFO - Processing file /home/airflow/.local/lib/python3.12/site-packages/airflow/example_dags/example_dataset_alias.py for tasks to queue
[2025-05-10T01:23:42.802+0000] {logging_mixin.py:190} INFO - [2025-05-10T01:23:42.802+0000] {dagbag.py:588} INFO - Filling up the DagBag from /home/airflow/.local/lib/python3.12/site-packages/airflow/example_dags/example_dataset_alias.py
[2025-05-10T01:23:43.075+0000] {processor.py:925} INFO - DAG(s) 'dataset_alias_example_alias_consumer', 'dataset_s3_bucket_producer', 'dataset_alias_example_alias_producer', 'dataset_s3_bucket_consumer' retrieved from /home/airflow/.local/lib/python3.12/site-packages/airflow/example_dags/example_dataset_alias.py
[2025-05-10T01:23:43.091+0000] {logging_mixin.py:190} INFO - [2025-05-10T01:23:43.091+0000] {dag.py:3239} INFO - Sync 4 DAGs
[2025-05-10T01:23:43.106+0000] {logging_mixin.py:190} INFO - [2025-05-10T01:23:43.106+0000] {dag.py:4180} INFO - Setting next_dagrun for dataset_alias_example_alias_consumer to None, run_after=None
[2025-05-10T01:23:43.108+0000] {logging_mixin.py:190} INFO - [2025-05-10T01:23:43.108+0000] {dag.py:4180} INFO - Setting next_dagrun for dataset_alias_example_alias_producer to None, run_after=None
[2025-05-10T01:23:43.109+0000] {logging_mixin.py:190} INFO - [2025-05-10T01:23:43.109+0000] {dag.py:4180} INFO - Setting next_dagrun for dataset_s3_bucket_consumer to None, run_after=None
[2025-05-10T01:23:43.110+0000] {logging_mixin.py:190} INFO - [2025-05-10T01:23:43.109+0000] {dag.py:4180} INFO - Setting next_dagrun for dataset_s3_bucket_producer to None, run_after=None
[2025-05-10T01:23:43.127+0000] {processor.py:208} INFO - Processing /home/airflow/.local/lib/python3.12/site-packages/airflow/example_dags/example_dataset_alias.py took 0.338 seconds
[2025-05-10T01:24:13.359+0000] {processor.py:186} INFO - Started process (PID=67803) to work on /home/airflow/.local/lib/python3.12/site-packages/airflow/example_dags/example_dataset_alias.py
[2025-05-10T01:24:13.367+0000] {processor.py:914} INFO - Processing file /home/airflow/.local/lib/python3.12/site-packages/airflow/example_dags/example_dataset_alias.py for tasks to queue
[2025-05-10T01:24:13.367+0000] {logging_mixin.py:190} INFO - [2025-05-10T01:24:13.367+0000] {dagbag.py:588} INFO - Filling up the DagBag from /home/airflow/.local/lib/python3.12/site-packages/airflow/example_dags/example_dataset_alias.py
[2025-05-10T01:24:13.634+0000] {processor.py:925} INFO - DAG(s) 'dataset_alias_example_alias_producer', 'dataset_s3_bucket_consumer', 'dataset_alias_example_alias_consumer', 'dataset_s3_bucket_producer' retrieved from /home/airflow/.local/lib/python3.12/site-packages/airflow/example_dags/example_dataset_alias.py
[2025-05-10T01:24:13.648+0000] {logging_mixin.py:190} INFO - [2025-05-10T01:24:13.648+0000] {dag.py:3239} INFO - Sync 4 DAGs
[2025-05-10T01:24:13.664+0000] {logging_mixin.py:190} INFO - [2025-05-10T01:24:13.663+0000] {dag.py:4180} INFO - Setting next_dagrun for dataset_alias_example_alias_consumer to None, run_after=None
[2025-05-10T01:24:13.666+0000] {logging_mixin.py:190} INFO - [2025-05-10T01:24:13.666+0000] {dag.py:4180} INFO - Setting next_dagrun for dataset_alias_example_alias_producer to None, run_after=None
[2025-05-10T01:24:13.667+0000] {logging_mixin.py:190} INFO - [2025-05-10T01:24:13.667+0000] {dag.py:4180} INFO - Setting next_dagrun for dataset_s3_bucket_consumer to None, run_after=None
[2025-05-10T01:24:13.668+0000] {logging_mixin.py:190} INFO - [2025-05-10T01:24:13.668+0000] {dag.py:4180} INFO - Setting next_dagrun for dataset_s3_bucket_producer to None, run_after=None
[2025-05-10T01:24:13.684+0000] {processor.py:208} INFO - Processing /home/airflow/.local/lib/python3.12/site-packages/airflow/example_dags/example_dataset_alias.py took 0.332 seconds
[2025-05-10T01:24:44.086+0000] {processor.py:186} INFO - Started process (PID=67885) to work on /home/airflow/.local/lib/python3.12/site-packages/airflow/example_dags/example_dataset_alias.py
[2025-05-10T01:24:44.095+0000] {processor.py:914} INFO - Processing file /home/airflow/.local/lib/python3.12/site-packages/airflow/example_dags/example_dataset_alias.py for tasks to queue
[2025-05-10T01:24:44.095+0000] {logging_mixin.py:190} INFO - [2025-05-10T01:24:44.095+0000] {dagbag.py:588} INFO - Filling up the DagBag from /home/airflow/.local/lib/python3.12/site-packages/airflow/example_dags/example_dataset_alias.py
[2025-05-10T01:24:44.370+0000] {processor.py:925} INFO - DAG(s) 'dataset_alias_example_alias_producer', 'dataset_s3_bucket_producer', 'dataset_s3_bucket_consumer', 'dataset_alias_example_alias_consumer' retrieved from /home/airflow/.local/lib/python3.12/site-packages/airflow/example_dags/example_dataset_alias.py
[2025-05-10T01:24:44.386+0000] {logging_mixin.py:190} INFO - [2025-05-10T01:24:44.386+0000] {dag.py:3239} INFO - Sync 4 DAGs
[2025-05-10T01:24:44.402+0000] {logging_mixin.py:190} INFO - [2025-05-10T01:24:44.402+0000] {dag.py:4180} INFO - Setting next_dagrun for dataset_alias_example_alias_consumer to None, run_after=None
[2025-05-10T01:24:44.404+0000] {logging_mixin.py:190} INFO - [2025-05-10T01:24:44.404+0000] {dag.py:4180} INFO - Setting next_dagrun for dataset_alias_example_alias_producer to None, run_after=None
[2025-05-10T01:24:44.405+0000] {logging_mixin.py:190} INFO - [2025-05-10T01:24:44.405+0000] {dag.py:4180} INFO - Setting next_dagrun for dataset_s3_bucket_consumer to None, run_after=None
[2025-05-10T01:24:44.406+0000] {logging_mixin.py:190} INFO - [2025-05-10T01:24:44.406+0000] {dag.py:4180} INFO - Setting next_dagrun for dataset_s3_bucket_producer to None, run_after=None
[2025-05-10T01:24:44.424+0000] {processor.py:208} INFO - Processing /home/airflow/.local/lib/python3.12/site-packages/airflow/example_dags/example_dataset_alias.py took 0.345 seconds
[2025-05-10T01:25:14.956+0000] {processor.py:186} INFO - Started process (PID=67967) to work on /home/airflow/.local/lib/python3.12/site-packages/airflow/example_dags/example_dataset_alias.py
[2025-05-10T01:25:14.962+0000] {processor.py:914} INFO - Processing file /home/airflow/.local/lib/python3.12/site-packages/airflow/example_dags/example_dataset_alias.py for tasks to queue
[2025-05-10T01:25:14.963+0000] {logging_mixin.py:190} INFO - [2025-05-10T01:25:14.963+0000] {dagbag.py:588} INFO - Filling up the DagBag from /home/airflow/.local/lib/python3.12/site-packages/airflow/example_dags/example_dataset_alias.py
[2025-05-10T01:25:15.252+0000] {processor.py:925} INFO - DAG(s) 'dataset_alias_example_alias_consumer', 'dataset_alias_example_alias_producer', 'dataset_s3_bucket_consumer', 'dataset_s3_bucket_producer' retrieved from /home/airflow/.local/lib/python3.12/site-packages/airflow/example_dags/example_dataset_alias.py
[2025-05-10T01:25:15.277+0000] {logging_mixin.py:190} INFO - [2025-05-10T01:25:15.277+0000] {dag.py:3239} INFO - Sync 4 DAGs
[2025-05-10T01:25:15.297+0000] {logging_mixin.py:190} INFO - [2025-05-10T01:25:15.297+0000] {dag.py:4180} INFO - Setting next_dagrun for dataset_alias_example_alias_consumer to None, run_after=None
[2025-05-10T01:25:15.300+0000] {logging_mixin.py:190} INFO - [2025-05-10T01:25:15.300+0000] {dag.py:4180} INFO - Setting next_dagrun for dataset_alias_example_alias_producer to None, run_after=None
[2025-05-10T01:25:15.302+0000] {logging_mixin.py:190} INFO - [2025-05-10T01:25:15.302+0000] {dag.py:4180} INFO - Setting next_dagrun for dataset_s3_bucket_consumer to None, run_after=None
[2025-05-10T01:25:15.304+0000] {logging_mixin.py:190} INFO - [2025-05-10T01:25:15.304+0000] {dag.py:4180} INFO - Setting next_dagrun for dataset_s3_bucket_producer to None, run_after=None
[2025-05-10T01:25:15.328+0000] {processor.py:208} INFO - Processing /home/airflow/.local/lib/python3.12/site-packages/airflow/example_dags/example_dataset_alias.py took 0.378 seconds
[2025-05-10T01:25:45.618+0000] {processor.py:186} INFO - Started process (PID=68049) to work on /home/airflow/.local/lib/python3.12/site-packages/airflow/example_dags/example_dataset_alias.py
[2025-05-10T01:25:45.620+0000] {processor.py:914} INFO - Processing file /home/airflow/.local/lib/python3.12/site-packages/airflow/example_dags/example_dataset_alias.py for tasks to queue
[2025-05-10T01:25:45.621+0000] {logging_mixin.py:190} INFO - [2025-05-10T01:25:45.620+0000] {dagbag.py:588} INFO - Filling up the DagBag from /home/airflow/.local/lib/python3.12/site-packages/airflow/example_dags/example_dataset_alias.py
[2025-05-10T01:25:45.896+0000] {processor.py:925} INFO - DAG(s) 'dataset_alias_example_alias_consumer', 'dataset_s3_bucket_producer', 'dataset_s3_bucket_consumer', 'dataset_alias_example_alias_producer' retrieved from /home/airflow/.local/lib/python3.12/site-packages/airflow/example_dags/example_dataset_alias.py
[2025-05-10T01:25:45.925+0000] {logging_mixin.py:190} INFO - [2025-05-10T01:25:45.924+0000] {dag.py:3239} INFO - Sync 4 DAGs
[2025-05-10T01:25:45.941+0000] {logging_mixin.py:190} INFO - [2025-05-10T01:25:45.941+0000] {dag.py:4180} INFO - Setting next_dagrun for dataset_alias_example_alias_consumer to None, run_after=None
[2025-05-10T01:25:45.943+0000] {logging_mixin.py:190} INFO - [2025-05-10T01:25:45.943+0000] {dag.py:4180} INFO - Setting next_dagrun for dataset_alias_example_alias_producer to None, run_after=None
[2025-05-10T01:25:45.944+0000] {logging_mixin.py:190} INFO - [2025-05-10T01:25:45.944+0000] {dag.py:4180} INFO - Setting next_dagrun for dataset_s3_bucket_consumer to None, run_after=None
[2025-05-10T01:25:45.945+0000] {logging_mixin.py:190} INFO - [2025-05-10T01:25:45.945+0000] {dag.py:4180} INFO - Setting next_dagrun for dataset_s3_bucket_producer to None, run_after=None
[2025-05-10T01:25:45.959+0000] {processor.py:208} INFO - Processing /home/airflow/.local/lib/python3.12/site-packages/airflow/example_dags/example_dataset_alias.py took 0.345 seconds
[2025-05-10T01:26:16.112+0000] {processor.py:186} INFO - Started process (PID=68131) to work on /home/airflow/.local/lib/python3.12/site-packages/airflow/example_dags/example_dataset_alias.py
[2025-05-10T01:26:16.119+0000] {processor.py:914} INFO - Processing file /home/airflow/.local/lib/python3.12/site-packages/airflow/example_dags/example_dataset_alias.py for tasks to queue
[2025-05-10T01:26:16.120+0000] {logging_mixin.py:190} INFO - [2025-05-10T01:26:16.120+0000] {dagbag.py:588} INFO - Filling up the DagBag from /home/airflow/.local/lib/python3.12/site-packages/airflow/example_dags/example_dataset_alias.py
[2025-05-10T01:26:16.383+0000] {processor.py:925} INFO - DAG(s) 'dataset_alias_example_alias_consumer', 'dataset_s3_bucket_producer', 'dataset_s3_bucket_consumer', 'dataset_alias_example_alias_producer' retrieved from /home/airflow/.local/lib/python3.12/site-packages/airflow/example_dags/example_dataset_alias.py
[2025-05-10T01:26:16.399+0000] {logging_mixin.py:190} INFO - [2025-05-10T01:26:16.398+0000] {dag.py:3239} INFO - Sync 4 DAGs
[2025-05-10T01:26:16.415+0000] {logging_mixin.py:190} INFO - [2025-05-10T01:26:16.415+0000] {dag.py:4180} INFO - Setting next_dagrun for dataset_alias_example_alias_consumer to None, run_after=None
[2025-05-10T01:26:16.419+0000] {logging_mixin.py:190} INFO - [2025-05-10T01:26:16.418+0000] {dag.py:4180} INFO - Setting next_dagrun for dataset_alias_example_alias_producer to None, run_after=None
[2025-05-10T01:26:16.420+0000] {logging_mixin.py:190} INFO - [2025-05-10T01:26:16.420+0000] {dag.py:4180} INFO - Setting next_dagrun for dataset_s3_bucket_consumer to None, run_after=None
[2025-05-10T01:26:16.421+0000] {logging_mixin.py:190} INFO - [2025-05-10T01:26:16.421+0000] {dag.py:4180} INFO - Setting next_dagrun for dataset_s3_bucket_producer to None, run_after=None
[2025-05-10T01:26:16.436+0000] {processor.py:208} INFO - Processing /home/airflow/.local/lib/python3.12/site-packages/airflow/example_dags/example_dataset_alias.py took 0.331 seconds
[2025-05-10T01:26:46.594+0000] {processor.py:186} INFO - Started process (PID=68213) to work on /home/airflow/.local/lib/python3.12/site-packages/airflow/example_dags/example_dataset_alias.py
[2025-05-10T01:26:46.596+0000] {processor.py:914} INFO - Processing file /home/airflow/.local/lib/python3.12/site-packages/airflow/example_dags/example_dataset_alias.py for tasks to queue
[2025-05-10T01:26:46.597+0000] {logging_mixin.py:190} INFO - [2025-05-10T01:26:46.597+0000] {dagbag.py:588} INFO - Filling up the DagBag from /home/airflow/.local/lib/python3.12/site-packages/airflow/example_dags/example_dataset_alias.py
[2025-05-10T01:26:46.877+0000] {processor.py:925} INFO - DAG(s) 'dataset_alias_example_alias_producer', 'dataset_alias_example_alias_consumer', 'dataset_s3_bucket_producer', 'dataset_s3_bucket_consumer' retrieved from /home/airflow/.local/lib/python3.12/site-packages/airflow/example_dags/example_dataset_alias.py
[2025-05-10T01:26:46.893+0000] {logging_mixin.py:190} INFO - [2025-05-10T01:26:46.892+0000] {dag.py:3239} INFO - Sync 4 DAGs
[2025-05-10T01:26:46.908+0000] {logging_mixin.py:190} INFO - [2025-05-10T01:26:46.908+0000] {dag.py:4180} INFO - Setting next_dagrun for dataset_alias_example_alias_consumer to None, run_after=None
[2025-05-10T01:26:46.910+0000] {logging_mixin.py:190} INFO - [2025-05-10T01:26:46.910+0000] {dag.py:4180} INFO - Setting next_dagrun for dataset_alias_example_alias_producer to None, run_after=None
[2025-05-10T01:26:46.911+0000] {logging_mixin.py:190} INFO - [2025-05-10T01:26:46.911+0000] {dag.py:4180} INFO - Setting next_dagrun for dataset_s3_bucket_consumer to None, run_after=None
[2025-05-10T01:26:46.912+0000] {logging_mixin.py:190} INFO - [2025-05-10T01:26:46.912+0000] {dag.py:4180} INFO - Setting next_dagrun for dataset_s3_bucket_producer to None, run_after=None
[2025-05-10T01:26:46.927+0000] {processor.py:208} INFO - Processing /home/airflow/.local/lib/python3.12/site-packages/airflow/example_dags/example_dataset_alias.py took 0.340 seconds
[2025-05-10T01:27:17.205+0000] {processor.py:186} INFO - Started process (PID=68295) to work on /home/airflow/.local/lib/python3.12/site-packages/airflow/example_dags/example_dataset_alias.py
[2025-05-10T01:27:17.213+0000] {processor.py:914} INFO - Processing file /home/airflow/.local/lib/python3.12/site-packages/airflow/example_dags/example_dataset_alias.py for tasks to queue
[2025-05-10T01:27:17.214+0000] {logging_mixin.py:190} INFO - [2025-05-10T01:27:17.214+0000] {dagbag.py:588} INFO - Filling up the DagBag from /home/airflow/.local/lib/python3.12/site-packages/airflow/example_dags/example_dataset_alias.py
[2025-05-10T01:27:17.484+0000] {processor.py:925} INFO - DAG(s) 'dataset_s3_bucket_producer', 'dataset_s3_bucket_consumer', 'dataset_alias_example_alias_consumer', 'dataset_alias_example_alias_producer' retrieved from /home/airflow/.local/lib/python3.12/site-packages/airflow/example_dags/example_dataset_alias.py
[2025-05-10T01:27:17.503+0000] {logging_mixin.py:190} INFO - [2025-05-10T01:27:17.503+0000] {dag.py:3239} INFO - Sync 4 DAGs
[2025-05-10T01:27:17.518+0000] {logging_mixin.py:190} INFO - [2025-05-10T01:27:17.518+0000] {dag.py:4180} INFO - Setting next_dagrun for dataset_alias_example_alias_consumer to None, run_after=None
[2025-05-10T01:27:17.520+0000] {logging_mixin.py:190} INFO - [2025-05-10T01:27:17.520+0000] {dag.py:4180} INFO - Setting next_dagrun for dataset_alias_example_alias_producer to None, run_after=None
[2025-05-10T01:27:17.521+0000] {logging_mixin.py:190} INFO - [2025-05-10T01:27:17.521+0000] {dag.py:4180} INFO - Setting next_dagrun for dataset_s3_bucket_consumer to None, run_after=None
[2025-05-10T01:27:17.522+0000] {logging_mixin.py:190} INFO - [2025-05-10T01:27:17.521+0000] {dag.py:4180} INFO - Setting next_dagrun for dataset_s3_bucket_producer to None, run_after=None
[2025-05-10T01:27:17.535+0000] {processor.py:208} INFO - Processing /home/airflow/.local/lib/python3.12/site-packages/airflow/example_dags/example_dataset_alias.py took 0.336 seconds
[2025-05-10T02:18:37.956+0000] {processor.py:186} INFO - Started process (PID=68352) to work on /home/airflow/.local/lib/python3.12/site-packages/airflow/example_dags/example_dataset_alias.py
[2025-05-10T02:18:37.957+0000] {processor.py:914} INFO - Processing file /home/airflow/.local/lib/python3.12/site-packages/airflow/example_dags/example_dataset_alias.py for tasks to queue
[2025-05-10T02:18:37.959+0000] {logging_mixin.py:190} INFO - [2025-05-10T02:18:37.958+0000] {dagbag.py:588} INFO - Filling up the DagBag from /home/airflow/.local/lib/python3.12/site-packages/airflow/example_dags/example_dataset_alias.py
[2025-05-10T02:18:38.366+0000] {processor.py:925} INFO - DAG(s) 'dataset_alias_example_alias_producer', 'dataset_s3_bucket_producer', 'dataset_s3_bucket_consumer', 'dataset_alias_example_alias_consumer' retrieved from /home/airflow/.local/lib/python3.12/site-packages/airflow/example_dags/example_dataset_alias.py
[2025-05-10T02:18:38.389+0000] {logging_mixin.py:190} INFO - [2025-05-10T02:18:38.389+0000] {dag.py:3239} INFO - Sync 4 DAGs
[2025-05-10T02:18:38.410+0000] {logging_mixin.py:190} INFO - [2025-05-10T02:18:38.410+0000] {dag.py:4180} INFO - Setting next_dagrun for dataset_alias_example_alias_consumer to None, run_after=None
[2025-05-10T02:18:38.413+0000] {logging_mixin.py:190} INFO - [2025-05-10T02:18:38.413+0000] {dag.py:4180} INFO - Setting next_dagrun for dataset_alias_example_alias_producer to None, run_after=None
[2025-05-10T02:18:38.415+0000] {logging_mixin.py:190} INFO - [2025-05-10T02:18:38.415+0000] {dag.py:4180} INFO - Setting next_dagrun for dataset_s3_bucket_consumer to None, run_after=None
[2025-05-10T02:18:38.416+0000] {logging_mixin.py:190} INFO - [2025-05-10T02:18:38.416+0000] {dag.py:4180} INFO - Setting next_dagrun for dataset_s3_bucket_producer to None, run_after=None
[2025-05-10T02:18:38.438+0000] {processor.py:208} INFO - Processing /home/airflow/.local/lib/python3.12/site-packages/airflow/example_dags/example_dataset_alias.py took 0.490 seconds
[2025-05-10T02:19:09.385+0000] {processor.py:186} INFO - Started process (PID=68437) to work on /home/airflow/.local/lib/python3.12/site-packages/airflow/example_dags/example_dataset_alias.py
[2025-05-10T02:19:09.386+0000] {processor.py:914} INFO - Processing file /home/airflow/.local/lib/python3.12/site-packages/airflow/example_dags/example_dataset_alias.py for tasks to queue
[2025-05-10T02:19:09.386+0000] {logging_mixin.py:190} INFO - [2025-05-10T02:19:09.386+0000] {dagbag.py:588} INFO - Filling up the DagBag from /home/airflow/.local/lib/python3.12/site-packages/airflow/example_dags/example_dataset_alias.py
[2025-05-10T02:19:09.719+0000] {processor.py:925} INFO - DAG(s) 'dataset_s3_bucket_producer', 'dataset_alias_example_alias_producer', 'dataset_alias_example_alias_consumer', 'dataset_s3_bucket_consumer' retrieved from /home/airflow/.local/lib/python3.12/site-packages/airflow/example_dags/example_dataset_alias.py
[2025-05-10T02:19:09.741+0000] {logging_mixin.py:190} INFO - [2025-05-10T02:19:09.741+0000] {dag.py:3239} INFO - Sync 4 DAGs
[2025-05-10T02:19:09.759+0000] {logging_mixin.py:190} INFO - [2025-05-10T02:19:09.759+0000] {dag.py:4180} INFO - Setting next_dagrun for dataset_alias_example_alias_consumer to None, run_after=None
[2025-05-10T02:19:09.761+0000] {logging_mixin.py:190} INFO - [2025-05-10T02:19:09.761+0000] {dag.py:4180} INFO - Setting next_dagrun for dataset_alias_example_alias_producer to None, run_after=None
[2025-05-10T02:19:09.762+0000] {logging_mixin.py:190} INFO - [2025-05-10T02:19:09.762+0000] {dag.py:4180} INFO - Setting next_dagrun for dataset_s3_bucket_consumer to None, run_after=None
[2025-05-10T02:19:09.764+0000] {logging_mixin.py:190} INFO - [2025-05-10T02:19:09.764+0000] {dag.py:4180} INFO - Setting next_dagrun for dataset_s3_bucket_producer to None, run_after=None
[2025-05-10T02:19:09.788+0000] {processor.py:208} INFO - Processing /home/airflow/.local/lib/python3.12/site-packages/airflow/example_dags/example_dataset_alias.py took 0.409 seconds
[2025-05-10T02:19:40.571+0000] {processor.py:186} INFO - Started process (PID=68521) to work on /home/airflow/.local/lib/python3.12/site-packages/airflow/example_dags/example_dataset_alias.py
[2025-05-10T02:19:40.580+0000] {processor.py:914} INFO - Processing file /home/airflow/.local/lib/python3.12/site-packages/airflow/example_dags/example_dataset_alias.py for tasks to queue
[2025-05-10T02:19:40.581+0000] {logging_mixin.py:190} INFO - [2025-05-10T02:19:40.581+0000] {dagbag.py:588} INFO - Filling up the DagBag from /home/airflow/.local/lib/python3.12/site-packages/airflow/example_dags/example_dataset_alias.py
[2025-05-10T02:19:40.875+0000] {processor.py:925} INFO - DAG(s) 'dataset_s3_bucket_producer', 'dataset_alias_example_alias_producer', 'dataset_alias_example_alias_consumer', 'dataset_s3_bucket_consumer' retrieved from /home/airflow/.local/lib/python3.12/site-packages/airflow/example_dags/example_dataset_alias.py
[2025-05-10T02:19:40.889+0000] {logging_mixin.py:190} INFO - [2025-05-10T02:19:40.889+0000] {dag.py:3239} INFO - Sync 4 DAGs
[2025-05-10T02:19:40.904+0000] {logging_mixin.py:190} INFO - [2025-05-10T02:19:40.904+0000] {dag.py:4180} INFO - Setting next_dagrun for dataset_alias_example_alias_consumer to None, run_after=None
[2025-05-10T02:19:40.906+0000] {logging_mixin.py:190} INFO - [2025-05-10T02:19:40.906+0000] {dag.py:4180} INFO - Setting next_dagrun for dataset_alias_example_alias_producer to None, run_after=None
[2025-05-10T02:19:40.907+0000] {logging_mixin.py:190} INFO - [2025-05-10T02:19:40.907+0000] {dag.py:4180} INFO - Setting next_dagrun for dataset_s3_bucket_consumer to None, run_after=None
[2025-05-10T02:19:40.908+0000] {logging_mixin.py:190} INFO - [2025-05-10T02:19:40.907+0000] {dag.py:4180} INFO - Setting next_dagrun for dataset_s3_bucket_producer to None, run_after=None
[2025-05-10T02:19:40.923+0000] {processor.py:208} INFO - Processing /home/airflow/.local/lib/python3.12/site-packages/airflow/example_dags/example_dataset_alias.py took 0.355 seconds
[2025-05-10T02:20:11.012+0000] {processor.py:186} INFO - Started process (PID=68603) to work on /home/airflow/.local/lib/python3.12/site-packages/airflow/example_dags/example_dataset_alias.py
[2025-05-10T02:20:11.012+0000] {processor.py:914} INFO - Processing file /home/airflow/.local/lib/python3.12/site-packages/airflow/example_dags/example_dataset_alias.py for tasks to queue
[2025-05-10T02:20:11.013+0000] {logging_mixin.py:190} INFO - [2025-05-10T02:20:11.013+0000] {dagbag.py:588} INFO - Filling up the DagBag from /home/airflow/.local/lib/python3.12/site-packages/airflow/example_dags/example_dataset_alias.py
[2025-05-10T02:20:11.292+0000] {processor.py:925} INFO - DAG(s) 'dataset_alias_example_alias_consumer', 'dataset_alias_example_alias_producer', 'dataset_s3_bucket_consumer', 'dataset_s3_bucket_producer' retrieved from /home/airflow/.local/lib/python3.12/site-packages/airflow/example_dags/example_dataset_alias.py
[2025-05-10T02:20:11.308+0000] {logging_mixin.py:190} INFO - [2025-05-10T02:20:11.308+0000] {dag.py:3239} INFO - Sync 4 DAGs
[2025-05-10T02:20:11.323+0000] {logging_mixin.py:190} INFO - [2025-05-10T02:20:11.323+0000] {dag.py:4180} INFO - Setting next_dagrun for dataset_alias_example_alias_consumer to None, run_after=None
[2025-05-10T02:20:11.325+0000] {logging_mixin.py:190} INFO - [2025-05-10T02:20:11.325+0000] {dag.py:4180} INFO - Setting next_dagrun for dataset_alias_example_alias_producer to None, run_after=None
[2025-05-10T02:20:11.326+0000] {logging_mixin.py:190} INFO - [2025-05-10T02:20:11.326+0000] {dag.py:4180} INFO - Setting next_dagrun for dataset_s3_bucket_consumer to None, run_after=None
[2025-05-10T02:20:11.327+0000] {logging_mixin.py:190} INFO - [2025-05-10T02:20:11.327+0000] {dag.py:4180} INFO - Setting next_dagrun for dataset_s3_bucket_producer to None, run_after=None
[2025-05-10T02:20:11.349+0000] {processor.py:208} INFO - Processing /home/airflow/.local/lib/python3.12/site-packages/airflow/example_dags/example_dataset_alias.py took 0.344 seconds
[2025-05-10T02:20:41.778+0000] {processor.py:186} INFO - Started process (PID=68685) to work on /home/airflow/.local/lib/python3.12/site-packages/airflow/example_dags/example_dataset_alias.py
[2025-05-10T02:20:41.780+0000] {processor.py:914} INFO - Processing file /home/airflow/.local/lib/python3.12/site-packages/airflow/example_dags/example_dataset_alias.py for tasks to queue
[2025-05-10T02:20:41.781+0000] {logging_mixin.py:190} INFO - [2025-05-10T02:20:41.781+0000] {dagbag.py:588} INFO - Filling up the DagBag from /home/airflow/.local/lib/python3.12/site-packages/airflow/example_dags/example_dataset_alias.py
[2025-05-10T02:20:42.055+0000] {processor.py:925} INFO - DAG(s) 'dataset_s3_bucket_producer', 'dataset_s3_bucket_consumer', 'dataset_alias_example_alias_consumer', 'dataset_alias_example_alias_producer' retrieved from /home/airflow/.local/lib/python3.12/site-packages/airflow/example_dags/example_dataset_alias.py
[2025-05-10T02:20:42.071+0000] {logging_mixin.py:190} INFO - [2025-05-10T02:20:42.071+0000] {dag.py:3239} INFO - Sync 4 DAGs
[2025-05-10T02:20:42.087+0000] {logging_mixin.py:190} INFO - [2025-05-10T02:20:42.087+0000] {dag.py:4180} INFO - Setting next_dagrun for dataset_alias_example_alias_consumer to None, run_after=None
[2025-05-10T02:20:42.090+0000] {logging_mixin.py:190} INFO - [2025-05-10T02:20:42.089+0000] {dag.py:4180} INFO - Setting next_dagrun for dataset_alias_example_alias_producer to None, run_after=None
[2025-05-10T02:20:42.090+0000] {logging_mixin.py:190} INFO - [2025-05-10T02:20:42.090+0000] {dag.py:4180} INFO - Setting next_dagrun for dataset_s3_bucket_consumer to None, run_after=None
[2025-05-10T02:20:42.091+0000] {logging_mixin.py:190} INFO - [2025-05-10T02:20:42.091+0000] {dag.py:4180} INFO - Setting next_dagrun for dataset_s3_bucket_producer to None, run_after=None
[2025-05-10T02:20:42.113+0000] {processor.py:208} INFO - Processing /home/airflow/.local/lib/python3.12/site-packages/airflow/example_dags/example_dataset_alias.py took 0.342 seconds
[2025-05-10T04:20:37.942+0000] {processor.py:186} INFO - Started process (PID=68765) to work on /home/airflow/.local/lib/python3.12/site-packages/airflow/example_dags/example_dataset_alias.py
[2025-05-10T04:20:37.944+0000] {processor.py:914} INFO - Processing file /home/airflow/.local/lib/python3.12/site-packages/airflow/example_dags/example_dataset_alias.py for tasks to queue
[2025-05-10T04:20:37.946+0000] {logging_mixin.py:190} INFO - [2025-05-10T04:20:37.945+0000] {dagbag.py:588} INFO - Filling up the DagBag from /home/airflow/.local/lib/python3.12/site-packages/airflow/example_dags/example_dataset_alias.py
[2025-05-10T04:20:38.434+0000] {processor.py:925} INFO - DAG(s) 'dataset_s3_bucket_consumer', 'dataset_s3_bucket_producer', 'dataset_alias_example_alias_consumer', 'dataset_alias_example_alias_producer' retrieved from /home/airflow/.local/lib/python3.12/site-packages/airflow/example_dags/example_dataset_alias.py
[2025-05-10T04:20:38.473+0000] {logging_mixin.py:190} INFO - [2025-05-10T04:20:38.472+0000] {dag.py:3239} INFO - Sync 4 DAGs
[2025-05-10T04:20:38.506+0000] {logging_mixin.py:190} INFO - [2025-05-10T04:20:38.505+0000] {dag.py:4180} INFO - Setting next_dagrun for dataset_alias_example_alias_consumer to None, run_after=None
[2025-05-10T04:20:38.514+0000] {logging_mixin.py:190} INFO - [2025-05-10T04:20:38.513+0000] {dag.py:4180} INFO - Setting next_dagrun for dataset_alias_example_alias_producer to None, run_after=None
[2025-05-10T04:20:38.517+0000] {logging_mixin.py:190} INFO - [2025-05-10T04:20:38.516+0000] {dag.py:4180} INFO - Setting next_dagrun for dataset_s3_bucket_consumer to None, run_after=None
[2025-05-10T04:20:38.519+0000] {logging_mixin.py:190} INFO - [2025-05-10T04:20:38.519+0000] {dag.py:4180} INFO - Setting next_dagrun for dataset_s3_bucket_producer to None, run_after=None
[2025-05-10T04:20:38.552+0000] {processor.py:208} INFO - Processing /home/airflow/.local/lib/python3.12/site-packages/airflow/example_dags/example_dataset_alias.py took 0.616 seconds
[2025-05-10T07:20:06.003+0000] {processor.py:186} INFO - Started process (PID=68868) to work on /home/airflow/.local/lib/python3.12/site-packages/airflow/example_dags/example_dataset_alias.py
[2025-05-10T07:20:06.009+0000] {processor.py:914} INFO - Processing file /home/airflow/.local/lib/python3.12/site-packages/airflow/example_dags/example_dataset_alias.py for tasks to queue
[2025-05-10T07:20:06.011+0000] {logging_mixin.py:190} INFO - [2025-05-10T07:20:06.010+0000] {dagbag.py:588} INFO - Filling up the DagBag from /home/airflow/.local/lib/python3.12/site-packages/airflow/example_dags/example_dataset_alias.py
[2025-05-10T08:21:04.783+0000] {logging_mixin.py:190} INFO - [2025-05-10T08:21:04.783+0000] {timeout.py:68} ERROR - Process timed out, PID: 68868
[2025-05-10T08:20:37.107+0000] {logging_mixin.py:190} INFO - [2025-05-10T08:21:04.784+0000] {dagbag.py:387} ERROR - Failed to import: /home/airflow/.local/lib/python3.12/site-packages/airflow/example_dags/example_dataset_alias.py
Traceback (most recent call last):
  File "/home/airflow/.local/lib/python3.12/site-packages/airflow/models/dagbag.py", line 383, in parse
    loader.exec_module(new_module)
  File "<frozen importlib._bootstrap_external>", line 999, in exec_module
  File "<frozen importlib._bootstrap>", line 488, in _call_with_frames_removed
  File "/home/airflow/.local/lib/python3.12/site-packages/airflow/example_dags/example_dataset_alias.py", line 52, in <module>
    @task(outlets=[Dataset("s3://bucket/my-task")])
                   ^^^^^^^^^^^^^^^^^^^^^^^^^^^^^^
  File "<attrs generated init airflow.datasets.Dataset>", line 3, in __init__
    _setattr('uri', __attr_converter_uri(uri))
                    ^^^^^^^^^^^^^^^^^^^^^^^^^
  File "/home/airflow/.local/lib/python3.12/site-packages/airflow/datasets/__init__.py", line 108, in _sanitize_uri
    if (normalizer := _get_uri_normalizer(normalized_scheme)) is not None:
                      ^^^^^^^^^^^^^^^^^^^^^^^^^^^^^^^^^^^^^^
  File "/home/airflow/.local/lib/python3.12/site-packages/airflow/datasets/__init__.py", line 58, in _get_uri_normalizer
    return ProvidersManager().dataset_uri_handlers.get(scheme)
           ^^^^^^^^^^^^^^^^^^^^^^^^^^^^^^^^^^^^^^^
  File "/home/airflow/.local/lib/python3.12/site-packages/airflow/providers_manager.py", line 1333, in dataset_uri_handlers
    self.initialize_providers_dataset_uri_resources()
  File "/home/airflow/.local/lib/python3.12/site-packages/airflow/providers_manager.py", line 384, in wrapped_function
    func(*args, **kwargs)
  File "/home/airflow/.local/lib/python3.12/site-packages/airflow/providers_manager.py", line 532, in initialize_providers_dataset_uri_resources
    self._discover_dataset_uri_resources()
  File "/home/airflow/.local/lib/python3.12/site-packages/airflow/providers_manager.py", line 914, in _discover_dataset_uri_resources
    _safe_register_resource(
  File "/home/airflow/.local/lib/python3.12/site-packages/airflow/providers_manager.py", line 902, in _safe_register_resource
    _correctness_check(provider_package_name, resource_path, provider)
  File "/home/airflow/.local/lib/python3.12/site-packages/airflow/providers_manager.py", line 327, in _correctness_check
    imported_class = import_string(class_name)
                     ^^^^^^^^^^^^^^^^^^^^^^^^^
  File "/home/airflow/.local/lib/python3.12/site-packages/airflow/utils/module_loading.py", line 39, in import_string
    module = import_module(module_path)
             ^^^^^^^^^^^^^^^^^^^^^^^^^^
  File "/usr/local/lib/python3.12/importlib/__init__.py", line 90, in import_module
    return _bootstrap._gcd_import(name[level:], package, level)
           ^^^^^^^^^^^^^^^^^^^^^^^^^^^^^^^^^^^^^^^^^^^^^^^^^^^^
  File "<frozen importlib._bootstrap>", line 1387, in _gcd_import
  File "<frozen importlib._bootstrap>", line 1360, in _find_and_load
  File "<frozen importlib._bootstrap>", line 1331, in _find_and_load_unlocked
  File "<frozen importlib._bootstrap>", line 935, in _load_unlocked
  File "<frozen importlib._bootstrap_external>", line 999, in exec_module
  File "<frozen importlib._bootstrap>", line 488, in _call_with_frames_removed
  File "/home/airflow/.local/lib/python3.12/site-packages/airflow/providers/google/assets/gcs.py", line 21, in <module>
    from airflow.providers.google.cloud.hooks.gcs import _parse_gcs_url
  File "/home/airflow/.local/lib/python3.12/site-packages/airflow/providers/google/cloud/hooks/gcs.py", line 37, in <module>
    from gcloud.aio.storage import Storage
  File "/home/airflow/.local/lib/python3.12/site-packages/gcloud/aio/storage/__init__.py", line 156, in <module>
    from .blob import Blob
  File "/home/airflow/.local/lib/python3.12/site-packages/gcloud/aio/storage/blob.py", line 18, in <module>
    from pyasn1.codec.der import decoder
  File "/home/airflow/.local/lib/python3.12/site-packages/pyasn1/codec/der/decoder.py", line 9, in <module>
    from pyasn1.codec.cer import decoder
  File "/home/airflow/.local/lib/python3.12/site-packages/pyasn1/codec/cer/decoder.py", line 10, in <module>
    from pyasn1.codec.streaming import readFromStream
  File "/home/airflow/.local/lib/python3.12/site-packages/pyasn1/codec/streaming.py", line 11, in <module>
    from pyasn1.type import univ
  File "/home/airflow/.local/lib/python3.12/site-packages/pyasn1/type/univ.py", line 11, in <module>
    from pyasn1.codec.ber import eoo
  File "/home/airflow/.local/lib/python3.12/site-packages/pyasn1/codec/ber/eoo.py", line 7, in <module>
    from pyasn1.type import base
  File "/home/airflow/.local/lib/python3.12/site-packages/pyasn1/type/base.py", line 28, in <module>
    class Asn1Type(Asn1Item):
  File "/home/airflow/.local/lib/python3.12/site-packages/airflow/utils/timeout.py", line 69, in handle_timeout
    raise AirflowTaskTimeout(self.error_message)
airflow.exceptions.AirflowTaskTimeout: DagBag import timeout for /home/airflow/.local/lib/python3.12/site-packages/airflow/example_dags/example_dataset_alias.py after 30.0s.
Please take a look at these docs to improve your DAG import time:
* https://airflow.apache.org/docs/apache-airflow/2.10.5/best-practices.html#top-level-python-code
* https://airflow.apache.org/docs/apache-airflow/2.10.5/best-practices.html#reducing-dag-complexity, PID: 68868
[2025-05-10T08:20:37.108+0000] {processor.py:927} WARNING - No viable dags retrieved from /home/airflow/.local/lib/python3.12/site-packages/airflow/example_dags/example_dataset_alias.py
[2025-05-10T08:20:37.211+0000] {processor.py:208} INFO - Processing /home/airflow/.local/lib/python3.12/site-packages/airflow/example_dags/example_dataset_alias.py took 3659.064 seconds
