[2025-05-10T01:19:39.229+0000] {processor.py:186} INFO - Started process (PID=67099) to work on /home/airflow/.local/lib/python3.12/site-packages/airflow/example_dags/example_short_circuit_decorator.py
[2025-05-10T01:19:39.230+0000] {processor.py:914} INFO - Processing file /home/airflow/.local/lib/python3.12/site-packages/airflow/example_dags/example_short_circuit_decorator.py for tasks to queue
[2025-05-10T01:19:39.231+0000] {logging_mixin.py:190} INFO - [2025-05-10T01:19:39.230+0000] {dagbag.py:588} INFO - Filling up the DagBag from /home/airflow/.local/lib/python3.12/site-packages/airflow/example_dags/example_short_circuit_decorator.py
[2025-05-10T01:19:39.236+0000] {processor.py:925} INFO - DAG(s) 'example_short_circuit_decorator' retrieved from /home/airflow/.local/lib/python3.12/site-packages/airflow/example_dags/example_short_circuit_decorator.py
[2025-05-10T01:19:39.254+0000] {logging_mixin.py:190} INFO - [2025-05-10T01:19:39.254+0000] {dag.py:3239} INFO - Sync 1 DAGs
[2025-05-10T01:19:39.264+0000] {logging_mixin.py:190} INFO - [2025-05-10T01:19:39.264+0000] {dag.py:4180} INFO - Setting next_dagrun for example_short_circuit_decorator to None, run_after=None
[2025-05-10T01:19:39.279+0000] {processor.py:208} INFO - Processing /home/airflow/.local/lib/python3.12/site-packages/airflow/example_dags/example_short_circuit_decorator.py took 0.054 seconds
[2025-05-10T01:20:10.203+0000] {processor.py:186} INFO - Started process (PID=67181) to work on /home/airflow/.local/lib/python3.12/site-packages/airflow/example_dags/example_short_circuit_decorator.py
[2025-05-10T01:20:10.204+0000] {processor.py:914} INFO - Processing file /home/airflow/.local/lib/python3.12/site-packages/airflow/example_dags/example_short_circuit_decorator.py for tasks to queue
[2025-05-10T01:20:10.205+0000] {logging_mixin.py:190} INFO - [2025-05-10T01:20:10.205+0000] {dagbag.py:588} INFO - Filling up the DagBag from /home/airflow/.local/lib/python3.12/site-packages/airflow/example_dags/example_short_circuit_decorator.py
[2025-05-10T01:20:10.213+0000] {processor.py:925} INFO - DAG(s) 'example_short_circuit_decorator' retrieved from /home/airflow/.local/lib/python3.12/site-packages/airflow/example_dags/example_short_circuit_decorator.py
[2025-05-10T01:20:10.236+0000] {logging_mixin.py:190} INFO - [2025-05-10T01:20:10.236+0000] {dag.py:3239} INFO - Sync 1 DAGs
[2025-05-10T01:20:10.252+0000] {logging_mixin.py:190} INFO - [2025-05-10T01:20:10.251+0000] {dag.py:4180} INFO - Setting next_dagrun for example_short_circuit_decorator to None, run_after=None
[2025-05-10T01:20:10.272+0000] {processor.py:208} INFO - Processing /home/airflow/.local/lib/python3.12/site-packages/airflow/example_dags/example_short_circuit_decorator.py took 0.074 seconds
[2025-05-10T01:20:41.155+0000] {processor.py:186} INFO - Started process (PID=67263) to work on /home/airflow/.local/lib/python3.12/site-packages/airflow/example_dags/example_short_circuit_decorator.py
[2025-05-10T01:20:41.156+0000] {processor.py:914} INFO - Processing file /home/airflow/.local/lib/python3.12/site-packages/airflow/example_dags/example_short_circuit_decorator.py for tasks to queue
[2025-05-10T01:20:41.158+0000] {logging_mixin.py:190} INFO - [2025-05-10T01:20:41.157+0000] {dagbag.py:588} INFO - Filling up the DagBag from /home/airflow/.local/lib/python3.12/site-packages/airflow/example_dags/example_short_circuit_decorator.py
[2025-05-10T01:20:41.163+0000] {processor.py:925} INFO - DAG(s) 'example_short_circuit_decorator' retrieved from /home/airflow/.local/lib/python3.12/site-packages/airflow/example_dags/example_short_circuit_decorator.py
[2025-05-10T01:20:41.179+0000] {logging_mixin.py:190} INFO - [2025-05-10T01:20:41.179+0000] {dag.py:3239} INFO - Sync 1 DAGs
[2025-05-10T01:20:41.188+0000] {logging_mixin.py:190} INFO - [2025-05-10T01:20:41.188+0000] {dag.py:4180} INFO - Setting next_dagrun for example_short_circuit_decorator to None, run_after=None
[2025-05-10T01:20:41.202+0000] {processor.py:208} INFO - Processing /home/airflow/.local/lib/python3.12/site-packages/airflow/example_dags/example_short_circuit_decorator.py took 0.051 seconds
[2025-05-10T01:21:12.379+0000] {processor.py:186} INFO - Started process (PID=67350) to work on /home/airflow/.local/lib/python3.12/site-packages/airflow/example_dags/example_short_circuit_decorator.py
[2025-05-10T01:21:12.379+0000] {processor.py:914} INFO - Processing file /home/airflow/.local/lib/python3.12/site-packages/airflow/example_dags/example_short_circuit_decorator.py for tasks to queue
[2025-05-10T01:21:12.380+0000] {logging_mixin.py:190} INFO - [2025-05-10T01:21:12.380+0000] {dagbag.py:588} INFO - Filling up the DagBag from /home/airflow/.local/lib/python3.12/site-packages/airflow/example_dags/example_short_circuit_decorator.py
[2025-05-10T01:21:12.386+0000] {processor.py:925} INFO - DAG(s) 'example_short_circuit_decorator' retrieved from /home/airflow/.local/lib/python3.12/site-packages/airflow/example_dags/example_short_circuit_decorator.py
[2025-05-10T01:21:12.403+0000] {logging_mixin.py:190} INFO - [2025-05-10T01:21:12.402+0000] {dag.py:3239} INFO - Sync 1 DAGs
[2025-05-10T01:21:12.412+0000] {logging_mixin.py:190} INFO - [2025-05-10T01:21:12.412+0000] {dag.py:4180} INFO - Setting next_dagrun for example_short_circuit_decorator to None, run_after=None
[2025-05-10T01:21:12.426+0000] {processor.py:208} INFO - Processing /home/airflow/.local/lib/python3.12/site-packages/airflow/example_dags/example_short_circuit_decorator.py took 0.051 seconds
[2025-05-10T01:21:43.529+0000] {processor.py:186} INFO - Started process (PID=67443) to work on /home/airflow/.local/lib/python3.12/site-packages/airflow/example_dags/example_short_circuit_decorator.py
[2025-05-10T01:21:43.530+0000] {processor.py:914} INFO - Processing file /home/airflow/.local/lib/python3.12/site-packages/airflow/example_dags/example_short_circuit_decorator.py for tasks to queue
[2025-05-10T01:21:43.531+0000] {logging_mixin.py:190} INFO - [2025-05-10T01:21:43.531+0000] {dagbag.py:588} INFO - Filling up the DagBag from /home/airflow/.local/lib/python3.12/site-packages/airflow/example_dags/example_short_circuit_decorator.py
[2025-05-10T01:21:43.537+0000] {processor.py:925} INFO - DAG(s) 'example_short_circuit_decorator' retrieved from /home/airflow/.local/lib/python3.12/site-packages/airflow/example_dags/example_short_circuit_decorator.py
[2025-05-10T01:21:43.554+0000] {logging_mixin.py:190} INFO - [2025-05-10T01:21:43.554+0000] {dag.py:3239} INFO - Sync 1 DAGs
[2025-05-10T01:21:43.564+0000] {logging_mixin.py:190} INFO - [2025-05-10T01:21:43.563+0000] {dag.py:4180} INFO - Setting next_dagrun for example_short_circuit_decorator to None, run_after=None
[2025-05-10T01:21:43.575+0000] {processor.py:208} INFO - Processing /home/airflow/.local/lib/python3.12/site-packages/airflow/example_dags/example_short_circuit_decorator.py took 0.051 seconds
[2025-05-10T01:22:14.388+0000] {processor.py:186} INFO - Started process (PID=67530) to work on /home/airflow/.local/lib/python3.12/site-packages/airflow/example_dags/example_short_circuit_decorator.py
[2025-05-10T01:22:14.389+0000] {processor.py:914} INFO - Processing file /home/airflow/.local/lib/python3.12/site-packages/airflow/example_dags/example_short_circuit_decorator.py for tasks to queue
[2025-05-10T01:22:14.390+0000] {logging_mixin.py:190} INFO - [2025-05-10T01:22:14.389+0000] {dagbag.py:588} INFO - Filling up the DagBag from /home/airflow/.local/lib/python3.12/site-packages/airflow/example_dags/example_short_circuit_decorator.py
[2025-05-10T01:22:14.395+0000] {processor.py:925} INFO - DAG(s) 'example_short_circuit_decorator' retrieved from /home/airflow/.local/lib/python3.12/site-packages/airflow/example_dags/example_short_circuit_decorator.py
[2025-05-10T01:22:14.413+0000] {logging_mixin.py:190} INFO - [2025-05-10T01:22:14.412+0000] {dag.py:3239} INFO - Sync 1 DAGs
[2025-05-10T01:22:14.421+0000] {logging_mixin.py:190} INFO - [2025-05-10T01:22:14.421+0000] {dag.py:4180} INFO - Setting next_dagrun for example_short_circuit_decorator to None, run_after=None
[2025-05-10T01:22:14.436+0000] {processor.py:208} INFO - Processing /home/airflow/.local/lib/python3.12/site-packages/airflow/example_dags/example_short_circuit_decorator.py took 0.052 seconds
[2025-05-10T01:22:45.164+0000] {processor.py:186} INFO - Started process (PID=67612) to work on /home/airflow/.local/lib/python3.12/site-packages/airflow/example_dags/example_short_circuit_decorator.py
[2025-05-10T01:22:45.165+0000] {processor.py:914} INFO - Processing file /home/airflow/.local/lib/python3.12/site-packages/airflow/example_dags/example_short_circuit_decorator.py for tasks to queue
[2025-05-10T01:22:45.166+0000] {logging_mixin.py:190} INFO - [2025-05-10T01:22:45.166+0000] {dagbag.py:588} INFO - Filling up the DagBag from /home/airflow/.local/lib/python3.12/site-packages/airflow/example_dags/example_short_circuit_decorator.py
[2025-05-10T01:22:45.175+0000] {processor.py:925} INFO - DAG(s) 'example_short_circuit_decorator' retrieved from /home/airflow/.local/lib/python3.12/site-packages/airflow/example_dags/example_short_circuit_decorator.py
[2025-05-10T01:22:45.201+0000] {logging_mixin.py:190} INFO - [2025-05-10T01:22:45.201+0000] {dag.py:3239} INFO - Sync 1 DAGs
[2025-05-10T01:22:45.215+0000] {logging_mixin.py:190} INFO - [2025-05-10T01:22:45.215+0000] {dag.py:4180} INFO - Setting next_dagrun for example_short_circuit_decorator to None, run_after=None
[2025-05-10T01:22:45.236+0000] {processor.py:208} INFO - Processing /home/airflow/.local/lib/python3.12/site-packages/airflow/example_dags/example_short_circuit_decorator.py took 0.080 seconds
[2025-05-10T01:23:15.981+0000] {processor.py:186} INFO - Started process (PID=67694) to work on /home/airflow/.local/lib/python3.12/site-packages/airflow/example_dags/example_short_circuit_decorator.py
[2025-05-10T01:23:15.982+0000] {processor.py:914} INFO - Processing file /home/airflow/.local/lib/python3.12/site-packages/airflow/example_dags/example_short_circuit_decorator.py for tasks to queue
[2025-05-10T01:23:15.983+0000] {logging_mixin.py:190} INFO - [2025-05-10T01:23:15.982+0000] {dagbag.py:588} INFO - Filling up the DagBag from /home/airflow/.local/lib/python3.12/site-packages/airflow/example_dags/example_short_circuit_decorator.py
[2025-05-10T01:23:15.989+0000] {processor.py:925} INFO - DAG(s) 'example_short_circuit_decorator' retrieved from /home/airflow/.local/lib/python3.12/site-packages/airflow/example_dags/example_short_circuit_decorator.py
[2025-05-10T01:23:16.006+0000] {logging_mixin.py:190} INFO - [2025-05-10T01:23:16.006+0000] {dag.py:3239} INFO - Sync 1 DAGs
[2025-05-10T01:23:16.017+0000] {logging_mixin.py:190} INFO - [2025-05-10T01:23:16.017+0000] {dag.py:4180} INFO - Setting next_dagrun for example_short_circuit_decorator to None, run_after=None
[2025-05-10T01:23:16.030+0000] {processor.py:208} INFO - Processing /home/airflow/.local/lib/python3.12/site-packages/airflow/example_dags/example_short_circuit_decorator.py took 0.054 seconds
[2025-05-10T01:23:46.538+0000] {processor.py:186} INFO - Started process (PID=67776) to work on /home/airflow/.local/lib/python3.12/site-packages/airflow/example_dags/example_short_circuit_decorator.py
[2025-05-10T01:23:46.539+0000] {processor.py:914} INFO - Processing file /home/airflow/.local/lib/python3.12/site-packages/airflow/example_dags/example_short_circuit_decorator.py for tasks to queue
[2025-05-10T01:23:46.540+0000] {logging_mixin.py:190} INFO - [2025-05-10T01:23:46.540+0000] {dagbag.py:588} INFO - Filling up the DagBag from /home/airflow/.local/lib/python3.12/site-packages/airflow/example_dags/example_short_circuit_decorator.py
[2025-05-10T01:23:46.546+0000] {processor.py:925} INFO - DAG(s) 'example_short_circuit_decorator' retrieved from /home/airflow/.local/lib/python3.12/site-packages/airflow/example_dags/example_short_circuit_decorator.py
[2025-05-10T01:23:46.562+0000] {logging_mixin.py:190} INFO - [2025-05-10T01:23:46.561+0000] {dag.py:3239} INFO - Sync 1 DAGs
[2025-05-10T01:23:46.571+0000] {logging_mixin.py:190} INFO - [2025-05-10T01:23:46.571+0000] {dag.py:4180} INFO - Setting next_dagrun for example_short_circuit_decorator to None, run_after=None
[2025-05-10T01:23:46.582+0000] {processor.py:208} INFO - Processing /home/airflow/.local/lib/python3.12/site-packages/airflow/example_dags/example_short_circuit_decorator.py took 0.049 seconds
[2025-05-10T01:24:17.288+0000] {processor.py:186} INFO - Started process (PID=67858) to work on /home/airflow/.local/lib/python3.12/site-packages/airflow/example_dags/example_short_circuit_decorator.py
[2025-05-10T01:24:17.289+0000] {processor.py:914} INFO - Processing file /home/airflow/.local/lib/python3.12/site-packages/airflow/example_dags/example_short_circuit_decorator.py for tasks to queue
[2025-05-10T01:24:17.290+0000] {logging_mixin.py:190} INFO - [2025-05-10T01:24:17.290+0000] {dagbag.py:588} INFO - Filling up the DagBag from /home/airflow/.local/lib/python3.12/site-packages/airflow/example_dags/example_short_circuit_decorator.py
[2025-05-10T01:24:17.296+0000] {processor.py:925} INFO - DAG(s) 'example_short_circuit_decorator' retrieved from /home/airflow/.local/lib/python3.12/site-packages/airflow/example_dags/example_short_circuit_decorator.py
[2025-05-10T01:24:17.312+0000] {logging_mixin.py:190} INFO - [2025-05-10T01:24:17.312+0000] {dag.py:3239} INFO - Sync 1 DAGs
[2025-05-10T01:24:17.321+0000] {logging_mixin.py:190} INFO - [2025-05-10T01:24:17.321+0000] {dag.py:4180} INFO - Setting next_dagrun for example_short_circuit_decorator to None, run_after=None
[2025-05-10T01:24:17.333+0000] {processor.py:208} INFO - Processing /home/airflow/.local/lib/python3.12/site-packages/airflow/example_dags/example_short_circuit_decorator.py took 0.049 seconds
[2025-05-10T01:24:48.081+0000] {processor.py:186} INFO - Started process (PID=67940) to work on /home/airflow/.local/lib/python3.12/site-packages/airflow/example_dags/example_short_circuit_decorator.py
[2025-05-10T01:24:48.082+0000] {processor.py:914} INFO - Processing file /home/airflow/.local/lib/python3.12/site-packages/airflow/example_dags/example_short_circuit_decorator.py for tasks to queue
[2025-05-10T01:24:48.083+0000] {logging_mixin.py:190} INFO - [2025-05-10T01:24:48.083+0000] {dagbag.py:588} INFO - Filling up the DagBag from /home/airflow/.local/lib/python3.12/site-packages/airflow/example_dags/example_short_circuit_decorator.py
[2025-05-10T01:24:48.090+0000] {processor.py:925} INFO - DAG(s) 'example_short_circuit_decorator' retrieved from /home/airflow/.local/lib/python3.12/site-packages/airflow/example_dags/example_short_circuit_decorator.py
[2025-05-10T01:24:48.111+0000] {logging_mixin.py:190} INFO - [2025-05-10T01:24:48.110+0000] {dag.py:3239} INFO - Sync 1 DAGs
[2025-05-10T01:24:48.123+0000] {logging_mixin.py:190} INFO - [2025-05-10T01:24:48.122+0000] {dag.py:4180} INFO - Setting next_dagrun for example_short_circuit_decorator to None, run_after=None
[2025-05-10T01:24:48.137+0000] {processor.py:208} INFO - Processing /home/airflow/.local/lib/python3.12/site-packages/airflow/example_dags/example_short_circuit_decorator.py took 0.062 seconds
[2025-05-10T01:25:18.639+0000] {processor.py:186} INFO - Started process (PID=68022) to work on /home/airflow/.local/lib/python3.12/site-packages/airflow/example_dags/example_short_circuit_decorator.py
[2025-05-10T01:25:18.640+0000] {processor.py:914} INFO - Processing file /home/airflow/.local/lib/python3.12/site-packages/airflow/example_dags/example_short_circuit_decorator.py for tasks to queue
[2025-05-10T01:25:18.641+0000] {logging_mixin.py:190} INFO - [2025-05-10T01:25:18.641+0000] {dagbag.py:588} INFO - Filling up the DagBag from /home/airflow/.local/lib/python3.12/site-packages/airflow/example_dags/example_short_circuit_decorator.py
[2025-05-10T01:25:18.647+0000] {processor.py:925} INFO - DAG(s) 'example_short_circuit_decorator' retrieved from /home/airflow/.local/lib/python3.12/site-packages/airflow/example_dags/example_short_circuit_decorator.py
[2025-05-10T01:25:18.663+0000] {logging_mixin.py:190} INFO - [2025-05-10T01:25:18.662+0000] {dag.py:3239} INFO - Sync 1 DAGs
[2025-05-10T01:25:18.673+0000] {logging_mixin.py:190} INFO - [2025-05-10T01:25:18.673+0000] {dag.py:4180} INFO - Setting next_dagrun for example_short_circuit_decorator to None, run_after=None
[2025-05-10T01:25:18.686+0000] {processor.py:208} INFO - Processing /home/airflow/.local/lib/python3.12/site-packages/airflow/example_dags/example_short_circuit_decorator.py took 0.051 seconds
[2025-05-10T01:25:49.219+0000] {processor.py:186} INFO - Started process (PID=68104) to work on /home/airflow/.local/lib/python3.12/site-packages/airflow/example_dags/example_short_circuit_decorator.py
[2025-05-10T01:25:49.220+0000] {processor.py:914} INFO - Processing file /home/airflow/.local/lib/python3.12/site-packages/airflow/example_dags/example_short_circuit_decorator.py for tasks to queue
[2025-05-10T01:25:49.221+0000] {logging_mixin.py:190} INFO - [2025-05-10T01:25:49.221+0000] {dagbag.py:588} INFO - Filling up the DagBag from /home/airflow/.local/lib/python3.12/site-packages/airflow/example_dags/example_short_circuit_decorator.py
[2025-05-10T01:25:49.226+0000] {processor.py:925} INFO - DAG(s) 'example_short_circuit_decorator' retrieved from /home/airflow/.local/lib/python3.12/site-packages/airflow/example_dags/example_short_circuit_decorator.py
[2025-05-10T01:25:49.243+0000] {logging_mixin.py:190} INFO - [2025-05-10T01:25:49.243+0000] {dag.py:3239} INFO - Sync 1 DAGs
[2025-05-10T01:25:49.252+0000] {logging_mixin.py:190} INFO - [2025-05-10T01:25:49.252+0000] {dag.py:4180} INFO - Setting next_dagrun for example_short_circuit_decorator to None, run_after=None
[2025-05-10T01:25:49.266+0000] {processor.py:208} INFO - Processing /home/airflow/.local/lib/python3.12/site-packages/airflow/example_dags/example_short_circuit_decorator.py took 0.051 seconds
[2025-05-10T01:26:19.619+0000] {processor.py:186} INFO - Started process (PID=68186) to work on /home/airflow/.local/lib/python3.12/site-packages/airflow/example_dags/example_short_circuit_decorator.py
[2025-05-10T01:26:19.620+0000] {processor.py:914} INFO - Processing file /home/airflow/.local/lib/python3.12/site-packages/airflow/example_dags/example_short_circuit_decorator.py for tasks to queue
[2025-05-10T01:26:19.621+0000] {logging_mixin.py:190} INFO - [2025-05-10T01:26:19.620+0000] {dagbag.py:588} INFO - Filling up the DagBag from /home/airflow/.local/lib/python3.12/site-packages/airflow/example_dags/example_short_circuit_decorator.py
[2025-05-10T01:26:19.626+0000] {processor.py:925} INFO - DAG(s) 'example_short_circuit_decorator' retrieved from /home/airflow/.local/lib/python3.12/site-packages/airflow/example_dags/example_short_circuit_decorator.py
[2025-05-10T01:26:19.643+0000] {logging_mixin.py:190} INFO - [2025-05-10T01:26:19.643+0000] {dag.py:3239} INFO - Sync 1 DAGs
[2025-05-10T01:26:19.652+0000] {logging_mixin.py:190} INFO - [2025-05-10T01:26:19.652+0000] {dag.py:4180} INFO - Setting next_dagrun for example_short_circuit_decorator to None, run_after=None
[2025-05-10T01:26:19.663+0000] {processor.py:208} INFO - Processing /home/airflow/.local/lib/python3.12/site-packages/airflow/example_dags/example_short_circuit_decorator.py took 0.049 seconds
[2025-05-10T01:26:50.212+0000] {processor.py:186} INFO - Started process (PID=68267) to work on /home/airflow/.local/lib/python3.12/site-packages/airflow/example_dags/example_short_circuit_decorator.py
[2025-05-10T01:26:50.213+0000] {processor.py:914} INFO - Processing file /home/airflow/.local/lib/python3.12/site-packages/airflow/example_dags/example_short_circuit_decorator.py for tasks to queue
[2025-05-10T01:26:50.214+0000] {logging_mixin.py:190} INFO - [2025-05-10T01:26:50.214+0000] {dagbag.py:588} INFO - Filling up the DagBag from /home/airflow/.local/lib/python3.12/site-packages/airflow/example_dags/example_short_circuit_decorator.py
[2025-05-10T01:26:50.220+0000] {processor.py:925} INFO - DAG(s) 'example_short_circuit_decorator' retrieved from /home/airflow/.local/lib/python3.12/site-packages/airflow/example_dags/example_short_circuit_decorator.py
[2025-05-10T01:26:50.237+0000] {logging_mixin.py:190} INFO - [2025-05-10T01:26:50.237+0000] {dag.py:3239} INFO - Sync 1 DAGs
[2025-05-10T01:26:50.246+0000] {logging_mixin.py:190} INFO - [2025-05-10T01:26:50.246+0000] {dag.py:4180} INFO - Setting next_dagrun for example_short_circuit_decorator to None, run_after=None
[2025-05-10T01:26:50.257+0000] {processor.py:208} INFO - Processing /home/airflow/.local/lib/python3.12/site-packages/airflow/example_dags/example_short_circuit_decorator.py took 0.050 seconds
[2025-05-10T02:18:40.604+0000] {processor.py:186} INFO - Started process (PID=68385) to work on /home/airflow/.local/lib/python3.12/site-packages/airflow/example_dags/example_short_circuit_decorator.py
[2025-05-10T02:18:40.605+0000] {processor.py:914} INFO - Processing file /home/airflow/.local/lib/python3.12/site-packages/airflow/example_dags/example_short_circuit_decorator.py for tasks to queue
[2025-05-10T02:18:40.606+0000] {logging_mixin.py:190} INFO - [2025-05-10T02:18:40.605+0000] {dagbag.py:588} INFO - Filling up the DagBag from /home/airflow/.local/lib/python3.12/site-packages/airflow/example_dags/example_short_circuit_decorator.py
[2025-05-10T02:18:40.613+0000] {processor.py:925} INFO - DAG(s) 'example_short_circuit_decorator' retrieved from /home/airflow/.local/lib/python3.12/site-packages/airflow/example_dags/example_short_circuit_decorator.py
[2025-05-10T02:18:40.639+0000] {logging_mixin.py:190} INFO - [2025-05-10T02:18:40.638+0000] {dag.py:3239} INFO - Sync 1 DAGs
[2025-05-10T02:18:40.650+0000] {logging_mixin.py:190} INFO - [2025-05-10T02:18:40.649+0000] {dag.py:4180} INFO - Setting next_dagrun for example_short_circuit_decorator to None, run_after=None
[2025-05-10T02:18:40.665+0000] {processor.py:208} INFO - Processing /home/airflow/.local/lib/python3.12/site-packages/airflow/example_dags/example_short_circuit_decorator.py took 0.067 seconds
[2025-05-10T02:19:11.818+0000] {processor.py:186} INFO - Started process (PID=68467) to work on /home/airflow/.local/lib/python3.12/site-packages/airflow/example_dags/example_short_circuit_decorator.py
[2025-05-10T02:19:11.819+0000] {processor.py:914} INFO - Processing file /home/airflow/.local/lib/python3.12/site-packages/airflow/example_dags/example_short_circuit_decorator.py for tasks to queue
[2025-05-10T02:19:11.820+0000] {logging_mixin.py:190} INFO - [2025-05-10T02:19:11.820+0000] {dagbag.py:588} INFO - Filling up the DagBag from /home/airflow/.local/lib/python3.12/site-packages/airflow/example_dags/example_short_circuit_decorator.py
[2025-05-10T02:19:11.827+0000] {processor.py:925} INFO - DAG(s) 'example_short_circuit_decorator' retrieved from /home/airflow/.local/lib/python3.12/site-packages/airflow/example_dags/example_short_circuit_decorator.py
[2025-05-10T02:19:11.854+0000] {logging_mixin.py:190} INFO - [2025-05-10T02:19:11.854+0000] {dag.py:3239} INFO - Sync 1 DAGs
[2025-05-10T02:19:11.866+0000] {logging_mixin.py:190} INFO - [2025-05-10T02:19:11.866+0000] {dag.py:4180} INFO - Setting next_dagrun for example_short_circuit_decorator to None, run_after=None
[2025-05-10T02:19:11.885+0000] {processor.py:208} INFO - Processing /home/airflow/.local/lib/python3.12/site-packages/airflow/example_dags/example_short_circuit_decorator.py took 0.073 seconds
[2025-05-10T02:19:42.858+0000] {processor.py:186} INFO - Started process (PID=68549) to work on /home/airflow/.local/lib/python3.12/site-packages/airflow/example_dags/example_short_circuit_decorator.py
[2025-05-10T02:19:42.867+0000] {processor.py:914} INFO - Processing file /home/airflow/.local/lib/python3.12/site-packages/airflow/example_dags/example_short_circuit_decorator.py for tasks to queue
[2025-05-10T02:19:42.868+0000] {logging_mixin.py:190} INFO - [2025-05-10T02:19:42.868+0000] {dagbag.py:588} INFO - Filling up the DagBag from /home/airflow/.local/lib/python3.12/site-packages/airflow/example_dags/example_short_circuit_decorator.py
[2025-05-10T02:19:42.874+0000] {processor.py:925} INFO - DAG(s) 'example_short_circuit_decorator' retrieved from /home/airflow/.local/lib/python3.12/site-packages/airflow/example_dags/example_short_circuit_decorator.py
[2025-05-10T02:19:42.892+0000] {logging_mixin.py:190} INFO - [2025-05-10T02:19:42.892+0000] {dag.py:3239} INFO - Sync 1 DAGs
[2025-05-10T02:19:42.902+0000] {logging_mixin.py:190} INFO - [2025-05-10T02:19:42.902+0000] {dag.py:4180} INFO - Setting next_dagrun for example_short_circuit_decorator to None, run_after=None
[2025-05-10T02:19:42.917+0000] {processor.py:208} INFO - Processing /home/airflow/.local/lib/python3.12/site-packages/airflow/example_dags/example_short_circuit_decorator.py took 0.065 seconds
[2025-05-10T02:20:13.151+0000] {processor.py:186} INFO - Started process (PID=68631) to work on /home/airflow/.local/lib/python3.12/site-packages/airflow/example_dags/example_short_circuit_decorator.py
[2025-05-10T02:20:13.151+0000] {processor.py:914} INFO - Processing file /home/airflow/.local/lib/python3.12/site-packages/airflow/example_dags/example_short_circuit_decorator.py for tasks to queue
[2025-05-10T02:20:13.152+0000] {logging_mixin.py:190} INFO - [2025-05-10T02:20:13.152+0000] {dagbag.py:588} INFO - Filling up the DagBag from /home/airflow/.local/lib/python3.12/site-packages/airflow/example_dags/example_short_circuit_decorator.py
[2025-05-10T02:20:13.158+0000] {processor.py:925} INFO - DAG(s) 'example_short_circuit_decorator' retrieved from /home/airflow/.local/lib/python3.12/site-packages/airflow/example_dags/example_short_circuit_decorator.py
[2025-05-10T02:20:13.175+0000] {logging_mixin.py:190} INFO - [2025-05-10T02:20:13.175+0000] {dag.py:3239} INFO - Sync 1 DAGs
[2025-05-10T02:20:13.185+0000] {logging_mixin.py:190} INFO - [2025-05-10T02:20:13.185+0000] {dag.py:4180} INFO - Setting next_dagrun for example_short_circuit_decorator to None, run_after=None
[2025-05-10T02:20:13.198+0000] {processor.py:208} INFO - Processing /home/airflow/.local/lib/python3.12/site-packages/airflow/example_dags/example_short_circuit_decorator.py took 0.052 seconds
[2025-05-10T02:20:43.559+0000] {processor.py:186} INFO - Started process (PID=68713) to work on /home/airflow/.local/lib/python3.12/site-packages/airflow/example_dags/example_short_circuit_decorator.py
[2025-05-10T02:20:43.560+0000] {processor.py:914} INFO - Processing file /home/airflow/.local/lib/python3.12/site-packages/airflow/example_dags/example_short_circuit_decorator.py for tasks to queue
[2025-05-10T02:20:43.561+0000] {logging_mixin.py:190} INFO - [2025-05-10T02:20:43.560+0000] {dagbag.py:588} INFO - Filling up the DagBag from /home/airflow/.local/lib/python3.12/site-packages/airflow/example_dags/example_short_circuit_decorator.py
[2025-05-10T02:20:43.567+0000] {processor.py:925} INFO - DAG(s) 'example_short_circuit_decorator' retrieved from /home/airflow/.local/lib/python3.12/site-packages/airflow/example_dags/example_short_circuit_decorator.py
[2025-05-10T02:20:43.584+0000] {logging_mixin.py:190} INFO - [2025-05-10T02:20:43.583+0000] {dag.py:3239} INFO - Sync 1 DAGs
[2025-05-10T02:20:43.593+0000] {logging_mixin.py:190} INFO - [2025-05-10T02:20:43.592+0000] {dag.py:4180} INFO - Setting next_dagrun for example_short_circuit_decorator to None, run_after=None
[2025-05-10T02:20:43.605+0000] {processor.py:208} INFO - Processing /home/airflow/.local/lib/python3.12/site-packages/airflow/example_dags/example_short_circuit_decorator.py took 0.051 seconds
[2025-05-10T04:20:41.107+0000] {processor.py:186} INFO - Started process (PID=68801) to work on /home/airflow/.local/lib/python3.12/site-packages/airflow/example_dags/example_short_circuit_decorator.py
[2025-05-10T04:20:41.108+0000] {processor.py:914} INFO - Processing file /home/airflow/.local/lib/python3.12/site-packages/airflow/example_dags/example_short_circuit_decorator.py for tasks to queue
[2025-05-10T04:20:41.109+0000] {logging_mixin.py:190} INFO - [2025-05-10T04:20:41.109+0000] {dagbag.py:588} INFO - Filling up the DagBag from /home/airflow/.local/lib/python3.12/site-packages/airflow/example_dags/example_short_circuit_decorator.py
[2025-05-10T04:20:41.116+0000] {processor.py:925} INFO - DAG(s) 'example_short_circuit_decorator' retrieved from /home/airflow/.local/lib/python3.12/site-packages/airflow/example_dags/example_short_circuit_decorator.py
[2025-05-10T04:20:41.136+0000] {logging_mixin.py:190} INFO - [2025-05-10T04:20:41.136+0000] {dag.py:3239} INFO - Sync 1 DAGs
[2025-05-10T04:20:41.147+0000] {logging_mixin.py:190} INFO - [2025-05-10T04:20:41.147+0000] {dag.py:4180} INFO - Setting next_dagrun for example_short_circuit_decorator to None, run_after=None
[2025-05-10T04:20:41.161+0000] {processor.py:208} INFO - Processing /home/airflow/.local/lib/python3.12/site-packages/airflow/example_dags/example_short_circuit_decorator.py took 0.059 seconds
