[2025-05-10T01:19:39.018+0000] {processor.py:186} INFO - Started process (PID=67096) to work on /home/airflow/.local/lib/python3.12/site-packages/airflow/example_dags/example_branch_python_dop_operator_3.py
[2025-05-10T01:19:39.018+0000] {processor.py:914} INFO - Processing file /home/airflow/.local/lib/python3.12/site-packages/airflow/example_dags/example_branch_python_dop_operator_3.py for tasks to queue
[2025-05-10T01:19:39.019+0000] {logging_mixin.py:190} INFO - [2025-05-10T01:19:39.019+0000] {dagbag.py:588} INFO - Filling up the DagBag from /home/airflow/.local/lib/python3.12/site-packages/airflow/example_dags/example_branch_python_dop_operator_3.py
[2025-05-10T01:19:39.024+0000] {processor.py:925} INFO - DAG(s) 'example_branch_dop_operator_v3' retrieved from /home/airflow/.local/lib/python3.12/site-packages/airflow/example_dags/example_branch_python_dop_operator_3.py
[2025-05-10T01:19:39.041+0000] {logging_mixin.py:190} INFO - [2025-05-10T01:19:39.041+0000] {dag.py:3239} INFO - Sync 1 DAGs
[2025-05-10T01:19:39.061+0000] {logging_mixin.py:190} INFO - [2025-05-10T01:19:39.061+0000] {dag.py:4180} INFO - Setting next_dagrun for example_branch_dop_operator_v3 to 2025-05-10 01:18:00+00:00, run_after=2025-05-10 01:19:00+00:00
[2025-05-10T01:19:39.076+0000] {processor.py:208} INFO - Processing /home/airflow/.local/lib/python3.12/site-packages/airflow/example_dags/example_branch_python_dop_operator_3.py took 0.063 seconds
[2025-05-10T01:20:09.883+0000] {processor.py:186} INFO - Started process (PID=67178) to work on /home/airflow/.local/lib/python3.12/site-packages/airflow/example_dags/example_branch_python_dop_operator_3.py
[2025-05-10T01:20:09.884+0000] {processor.py:914} INFO - Processing file /home/airflow/.local/lib/python3.12/site-packages/airflow/example_dags/example_branch_python_dop_operator_3.py for tasks to queue
[2025-05-10T01:20:09.885+0000] {logging_mixin.py:190} INFO - [2025-05-10T01:20:09.884+0000] {dagbag.py:588} INFO - Filling up the DagBag from /home/airflow/.local/lib/python3.12/site-packages/airflow/example_dags/example_branch_python_dop_operator_3.py
[2025-05-10T01:20:09.891+0000] {processor.py:925} INFO - DAG(s) 'example_branch_dop_operator_v3' retrieved from /home/airflow/.local/lib/python3.12/site-packages/airflow/example_dags/example_branch_python_dop_operator_3.py
[2025-05-10T01:20:09.914+0000] {logging_mixin.py:190} INFO - [2025-05-10T01:20:09.913+0000] {dag.py:3239} INFO - Sync 1 DAGs
[2025-05-10T01:20:09.937+0000] {logging_mixin.py:190} INFO - [2025-05-10T01:20:09.937+0000] {dag.py:4180} INFO - Setting next_dagrun for example_branch_dop_operator_v3 to 2025-05-10 01:19:00+00:00, run_after=2025-05-10 01:20:00+00:00
[2025-05-10T01:20:09.961+0000] {processor.py:208} INFO - Processing /home/airflow/.local/lib/python3.12/site-packages/airflow/example_dags/example_branch_python_dop_operator_3.py took 0.085 seconds
[2025-05-10T01:20:41.032+0000] {processor.py:186} INFO - Started process (PID=67260) to work on /home/airflow/.local/lib/python3.12/site-packages/airflow/example_dags/example_branch_python_dop_operator_3.py
[2025-05-10T01:20:41.033+0000] {processor.py:914} INFO - Processing file /home/airflow/.local/lib/python3.12/site-packages/airflow/example_dags/example_branch_python_dop_operator_3.py for tasks to queue
[2025-05-10T01:20:41.034+0000] {logging_mixin.py:190} INFO - [2025-05-10T01:20:41.033+0000] {dagbag.py:588} INFO - Filling up the DagBag from /home/airflow/.local/lib/python3.12/site-packages/airflow/example_dags/example_branch_python_dop_operator_3.py
[2025-05-10T01:20:41.039+0000] {processor.py:925} INFO - DAG(s) 'example_branch_dop_operator_v3' retrieved from /home/airflow/.local/lib/python3.12/site-packages/airflow/example_dags/example_branch_python_dop_operator_3.py
[2025-05-10T01:20:41.052+0000] {logging_mixin.py:190} INFO - [2025-05-10T01:20:41.052+0000] {dag.py:3239} INFO - Sync 1 DAGs
[2025-05-10T01:20:41.068+0000] {logging_mixin.py:190} INFO - [2025-05-10T01:20:41.068+0000] {dag.py:4180} INFO - Setting next_dagrun for example_branch_dop_operator_v3 to 2025-05-10 01:19:00+00:00, run_after=2025-05-10 01:20:00+00:00
[2025-05-10T01:20:41.082+0000] {processor.py:208} INFO - Processing /home/airflow/.local/lib/python3.12/site-packages/airflow/example_dags/example_branch_python_dop_operator_3.py took 0.054 seconds
[2025-05-10T01:21:12.227+0000] {processor.py:186} INFO - Started process (PID=67347) to work on /home/airflow/.local/lib/python3.12/site-packages/airflow/example_dags/example_branch_python_dop_operator_3.py
[2025-05-10T01:21:12.228+0000] {processor.py:914} INFO - Processing file /home/airflow/.local/lib/python3.12/site-packages/airflow/example_dags/example_branch_python_dop_operator_3.py for tasks to queue
[2025-05-10T01:21:12.229+0000] {logging_mixin.py:190} INFO - [2025-05-10T01:21:12.229+0000] {dagbag.py:588} INFO - Filling up the DagBag from /home/airflow/.local/lib/python3.12/site-packages/airflow/example_dags/example_branch_python_dop_operator_3.py
[2025-05-10T01:21:12.235+0000] {processor.py:925} INFO - DAG(s) 'example_branch_dop_operator_v3' retrieved from /home/airflow/.local/lib/python3.12/site-packages/airflow/example_dags/example_branch_python_dop_operator_3.py
[2025-05-10T01:21:12.254+0000] {logging_mixin.py:190} INFO - [2025-05-10T01:21:12.253+0000] {dag.py:3239} INFO - Sync 1 DAGs
[2025-05-10T01:21:12.271+0000] {logging_mixin.py:190} INFO - [2025-05-10T01:21:12.271+0000] {dag.py:4180} INFO - Setting next_dagrun for example_branch_dop_operator_v3 to 2025-05-10 01:20:00+00:00, run_after=2025-05-10 01:21:00+00:00
[2025-05-10T01:21:12.287+0000] {processor.py:208} INFO - Processing /home/airflow/.local/lib/python3.12/site-packages/airflow/example_dags/example_branch_python_dop_operator_3.py took 0.065 seconds
[2025-05-10T01:21:43.396+0000] {processor.py:186} INFO - Started process (PID=67440) to work on /home/airflow/.local/lib/python3.12/site-packages/airflow/example_dags/example_branch_python_dop_operator_3.py
[2025-05-10T01:21:43.397+0000] {processor.py:914} INFO - Processing file /home/airflow/.local/lib/python3.12/site-packages/airflow/example_dags/example_branch_python_dop_operator_3.py for tasks to queue
[2025-05-10T01:21:43.398+0000] {logging_mixin.py:190} INFO - [2025-05-10T01:21:43.397+0000] {dagbag.py:588} INFO - Filling up the DagBag from /home/airflow/.local/lib/python3.12/site-packages/airflow/example_dags/example_branch_python_dop_operator_3.py
[2025-05-10T01:21:43.402+0000] {processor.py:925} INFO - DAG(s) 'example_branch_dop_operator_v3' retrieved from /home/airflow/.local/lib/python3.12/site-packages/airflow/example_dags/example_branch_python_dop_operator_3.py
[2025-05-10T01:21:43.417+0000] {logging_mixin.py:190} INFO - [2025-05-10T01:21:43.416+0000] {dag.py:3239} INFO - Sync 1 DAGs
[2025-05-10T01:21:43.433+0000] {logging_mixin.py:190} INFO - [2025-05-10T01:21:43.433+0000] {dag.py:4180} INFO - Setting next_dagrun for example_branch_dop_operator_v3 to 2025-05-10 01:20:00+00:00, run_after=2025-05-10 01:21:00+00:00
[2025-05-10T01:21:43.443+0000] {processor.py:208} INFO - Processing /home/airflow/.local/lib/python3.12/site-packages/airflow/example_dags/example_branch_python_dop_operator_3.py took 0.052 seconds
[2025-05-10T01:22:14.058+0000] {processor.py:186} INFO - Started process (PID=67523) to work on /home/airflow/.local/lib/python3.12/site-packages/airflow/example_dags/example_branch_python_dop_operator_3.py
[2025-05-10T01:22:14.058+0000] {processor.py:914} INFO - Processing file /home/airflow/.local/lib/python3.12/site-packages/airflow/example_dags/example_branch_python_dop_operator_3.py for tasks to queue
[2025-05-10T01:22:14.059+0000] {logging_mixin.py:190} INFO - [2025-05-10T01:22:14.059+0000] {dagbag.py:588} INFO - Filling up the DagBag from /home/airflow/.local/lib/python3.12/site-packages/airflow/example_dags/example_branch_python_dop_operator_3.py
[2025-05-10T01:22:14.064+0000] {processor.py:925} INFO - DAG(s) 'example_branch_dop_operator_v3' retrieved from /home/airflow/.local/lib/python3.12/site-packages/airflow/example_dags/example_branch_python_dop_operator_3.py
[2025-05-10T01:22:14.079+0000] {logging_mixin.py:190} INFO - [2025-05-10T01:22:14.079+0000] {dag.py:3239} INFO - Sync 1 DAGs
[2025-05-10T01:22:14.095+0000] {logging_mixin.py:190} INFO - [2025-05-10T01:22:14.095+0000] {dag.py:4180} INFO - Setting next_dagrun for example_branch_dop_operator_v3 to 2025-05-10 01:21:00+00:00, run_after=2025-05-10 01:22:00+00:00
[2025-05-10T01:22:14.109+0000] {processor.py:208} INFO - Processing /home/airflow/.local/lib/python3.12/site-packages/airflow/example_dags/example_branch_python_dop_operator_3.py took 0.055 seconds
[2025-05-10T01:22:45.010+0000] {processor.py:186} INFO - Started process (PID=67609) to work on /home/airflow/.local/lib/python3.12/site-packages/airflow/example_dags/example_branch_python_dop_operator_3.py
[2025-05-10T01:22:45.011+0000] {processor.py:914} INFO - Processing file /home/airflow/.local/lib/python3.12/site-packages/airflow/example_dags/example_branch_python_dop_operator_3.py for tasks to queue
[2025-05-10T01:22:45.012+0000] {logging_mixin.py:190} INFO - [2025-05-10T01:22:45.012+0000] {dagbag.py:588} INFO - Filling up the DagBag from /home/airflow/.local/lib/python3.12/site-packages/airflow/example_dags/example_branch_python_dop_operator_3.py
[2025-05-10T01:22:45.017+0000] {processor.py:925} INFO - DAG(s) 'example_branch_dop_operator_v3' retrieved from /home/airflow/.local/lib/python3.12/site-packages/airflow/example_dags/example_branch_python_dop_operator_3.py
[2025-05-10T01:22:45.033+0000] {logging_mixin.py:190} INFO - [2025-05-10T01:22:45.033+0000] {dag.py:3239} INFO - Sync 1 DAGs
[2025-05-10T01:22:45.049+0000] {logging_mixin.py:190} INFO - [2025-05-10T01:22:45.049+0000] {dag.py:4180} INFO - Setting next_dagrun for example_branch_dop_operator_v3 to 2025-05-10 01:21:00+00:00, run_after=2025-05-10 01:22:00+00:00
[2025-05-10T01:22:45.061+0000] {processor.py:208} INFO - Processing /home/airflow/.local/lib/python3.12/site-packages/airflow/example_dags/example_branch_python_dop_operator_3.py took 0.056 seconds
[2025-05-10T01:23:15.856+0000] {processor.py:186} INFO - Started process (PID=67691) to work on /home/airflow/.local/lib/python3.12/site-packages/airflow/example_dags/example_branch_python_dop_operator_3.py
[2025-05-10T01:23:15.857+0000] {processor.py:914} INFO - Processing file /home/airflow/.local/lib/python3.12/site-packages/airflow/example_dags/example_branch_python_dop_operator_3.py for tasks to queue
[2025-05-10T01:23:15.858+0000] {logging_mixin.py:190} INFO - [2025-05-10T01:23:15.857+0000] {dagbag.py:588} INFO - Filling up the DagBag from /home/airflow/.local/lib/python3.12/site-packages/airflow/example_dags/example_branch_python_dop_operator_3.py
[2025-05-10T01:23:15.862+0000] {processor.py:925} INFO - DAG(s) 'example_branch_dop_operator_v3' retrieved from /home/airflow/.local/lib/python3.12/site-packages/airflow/example_dags/example_branch_python_dop_operator_3.py
[2025-05-10T01:23:15.879+0000] {logging_mixin.py:190} INFO - [2025-05-10T01:23:15.879+0000] {dag.py:3239} INFO - Sync 1 DAGs
[2025-05-10T01:23:15.897+0000] {logging_mixin.py:190} INFO - [2025-05-10T01:23:15.897+0000] {dag.py:4180} INFO - Setting next_dagrun for example_branch_dop_operator_v3 to 2025-05-10 01:22:00+00:00, run_after=2025-05-10 01:23:00+00:00
[2025-05-10T01:23:15.909+0000] {processor.py:208} INFO - Processing /home/airflow/.local/lib/python3.12/site-packages/airflow/example_dags/example_branch_python_dop_operator_3.py took 0.057 seconds
[2025-05-10T01:23:46.453+0000] {processor.py:186} INFO - Started process (PID=67773) to work on /home/airflow/.local/lib/python3.12/site-packages/airflow/example_dags/example_branch_python_dop_operator_3.py
[2025-05-10T01:23:46.454+0000] {processor.py:914} INFO - Processing file /home/airflow/.local/lib/python3.12/site-packages/airflow/example_dags/example_branch_python_dop_operator_3.py for tasks to queue
[2025-05-10T01:23:46.455+0000] {logging_mixin.py:190} INFO - [2025-05-10T01:23:46.454+0000] {dagbag.py:588} INFO - Filling up the DagBag from /home/airflow/.local/lib/python3.12/site-packages/airflow/example_dags/example_branch_python_dop_operator_3.py
[2025-05-10T01:23:46.460+0000] {processor.py:925} INFO - DAG(s) 'example_branch_dop_operator_v3' retrieved from /home/airflow/.local/lib/python3.12/site-packages/airflow/example_dags/example_branch_python_dop_operator_3.py
[2025-05-10T01:23:46.473+0000] {logging_mixin.py:190} INFO - [2025-05-10T01:23:46.473+0000] {dag.py:3239} INFO - Sync 1 DAGs
[2025-05-10T01:23:46.490+0000] {logging_mixin.py:190} INFO - [2025-05-10T01:23:46.490+0000] {dag.py:4180} INFO - Setting next_dagrun for example_branch_dop_operator_v3 to 2025-05-10 01:22:00+00:00, run_after=2025-05-10 01:23:00+00:00
[2025-05-10T01:23:46.500+0000] {processor.py:208} INFO - Processing /home/airflow/.local/lib/python3.12/site-packages/airflow/example_dags/example_branch_python_dop_operator_3.py took 0.053 seconds
[2025-05-10T01:24:17.074+0000] {processor.py:186} INFO - Started process (PID=67855) to work on /home/airflow/.local/lib/python3.12/site-packages/airflow/example_dags/example_branch_python_dop_operator_3.py
[2025-05-10T01:24:17.075+0000] {processor.py:914} INFO - Processing file /home/airflow/.local/lib/python3.12/site-packages/airflow/example_dags/example_branch_python_dop_operator_3.py for tasks to queue
[2025-05-10T01:24:17.076+0000] {logging_mixin.py:190} INFO - [2025-05-10T01:24:17.075+0000] {dagbag.py:588} INFO - Filling up the DagBag from /home/airflow/.local/lib/python3.12/site-packages/airflow/example_dags/example_branch_python_dop_operator_3.py
[2025-05-10T01:24:17.081+0000] {processor.py:925} INFO - DAG(s) 'example_branch_dop_operator_v3' retrieved from /home/airflow/.local/lib/python3.12/site-packages/airflow/example_dags/example_branch_python_dop_operator_3.py
[2025-05-10T01:24:17.097+0000] {logging_mixin.py:190} INFO - [2025-05-10T01:24:17.096+0000] {dag.py:3239} INFO - Sync 1 DAGs
[2025-05-10T01:24:17.114+0000] {logging_mixin.py:190} INFO - [2025-05-10T01:24:17.114+0000] {dag.py:4180} INFO - Setting next_dagrun for example_branch_dop_operator_v3 to 2025-05-10 01:23:00+00:00, run_after=2025-05-10 01:24:00+00:00
[2025-05-10T01:24:17.128+0000] {processor.py:208} INFO - Processing /home/airflow/.local/lib/python3.12/site-packages/airflow/example_dags/example_branch_python_dop_operator_3.py took 0.059 seconds
[2025-05-10T01:24:47.913+0000] {processor.py:186} INFO - Started process (PID=67937) to work on /home/airflow/.local/lib/python3.12/site-packages/airflow/example_dags/example_branch_python_dop_operator_3.py
[2025-05-10T01:24:47.915+0000] {processor.py:914} INFO - Processing file /home/airflow/.local/lib/python3.12/site-packages/airflow/example_dags/example_branch_python_dop_operator_3.py for tasks to queue
[2025-05-10T01:24:47.916+0000] {logging_mixin.py:190} INFO - [2025-05-10T01:24:47.915+0000] {dagbag.py:588} INFO - Filling up the DagBag from /home/airflow/.local/lib/python3.12/site-packages/airflow/example_dags/example_branch_python_dop_operator_3.py
[2025-05-10T01:24:47.921+0000] {processor.py:925} INFO - DAG(s) 'example_branch_dop_operator_v3' retrieved from /home/airflow/.local/lib/python3.12/site-packages/airflow/example_dags/example_branch_python_dop_operator_3.py
[2025-05-10T01:24:47.936+0000] {logging_mixin.py:190} INFO - [2025-05-10T01:24:47.936+0000] {dag.py:3239} INFO - Sync 1 DAGs
[2025-05-10T01:24:47.953+0000] {logging_mixin.py:190} INFO - [2025-05-10T01:24:47.952+0000] {dag.py:4180} INFO - Setting next_dagrun for example_branch_dop_operator_v3 to 2025-05-10 01:23:00+00:00, run_after=2025-05-10 01:24:00+00:00
[2025-05-10T01:24:47.966+0000] {processor.py:208} INFO - Processing /home/airflow/.local/lib/python3.12/site-packages/airflow/example_dags/example_branch_python_dop_operator_3.py took 0.059 seconds
[2025-05-10T01:25:18.414+0000] {processor.py:186} INFO - Started process (PID=68018) to work on /home/airflow/.local/lib/python3.12/site-packages/airflow/example_dags/example_branch_python_dop_operator_3.py
[2025-05-10T01:25:18.415+0000] {processor.py:914} INFO - Processing file /home/airflow/.local/lib/python3.12/site-packages/airflow/example_dags/example_branch_python_dop_operator_3.py for tasks to queue
[2025-05-10T01:25:18.416+0000] {logging_mixin.py:190} INFO - [2025-05-10T01:25:18.416+0000] {dagbag.py:588} INFO - Filling up the DagBag from /home/airflow/.local/lib/python3.12/site-packages/airflow/example_dags/example_branch_python_dop_operator_3.py
[2025-05-10T01:25:18.421+0000] {processor.py:925} INFO - DAG(s) 'example_branch_dop_operator_v3' retrieved from /home/airflow/.local/lib/python3.12/site-packages/airflow/example_dags/example_branch_python_dop_operator_3.py
[2025-05-10T01:25:18.436+0000] {logging_mixin.py:190} INFO - [2025-05-10T01:25:18.436+0000] {dag.py:3239} INFO - Sync 1 DAGs
[2025-05-10T01:25:18.452+0000] {logging_mixin.py:190} INFO - [2025-05-10T01:25:18.452+0000] {dag.py:4180} INFO - Setting next_dagrun for example_branch_dop_operator_v3 to 2025-05-10 01:24:00+00:00, run_after=2025-05-10 01:25:00+00:00
[2025-05-10T01:25:18.466+0000] {processor.py:208} INFO - Processing /home/airflow/.local/lib/python3.12/site-packages/airflow/example_dags/example_branch_python_dop_operator_3.py took 0.057 seconds
[2025-05-10T01:25:49.007+0000] {processor.py:186} INFO - Started process (PID=68100) to work on /home/airflow/.local/lib/python3.12/site-packages/airflow/example_dags/example_branch_python_dop_operator_3.py
[2025-05-10T01:25:49.008+0000] {processor.py:914} INFO - Processing file /home/airflow/.local/lib/python3.12/site-packages/airflow/example_dags/example_branch_python_dop_operator_3.py for tasks to queue
[2025-05-10T01:25:49.008+0000] {logging_mixin.py:190} INFO - [2025-05-10T01:25:49.008+0000] {dagbag.py:588} INFO - Filling up the DagBag from /home/airflow/.local/lib/python3.12/site-packages/airflow/example_dags/example_branch_python_dop_operator_3.py
[2025-05-10T01:25:49.013+0000] {processor.py:925} INFO - DAG(s) 'example_branch_dop_operator_v3' retrieved from /home/airflow/.local/lib/python3.12/site-packages/airflow/example_dags/example_branch_python_dop_operator_3.py
[2025-05-10T01:25:49.028+0000] {logging_mixin.py:190} INFO - [2025-05-10T01:25:49.028+0000] {dag.py:3239} INFO - Sync 1 DAGs
[2025-05-10T01:25:49.044+0000] {logging_mixin.py:190} INFO - [2025-05-10T01:25:49.044+0000] {dag.py:4180} INFO - Setting next_dagrun for example_branch_dop_operator_v3 to 2025-05-10 01:24:00+00:00, run_after=2025-05-10 01:25:00+00:00
[2025-05-10T01:25:49.056+0000] {processor.py:208} INFO - Processing /home/airflow/.local/lib/python3.12/site-packages/airflow/example_dags/example_branch_python_dop_operator_3.py took 0.054 seconds
[2025-05-10T01:26:19.406+0000] {processor.py:186} INFO - Started process (PID=68182) to work on /home/airflow/.local/lib/python3.12/site-packages/airflow/example_dags/example_branch_python_dop_operator_3.py
[2025-05-10T01:26:19.407+0000] {processor.py:914} INFO - Processing file /home/airflow/.local/lib/python3.12/site-packages/airflow/example_dags/example_branch_python_dop_operator_3.py for tasks to queue
[2025-05-10T01:26:19.408+0000] {logging_mixin.py:190} INFO - [2025-05-10T01:26:19.408+0000] {dagbag.py:588} INFO - Filling up the DagBag from /home/airflow/.local/lib/python3.12/site-packages/airflow/example_dags/example_branch_python_dop_operator_3.py
[2025-05-10T01:26:19.413+0000] {processor.py:925} INFO - DAG(s) 'example_branch_dop_operator_v3' retrieved from /home/airflow/.local/lib/python3.12/site-packages/airflow/example_dags/example_branch_python_dop_operator_3.py
[2025-05-10T01:26:19.428+0000] {logging_mixin.py:190} INFO - [2025-05-10T01:26:19.428+0000] {dag.py:3239} INFO - Sync 1 DAGs
[2025-05-10T01:26:19.444+0000] {logging_mixin.py:190} INFO - [2025-05-10T01:26:19.444+0000] {dag.py:4180} INFO - Setting next_dagrun for example_branch_dop_operator_v3 to 2025-05-10 01:25:00+00:00, run_after=2025-05-10 01:26:00+00:00
[2025-05-10T01:26:19.455+0000] {processor.py:208} INFO - Processing /home/airflow/.local/lib/python3.12/site-packages/airflow/example_dags/example_branch_python_dop_operator_3.py took 0.053 seconds
[2025-05-10T01:26:50.070+0000] {processor.py:186} INFO - Started process (PID=68264) to work on /home/airflow/.local/lib/python3.12/site-packages/airflow/example_dags/example_branch_python_dop_operator_3.py
[2025-05-10T01:26:50.071+0000] {processor.py:914} INFO - Processing file /home/airflow/.local/lib/python3.12/site-packages/airflow/example_dags/example_branch_python_dop_operator_3.py for tasks to queue
[2025-05-10T01:26:50.072+0000] {logging_mixin.py:190} INFO - [2025-05-10T01:26:50.072+0000] {dagbag.py:588} INFO - Filling up the DagBag from /home/airflow/.local/lib/python3.12/site-packages/airflow/example_dags/example_branch_python_dop_operator_3.py
[2025-05-10T01:26:50.077+0000] {processor.py:925} INFO - DAG(s) 'example_branch_dop_operator_v3' retrieved from /home/airflow/.local/lib/python3.12/site-packages/airflow/example_dags/example_branch_python_dop_operator_3.py
[2025-05-10T01:26:50.093+0000] {logging_mixin.py:190} INFO - [2025-05-10T01:26:50.092+0000] {dag.py:3239} INFO - Sync 1 DAGs
[2025-05-10T01:26:50.108+0000] {logging_mixin.py:190} INFO - [2025-05-10T01:26:50.108+0000] {dag.py:4180} INFO - Setting next_dagrun for example_branch_dop_operator_v3 to 2025-05-10 01:25:00+00:00, run_after=2025-05-10 01:26:00+00:00
[2025-05-10T01:26:50.121+0000] {processor.py:208} INFO - Processing /home/airflow/.local/lib/python3.12/site-packages/airflow/example_dags/example_branch_python_dop_operator_3.py took 0.056 seconds
[2025-05-10T02:18:40.453+0000] {processor.py:186} INFO - Started process (PID=68382) to work on /home/airflow/.local/lib/python3.12/site-packages/airflow/example_dags/example_branch_python_dop_operator_3.py
[2025-05-10T02:18:40.455+0000] {processor.py:914} INFO - Processing file /home/airflow/.local/lib/python3.12/site-packages/airflow/example_dags/example_branch_python_dop_operator_3.py for tasks to queue
[2025-05-10T02:18:40.456+0000] {logging_mixin.py:190} INFO - [2025-05-10T02:18:40.455+0000] {dagbag.py:588} INFO - Filling up the DagBag from /home/airflow/.local/lib/python3.12/site-packages/airflow/example_dags/example_branch_python_dop_operator_3.py
[2025-05-10T02:18:40.462+0000] {processor.py:925} INFO - DAG(s) 'example_branch_dop_operator_v3' retrieved from /home/airflow/.local/lib/python3.12/site-packages/airflow/example_dags/example_branch_python_dop_operator_3.py
[2025-05-10T02:18:40.480+0000] {logging_mixin.py:190} INFO - [2025-05-10T02:18:40.480+0000] {dag.py:3239} INFO - Sync 1 DAGs
[2025-05-10T02:18:40.500+0000] {logging_mixin.py:190} INFO - [2025-05-10T02:18:40.500+0000] {dag.py:4180} INFO - Setting next_dagrun for example_branch_dop_operator_v3 to 2025-05-10 02:17:00+00:00, run_after=2025-05-10 02:18:00+00:00
[2025-05-10T02:18:40.516+0000] {processor.py:208} INFO - Processing /home/airflow/.local/lib/python3.12/site-packages/airflow/example_dags/example_branch_python_dop_operator_3.py took 0.068 seconds
[2025-05-10T02:19:11.635+0000] {processor.py:186} INFO - Started process (PID=68464) to work on /home/airflow/.local/lib/python3.12/site-packages/airflow/example_dags/example_branch_python_dop_operator_3.py
[2025-05-10T02:19:11.635+0000] {processor.py:914} INFO - Processing file /home/airflow/.local/lib/python3.12/site-packages/airflow/example_dags/example_branch_python_dop_operator_3.py for tasks to queue
[2025-05-10T02:19:11.636+0000] {logging_mixin.py:190} INFO - [2025-05-10T02:19:11.636+0000] {dagbag.py:588} INFO - Filling up the DagBag from /home/airflow/.local/lib/python3.12/site-packages/airflow/example_dags/example_branch_python_dop_operator_3.py
[2025-05-10T02:19:11.643+0000] {processor.py:925} INFO - DAG(s) 'example_branch_dop_operator_v3' retrieved from /home/airflow/.local/lib/python3.12/site-packages/airflow/example_dags/example_branch_python_dop_operator_3.py
[2025-05-10T02:19:11.664+0000] {logging_mixin.py:190} INFO - [2025-05-10T02:19:11.664+0000] {dag.py:3239} INFO - Sync 1 DAGs
[2025-05-10T02:19:11.682+0000] {logging_mixin.py:190} INFO - [2025-05-10T02:19:11.682+0000] {dag.py:4180} INFO - Setting next_dagrun for example_branch_dop_operator_v3 to 2025-05-10 02:18:00+00:00, run_after=2025-05-10 02:19:00+00:00
[2025-05-10T02:19:11.700+0000] {processor.py:208} INFO - Processing /home/airflow/.local/lib/python3.12/site-packages/airflow/example_dags/example_branch_python_dop_operator_3.py took 0.071 seconds
[2025-05-10T02:19:42.603+0000] {processor.py:186} INFO - Started process (PID=68546) to work on /home/airflow/.local/lib/python3.12/site-packages/airflow/example_dags/example_branch_python_dop_operator_3.py
[2025-05-10T02:19:42.604+0000] {processor.py:914} INFO - Processing file /home/airflow/.local/lib/python3.12/site-packages/airflow/example_dags/example_branch_python_dop_operator_3.py for tasks to queue
[2025-05-10T02:19:42.605+0000] {logging_mixin.py:190} INFO - [2025-05-10T02:19:42.605+0000] {dagbag.py:588} INFO - Filling up the DagBag from /home/airflow/.local/lib/python3.12/site-packages/airflow/example_dags/example_branch_python_dop_operator_3.py
[2025-05-10T02:19:42.610+0000] {processor.py:925} INFO - DAG(s) 'example_branch_dop_operator_v3' retrieved from /home/airflow/.local/lib/python3.12/site-packages/airflow/example_dags/example_branch_python_dop_operator_3.py
[2025-05-10T02:19:42.627+0000] {logging_mixin.py:190} INFO - [2025-05-10T02:19:42.627+0000] {dag.py:3239} INFO - Sync 1 DAGs
[2025-05-10T02:19:42.647+0000] {logging_mixin.py:190} INFO - [2025-05-10T02:19:42.646+0000] {dag.py:4180} INFO - Setting next_dagrun for example_branch_dop_operator_v3 to 2025-05-10 02:18:00+00:00, run_after=2025-05-10 02:19:00+00:00
[2025-05-10T02:19:42.663+0000] {processor.py:208} INFO - Processing /home/airflow/.local/lib/python3.12/site-packages/airflow/example_dags/example_branch_python_dop_operator_3.py took 0.065 seconds
[2025-05-10T02:20:12.971+0000] {processor.py:186} INFO - Started process (PID=68628) to work on /home/airflow/.local/lib/python3.12/site-packages/airflow/example_dags/example_branch_python_dop_operator_3.py
[2025-05-10T02:20:12.971+0000] {processor.py:914} INFO - Processing file /home/airflow/.local/lib/python3.12/site-packages/airflow/example_dags/example_branch_python_dop_operator_3.py for tasks to queue
[2025-05-10T02:20:12.972+0000] {logging_mixin.py:190} INFO - [2025-05-10T02:20:12.972+0000] {dagbag.py:588} INFO - Filling up the DagBag from /home/airflow/.local/lib/python3.12/site-packages/airflow/example_dags/example_branch_python_dop_operator_3.py
[2025-05-10T02:20:12.977+0000] {processor.py:925} INFO - DAG(s) 'example_branch_dop_operator_v3' retrieved from /home/airflow/.local/lib/python3.12/site-packages/airflow/example_dags/example_branch_python_dop_operator_3.py
[2025-05-10T02:20:12.993+0000] {logging_mixin.py:190} INFO - [2025-05-10T02:20:12.992+0000] {dag.py:3239} INFO - Sync 1 DAGs
[2025-05-10T02:20:13.010+0000] {logging_mixin.py:190} INFO - [2025-05-10T02:20:13.010+0000] {dag.py:4180} INFO - Setting next_dagrun for example_branch_dop_operator_v3 to 2025-05-10 02:19:00+00:00, run_after=2025-05-10 02:20:00+00:00
[2025-05-10T02:20:13.024+0000] {processor.py:208} INFO - Processing /home/airflow/.local/lib/python3.12/site-packages/airflow/example_dags/example_branch_python_dop_operator_3.py took 0.058 seconds
[2025-05-10T02:20:43.419+0000] {processor.py:186} INFO - Started process (PID=68710) to work on /home/airflow/.local/lib/python3.12/site-packages/airflow/example_dags/example_branch_python_dop_operator_3.py
[2025-05-10T02:20:43.420+0000] {processor.py:914} INFO - Processing file /home/airflow/.local/lib/python3.12/site-packages/airflow/example_dags/example_branch_python_dop_operator_3.py for tasks to queue
[2025-05-10T02:20:43.421+0000] {logging_mixin.py:190} INFO - [2025-05-10T02:20:43.420+0000] {dagbag.py:588} INFO - Filling up the DagBag from /home/airflow/.local/lib/python3.12/site-packages/airflow/example_dags/example_branch_python_dop_operator_3.py
[2025-05-10T02:20:43.425+0000] {processor.py:925} INFO - DAG(s) 'example_branch_dop_operator_v3' retrieved from /home/airflow/.local/lib/python3.12/site-packages/airflow/example_dags/example_branch_python_dop_operator_3.py
[2025-05-10T02:20:43.441+0000] {logging_mixin.py:190} INFO - [2025-05-10T02:20:43.441+0000] {dag.py:3239} INFO - Sync 1 DAGs
[2025-05-10T02:20:43.458+0000] {logging_mixin.py:190} INFO - [2025-05-10T02:20:43.457+0000] {dag.py:4180} INFO - Setting next_dagrun for example_branch_dop_operator_v3 to 2025-05-10 02:19:00+00:00, run_after=2025-05-10 02:20:00+00:00
[2025-05-10T02:20:43.471+0000] {processor.py:208} INFO - Processing /home/airflow/.local/lib/python3.12/site-packages/airflow/example_dags/example_branch_python_dop_operator_3.py took 0.056 seconds
[2025-05-10T04:20:40.871+0000] {processor.py:186} INFO - Started process (PID=68798) to work on /home/airflow/.local/lib/python3.12/site-packages/airflow/example_dags/example_branch_python_dop_operator_3.py
[2025-05-10T04:20:40.872+0000] {processor.py:914} INFO - Processing file /home/airflow/.local/lib/python3.12/site-packages/airflow/example_dags/example_branch_python_dop_operator_3.py for tasks to queue
[2025-05-10T04:20:40.873+0000] {logging_mixin.py:190} INFO - [2025-05-10T04:20:40.873+0000] {dagbag.py:588} INFO - Filling up the DagBag from /home/airflow/.local/lib/python3.12/site-packages/airflow/example_dags/example_branch_python_dop_operator_3.py
[2025-05-10T04:20:40.879+0000] {processor.py:925} INFO - DAG(s) 'example_branch_dop_operator_v3' retrieved from /home/airflow/.local/lib/python3.12/site-packages/airflow/example_dags/example_branch_python_dop_operator_3.py
[2025-05-10T04:20:40.896+0000] {logging_mixin.py:190} INFO - [2025-05-10T04:20:40.896+0000] {dag.py:3239} INFO - Sync 1 DAGs
[2025-05-10T04:20:40.917+0000] {logging_mixin.py:190} INFO - [2025-05-10T04:20:40.916+0000] {dag.py:4180} INFO - Setting next_dagrun for example_branch_dop_operator_v3 to 2025-05-10 04:19:00+00:00, run_after=2025-05-10 04:20:00+00:00
[2025-05-10T04:20:40.933+0000] {processor.py:208} INFO - Processing /home/airflow/.local/lib/python3.12/site-packages/airflow/example_dags/example_branch_python_dop_operator_3.py took 0.066 seconds
