[2025-05-10T01:19:38.341+0000] {processor.py:186} INFO - Started process (PID=67088) to work on /home/airflow/.local/lib/python3.12/site-packages/airflow/example_dags/example_dataset_alias_with_no_taskflow.py
[2025-05-10T01:19:38.342+0000] {processor.py:914} INFO - Processing file /home/airflow/.local/lib/python3.12/site-packages/airflow/example_dags/example_dataset_alias_with_no_taskflow.py for tasks to queue
[2025-05-10T01:19:38.343+0000] {logging_mixin.py:190} INFO - [2025-05-10T01:19:38.343+0000] {dagbag.py:588} INFO - Filling up the DagBag from /home/airflow/.local/lib/python3.12/site-packages/airflow/example_dags/example_dataset_alias_with_no_taskflow.py
[2025-05-10T01:19:38.714+0000] {processor.py:925} INFO - DAG(s) 'dataset_alias_example_alias_producer_with_no_taskflow', 'dataset_alias_example_alias_consumer_with_no_taskflow', 'dataset_s3_bucket_producer_with_no_taskflow', 'dataset_s3_bucket_consumer_with_no_taskflow' retrieved from /home/airflow/.local/lib/python3.12/site-packages/airflow/example_dags/example_dataset_alias_with_no_taskflow.py
[2025-05-10T01:19:38.735+0000] {logging_mixin.py:190} INFO - [2025-05-10T01:19:38.735+0000] {dag.py:3239} INFO - Sync 4 DAGs
[2025-05-10T01:19:38.758+0000] {logging_mixin.py:190} INFO - [2025-05-10T01:19:38.758+0000] {dag.py:4180} INFO - Setting next_dagrun for dataset_alias_example_alias_consumer_with_no_taskflow to None, run_after=None
[2025-05-10T01:19:38.762+0000] {logging_mixin.py:190} INFO - [2025-05-10T01:19:38.762+0000] {dag.py:4180} INFO - Setting next_dagrun for dataset_alias_example_alias_producer_with_no_taskflow to None, run_after=None
[2025-05-10T01:19:38.764+0000] {logging_mixin.py:190} INFO - [2025-05-10T01:19:38.763+0000] {dag.py:4180} INFO - Setting next_dagrun for dataset_s3_bucket_consumer_with_no_taskflow to None, run_after=None
[2025-05-10T01:19:38.765+0000] {logging_mixin.py:190} INFO - [2025-05-10T01:19:38.765+0000] {dag.py:4180} INFO - Setting next_dagrun for dataset_s3_bucket_producer_with_no_taskflow to None, run_after=None
[2025-05-10T01:19:38.789+0000] {processor.py:208} INFO - Processing /home/airflow/.local/lib/python3.12/site-packages/airflow/example_dags/example_dataset_alias_with_no_taskflow.py took 0.453 seconds
[2025-05-10T01:20:09.106+0000] {processor.py:186} INFO - Started process (PID=67170) to work on /home/airflow/.local/lib/python3.12/site-packages/airflow/example_dags/example_dataset_alias_with_no_taskflow.py
[2025-05-10T01:20:09.107+0000] {processor.py:914} INFO - Processing file /home/airflow/.local/lib/python3.12/site-packages/airflow/example_dags/example_dataset_alias_with_no_taskflow.py for tasks to queue
[2025-05-10T01:20:09.108+0000] {logging_mixin.py:190} INFO - [2025-05-10T01:20:09.108+0000] {dagbag.py:588} INFO - Filling up the DagBag from /home/airflow/.local/lib/python3.12/site-packages/airflow/example_dags/example_dataset_alias_with_no_taskflow.py
[2025-05-10T01:20:09.521+0000] {processor.py:925} INFO - DAG(s) 'dataset_alias_example_alias_consumer_with_no_taskflow', 'dataset_s3_bucket_consumer_with_no_taskflow', 'dataset_s3_bucket_producer_with_no_taskflow', 'dataset_alias_example_alias_producer_with_no_taskflow' retrieved from /home/airflow/.local/lib/python3.12/site-packages/airflow/example_dags/example_dataset_alias_with_no_taskflow.py
[2025-05-10T01:20:09.551+0000] {logging_mixin.py:190} INFO - [2025-05-10T01:20:09.550+0000] {dag.py:3239} INFO - Sync 4 DAGs
[2025-05-10T01:20:09.576+0000] {logging_mixin.py:190} INFO - [2025-05-10T01:20:09.575+0000] {dag.py:4180} INFO - Setting next_dagrun for dataset_alias_example_alias_consumer_with_no_taskflow to None, run_after=None
[2025-05-10T01:20:09.580+0000] {logging_mixin.py:190} INFO - [2025-05-10T01:20:09.579+0000] {dag.py:4180} INFO - Setting next_dagrun for dataset_alias_example_alias_producer_with_no_taskflow to None, run_after=None
[2025-05-10T01:20:09.581+0000] {logging_mixin.py:190} INFO - [2025-05-10T01:20:09.581+0000] {dag.py:4180} INFO - Setting next_dagrun for dataset_s3_bucket_consumer_with_no_taskflow to None, run_after=None
[2025-05-10T01:20:09.583+0000] {logging_mixin.py:190} INFO - [2025-05-10T01:20:09.583+0000] {dag.py:4180} INFO - Setting next_dagrun for dataset_s3_bucket_producer_with_no_taskflow to None, run_after=None
[2025-05-10T01:20:09.612+0000] {processor.py:208} INFO - Processing /home/airflow/.local/lib/python3.12/site-packages/airflow/example_dags/example_dataset_alias_with_no_taskflow.py took 0.512 seconds
[2025-05-10T01:20:40.586+0000] {processor.py:186} INFO - Started process (PID=67255) to work on /home/airflow/.local/lib/python3.12/site-packages/airflow/example_dags/example_dataset_alias_with_no_taskflow.py
[2025-05-10T01:20:40.588+0000] {processor.py:914} INFO - Processing file /home/airflow/.local/lib/python3.12/site-packages/airflow/example_dags/example_dataset_alias_with_no_taskflow.py for tasks to queue
[2025-05-10T01:20:40.589+0000] {logging_mixin.py:190} INFO - [2025-05-10T01:20:40.589+0000] {dagbag.py:588} INFO - Filling up the DagBag from /home/airflow/.local/lib/python3.12/site-packages/airflow/example_dags/example_dataset_alias_with_no_taskflow.py
[2025-05-10T01:20:40.866+0000] {processor.py:925} INFO - DAG(s) 'dataset_s3_bucket_consumer_with_no_taskflow', 'dataset_s3_bucket_producer_with_no_taskflow', 'dataset_alias_example_alias_consumer_with_no_taskflow', 'dataset_alias_example_alias_producer_with_no_taskflow' retrieved from /home/airflow/.local/lib/python3.12/site-packages/airflow/example_dags/example_dataset_alias_with_no_taskflow.py
[2025-05-10T01:20:40.882+0000] {logging_mixin.py:190} INFO - [2025-05-10T01:20:40.882+0000] {dag.py:3239} INFO - Sync 4 DAGs
[2025-05-10T01:20:40.898+0000] {logging_mixin.py:190} INFO - [2025-05-10T01:20:40.897+0000] {dag.py:4180} INFO - Setting next_dagrun for dataset_alias_example_alias_consumer_with_no_taskflow to None, run_after=None
[2025-05-10T01:20:40.900+0000] {logging_mixin.py:190} INFO - [2025-05-10T01:20:40.899+0000] {dag.py:4180} INFO - Setting next_dagrun for dataset_alias_example_alias_producer_with_no_taskflow to None, run_after=None
[2025-05-10T01:20:40.901+0000] {logging_mixin.py:190} INFO - [2025-05-10T01:20:40.900+0000] {dag.py:4180} INFO - Setting next_dagrun for dataset_s3_bucket_consumer_with_no_taskflow to None, run_after=None
[2025-05-10T01:20:40.902+0000] {logging_mixin.py:190} INFO - [2025-05-10T01:20:40.901+0000] {dag.py:4180} INFO - Setting next_dagrun for dataset_s3_bucket_producer_with_no_taskflow to None, run_after=None
[2025-05-10T01:20:40.920+0000] {processor.py:208} INFO - Processing /home/airflow/.local/lib/python3.12/site-packages/airflow/example_dags/example_dataset_alias_with_no_taskflow.py took 0.341 seconds
[2025-05-10T01:21:11.728+0000] {processor.py:186} INFO - Started process (PID=67342) to work on /home/airflow/.local/lib/python3.12/site-packages/airflow/example_dags/example_dataset_alias_with_no_taskflow.py
[2025-05-10T01:21:11.729+0000] {processor.py:914} INFO - Processing file /home/airflow/.local/lib/python3.12/site-packages/airflow/example_dags/example_dataset_alias_with_no_taskflow.py for tasks to queue
[2025-05-10T01:21:11.730+0000] {logging_mixin.py:190} INFO - [2025-05-10T01:21:11.729+0000] {dagbag.py:588} INFO - Filling up the DagBag from /home/airflow/.local/lib/python3.12/site-packages/airflow/example_dags/example_dataset_alias_with_no_taskflow.py
[2025-05-10T01:21:11.991+0000] {processor.py:925} INFO - DAG(s) 'dataset_alias_example_alias_producer_with_no_taskflow', 'dataset_s3_bucket_consumer_with_no_taskflow', 'dataset_alias_example_alias_consumer_with_no_taskflow', 'dataset_s3_bucket_producer_with_no_taskflow' retrieved from /home/airflow/.local/lib/python3.12/site-packages/airflow/example_dags/example_dataset_alias_with_no_taskflow.py
[2025-05-10T01:21:12.005+0000] {logging_mixin.py:190} INFO - [2025-05-10T01:21:12.004+0000] {dag.py:3239} INFO - Sync 4 DAGs
[2025-05-10T01:21:12.019+0000] {logging_mixin.py:190} INFO - [2025-05-10T01:21:12.019+0000] {dag.py:4180} INFO - Setting next_dagrun for dataset_alias_example_alias_consumer_with_no_taskflow to None, run_after=None
[2025-05-10T01:21:12.021+0000] {logging_mixin.py:190} INFO - [2025-05-10T01:21:12.020+0000] {dag.py:4180} INFO - Setting next_dagrun for dataset_alias_example_alias_producer_with_no_taskflow to None, run_after=None
[2025-05-10T01:21:12.021+0000] {logging_mixin.py:190} INFO - [2025-05-10T01:21:12.021+0000] {dag.py:4180} INFO - Setting next_dagrun for dataset_s3_bucket_consumer_with_no_taskflow to None, run_after=None
[2025-05-10T01:21:12.022+0000] {logging_mixin.py:190} INFO - [2025-05-10T01:21:12.022+0000] {dag.py:4180} INFO - Setting next_dagrun for dataset_s3_bucket_producer_with_no_taskflow to None, run_after=None
[2025-05-10T01:21:12.038+0000] {processor.py:208} INFO - Processing /home/airflow/.local/lib/python3.12/site-packages/airflow/example_dags/example_dataset_alias_with_no_taskflow.py took 0.315 seconds
[2025-05-10T01:21:42.439+0000] {processor.py:186} INFO - Started process (PID=67424) to work on /home/airflow/.local/lib/python3.12/site-packages/airflow/example_dags/example_dataset_alias_with_no_taskflow.py
[2025-05-10T01:21:42.440+0000] {processor.py:914} INFO - Processing file /home/airflow/.local/lib/python3.12/site-packages/airflow/example_dags/example_dataset_alias_with_no_taskflow.py for tasks to queue
[2025-05-10T01:21:42.441+0000] {logging_mixin.py:190} INFO - [2025-05-10T01:21:42.441+0000] {dagbag.py:588} INFO - Filling up the DagBag from /home/airflow/.local/lib/python3.12/site-packages/airflow/example_dags/example_dataset_alias_with_no_taskflow.py
[2025-05-10T01:21:42.702+0000] {processor.py:925} INFO - DAG(s) 'dataset_s3_bucket_consumer_with_no_taskflow', 'dataset_s3_bucket_producer_with_no_taskflow', 'dataset_alias_example_alias_consumer_with_no_taskflow', 'dataset_alias_example_alias_producer_with_no_taskflow' retrieved from /home/airflow/.local/lib/python3.12/site-packages/airflow/example_dags/example_dataset_alias_with_no_taskflow.py
[2025-05-10T01:21:42.716+0000] {logging_mixin.py:190} INFO - [2025-05-10T01:21:42.716+0000] {dag.py:3239} INFO - Sync 4 DAGs
[2025-05-10T01:21:42.731+0000] {logging_mixin.py:190} INFO - [2025-05-10T01:21:42.730+0000] {dag.py:4180} INFO - Setting next_dagrun for dataset_alias_example_alias_consumer_with_no_taskflow to None, run_after=None
[2025-05-10T01:21:42.733+0000] {logging_mixin.py:190} INFO - [2025-05-10T01:21:42.732+0000] {dag.py:4180} INFO - Setting next_dagrun for dataset_alias_example_alias_producer_with_no_taskflow to None, run_after=None
[2025-05-10T01:21:42.733+0000] {logging_mixin.py:190} INFO - [2025-05-10T01:21:42.733+0000] {dag.py:4180} INFO - Setting next_dagrun for dataset_s3_bucket_consumer_with_no_taskflow to None, run_after=None
[2025-05-10T01:21:42.734+0000] {logging_mixin.py:190} INFO - [2025-05-10T01:21:42.734+0000] {dag.py:4180} INFO - Setting next_dagrun for dataset_s3_bucket_producer_with_no_taskflow to None, run_after=None
[2025-05-10T01:21:42.765+0000] {processor.py:208} INFO - Processing /home/airflow/.local/lib/python3.12/site-packages/airflow/example_dags/example_dataset_alias_with_no_taskflow.py took 0.330 seconds
[2025-05-10T01:22:13.147+0000] {processor.py:186} INFO - Started process (PID=67507) to work on /home/airflow/.local/lib/python3.12/site-packages/airflow/example_dags/example_dataset_alias_with_no_taskflow.py
[2025-05-10T01:22:13.147+0000] {processor.py:914} INFO - Processing file /home/airflow/.local/lib/python3.12/site-packages/airflow/example_dags/example_dataset_alias_with_no_taskflow.py for tasks to queue
[2025-05-10T01:22:13.148+0000] {logging_mixin.py:190} INFO - [2025-05-10T01:22:13.148+0000] {dagbag.py:588} INFO - Filling up the DagBag from /home/airflow/.local/lib/python3.12/site-packages/airflow/example_dags/example_dataset_alias_with_no_taskflow.py
[2025-05-10T01:22:13.419+0000] {processor.py:925} INFO - DAG(s) 'dataset_alias_example_alias_producer_with_no_taskflow', 'dataset_alias_example_alias_consumer_with_no_taskflow', 'dataset_s3_bucket_producer_with_no_taskflow', 'dataset_s3_bucket_consumer_with_no_taskflow' retrieved from /home/airflow/.local/lib/python3.12/site-packages/airflow/example_dags/example_dataset_alias_with_no_taskflow.py
[2025-05-10T01:22:13.435+0000] {logging_mixin.py:190} INFO - [2025-05-10T01:22:13.435+0000] {dag.py:3239} INFO - Sync 4 DAGs
[2025-05-10T01:22:13.450+0000] {logging_mixin.py:190} INFO - [2025-05-10T01:22:13.449+0000] {dag.py:4180} INFO - Setting next_dagrun for dataset_alias_example_alias_consumer_with_no_taskflow to None, run_after=None
[2025-05-10T01:22:13.452+0000] {logging_mixin.py:190} INFO - [2025-05-10T01:22:13.451+0000] {dag.py:4180} INFO - Setting next_dagrun for dataset_alias_example_alias_producer_with_no_taskflow to None, run_after=None
[2025-05-10T01:22:13.453+0000] {logging_mixin.py:190} INFO - [2025-05-10T01:22:13.452+0000] {dag.py:4180} INFO - Setting next_dagrun for dataset_s3_bucket_consumer_with_no_taskflow to None, run_after=None
[2025-05-10T01:22:13.454+0000] {logging_mixin.py:190} INFO - [2025-05-10T01:22:13.453+0000] {dag.py:4180} INFO - Setting next_dagrun for dataset_s3_bucket_producer_with_no_taskflow to None, run_after=None
[2025-05-10T01:22:13.478+0000] {processor.py:208} INFO - Processing /home/airflow/.local/lib/python3.12/site-packages/airflow/example_dags/example_dataset_alias_with_no_taskflow.py took 0.336 seconds
[2025-05-10T01:22:43.729+0000] {processor.py:186} INFO - Started process (PID=67589) to work on /home/airflow/.local/lib/python3.12/site-packages/airflow/example_dags/example_dataset_alias_with_no_taskflow.py
[2025-05-10T01:22:43.730+0000] {processor.py:914} INFO - Processing file /home/airflow/.local/lib/python3.12/site-packages/airflow/example_dags/example_dataset_alias_with_no_taskflow.py for tasks to queue
[2025-05-10T01:22:43.731+0000] {logging_mixin.py:190} INFO - [2025-05-10T01:22:43.731+0000] {dagbag.py:588} INFO - Filling up the DagBag from /home/airflow/.local/lib/python3.12/site-packages/airflow/example_dags/example_dataset_alias_with_no_taskflow.py
[2025-05-10T01:22:44.023+0000] {processor.py:925} INFO - DAG(s) 'dataset_alias_example_alias_producer_with_no_taskflow', 'dataset_s3_bucket_producer_with_no_taskflow', 'dataset_s3_bucket_consumer_with_no_taskflow', 'dataset_alias_example_alias_consumer_with_no_taskflow' retrieved from /home/airflow/.local/lib/python3.12/site-packages/airflow/example_dags/example_dataset_alias_with_no_taskflow.py
[2025-05-10T01:22:44.039+0000] {logging_mixin.py:190} INFO - [2025-05-10T01:22:44.039+0000] {dag.py:3239} INFO - Sync 4 DAGs
[2025-05-10T01:22:44.055+0000] {logging_mixin.py:190} INFO - [2025-05-10T01:22:44.055+0000] {dag.py:4180} INFO - Setting next_dagrun for dataset_alias_example_alias_consumer_with_no_taskflow to None, run_after=None
[2025-05-10T01:22:44.057+0000] {logging_mixin.py:190} INFO - [2025-05-10T01:22:44.057+0000] {dag.py:4180} INFO - Setting next_dagrun for dataset_alias_example_alias_producer_with_no_taskflow to None, run_after=None
[2025-05-10T01:22:44.057+0000] {logging_mixin.py:190} INFO - [2025-05-10T01:22:44.057+0000] {dag.py:4180} INFO - Setting next_dagrun for dataset_s3_bucket_consumer_with_no_taskflow to None, run_after=None
[2025-05-10T01:22:44.059+0000] {logging_mixin.py:190} INFO - [2025-05-10T01:22:44.058+0000] {dag.py:4180} INFO - Setting next_dagrun for dataset_s3_bucket_producer_with_no_taskflow to None, run_after=None
[2025-05-10T01:22:44.073+0000] {processor.py:208} INFO - Processing /home/airflow/.local/lib/python3.12/site-packages/airflow/example_dags/example_dataset_alias_with_no_taskflow.py took 0.349 seconds
[2025-05-10T01:23:14.879+0000] {processor.py:186} INFO - Started process (PID=67675) to work on /home/airflow/.local/lib/python3.12/site-packages/airflow/example_dags/example_dataset_alias_with_no_taskflow.py
[2025-05-10T01:23:14.880+0000] {processor.py:914} INFO - Processing file /home/airflow/.local/lib/python3.12/site-packages/airflow/example_dags/example_dataset_alias_with_no_taskflow.py for tasks to queue
[2025-05-10T01:23:14.881+0000] {logging_mixin.py:190} INFO - [2025-05-10T01:23:14.881+0000] {dagbag.py:588} INFO - Filling up the DagBag from /home/airflow/.local/lib/python3.12/site-packages/airflow/example_dags/example_dataset_alias_with_no_taskflow.py
[2025-05-10T01:23:15.144+0000] {processor.py:925} INFO - DAG(s) 'dataset_s3_bucket_consumer_with_no_taskflow', 'dataset_alias_example_alias_producer_with_no_taskflow', 'dataset_alias_example_alias_consumer_with_no_taskflow', 'dataset_s3_bucket_producer_with_no_taskflow' retrieved from /home/airflow/.local/lib/python3.12/site-packages/airflow/example_dags/example_dataset_alias_with_no_taskflow.py
[2025-05-10T01:23:15.165+0000] {logging_mixin.py:190} INFO - [2025-05-10T01:23:15.165+0000] {dag.py:3239} INFO - Sync 4 DAGs
[2025-05-10T01:23:15.185+0000] {logging_mixin.py:190} INFO - [2025-05-10T01:23:15.185+0000] {dag.py:4180} INFO - Setting next_dagrun for dataset_alias_example_alias_consumer_with_no_taskflow to None, run_after=None
[2025-05-10T01:23:15.188+0000] {logging_mixin.py:190} INFO - [2025-05-10T01:23:15.187+0000] {dag.py:4180} INFO - Setting next_dagrun for dataset_alias_example_alias_producer_with_no_taskflow to None, run_after=None
[2025-05-10T01:23:15.189+0000] {logging_mixin.py:190} INFO - [2025-05-10T01:23:15.189+0000] {dag.py:4180} INFO - Setting next_dagrun for dataset_s3_bucket_consumer_with_no_taskflow to None, run_after=None
[2025-05-10T01:23:15.190+0000] {logging_mixin.py:190} INFO - [2025-05-10T01:23:15.190+0000] {dag.py:4180} INFO - Setting next_dagrun for dataset_s3_bucket_producer_with_no_taskflow to None, run_after=None
[2025-05-10T01:23:15.215+0000] {processor.py:208} INFO - Processing /home/airflow/.local/lib/python3.12/site-packages/airflow/example_dags/example_dataset_alias_with_no_taskflow.py took 0.341 seconds
[2025-05-10T01:23:45.591+0000] {processor.py:186} INFO - Started process (PID=67757) to work on /home/airflow/.local/lib/python3.12/site-packages/airflow/example_dags/example_dataset_alias_with_no_taskflow.py
[2025-05-10T01:23:45.592+0000] {processor.py:914} INFO - Processing file /home/airflow/.local/lib/python3.12/site-packages/airflow/example_dags/example_dataset_alias_with_no_taskflow.py for tasks to queue
[2025-05-10T01:23:45.593+0000] {logging_mixin.py:190} INFO - [2025-05-10T01:23:45.593+0000] {dagbag.py:588} INFO - Filling up the DagBag from /home/airflow/.local/lib/python3.12/site-packages/airflow/example_dags/example_dataset_alias_with_no_taskflow.py
[2025-05-10T01:23:45.871+0000] {processor.py:925} INFO - DAG(s) 'dataset_s3_bucket_producer_with_no_taskflow', 'dataset_alias_example_alias_consumer_with_no_taskflow', 'dataset_alias_example_alias_producer_with_no_taskflow', 'dataset_s3_bucket_consumer_with_no_taskflow' retrieved from /home/airflow/.local/lib/python3.12/site-packages/airflow/example_dags/example_dataset_alias_with_no_taskflow.py
[2025-05-10T01:23:45.891+0000] {logging_mixin.py:190} INFO - [2025-05-10T01:23:45.891+0000] {dag.py:3239} INFO - Sync 4 DAGs
[2025-05-10T01:23:45.909+0000] {logging_mixin.py:190} INFO - [2025-05-10T01:23:45.909+0000] {dag.py:4180} INFO - Setting next_dagrun for dataset_alias_example_alias_consumer_with_no_taskflow to None, run_after=None
[2025-05-10T01:23:45.911+0000] {logging_mixin.py:190} INFO - [2025-05-10T01:23:45.911+0000] {dag.py:4180} INFO - Setting next_dagrun for dataset_alias_example_alias_producer_with_no_taskflow to None, run_after=None
[2025-05-10T01:23:45.912+0000] {logging_mixin.py:190} INFO - [2025-05-10T01:23:45.912+0000] {dag.py:4180} INFO - Setting next_dagrun for dataset_s3_bucket_consumer_with_no_taskflow to None, run_after=None
[2025-05-10T01:23:45.913+0000] {logging_mixin.py:190} INFO - [2025-05-10T01:23:45.913+0000] {dag.py:4180} INFO - Setting next_dagrun for dataset_s3_bucket_producer_with_no_taskflow to None, run_after=None
[2025-05-10T01:23:45.927+0000] {processor.py:208} INFO - Processing /home/airflow/.local/lib/python3.12/site-packages/airflow/example_dags/example_dataset_alias_with_no_taskflow.py took 0.340 seconds
[2025-05-10T01:24:16.415+0000] {processor.py:186} INFO - Started process (PID=67843) to work on /home/airflow/.local/lib/python3.12/site-packages/airflow/example_dags/example_dataset_alias_with_no_taskflow.py
[2025-05-10T01:24:16.416+0000] {processor.py:914} INFO - Processing file /home/airflow/.local/lib/python3.12/site-packages/airflow/example_dags/example_dataset_alias_with_no_taskflow.py for tasks to queue
[2025-05-10T01:24:16.416+0000] {logging_mixin.py:190} INFO - [2025-05-10T01:24:16.416+0000] {dagbag.py:588} INFO - Filling up the DagBag from /home/airflow/.local/lib/python3.12/site-packages/airflow/example_dags/example_dataset_alias_with_no_taskflow.py
[2025-05-10T01:24:16.701+0000] {processor.py:925} INFO - DAG(s) 'dataset_alias_example_alias_consumer_with_no_taskflow', 'dataset_s3_bucket_producer_with_no_taskflow', 'dataset_alias_example_alias_producer_with_no_taskflow', 'dataset_s3_bucket_consumer_with_no_taskflow' retrieved from /home/airflow/.local/lib/python3.12/site-packages/airflow/example_dags/example_dataset_alias_with_no_taskflow.py
[2025-05-10T01:24:16.716+0000] {logging_mixin.py:190} INFO - [2025-05-10T01:24:16.715+0000] {dag.py:3239} INFO - Sync 4 DAGs
[2025-05-10T01:24:16.731+0000] {logging_mixin.py:190} INFO - [2025-05-10T01:24:16.731+0000] {dag.py:4180} INFO - Setting next_dagrun for dataset_alias_example_alias_consumer_with_no_taskflow to None, run_after=None
[2025-05-10T01:24:16.733+0000] {logging_mixin.py:190} INFO - [2025-05-10T01:24:16.733+0000] {dag.py:4180} INFO - Setting next_dagrun for dataset_alias_example_alias_producer_with_no_taskflow to None, run_after=None
[2025-05-10T01:24:16.734+0000] {logging_mixin.py:190} INFO - [2025-05-10T01:24:16.734+0000] {dag.py:4180} INFO - Setting next_dagrun for dataset_s3_bucket_consumer_with_no_taskflow to None, run_after=None
[2025-05-10T01:24:16.735+0000] {logging_mixin.py:190} INFO - [2025-05-10T01:24:16.734+0000] {dag.py:4180} INFO - Setting next_dagrun for dataset_s3_bucket_producer_with_no_taskflow to None, run_after=None
[2025-05-10T01:24:16.748+0000] {processor.py:208} INFO - Processing /home/airflow/.local/lib/python3.12/site-packages/airflow/example_dags/example_dataset_alias_with_no_taskflow.py took 0.338 seconds
[2025-05-10T01:24:47.392+0000] {processor.py:186} INFO - Started process (PID=67929) to work on /home/airflow/.local/lib/python3.12/site-packages/airflow/example_dags/example_dataset_alias_with_no_taskflow.py
[2025-05-10T01:24:47.393+0000] {processor.py:914} INFO - Processing file /home/airflow/.local/lib/python3.12/site-packages/airflow/example_dags/example_dataset_alias_with_no_taskflow.py for tasks to queue
[2025-05-10T01:24:47.394+0000] {logging_mixin.py:190} INFO - [2025-05-10T01:24:47.394+0000] {dagbag.py:588} INFO - Filling up the DagBag from /home/airflow/.local/lib/python3.12/site-packages/airflow/example_dags/example_dataset_alias_with_no_taskflow.py
[2025-05-10T01:24:47.676+0000] {processor.py:925} INFO - DAG(s) 'dataset_s3_bucket_producer_with_no_taskflow', 'dataset_alias_example_alias_producer_with_no_taskflow', 'dataset_alias_example_alias_consumer_with_no_taskflow', 'dataset_s3_bucket_consumer_with_no_taskflow' retrieved from /home/airflow/.local/lib/python3.12/site-packages/airflow/example_dags/example_dataset_alias_with_no_taskflow.py
[2025-05-10T01:24:47.691+0000] {logging_mixin.py:190} INFO - [2025-05-10T01:24:47.691+0000] {dag.py:3239} INFO - Sync 4 DAGs
[2025-05-10T01:24:47.706+0000] {logging_mixin.py:190} INFO - [2025-05-10T01:24:47.706+0000] {dag.py:4180} INFO - Setting next_dagrun for dataset_alias_example_alias_consumer_with_no_taskflow to None, run_after=None
[2025-05-10T01:24:47.708+0000] {logging_mixin.py:190} INFO - [2025-05-10T01:24:47.708+0000] {dag.py:4180} INFO - Setting next_dagrun for dataset_alias_example_alias_producer_with_no_taskflow to None, run_after=None
[2025-05-10T01:24:47.708+0000] {logging_mixin.py:190} INFO - [2025-05-10T01:24:47.708+0000] {dag.py:4180} INFO - Setting next_dagrun for dataset_s3_bucket_consumer_with_no_taskflow to None, run_after=None
[2025-05-10T01:24:47.709+0000] {logging_mixin.py:190} INFO - [2025-05-10T01:24:47.709+0000] {dag.py:4180} INFO - Setting next_dagrun for dataset_s3_bucket_producer_with_no_taskflow to None, run_after=None
[2025-05-10T01:24:47.724+0000] {processor.py:208} INFO - Processing /home/airflow/.local/lib/python3.12/site-packages/airflow/example_dags/example_dataset_alias_with_no_taskflow.py took 0.338 seconds
[2025-05-10T01:25:18.154+0000] {processor.py:186} INFO - Started process (PID=68014) to work on /home/airflow/.local/lib/python3.12/site-packages/airflow/example_dags/example_dataset_alias_with_no_taskflow.py
[2025-05-10T01:25:18.155+0000] {processor.py:914} INFO - Processing file /home/airflow/.local/lib/python3.12/site-packages/airflow/example_dags/example_dataset_alias_with_no_taskflow.py for tasks to queue
[2025-05-10T01:25:18.155+0000] {logging_mixin.py:190} INFO - [2025-05-10T01:25:18.155+0000] {dagbag.py:588} INFO - Filling up the DagBag from /home/airflow/.local/lib/python3.12/site-packages/airflow/example_dags/example_dataset_alias_with_no_taskflow.py
[2025-05-10T01:25:18.430+0000] {processor.py:925} INFO - DAG(s) 'dataset_s3_bucket_consumer_with_no_taskflow', 'dataset_alias_example_alias_consumer_with_no_taskflow', 'dataset_s3_bucket_producer_with_no_taskflow', 'dataset_alias_example_alias_producer_with_no_taskflow' retrieved from /home/airflow/.local/lib/python3.12/site-packages/airflow/example_dags/example_dataset_alias_with_no_taskflow.py
[2025-05-10T01:25:18.446+0000] {logging_mixin.py:190} INFO - [2025-05-10T01:25:18.446+0000] {dag.py:3239} INFO - Sync 4 DAGs
[2025-05-10T01:25:18.461+0000] {logging_mixin.py:190} INFO - [2025-05-10T01:25:18.461+0000] {dag.py:4180} INFO - Setting next_dagrun for dataset_alias_example_alias_consumer_with_no_taskflow to None, run_after=None
[2025-05-10T01:25:18.463+0000] {logging_mixin.py:190} INFO - [2025-05-10T01:25:18.463+0000] {dag.py:4180} INFO - Setting next_dagrun for dataset_alias_example_alias_producer_with_no_taskflow to None, run_after=None
[2025-05-10T01:25:18.464+0000] {logging_mixin.py:190} INFO - [2025-05-10T01:25:18.463+0000] {dag.py:4180} INFO - Setting next_dagrun for dataset_s3_bucket_consumer_with_no_taskflow to None, run_after=None
[2025-05-10T01:25:18.464+0000] {logging_mixin.py:190} INFO - [2025-05-10T01:25:18.464+0000] {dag.py:4180} INFO - Setting next_dagrun for dataset_s3_bucket_producer_with_no_taskflow to None, run_after=None
[2025-05-10T01:25:18.479+0000] {processor.py:208} INFO - Processing /home/airflow/.local/lib/python3.12/site-packages/airflow/example_dags/example_dataset_alias_with_no_taskflow.py took 0.330 seconds
[2025-05-10T01:25:48.752+0000] {processor.py:186} INFO - Started process (PID=68096) to work on /home/airflow/.local/lib/python3.12/site-packages/airflow/example_dags/example_dataset_alias_with_no_taskflow.py
[2025-05-10T01:25:48.753+0000] {processor.py:914} INFO - Processing file /home/airflow/.local/lib/python3.12/site-packages/airflow/example_dags/example_dataset_alias_with_no_taskflow.py for tasks to queue
[2025-05-10T01:25:48.753+0000] {logging_mixin.py:190} INFO - [2025-05-10T01:25:48.753+0000] {dagbag.py:588} INFO - Filling up the DagBag from /home/airflow/.local/lib/python3.12/site-packages/airflow/example_dags/example_dataset_alias_with_no_taskflow.py
[2025-05-10T01:25:49.031+0000] {processor.py:925} INFO - DAG(s) 'dataset_s3_bucket_consumer_with_no_taskflow', 'dataset_s3_bucket_producer_with_no_taskflow', 'dataset_alias_example_alias_producer_with_no_taskflow', 'dataset_alias_example_alias_consumer_with_no_taskflow' retrieved from /home/airflow/.local/lib/python3.12/site-packages/airflow/example_dags/example_dataset_alias_with_no_taskflow.py
[2025-05-10T01:25:49.045+0000] {logging_mixin.py:190} INFO - [2025-05-10T01:25:49.045+0000] {dag.py:3239} INFO - Sync 4 DAGs
[2025-05-10T01:25:49.059+0000] {logging_mixin.py:190} INFO - [2025-05-10T01:25:49.059+0000] {dag.py:4180} INFO - Setting next_dagrun for dataset_alias_example_alias_consumer_with_no_taskflow to None, run_after=None
[2025-05-10T01:25:49.061+0000] {logging_mixin.py:190} INFO - [2025-05-10T01:25:49.061+0000] {dag.py:4180} INFO - Setting next_dagrun for dataset_alias_example_alias_producer_with_no_taskflow to None, run_after=None
[2025-05-10T01:25:49.062+0000] {logging_mixin.py:190} INFO - [2025-05-10T01:25:49.062+0000] {dag.py:4180} INFO - Setting next_dagrun for dataset_s3_bucket_consumer_with_no_taskflow to None, run_after=None
[2025-05-10T01:25:49.063+0000] {logging_mixin.py:190} INFO - [2025-05-10T01:25:49.062+0000] {dag.py:4180} INFO - Setting next_dagrun for dataset_s3_bucket_producer_with_no_taskflow to None, run_after=None
[2025-05-10T01:25:49.078+0000] {processor.py:208} INFO - Processing /home/airflow/.local/lib/python3.12/site-packages/airflow/example_dags/example_dataset_alias_with_no_taskflow.py took 0.331 seconds
[2025-05-10T01:26:19.220+0000] {processor.py:186} INFO - Started process (PID=68179) to work on /home/airflow/.local/lib/python3.12/site-packages/airflow/example_dags/example_dataset_alias_with_no_taskflow.py
[2025-05-10T01:26:19.221+0000] {processor.py:914} INFO - Processing file /home/airflow/.local/lib/python3.12/site-packages/airflow/example_dags/example_dataset_alias_with_no_taskflow.py for tasks to queue
[2025-05-10T01:26:19.222+0000] {logging_mixin.py:190} INFO - [2025-05-10T01:26:19.222+0000] {dagbag.py:588} INFO - Filling up the DagBag from /home/airflow/.local/lib/python3.12/site-packages/airflow/example_dags/example_dataset_alias_with_no_taskflow.py
[2025-05-10T01:26:19.508+0000] {processor.py:925} INFO - DAG(s) 'dataset_s3_bucket_producer_with_no_taskflow', 'dataset_alias_example_alias_consumer_with_no_taskflow', 'dataset_s3_bucket_consumer_with_no_taskflow', 'dataset_alias_example_alias_producer_with_no_taskflow' retrieved from /home/airflow/.local/lib/python3.12/site-packages/airflow/example_dags/example_dataset_alias_with_no_taskflow.py
[2025-05-10T01:26:19.525+0000] {logging_mixin.py:190} INFO - [2025-05-10T01:26:19.525+0000] {dag.py:3239} INFO - Sync 4 DAGs
[2025-05-10T01:26:19.541+0000] {logging_mixin.py:190} INFO - [2025-05-10T01:26:19.540+0000] {dag.py:4180} INFO - Setting next_dagrun for dataset_alias_example_alias_consumer_with_no_taskflow to None, run_after=None
[2025-05-10T01:26:19.543+0000] {logging_mixin.py:190} INFO - [2025-05-10T01:26:19.542+0000] {dag.py:4180} INFO - Setting next_dagrun for dataset_alias_example_alias_producer_with_no_taskflow to None, run_after=None
[2025-05-10T01:26:19.543+0000] {logging_mixin.py:190} INFO - [2025-05-10T01:26:19.543+0000] {dag.py:4180} INFO - Setting next_dagrun for dataset_s3_bucket_consumer_with_no_taskflow to None, run_after=None
[2025-05-10T01:26:19.544+0000] {logging_mixin.py:190} INFO - [2025-05-10T01:26:19.544+0000] {dag.py:4180} INFO - Setting next_dagrun for dataset_s3_bucket_producer_with_no_taskflow to None, run_after=None
[2025-05-10T01:26:19.559+0000] {processor.py:208} INFO - Processing /home/airflow/.local/lib/python3.12/site-packages/airflow/example_dags/example_dataset_alias_with_no_taskflow.py took 0.343 seconds
[2025-05-10T01:26:49.804+0000] {processor.py:186} INFO - Started process (PID=68260) to work on /home/airflow/.local/lib/python3.12/site-packages/airflow/example_dags/example_dataset_alias_with_no_taskflow.py
[2025-05-10T01:26:49.805+0000] {processor.py:914} INFO - Processing file /home/airflow/.local/lib/python3.12/site-packages/airflow/example_dags/example_dataset_alias_with_no_taskflow.py for tasks to queue
[2025-05-10T01:26:49.806+0000] {logging_mixin.py:190} INFO - [2025-05-10T01:26:49.805+0000] {dagbag.py:588} INFO - Filling up the DagBag from /home/airflow/.local/lib/python3.12/site-packages/airflow/example_dags/example_dataset_alias_with_no_taskflow.py
[2025-05-10T01:26:50.085+0000] {processor.py:925} INFO - DAG(s) 'dataset_alias_example_alias_producer_with_no_taskflow', 'dataset_alias_example_alias_consumer_with_no_taskflow', 'dataset_s3_bucket_producer_with_no_taskflow', 'dataset_s3_bucket_consumer_with_no_taskflow' retrieved from /home/airflow/.local/lib/python3.12/site-packages/airflow/example_dags/example_dataset_alias_with_no_taskflow.py
[2025-05-10T01:26:50.101+0000] {logging_mixin.py:190} INFO - [2025-05-10T01:26:50.101+0000] {dag.py:3239} INFO - Sync 4 DAGs
[2025-05-10T01:26:50.117+0000] {logging_mixin.py:190} INFO - [2025-05-10T01:26:50.117+0000] {dag.py:4180} INFO - Setting next_dagrun for dataset_alias_example_alias_consumer_with_no_taskflow to None, run_after=None
[2025-05-10T01:26:50.119+0000] {logging_mixin.py:190} INFO - [2025-05-10T01:26:50.119+0000] {dag.py:4180} INFO - Setting next_dagrun for dataset_alias_example_alias_producer_with_no_taskflow to None, run_after=None
[2025-05-10T01:26:50.120+0000] {logging_mixin.py:190} INFO - [2025-05-10T01:26:50.120+0000] {dag.py:4180} INFO - Setting next_dagrun for dataset_s3_bucket_consumer_with_no_taskflow to None, run_after=None
[2025-05-10T01:26:50.121+0000] {logging_mixin.py:190} INFO - [2025-05-10T01:26:50.121+0000] {dag.py:4180} INFO - Setting next_dagrun for dataset_s3_bucket_producer_with_no_taskflow to None, run_after=None
[2025-05-10T01:26:50.137+0000] {processor.py:208} INFO - Processing /home/airflow/.local/lib/python3.12/site-packages/airflow/example_dags/example_dataset_alias_with_no_taskflow.py took 0.338 seconds
[2025-05-10T02:18:39.869+0000] {processor.py:186} INFO - Started process (PID=68377) to work on /home/airflow/.local/lib/python3.12/site-packages/airflow/example_dags/example_dataset_alias_with_no_taskflow.py
[2025-05-10T02:18:39.870+0000] {processor.py:914} INFO - Processing file /home/airflow/.local/lib/python3.12/site-packages/airflow/example_dags/example_dataset_alias_with_no_taskflow.py for tasks to queue
[2025-05-10T02:18:39.871+0000] {logging_mixin.py:190} INFO - [2025-05-10T02:18:39.871+0000] {dagbag.py:588} INFO - Filling up the DagBag from /home/airflow/.local/lib/python3.12/site-packages/airflow/example_dags/example_dataset_alias_with_no_taskflow.py
[2025-05-10T02:18:40.203+0000] {processor.py:925} INFO - DAG(s) 'dataset_alias_example_alias_producer_with_no_taskflow', 'dataset_alias_example_alias_consumer_with_no_taskflow', 'dataset_s3_bucket_consumer_with_no_taskflow', 'dataset_s3_bucket_producer_with_no_taskflow' retrieved from /home/airflow/.local/lib/python3.12/site-packages/airflow/example_dags/example_dataset_alias_with_no_taskflow.py
[2025-05-10T02:18:40.228+0000] {logging_mixin.py:190} INFO - [2025-05-10T02:18:40.227+0000] {dag.py:3239} INFO - Sync 4 DAGs
[2025-05-10T02:18:40.257+0000] {logging_mixin.py:190} INFO - [2025-05-10T02:18:40.257+0000] {dag.py:4180} INFO - Setting next_dagrun for dataset_alias_example_alias_consumer_with_no_taskflow to None, run_after=None
[2025-05-10T02:18:40.260+0000] {logging_mixin.py:190} INFO - [2025-05-10T02:18:40.260+0000] {dag.py:4180} INFO - Setting next_dagrun for dataset_alias_example_alias_producer_with_no_taskflow to None, run_after=None
[2025-05-10T02:18:40.261+0000] {logging_mixin.py:190} INFO - [2025-05-10T02:18:40.261+0000] {dag.py:4180} INFO - Setting next_dagrun for dataset_s3_bucket_consumer_with_no_taskflow to None, run_after=None
[2025-05-10T02:18:40.262+0000] {logging_mixin.py:190} INFO - [2025-05-10T02:18:40.262+0000] {dag.py:4180} INFO - Setting next_dagrun for dataset_s3_bucket_producer_with_no_taskflow to None, run_after=None
[2025-05-10T02:18:40.282+0000] {processor.py:208} INFO - Processing /home/airflow/.local/lib/python3.12/site-packages/airflow/example_dags/example_dataset_alias_with_no_taskflow.py took 0.419 seconds
[2025-05-10T02:19:11.053+0000] {processor.py:186} INFO - Started process (PID=68460) to work on /home/airflow/.local/lib/python3.12/site-packages/airflow/example_dags/example_dataset_alias_with_no_taskflow.py
[2025-05-10T02:19:11.054+0000] {processor.py:914} INFO - Processing file /home/airflow/.local/lib/python3.12/site-packages/airflow/example_dags/example_dataset_alias_with_no_taskflow.py for tasks to queue
[2025-05-10T02:19:11.055+0000] {logging_mixin.py:190} INFO - [2025-05-10T02:19:11.054+0000] {dagbag.py:588} INFO - Filling up the DagBag from /home/airflow/.local/lib/python3.12/site-packages/airflow/example_dags/example_dataset_alias_with_no_taskflow.py
[2025-05-10T02:19:11.418+0000] {processor.py:925} INFO - DAG(s) 'dataset_alias_example_alias_producer_with_no_taskflow', 'dataset_alias_example_alias_consumer_with_no_taskflow', 'dataset_s3_bucket_consumer_with_no_taskflow', 'dataset_s3_bucket_producer_with_no_taskflow' retrieved from /home/airflow/.local/lib/python3.12/site-packages/airflow/example_dags/example_dataset_alias_with_no_taskflow.py
[2025-05-10T02:19:11.439+0000] {logging_mixin.py:190} INFO - [2025-05-10T02:19:11.438+0000] {dag.py:3239} INFO - Sync 4 DAGs
[2025-05-10T02:19:11.465+0000] {logging_mixin.py:190} INFO - [2025-05-10T02:19:11.465+0000] {dag.py:4180} INFO - Setting next_dagrun for dataset_alias_example_alias_consumer_with_no_taskflow to None, run_after=None
[2025-05-10T02:19:11.468+0000] {logging_mixin.py:190} INFO - [2025-05-10T02:19:11.468+0000] {dag.py:4180} INFO - Setting next_dagrun for dataset_alias_example_alias_producer_with_no_taskflow to None, run_after=None
[2025-05-10T02:19:11.470+0000] {logging_mixin.py:190} INFO - [2025-05-10T02:19:11.469+0000] {dag.py:4180} INFO - Setting next_dagrun for dataset_s3_bucket_consumer_with_no_taskflow to None, run_after=None
[2025-05-10T02:19:11.471+0000] {logging_mixin.py:190} INFO - [2025-05-10T02:19:11.471+0000] {dag.py:4180} INFO - Setting next_dagrun for dataset_s3_bucket_producer_with_no_taskflow to None, run_after=None
[2025-05-10T02:19:11.494+0000] {processor.py:208} INFO - Processing /home/airflow/.local/lib/python3.12/site-packages/airflow/example_dags/example_dataset_alias_with_no_taskflow.py took 0.446 seconds
[2025-05-10T02:19:42.005+0000] {processor.py:186} INFO - Started process (PID=68542) to work on /home/airflow/.local/lib/python3.12/site-packages/airflow/example_dags/example_dataset_alias_with_no_taskflow.py
[2025-05-10T02:19:42.007+0000] {processor.py:914} INFO - Processing file /home/airflow/.local/lib/python3.12/site-packages/airflow/example_dags/example_dataset_alias_with_no_taskflow.py for tasks to queue
[2025-05-10T02:19:42.007+0000] {logging_mixin.py:190} INFO - [2025-05-10T02:19:42.007+0000] {dagbag.py:588} INFO - Filling up the DagBag from /home/airflow/.local/lib/python3.12/site-packages/airflow/example_dags/example_dataset_alias_with_no_taskflow.py
[2025-05-10T02:19:42.307+0000] {processor.py:925} INFO - DAG(s) 'dataset_alias_example_alias_consumer_with_no_taskflow', 'dataset_alias_example_alias_producer_with_no_taskflow', 'dataset_s3_bucket_producer_with_no_taskflow', 'dataset_s3_bucket_consumer_with_no_taskflow' retrieved from /home/airflow/.local/lib/python3.12/site-packages/airflow/example_dags/example_dataset_alias_with_no_taskflow.py
[2025-05-10T02:19:42.325+0000] {logging_mixin.py:190} INFO - [2025-05-10T02:19:42.324+0000] {dag.py:3239} INFO - Sync 4 DAGs
[2025-05-10T02:19:42.342+0000] {logging_mixin.py:190} INFO - [2025-05-10T02:19:42.342+0000] {dag.py:4180} INFO - Setting next_dagrun for dataset_alias_example_alias_consumer_with_no_taskflow to None, run_after=None
[2025-05-10T02:19:42.345+0000] {logging_mixin.py:190} INFO - [2025-05-10T02:19:42.345+0000] {dag.py:4180} INFO - Setting next_dagrun for dataset_alias_example_alias_producer_with_no_taskflow to None, run_after=None
[2025-05-10T02:19:42.346+0000] {logging_mixin.py:190} INFO - [2025-05-10T02:19:42.346+0000] {dag.py:4180} INFO - Setting next_dagrun for dataset_s3_bucket_consumer_with_no_taskflow to None, run_after=None
[2025-05-10T02:19:42.347+0000] {logging_mixin.py:190} INFO - [2025-05-10T02:19:42.347+0000] {dag.py:4180} INFO - Setting next_dagrun for dataset_s3_bucket_producer_with_no_taskflow to None, run_after=None
[2025-05-10T02:19:42.367+0000] {processor.py:208} INFO - Processing /home/airflow/.local/lib/python3.12/site-packages/airflow/example_dags/example_dataset_alias_with_no_taskflow.py took 0.366 seconds
[2025-05-10T02:20:12.449+0000] {processor.py:186} INFO - Started process (PID=68624) to work on /home/airflow/.local/lib/python3.12/site-packages/airflow/example_dags/example_dataset_alias_with_no_taskflow.py
[2025-05-10T02:20:12.449+0000] {processor.py:914} INFO - Processing file /home/airflow/.local/lib/python3.12/site-packages/airflow/example_dags/example_dataset_alias_with_no_taskflow.py for tasks to queue
[2025-05-10T02:20:12.450+0000] {logging_mixin.py:190} INFO - [2025-05-10T02:20:12.450+0000] {dagbag.py:588} INFO - Filling up the DagBag from /home/airflow/.local/lib/python3.12/site-packages/airflow/example_dags/example_dataset_alias_with_no_taskflow.py
[2025-05-10T02:20:12.721+0000] {processor.py:925} INFO - DAG(s) 'dataset_alias_example_alias_producer_with_no_taskflow', 'dataset_alias_example_alias_consumer_with_no_taskflow', 'dataset_s3_bucket_producer_with_no_taskflow', 'dataset_s3_bucket_consumer_with_no_taskflow' retrieved from /home/airflow/.local/lib/python3.12/site-packages/airflow/example_dags/example_dataset_alias_with_no_taskflow.py
[2025-05-10T02:20:12.735+0000] {logging_mixin.py:190} INFO - [2025-05-10T02:20:12.735+0000] {dag.py:3239} INFO - Sync 4 DAGs
[2025-05-10T02:20:12.749+0000] {logging_mixin.py:190} INFO - [2025-05-10T02:20:12.749+0000] {dag.py:4180} INFO - Setting next_dagrun for dataset_alias_example_alias_consumer_with_no_taskflow to None, run_after=None
[2025-05-10T02:20:12.751+0000] {logging_mixin.py:190} INFO - [2025-05-10T02:20:12.751+0000] {dag.py:4180} INFO - Setting next_dagrun for dataset_alias_example_alias_producer_with_no_taskflow to None, run_after=None
[2025-05-10T02:20:12.752+0000] {logging_mixin.py:190} INFO - [2025-05-10T02:20:12.752+0000] {dag.py:4180} INFO - Setting next_dagrun for dataset_s3_bucket_consumer_with_no_taskflow to None, run_after=None
[2025-05-10T02:20:12.753+0000] {logging_mixin.py:190} INFO - [2025-05-10T02:20:12.753+0000] {dag.py:4180} INFO - Setting next_dagrun for dataset_s3_bucket_producer_with_no_taskflow to None, run_after=None
[2025-05-10T02:20:12.775+0000] {processor.py:208} INFO - Processing /home/airflow/.local/lib/python3.12/site-packages/airflow/example_dags/example_dataset_alias_with_no_taskflow.py took 0.331 seconds
[2025-05-10T02:20:42.981+0000] {processor.py:186} INFO - Started process (PID=68705) to work on /home/airflow/.local/lib/python3.12/site-packages/airflow/example_dags/example_dataset_alias_with_no_taskflow.py
[2025-05-10T02:20:42.982+0000] {processor.py:914} INFO - Processing file /home/airflow/.local/lib/python3.12/site-packages/airflow/example_dags/example_dataset_alias_with_no_taskflow.py for tasks to queue
[2025-05-10T02:20:42.983+0000] {logging_mixin.py:190} INFO - [2025-05-10T02:20:42.983+0000] {dagbag.py:588} INFO - Filling up the DagBag from /home/airflow/.local/lib/python3.12/site-packages/airflow/example_dags/example_dataset_alias_with_no_taskflow.py
[2025-05-10T02:20:43.255+0000] {processor.py:925} INFO - DAG(s) 'dataset_s3_bucket_producer_with_no_taskflow', 'dataset_s3_bucket_consumer_with_no_taskflow', 'dataset_alias_example_alias_consumer_with_no_taskflow', 'dataset_alias_example_alias_producer_with_no_taskflow' retrieved from /home/airflow/.local/lib/python3.12/site-packages/airflow/example_dags/example_dataset_alias_with_no_taskflow.py
[2025-05-10T02:20:43.271+0000] {logging_mixin.py:190} INFO - [2025-05-10T02:20:43.270+0000] {dag.py:3239} INFO - Sync 4 DAGs
[2025-05-10T02:20:43.286+0000] {logging_mixin.py:190} INFO - [2025-05-10T02:20:43.286+0000] {dag.py:4180} INFO - Setting next_dagrun for dataset_alias_example_alias_consumer_with_no_taskflow to None, run_after=None
[2025-05-10T02:20:43.288+0000] {logging_mixin.py:190} INFO - [2025-05-10T02:20:43.288+0000] {dag.py:4180} INFO - Setting next_dagrun for dataset_alias_example_alias_producer_with_no_taskflow to None, run_after=None
[2025-05-10T02:20:43.289+0000] {logging_mixin.py:190} INFO - [2025-05-10T02:20:43.289+0000] {dag.py:4180} INFO - Setting next_dagrun for dataset_s3_bucket_consumer_with_no_taskflow to None, run_after=None
[2025-05-10T02:20:43.290+0000] {logging_mixin.py:190} INFO - [2025-05-10T02:20:43.290+0000] {dag.py:4180} INFO - Setting next_dagrun for dataset_s3_bucket_producer_with_no_taskflow to None, run_after=None
[2025-05-10T02:20:43.307+0000] {processor.py:208} INFO - Processing /home/airflow/.local/lib/python3.12/site-packages/airflow/example_dags/example_dataset_alias_with_no_taskflow.py took 0.330 seconds
[2025-05-10T04:20:40.210+0000] {processor.py:186} INFO - Started process (PID=68790) to work on /home/airflow/.local/lib/python3.12/site-packages/airflow/example_dags/example_dataset_alias_with_no_taskflow.py
[2025-05-10T04:20:40.211+0000] {processor.py:914} INFO - Processing file /home/airflow/.local/lib/python3.12/site-packages/airflow/example_dags/example_dataset_alias_with_no_taskflow.py for tasks to queue
[2025-05-10T04:20:40.212+0000] {logging_mixin.py:190} INFO - [2025-05-10T04:20:40.212+0000] {dagbag.py:588} INFO - Filling up the DagBag from /home/airflow/.local/lib/python3.12/site-packages/airflow/example_dags/example_dataset_alias_with_no_taskflow.py
[2025-05-10T04:20:40.549+0000] {processor.py:925} INFO - DAG(s) 'dataset_s3_bucket_consumer_with_no_taskflow', 'dataset_alias_example_alias_producer_with_no_taskflow', 'dataset_alias_example_alias_consumer_with_no_taskflow', 'dataset_s3_bucket_producer_with_no_taskflow' retrieved from /home/airflow/.local/lib/python3.12/site-packages/airflow/example_dags/example_dataset_alias_with_no_taskflow.py
[2025-05-10T04:20:40.579+0000] {logging_mixin.py:190} INFO - [2025-05-10T04:20:40.579+0000] {dag.py:3239} INFO - Sync 4 DAGs
[2025-05-10T04:20:40.603+0000] {logging_mixin.py:190} INFO - [2025-05-10T04:20:40.602+0000] {dag.py:4180} INFO - Setting next_dagrun for dataset_alias_example_alias_consumer_with_no_taskflow to None, run_after=None
[2025-05-10T04:20:40.606+0000] {logging_mixin.py:190} INFO - [2025-05-10T04:20:40.605+0000] {dag.py:4180} INFO - Setting next_dagrun for dataset_alias_example_alias_producer_with_no_taskflow to None, run_after=None
[2025-05-10T04:20:40.607+0000] {logging_mixin.py:190} INFO - [2025-05-10T04:20:40.607+0000] {dag.py:4180} INFO - Setting next_dagrun for dataset_s3_bucket_consumer_with_no_taskflow to None, run_after=None
[2025-05-10T04:20:40.609+0000] {logging_mixin.py:190} INFO - [2025-05-10T04:20:40.608+0000] {dag.py:4180} INFO - Setting next_dagrun for dataset_s3_bucket_producer_with_no_taskflow to None, run_after=None
[2025-05-10T04:20:40.635+0000] {processor.py:208} INFO - Processing /home/airflow/.local/lib/python3.12/site-packages/airflow/example_dags/example_dataset_alias_with_no_taskflow.py took 0.430 seconds
