[2025-05-10T01:19:39.415+0000] {processor.py:186} INFO - Started process (PID=67104) to work on /home/airflow/.local/lib/python3.12/site-packages/airflow/example_dags/example_dynamic_task_mapping.py
[2025-05-10T01:19:39.415+0000] {processor.py:914} INFO - Processing file /home/airflow/.local/lib/python3.12/site-packages/airflow/example_dags/example_dynamic_task_mapping.py for tasks to queue
[2025-05-10T01:19:39.416+0000] {logging_mixin.py:190} INFO - [2025-05-10T01:19:39.416+0000] {dagbag.py:588} INFO - Filling up the DagBag from /home/airflow/.local/lib/python3.12/site-packages/airflow/example_dags/example_dynamic_task_mapping.py
[2025-05-10T01:19:39.424+0000] {processor.py:925} INFO - DAG(s) 'example_dynamic_task_mapping' retrieved from /home/airflow/.local/lib/python3.12/site-packages/airflow/example_dags/example_dynamic_task_mapping.py
[2025-05-10T01:19:39.439+0000] {logging_mixin.py:190} INFO - [2025-05-10T01:19:39.439+0000] {dag.py:3239} INFO - Sync 1 DAGs
[2025-05-10T01:19:39.451+0000] {logging_mixin.py:190} INFO - [2025-05-10T01:19:39.451+0000] {dag.py:4180} INFO - Setting next_dagrun for example_dynamic_task_mapping to None, run_after=None
[2025-05-10T01:19:39.468+0000] {processor.py:208} INFO - Processing /home/airflow/.local/lib/python3.12/site-packages/airflow/example_dags/example_dynamic_task_mapping.py took 0.058 seconds
[2025-05-10T01:20:10.515+0000] {processor.py:186} INFO - Started process (PID=67186) to work on /home/airflow/.local/lib/python3.12/site-packages/airflow/example_dags/example_dynamic_task_mapping.py
[2025-05-10T01:20:10.516+0000] {processor.py:914} INFO - Processing file /home/airflow/.local/lib/python3.12/site-packages/airflow/example_dags/example_dynamic_task_mapping.py for tasks to queue
[2025-05-10T01:20:10.517+0000] {logging_mixin.py:190} INFO - [2025-05-10T01:20:10.516+0000] {dagbag.py:588} INFO - Filling up the DagBag from /home/airflow/.local/lib/python3.12/site-packages/airflow/example_dags/example_dynamic_task_mapping.py
[2025-05-10T01:20:10.522+0000] {processor.py:925} INFO - DAG(s) 'example_dynamic_task_mapping' retrieved from /home/airflow/.local/lib/python3.12/site-packages/airflow/example_dags/example_dynamic_task_mapping.py
[2025-05-10T01:20:10.542+0000] {logging_mixin.py:190} INFO - [2025-05-10T01:20:10.542+0000] {dag.py:3239} INFO - Sync 1 DAGs
[2025-05-10T01:20:10.559+0000] {logging_mixin.py:190} INFO - [2025-05-10T01:20:10.559+0000] {dag.py:4180} INFO - Setting next_dagrun for example_dynamic_task_mapping to None, run_after=None
[2025-05-10T01:20:10.581+0000] {processor.py:208} INFO - Processing /home/airflow/.local/lib/python3.12/site-packages/airflow/example_dags/example_dynamic_task_mapping.py took 0.072 seconds
[2025-05-10T01:20:41.692+0000] {processor.py:186} INFO - Started process (PID=67276) to work on /home/airflow/.local/lib/python3.12/site-packages/airflow/example_dags/example_dynamic_task_mapping.py
[2025-05-10T01:20:41.693+0000] {processor.py:914} INFO - Processing file /home/airflow/.local/lib/python3.12/site-packages/airflow/example_dags/example_dynamic_task_mapping.py for tasks to queue
[2025-05-10T01:20:41.693+0000] {logging_mixin.py:190} INFO - [2025-05-10T01:20:41.693+0000] {dagbag.py:588} INFO - Filling up the DagBag from /home/airflow/.local/lib/python3.12/site-packages/airflow/example_dags/example_dynamic_task_mapping.py
[2025-05-10T01:20:41.698+0000] {processor.py:925} INFO - DAG(s) 'example_dynamic_task_mapping' retrieved from /home/airflow/.local/lib/python3.12/site-packages/airflow/example_dags/example_dynamic_task_mapping.py
[2025-05-10T01:20:41.712+0000] {logging_mixin.py:190} INFO - [2025-05-10T01:20:41.712+0000] {dag.py:3239} INFO - Sync 1 DAGs
[2025-05-10T01:20:41.722+0000] {logging_mixin.py:190} INFO - [2025-05-10T01:20:41.721+0000] {dag.py:4180} INFO - Setting next_dagrun for example_dynamic_task_mapping to None, run_after=None
[2025-05-10T01:20:41.740+0000] {processor.py:208} INFO - Processing /home/airflow/.local/lib/python3.12/site-packages/airflow/example_dags/example_dynamic_task_mapping.py took 0.052 seconds
[2025-05-10T01:21:13.040+0000] {processor.py:186} INFO - Started process (PID=67369) to work on /home/airflow/.local/lib/python3.12/site-packages/airflow/example_dags/example_dynamic_task_mapping.py
[2025-05-10T01:21:13.041+0000] {processor.py:914} INFO - Processing file /home/airflow/.local/lib/python3.12/site-packages/airflow/example_dags/example_dynamic_task_mapping.py for tasks to queue
[2025-05-10T01:21:13.042+0000] {logging_mixin.py:190} INFO - [2025-05-10T01:21:13.041+0000] {dagbag.py:588} INFO - Filling up the DagBag from /home/airflow/.local/lib/python3.12/site-packages/airflow/example_dags/example_dynamic_task_mapping.py
[2025-05-10T01:21:13.046+0000] {processor.py:925} INFO - DAG(s) 'example_dynamic_task_mapping' retrieved from /home/airflow/.local/lib/python3.12/site-packages/airflow/example_dags/example_dynamic_task_mapping.py
[2025-05-10T01:21:13.060+0000] {logging_mixin.py:190} INFO - [2025-05-10T01:21:13.060+0000] {dag.py:3239} INFO - Sync 1 DAGs
[2025-05-10T01:21:13.069+0000] {logging_mixin.py:190} INFO - [2025-05-10T01:21:13.069+0000] {dag.py:4180} INFO - Setting next_dagrun for example_dynamic_task_mapping to None, run_after=None
[2025-05-10T01:21:13.082+0000] {processor.py:208} INFO - Processing /home/airflow/.local/lib/python3.12/site-packages/airflow/example_dags/example_dynamic_task_mapping.py took 0.046 seconds
[2025-05-10T01:21:43.846+0000] {processor.py:186} INFO - Started process (PID=67452) to work on /home/airflow/.local/lib/python3.12/site-packages/airflow/example_dags/example_dynamic_task_mapping.py
[2025-05-10T01:21:43.847+0000] {processor.py:914} INFO - Processing file /home/airflow/.local/lib/python3.12/site-packages/airflow/example_dags/example_dynamic_task_mapping.py for tasks to queue
[2025-05-10T01:21:43.848+0000] {logging_mixin.py:190} INFO - [2025-05-10T01:21:43.848+0000] {dagbag.py:588} INFO - Filling up the DagBag from /home/airflow/.local/lib/python3.12/site-packages/airflow/example_dags/example_dynamic_task_mapping.py
[2025-05-10T01:21:43.852+0000] {processor.py:925} INFO - DAG(s) 'example_dynamic_task_mapping' retrieved from /home/airflow/.local/lib/python3.12/site-packages/airflow/example_dags/example_dynamic_task_mapping.py
[2025-05-10T01:21:43.866+0000] {logging_mixin.py:190} INFO - [2025-05-10T01:21:43.866+0000] {dag.py:3239} INFO - Sync 1 DAGs
[2025-05-10T01:21:43.875+0000] {logging_mixin.py:190} INFO - [2025-05-10T01:21:43.875+0000] {dag.py:4180} INFO - Setting next_dagrun for example_dynamic_task_mapping to None, run_after=None
[2025-05-10T01:21:43.888+0000] {processor.py:208} INFO - Processing /home/airflow/.local/lib/python3.12/site-packages/airflow/example_dags/example_dynamic_task_mapping.py took 0.046 seconds
[2025-05-10T01:22:14.562+0000] {processor.py:186} INFO - Started process (PID=67535) to work on /home/airflow/.local/lib/python3.12/site-packages/airflow/example_dags/example_dynamic_task_mapping.py
[2025-05-10T01:22:14.563+0000] {processor.py:914} INFO - Processing file /home/airflow/.local/lib/python3.12/site-packages/airflow/example_dags/example_dynamic_task_mapping.py for tasks to queue
[2025-05-10T01:22:14.564+0000] {logging_mixin.py:190} INFO - [2025-05-10T01:22:14.563+0000] {dagbag.py:588} INFO - Filling up the DagBag from /home/airflow/.local/lib/python3.12/site-packages/airflow/example_dags/example_dynamic_task_mapping.py
[2025-05-10T01:22:14.568+0000] {processor.py:925} INFO - DAG(s) 'example_dynamic_task_mapping' retrieved from /home/airflow/.local/lib/python3.12/site-packages/airflow/example_dags/example_dynamic_task_mapping.py
[2025-05-10T01:22:14.582+0000] {logging_mixin.py:190} INFO - [2025-05-10T01:22:14.582+0000] {dag.py:3239} INFO - Sync 1 DAGs
[2025-05-10T01:22:14.590+0000] {logging_mixin.py:190} INFO - [2025-05-10T01:22:14.590+0000] {dag.py:4180} INFO - Setting next_dagrun for example_dynamic_task_mapping to None, run_after=None
[2025-05-10T01:22:14.602+0000] {processor.py:208} INFO - Processing /home/airflow/.local/lib/python3.12/site-packages/airflow/example_dags/example_dynamic_task_mapping.py took 0.045 seconds
[2025-05-10T01:22:45.458+0000] {processor.py:186} INFO - Started process (PID=67617) to work on /home/airflow/.local/lib/python3.12/site-packages/airflow/example_dags/example_dynamic_task_mapping.py
[2025-05-10T01:22:45.459+0000] {processor.py:914} INFO - Processing file /home/airflow/.local/lib/python3.12/site-packages/airflow/example_dags/example_dynamic_task_mapping.py for tasks to queue
[2025-05-10T01:22:45.460+0000] {logging_mixin.py:190} INFO - [2025-05-10T01:22:45.459+0000] {dagbag.py:588} INFO - Filling up the DagBag from /home/airflow/.local/lib/python3.12/site-packages/airflow/example_dags/example_dynamic_task_mapping.py
[2025-05-10T01:22:45.464+0000] {processor.py:925} INFO - DAG(s) 'example_dynamic_task_mapping' retrieved from /home/airflow/.local/lib/python3.12/site-packages/airflow/example_dags/example_dynamic_task_mapping.py
[2025-05-10T01:22:45.478+0000] {logging_mixin.py:190} INFO - [2025-05-10T01:22:45.478+0000] {dag.py:3239} INFO - Sync 1 DAGs
[2025-05-10T01:22:45.488+0000] {logging_mixin.py:190} INFO - [2025-05-10T01:22:45.488+0000] {dag.py:4180} INFO - Setting next_dagrun for example_dynamic_task_mapping to None, run_after=None
[2025-05-10T01:22:45.499+0000] {processor.py:208} INFO - Processing /home/airflow/.local/lib/python3.12/site-packages/airflow/example_dags/example_dynamic_task_mapping.py took 0.047 seconds
[2025-05-10T01:23:16.163+0000] {processor.py:186} INFO - Started process (PID=67699) to work on /home/airflow/.local/lib/python3.12/site-packages/airflow/example_dags/example_dynamic_task_mapping.py
[2025-05-10T01:23:16.164+0000] {processor.py:914} INFO - Processing file /home/airflow/.local/lib/python3.12/site-packages/airflow/example_dags/example_dynamic_task_mapping.py for tasks to queue
[2025-05-10T01:23:16.165+0000] {logging_mixin.py:190} INFO - [2025-05-10T01:23:16.164+0000] {dagbag.py:588} INFO - Filling up the DagBag from /home/airflow/.local/lib/python3.12/site-packages/airflow/example_dags/example_dynamic_task_mapping.py
[2025-05-10T01:23:16.169+0000] {processor.py:925} INFO - DAG(s) 'example_dynamic_task_mapping' retrieved from /home/airflow/.local/lib/python3.12/site-packages/airflow/example_dags/example_dynamic_task_mapping.py
[2025-05-10T01:23:16.182+0000] {logging_mixin.py:190} INFO - [2025-05-10T01:23:16.182+0000] {dag.py:3239} INFO - Sync 1 DAGs
[2025-05-10T01:23:16.192+0000] {logging_mixin.py:190} INFO - [2025-05-10T01:23:16.192+0000] {dag.py:4180} INFO - Setting next_dagrun for example_dynamic_task_mapping to None, run_after=None
[2025-05-10T01:23:16.205+0000] {processor.py:208} INFO - Processing /home/airflow/.local/lib/python3.12/site-packages/airflow/example_dags/example_dynamic_task_mapping.py took 0.046 seconds
[2025-05-10T01:23:46.737+0000] {processor.py:186} INFO - Started process (PID=67781) to work on /home/airflow/.local/lib/python3.12/site-packages/airflow/example_dags/example_dynamic_task_mapping.py
[2025-05-10T01:23:46.738+0000] {processor.py:914} INFO - Processing file /home/airflow/.local/lib/python3.12/site-packages/airflow/example_dags/example_dynamic_task_mapping.py for tasks to queue
[2025-05-10T01:23:46.739+0000] {logging_mixin.py:190} INFO - [2025-05-10T01:23:46.739+0000] {dagbag.py:588} INFO - Filling up the DagBag from /home/airflow/.local/lib/python3.12/site-packages/airflow/example_dags/example_dynamic_task_mapping.py
[2025-05-10T01:23:46.743+0000] {processor.py:925} INFO - DAG(s) 'example_dynamic_task_mapping' retrieved from /home/airflow/.local/lib/python3.12/site-packages/airflow/example_dags/example_dynamic_task_mapping.py
[2025-05-10T01:23:46.757+0000] {logging_mixin.py:190} INFO - [2025-05-10T01:23:46.757+0000] {dag.py:3239} INFO - Sync 1 DAGs
[2025-05-10T01:23:46.766+0000] {logging_mixin.py:190} INFO - [2025-05-10T01:23:46.766+0000] {dag.py:4180} INFO - Setting next_dagrun for example_dynamic_task_mapping to None, run_after=None
[2025-05-10T01:23:46.777+0000] {processor.py:208} INFO - Processing /home/airflow/.local/lib/python3.12/site-packages/airflow/example_dags/example_dynamic_task_mapping.py took 0.044 seconds
[2025-05-10T01:24:17.457+0000] {processor.py:186} INFO - Started process (PID=67863) to work on /home/airflow/.local/lib/python3.12/site-packages/airflow/example_dags/example_dynamic_task_mapping.py
[2025-05-10T01:24:17.458+0000] {processor.py:914} INFO - Processing file /home/airflow/.local/lib/python3.12/site-packages/airflow/example_dags/example_dynamic_task_mapping.py for tasks to queue
[2025-05-10T01:24:17.459+0000] {logging_mixin.py:190} INFO - [2025-05-10T01:24:17.459+0000] {dagbag.py:588} INFO - Filling up the DagBag from /home/airflow/.local/lib/python3.12/site-packages/airflow/example_dags/example_dynamic_task_mapping.py
[2025-05-10T01:24:17.464+0000] {processor.py:925} INFO - DAG(s) 'example_dynamic_task_mapping' retrieved from /home/airflow/.local/lib/python3.12/site-packages/airflow/example_dags/example_dynamic_task_mapping.py
[2025-05-10T01:24:17.478+0000] {logging_mixin.py:190} INFO - [2025-05-10T01:24:17.478+0000] {dag.py:3239} INFO - Sync 1 DAGs
[2025-05-10T01:24:17.487+0000] {logging_mixin.py:190} INFO - [2025-05-10T01:24:17.487+0000] {dag.py:4180} INFO - Setting next_dagrun for example_dynamic_task_mapping to None, run_after=None
[2025-05-10T01:24:17.498+0000] {processor.py:208} INFO - Processing /home/airflow/.local/lib/python3.12/site-packages/airflow/example_dags/example_dynamic_task_mapping.py took 0.045 seconds
[2025-05-10T01:24:48.297+0000] {processor.py:186} INFO - Started process (PID=67945) to work on /home/airflow/.local/lib/python3.12/site-packages/airflow/example_dags/example_dynamic_task_mapping.py
[2025-05-10T01:24:48.298+0000] {processor.py:914} INFO - Processing file /home/airflow/.local/lib/python3.12/site-packages/airflow/example_dags/example_dynamic_task_mapping.py for tasks to queue
[2025-05-10T01:24:48.299+0000] {logging_mixin.py:190} INFO - [2025-05-10T01:24:48.298+0000] {dagbag.py:588} INFO - Filling up the DagBag from /home/airflow/.local/lib/python3.12/site-packages/airflow/example_dags/example_dynamic_task_mapping.py
[2025-05-10T01:24:48.303+0000] {processor.py:925} INFO - DAG(s) 'example_dynamic_task_mapping' retrieved from /home/airflow/.local/lib/python3.12/site-packages/airflow/example_dags/example_dynamic_task_mapping.py
[2025-05-10T01:24:48.319+0000] {logging_mixin.py:190} INFO - [2025-05-10T01:24:48.319+0000] {dag.py:3239} INFO - Sync 1 DAGs
[2025-05-10T01:24:48.328+0000] {logging_mixin.py:190} INFO - [2025-05-10T01:24:48.328+0000] {dag.py:4180} INFO - Setting next_dagrun for example_dynamic_task_mapping to None, run_after=None
[2025-05-10T01:24:48.341+0000] {processor.py:208} INFO - Processing /home/airflow/.local/lib/python3.12/site-packages/airflow/example_dags/example_dynamic_task_mapping.py took 0.049 seconds
[2025-05-10T01:25:18.933+0000] {processor.py:186} INFO - Started process (PID=68027) to work on /home/airflow/.local/lib/python3.12/site-packages/airflow/example_dags/example_dynamic_task_mapping.py
[2025-05-10T01:25:18.934+0000] {processor.py:914} INFO - Processing file /home/airflow/.local/lib/python3.12/site-packages/airflow/example_dags/example_dynamic_task_mapping.py for tasks to queue
[2025-05-10T01:25:18.935+0000] {logging_mixin.py:190} INFO - [2025-05-10T01:25:18.935+0000] {dagbag.py:588} INFO - Filling up the DagBag from /home/airflow/.local/lib/python3.12/site-packages/airflow/example_dags/example_dynamic_task_mapping.py
[2025-05-10T01:25:18.940+0000] {processor.py:925} INFO - DAG(s) 'example_dynamic_task_mapping' retrieved from /home/airflow/.local/lib/python3.12/site-packages/airflow/example_dags/example_dynamic_task_mapping.py
[2025-05-10T01:25:18.953+0000] {logging_mixin.py:190} INFO - [2025-05-10T01:25:18.953+0000] {dag.py:3239} INFO - Sync 1 DAGs
[2025-05-10T01:25:18.962+0000] {logging_mixin.py:190} INFO - [2025-05-10T01:25:18.962+0000] {dag.py:4180} INFO - Setting next_dagrun for example_dynamic_task_mapping to None, run_after=None
[2025-05-10T01:25:18.976+0000] {processor.py:208} INFO - Processing /home/airflow/.local/lib/python3.12/site-packages/airflow/example_dags/example_dynamic_task_mapping.py took 0.047 seconds
[2025-05-10T01:25:49.516+0000] {processor.py:186} INFO - Started process (PID=68109) to work on /home/airflow/.local/lib/python3.12/site-packages/airflow/example_dags/example_dynamic_task_mapping.py
[2025-05-10T01:25:49.517+0000] {processor.py:914} INFO - Processing file /home/airflow/.local/lib/python3.12/site-packages/airflow/example_dags/example_dynamic_task_mapping.py for tasks to queue
[2025-05-10T01:25:49.518+0000] {logging_mixin.py:190} INFO - [2025-05-10T01:25:49.518+0000] {dagbag.py:588} INFO - Filling up the DagBag from /home/airflow/.local/lib/python3.12/site-packages/airflow/example_dags/example_dynamic_task_mapping.py
[2025-05-10T01:25:49.523+0000] {processor.py:925} INFO - DAG(s) 'example_dynamic_task_mapping' retrieved from /home/airflow/.local/lib/python3.12/site-packages/airflow/example_dags/example_dynamic_task_mapping.py
[2025-05-10T01:25:49.537+0000] {logging_mixin.py:190} INFO - [2025-05-10T01:25:49.537+0000] {dag.py:3239} INFO - Sync 1 DAGs
[2025-05-10T01:25:49.546+0000] {logging_mixin.py:190} INFO - [2025-05-10T01:25:49.546+0000] {dag.py:4180} INFO - Setting next_dagrun for example_dynamic_task_mapping to None, run_after=None
[2025-05-10T01:25:49.557+0000] {processor.py:208} INFO - Processing /home/airflow/.local/lib/python3.12/site-packages/airflow/example_dags/example_dynamic_task_mapping.py took 0.045 seconds
[2025-05-10T01:26:19.930+0000] {processor.py:186} INFO - Started process (PID=68191) to work on /home/airflow/.local/lib/python3.12/site-packages/airflow/example_dags/example_dynamic_task_mapping.py
[2025-05-10T01:26:19.931+0000] {processor.py:914} INFO - Processing file /home/airflow/.local/lib/python3.12/site-packages/airflow/example_dags/example_dynamic_task_mapping.py for tasks to queue
[2025-05-10T01:26:19.932+0000] {logging_mixin.py:190} INFO - [2025-05-10T01:26:19.932+0000] {dagbag.py:588} INFO - Filling up the DagBag from /home/airflow/.local/lib/python3.12/site-packages/airflow/example_dags/example_dynamic_task_mapping.py
[2025-05-10T01:26:19.936+0000] {processor.py:925} INFO - DAG(s) 'example_dynamic_task_mapping' retrieved from /home/airflow/.local/lib/python3.12/site-packages/airflow/example_dags/example_dynamic_task_mapping.py
[2025-05-10T01:26:19.950+0000] {logging_mixin.py:190} INFO - [2025-05-10T01:26:19.950+0000] {dag.py:3239} INFO - Sync 1 DAGs
[2025-05-10T01:26:19.959+0000] {logging_mixin.py:190} INFO - [2025-05-10T01:26:19.959+0000] {dag.py:4180} INFO - Setting next_dagrun for example_dynamic_task_mapping to None, run_after=None
[2025-05-10T01:26:19.970+0000] {processor.py:208} INFO - Processing /home/airflow/.local/lib/python3.12/site-packages/airflow/example_dags/example_dynamic_task_mapping.py took 0.045 seconds
[2025-05-10T01:26:50.579+0000] {processor.py:186} INFO - Started process (PID=68273) to work on /home/airflow/.local/lib/python3.12/site-packages/airflow/example_dags/example_dynamic_task_mapping.py
[2025-05-10T01:26:50.580+0000] {processor.py:914} INFO - Processing file /home/airflow/.local/lib/python3.12/site-packages/airflow/example_dags/example_dynamic_task_mapping.py for tasks to queue
[2025-05-10T01:26:50.581+0000] {logging_mixin.py:190} INFO - [2025-05-10T01:26:50.581+0000] {dagbag.py:588} INFO - Filling up the DagBag from /home/airflow/.local/lib/python3.12/site-packages/airflow/example_dags/example_dynamic_task_mapping.py
[2025-05-10T01:26:50.586+0000] {processor.py:925} INFO - DAG(s) 'example_dynamic_task_mapping' retrieved from /home/airflow/.local/lib/python3.12/site-packages/airflow/example_dags/example_dynamic_task_mapping.py
[2025-05-10T01:26:50.602+0000] {logging_mixin.py:190} INFO - [2025-05-10T01:26:50.602+0000] {dag.py:3239} INFO - Sync 1 DAGs
[2025-05-10T01:26:50.611+0000] {logging_mixin.py:190} INFO - [2025-05-10T01:26:50.611+0000] {dag.py:4180} INFO - Setting next_dagrun for example_dynamic_task_mapping to None, run_after=None
[2025-05-10T01:26:50.625+0000] {processor.py:208} INFO - Processing /home/airflow/.local/lib/python3.12/site-packages/airflow/example_dags/example_dynamic_task_mapping.py took 0.050 seconds
[2025-05-10T02:18:40.821+0000] {processor.py:186} INFO - Started process (PID=68390) to work on /home/airflow/.local/lib/python3.12/site-packages/airflow/example_dags/example_dynamic_task_mapping.py
[2025-05-10T02:18:40.822+0000] {processor.py:914} INFO - Processing file /home/airflow/.local/lib/python3.12/site-packages/airflow/example_dags/example_dynamic_task_mapping.py for tasks to queue
[2025-05-10T02:18:40.823+0000] {logging_mixin.py:190} INFO - [2025-05-10T02:18:40.823+0000] {dagbag.py:588} INFO - Filling up the DagBag from /home/airflow/.local/lib/python3.12/site-packages/airflow/example_dags/example_dynamic_task_mapping.py
[2025-05-10T02:18:40.828+0000] {processor.py:925} INFO - DAG(s) 'example_dynamic_task_mapping' retrieved from /home/airflow/.local/lib/python3.12/site-packages/airflow/example_dags/example_dynamic_task_mapping.py
[2025-05-10T02:18:40.845+0000] {logging_mixin.py:190} INFO - [2025-05-10T02:18:40.845+0000] {dag.py:3239} INFO - Sync 1 DAGs
[2025-05-10T02:18:40.855+0000] {logging_mixin.py:190} INFO - [2025-05-10T02:18:40.855+0000] {dag.py:4180} INFO - Setting next_dagrun for example_dynamic_task_mapping to None, run_after=None
[2025-05-10T02:18:40.868+0000] {processor.py:208} INFO - Processing /home/airflow/.local/lib/python3.12/site-packages/airflow/example_dags/example_dynamic_task_mapping.py took 0.053 seconds
[2025-05-10T02:19:12.037+0000] {processor.py:186} INFO - Started process (PID=68472) to work on /home/airflow/.local/lib/python3.12/site-packages/airflow/example_dags/example_dynamic_task_mapping.py
[2025-05-10T02:19:12.038+0000] {processor.py:914} INFO - Processing file /home/airflow/.local/lib/python3.12/site-packages/airflow/example_dags/example_dynamic_task_mapping.py for tasks to queue
[2025-05-10T02:19:12.039+0000] {logging_mixin.py:190} INFO - [2025-05-10T02:19:12.038+0000] {dagbag.py:588} INFO - Filling up the DagBag from /home/airflow/.local/lib/python3.12/site-packages/airflow/example_dags/example_dynamic_task_mapping.py
[2025-05-10T02:19:12.043+0000] {processor.py:925} INFO - DAG(s) 'example_dynamic_task_mapping' retrieved from /home/airflow/.local/lib/python3.12/site-packages/airflow/example_dags/example_dynamic_task_mapping.py
[2025-05-10T02:19:12.059+0000] {logging_mixin.py:190} INFO - [2025-05-10T02:19:12.059+0000] {dag.py:3239} INFO - Sync 1 DAGs
[2025-05-10T02:19:12.068+0000] {logging_mixin.py:190} INFO - [2025-05-10T02:19:12.068+0000] {dag.py:4180} INFO - Setting next_dagrun for example_dynamic_task_mapping to None, run_after=None
[2025-05-10T02:19:12.082+0000] {processor.py:208} INFO - Processing /home/airflow/.local/lib/python3.12/site-packages/airflow/example_dags/example_dynamic_task_mapping.py took 0.050 seconds
[2025-05-10T02:19:43.090+0000] {processor.py:186} INFO - Started process (PID=68554) to work on /home/airflow/.local/lib/python3.12/site-packages/airflow/example_dags/example_dynamic_task_mapping.py
[2025-05-10T02:19:43.091+0000] {processor.py:914} INFO - Processing file /home/airflow/.local/lib/python3.12/site-packages/airflow/example_dags/example_dynamic_task_mapping.py for tasks to queue
[2025-05-10T02:19:43.091+0000] {logging_mixin.py:190} INFO - [2025-05-10T02:19:43.091+0000] {dagbag.py:588} INFO - Filling up the DagBag from /home/airflow/.local/lib/python3.12/site-packages/airflow/example_dags/example_dynamic_task_mapping.py
[2025-05-10T02:19:43.096+0000] {processor.py:925} INFO - DAG(s) 'example_dynamic_task_mapping' retrieved from /home/airflow/.local/lib/python3.12/site-packages/airflow/example_dags/example_dynamic_task_mapping.py
[2025-05-10T02:19:43.110+0000] {logging_mixin.py:190} INFO - [2025-05-10T02:19:43.110+0000] {dag.py:3239} INFO - Sync 1 DAGs
[2025-05-10T02:19:43.120+0000] {logging_mixin.py:190} INFO - [2025-05-10T02:19:43.119+0000] {dag.py:4180} INFO - Setting next_dagrun for example_dynamic_task_mapping to None, run_after=None
[2025-05-10T02:19:43.131+0000] {processor.py:208} INFO - Processing /home/airflow/.local/lib/python3.12/site-packages/airflow/example_dags/example_dynamic_task_mapping.py took 0.047 seconds
[2025-05-10T02:20:13.346+0000] {processor.py:186} INFO - Started process (PID=68636) to work on /home/airflow/.local/lib/python3.12/site-packages/airflow/example_dags/example_dynamic_task_mapping.py
[2025-05-10T02:20:13.346+0000] {processor.py:914} INFO - Processing file /home/airflow/.local/lib/python3.12/site-packages/airflow/example_dags/example_dynamic_task_mapping.py for tasks to queue
[2025-05-10T02:20:13.347+0000] {logging_mixin.py:190} INFO - [2025-05-10T02:20:13.347+0000] {dagbag.py:588} INFO - Filling up the DagBag from /home/airflow/.local/lib/python3.12/site-packages/airflow/example_dags/example_dynamic_task_mapping.py
[2025-05-10T02:20:13.351+0000] {processor.py:925} INFO - DAG(s) 'example_dynamic_task_mapping' retrieved from /home/airflow/.local/lib/python3.12/site-packages/airflow/example_dags/example_dynamic_task_mapping.py
[2025-05-10T02:20:13.366+0000] {logging_mixin.py:190} INFO - [2025-05-10T02:20:13.366+0000] {dag.py:3239} INFO - Sync 1 DAGs
[2025-05-10T02:20:13.375+0000] {logging_mixin.py:190} INFO - [2025-05-10T02:20:13.375+0000] {dag.py:4180} INFO - Setting next_dagrun for example_dynamic_task_mapping to None, run_after=None
[2025-05-10T02:20:13.388+0000] {processor.py:208} INFO - Processing /home/airflow/.local/lib/python3.12/site-packages/airflow/example_dags/example_dynamic_task_mapping.py took 0.047 seconds
[2025-05-10T02:20:43.748+0000] {processor.py:186} INFO - Started process (PID=68718) to work on /home/airflow/.local/lib/python3.12/site-packages/airflow/example_dags/example_dynamic_task_mapping.py
[2025-05-10T02:20:43.749+0000] {processor.py:914} INFO - Processing file /home/airflow/.local/lib/python3.12/site-packages/airflow/example_dags/example_dynamic_task_mapping.py for tasks to queue
[2025-05-10T02:20:43.749+0000] {logging_mixin.py:190} INFO - [2025-05-10T02:20:43.749+0000] {dagbag.py:588} INFO - Filling up the DagBag from /home/airflow/.local/lib/python3.12/site-packages/airflow/example_dags/example_dynamic_task_mapping.py
[2025-05-10T02:20:43.754+0000] {processor.py:925} INFO - DAG(s) 'example_dynamic_task_mapping' retrieved from /home/airflow/.local/lib/python3.12/site-packages/airflow/example_dags/example_dynamic_task_mapping.py
[2025-05-10T02:20:43.767+0000] {logging_mixin.py:190} INFO - [2025-05-10T02:20:43.767+0000] {dag.py:3239} INFO - Sync 1 DAGs
[2025-05-10T02:20:43.776+0000] {logging_mixin.py:190} INFO - [2025-05-10T02:20:43.776+0000] {dag.py:4180} INFO - Setting next_dagrun for example_dynamic_task_mapping to None, run_after=None
[2025-05-10T02:20:43.787+0000] {processor.py:208} INFO - Processing /home/airflow/.local/lib/python3.12/site-packages/airflow/example_dags/example_dynamic_task_mapping.py took 0.044 seconds
[2025-05-10T04:20:41.299+0000] {processor.py:186} INFO - Started process (PID=68806) to work on /home/airflow/.local/lib/python3.12/site-packages/airflow/example_dags/example_dynamic_task_mapping.py
[2025-05-10T04:20:41.303+0000] {processor.py:914} INFO - Processing file /home/airflow/.local/lib/python3.12/site-packages/airflow/example_dags/example_dynamic_task_mapping.py for tasks to queue
[2025-05-10T04:20:41.304+0000] {logging_mixin.py:190} INFO - [2025-05-10T04:20:41.304+0000] {dagbag.py:588} INFO - Filling up the DagBag from /home/airflow/.local/lib/python3.12/site-packages/airflow/example_dags/example_dynamic_task_mapping.py
[2025-05-10T04:20:41.309+0000] {processor.py:925} INFO - DAG(s) 'example_dynamic_task_mapping' retrieved from /home/airflow/.local/lib/python3.12/site-packages/airflow/example_dags/example_dynamic_task_mapping.py
[2025-05-10T04:20:41.325+0000] {logging_mixin.py:190} INFO - [2025-05-10T04:20:41.324+0000] {dag.py:3239} INFO - Sync 1 DAGs
[2025-05-10T04:20:41.335+0000] {logging_mixin.py:190} INFO - [2025-05-10T04:20:41.335+0000] {dag.py:4180} INFO - Setting next_dagrun for example_dynamic_task_mapping to None, run_after=None
[2025-05-10T04:20:41.351+0000] {processor.py:208} INFO - Processing /home/airflow/.local/lib/python3.12/site-packages/airflow/example_dags/example_dynamic_task_mapping.py took 0.057 seconds
