[2025-05-10T01:19:39.493+0000] {processor.py:186} INFO - Started process (PID=67106) to work on /home/airflow/.local/lib/python3.12/site-packages/airflow/example_dags/tutorial_dag.py
[2025-05-10T01:19:39.494+0000] {processor.py:914} INFO - Processing file /home/airflow/.local/lib/python3.12/site-packages/airflow/example_dags/tutorial_dag.py for tasks to queue
[2025-05-10T01:19:39.495+0000] {logging_mixin.py:190} INFO - [2025-05-10T01:19:39.495+0000] {dagbag.py:588} INFO - Filling up the DagBag from /home/airflow/.local/lib/python3.12/site-packages/airflow/example_dags/tutorial_dag.py
[2025-05-10T01:19:39.499+0000] {processor.py:925} INFO - DAG(s) 'tutorial_dag' retrieved from /home/airflow/.local/lib/python3.12/site-packages/airflow/example_dags/tutorial_dag.py
[2025-05-10T01:19:39.517+0000] {logging_mixin.py:190} INFO - [2025-05-10T01:19:39.517+0000] {dag.py:3239} INFO - Sync 1 DAGs
[2025-05-10T01:19:39.529+0000] {logging_mixin.py:190} INFO - [2025-05-10T01:19:39.528+0000] {dag.py:4180} INFO - Setting next_dagrun for tutorial_dag to None, run_after=None
[2025-05-10T01:19:39.544+0000] {processor.py:208} INFO - Processing /home/airflow/.local/lib/python3.12/site-packages/airflow/example_dags/tutorial_dag.py took 0.055 seconds
[2025-05-10T01:20:10.704+0000] {processor.py:186} INFO - Started process (PID=67188) to work on /home/airflow/.local/lib/python3.12/site-packages/airflow/example_dags/tutorial_dag.py
[2025-05-10T01:20:10.705+0000] {processor.py:914} INFO - Processing file /home/airflow/.local/lib/python3.12/site-packages/airflow/example_dags/tutorial_dag.py for tasks to queue
[2025-05-10T01:20:10.706+0000] {logging_mixin.py:190} INFO - [2025-05-10T01:20:10.706+0000] {dagbag.py:588} INFO - Filling up the DagBag from /home/airflow/.local/lib/python3.12/site-packages/airflow/example_dags/tutorial_dag.py
[2025-05-10T01:20:10.711+0000] {processor.py:925} INFO - DAG(s) 'tutorial_dag' retrieved from /home/airflow/.local/lib/python3.12/site-packages/airflow/example_dags/tutorial_dag.py
[2025-05-10T01:20:10.734+0000] {logging_mixin.py:190} INFO - [2025-05-10T01:20:10.734+0000] {dag.py:3239} INFO - Sync 1 DAGs
[2025-05-10T01:20:10.752+0000] {logging_mixin.py:190} INFO - [2025-05-10T01:20:10.751+0000] {dag.py:4180} INFO - Setting next_dagrun for tutorial_dag to None, run_after=None
[2025-05-10T01:20:10.777+0000] {processor.py:208} INFO - Processing /home/airflow/.local/lib/python3.12/site-packages/airflow/example_dags/tutorial_dag.py took 0.080 seconds
[2025-05-10T01:20:41.837+0000] {processor.py:186} INFO - Started process (PID=67278) to work on /home/airflow/.local/lib/python3.12/site-packages/airflow/example_dags/tutorial_dag.py
[2025-05-10T01:20:41.838+0000] {processor.py:914} INFO - Processing file /home/airflow/.local/lib/python3.12/site-packages/airflow/example_dags/tutorial_dag.py for tasks to queue
[2025-05-10T01:20:41.839+0000] {logging_mixin.py:190} INFO - [2025-05-10T01:20:41.839+0000] {dagbag.py:588} INFO - Filling up the DagBag from /home/airflow/.local/lib/python3.12/site-packages/airflow/example_dags/tutorial_dag.py
[2025-05-10T01:20:41.843+0000] {processor.py:925} INFO - DAG(s) 'tutorial_dag' retrieved from /home/airflow/.local/lib/python3.12/site-packages/airflow/example_dags/tutorial_dag.py
[2025-05-10T01:20:41.860+0000] {logging_mixin.py:190} INFO - [2025-05-10T01:20:41.860+0000] {dag.py:3239} INFO - Sync 1 DAGs
[2025-05-10T01:20:41.870+0000] {logging_mixin.py:190} INFO - [2025-05-10T01:20:41.870+0000] {dag.py:4180} INFO - Setting next_dagrun for tutorial_dag to None, run_after=None
[2025-05-10T01:20:41.884+0000] {processor.py:208} INFO - Processing /home/airflow/.local/lib/python3.12/site-packages/airflow/example_dags/tutorial_dag.py took 0.052 seconds
[2025-05-10T01:21:13.104+0000] {processor.py:186} INFO - Started process (PID=67371) to work on /home/airflow/.local/lib/python3.12/site-packages/airflow/example_dags/tutorial_dag.py
[2025-05-10T01:21:13.105+0000] {processor.py:914} INFO - Processing file /home/airflow/.local/lib/python3.12/site-packages/airflow/example_dags/tutorial_dag.py for tasks to queue
[2025-05-10T01:21:13.105+0000] {logging_mixin.py:190} INFO - [2025-05-10T01:21:13.105+0000] {dagbag.py:588} INFO - Filling up the DagBag from /home/airflow/.local/lib/python3.12/site-packages/airflow/example_dags/tutorial_dag.py
[2025-05-10T01:21:13.109+0000] {processor.py:925} INFO - DAG(s) 'tutorial_dag' retrieved from /home/airflow/.local/lib/python3.12/site-packages/airflow/example_dags/tutorial_dag.py
[2025-05-10T01:21:13.123+0000] {logging_mixin.py:190} INFO - [2025-05-10T01:21:13.122+0000] {dag.py:3239} INFO - Sync 1 DAGs
[2025-05-10T01:21:13.132+0000] {logging_mixin.py:190} INFO - [2025-05-10T01:21:13.132+0000] {dag.py:4180} INFO - Setting next_dagrun for tutorial_dag to None, run_after=None
[2025-05-10T01:21:13.145+0000] {processor.py:208} INFO - Processing /home/airflow/.local/lib/python3.12/site-packages/airflow/example_dags/tutorial_dag.py took 0.046 seconds
[2025-05-10T01:21:43.910+0000] {processor.py:186} INFO - Started process (PID=67454) to work on /home/airflow/.local/lib/python3.12/site-packages/airflow/example_dags/tutorial_dag.py
[2025-05-10T01:21:43.911+0000] {processor.py:914} INFO - Processing file /home/airflow/.local/lib/python3.12/site-packages/airflow/example_dags/tutorial_dag.py for tasks to queue
[2025-05-10T01:21:43.911+0000] {logging_mixin.py:190} INFO - [2025-05-10T01:21:43.911+0000] {dagbag.py:588} INFO - Filling up the DagBag from /home/airflow/.local/lib/python3.12/site-packages/airflow/example_dags/tutorial_dag.py
[2025-05-10T01:21:43.915+0000] {processor.py:925} INFO - DAG(s) 'tutorial_dag' retrieved from /home/airflow/.local/lib/python3.12/site-packages/airflow/example_dags/tutorial_dag.py
[2025-05-10T01:21:43.929+0000] {logging_mixin.py:190} INFO - [2025-05-10T01:21:43.929+0000] {dag.py:3239} INFO - Sync 1 DAGs
[2025-05-10T01:21:43.938+0000] {logging_mixin.py:190} INFO - [2025-05-10T01:21:43.938+0000] {dag.py:4180} INFO - Setting next_dagrun for tutorial_dag to None, run_after=None
[2025-05-10T01:21:43.949+0000] {processor.py:208} INFO - Processing /home/airflow/.local/lib/python3.12/site-packages/airflow/example_dags/tutorial_dag.py took 0.044 seconds
[2025-05-10T01:22:14.624+0000] {processor.py:186} INFO - Started process (PID=67537) to work on /home/airflow/.local/lib/python3.12/site-packages/airflow/example_dags/tutorial_dag.py
[2025-05-10T01:22:14.625+0000] {processor.py:914} INFO - Processing file /home/airflow/.local/lib/python3.12/site-packages/airflow/example_dags/tutorial_dag.py for tasks to queue
[2025-05-10T01:22:14.626+0000] {logging_mixin.py:190} INFO - [2025-05-10T01:22:14.625+0000] {dagbag.py:588} INFO - Filling up the DagBag from /home/airflow/.local/lib/python3.12/site-packages/airflow/example_dags/tutorial_dag.py
[2025-05-10T01:22:14.629+0000] {processor.py:925} INFO - DAG(s) 'tutorial_dag' retrieved from /home/airflow/.local/lib/python3.12/site-packages/airflow/example_dags/tutorial_dag.py
[2025-05-10T01:22:14.643+0000] {logging_mixin.py:190} INFO - [2025-05-10T01:22:14.643+0000] {dag.py:3239} INFO - Sync 1 DAGs
[2025-05-10T01:22:14.652+0000] {logging_mixin.py:190} INFO - [2025-05-10T01:22:14.652+0000] {dag.py:4180} INFO - Setting next_dagrun for tutorial_dag to None, run_after=None
[2025-05-10T01:22:14.665+0000] {processor.py:208} INFO - Processing /home/airflow/.local/lib/python3.12/site-packages/airflow/example_dags/tutorial_dag.py took 0.044 seconds
[2025-05-10T01:22:45.522+0000] {processor.py:186} INFO - Started process (PID=67619) to work on /home/airflow/.local/lib/python3.12/site-packages/airflow/example_dags/tutorial_dag.py
[2025-05-10T01:22:45.523+0000] {processor.py:914} INFO - Processing file /home/airflow/.local/lib/python3.12/site-packages/airflow/example_dags/tutorial_dag.py for tasks to queue
[2025-05-10T01:22:45.524+0000] {logging_mixin.py:190} INFO - [2025-05-10T01:22:45.524+0000] {dagbag.py:588} INFO - Filling up the DagBag from /home/airflow/.local/lib/python3.12/site-packages/airflow/example_dags/tutorial_dag.py
[2025-05-10T01:22:45.527+0000] {processor.py:925} INFO - DAG(s) 'tutorial_dag' retrieved from /home/airflow/.local/lib/python3.12/site-packages/airflow/example_dags/tutorial_dag.py
[2025-05-10T01:22:45.541+0000] {logging_mixin.py:190} INFO - [2025-05-10T01:22:45.541+0000] {dag.py:3239} INFO - Sync 1 DAGs
[2025-05-10T01:22:45.550+0000] {logging_mixin.py:190} INFO - [2025-05-10T01:22:45.550+0000] {dag.py:4180} INFO - Setting next_dagrun for tutorial_dag to None, run_after=None
[2025-05-10T01:22:45.562+0000] {processor.py:208} INFO - Processing /home/airflow/.local/lib/python3.12/site-packages/airflow/example_dags/tutorial_dag.py took 0.044 seconds
[2025-05-10T01:23:16.228+0000] {processor.py:186} INFO - Started process (PID=67701) to work on /home/airflow/.local/lib/python3.12/site-packages/airflow/example_dags/tutorial_dag.py
[2025-05-10T01:23:16.229+0000] {processor.py:914} INFO - Processing file /home/airflow/.local/lib/python3.12/site-packages/airflow/example_dags/tutorial_dag.py for tasks to queue
[2025-05-10T01:23:16.229+0000] {logging_mixin.py:190} INFO - [2025-05-10T01:23:16.229+0000] {dagbag.py:588} INFO - Filling up the DagBag from /home/airflow/.local/lib/python3.12/site-packages/airflow/example_dags/tutorial_dag.py
[2025-05-10T01:23:16.233+0000] {processor.py:925} INFO - DAG(s) 'tutorial_dag' retrieved from /home/airflow/.local/lib/python3.12/site-packages/airflow/example_dags/tutorial_dag.py
[2025-05-10T01:23:16.247+0000] {logging_mixin.py:190} INFO - [2025-05-10T01:23:16.247+0000] {dag.py:3239} INFO - Sync 1 DAGs
[2025-05-10T01:23:16.256+0000] {logging_mixin.py:190} INFO - [2025-05-10T01:23:16.256+0000] {dag.py:4180} INFO - Setting next_dagrun for tutorial_dag to None, run_after=None
[2025-05-10T01:23:16.267+0000] {processor.py:208} INFO - Processing /home/airflow/.local/lib/python3.12/site-packages/airflow/example_dags/tutorial_dag.py took 0.044 seconds
[2025-05-10T01:23:46.804+0000] {processor.py:186} INFO - Started process (PID=67783) to work on /home/airflow/.local/lib/python3.12/site-packages/airflow/example_dags/tutorial_dag.py
[2025-05-10T01:23:46.805+0000] {processor.py:914} INFO - Processing file /home/airflow/.local/lib/python3.12/site-packages/airflow/example_dags/tutorial_dag.py for tasks to queue
[2025-05-10T01:23:46.806+0000] {logging_mixin.py:190} INFO - [2025-05-10T01:23:46.806+0000] {dagbag.py:588} INFO - Filling up the DagBag from /home/airflow/.local/lib/python3.12/site-packages/airflow/example_dags/tutorial_dag.py
[2025-05-10T01:23:46.809+0000] {processor.py:925} INFO - DAG(s) 'tutorial_dag' retrieved from /home/airflow/.local/lib/python3.12/site-packages/airflow/example_dags/tutorial_dag.py
[2025-05-10T01:23:46.823+0000] {logging_mixin.py:190} INFO - [2025-05-10T01:23:46.823+0000] {dag.py:3239} INFO - Sync 1 DAGs
[2025-05-10T01:23:46.832+0000] {logging_mixin.py:190} INFO - [2025-05-10T01:23:46.832+0000] {dag.py:4180} INFO - Setting next_dagrun for tutorial_dag to None, run_after=None
[2025-05-10T01:23:46.843+0000] {processor.py:208} INFO - Processing /home/airflow/.local/lib/python3.12/site-packages/airflow/example_dags/tutorial_dag.py took 0.044 seconds
[2025-05-10T01:24:17.521+0000] {processor.py:186} INFO - Started process (PID=67865) to work on /home/airflow/.local/lib/python3.12/site-packages/airflow/example_dags/tutorial_dag.py
[2025-05-10T01:24:17.522+0000] {processor.py:914} INFO - Processing file /home/airflow/.local/lib/python3.12/site-packages/airflow/example_dags/tutorial_dag.py for tasks to queue
[2025-05-10T01:24:17.523+0000] {logging_mixin.py:190} INFO - [2025-05-10T01:24:17.523+0000] {dagbag.py:588} INFO - Filling up the DagBag from /home/airflow/.local/lib/python3.12/site-packages/airflow/example_dags/tutorial_dag.py
[2025-05-10T01:24:17.527+0000] {processor.py:925} INFO - DAG(s) 'tutorial_dag' retrieved from /home/airflow/.local/lib/python3.12/site-packages/airflow/example_dags/tutorial_dag.py
[2025-05-10T01:24:17.540+0000] {logging_mixin.py:190} INFO - [2025-05-10T01:24:17.540+0000] {dag.py:3239} INFO - Sync 1 DAGs
[2025-05-10T01:24:17.550+0000] {logging_mixin.py:190} INFO - [2025-05-10T01:24:17.549+0000] {dag.py:4180} INFO - Setting next_dagrun for tutorial_dag to None, run_after=None
[2025-05-10T01:24:17.561+0000] {processor.py:208} INFO - Processing /home/airflow/.local/lib/python3.12/site-packages/airflow/example_dags/tutorial_dag.py took 0.045 seconds
[2025-05-10T01:24:48.364+0000] {processor.py:186} INFO - Started process (PID=67947) to work on /home/airflow/.local/lib/python3.12/site-packages/airflow/example_dags/tutorial_dag.py
[2025-05-10T01:24:48.365+0000] {processor.py:914} INFO - Processing file /home/airflow/.local/lib/python3.12/site-packages/airflow/example_dags/tutorial_dag.py for tasks to queue
[2025-05-10T01:24:48.366+0000] {logging_mixin.py:190} INFO - [2025-05-10T01:24:48.366+0000] {dagbag.py:588} INFO - Filling up the DagBag from /home/airflow/.local/lib/python3.12/site-packages/airflow/example_dags/tutorial_dag.py
[2025-05-10T01:24:48.369+0000] {processor.py:925} INFO - DAG(s) 'tutorial_dag' retrieved from /home/airflow/.local/lib/python3.12/site-packages/airflow/example_dags/tutorial_dag.py
[2025-05-10T01:24:48.383+0000] {logging_mixin.py:190} INFO - [2025-05-10T01:24:48.383+0000] {dag.py:3239} INFO - Sync 1 DAGs
[2025-05-10T01:24:48.393+0000] {logging_mixin.py:190} INFO - [2025-05-10T01:24:48.393+0000] {dag.py:4180} INFO - Setting next_dagrun for tutorial_dag to None, run_after=None
[2025-05-10T01:24:48.405+0000] {processor.py:208} INFO - Processing /home/airflow/.local/lib/python3.12/site-packages/airflow/example_dags/tutorial_dag.py took 0.045 seconds
[2025-05-10T01:25:19.004+0000] {processor.py:186} INFO - Started process (PID=68029) to work on /home/airflow/.local/lib/python3.12/site-packages/airflow/example_dags/tutorial_dag.py
[2025-05-10T01:25:19.005+0000] {processor.py:914} INFO - Processing file /home/airflow/.local/lib/python3.12/site-packages/airflow/example_dags/tutorial_dag.py for tasks to queue
[2025-05-10T01:25:19.006+0000] {logging_mixin.py:190} INFO - [2025-05-10T01:25:19.006+0000] {dagbag.py:588} INFO - Filling up the DagBag from /home/airflow/.local/lib/python3.12/site-packages/airflow/example_dags/tutorial_dag.py
[2025-05-10T01:25:19.009+0000] {processor.py:925} INFO - DAG(s) 'tutorial_dag' retrieved from /home/airflow/.local/lib/python3.12/site-packages/airflow/example_dags/tutorial_dag.py
[2025-05-10T01:25:19.024+0000] {logging_mixin.py:190} INFO - [2025-05-10T01:25:19.024+0000] {dag.py:3239} INFO - Sync 1 DAGs
[2025-05-10T01:25:19.034+0000] {logging_mixin.py:190} INFO - [2025-05-10T01:25:19.033+0000] {dag.py:4180} INFO - Setting next_dagrun for tutorial_dag to None, run_after=None
[2025-05-10T01:25:19.047+0000] {processor.py:208} INFO - Processing /home/airflow/.local/lib/python3.12/site-packages/airflow/example_dags/tutorial_dag.py took 0.047 seconds
[2025-05-10T01:25:49.579+0000] {processor.py:186} INFO - Started process (PID=68111) to work on /home/airflow/.local/lib/python3.12/site-packages/airflow/example_dags/tutorial_dag.py
[2025-05-10T01:25:49.580+0000] {processor.py:914} INFO - Processing file /home/airflow/.local/lib/python3.12/site-packages/airflow/example_dags/tutorial_dag.py for tasks to queue
[2025-05-10T01:25:49.581+0000] {logging_mixin.py:190} INFO - [2025-05-10T01:25:49.581+0000] {dagbag.py:588} INFO - Filling up the DagBag from /home/airflow/.local/lib/python3.12/site-packages/airflow/example_dags/tutorial_dag.py
[2025-05-10T01:25:49.584+0000] {processor.py:925} INFO - DAG(s) 'tutorial_dag' retrieved from /home/airflow/.local/lib/python3.12/site-packages/airflow/example_dags/tutorial_dag.py
[2025-05-10T01:25:49.599+0000] {logging_mixin.py:190} INFO - [2025-05-10T01:25:49.599+0000] {dag.py:3239} INFO - Sync 1 DAGs
[2025-05-10T01:25:49.608+0000] {logging_mixin.py:190} INFO - [2025-05-10T01:25:49.608+0000] {dag.py:4180} INFO - Setting next_dagrun for tutorial_dag to None, run_after=None
[2025-05-10T01:25:49.619+0000] {processor.py:208} INFO - Processing /home/airflow/.local/lib/python3.12/site-packages/airflow/example_dags/tutorial_dag.py took 0.045 seconds
[2025-05-10T01:26:19.994+0000] {processor.py:186} INFO - Started process (PID=68193) to work on /home/airflow/.local/lib/python3.12/site-packages/airflow/example_dags/tutorial_dag.py
[2025-05-10T01:26:19.995+0000] {processor.py:914} INFO - Processing file /home/airflow/.local/lib/python3.12/site-packages/airflow/example_dags/tutorial_dag.py for tasks to queue
[2025-05-10T01:26:19.995+0000] {logging_mixin.py:190} INFO - [2025-05-10T01:26:19.995+0000] {dagbag.py:588} INFO - Filling up the DagBag from /home/airflow/.local/lib/python3.12/site-packages/airflow/example_dags/tutorial_dag.py
[2025-05-10T01:26:19.999+0000] {processor.py:925} INFO - DAG(s) 'tutorial_dag' retrieved from /home/airflow/.local/lib/python3.12/site-packages/airflow/example_dags/tutorial_dag.py
[2025-05-10T01:26:20.015+0000] {logging_mixin.py:190} INFO - [2025-05-10T01:26:20.015+0000] {dag.py:3239} INFO - Sync 1 DAGs
[2025-05-10T01:26:20.024+0000] {logging_mixin.py:190} INFO - [2025-05-10T01:26:20.024+0000] {dag.py:4180} INFO - Setting next_dagrun for tutorial_dag to None, run_after=None
[2025-05-10T01:26:20.037+0000] {processor.py:208} INFO - Processing /home/airflow/.local/lib/python3.12/site-packages/airflow/example_dags/tutorial_dag.py took 0.048 seconds
[2025-05-10T01:26:50.648+0000] {processor.py:186} INFO - Started process (PID=68275) to work on /home/airflow/.local/lib/python3.12/site-packages/airflow/example_dags/tutorial_dag.py
[2025-05-10T01:26:50.649+0000] {processor.py:914} INFO - Processing file /home/airflow/.local/lib/python3.12/site-packages/airflow/example_dags/tutorial_dag.py for tasks to queue
[2025-05-10T01:26:50.650+0000] {logging_mixin.py:190} INFO - [2025-05-10T01:26:50.650+0000] {dagbag.py:588} INFO - Filling up the DagBag from /home/airflow/.local/lib/python3.12/site-packages/airflow/example_dags/tutorial_dag.py
[2025-05-10T01:26:50.653+0000] {processor.py:925} INFO - DAG(s) 'tutorial_dag' retrieved from /home/airflow/.local/lib/python3.12/site-packages/airflow/example_dags/tutorial_dag.py
[2025-05-10T01:26:50.668+0000] {logging_mixin.py:190} INFO - [2025-05-10T01:26:50.668+0000] {dag.py:3239} INFO - Sync 1 DAGs
[2025-05-10T01:26:50.678+0000] {logging_mixin.py:190} INFO - [2025-05-10T01:26:50.677+0000] {dag.py:4180} INFO - Setting next_dagrun for tutorial_dag to None, run_after=None
[2025-05-10T01:26:50.690+0000] {processor.py:208} INFO - Processing /home/airflow/.local/lib/python3.12/site-packages/airflow/example_dags/tutorial_dag.py took 0.046 seconds
[2025-05-10T02:18:40.893+0000] {processor.py:186} INFO - Started process (PID=68392) to work on /home/airflow/.local/lib/python3.12/site-packages/airflow/example_dags/tutorial_dag.py
[2025-05-10T02:18:40.894+0000] {processor.py:914} INFO - Processing file /home/airflow/.local/lib/python3.12/site-packages/airflow/example_dags/tutorial_dag.py for tasks to queue
[2025-05-10T02:18:40.895+0000] {logging_mixin.py:190} INFO - [2025-05-10T02:18:40.895+0000] {dagbag.py:588} INFO - Filling up the DagBag from /home/airflow/.local/lib/python3.12/site-packages/airflow/example_dags/tutorial_dag.py
[2025-05-10T02:18:40.899+0000] {processor.py:925} INFO - DAG(s) 'tutorial_dag' retrieved from /home/airflow/.local/lib/python3.12/site-packages/airflow/example_dags/tutorial_dag.py
[2025-05-10T02:18:40.917+0000] {logging_mixin.py:190} INFO - [2025-05-10T02:18:40.917+0000] {dag.py:3239} INFO - Sync 1 DAGs
[2025-05-10T02:18:40.929+0000] {logging_mixin.py:190} INFO - [2025-05-10T02:18:40.928+0000] {dag.py:4180} INFO - Setting next_dagrun for tutorial_dag to None, run_after=None
[2025-05-10T02:18:40.946+0000] {processor.py:208} INFO - Processing /home/airflow/.local/lib/python3.12/site-packages/airflow/example_dags/tutorial_dag.py took 0.058 seconds
[2025-05-10T02:19:12.107+0000] {processor.py:186} INFO - Started process (PID=68474) to work on /home/airflow/.local/lib/python3.12/site-packages/airflow/example_dags/tutorial_dag.py
[2025-05-10T02:19:12.107+0000] {processor.py:914} INFO - Processing file /home/airflow/.local/lib/python3.12/site-packages/airflow/example_dags/tutorial_dag.py for tasks to queue
[2025-05-10T02:19:12.108+0000] {logging_mixin.py:190} INFO - [2025-05-10T02:19:12.108+0000] {dagbag.py:588} INFO - Filling up the DagBag from /home/airflow/.local/lib/python3.12/site-packages/airflow/example_dags/tutorial_dag.py
[2025-05-10T02:19:12.112+0000] {processor.py:925} INFO - DAG(s) 'tutorial_dag' retrieved from /home/airflow/.local/lib/python3.12/site-packages/airflow/example_dags/tutorial_dag.py
[2025-05-10T02:19:12.127+0000] {logging_mixin.py:190} INFO - [2025-05-10T02:19:12.126+0000] {dag.py:3239} INFO - Sync 1 DAGs
[2025-05-10T02:19:12.137+0000] {logging_mixin.py:190} INFO - [2025-05-10T02:19:12.136+0000] {dag.py:4180} INFO - Setting next_dagrun for tutorial_dag to None, run_after=None
[2025-05-10T02:19:12.150+0000] {processor.py:208} INFO - Processing /home/airflow/.local/lib/python3.12/site-packages/airflow/example_dags/tutorial_dag.py took 0.049 seconds
[2025-05-10T02:19:43.160+0000] {processor.py:186} INFO - Started process (PID=68556) to work on /home/airflow/.local/lib/python3.12/site-packages/airflow/example_dags/tutorial_dag.py
[2025-05-10T02:19:43.161+0000] {processor.py:914} INFO - Processing file /home/airflow/.local/lib/python3.12/site-packages/airflow/example_dags/tutorial_dag.py for tasks to queue
[2025-05-10T02:19:43.162+0000] {logging_mixin.py:190} INFO - [2025-05-10T02:19:43.162+0000] {dagbag.py:588} INFO - Filling up the DagBag from /home/airflow/.local/lib/python3.12/site-packages/airflow/example_dags/tutorial_dag.py
[2025-05-10T02:19:43.166+0000] {processor.py:925} INFO - DAG(s) 'tutorial_dag' retrieved from /home/airflow/.local/lib/python3.12/site-packages/airflow/example_dags/tutorial_dag.py
[2025-05-10T02:19:43.183+0000] {logging_mixin.py:190} INFO - [2025-05-10T02:19:43.183+0000] {dag.py:3239} INFO - Sync 1 DAGs
[2025-05-10T02:19:43.193+0000] {logging_mixin.py:190} INFO - [2025-05-10T02:19:43.192+0000] {dag.py:4180} INFO - Setting next_dagrun for tutorial_dag to None, run_after=None
[2025-05-10T02:19:43.208+0000] {processor.py:208} INFO - Processing /home/airflow/.local/lib/python3.12/site-packages/airflow/example_dags/tutorial_dag.py took 0.053 seconds
[2025-05-10T02:20:13.410+0000] {processor.py:186} INFO - Started process (PID=68638) to work on /home/airflow/.local/lib/python3.12/site-packages/airflow/example_dags/tutorial_dag.py
[2025-05-10T02:20:13.411+0000] {processor.py:914} INFO - Processing file /home/airflow/.local/lib/python3.12/site-packages/airflow/example_dags/tutorial_dag.py for tasks to queue
[2025-05-10T02:20:13.411+0000] {logging_mixin.py:190} INFO - [2025-05-10T02:20:13.411+0000] {dagbag.py:588} INFO - Filling up the DagBag from /home/airflow/.local/lib/python3.12/site-packages/airflow/example_dags/tutorial_dag.py
[2025-05-10T02:20:13.415+0000] {processor.py:925} INFO - DAG(s) 'tutorial_dag' retrieved from /home/airflow/.local/lib/python3.12/site-packages/airflow/example_dags/tutorial_dag.py
[2025-05-10T02:20:13.430+0000] {logging_mixin.py:190} INFO - [2025-05-10T02:20:13.429+0000] {dag.py:3239} INFO - Sync 1 DAGs
[2025-05-10T02:20:13.439+0000] {logging_mixin.py:190} INFO - [2025-05-10T02:20:13.439+0000] {dag.py:4180} INFO - Setting next_dagrun for tutorial_dag to None, run_after=None
[2025-05-10T02:20:13.451+0000] {processor.py:208} INFO - Processing /home/airflow/.local/lib/python3.12/site-packages/airflow/example_dags/tutorial_dag.py took 0.046 seconds
[2025-05-10T02:20:43.809+0000] {processor.py:186} INFO - Started process (PID=68720) to work on /home/airflow/.local/lib/python3.12/site-packages/airflow/example_dags/tutorial_dag.py
[2025-05-10T02:20:43.810+0000] {processor.py:914} INFO - Processing file /home/airflow/.local/lib/python3.12/site-packages/airflow/example_dags/tutorial_dag.py for tasks to queue
[2025-05-10T02:20:43.811+0000] {logging_mixin.py:190} INFO - [2025-05-10T02:20:43.811+0000] {dagbag.py:588} INFO - Filling up the DagBag from /home/airflow/.local/lib/python3.12/site-packages/airflow/example_dags/tutorial_dag.py
[2025-05-10T02:20:43.814+0000] {processor.py:925} INFO - DAG(s) 'tutorial_dag' retrieved from /home/airflow/.local/lib/python3.12/site-packages/airflow/example_dags/tutorial_dag.py
[2025-05-10T02:20:43.828+0000] {logging_mixin.py:190} INFO - [2025-05-10T02:20:43.828+0000] {dag.py:3239} INFO - Sync 1 DAGs
[2025-05-10T02:20:43.837+0000] {logging_mixin.py:190} INFO - [2025-05-10T02:20:43.837+0000] {dag.py:4180} INFO - Setting next_dagrun for tutorial_dag to None, run_after=None
[2025-05-10T02:20:43.849+0000] {processor.py:208} INFO - Processing /home/airflow/.local/lib/python3.12/site-packages/airflow/example_dags/tutorial_dag.py took 0.044 seconds
[2025-05-10T04:20:41.376+0000] {processor.py:186} INFO - Started process (PID=68808) to work on /home/airflow/.local/lib/python3.12/site-packages/airflow/example_dags/tutorial_dag.py
[2025-05-10T04:20:41.377+0000] {processor.py:914} INFO - Processing file /home/airflow/.local/lib/python3.12/site-packages/airflow/example_dags/tutorial_dag.py for tasks to queue
[2025-05-10T04:20:41.378+0000] {logging_mixin.py:190} INFO - [2025-05-10T04:20:41.378+0000] {dagbag.py:588} INFO - Filling up the DagBag from /home/airflow/.local/lib/python3.12/site-packages/airflow/example_dags/tutorial_dag.py
[2025-05-10T04:20:41.381+0000] {processor.py:925} INFO - DAG(s) 'tutorial_dag' retrieved from /home/airflow/.local/lib/python3.12/site-packages/airflow/example_dags/tutorial_dag.py
[2025-05-10T04:20:41.396+0000] {logging_mixin.py:190} INFO - [2025-05-10T04:20:41.396+0000] {dag.py:3239} INFO - Sync 1 DAGs
[2025-05-10T04:20:41.407+0000] {logging_mixin.py:190} INFO - [2025-05-10T04:20:41.407+0000] {dag.py:4180} INFO - Setting next_dagrun for tutorial_dag to None, run_after=None
[2025-05-10T04:20:41.420+0000] {processor.py:208} INFO - Processing /home/airflow/.local/lib/python3.12/site-packages/airflow/example_dags/tutorial_dag.py took 0.049 seconds
