[2025-05-10T01:19:37.898+0000] {processor.py:186} INFO - Started process (PID=67079) to work on /home/airflow/.local/lib/python3.12/site-packages/airflow/example_dags/tutorial_taskflow_api.py
[2025-05-10T01:19:37.899+0000] {processor.py:914} INFO - Processing file /home/airflow/.local/lib/python3.12/site-packages/airflow/example_dags/tutorial_taskflow_api.py for tasks to queue
[2025-05-10T01:19:37.900+0000] {logging_mixin.py:190} INFO - [2025-05-10T01:19:37.900+0000] {dagbag.py:588} INFO - Filling up the DagBag from /home/airflow/.local/lib/python3.12/site-packages/airflow/example_dags/tutorial_taskflow_api.py
[2025-05-10T01:19:37.905+0000] {processor.py:925} INFO - DAG(s) 'tutorial_taskflow_api' retrieved from /home/airflow/.local/lib/python3.12/site-packages/airflow/example_dags/tutorial_taskflow_api.py
[2025-05-10T01:19:37.933+0000] {logging_mixin.py:190} INFO - [2025-05-10T01:19:37.933+0000] {dag.py:3239} INFO - Sync 1 DAGs
[2025-05-10T01:19:37.947+0000] {logging_mixin.py:190} INFO - [2025-05-10T01:19:37.947+0000] {dag.py:4180} INFO - Setting next_dagrun for tutorial_taskflow_api to None, run_after=None
[2025-05-10T01:19:37.970+0000] {processor.py:208} INFO - Processing /home/airflow/.local/lib/python3.12/site-packages/airflow/example_dags/tutorial_taskflow_api.py took 0.077 seconds
[2025-05-10T01:20:08.666+0000] {processor.py:186} INFO - Started process (PID=67161) to work on /home/airflow/.local/lib/python3.12/site-packages/airflow/example_dags/tutorial_taskflow_api.py
[2025-05-10T01:20:08.667+0000] {processor.py:914} INFO - Processing file /home/airflow/.local/lib/python3.12/site-packages/airflow/example_dags/tutorial_taskflow_api.py for tasks to queue
[2025-05-10T01:20:08.667+0000] {logging_mixin.py:190} INFO - [2025-05-10T01:20:08.667+0000] {dagbag.py:588} INFO - Filling up the DagBag from /home/airflow/.local/lib/python3.12/site-packages/airflow/example_dags/tutorial_taskflow_api.py
[2025-05-10T01:20:08.673+0000] {processor.py:925} INFO - DAG(s) 'tutorial_taskflow_api' retrieved from /home/airflow/.local/lib/python3.12/site-packages/airflow/example_dags/tutorial_taskflow_api.py
[2025-05-10T01:20:08.688+0000] {logging_mixin.py:190} INFO - [2025-05-10T01:20:08.688+0000] {dag.py:3239} INFO - Sync 1 DAGs
[2025-05-10T01:20:08.699+0000] {logging_mixin.py:190} INFO - [2025-05-10T01:20:08.699+0000] {dag.py:4180} INFO - Setting next_dagrun for tutorial_taskflow_api to None, run_after=None
[2025-05-10T01:20:08.717+0000] {processor.py:208} INFO - Processing /home/airflow/.local/lib/python3.12/site-packages/airflow/example_dags/tutorial_taskflow_api.py took 0.057 seconds
[2025-05-10T01:20:39.151+0000] {processor.py:186} INFO - Started process (PID=67243) to work on /home/airflow/.local/lib/python3.12/site-packages/airflow/example_dags/tutorial_taskflow_api.py
[2025-05-10T01:20:39.152+0000] {processor.py:914} INFO - Processing file /home/airflow/.local/lib/python3.12/site-packages/airflow/example_dags/tutorial_taskflow_api.py for tasks to queue
[2025-05-10T01:20:39.153+0000] {logging_mixin.py:190} INFO - [2025-05-10T01:20:39.153+0000] {dagbag.py:588} INFO - Filling up the DagBag from /home/airflow/.local/lib/python3.12/site-packages/airflow/example_dags/tutorial_taskflow_api.py
[2025-05-10T01:20:39.157+0000] {processor.py:925} INFO - DAG(s) 'tutorial_taskflow_api' retrieved from /home/airflow/.local/lib/python3.12/site-packages/airflow/example_dags/tutorial_taskflow_api.py
[2025-05-10T01:20:39.171+0000] {logging_mixin.py:190} INFO - [2025-05-10T01:20:39.171+0000] {dag.py:3239} INFO - Sync 1 DAGs
[2025-05-10T01:20:39.180+0000] {logging_mixin.py:190} INFO - [2025-05-10T01:20:39.180+0000] {dag.py:4180} INFO - Setting next_dagrun for tutorial_taskflow_api to None, run_after=None
[2025-05-10T01:20:39.194+0000] {processor.py:208} INFO - Processing /home/airflow/.local/lib/python3.12/site-packages/airflow/example_dags/tutorial_taskflow_api.py took 0.048 seconds
[2025-05-10T01:21:10.048+0000] {processor.py:186} INFO - Started process (PID=67325) to work on /home/airflow/.local/lib/python3.12/site-packages/airflow/example_dags/tutorial_taskflow_api.py
[2025-05-10T01:21:10.048+0000] {processor.py:914} INFO - Processing file /home/airflow/.local/lib/python3.12/site-packages/airflow/example_dags/tutorial_taskflow_api.py for tasks to queue
[2025-05-10T01:21:10.049+0000] {logging_mixin.py:190} INFO - [2025-05-10T01:21:10.049+0000] {dagbag.py:588} INFO - Filling up the DagBag from /home/airflow/.local/lib/python3.12/site-packages/airflow/example_dags/tutorial_taskflow_api.py
[2025-05-10T01:21:10.054+0000] {processor.py:925} INFO - DAG(s) 'tutorial_taskflow_api' retrieved from /home/airflow/.local/lib/python3.12/site-packages/airflow/example_dags/tutorial_taskflow_api.py
[2025-05-10T01:21:10.067+0000] {logging_mixin.py:190} INFO - [2025-05-10T01:21:10.067+0000] {dag.py:3239} INFO - Sync 1 DAGs
[2025-05-10T01:21:10.076+0000] {logging_mixin.py:190} INFO - [2025-05-10T01:21:10.076+0000] {dag.py:4180} INFO - Setting next_dagrun for tutorial_taskflow_api to None, run_after=None
[2025-05-10T01:21:10.088+0000] {processor.py:208} INFO - Processing /home/airflow/.local/lib/python3.12/site-packages/airflow/example_dags/tutorial_taskflow_api.py took 0.045 seconds
[2025-05-10T01:21:40.797+0000] {processor.py:186} INFO - Started process (PID=67407) to work on /home/airflow/.local/lib/python3.12/site-packages/airflow/example_dags/tutorial_taskflow_api.py
[2025-05-10T01:21:40.798+0000] {processor.py:914} INFO - Processing file /home/airflow/.local/lib/python3.12/site-packages/airflow/example_dags/tutorial_taskflow_api.py for tasks to queue
[2025-05-10T01:21:40.798+0000] {logging_mixin.py:190} INFO - [2025-05-10T01:21:40.798+0000] {dagbag.py:588} INFO - Filling up the DagBag from /home/airflow/.local/lib/python3.12/site-packages/airflow/example_dags/tutorial_taskflow_api.py
[2025-05-10T01:21:40.803+0000] {processor.py:925} INFO - DAG(s) 'tutorial_taskflow_api' retrieved from /home/airflow/.local/lib/python3.12/site-packages/airflow/example_dags/tutorial_taskflow_api.py
[2025-05-10T01:21:40.816+0000] {logging_mixin.py:190} INFO - [2025-05-10T01:21:40.816+0000] {dag.py:3239} INFO - Sync 1 DAGs
[2025-05-10T01:21:40.825+0000] {logging_mixin.py:190} INFO - [2025-05-10T01:21:40.825+0000] {dag.py:4180} INFO - Setting next_dagrun for tutorial_taskflow_api to None, run_after=None
[2025-05-10T01:21:40.836+0000] {processor.py:208} INFO - Processing /home/airflow/.local/lib/python3.12/site-packages/airflow/example_dags/tutorial_taskflow_api.py took 0.044 seconds
[2025-05-10T01:22:11.523+0000] {processor.py:186} INFO - Started process (PID=67490) to work on /home/airflow/.local/lib/python3.12/site-packages/airflow/example_dags/tutorial_taskflow_api.py
[2025-05-10T01:22:11.524+0000] {processor.py:914} INFO - Processing file /home/airflow/.local/lib/python3.12/site-packages/airflow/example_dags/tutorial_taskflow_api.py for tasks to queue
[2025-05-10T01:22:11.524+0000] {logging_mixin.py:190} INFO - [2025-05-10T01:22:11.524+0000] {dagbag.py:588} INFO - Filling up the DagBag from /home/airflow/.local/lib/python3.12/site-packages/airflow/example_dags/tutorial_taskflow_api.py
[2025-05-10T01:22:11.529+0000] {processor.py:925} INFO - DAG(s) 'tutorial_taskflow_api' retrieved from /home/airflow/.local/lib/python3.12/site-packages/airflow/example_dags/tutorial_taskflow_api.py
[2025-05-10T01:22:11.542+0000] {logging_mixin.py:190} INFO - [2025-05-10T01:22:11.542+0000] {dag.py:3239} INFO - Sync 1 DAGs
[2025-05-10T01:22:11.551+0000] {logging_mixin.py:190} INFO - [2025-05-10T01:22:11.551+0000] {dag.py:4180} INFO - Setting next_dagrun for tutorial_taskflow_api to None, run_after=None
[2025-05-10T01:22:11.562+0000] {processor.py:208} INFO - Processing /home/airflow/.local/lib/python3.12/site-packages/airflow/example_dags/tutorial_taskflow_api.py took 0.043 seconds
[2025-05-10T01:22:42.108+0000] {processor.py:186} INFO - Started process (PID=67572) to work on /home/airflow/.local/lib/python3.12/site-packages/airflow/example_dags/tutorial_taskflow_api.py
[2025-05-10T01:22:42.109+0000] {processor.py:914} INFO - Processing file /home/airflow/.local/lib/python3.12/site-packages/airflow/example_dags/tutorial_taskflow_api.py for tasks to queue
[2025-05-10T01:22:42.110+0000] {logging_mixin.py:190} INFO - [2025-05-10T01:22:42.110+0000] {dagbag.py:588} INFO - Filling up the DagBag from /home/airflow/.local/lib/python3.12/site-packages/airflow/example_dags/tutorial_taskflow_api.py
[2025-05-10T01:22:42.114+0000] {processor.py:925} INFO - DAG(s) 'tutorial_taskflow_api' retrieved from /home/airflow/.local/lib/python3.12/site-packages/airflow/example_dags/tutorial_taskflow_api.py
[2025-05-10T01:22:42.128+0000] {logging_mixin.py:190} INFO - [2025-05-10T01:22:42.128+0000] {dag.py:3239} INFO - Sync 1 DAGs
[2025-05-10T01:22:42.137+0000] {logging_mixin.py:190} INFO - [2025-05-10T01:22:42.137+0000] {dag.py:4180} INFO - Setting next_dagrun for tutorial_taskflow_api to None, run_after=None
[2025-05-10T01:22:42.148+0000] {processor.py:208} INFO - Processing /home/airflow/.local/lib/python3.12/site-packages/airflow/example_dags/tutorial_taskflow_api.py took 0.044 seconds
[2025-05-10T01:23:13.084+0000] {processor.py:186} INFO - Started process (PID=67654) to work on /home/airflow/.local/lib/python3.12/site-packages/airflow/example_dags/tutorial_taskflow_api.py
[2025-05-10T01:23:13.085+0000] {processor.py:914} INFO - Processing file /home/airflow/.local/lib/python3.12/site-packages/airflow/example_dags/tutorial_taskflow_api.py for tasks to queue
[2025-05-10T01:23:13.086+0000] {logging_mixin.py:190} INFO - [2025-05-10T01:23:13.086+0000] {dagbag.py:588} INFO - Filling up the DagBag from /home/airflow/.local/lib/python3.12/site-packages/airflow/example_dags/tutorial_taskflow_api.py
[2025-05-10T01:23:13.090+0000] {processor.py:925} INFO - DAG(s) 'tutorial_taskflow_api' retrieved from /home/airflow/.local/lib/python3.12/site-packages/airflow/example_dags/tutorial_taskflow_api.py
[2025-05-10T01:23:13.104+0000] {logging_mixin.py:190} INFO - [2025-05-10T01:23:13.104+0000] {dag.py:3239} INFO - Sync 1 DAGs
[2025-05-10T01:23:13.113+0000] {logging_mixin.py:190} INFO - [2025-05-10T01:23:13.113+0000] {dag.py:4180} INFO - Setting next_dagrun for tutorial_taskflow_api to None, run_after=None
[2025-05-10T01:23:13.125+0000] {processor.py:208} INFO - Processing /home/airflow/.local/lib/python3.12/site-packages/airflow/example_dags/tutorial_taskflow_api.py took 0.045 seconds
[2025-05-10T01:23:43.840+0000] {processor.py:186} INFO - Started process (PID=67736) to work on /home/airflow/.local/lib/python3.12/site-packages/airflow/example_dags/tutorial_taskflow_api.py
[2025-05-10T01:23:43.841+0000] {processor.py:914} INFO - Processing file /home/airflow/.local/lib/python3.12/site-packages/airflow/example_dags/tutorial_taskflow_api.py for tasks to queue
[2025-05-10T01:23:43.842+0000] {logging_mixin.py:190} INFO - [2025-05-10T01:23:43.842+0000] {dagbag.py:588} INFO - Filling up the DagBag from /home/airflow/.local/lib/python3.12/site-packages/airflow/example_dags/tutorial_taskflow_api.py
[2025-05-10T01:23:43.846+0000] {processor.py:925} INFO - DAG(s) 'tutorial_taskflow_api' retrieved from /home/airflow/.local/lib/python3.12/site-packages/airflow/example_dags/tutorial_taskflow_api.py
[2025-05-10T01:23:43.860+0000] {logging_mixin.py:190} INFO - [2025-05-10T01:23:43.860+0000] {dag.py:3239} INFO - Sync 1 DAGs
[2025-05-10T01:23:43.869+0000] {logging_mixin.py:190} INFO - [2025-05-10T01:23:43.869+0000] {dag.py:4180} INFO - Setting next_dagrun for tutorial_taskflow_api to None, run_after=None
[2025-05-10T01:23:43.881+0000] {processor.py:208} INFO - Processing /home/airflow/.local/lib/python3.12/site-packages/airflow/example_dags/tutorial_taskflow_api.py took 0.045 seconds
[2025-05-10T01:24:14.387+0000] {processor.py:186} INFO - Started process (PID=67818) to work on /home/airflow/.local/lib/python3.12/site-packages/airflow/example_dags/tutorial_taskflow_api.py
[2025-05-10T01:24:14.388+0000] {processor.py:914} INFO - Processing file /home/airflow/.local/lib/python3.12/site-packages/airflow/example_dags/tutorial_taskflow_api.py for tasks to queue
[2025-05-10T01:24:14.389+0000] {logging_mixin.py:190} INFO - [2025-05-10T01:24:14.389+0000] {dagbag.py:588} INFO - Filling up the DagBag from /home/airflow/.local/lib/python3.12/site-packages/airflow/example_dags/tutorial_taskflow_api.py
[2025-05-10T01:24:14.394+0000] {processor.py:925} INFO - DAG(s) 'tutorial_taskflow_api' retrieved from /home/airflow/.local/lib/python3.12/site-packages/airflow/example_dags/tutorial_taskflow_api.py
[2025-05-10T01:24:14.409+0000] {logging_mixin.py:190} INFO - [2025-05-10T01:24:14.409+0000] {dag.py:3239} INFO - Sync 1 DAGs
[2025-05-10T01:24:14.419+0000] {logging_mixin.py:190} INFO - [2025-05-10T01:24:14.419+0000] {dag.py:4180} INFO - Setting next_dagrun for tutorial_taskflow_api to None, run_after=None
[2025-05-10T01:24:14.436+0000] {processor.py:208} INFO - Processing /home/airflow/.local/lib/python3.12/site-packages/airflow/example_dags/tutorial_taskflow_api.py took 0.053 seconds
[2025-05-10T01:24:45.176+0000] {processor.py:186} INFO - Started process (PID=67900) to work on /home/airflow/.local/lib/python3.12/site-packages/airflow/example_dags/tutorial_taskflow_api.py
[2025-05-10T01:24:45.177+0000] {processor.py:914} INFO - Processing file /home/airflow/.local/lib/python3.12/site-packages/airflow/example_dags/tutorial_taskflow_api.py for tasks to queue
[2025-05-10T01:24:45.179+0000] {logging_mixin.py:190} INFO - [2025-05-10T01:24:45.178+0000] {dagbag.py:588} INFO - Filling up the DagBag from /home/airflow/.local/lib/python3.12/site-packages/airflow/example_dags/tutorial_taskflow_api.py
[2025-05-10T01:24:45.184+0000] {processor.py:925} INFO - DAG(s) 'tutorial_taskflow_api' retrieved from /home/airflow/.local/lib/python3.12/site-packages/airflow/example_dags/tutorial_taskflow_api.py
[2025-05-10T01:24:45.199+0000] {logging_mixin.py:190} INFO - [2025-05-10T01:24:45.199+0000] {dag.py:3239} INFO - Sync 1 DAGs
[2025-05-10T01:24:45.209+0000] {logging_mixin.py:190} INFO - [2025-05-10T01:24:45.209+0000] {dag.py:4180} INFO - Setting next_dagrun for tutorial_taskflow_api to None, run_after=None
[2025-05-10T01:24:45.226+0000] {processor.py:208} INFO - Processing /home/airflow/.local/lib/python3.12/site-packages/airflow/example_dags/tutorial_taskflow_api.py took 0.054 seconds
[2025-05-10T01:25:16.028+0000] {processor.py:186} INFO - Started process (PID=67982) to work on /home/airflow/.local/lib/python3.12/site-packages/airflow/example_dags/tutorial_taskflow_api.py
[2025-05-10T01:25:16.028+0000] {processor.py:914} INFO - Processing file /home/airflow/.local/lib/python3.12/site-packages/airflow/example_dags/tutorial_taskflow_api.py for tasks to queue
[2025-05-10T01:25:16.029+0000] {logging_mixin.py:190} INFO - [2025-05-10T01:25:16.029+0000] {dagbag.py:588} INFO - Filling up the DagBag from /home/airflow/.local/lib/python3.12/site-packages/airflow/example_dags/tutorial_taskflow_api.py
[2025-05-10T01:25:16.033+0000] {processor.py:925} INFO - DAG(s) 'tutorial_taskflow_api' retrieved from /home/airflow/.local/lib/python3.12/site-packages/airflow/example_dags/tutorial_taskflow_api.py
[2025-05-10T01:25:16.049+0000] {logging_mixin.py:190} INFO - [2025-05-10T01:25:16.048+0000] {dag.py:3239} INFO - Sync 1 DAGs
[2025-05-10T01:25:16.058+0000] {logging_mixin.py:190} INFO - [2025-05-10T01:25:16.058+0000] {dag.py:4180} INFO - Setting next_dagrun for tutorial_taskflow_api to None, run_after=None
[2025-05-10T01:25:16.069+0000] {processor.py:208} INFO - Processing /home/airflow/.local/lib/python3.12/site-packages/airflow/example_dags/tutorial_taskflow_api.py took 0.046 seconds
[2025-05-10T01:25:46.608+0000] {processor.py:186} INFO - Started process (PID=68064) to work on /home/airflow/.local/lib/python3.12/site-packages/airflow/example_dags/tutorial_taskflow_api.py
[2025-05-10T01:25:46.608+0000] {processor.py:914} INFO - Processing file /home/airflow/.local/lib/python3.12/site-packages/airflow/example_dags/tutorial_taskflow_api.py for tasks to queue
[2025-05-10T01:25:46.609+0000] {logging_mixin.py:190} INFO - [2025-05-10T01:25:46.609+0000] {dagbag.py:588} INFO - Filling up the DagBag from /home/airflow/.local/lib/python3.12/site-packages/airflow/example_dags/tutorial_taskflow_api.py
[2025-05-10T01:25:46.613+0000] {processor.py:925} INFO - DAG(s) 'tutorial_taskflow_api' retrieved from /home/airflow/.local/lib/python3.12/site-packages/airflow/example_dags/tutorial_taskflow_api.py
[2025-05-10T01:25:46.627+0000] {logging_mixin.py:190} INFO - [2025-05-10T01:25:46.627+0000] {dag.py:3239} INFO - Sync 1 DAGs
[2025-05-10T01:25:46.636+0000] {logging_mixin.py:190} INFO - [2025-05-10T01:25:46.636+0000] {dag.py:4180} INFO - Setting next_dagrun for tutorial_taskflow_api to None, run_after=None
[2025-05-10T01:25:46.648+0000] {processor.py:208} INFO - Processing /home/airflow/.local/lib/python3.12/site-packages/airflow/example_dags/tutorial_taskflow_api.py took 0.045 seconds
[2025-05-10T01:26:16.996+0000] {processor.py:186} INFO - Started process (PID=68145) to work on /home/airflow/.local/lib/python3.12/site-packages/airflow/example_dags/tutorial_taskflow_api.py
[2025-05-10T01:26:16.997+0000] {processor.py:914} INFO - Processing file /home/airflow/.local/lib/python3.12/site-packages/airflow/example_dags/tutorial_taskflow_api.py for tasks to queue
[2025-05-10T01:26:16.998+0000] {logging_mixin.py:190} INFO - [2025-05-10T01:26:16.997+0000] {dagbag.py:588} INFO - Filling up the DagBag from /home/airflow/.local/lib/python3.12/site-packages/airflow/example_dags/tutorial_taskflow_api.py
[2025-05-10T01:26:17.002+0000] {processor.py:925} INFO - DAG(s) 'tutorial_taskflow_api' retrieved from /home/airflow/.local/lib/python3.12/site-packages/airflow/example_dags/tutorial_taskflow_api.py
[2025-05-10T01:26:17.016+0000] {logging_mixin.py:190} INFO - [2025-05-10T01:26:17.015+0000] {dag.py:3239} INFO - Sync 1 DAGs
[2025-05-10T01:26:17.024+0000] {logging_mixin.py:190} INFO - [2025-05-10T01:26:17.024+0000] {dag.py:4180} INFO - Setting next_dagrun for tutorial_taskflow_api to None, run_after=None
[2025-05-10T01:26:17.036+0000] {processor.py:208} INFO - Processing /home/airflow/.local/lib/python3.12/site-packages/airflow/example_dags/tutorial_taskflow_api.py took 0.044 seconds
[2025-05-10T01:26:47.615+0000] {processor.py:186} INFO - Started process (PID=68228) to work on /home/airflow/.local/lib/python3.12/site-packages/airflow/example_dags/tutorial_taskflow_api.py
[2025-05-10T01:26:47.616+0000] {processor.py:914} INFO - Processing file /home/airflow/.local/lib/python3.12/site-packages/airflow/example_dags/tutorial_taskflow_api.py for tasks to queue
[2025-05-10T01:26:47.617+0000] {logging_mixin.py:190} INFO - [2025-05-10T01:26:47.617+0000] {dagbag.py:588} INFO - Filling up the DagBag from /home/airflow/.local/lib/python3.12/site-packages/airflow/example_dags/tutorial_taskflow_api.py
[2025-05-10T01:26:47.621+0000] {processor.py:925} INFO - DAG(s) 'tutorial_taskflow_api' retrieved from /home/airflow/.local/lib/python3.12/site-packages/airflow/example_dags/tutorial_taskflow_api.py
[2025-05-10T01:26:47.635+0000] {logging_mixin.py:190} INFO - [2025-05-10T01:26:47.635+0000] {dag.py:3239} INFO - Sync 1 DAGs
[2025-05-10T01:26:47.645+0000] {logging_mixin.py:190} INFO - [2025-05-10T01:26:47.644+0000] {dag.py:4180} INFO - Setting next_dagrun for tutorial_taskflow_api to None, run_after=None
[2025-05-10T01:26:47.656+0000] {processor.py:208} INFO - Processing /home/airflow/.local/lib/python3.12/site-packages/airflow/example_dags/tutorial_taskflow_api.py took 0.045 seconds
[2025-05-10T01:27:18.222+0000] {processor.py:186} INFO - Started process (PID=68310) to work on /home/airflow/.local/lib/python3.12/site-packages/airflow/example_dags/tutorial_taskflow_api.py
[2025-05-10T01:27:18.223+0000] {processor.py:914} INFO - Processing file /home/airflow/.local/lib/python3.12/site-packages/airflow/example_dags/tutorial_taskflow_api.py for tasks to queue
[2025-05-10T01:27:18.223+0000] {logging_mixin.py:190} INFO - [2025-05-10T01:27:18.223+0000] {dagbag.py:588} INFO - Filling up the DagBag from /home/airflow/.local/lib/python3.12/site-packages/airflow/example_dags/tutorial_taskflow_api.py
[2025-05-10T01:27:18.227+0000] {processor.py:925} INFO - DAG(s) 'tutorial_taskflow_api' retrieved from /home/airflow/.local/lib/python3.12/site-packages/airflow/example_dags/tutorial_taskflow_api.py
[2025-05-10T01:27:18.241+0000] {logging_mixin.py:190} INFO - [2025-05-10T01:27:18.241+0000] {dag.py:3239} INFO - Sync 1 DAGs
[2025-05-10T01:27:18.251+0000] {logging_mixin.py:190} INFO - [2025-05-10T01:27:18.250+0000] {dag.py:4180} INFO - Setting next_dagrun for tutorial_taskflow_api to None, run_after=None
[2025-05-10T01:27:18.262+0000] {processor.py:208} INFO - Processing /home/airflow/.local/lib/python3.12/site-packages/airflow/example_dags/tutorial_taskflow_api.py took 0.045 seconds
[2025-05-10T02:18:39.460+0000] {processor.py:186} INFO - Started process (PID=68368) to work on /home/airflow/.local/lib/python3.12/site-packages/airflow/example_dags/tutorial_taskflow_api.py
[2025-05-10T02:18:39.461+0000] {processor.py:914} INFO - Processing file /home/airflow/.local/lib/python3.12/site-packages/airflow/example_dags/tutorial_taskflow_api.py for tasks to queue
[2025-05-10T02:18:39.462+0000] {logging_mixin.py:190} INFO - [2025-05-10T02:18:39.462+0000] {dagbag.py:588} INFO - Filling up the DagBag from /home/airflow/.local/lib/python3.12/site-packages/airflow/example_dags/tutorial_taskflow_api.py
[2025-05-10T02:18:39.467+0000] {processor.py:925} INFO - DAG(s) 'tutorial_taskflow_api' retrieved from /home/airflow/.local/lib/python3.12/site-packages/airflow/example_dags/tutorial_taskflow_api.py
[2025-05-10T02:18:39.485+0000] {logging_mixin.py:190} INFO - [2025-05-10T02:18:39.484+0000] {dag.py:3239} INFO - Sync 1 DAGs
[2025-05-10T02:18:39.496+0000] {logging_mixin.py:190} INFO - [2025-05-10T02:18:39.496+0000] {dag.py:4180} INFO - Setting next_dagrun for tutorial_taskflow_api to None, run_after=None
[2025-05-10T02:18:39.513+0000] {processor.py:208} INFO - Processing /home/airflow/.local/lib/python3.12/site-packages/airflow/example_dags/tutorial_taskflow_api.py took 0.060 seconds
[2025-05-10T02:19:10.485+0000] {processor.py:186} INFO - Started process (PID=68450) to work on /home/airflow/.local/lib/python3.12/site-packages/airflow/example_dags/tutorial_taskflow_api.py
[2025-05-10T02:19:10.486+0000] {processor.py:914} INFO - Processing file /home/airflow/.local/lib/python3.12/site-packages/airflow/example_dags/tutorial_taskflow_api.py for tasks to queue
[2025-05-10T02:19:10.487+0000] {logging_mixin.py:190} INFO - [2025-05-10T02:19:10.487+0000] {dagbag.py:588} INFO - Filling up the DagBag from /home/airflow/.local/lib/python3.12/site-packages/airflow/example_dags/tutorial_taskflow_api.py
[2025-05-10T02:19:10.493+0000] {processor.py:925} INFO - DAG(s) 'tutorial_taskflow_api' retrieved from /home/airflow/.local/lib/python3.12/site-packages/airflow/example_dags/tutorial_taskflow_api.py
[2025-05-10T02:19:10.515+0000] {logging_mixin.py:190} INFO - [2025-05-10T02:19:10.515+0000] {dag.py:3239} INFO - Sync 1 DAGs
[2025-05-10T02:19:10.528+0000] {logging_mixin.py:190} INFO - [2025-05-10T02:19:10.528+0000] {dag.py:4180} INFO - Setting next_dagrun for tutorial_taskflow_api to None, run_after=None
[2025-05-10T02:19:10.547+0000] {processor.py:208} INFO - Processing /home/airflow/.local/lib/python3.12/site-packages/airflow/example_dags/tutorial_taskflow_api.py took 0.067 seconds
[2025-05-10T02:19:41.282+0000] {processor.py:186} INFO - Started process (PID=68531) to work on /home/airflow/.local/lib/python3.12/site-packages/airflow/example_dags/tutorial_taskflow_api.py
[2025-05-10T02:19:41.283+0000] {processor.py:914} INFO - Processing file /home/airflow/.local/lib/python3.12/site-packages/airflow/example_dags/tutorial_taskflow_api.py for tasks to queue
[2025-05-10T02:19:41.284+0000] {logging_mixin.py:190} INFO - [2025-05-10T02:19:41.284+0000] {dagbag.py:588} INFO - Filling up the DagBag from /home/airflow/.local/lib/python3.12/site-packages/airflow/example_dags/tutorial_taskflow_api.py
[2025-05-10T02:19:41.288+0000] {processor.py:925} INFO - DAG(s) 'tutorial_taskflow_api' retrieved from /home/airflow/.local/lib/python3.12/site-packages/airflow/example_dags/tutorial_taskflow_api.py
[2025-05-10T02:19:41.302+0000] {logging_mixin.py:190} INFO - [2025-05-10T02:19:41.302+0000] {dag.py:3239} INFO - Sync 1 DAGs
[2025-05-10T02:19:41.311+0000] {logging_mixin.py:190} INFO - [2025-05-10T02:19:41.311+0000] {dag.py:4180} INFO - Setting next_dagrun for tutorial_taskflow_api to None, run_after=None
[2025-05-10T02:19:41.322+0000] {processor.py:208} INFO - Processing /home/airflow/.local/lib/python3.12/site-packages/airflow/example_dags/tutorial_taskflow_api.py took 0.044 seconds
[2025-05-10T02:20:11.718+0000] {processor.py:186} INFO - Started process (PID=68613) to work on /home/airflow/.local/lib/python3.12/site-packages/airflow/example_dags/tutorial_taskflow_api.py
[2025-05-10T02:20:11.718+0000] {processor.py:914} INFO - Processing file /home/airflow/.local/lib/python3.12/site-packages/airflow/example_dags/tutorial_taskflow_api.py for tasks to queue
[2025-05-10T02:20:11.719+0000] {logging_mixin.py:190} INFO - [2025-05-10T02:20:11.719+0000] {dagbag.py:588} INFO - Filling up the DagBag from /home/airflow/.local/lib/python3.12/site-packages/airflow/example_dags/tutorial_taskflow_api.py
[2025-05-10T02:20:11.723+0000] {processor.py:925} INFO - DAG(s) 'tutorial_taskflow_api' retrieved from /home/airflow/.local/lib/python3.12/site-packages/airflow/example_dags/tutorial_taskflow_api.py
[2025-05-10T02:20:11.737+0000] {logging_mixin.py:190} INFO - [2025-05-10T02:20:11.737+0000] {dag.py:3239} INFO - Sync 1 DAGs
[2025-05-10T02:20:11.746+0000] {logging_mixin.py:190} INFO - [2025-05-10T02:20:11.746+0000] {dag.py:4180} INFO - Setting next_dagrun for tutorial_taskflow_api to None, run_after=None
[2025-05-10T02:20:11.757+0000] {processor.py:208} INFO - Processing /home/airflow/.local/lib/python3.12/site-packages/airflow/example_dags/tutorial_taskflow_api.py took 0.044 seconds
[2025-05-10T02:20:42.614+0000] {processor.py:186} INFO - Started process (PID=68696) to work on /home/airflow/.local/lib/python3.12/site-packages/airflow/example_dags/tutorial_taskflow_api.py
[2025-05-10T02:20:42.615+0000] {processor.py:914} INFO - Processing file /home/airflow/.local/lib/python3.12/site-packages/airflow/example_dags/tutorial_taskflow_api.py for tasks to queue
[2025-05-10T02:20:42.616+0000] {logging_mixin.py:190} INFO - [2025-05-10T02:20:42.616+0000] {dagbag.py:588} INFO - Filling up the DagBag from /home/airflow/.local/lib/python3.12/site-packages/airflow/example_dags/tutorial_taskflow_api.py
[2025-05-10T02:20:42.620+0000] {processor.py:925} INFO - DAG(s) 'tutorial_taskflow_api' retrieved from /home/airflow/.local/lib/python3.12/site-packages/airflow/example_dags/tutorial_taskflow_api.py
[2025-05-10T02:20:42.635+0000] {logging_mixin.py:190} INFO - [2025-05-10T02:20:42.635+0000] {dag.py:3239} INFO - Sync 1 DAGs
[2025-05-10T02:20:42.644+0000] {logging_mixin.py:190} INFO - [2025-05-10T02:20:42.643+0000] {dag.py:4180} INFO - Setting next_dagrun for tutorial_taskflow_api to None, run_after=None
[2025-05-10T02:20:42.657+0000] {processor.py:208} INFO - Processing /home/airflow/.local/lib/python3.12/site-packages/airflow/example_dags/tutorial_taskflow_api.py took 0.047 seconds
[2025-05-10T04:20:39.752+0000] {processor.py:186} INFO - Started process (PID=68781) to work on /home/airflow/.local/lib/python3.12/site-packages/airflow/example_dags/tutorial_taskflow_api.py
[2025-05-10T04:20:39.754+0000] {processor.py:914} INFO - Processing file /home/airflow/.local/lib/python3.12/site-packages/airflow/example_dags/tutorial_taskflow_api.py for tasks to queue
[2025-05-10T04:20:39.755+0000] {logging_mixin.py:190} INFO - [2025-05-10T04:20:39.755+0000] {dagbag.py:588} INFO - Filling up the DagBag from /home/airflow/.local/lib/python3.12/site-packages/airflow/example_dags/tutorial_taskflow_api.py
[2025-05-10T04:20:39.762+0000] {processor.py:925} INFO - DAG(s) 'tutorial_taskflow_api' retrieved from /home/airflow/.local/lib/python3.12/site-packages/airflow/example_dags/tutorial_taskflow_api.py
[2025-05-10T04:20:39.785+0000] {logging_mixin.py:190} INFO - [2025-05-10T04:20:39.784+0000] {dag.py:3239} INFO - Sync 1 DAGs
[2025-05-10T04:20:39.796+0000] {logging_mixin.py:190} INFO - [2025-05-10T04:20:39.796+0000] {dag.py:4180} INFO - Setting next_dagrun for tutorial_taskflow_api to None, run_after=None
[2025-05-10T04:20:39.813+0000] {processor.py:208} INFO - Processing /home/airflow/.local/lib/python3.12/site-packages/airflow/example_dags/tutorial_taskflow_api.py took 0.070 seconds
