[2025-05-07T07:03:12.228+0000] {local_task_job_runner.py:123} INFO - ::group::Pre task execution logs
[2025-05-07T07:03:12.482+0000] {taskinstance.py:2614} INFO - Dependencies all met for dep_context=non-requeueable deps ti=<TaskInstance: dags_python_with_xcom_eg1.python_xcom_push_task2 manual__2025-05-07T07:03:05.918656+00:00 [queued]>
[2025-05-07T07:03:12.511+0000] {taskinstance.py:2614} INFO - Dependencies all met for dep_context=requeueable deps ti=<TaskInstance: dags_python_with_xcom_eg1.python_xcom_push_task2 manual__2025-05-07T07:03:05.918656+00:00 [queued]>
[2025-05-07T07:03:12.512+0000] {taskinstance.py:2867} INFO - Starting attempt 1 of 1
[2025-05-07T07:03:12.546+0000] {taskinstance.py:2890} INFO - Executing <Task(_PythonDecoratedOperator): python_xcom_push_task2> on 2025-05-07 07:03:05.918656+00:00
[2025-05-07T07:03:12.559+0000] {warnings.py:112} WARNING - /home/***/.local/lib/python3.12/site-packages/***/task/task_runner/standard_task_runner.py:70: DeprecationWarning: This process (pid=6713) is multi-threaded, use of fork() may lead to deadlocks in the child.
  pid = os.fork()

[2025-05-07T07:03:12.561+0000] {standard_task_runner.py:72} INFO - Started process 6715 to run task
[2025-05-07T07:03:12.563+0000] {standard_task_runner.py:104} INFO - Running: ['***', 'tasks', 'run', 'dags_python_with_xcom_eg1', 'python_xcom_push_task2', 'manual__2025-05-07T07:03:05.918656+00:00', '--job-id', '65', '--raw', '--subdir', 'DAGS_FOLDER/dags_python_with_xcom_eg1.py', '--cfg-path', '/tmp/tmpk6850t49']
[2025-05-07T07:03:12.565+0000] {standard_task_runner.py:105} INFO - Job 65: Subtask python_xcom_push_task2
[2025-05-07T07:03:12.619+0000] {task_command.py:467} INFO - Running <TaskInstance: dags_python_with_xcom_eg1.python_xcom_push_task2 manual__2025-05-07T07:03:05.918656+00:00 [running]> on host 11348a8299f1
[2025-05-07T07:03:12.718+0000] {taskinstance.py:3134} INFO - Exporting env vars: AIRFLOW_CTX_DAG_OWNER='***' AIRFLOW_CTX_DAG_ID='dags_python_with_xcom_eg1' AIRFLOW_CTX_TASK_ID='python_xcom_push_task2' AIRFLOW_CTX_EXECUTION_DATE='2025-05-07T07:03:05.918656+00:00' AIRFLOW_CTX_TRY_NUMBER='1' AIRFLOW_CTX_DAG_RUN_ID='manual__2025-05-07T07:03:05.918656+00:00'
[2025-05-07T07:03:12.719+0000] {logging_mixin.py:190} INFO - Task instance is in running state
[2025-05-07T07:03:12.720+0000] {logging_mixin.py:190} INFO -  Previous state of the Task instance: queued
[2025-05-07T07:03:12.720+0000] {logging_mixin.py:190} INFO - Current task name:python_xcom_push_task2 state:running start_date:2025-05-07 07:03:12.483156+00:00
[2025-05-07T07:03:12.720+0000] {logging_mixin.py:190} INFO - Dag name:dags_python_with_xcom_eg1 and current dag run status:running
[2025-05-07T07:03:12.721+0000] {taskinstance.py:732} INFO - ::endgroup::
[2025-05-07T07:03:12.758+0000] {logging_mixin.py:190} INFO - <TaskInstance: dags_python_with_xcom_eg1.python_xcom_push_task2 manual__2025-05-07T07:03:05.918656+00:00 [running]>
[2025-05-07T07:03:12.758+0000] {python.py:240} INFO - Done. Returned value was: None
[2025-05-07T07:03:12.770+0000] {taskinstance.py:341} INFO - ::group::Post task execution logs
[2025-05-07T07:03:12.771+0000] {taskinstance.py:353} INFO - Marking task as SUCCESS. dag_id=dags_python_with_xcom_eg1, task_id=python_xcom_push_task2, run_id=manual__2025-05-07T07:03:05.918656+00:00, execution_date=20250507T070305, start_date=20250507T070312, end_date=20250507T070312
[2025-05-07T07:03:12.815+0000] {logging_mixin.py:190} INFO - Task instance in success state
[2025-05-07T07:03:12.816+0000] {logging_mixin.py:190} INFO -  Previous state of the Task instance: running
[2025-05-07T07:03:12.816+0000] {logging_mixin.py:190} INFO - Dag name:dags_python_with_xcom_eg1 queued_at:2025-05-07 07:03:05.932400+00:00
[2025-05-07T07:03:12.817+0000] {logging_mixin.py:190} INFO - Task hostname:11348a8299f1 operator:_PythonDecoratedOperator
[2025-05-07T07:03:12.860+0000] {local_task_job_runner.py:266} INFO - Task exited with return code 0
[2025-05-07T07:03:12.904+0000] {taskinstance.py:3901} INFO - 1 downstream tasks scheduled from follow-on schedule check
[2025-05-07T07:03:12.909+0000] {local_task_job_runner.py:245} INFO - ::endgroup::
