[2025-05-09T04:41:32.949+0000] {local_task_job_runner.py:123} INFO - ::group::Pre task execution logs
[2025-05-09T04:41:32.977+0000] {taskinstance.py:2614} INFO - Dependencies all met for dep_context=non-requeueable deps ti=<TaskInstance: dags_python_with_xcom_eg2.python_xcom_pull_2 manual__2025-05-09T04:41:28.506450+00:00 [queued]>
[2025-05-09T04:41:32.989+0000] {taskinstance.py:2614} INFO - Dependencies all met for dep_context=requeueable deps ti=<TaskInstance: dags_python_with_xcom_eg2.python_xcom_pull_2 manual__2025-05-09T04:41:28.506450+00:00 [queued]>
[2025-05-09T04:41:32.989+0000] {taskinstance.py:2867} INFO - Starting attempt 1 of 1
[2025-05-09T04:41:33.189+0000] {taskinstance.py:2890} INFO - Executing <Task(_PythonDecoratedOperator): python_xcom_pull_2> on 2025-05-09 04:41:28.506450+00:00
[2025-05-09T04:41:33.196+0000] {warnings.py:112} WARNING - /home/***/.local/lib/python3.12/site-packages/***/task/task_runner/standard_task_runner.py:70: DeprecationWarning: This process (pid=141) is multi-threaded, use of fork() may lead to deadlocks in the child.
  pid = os.fork()

[2025-05-09T04:41:33.198+0000] {standard_task_runner.py:72} INFO - Started process 150 to run task
[2025-05-09T04:41:33.198+0000] {standard_task_runner.py:104} INFO - Running: ['***', 'tasks', 'run', 'dags_python_with_xcom_eg2', 'python_xcom_pull_2', 'manual__2025-05-09T04:41:28.506450+00:00', '--job-id', '100', '--raw', '--subdir', 'DAGS_FOLDER/dags_python_with_xcom_eg2.py', '--cfg-path', '/tmp/tmpx2e2g0nw']
[2025-05-09T04:41:33.199+0000] {standard_task_runner.py:105} INFO - Job 100: Subtask python_xcom_pull_2
[2025-05-09T04:41:33.253+0000] {task_command.py:467} INFO - Running <TaskInstance: dags_python_with_xcom_eg2.python_xcom_pull_2 manual__2025-05-09T04:41:28.506450+00:00 [running]> on host 11348a8299f1
[2025-05-09T04:41:33.349+0000] {taskinstance.py:3134} INFO - Exporting env vars: AIRFLOW_CTX_DAG_OWNER='***' AIRFLOW_CTX_DAG_ID='dags_python_with_xcom_eg2' AIRFLOW_CTX_TASK_ID='python_xcom_pull_2' AIRFLOW_CTX_EXECUTION_DATE='2025-05-09T04:41:28.506450+00:00' AIRFLOW_CTX_TRY_NUMBER='1' AIRFLOW_CTX_DAG_RUN_ID='manual__2025-05-09T04:41:28.506450+00:00'
[2025-05-09T04:41:33.350+0000] {logging_mixin.py:190} INFO - Task instance is in running state
[2025-05-09T04:41:33.350+0000] {logging_mixin.py:190} INFO -  Previous state of the Task instance: queued
[2025-05-09T04:41:33.350+0000] {logging_mixin.py:190} INFO - Current task name:python_xcom_pull_2 state:running start_date:2025-05-09 04:41:32.977653+00:00
[2025-05-09T04:41:33.351+0000] {logging_mixin.py:190} INFO - Dag name:dags_python_with_xcom_eg2 and current dag run status:running
[2025-05-09T04:41:33.351+0000] {taskinstance.py:732} INFO - ::endgroup::
[2025-05-09T04:41:33.351+0000] {logging_mixin.py:190} INFO - 함수 입력값으로 받은 값: Success
[2025-05-09T04:41:33.352+0000] {python.py:240} INFO - Done. Returned value was: None
[2025-05-09T04:41:33.361+0000] {taskinstance.py:341} INFO - ::group::Post task execution logs
[2025-05-09T04:41:33.362+0000] {taskinstance.py:353} INFO - Marking task as SUCCESS. dag_id=dags_python_with_xcom_eg2, task_id=python_xcom_pull_2, run_id=manual__2025-05-09T04:41:28.506450+00:00, execution_date=20250509T044128, start_date=20250509T044132, end_date=20250509T044133
[2025-05-09T04:41:33.389+0000] {logging_mixin.py:190} INFO - Task instance in success state
[2025-05-09T04:41:33.389+0000] {logging_mixin.py:190} INFO -  Previous state of the Task instance: running
[2025-05-09T04:41:33.389+0000] {logging_mixin.py:190} INFO - Dag name:dags_python_with_xcom_eg2 queued_at:2025-05-09 04:41:28.534543+00:00
[2025-05-09T04:41:33.390+0000] {logging_mixin.py:190} INFO - Task hostname:11348a8299f1 operator:_PythonDecoratedOperator
[2025-05-09T04:41:33.413+0000] {local_task_job_runner.py:266} INFO - Task exited with return code 0
[2025-05-09T04:41:33.429+0000] {taskinstance.py:3901} INFO - 0 downstream tasks scheduled from follow-on schedule check
[2025-05-09T04:41:33.432+0000] {local_task_job_runner.py:245} INFO - ::endgroup::
