[2025-05-06T08:07:46.003+0000] {local_task_job_runner.py:123} INFO - ::group::Pre task execution logs
[2025-05-06T08:07:46.022+0000] {taskinstance.py:2614} INFO - Dependencies all met for dep_context=non-requeueable deps ti=<TaskInstance: dags_bash_operator.bash_t2 scheduled__2025-05-04T15:00:00+00:00 [queued]>
[2025-05-06T08:07:46.032+0000] {taskinstance.py:2614} INFO - Dependencies all met for dep_context=requeueable deps ti=<TaskInstance: dags_bash_operator.bash_t2 scheduled__2025-05-04T15:00:00+00:00 [queued]>
[2025-05-06T08:07:46.032+0000] {taskinstance.py:2867} INFO - Starting attempt 1 of 1
[2025-05-06T08:07:46.200+0000] {taskinstance.py:2890} INFO - Executing <Task(BashOperator): bash_t2> on 2025-05-04 15:00:00+00:00
[2025-05-06T08:07:46.213+0000] {warnings.py:112} WARNING - /home/***/.local/lib/python3.12/site-packages/***/task/task_runner/standard_task_runner.py:70: DeprecationWarning: This process (pid=110) is multi-threaded, use of fork() may lead to deadlocks in the child.
  pid = os.fork()

[2025-05-06T08:07:46.216+0000] {standard_task_runner.py:72} INFO - Started process 115 to run task
[2025-05-06T08:07:46.216+0000] {standard_task_runner.py:104} INFO - Running: ['***', 'tasks', 'run', 'dags_bash_operator', 'bash_t2', 'scheduled__2025-05-04T15:00:00+00:00', '--job-id', '33', '--raw', '--subdir', 'DAGS_FOLDER/dags_bash_operator.py', '--cfg-path', '/tmp/tmpz9w_p30o']
[2025-05-06T08:07:46.217+0000] {standard_task_runner.py:105} INFO - Job 33: Subtask bash_t2
[2025-05-06T08:07:46.263+0000] {task_command.py:467} INFO - Running <TaskInstance: dags_bash_operator.bash_t2 scheduled__2025-05-04T15:00:00+00:00 [running]> on host 11348a8299f1
[2025-05-06T08:07:46.350+0000] {taskinstance.py:3134} INFO - Exporting env vars: AIRFLOW_CTX_DAG_OWNER='***' AIRFLOW_CTX_DAG_ID='dags_bash_operator' AIRFLOW_CTX_TASK_ID='bash_t2' AIRFLOW_CTX_EXECUTION_DATE='2025-05-04T15:00:00+00:00' AIRFLOW_CTX_TRY_NUMBER='1' AIRFLOW_CTX_DAG_RUN_ID='scheduled__2025-05-04T15:00:00+00:00'
[2025-05-06T08:07:46.351+0000] {logging_mixin.py:190} INFO - Task instance is in running state
[2025-05-06T08:07:46.351+0000] {logging_mixin.py:190} INFO -  Previous state of the Task instance: queued
[2025-05-06T08:07:46.351+0000] {logging_mixin.py:190} INFO - Current task name:bash_t2 state:running start_date:2025-05-06 08:07:46.022917+00:00
[2025-05-06T08:07:46.352+0000] {logging_mixin.py:190} INFO - Dag name:dags_bash_operator and current dag run status:running
[2025-05-06T08:07:46.352+0000] {taskinstance.py:732} INFO - ::endgroup::
[2025-05-06T08:07:46.352+0000] {subprocess.py:78} INFO - Tmp dir root location: /tmp
[2025-05-06T08:07:46.353+0000] {subprocess.py:88} INFO - Running command: ['/usr/bin/bash', '-c', 'echo $HOSTNAME']
[2025-05-06T08:07:46.366+0000] {subprocess.py:99} INFO - Output:
[2025-05-06T08:07:46.367+0000] {subprocess.py:106} INFO - 11348a8299f1
[2025-05-06T08:07:46.367+0000] {subprocess.py:110} INFO - Command exited with return code 0
[2025-05-06T08:07:46.389+0000] {taskinstance.py:341} INFO - ::group::Post task execution logs
[2025-05-06T08:07:46.389+0000] {taskinstance.py:353} INFO - Marking task as SUCCESS. dag_id=dags_bash_operator, task_id=bash_t2, run_id=scheduled__2025-05-04T15:00:00+00:00, execution_date=20250504T150000, start_date=20250506T080746, end_date=20250506T080746
[2025-05-06T08:07:46.414+0000] {logging_mixin.py:190} INFO - Task instance in success state
[2025-05-06T08:07:46.415+0000] {logging_mixin.py:190} INFO -  Previous state of the Task instance: running
[2025-05-06T08:07:46.415+0000] {logging_mixin.py:190} INFO - Dag name:dags_bash_operator queued_at:2025-05-06 08:07:28.518296+00:00
[2025-05-06T08:07:46.415+0000] {logging_mixin.py:190} INFO - Task hostname:11348a8299f1 operator:BashOperator
[2025-05-06T08:07:46.433+0000] {local_task_job_runner.py:266} INFO - Task exited with return code 0
[2025-05-06T08:07:46.455+0000] {taskinstance.py:3901} INFO - 0 downstream tasks scheduled from follow-on schedule check
[2025-05-06T08:07:46.457+0000] {local_task_job_runner.py:245} INFO - ::endgroup::
