[2025-05-02T01:17:05.383+0000] {processor.py:186} INFO - Started process (PID=95) to work on /home/airflow/.local/lib/python3.12/site-packages/airflow/example_dags/example_sla_dag.py
[2025-05-02T01:17:05.384+0000] {processor.py:914} INFO - Processing file /home/airflow/.local/lib/python3.12/site-packages/airflow/example_dags/example_sla_dag.py for tasks to queue
[2025-05-02T01:17:05.387+0000] {logging_mixin.py:190} INFO - [2025-05-02T01:17:05.386+0000] {dagbag.py:588} INFO - Filling up the DagBag from /home/airflow/.local/lib/python3.12/site-packages/airflow/example_dags/example_sla_dag.py
[2025-05-02T01:17:05.400+0000] {processor.py:925} INFO - DAG(s) 'example_sla_dag' retrieved from /home/airflow/.local/lib/python3.12/site-packages/airflow/example_dags/example_sla_dag.py
[2025-05-02T01:17:05.557+0000] {logging_mixin.py:190} INFO - [2025-05-02T01:17:05.557+0000] {override.py:1912} INFO - Created Permission View: can delete on DAG:example_sla_dag
[2025-05-02T01:17:05.573+0000] {logging_mixin.py:190} INFO - [2025-05-02T01:17:05.573+0000] {override.py:1912} INFO - Created Permission View: can edit on DAG:example_sla_dag
[2025-05-02T01:17:05.588+0000] {logging_mixin.py:190} INFO - [2025-05-02T01:17:05.588+0000] {override.py:1912} INFO - Created Permission View: can read on DAG:example_sla_dag
[2025-05-02T01:17:05.604+0000] {logging_mixin.py:190} INFO - [2025-05-02T01:17:05.604+0000] {override.py:1912} INFO - Created Permission View: menu access on DAG Run:example_sla_dag
[2025-05-02T01:17:05.618+0000] {logging_mixin.py:190} INFO - [2025-05-02T01:17:05.618+0000] {override.py:1912} INFO - Created Permission View: can delete on DAG Run:example_sla_dag
[2025-05-02T01:17:05.644+0000] {logging_mixin.py:190} INFO - [2025-05-02T01:17:05.643+0000] {override.py:1912} INFO - Created Permission View: can create on DAG Run:example_sla_dag
[2025-05-02T01:17:05.656+0000] {logging_mixin.py:190} INFO - [2025-05-02T01:17:05.655+0000] {override.py:1912} INFO - Created Permission View: can read on DAG Run:example_sla_dag
[2025-05-02T01:17:05.656+0000] {logging_mixin.py:190} INFO - [2025-05-02T01:17:05.656+0000] {dag.py:3239} INFO - Sync 1 DAGs
[2025-05-02T01:17:05.673+0000] {logging_mixin.py:190} INFO - [2025-05-02T01:17:05.673+0000] {dag.py:3262} INFO - Creating ORM DAG for example_sla_dag
[2025-05-02T01:17:05.688+0000] {logging_mixin.py:190} INFO - [2025-05-02T01:17:05.688+0000] {dag.py:4180} INFO - Setting next_dagrun for example_sla_dag to 2025-05-02 01:14:00+00:00, run_after=2025-05-02 01:16:00+00:00
[2025-05-02T01:17:05.709+0000] {processor.py:208} INFO - Processing /home/airflow/.local/lib/python3.12/site-packages/airflow/example_dags/example_sla_dag.py took 0.332 seconds
[2025-05-02T01:17:36.579+0000] {processor.py:186} INFO - Started process (PID=158) to work on /home/airflow/.local/lib/python3.12/site-packages/airflow/example_dags/example_sla_dag.py
[2025-05-02T01:17:36.581+0000] {processor.py:914} INFO - Processing file /home/airflow/.local/lib/python3.12/site-packages/airflow/example_dags/example_sla_dag.py for tasks to queue
[2025-05-02T01:17:36.586+0000] {logging_mixin.py:190} INFO - [2025-05-02T01:17:36.585+0000] {dagbag.py:588} INFO - Filling up the DagBag from /home/airflow/.local/lib/python3.12/site-packages/airflow/example_dags/example_sla_dag.py
[2025-05-02T01:17:36.609+0000] {processor.py:925} INFO - DAG(s) 'example_sla_dag' retrieved from /home/airflow/.local/lib/python3.12/site-packages/airflow/example_dags/example_sla_dag.py
[2025-05-02T01:17:36.657+0000] {logging_mixin.py:190} INFO - [2025-05-02T01:17:36.656+0000] {dag.py:3239} INFO - Sync 1 DAGs
[2025-05-02T01:17:36.724+0000] {logging_mixin.py:190} INFO - [2025-05-02T01:17:36.723+0000] {dag.py:4180} INFO - Setting next_dagrun for example_sla_dag to 2025-05-02 01:14:00+00:00, run_after=2025-05-02 01:16:00+00:00
[2025-05-02T01:17:36.783+0000] {processor.py:208} INFO - Processing /home/airflow/.local/lib/python3.12/site-packages/airflow/example_dags/example_sla_dag.py took 0.218 seconds
[2025-05-02T01:18:07.426+0000] {processor.py:186} INFO - Started process (PID=220) to work on /home/airflow/.local/lib/python3.12/site-packages/airflow/example_dags/example_sla_dag.py
[2025-05-02T01:18:07.428+0000] {processor.py:914} INFO - Processing file /home/airflow/.local/lib/python3.12/site-packages/airflow/example_dags/example_sla_dag.py for tasks to queue
[2025-05-02T01:18:07.433+0000] {logging_mixin.py:190} INFO - [2025-05-02T01:18:07.432+0000] {dagbag.py:588} INFO - Filling up the DagBag from /home/airflow/.local/lib/python3.12/site-packages/airflow/example_dags/example_sla_dag.py
[2025-05-02T01:18:07.457+0000] {processor.py:925} INFO - DAG(s) 'example_sla_dag' retrieved from /home/airflow/.local/lib/python3.12/site-packages/airflow/example_dags/example_sla_dag.py
[2025-05-02T01:18:07.504+0000] {logging_mixin.py:190} INFO - [2025-05-02T01:18:07.504+0000] {dag.py:3239} INFO - Sync 1 DAGs
[2025-05-02T01:18:07.570+0000] {logging_mixin.py:190} INFO - [2025-05-02T01:18:07.570+0000] {dag.py:4180} INFO - Setting next_dagrun for example_sla_dag to 2025-05-02 01:16:00+00:00, run_after=2025-05-02 01:18:00+00:00
[2025-05-02T01:18:07.620+0000] {processor.py:208} INFO - Processing /home/airflow/.local/lib/python3.12/site-packages/airflow/example_dags/example_sla_dag.py took 0.208 seconds
[2025-05-02T01:18:37.909+0000] {processor.py:186} INFO - Started process (PID=282) to work on /home/airflow/.local/lib/python3.12/site-packages/airflow/example_dags/example_sla_dag.py
[2025-05-02T01:18:37.912+0000] {processor.py:914} INFO - Processing file /home/airflow/.local/lib/python3.12/site-packages/airflow/example_dags/example_sla_dag.py for tasks to queue
[2025-05-02T01:18:37.918+0000] {logging_mixin.py:190} INFO - [2025-05-02T01:18:37.917+0000] {dagbag.py:588} INFO - Filling up the DagBag from /home/airflow/.local/lib/python3.12/site-packages/airflow/example_dags/example_sla_dag.py
[2025-05-02T01:18:37.943+0000] {processor.py:925} INFO - DAG(s) 'example_sla_dag' retrieved from /home/airflow/.local/lib/python3.12/site-packages/airflow/example_dags/example_sla_dag.py
[2025-05-02T01:18:37.996+0000] {logging_mixin.py:190} INFO - [2025-05-02T01:18:37.995+0000] {dag.py:3239} INFO - Sync 1 DAGs
[2025-05-02T01:18:38.067+0000] {logging_mixin.py:190} INFO - [2025-05-02T01:18:38.067+0000] {dag.py:4180} INFO - Setting next_dagrun for example_sla_dag to 2025-05-02 01:16:00+00:00, run_after=2025-05-02 01:18:00+00:00
[2025-05-02T01:18:38.129+0000] {processor.py:208} INFO - Processing /home/airflow/.local/lib/python3.12/site-packages/airflow/example_dags/example_sla_dag.py took 0.234 seconds
[2025-05-02T01:19:09.094+0000] {processor.py:186} INFO - Started process (PID=344) to work on /home/airflow/.local/lib/python3.12/site-packages/airflow/example_dags/example_sla_dag.py
[2025-05-02T01:19:09.100+0000] {processor.py:914} INFO - Processing file /home/airflow/.local/lib/python3.12/site-packages/airflow/example_dags/example_sla_dag.py for tasks to queue
[2025-05-02T01:19:09.118+0000] {logging_mixin.py:190} INFO - [2025-05-02T01:19:09.116+0000] {dagbag.py:588} INFO - Filling up the DagBag from /home/airflow/.local/lib/python3.12/site-packages/airflow/example_dags/example_sla_dag.py
[2025-05-02T01:19:09.192+0000] {processor.py:925} INFO - DAG(s) 'example_sla_dag' retrieved from /home/airflow/.local/lib/python3.12/site-packages/airflow/example_dags/example_sla_dag.py
[2025-05-02T01:19:09.240+0000] {logging_mixin.py:190} INFO - [2025-05-02T01:19:09.237+0000] {dag.py:3239} INFO - Sync 1 DAGs
[2025-05-02T01:19:09.283+0000] {logging_mixin.py:190} INFO - [2025-05-02T01:19:09.282+0000] {dag.py:4180} INFO - Setting next_dagrun for example_sla_dag to 2025-05-02 01:16:00+00:00, run_after=2025-05-02 01:18:00+00:00
[2025-05-02T01:19:09.316+0000] {processor.py:208} INFO - Processing /home/airflow/.local/lib/python3.12/site-packages/airflow/example_dags/example_sla_dag.py took 0.247 seconds
[2025-05-02T01:19:39.670+0000] {processor.py:186} INFO - Started process (PID=408) to work on /home/airflow/.local/lib/python3.12/site-packages/airflow/example_dags/example_sla_dag.py
[2025-05-02T01:19:39.672+0000] {processor.py:914} INFO - Processing file /home/airflow/.local/lib/python3.12/site-packages/airflow/example_dags/example_sla_dag.py for tasks to queue
[2025-05-02T01:19:39.676+0000] {logging_mixin.py:190} INFO - [2025-05-02T01:19:39.675+0000] {dagbag.py:588} INFO - Filling up the DagBag from /home/airflow/.local/lib/python3.12/site-packages/airflow/example_dags/example_sla_dag.py
[2025-05-02T01:19:39.686+0000] {processor.py:925} INFO - DAG(s) 'example_sla_dag' retrieved from /home/airflow/.local/lib/python3.12/site-packages/airflow/example_dags/example_sla_dag.py
[2025-05-02T01:19:39.714+0000] {logging_mixin.py:190} INFO - [2025-05-02T01:19:39.713+0000] {dag.py:3239} INFO - Sync 1 DAGs
[2025-05-02T01:19:39.749+0000] {logging_mixin.py:190} INFO - [2025-05-02T01:19:39.748+0000] {dag.py:4180} INFO - Setting next_dagrun for example_sla_dag to 2025-05-02 01:16:00+00:00, run_after=2025-05-02 01:18:00+00:00
[2025-05-02T01:19:39.777+0000] {processor.py:208} INFO - Processing /home/airflow/.local/lib/python3.12/site-packages/airflow/example_dags/example_sla_dag.py took 0.113 seconds
[2025-05-02T01:20:10.043+0000] {processor.py:186} INFO - Started process (PID=470) to work on /home/airflow/.local/lib/python3.12/site-packages/airflow/example_dags/example_sla_dag.py
[2025-05-02T01:20:10.053+0000] {processor.py:914} INFO - Processing file /home/airflow/.local/lib/python3.12/site-packages/airflow/example_dags/example_sla_dag.py for tasks to queue
[2025-05-02T01:20:10.060+0000] {logging_mixin.py:190} INFO - [2025-05-02T01:20:10.059+0000] {dagbag.py:588} INFO - Filling up the DagBag from /home/airflow/.local/lib/python3.12/site-packages/airflow/example_dags/example_sla_dag.py
[2025-05-02T01:20:10.086+0000] {processor.py:925} INFO - DAG(s) 'example_sla_dag' retrieved from /home/airflow/.local/lib/python3.12/site-packages/airflow/example_dags/example_sla_dag.py
[2025-05-02T01:20:10.136+0000] {logging_mixin.py:190} INFO - [2025-05-02T01:20:10.135+0000] {dag.py:3239} INFO - Sync 1 DAGs
[2025-05-02T01:20:10.207+0000] {logging_mixin.py:190} INFO - [2025-05-02T01:20:10.206+0000] {dag.py:4180} INFO - Setting next_dagrun for example_sla_dag to 2025-05-02 01:18:00+00:00, run_after=2025-05-02 01:20:00+00:00
[2025-05-02T01:20:10.261+0000] {processor.py:208} INFO - Processing /home/airflow/.local/lib/python3.12/site-packages/airflow/example_dags/example_sla_dag.py took 0.236 seconds
[2025-05-02T01:20:41.110+0000] {processor.py:186} INFO - Started process (PID=534) to work on /home/airflow/.local/lib/python3.12/site-packages/airflow/example_dags/example_sla_dag.py
[2025-05-02T01:20:41.122+0000] {processor.py:914} INFO - Processing file /home/airflow/.local/lib/python3.12/site-packages/airflow/example_dags/example_sla_dag.py for tasks to queue
[2025-05-02T01:20:41.129+0000] {logging_mixin.py:190} INFO - [2025-05-02T01:20:41.128+0000] {dagbag.py:588} INFO - Filling up the DagBag from /home/airflow/.local/lib/python3.12/site-packages/airflow/example_dags/example_sla_dag.py
[2025-05-02T01:20:41.158+0000] {processor.py:925} INFO - DAG(s) 'example_sla_dag' retrieved from /home/airflow/.local/lib/python3.12/site-packages/airflow/example_dags/example_sla_dag.py
[2025-05-02T01:20:41.211+0000] {logging_mixin.py:190} INFO - [2025-05-02T01:20:41.211+0000] {dag.py:3239} INFO - Sync 1 DAGs
[2025-05-02T01:20:41.292+0000] {logging_mixin.py:190} INFO - [2025-05-02T01:20:41.292+0000] {dag.py:4180} INFO - Setting next_dagrun for example_sla_dag to 2025-05-02 01:18:00+00:00, run_after=2025-05-02 01:20:00+00:00
[2025-05-02T01:20:41.353+0000] {processor.py:208} INFO - Processing /home/airflow/.local/lib/python3.12/site-packages/airflow/example_dags/example_sla_dag.py took 0.262 seconds
[2025-05-02T01:21:11.492+0000] {processor.py:186} INFO - Started process (PID=597) to work on /home/airflow/.local/lib/python3.12/site-packages/airflow/example_dags/example_sla_dag.py
[2025-05-02T01:21:11.505+0000] {processor.py:914} INFO - Processing file /home/airflow/.local/lib/python3.12/site-packages/airflow/example_dags/example_sla_dag.py for tasks to queue
[2025-05-02T01:21:11.523+0000] {logging_mixin.py:190} INFO - [2025-05-02T01:21:11.521+0000] {dagbag.py:588} INFO - Filling up the DagBag from /home/airflow/.local/lib/python3.12/site-packages/airflow/example_dags/example_sla_dag.py
[2025-05-02T01:21:11.575+0000] {processor.py:925} INFO - DAG(s) 'example_sla_dag' retrieved from /home/airflow/.local/lib/python3.12/site-packages/airflow/example_dags/example_sla_dag.py
[2025-05-02T01:21:11.668+0000] {logging_mixin.py:190} INFO - [2025-05-02T01:21:11.667+0000] {dag.py:3239} INFO - Sync 1 DAGs
[2025-05-02T01:21:11.785+0000] {logging_mixin.py:190} INFO - [2025-05-02T01:21:11.785+0000] {dag.py:4180} INFO - Setting next_dagrun for example_sla_dag to 2025-05-02 01:18:00+00:00, run_after=2025-05-02 01:20:00+00:00
[2025-05-02T01:21:11.901+0000] {processor.py:208} INFO - Processing /home/airflow/.local/lib/python3.12/site-packages/airflow/example_dags/example_sla_dag.py took 0.431 seconds
[2025-05-02T01:21:42.047+0000] {processor.py:186} INFO - Started process (PID=660) to work on /home/airflow/.local/lib/python3.12/site-packages/airflow/example_dags/example_sla_dag.py
[2025-05-02T01:21:42.048+0000] {processor.py:914} INFO - Processing file /home/airflow/.local/lib/python3.12/site-packages/airflow/example_dags/example_sla_dag.py for tasks to queue
[2025-05-02T01:21:42.050+0000] {logging_mixin.py:190} INFO - [2025-05-02T01:21:42.050+0000] {dagbag.py:588} INFO - Filling up the DagBag from /home/airflow/.local/lib/python3.12/site-packages/airflow/example_dags/example_sla_dag.py
[2025-05-02T01:21:42.063+0000] {processor.py:925} INFO - DAG(s) 'example_sla_dag' retrieved from /home/airflow/.local/lib/python3.12/site-packages/airflow/example_dags/example_sla_dag.py
[2025-05-02T01:21:42.084+0000] {logging_mixin.py:190} INFO - [2025-05-02T01:21:42.083+0000] {dag.py:3239} INFO - Sync 1 DAGs
[2025-05-02T01:21:42.113+0000] {logging_mixin.py:190} INFO - [2025-05-02T01:21:42.113+0000] {dag.py:4180} INFO - Setting next_dagrun for example_sla_dag to 2025-05-02 01:18:00+00:00, run_after=2025-05-02 01:20:00+00:00
[2025-05-02T01:21:42.138+0000] {processor.py:208} INFO - Processing /home/airflow/.local/lib/python3.12/site-packages/airflow/example_dags/example_sla_dag.py took 0.099 seconds
[2025-05-02T01:22:12.323+0000] {processor.py:186} INFO - Started process (PID=724) to work on /home/airflow/.local/lib/python3.12/site-packages/airflow/example_dags/example_sla_dag.py
[2025-05-02T01:22:12.326+0000] {processor.py:914} INFO - Processing file /home/airflow/.local/lib/python3.12/site-packages/airflow/example_dags/example_sla_dag.py for tasks to queue
[2025-05-02T01:22:12.330+0000] {logging_mixin.py:190} INFO - [2025-05-02T01:22:12.329+0000] {dagbag.py:588} INFO - Filling up the DagBag from /home/airflow/.local/lib/python3.12/site-packages/airflow/example_dags/example_sla_dag.py
[2025-05-02T01:22:12.346+0000] {processor.py:925} INFO - DAG(s) 'example_sla_dag' retrieved from /home/airflow/.local/lib/python3.12/site-packages/airflow/example_dags/example_sla_dag.py
[2025-05-02T01:22:12.375+0000] {logging_mixin.py:190} INFO - [2025-05-02T01:22:12.375+0000] {dag.py:3239} INFO - Sync 1 DAGs
[2025-05-02T01:22:12.414+0000] {logging_mixin.py:190} INFO - [2025-05-02T01:22:12.414+0000] {dag.py:4180} INFO - Setting next_dagrun for example_sla_dag to 2025-05-02 01:20:00+00:00, run_after=2025-05-02 01:22:00+00:00
[2025-05-02T01:22:12.448+0000] {processor.py:208} INFO - Processing /home/airflow/.local/lib/python3.12/site-packages/airflow/example_dags/example_sla_dag.py took 0.138 seconds
[2025-05-02T01:22:42.675+0000] {processor.py:186} INFO - Started process (PID=786) to work on /home/airflow/.local/lib/python3.12/site-packages/airflow/example_dags/example_sla_dag.py
[2025-05-02T01:22:42.676+0000] {processor.py:914} INFO - Processing file /home/airflow/.local/lib/python3.12/site-packages/airflow/example_dags/example_sla_dag.py for tasks to queue
[2025-05-02T01:22:42.678+0000] {logging_mixin.py:190} INFO - [2025-05-02T01:22:42.678+0000] {dagbag.py:588} INFO - Filling up the DagBag from /home/airflow/.local/lib/python3.12/site-packages/airflow/example_dags/example_sla_dag.py
[2025-05-02T01:22:42.705+0000] {processor.py:925} INFO - DAG(s) 'example_sla_dag' retrieved from /home/airflow/.local/lib/python3.12/site-packages/airflow/example_dags/example_sla_dag.py
[2025-05-02T01:22:42.734+0000] {logging_mixin.py:190} INFO - [2025-05-02T01:22:42.734+0000] {dag.py:3239} INFO - Sync 1 DAGs
[2025-05-02T01:22:42.762+0000] {logging_mixin.py:190} INFO - [2025-05-02T01:22:42.762+0000] {dag.py:4180} INFO - Setting next_dagrun for example_sla_dag to 2025-05-02 01:20:00+00:00, run_after=2025-05-02 01:22:00+00:00
[2025-05-02T01:22:42.781+0000] {processor.py:208} INFO - Processing /home/airflow/.local/lib/python3.12/site-packages/airflow/example_dags/example_sla_dag.py took 0.112 seconds
[2025-05-02T01:23:13.638+0000] {processor.py:186} INFO - Started process (PID=849) to work on /home/airflow/.local/lib/python3.12/site-packages/airflow/example_dags/example_sla_dag.py
[2025-05-02T01:23:13.641+0000] {processor.py:914} INFO - Processing file /home/airflow/.local/lib/python3.12/site-packages/airflow/example_dags/example_sla_dag.py for tasks to queue
[2025-05-02T01:23:13.645+0000] {logging_mixin.py:190} INFO - [2025-05-02T01:23:13.644+0000] {dagbag.py:588} INFO - Filling up the DagBag from /home/airflow/.local/lib/python3.12/site-packages/airflow/example_dags/example_sla_dag.py
[2025-05-02T01:23:13.665+0000] {processor.py:925} INFO - DAG(s) 'example_sla_dag' retrieved from /home/airflow/.local/lib/python3.12/site-packages/airflow/example_dags/example_sla_dag.py
[2025-05-02T01:23:13.688+0000] {logging_mixin.py:190} INFO - [2025-05-02T01:23:13.688+0000] {dag.py:3239} INFO - Sync 1 DAGs
[2025-05-02T01:23:13.715+0000] {logging_mixin.py:190} INFO - [2025-05-02T01:23:13.715+0000] {dag.py:4180} INFO - Setting next_dagrun for example_sla_dag to 2025-05-02 01:20:00+00:00, run_after=2025-05-02 01:22:00+00:00
[2025-05-02T01:23:13.738+0000] {processor.py:208} INFO - Processing /home/airflow/.local/lib/python3.12/site-packages/airflow/example_dags/example_sla_dag.py took 0.112 seconds
[2025-05-02T01:23:44.210+0000] {processor.py:186} INFO - Started process (PID=912) to work on /home/airflow/.local/lib/python3.12/site-packages/airflow/example_dags/example_sla_dag.py
[2025-05-02T01:23:44.212+0000] {processor.py:914} INFO - Processing file /home/airflow/.local/lib/python3.12/site-packages/airflow/example_dags/example_sla_dag.py for tasks to queue
[2025-05-02T01:23:44.214+0000] {logging_mixin.py:190} INFO - [2025-05-02T01:23:44.214+0000] {dagbag.py:588} INFO - Filling up the DagBag from /home/airflow/.local/lib/python3.12/site-packages/airflow/example_dags/example_sla_dag.py
[2025-05-02T01:23:44.225+0000] {processor.py:925} INFO - DAG(s) 'example_sla_dag' retrieved from /home/airflow/.local/lib/python3.12/site-packages/airflow/example_dags/example_sla_dag.py
[2025-05-02T01:23:44.246+0000] {logging_mixin.py:190} INFO - [2025-05-02T01:23:44.245+0000] {dag.py:3239} INFO - Sync 1 DAGs
[2025-05-02T01:23:44.271+0000] {logging_mixin.py:190} INFO - [2025-05-02T01:23:44.271+0000] {dag.py:4180} INFO - Setting next_dagrun for example_sla_dag to 2025-05-02 01:20:00+00:00, run_after=2025-05-02 01:22:00+00:00
[2025-05-02T01:23:44.294+0000] {processor.py:208} INFO - Processing /home/airflow/.local/lib/python3.12/site-packages/airflow/example_dags/example_sla_dag.py took 0.090 seconds
[2025-05-02T01:24:14.959+0000] {processor.py:186} INFO - Started process (PID=975) to work on /home/airflow/.local/lib/python3.12/site-packages/airflow/example_dags/example_sla_dag.py
[2025-05-02T01:24:14.964+0000] {processor.py:914} INFO - Processing file /home/airflow/.local/lib/python3.12/site-packages/airflow/example_dags/example_sla_dag.py for tasks to queue
[2025-05-02T01:24:14.981+0000] {logging_mixin.py:190} INFO - [2025-05-02T01:24:14.980+0000] {dagbag.py:588} INFO - Filling up the DagBag from /home/airflow/.local/lib/python3.12/site-packages/airflow/example_dags/example_sla_dag.py
[2025-05-02T01:24:15.014+0000] {processor.py:925} INFO - DAG(s) 'example_sla_dag' retrieved from /home/airflow/.local/lib/python3.12/site-packages/airflow/example_dags/example_sla_dag.py
[2025-05-02T01:24:15.061+0000] {logging_mixin.py:190} INFO - [2025-05-02T01:24:15.060+0000] {dag.py:3239} INFO - Sync 1 DAGs
[2025-05-02T01:24:15.132+0000] {logging_mixin.py:190} INFO - [2025-05-02T01:24:15.131+0000] {dag.py:4180} INFO - Setting next_dagrun for example_sla_dag to 2025-05-02 01:22:00+00:00, run_after=2025-05-02 01:24:00+00:00
[2025-05-02T01:24:15.176+0000] {processor.py:208} INFO - Processing /home/airflow/.local/lib/python3.12/site-packages/airflow/example_dags/example_sla_dag.py took 0.237 seconds
[2025-05-02T01:24:45.406+0000] {processor.py:186} INFO - Started process (PID=1038) to work on /home/airflow/.local/lib/python3.12/site-packages/airflow/example_dags/example_sla_dag.py
[2025-05-02T01:24:45.409+0000] {processor.py:914} INFO - Processing file /home/airflow/.local/lib/python3.12/site-packages/airflow/example_dags/example_sla_dag.py for tasks to queue
[2025-05-02T01:24:45.413+0000] {logging_mixin.py:190} INFO - [2025-05-02T01:24:45.413+0000] {dagbag.py:588} INFO - Filling up the DagBag from /home/airflow/.local/lib/python3.12/site-packages/airflow/example_dags/example_sla_dag.py
[2025-05-02T01:24:45.431+0000] {processor.py:925} INFO - DAG(s) 'example_sla_dag' retrieved from /home/airflow/.local/lib/python3.12/site-packages/airflow/example_dags/example_sla_dag.py
[2025-05-02T01:24:45.460+0000] {logging_mixin.py:190} INFO - [2025-05-02T01:24:45.459+0000] {dag.py:3239} INFO - Sync 1 DAGs
[2025-05-02T01:24:45.492+0000] {logging_mixin.py:190} INFO - [2025-05-02T01:24:45.492+0000] {dag.py:4180} INFO - Setting next_dagrun for example_sla_dag to 2025-05-02 01:22:00+00:00, run_after=2025-05-02 01:24:00+00:00
[2025-05-02T01:24:45.526+0000] {processor.py:208} INFO - Processing /home/airflow/.local/lib/python3.12/site-packages/airflow/example_dags/example_sla_dag.py took 0.132 seconds
[2025-05-02T01:25:15.951+0000] {processor.py:186} INFO - Started process (PID=1101) to work on /home/airflow/.local/lib/python3.12/site-packages/airflow/example_dags/example_sla_dag.py
[2025-05-02T01:25:15.956+0000] {processor.py:914} INFO - Processing file /home/airflow/.local/lib/python3.12/site-packages/airflow/example_dags/example_sla_dag.py for tasks to queue
[2025-05-02T01:25:15.964+0000] {logging_mixin.py:190} INFO - [2025-05-02T01:25:15.963+0000] {dagbag.py:588} INFO - Filling up the DagBag from /home/airflow/.local/lib/python3.12/site-packages/airflow/example_dags/example_sla_dag.py
[2025-05-02T01:25:16.009+0000] {processor.py:925} INFO - DAG(s) 'example_sla_dag' retrieved from /home/airflow/.local/lib/python3.12/site-packages/airflow/example_dags/example_sla_dag.py
[2025-05-02T01:25:16.059+0000] {logging_mixin.py:190} INFO - [2025-05-02T01:25:16.059+0000] {dag.py:3239} INFO - Sync 1 DAGs
[2025-05-02T01:25:16.130+0000] {logging_mixin.py:190} INFO - [2025-05-02T01:25:16.130+0000] {dag.py:4180} INFO - Setting next_dagrun for example_sla_dag to 2025-05-02 01:22:00+00:00, run_after=2025-05-02 01:24:00+00:00
[2025-05-02T01:25:16.187+0000] {processor.py:208} INFO - Processing /home/airflow/.local/lib/python3.12/site-packages/airflow/example_dags/example_sla_dag.py took 0.257 seconds
[2025-05-02T01:25:46.431+0000] {processor.py:186} INFO - Started process (PID=1164) to work on /home/airflow/.local/lib/python3.12/site-packages/airflow/example_dags/example_sla_dag.py
[2025-05-02T01:25:46.433+0000] {processor.py:914} INFO - Processing file /home/airflow/.local/lib/python3.12/site-packages/airflow/example_dags/example_sla_dag.py for tasks to queue
[2025-05-02T01:25:46.440+0000] {logging_mixin.py:190} INFO - [2025-05-02T01:25:46.439+0000] {dagbag.py:588} INFO - Filling up the DagBag from /home/airflow/.local/lib/python3.12/site-packages/airflow/example_dags/example_sla_dag.py
[2025-05-02T01:25:46.459+0000] {processor.py:925} INFO - DAG(s) 'example_sla_dag' retrieved from /home/airflow/.local/lib/python3.12/site-packages/airflow/example_dags/example_sla_dag.py
[2025-05-02T01:25:46.491+0000] {logging_mixin.py:190} INFO - [2025-05-02T01:25:46.490+0000] {dag.py:3239} INFO - Sync 1 DAGs
[2025-05-02T01:25:46.528+0000] {logging_mixin.py:190} INFO - [2025-05-02T01:25:46.527+0000] {dag.py:4180} INFO - Setting next_dagrun for example_sla_dag to 2025-05-02 01:22:00+00:00, run_after=2025-05-02 01:24:00+00:00
[2025-05-02T01:25:46.560+0000] {processor.py:208} INFO - Processing /home/airflow/.local/lib/python3.12/site-packages/airflow/example_dags/example_sla_dag.py took 0.145 seconds
[2025-05-02T01:26:16.672+0000] {processor.py:186} INFO - Started process (PID=1228) to work on /home/airflow/.local/lib/python3.12/site-packages/airflow/example_dags/example_sla_dag.py
[2025-05-02T01:26:16.679+0000] {processor.py:914} INFO - Processing file /home/airflow/.local/lib/python3.12/site-packages/airflow/example_dags/example_sla_dag.py for tasks to queue
[2025-05-02T01:26:16.681+0000] {logging_mixin.py:190} INFO - [2025-05-02T01:26:16.681+0000] {dagbag.py:588} INFO - Filling up the DagBag from /home/airflow/.local/lib/python3.12/site-packages/airflow/example_dags/example_sla_dag.py
[2025-05-02T01:26:16.694+0000] {processor.py:925} INFO - DAG(s) 'example_sla_dag' retrieved from /home/airflow/.local/lib/python3.12/site-packages/airflow/example_dags/example_sla_dag.py
[2025-05-02T01:26:16.718+0000] {logging_mixin.py:190} INFO - [2025-05-02T01:26:16.717+0000] {dag.py:3239} INFO - Sync 1 DAGs
[2025-05-02T01:26:16.745+0000] {logging_mixin.py:190} INFO - [2025-05-02T01:26:16.745+0000] {dag.py:4180} INFO - Setting next_dagrun for example_sla_dag to 2025-05-02 01:24:00+00:00, run_after=2025-05-02 01:26:00+00:00
[2025-05-02T01:26:16.770+0000] {processor.py:208} INFO - Processing /home/airflow/.local/lib/python3.12/site-packages/airflow/example_dags/example_sla_dag.py took 0.103 seconds
[2025-05-02T01:26:47.417+0000] {processor.py:186} INFO - Started process (PID=1291) to work on /home/airflow/.local/lib/python3.12/site-packages/airflow/example_dags/example_sla_dag.py
[2025-05-02T01:26:47.420+0000] {processor.py:914} INFO - Processing file /home/airflow/.local/lib/python3.12/site-packages/airflow/example_dags/example_sla_dag.py for tasks to queue
[2025-05-02T01:26:47.426+0000] {logging_mixin.py:190} INFO - [2025-05-02T01:26:47.425+0000] {dagbag.py:588} INFO - Filling up the DagBag from /home/airflow/.local/lib/python3.12/site-packages/airflow/example_dags/example_sla_dag.py
[2025-05-02T01:26:47.459+0000] {processor.py:925} INFO - DAG(s) 'example_sla_dag' retrieved from /home/airflow/.local/lib/python3.12/site-packages/airflow/example_dags/example_sla_dag.py
[2025-05-02T01:26:47.497+0000] {logging_mixin.py:190} INFO - [2025-05-02T01:26:47.496+0000] {dag.py:3239} INFO - Sync 1 DAGs
[2025-05-02T01:26:47.532+0000] {logging_mixin.py:190} INFO - [2025-05-02T01:26:47.532+0000] {dag.py:4180} INFO - Setting next_dagrun for example_sla_dag to 2025-05-02 01:24:00+00:00, run_after=2025-05-02 01:26:00+00:00
[2025-05-02T01:26:47.564+0000] {processor.py:208} INFO - Processing /home/airflow/.local/lib/python3.12/site-packages/airflow/example_dags/example_sla_dag.py took 0.169 seconds
[2025-05-02T01:27:18.389+0000] {processor.py:186} INFO - Started process (PID=1354) to work on /home/airflow/.local/lib/python3.12/site-packages/airflow/example_dags/example_sla_dag.py
[2025-05-02T01:27:18.393+0000] {processor.py:914} INFO - Processing file /home/airflow/.local/lib/python3.12/site-packages/airflow/example_dags/example_sla_dag.py for tasks to queue
[2025-05-02T01:27:18.398+0000] {logging_mixin.py:190} INFO - [2025-05-02T01:27:18.398+0000] {dagbag.py:588} INFO - Filling up the DagBag from /home/airflow/.local/lib/python3.12/site-packages/airflow/example_dags/example_sla_dag.py
[2025-05-02T01:27:18.412+0000] {processor.py:925} INFO - DAG(s) 'example_sla_dag' retrieved from /home/airflow/.local/lib/python3.12/site-packages/airflow/example_dags/example_sla_dag.py
[2025-05-02T01:27:18.445+0000] {logging_mixin.py:190} INFO - [2025-05-02T01:27:18.444+0000] {dag.py:3239} INFO - Sync 1 DAGs
[2025-05-02T01:27:18.474+0000] {logging_mixin.py:190} INFO - [2025-05-02T01:27:18.474+0000] {dag.py:4180} INFO - Setting next_dagrun for example_sla_dag to 2025-05-02 01:24:00+00:00, run_after=2025-05-02 01:26:00+00:00
[2025-05-02T01:27:18.502+0000] {processor.py:208} INFO - Processing /home/airflow/.local/lib/python3.12/site-packages/airflow/example_dags/example_sla_dag.py took 0.143 seconds
[2025-05-02T01:27:49.278+0000] {processor.py:186} INFO - Started process (PID=1417) to work on /home/airflow/.local/lib/python3.12/site-packages/airflow/example_dags/example_sla_dag.py
[2025-05-02T01:27:49.281+0000] {processor.py:914} INFO - Processing file /home/airflow/.local/lib/python3.12/site-packages/airflow/example_dags/example_sla_dag.py for tasks to queue
[2025-05-02T01:27:49.287+0000] {logging_mixin.py:190} INFO - [2025-05-02T01:27:49.287+0000] {dagbag.py:588} INFO - Filling up the DagBag from /home/airflow/.local/lib/python3.12/site-packages/airflow/example_dags/example_sla_dag.py
[2025-05-02T01:27:49.307+0000] {processor.py:925} INFO - DAG(s) 'example_sla_dag' retrieved from /home/airflow/.local/lib/python3.12/site-packages/airflow/example_dags/example_sla_dag.py
[2025-05-02T01:27:49.345+0000] {logging_mixin.py:190} INFO - [2025-05-02T01:27:49.344+0000] {dag.py:3239} INFO - Sync 1 DAGs
[2025-05-02T01:27:49.376+0000] {logging_mixin.py:190} INFO - [2025-05-02T01:27:49.376+0000] {dag.py:4180} INFO - Setting next_dagrun for example_sla_dag to 2025-05-02 01:24:00+00:00, run_after=2025-05-02 01:26:00+00:00
[2025-05-02T01:27:49.399+0000] {processor.py:208} INFO - Processing /home/airflow/.local/lib/python3.12/site-packages/airflow/example_dags/example_sla_dag.py took 0.141 seconds
[2025-05-02T01:28:19.826+0000] {processor.py:186} INFO - Started process (PID=1480) to work on /home/airflow/.local/lib/python3.12/site-packages/airflow/example_dags/example_sla_dag.py
[2025-05-02T01:28:19.830+0000] {processor.py:914} INFO - Processing file /home/airflow/.local/lib/python3.12/site-packages/airflow/example_dags/example_sla_dag.py for tasks to queue
[2025-05-02T01:28:19.833+0000] {logging_mixin.py:190} INFO - [2025-05-02T01:28:19.833+0000] {dagbag.py:588} INFO - Filling up the DagBag from /home/airflow/.local/lib/python3.12/site-packages/airflow/example_dags/example_sla_dag.py
[2025-05-02T01:28:19.852+0000] {processor.py:925} INFO - DAG(s) 'example_sla_dag' retrieved from /home/airflow/.local/lib/python3.12/site-packages/airflow/example_dags/example_sla_dag.py
[2025-05-02T01:28:19.875+0000] {logging_mixin.py:190} INFO - [2025-05-02T01:28:19.875+0000] {dag.py:3239} INFO - Sync 1 DAGs
[2025-05-02T01:28:19.906+0000] {logging_mixin.py:190} INFO - [2025-05-02T01:28:19.905+0000] {dag.py:4180} INFO - Setting next_dagrun for example_sla_dag to 2025-05-02 01:26:00+00:00, run_after=2025-05-02 01:28:00+00:00
[2025-05-02T01:28:19.928+0000] {processor.py:208} INFO - Processing /home/airflow/.local/lib/python3.12/site-packages/airflow/example_dags/example_sla_dag.py took 0.121 seconds
[2025-05-02T01:28:50.274+0000] {processor.py:186} INFO - Started process (PID=1543) to work on /home/airflow/.local/lib/python3.12/site-packages/airflow/example_dags/example_sla_dag.py
[2025-05-02T01:28:50.279+0000] {processor.py:914} INFO - Processing file /home/airflow/.local/lib/python3.12/site-packages/airflow/example_dags/example_sla_dag.py for tasks to queue
[2025-05-02T01:28:50.282+0000] {logging_mixin.py:190} INFO - [2025-05-02T01:28:50.281+0000] {dagbag.py:588} INFO - Filling up the DagBag from /home/airflow/.local/lib/python3.12/site-packages/airflow/example_dags/example_sla_dag.py
[2025-05-02T01:28:50.294+0000] {processor.py:925} INFO - DAG(s) 'example_sla_dag' retrieved from /home/airflow/.local/lib/python3.12/site-packages/airflow/example_dags/example_sla_dag.py
[2025-05-02T01:28:50.320+0000] {logging_mixin.py:190} INFO - [2025-05-02T01:28:50.320+0000] {dag.py:3239} INFO - Sync 1 DAGs
[2025-05-02T01:28:50.352+0000] {logging_mixin.py:190} INFO - [2025-05-02T01:28:50.352+0000] {dag.py:4180} INFO - Setting next_dagrun for example_sla_dag to 2025-05-02 01:26:00+00:00, run_after=2025-05-02 01:28:00+00:00
[2025-05-02T01:28:50.381+0000] {processor.py:208} INFO - Processing /home/airflow/.local/lib/python3.12/site-packages/airflow/example_dags/example_sla_dag.py took 0.116 seconds
[2025-05-02T01:29:20.990+0000] {processor.py:186} INFO - Started process (PID=1606) to work on /home/airflow/.local/lib/python3.12/site-packages/airflow/example_dags/example_sla_dag.py
[2025-05-02T01:29:20.992+0000] {processor.py:914} INFO - Processing file /home/airflow/.local/lib/python3.12/site-packages/airflow/example_dags/example_sla_dag.py for tasks to queue
[2025-05-02T01:29:20.995+0000] {logging_mixin.py:190} INFO - [2025-05-02T01:29:20.995+0000] {dagbag.py:588} INFO - Filling up the DagBag from /home/airflow/.local/lib/python3.12/site-packages/airflow/example_dags/example_sla_dag.py
[2025-05-02T01:29:21.013+0000] {processor.py:925} INFO - DAG(s) 'example_sla_dag' retrieved from /home/airflow/.local/lib/python3.12/site-packages/airflow/example_dags/example_sla_dag.py
[2025-05-02T01:29:21.045+0000] {logging_mixin.py:190} INFO - [2025-05-02T01:29:21.045+0000] {dag.py:3239} INFO - Sync 1 DAGs
[2025-05-02T01:29:21.071+0000] {logging_mixin.py:190} INFO - [2025-05-02T01:29:21.071+0000] {dag.py:4180} INFO - Setting next_dagrun for example_sla_dag to 2025-05-02 01:26:00+00:00, run_after=2025-05-02 01:28:00+00:00
[2025-05-02T01:29:21.093+0000] {processor.py:208} INFO - Processing /home/airflow/.local/lib/python3.12/site-packages/airflow/example_dags/example_sla_dag.py took 0.116 seconds
[2025-05-02T01:29:51.995+0000] {processor.py:186} INFO - Started process (PID=1669) to work on /home/airflow/.local/lib/python3.12/site-packages/airflow/example_dags/example_sla_dag.py
[2025-05-02T01:29:51.997+0000] {processor.py:914} INFO - Processing file /home/airflow/.local/lib/python3.12/site-packages/airflow/example_dags/example_sla_dag.py for tasks to queue
[2025-05-02T01:29:51.999+0000] {logging_mixin.py:190} INFO - [2025-05-02T01:29:51.999+0000] {dagbag.py:588} INFO - Filling up the DagBag from /home/airflow/.local/lib/python3.12/site-packages/airflow/example_dags/example_sla_dag.py
[2025-05-02T01:29:52.011+0000] {processor.py:925} INFO - DAG(s) 'example_sla_dag' retrieved from /home/airflow/.local/lib/python3.12/site-packages/airflow/example_dags/example_sla_dag.py
[2025-05-02T01:29:52.035+0000] {logging_mixin.py:190} INFO - [2025-05-02T01:29:52.035+0000] {dag.py:3239} INFO - Sync 1 DAGs
[2025-05-02T01:29:52.074+0000] {logging_mixin.py:190} INFO - [2025-05-02T01:29:52.074+0000] {dag.py:4180} INFO - Setting next_dagrun for example_sla_dag to 2025-05-02 01:26:00+00:00, run_after=2025-05-02 01:28:00+00:00
[2025-05-02T01:29:52.107+0000] {processor.py:208} INFO - Processing /home/airflow/.local/lib/python3.12/site-packages/airflow/example_dags/example_sla_dag.py took 0.119 seconds
[2025-05-02T01:30:22.731+0000] {processor.py:186} INFO - Started process (PID=1733) to work on /home/airflow/.local/lib/python3.12/site-packages/airflow/example_dags/example_sla_dag.py
[2025-05-02T01:30:22.734+0000] {processor.py:914} INFO - Processing file /home/airflow/.local/lib/python3.12/site-packages/airflow/example_dags/example_sla_dag.py for tasks to queue
[2025-05-02T01:30:22.740+0000] {logging_mixin.py:190} INFO - [2025-05-02T01:30:22.739+0000] {dagbag.py:588} INFO - Filling up the DagBag from /home/airflow/.local/lib/python3.12/site-packages/airflow/example_dags/example_sla_dag.py
[2025-05-02T01:30:22.782+0000] {processor.py:925} INFO - DAG(s) 'example_sla_dag' retrieved from /home/airflow/.local/lib/python3.12/site-packages/airflow/example_dags/example_sla_dag.py
[2025-05-02T01:30:22.838+0000] {logging_mixin.py:190} INFO - [2025-05-02T01:30:22.837+0000] {dag.py:3239} INFO - Sync 1 DAGs
[2025-05-02T01:30:22.896+0000] {logging_mixin.py:190} INFO - [2025-05-02T01:30:22.896+0000] {dag.py:4180} INFO - Setting next_dagrun for example_sla_dag to 2025-05-02 01:28:00+00:00, run_after=2025-05-02 01:30:00+00:00
[2025-05-02T01:30:22.920+0000] {processor.py:208} INFO - Processing /home/airflow/.local/lib/python3.12/site-packages/airflow/example_dags/example_sla_dag.py took 0.204 seconds
[2025-05-02T01:30:53.577+0000] {processor.py:186} INFO - Started process (PID=1796) to work on /home/airflow/.local/lib/python3.12/site-packages/airflow/example_dags/example_sla_dag.py
[2025-05-02T01:30:53.596+0000] {processor.py:914} INFO - Processing file /home/airflow/.local/lib/python3.12/site-packages/airflow/example_dags/example_sla_dag.py for tasks to queue
[2025-05-02T01:30:53.602+0000] {logging_mixin.py:190} INFO - [2025-05-02T01:30:53.601+0000] {dagbag.py:588} INFO - Filling up the DagBag from /home/airflow/.local/lib/python3.12/site-packages/airflow/example_dags/example_sla_dag.py
[2025-05-02T01:30:53.644+0000] {processor.py:925} INFO - DAG(s) 'example_sla_dag' retrieved from /home/airflow/.local/lib/python3.12/site-packages/airflow/example_dags/example_sla_dag.py
[2025-05-02T01:30:53.703+0000] {logging_mixin.py:190} INFO - [2025-05-02T01:30:53.701+0000] {dag.py:3239} INFO - Sync 1 DAGs
[2025-05-02T01:30:53.775+0000] {logging_mixin.py:190} INFO - [2025-05-02T01:30:53.775+0000] {dag.py:4180} INFO - Setting next_dagrun for example_sla_dag to 2025-05-02 01:28:00+00:00, run_after=2025-05-02 01:30:00+00:00
[2025-05-02T01:30:53.829+0000] {processor.py:208} INFO - Processing /home/airflow/.local/lib/python3.12/site-packages/airflow/example_dags/example_sla_dag.py took 0.271 seconds
[2025-05-02T01:31:24.470+0000] {processor.py:186} INFO - Started process (PID=1859) to work on /home/airflow/.local/lib/python3.12/site-packages/airflow/example_dags/example_sla_dag.py
[2025-05-02T01:31:24.475+0000] {processor.py:914} INFO - Processing file /home/airflow/.local/lib/python3.12/site-packages/airflow/example_dags/example_sla_dag.py for tasks to queue
[2025-05-02T01:31:24.478+0000] {logging_mixin.py:190} INFO - [2025-05-02T01:31:24.477+0000] {dagbag.py:588} INFO - Filling up the DagBag from /home/airflow/.local/lib/python3.12/site-packages/airflow/example_dags/example_sla_dag.py
[2025-05-02T01:31:24.496+0000] {processor.py:925} INFO - DAG(s) 'example_sla_dag' retrieved from /home/airflow/.local/lib/python3.12/site-packages/airflow/example_dags/example_sla_dag.py
[2025-05-02T01:31:24.521+0000] {logging_mixin.py:190} INFO - [2025-05-02T01:31:24.521+0000] {dag.py:3239} INFO - Sync 1 DAGs
[2025-05-02T01:31:24.551+0000] {logging_mixin.py:190} INFO - [2025-05-02T01:31:24.550+0000] {dag.py:4180} INFO - Setting next_dagrun for example_sla_dag to 2025-05-02 01:28:00+00:00, run_after=2025-05-02 01:30:00+00:00
[2025-05-02T01:31:24.577+0000] {processor.py:208} INFO - Processing /home/airflow/.local/lib/python3.12/site-packages/airflow/example_dags/example_sla_dag.py took 0.117 seconds
[2025-05-02T01:31:54.688+0000] {processor.py:186} INFO - Started process (PID=1922) to work on /home/airflow/.local/lib/python3.12/site-packages/airflow/example_dags/example_sla_dag.py
[2025-05-02T01:31:54.691+0000] {processor.py:914} INFO - Processing file /home/airflow/.local/lib/python3.12/site-packages/airflow/example_dags/example_sla_dag.py for tasks to queue
[2025-05-02T01:31:54.694+0000] {logging_mixin.py:190} INFO - [2025-05-02T01:31:54.694+0000] {dagbag.py:588} INFO - Filling up the DagBag from /home/airflow/.local/lib/python3.12/site-packages/airflow/example_dags/example_sla_dag.py
[2025-05-02T01:31:54.707+0000] {processor.py:925} INFO - DAG(s) 'example_sla_dag' retrieved from /home/airflow/.local/lib/python3.12/site-packages/airflow/example_dags/example_sla_dag.py
[2025-05-02T01:31:54.733+0000] {logging_mixin.py:190} INFO - [2025-05-02T01:31:54.733+0000] {dag.py:3239} INFO - Sync 1 DAGs
[2025-05-02T01:31:54.762+0000] {logging_mixin.py:190} INFO - [2025-05-02T01:31:54.762+0000] {dag.py:4180} INFO - Setting next_dagrun for example_sla_dag to 2025-05-02 01:28:00+00:00, run_after=2025-05-02 01:30:00+00:00
[2025-05-02T01:31:54.782+0000] {processor.py:208} INFO - Processing /home/airflow/.local/lib/python3.12/site-packages/airflow/example_dags/example_sla_dag.py took 0.103 seconds
[2025-05-02T01:32:25.964+0000] {processor.py:186} INFO - Started process (PID=1985) to work on /home/airflow/.local/lib/python3.12/site-packages/airflow/example_dags/example_sla_dag.py
[2025-05-02T01:32:25.967+0000] {processor.py:914} INFO - Processing file /home/airflow/.local/lib/python3.12/site-packages/airflow/example_dags/example_sla_dag.py for tasks to queue
[2025-05-02T01:32:25.974+0000] {logging_mixin.py:190} INFO - [2025-05-02T01:32:25.971+0000] {dagbag.py:588} INFO - Filling up the DagBag from /home/airflow/.local/lib/python3.12/site-packages/airflow/example_dags/example_sla_dag.py
[2025-05-02T01:32:26.006+0000] {processor.py:925} INFO - DAG(s) 'example_sla_dag' retrieved from /home/airflow/.local/lib/python3.12/site-packages/airflow/example_dags/example_sla_dag.py
[2025-05-02T01:32:26.059+0000] {logging_mixin.py:190} INFO - [2025-05-02T01:32:26.059+0000] {dag.py:3239} INFO - Sync 1 DAGs
[2025-05-02T01:32:26.148+0000] {logging_mixin.py:190} INFO - [2025-05-02T01:32:26.148+0000] {dag.py:4180} INFO - Setting next_dagrun for example_sla_dag to 2025-05-02 01:30:00+00:00, run_after=2025-05-02 01:32:00+00:00
[2025-05-02T01:32:26.226+0000] {processor.py:208} INFO - Processing /home/airflow/.local/lib/python3.12/site-packages/airflow/example_dags/example_sla_dag.py took 0.276 seconds
[2025-05-02T01:32:57.257+0000] {processor.py:186} INFO - Started process (PID=2048) to work on /home/airflow/.local/lib/python3.12/site-packages/airflow/example_dags/example_sla_dag.py
[2025-05-02T01:32:57.258+0000] {processor.py:914} INFO - Processing file /home/airflow/.local/lib/python3.12/site-packages/airflow/example_dags/example_sla_dag.py for tasks to queue
[2025-05-02T01:32:57.262+0000] {logging_mixin.py:190} INFO - [2025-05-02T01:32:57.261+0000] {dagbag.py:588} INFO - Filling up the DagBag from /home/airflow/.local/lib/python3.12/site-packages/airflow/example_dags/example_sla_dag.py
[2025-05-02T01:32:57.275+0000] {processor.py:925} INFO - DAG(s) 'example_sla_dag' retrieved from /home/airflow/.local/lib/python3.12/site-packages/airflow/example_dags/example_sla_dag.py
[2025-05-02T01:32:57.302+0000] {logging_mixin.py:190} INFO - [2025-05-02T01:32:57.301+0000] {dag.py:3239} INFO - Sync 1 DAGs
[2025-05-02T01:32:57.335+0000] {logging_mixin.py:190} INFO - [2025-05-02T01:32:57.335+0000] {dag.py:4180} INFO - Setting next_dagrun for example_sla_dag to 2025-05-02 01:30:00+00:00, run_after=2025-05-02 01:32:00+00:00
[2025-05-02T01:32:57.361+0000] {processor.py:208} INFO - Processing /home/airflow/.local/lib/python3.12/site-packages/airflow/example_dags/example_sla_dag.py took 0.115 seconds
[2025-05-02T01:33:28.458+0000] {processor.py:186} INFO - Started process (PID=2109) to work on /home/airflow/.local/lib/python3.12/site-packages/airflow/example_dags/example_sla_dag.py
[2025-05-02T01:33:28.459+0000] {processor.py:914} INFO - Processing file /home/airflow/.local/lib/python3.12/site-packages/airflow/example_dags/example_sla_dag.py for tasks to queue
[2025-05-02T01:33:28.462+0000] {logging_mixin.py:190} INFO - [2025-05-02T01:33:28.461+0000] {dagbag.py:588} INFO - Filling up the DagBag from /home/airflow/.local/lib/python3.12/site-packages/airflow/example_dags/example_sla_dag.py
[2025-05-02T01:33:28.474+0000] {processor.py:925} INFO - DAG(s) 'example_sla_dag' retrieved from /home/airflow/.local/lib/python3.12/site-packages/airflow/example_dags/example_sla_dag.py
[2025-05-02T01:33:28.494+0000] {logging_mixin.py:190} INFO - [2025-05-02T01:33:28.493+0000] {dag.py:3239} INFO - Sync 1 DAGs
[2025-05-02T01:33:28.521+0000] {logging_mixin.py:190} INFO - [2025-05-02T01:33:28.521+0000] {dag.py:4180} INFO - Setting next_dagrun for example_sla_dag to 2025-05-02 01:30:00+00:00, run_after=2025-05-02 01:32:00+00:00
[2025-05-02T01:33:28.544+0000] {processor.py:208} INFO - Processing /home/airflow/.local/lib/python3.12/site-packages/airflow/example_dags/example_sla_dag.py took 0.092 seconds
[2025-05-02T01:33:58.923+0000] {processor.py:186} INFO - Started process (PID=2166) to work on /home/airflow/.local/lib/python3.12/site-packages/airflow/example_dags/example_sla_dag.py
[2025-05-02T01:33:58.925+0000] {processor.py:914} INFO - Processing file /home/airflow/.local/lib/python3.12/site-packages/airflow/example_dags/example_sla_dag.py for tasks to queue
[2025-05-02T01:33:58.927+0000] {logging_mixin.py:190} INFO - [2025-05-02T01:33:58.927+0000] {dagbag.py:588} INFO - Filling up the DagBag from /home/airflow/.local/lib/python3.12/site-packages/airflow/example_dags/example_sla_dag.py
[2025-05-02T01:33:58.938+0000] {processor.py:925} INFO - DAG(s) 'example_sla_dag' retrieved from /home/airflow/.local/lib/python3.12/site-packages/airflow/example_dags/example_sla_dag.py
[2025-05-02T01:33:58.956+0000] {logging_mixin.py:190} INFO - [2025-05-02T01:33:58.956+0000] {dag.py:3239} INFO - Sync 1 DAGs
[2025-05-02T01:33:58.980+0000] {logging_mixin.py:190} INFO - [2025-05-02T01:33:58.980+0000] {dag.py:4180} INFO - Setting next_dagrun for example_sla_dag to 2025-05-02 01:30:00+00:00, run_after=2025-05-02 01:32:00+00:00
[2025-05-02T01:33:59.001+0000] {processor.py:208} INFO - Processing /home/airflow/.local/lib/python3.12/site-packages/airflow/example_dags/example_sla_dag.py took 0.084 seconds
[2025-05-02T01:34:30.230+0000] {processor.py:186} INFO - Started process (PID=2229) to work on /home/airflow/.local/lib/python3.12/site-packages/airflow/example_dags/example_sla_dag.py
[2025-05-02T01:34:30.232+0000] {processor.py:914} INFO - Processing file /home/airflow/.local/lib/python3.12/site-packages/airflow/example_dags/example_sla_dag.py for tasks to queue
[2025-05-02T01:34:30.235+0000] {logging_mixin.py:190} INFO - [2025-05-02T01:34:30.234+0000] {dagbag.py:588} INFO - Filling up the DagBag from /home/airflow/.local/lib/python3.12/site-packages/airflow/example_dags/example_sla_dag.py
[2025-05-02T01:34:30.247+0000] {processor.py:925} INFO - DAG(s) 'example_sla_dag' retrieved from /home/airflow/.local/lib/python3.12/site-packages/airflow/example_dags/example_sla_dag.py
[2025-05-02T01:34:30.273+0000] {logging_mixin.py:190} INFO - [2025-05-02T01:34:30.272+0000] {dag.py:3239} INFO - Sync 1 DAGs
[2025-05-02T01:34:30.303+0000] {logging_mixin.py:190} INFO - [2025-05-02T01:34:30.302+0000] {dag.py:4180} INFO - Setting next_dagrun for example_sla_dag to 2025-05-02 01:32:00+00:00, run_after=2025-05-02 01:34:00+00:00
[2025-05-02T01:34:30.331+0000] {processor.py:208} INFO - Processing /home/airflow/.local/lib/python3.12/site-packages/airflow/example_dags/example_sla_dag.py took 0.108 seconds
[2025-05-02T01:35:00.917+0000] {processor.py:186} INFO - Started process (PID=2292) to work on /home/airflow/.local/lib/python3.12/site-packages/airflow/example_dags/example_sla_dag.py
[2025-05-02T01:35:00.920+0000] {processor.py:914} INFO - Processing file /home/airflow/.local/lib/python3.12/site-packages/airflow/example_dags/example_sla_dag.py for tasks to queue
[2025-05-02T01:35:00.923+0000] {logging_mixin.py:190} INFO - [2025-05-02T01:35:00.923+0000] {dagbag.py:588} INFO - Filling up the DagBag from /home/airflow/.local/lib/python3.12/site-packages/airflow/example_dags/example_sla_dag.py
[2025-05-02T01:35:00.937+0000] {processor.py:925} INFO - DAG(s) 'example_sla_dag' retrieved from /home/airflow/.local/lib/python3.12/site-packages/airflow/example_dags/example_sla_dag.py
[2025-05-02T01:35:00.962+0000] {logging_mixin.py:190} INFO - [2025-05-02T01:35:00.962+0000] {dag.py:3239} INFO - Sync 1 DAGs
[2025-05-02T01:35:00.989+0000] {logging_mixin.py:190} INFO - [2025-05-02T01:35:00.989+0000] {dag.py:4180} INFO - Setting next_dagrun for example_sla_dag to 2025-05-02 01:32:00+00:00, run_after=2025-05-02 01:34:00+00:00
[2025-05-02T01:35:01.008+0000] {processor.py:208} INFO - Processing /home/airflow/.local/lib/python3.12/site-packages/airflow/example_dags/example_sla_dag.py took 0.100 seconds
[2025-05-02T01:35:31.624+0000] {processor.py:186} INFO - Started process (PID=2354) to work on /home/airflow/.local/lib/python3.12/site-packages/airflow/example_dags/example_sla_dag.py
[2025-05-02T01:35:31.626+0000] {processor.py:914} INFO - Processing file /home/airflow/.local/lib/python3.12/site-packages/airflow/example_dags/example_sla_dag.py for tasks to queue
[2025-05-02T01:35:31.628+0000] {logging_mixin.py:190} INFO - [2025-05-02T01:35:31.628+0000] {dagbag.py:588} INFO - Filling up the DagBag from /home/airflow/.local/lib/python3.12/site-packages/airflow/example_dags/example_sla_dag.py
[2025-05-02T01:35:31.640+0000] {processor.py:925} INFO - DAG(s) 'example_sla_dag' retrieved from /home/airflow/.local/lib/python3.12/site-packages/airflow/example_dags/example_sla_dag.py
[2025-05-02T01:35:31.668+0000] {logging_mixin.py:190} INFO - [2025-05-02T01:35:31.668+0000] {dag.py:3239} INFO - Sync 1 DAGs
[2025-05-02T01:35:31.706+0000] {logging_mixin.py:190} INFO - [2025-05-02T01:35:31.706+0000] {dag.py:4180} INFO - Setting next_dagrun for example_sla_dag to 2025-05-02 01:32:00+00:00, run_after=2025-05-02 01:34:00+00:00
[2025-05-02T01:35:31.732+0000] {processor.py:208} INFO - Processing /home/airflow/.local/lib/python3.12/site-packages/airflow/example_dags/example_sla_dag.py took 0.115 seconds
[2025-05-02T01:36:03.008+0000] {processor.py:186} INFO - Started process (PID=2404) to work on /home/airflow/.local/lib/python3.12/site-packages/airflow/example_dags/example_sla_dag.py
[2025-05-02T01:36:03.011+0000] {processor.py:914} INFO - Processing file /home/airflow/.local/lib/python3.12/site-packages/airflow/example_dags/example_sla_dag.py for tasks to queue
[2025-05-02T01:36:03.014+0000] {logging_mixin.py:190} INFO - [2025-05-02T01:36:03.014+0000] {dagbag.py:588} INFO - Filling up the DagBag from /home/airflow/.local/lib/python3.12/site-packages/airflow/example_dags/example_sla_dag.py
[2025-05-02T01:36:03.032+0000] {processor.py:925} INFO - DAG(s) 'example_sla_dag' retrieved from /home/airflow/.local/lib/python3.12/site-packages/airflow/example_dags/example_sla_dag.py
[2025-05-02T01:36:03.066+0000] {logging_mixin.py:190} INFO - [2025-05-02T01:36:03.066+0000] {dag.py:3239} INFO - Sync 1 DAGs
[2025-05-02T01:36:03.114+0000] {logging_mixin.py:190} INFO - [2025-05-02T01:36:03.113+0000] {dag.py:4180} INFO - Setting next_dagrun for example_sla_dag to 2025-05-02 01:34:00+00:00, run_after=2025-05-02 01:36:00+00:00
[2025-05-02T01:36:03.143+0000] {processor.py:208} INFO - Processing /home/airflow/.local/lib/python3.12/site-packages/airflow/example_dags/example_sla_dag.py took 0.145 seconds
[2025-05-02T01:36:33.681+0000] {processor.py:186} INFO - Started process (PID=2467) to work on /home/airflow/.local/lib/python3.12/site-packages/airflow/example_dags/example_sla_dag.py
[2025-05-02T01:36:33.684+0000] {processor.py:914} INFO - Processing file /home/airflow/.local/lib/python3.12/site-packages/airflow/example_dags/example_sla_dag.py for tasks to queue
[2025-05-02T01:36:33.687+0000] {logging_mixin.py:190} INFO - [2025-05-02T01:36:33.686+0000] {dagbag.py:588} INFO - Filling up the DagBag from /home/airflow/.local/lib/python3.12/site-packages/airflow/example_dags/example_sla_dag.py
[2025-05-02T01:36:33.699+0000] {processor.py:925} INFO - DAG(s) 'example_sla_dag' retrieved from /home/airflow/.local/lib/python3.12/site-packages/airflow/example_dags/example_sla_dag.py
[2025-05-02T01:36:33.721+0000] {logging_mixin.py:190} INFO - [2025-05-02T01:36:33.721+0000] {dag.py:3239} INFO - Sync 1 DAGs
[2025-05-02T01:36:33.750+0000] {logging_mixin.py:190} INFO - [2025-05-02T01:36:33.750+0000] {dag.py:4180} INFO - Setting next_dagrun for example_sla_dag to 2025-05-02 01:34:00+00:00, run_after=2025-05-02 01:36:00+00:00
[2025-05-02T01:36:33.771+0000] {processor.py:208} INFO - Processing /home/airflow/.local/lib/python3.12/site-packages/airflow/example_dags/example_sla_dag.py took 0.101 seconds
[2025-05-02T01:37:04.715+0000] {processor.py:186} INFO - Started process (PID=2523) to work on /home/airflow/.local/lib/python3.12/site-packages/airflow/example_dags/example_sla_dag.py
[2025-05-02T01:37:04.716+0000] {processor.py:914} INFO - Processing file /home/airflow/.local/lib/python3.12/site-packages/airflow/example_dags/example_sla_dag.py for tasks to queue
[2025-05-02T01:37:04.718+0000] {logging_mixin.py:190} INFO - [2025-05-02T01:37:04.718+0000] {dagbag.py:588} INFO - Filling up the DagBag from /home/airflow/.local/lib/python3.12/site-packages/airflow/example_dags/example_sla_dag.py
[2025-05-02T01:37:04.728+0000] {processor.py:925} INFO - DAG(s) 'example_sla_dag' retrieved from /home/airflow/.local/lib/python3.12/site-packages/airflow/example_dags/example_sla_dag.py
[2025-05-02T01:37:04.746+0000] {logging_mixin.py:190} INFO - [2025-05-02T01:37:04.745+0000] {dag.py:3239} INFO - Sync 1 DAGs
[2025-05-02T01:37:04.770+0000] {logging_mixin.py:190} INFO - [2025-05-02T01:37:04.770+0000] {dag.py:4180} INFO - Setting next_dagrun for example_sla_dag to 2025-05-02 01:34:00+00:00, run_after=2025-05-02 01:36:00+00:00
[2025-05-02T01:37:04.789+0000] {processor.py:208} INFO - Processing /home/airflow/.local/lib/python3.12/site-packages/airflow/example_dags/example_sla_dag.py took 0.080 seconds
[2025-05-02T01:37:36.131+0000] {processor.py:186} INFO - Started process (PID=2586) to work on /home/airflow/.local/lib/python3.12/site-packages/airflow/example_dags/example_sla_dag.py
[2025-05-02T01:37:36.132+0000] {processor.py:914} INFO - Processing file /home/airflow/.local/lib/python3.12/site-packages/airflow/example_dags/example_sla_dag.py for tasks to queue
[2025-05-02T01:37:36.133+0000] {logging_mixin.py:190} INFO - [2025-05-02T01:37:36.133+0000] {dagbag.py:588} INFO - Filling up the DagBag from /home/airflow/.local/lib/python3.12/site-packages/airflow/example_dags/example_sla_dag.py
[2025-05-02T01:37:36.143+0000] {processor.py:925} INFO - DAG(s) 'example_sla_dag' retrieved from /home/airflow/.local/lib/python3.12/site-packages/airflow/example_dags/example_sla_dag.py
[2025-05-02T01:37:36.162+0000] {logging_mixin.py:190} INFO - [2025-05-02T01:37:36.161+0000] {dag.py:3239} INFO - Sync 1 DAGs
[2025-05-02T01:37:36.186+0000] {logging_mixin.py:190} INFO - [2025-05-02T01:37:36.186+0000] {dag.py:4180} INFO - Setting next_dagrun for example_sla_dag to 2025-05-02 01:34:00+00:00, run_after=2025-05-02 01:36:00+00:00
[2025-05-02T01:37:36.209+0000] {processor.py:208} INFO - Processing /home/airflow/.local/lib/python3.12/site-packages/airflow/example_dags/example_sla_dag.py took 0.084 seconds
[2025-05-02T01:38:06.307+0000] {processor.py:186} INFO - Started process (PID=2648) to work on /home/airflow/.local/lib/python3.12/site-packages/airflow/example_dags/example_sla_dag.py
[2025-05-02T01:38:06.309+0000] {processor.py:914} INFO - Processing file /home/airflow/.local/lib/python3.12/site-packages/airflow/example_dags/example_sla_dag.py for tasks to queue
[2025-05-02T01:38:06.313+0000] {logging_mixin.py:190} INFO - [2025-05-02T01:38:06.312+0000] {dagbag.py:588} INFO - Filling up the DagBag from /home/airflow/.local/lib/python3.12/site-packages/airflow/example_dags/example_sla_dag.py
[2025-05-02T01:38:06.327+0000] {processor.py:925} INFO - DAG(s) 'example_sla_dag' retrieved from /home/airflow/.local/lib/python3.12/site-packages/airflow/example_dags/example_sla_dag.py
[2025-05-02T01:38:06.352+0000] {logging_mixin.py:190} INFO - [2025-05-02T01:38:06.351+0000] {dag.py:3239} INFO - Sync 1 DAGs
[2025-05-02T01:38:06.385+0000] {logging_mixin.py:190} INFO - [2025-05-02T01:38:06.385+0000] {dag.py:4180} INFO - Setting next_dagrun for example_sla_dag to 2025-05-02 01:36:00+00:00, run_after=2025-05-02 01:38:00+00:00
[2025-05-02T01:38:06.409+0000] {processor.py:208} INFO - Processing /home/airflow/.local/lib/python3.12/site-packages/airflow/example_dags/example_sla_dag.py took 0.110 seconds
[2025-05-02T01:38:37.649+0000] {processor.py:186} INFO - Started process (PID=2711) to work on /home/airflow/.local/lib/python3.12/site-packages/airflow/example_dags/example_sla_dag.py
[2025-05-02T01:38:37.650+0000] {processor.py:914} INFO - Processing file /home/airflow/.local/lib/python3.12/site-packages/airflow/example_dags/example_sla_dag.py for tasks to queue
[2025-05-02T01:38:37.654+0000] {logging_mixin.py:190} INFO - [2025-05-02T01:38:37.653+0000] {dagbag.py:588} INFO - Filling up the DagBag from /home/airflow/.local/lib/python3.12/site-packages/airflow/example_dags/example_sla_dag.py
[2025-05-02T01:38:37.667+0000] {processor.py:925} INFO - DAG(s) 'example_sla_dag' retrieved from /home/airflow/.local/lib/python3.12/site-packages/airflow/example_dags/example_sla_dag.py
[2025-05-02T01:38:37.692+0000] {logging_mixin.py:190} INFO - [2025-05-02T01:38:37.691+0000] {dag.py:3239} INFO - Sync 1 DAGs
[2025-05-02T01:38:37.722+0000] {logging_mixin.py:190} INFO - [2025-05-02T01:38:37.722+0000] {dag.py:4180} INFO - Setting next_dagrun for example_sla_dag to 2025-05-02 01:36:00+00:00, run_after=2025-05-02 01:38:00+00:00
[2025-05-02T01:38:37.749+0000] {processor.py:208} INFO - Processing /home/airflow/.local/lib/python3.12/site-packages/airflow/example_dags/example_sla_dag.py took 0.107 seconds
[2025-05-02T01:39:08.475+0000] {processor.py:186} INFO - Started process (PID=2769) to work on /home/airflow/.local/lib/python3.12/site-packages/airflow/example_dags/example_sla_dag.py
[2025-05-02T01:39:08.477+0000] {processor.py:914} INFO - Processing file /home/airflow/.local/lib/python3.12/site-packages/airflow/example_dags/example_sla_dag.py for tasks to queue
[2025-05-02T01:39:08.479+0000] {logging_mixin.py:190} INFO - [2025-05-02T01:39:08.479+0000] {dagbag.py:588} INFO - Filling up the DagBag from /home/airflow/.local/lib/python3.12/site-packages/airflow/example_dags/example_sla_dag.py
[2025-05-02T01:39:08.492+0000] {processor.py:925} INFO - DAG(s) 'example_sla_dag' retrieved from /home/airflow/.local/lib/python3.12/site-packages/airflow/example_dags/example_sla_dag.py
[2025-05-02T01:39:08.518+0000] {logging_mixin.py:190} INFO - [2025-05-02T01:39:08.517+0000] {dag.py:3239} INFO - Sync 1 DAGs
[2025-05-02T01:39:08.559+0000] {logging_mixin.py:190} INFO - [2025-05-02T01:39:08.559+0000] {dag.py:4180} INFO - Setting next_dagrun for example_sla_dag to 2025-05-02 01:36:00+00:00, run_after=2025-05-02 01:38:00+00:00
[2025-05-02T01:39:08.597+0000] {processor.py:208} INFO - Processing /home/airflow/.local/lib/python3.12/site-packages/airflow/example_dags/example_sla_dag.py took 0.128 seconds
[2025-05-02T01:39:38.915+0000] {processor.py:186} INFO - Started process (PID=2829) to work on /home/airflow/.local/lib/python3.12/site-packages/airflow/example_dags/example_sla_dag.py
[2025-05-02T01:39:38.916+0000] {processor.py:914} INFO - Processing file /home/airflow/.local/lib/python3.12/site-packages/airflow/example_dags/example_sla_dag.py for tasks to queue
[2025-05-02T01:39:38.920+0000] {logging_mixin.py:190} INFO - [2025-05-02T01:39:38.919+0000] {dagbag.py:588} INFO - Filling up the DagBag from /home/airflow/.local/lib/python3.12/site-packages/airflow/example_dags/example_sla_dag.py
[2025-05-02T01:39:38.934+0000] {processor.py:925} INFO - DAG(s) 'example_sla_dag' retrieved from /home/airflow/.local/lib/python3.12/site-packages/airflow/example_dags/example_sla_dag.py
[2025-05-02T01:39:38.963+0000] {logging_mixin.py:190} INFO - [2025-05-02T01:39:38.963+0000] {dag.py:3239} INFO - Sync 1 DAGs
[2025-05-02T01:39:38.994+0000] {logging_mixin.py:190} INFO - [2025-05-02T01:39:38.994+0000] {dag.py:4180} INFO - Setting next_dagrun for example_sla_dag to 2025-05-02 01:36:00+00:00, run_after=2025-05-02 01:38:00+00:00
[2025-05-02T01:39:39.026+0000] {processor.py:208} INFO - Processing /home/airflow/.local/lib/python3.12/site-packages/airflow/example_dags/example_sla_dag.py took 0.120 seconds
[2025-05-02T01:40:11.449+0000] {processor.py:186} INFO - Started process (PID=2898) to work on /home/airflow/.local/lib/python3.12/site-packages/airflow/example_dags/example_sla_dag.py
[2025-05-02T01:40:11.451+0000] {processor.py:914} INFO - Processing file /home/airflow/.local/lib/python3.12/site-packages/airflow/example_dags/example_sla_dag.py for tasks to queue
[2025-05-02T01:40:11.457+0000] {logging_mixin.py:190} INFO - [2025-05-02T01:40:11.456+0000] {dagbag.py:588} INFO - Filling up the DagBag from /home/airflow/.local/lib/python3.12/site-packages/airflow/example_dags/example_sla_dag.py
[2025-05-02T01:40:11.482+0000] {processor.py:925} INFO - DAG(s) 'example_sla_dag' retrieved from /home/airflow/.local/lib/python3.12/site-packages/airflow/example_dags/example_sla_dag.py
[2025-05-02T01:40:11.527+0000] {logging_mixin.py:190} INFO - [2025-05-02T01:40:11.527+0000] {dag.py:3239} INFO - Sync 1 DAGs
[2025-05-02T01:40:11.597+0000] {logging_mixin.py:190} INFO - [2025-05-02T01:40:11.596+0000] {dag.py:4180} INFO - Setting next_dagrun for example_sla_dag to 2025-05-02 01:38:00+00:00, run_after=2025-05-02 01:40:00+00:00
[2025-05-02T01:40:11.643+0000] {processor.py:208} INFO - Processing /home/airflow/.local/lib/python3.12/site-packages/airflow/example_dags/example_sla_dag.py took 0.208 seconds
[2025-05-02T01:40:42.252+0000] {processor.py:186} INFO - Started process (PID=2961) to work on /home/airflow/.local/lib/python3.12/site-packages/airflow/example_dags/example_sla_dag.py
[2025-05-02T01:40:42.254+0000] {processor.py:914} INFO - Processing file /home/airflow/.local/lib/python3.12/site-packages/airflow/example_dags/example_sla_dag.py for tasks to queue
[2025-05-02T01:40:42.257+0000] {logging_mixin.py:190} INFO - [2025-05-02T01:40:42.256+0000] {dagbag.py:588} INFO - Filling up the DagBag from /home/airflow/.local/lib/python3.12/site-packages/airflow/example_dags/example_sla_dag.py
[2025-05-02T01:40:42.272+0000] {processor.py:925} INFO - DAG(s) 'example_sla_dag' retrieved from /home/airflow/.local/lib/python3.12/site-packages/airflow/example_dags/example_sla_dag.py
[2025-05-02T01:40:42.306+0000] {logging_mixin.py:190} INFO - [2025-05-02T01:40:42.306+0000] {dag.py:3239} INFO - Sync 1 DAGs
[2025-05-02T01:40:42.363+0000] {logging_mixin.py:190} INFO - [2025-05-02T01:40:42.362+0000] {dag.py:4180} INFO - Setting next_dagrun for example_sla_dag to 2025-05-02 01:38:00+00:00, run_after=2025-05-02 01:40:00+00:00
[2025-05-02T01:40:42.407+0000] {processor.py:208} INFO - Processing /home/airflow/.local/lib/python3.12/site-packages/airflow/example_dags/example_sla_dag.py took 0.164 seconds
[2025-05-02T01:41:13.261+0000] {processor.py:186} INFO - Started process (PID=3023) to work on /home/airflow/.local/lib/python3.12/site-packages/airflow/example_dags/example_sla_dag.py
[2025-05-02T01:41:13.265+0000] {processor.py:914} INFO - Processing file /home/airflow/.local/lib/python3.12/site-packages/airflow/example_dags/example_sla_dag.py for tasks to queue
[2025-05-02T01:41:13.274+0000] {logging_mixin.py:190} INFO - [2025-05-02T01:41:13.273+0000] {dagbag.py:588} INFO - Filling up the DagBag from /home/airflow/.local/lib/python3.12/site-packages/airflow/example_dags/example_sla_dag.py
[2025-05-02T01:41:13.304+0000] {processor.py:925} INFO - DAG(s) 'example_sla_dag' retrieved from /home/airflow/.local/lib/python3.12/site-packages/airflow/example_dags/example_sla_dag.py
[2025-05-02T01:41:13.356+0000] {logging_mixin.py:190} INFO - [2025-05-02T01:41:13.356+0000] {dag.py:3239} INFO - Sync 1 DAGs
[2025-05-02T01:41:13.386+0000] {logging_mixin.py:190} INFO - [2025-05-02T01:41:13.385+0000] {dag.py:4180} INFO - Setting next_dagrun for example_sla_dag to 2025-05-02 01:38:00+00:00, run_after=2025-05-02 01:40:00+00:00
[2025-05-02T01:41:13.421+0000] {processor.py:208} INFO - Processing /home/airflow/.local/lib/python3.12/site-packages/airflow/example_dags/example_sla_dag.py took 0.181 seconds
[2025-05-02T01:41:44.101+0000] {processor.py:186} INFO - Started process (PID=3084) to work on /home/airflow/.local/lib/python3.12/site-packages/airflow/example_dags/example_sla_dag.py
[2025-05-02T01:41:44.103+0000] {processor.py:914} INFO - Processing file /home/airflow/.local/lib/python3.12/site-packages/airflow/example_dags/example_sla_dag.py for tasks to queue
[2025-05-02T01:41:44.109+0000] {logging_mixin.py:190} INFO - [2025-05-02T01:41:44.108+0000] {dagbag.py:588} INFO - Filling up the DagBag from /home/airflow/.local/lib/python3.12/site-packages/airflow/example_dags/example_sla_dag.py
[2025-05-02T01:41:44.133+0000] {processor.py:925} INFO - DAG(s) 'example_sla_dag' retrieved from /home/airflow/.local/lib/python3.12/site-packages/airflow/example_dags/example_sla_dag.py
[2025-05-02T01:41:44.162+0000] {logging_mixin.py:190} INFO - [2025-05-02T01:41:44.161+0000] {dag.py:3239} INFO - Sync 1 DAGs
[2025-05-02T01:41:44.196+0000] {logging_mixin.py:190} INFO - [2025-05-02T01:41:44.196+0000] {dag.py:4180} INFO - Setting next_dagrun for example_sla_dag to 2025-05-02 01:38:00+00:00, run_after=2025-05-02 01:40:00+00:00
[2025-05-02T01:41:44.237+0000] {processor.py:208} INFO - Processing /home/airflow/.local/lib/python3.12/site-packages/airflow/example_dags/example_sla_dag.py took 0.150 seconds
[2025-05-02T01:42:14.594+0000] {processor.py:186} INFO - Started process (PID=3147) to work on /home/airflow/.local/lib/python3.12/site-packages/airflow/example_dags/example_sla_dag.py
[2025-05-02T01:42:14.601+0000] {processor.py:914} INFO - Processing file /home/airflow/.local/lib/python3.12/site-packages/airflow/example_dags/example_sla_dag.py for tasks to queue
[2025-05-02T01:42:14.610+0000] {logging_mixin.py:190} INFO - [2025-05-02T01:42:14.608+0000] {dagbag.py:588} INFO - Filling up the DagBag from /home/airflow/.local/lib/python3.12/site-packages/airflow/example_dags/example_sla_dag.py
[2025-05-02T01:42:14.644+0000] {processor.py:925} INFO - DAG(s) 'example_sla_dag' retrieved from /home/airflow/.local/lib/python3.12/site-packages/airflow/example_dags/example_sla_dag.py
[2025-05-02T01:42:14.699+0000] {logging_mixin.py:190} INFO - [2025-05-02T01:42:14.698+0000] {dag.py:3239} INFO - Sync 1 DAGs
[2025-05-02T01:42:14.788+0000] {logging_mixin.py:190} INFO - [2025-05-02T01:42:14.787+0000] {dag.py:4180} INFO - Setting next_dagrun for example_sla_dag to 2025-05-02 01:40:00+00:00, run_after=2025-05-02 01:42:00+00:00
[2025-05-02T01:42:14.860+0000] {processor.py:208} INFO - Processing /home/airflow/.local/lib/python3.12/site-packages/airflow/example_dags/example_sla_dag.py took 0.292 seconds
[2025-05-02T01:42:45.469+0000] {processor.py:186} INFO - Started process (PID=3210) to work on /home/airflow/.local/lib/python3.12/site-packages/airflow/example_dags/example_sla_dag.py
[2025-05-02T01:42:45.473+0000] {processor.py:914} INFO - Processing file /home/airflow/.local/lib/python3.12/site-packages/airflow/example_dags/example_sla_dag.py for tasks to queue
[2025-05-02T01:42:45.478+0000] {logging_mixin.py:190} INFO - [2025-05-02T01:42:45.477+0000] {dagbag.py:588} INFO - Filling up the DagBag from /home/airflow/.local/lib/python3.12/site-packages/airflow/example_dags/example_sla_dag.py
[2025-05-02T01:42:45.505+0000] {processor.py:925} INFO - DAG(s) 'example_sla_dag' retrieved from /home/airflow/.local/lib/python3.12/site-packages/airflow/example_dags/example_sla_dag.py
[2025-05-02T01:42:45.558+0000] {logging_mixin.py:190} INFO - [2025-05-02T01:42:45.558+0000] {dag.py:3239} INFO - Sync 1 DAGs
[2025-05-02T01:42:45.599+0000] {logging_mixin.py:190} INFO - [2025-05-02T01:42:45.598+0000] {dag.py:4180} INFO - Setting next_dagrun for example_sla_dag to 2025-05-02 01:40:00+00:00, run_after=2025-05-02 01:42:00+00:00
[2025-05-02T01:42:45.634+0000] {processor.py:208} INFO - Processing /home/airflow/.local/lib/python3.12/site-packages/airflow/example_dags/example_sla_dag.py took 0.200 seconds
[2025-05-02T01:43:15.730+0000] {processor.py:186} INFO - Started process (PID=3273) to work on /home/airflow/.local/lib/python3.12/site-packages/airflow/example_dags/example_sla_dag.py
[2025-05-02T01:43:15.733+0000] {processor.py:914} INFO - Processing file /home/airflow/.local/lib/python3.12/site-packages/airflow/example_dags/example_sla_dag.py for tasks to queue
[2025-05-02T01:43:15.740+0000] {logging_mixin.py:190} INFO - [2025-05-02T01:43:15.739+0000] {dagbag.py:588} INFO - Filling up the DagBag from /home/airflow/.local/lib/python3.12/site-packages/airflow/example_dags/example_sla_dag.py
[2025-05-02T01:43:15.770+0000] {processor.py:925} INFO - DAG(s) 'example_sla_dag' retrieved from /home/airflow/.local/lib/python3.12/site-packages/airflow/example_dags/example_sla_dag.py
[2025-05-02T01:43:15.829+0000] {logging_mixin.py:190} INFO - [2025-05-02T01:43:15.828+0000] {dag.py:3239} INFO - Sync 1 DAGs
[2025-05-02T01:43:15.935+0000] {logging_mixin.py:190} INFO - [2025-05-02T01:43:15.934+0000] {dag.py:4180} INFO - Setting next_dagrun for example_sla_dag to 2025-05-02 01:40:00+00:00, run_after=2025-05-02 01:42:00+00:00
[2025-05-02T01:43:15.980+0000] {processor.py:208} INFO - Processing /home/airflow/.local/lib/python3.12/site-packages/airflow/example_dags/example_sla_dag.py took 0.270 seconds
[2025-05-02T01:43:46.984+0000] {processor.py:186} INFO - Started process (PID=3336) to work on /home/airflow/.local/lib/python3.12/site-packages/airflow/example_dags/example_sla_dag.py
[2025-05-02T01:43:46.994+0000] {processor.py:914} INFO - Processing file /home/airflow/.local/lib/python3.12/site-packages/airflow/example_dags/example_sla_dag.py for tasks to queue
[2025-05-02T01:43:47.001+0000] {logging_mixin.py:190} INFO - [2025-05-02T01:43:47.000+0000] {dagbag.py:588} INFO - Filling up the DagBag from /home/airflow/.local/lib/python3.12/site-packages/airflow/example_dags/example_sla_dag.py
[2025-05-02T01:43:47.026+0000] {processor.py:925} INFO - DAG(s) 'example_sla_dag' retrieved from /home/airflow/.local/lib/python3.12/site-packages/airflow/example_dags/example_sla_dag.py
[2025-05-02T01:43:47.073+0000] {logging_mixin.py:190} INFO - [2025-05-02T01:43:47.072+0000] {dag.py:3239} INFO - Sync 1 DAGs
[2025-05-02T01:43:47.140+0000] {logging_mixin.py:190} INFO - [2025-05-02T01:43:47.139+0000] {dag.py:4180} INFO - Setting next_dagrun for example_sla_dag to 2025-05-02 01:40:00+00:00, run_after=2025-05-02 01:42:00+00:00
[2025-05-02T01:43:47.195+0000] {processor.py:208} INFO - Processing /home/airflow/.local/lib/python3.12/site-packages/airflow/example_dags/example_sla_dag.py took 0.227 seconds
[2025-05-02T01:44:17.263+0000] {processor.py:186} INFO - Started process (PID=3399) to work on /home/airflow/.local/lib/python3.12/site-packages/airflow/example_dags/example_sla_dag.py
[2025-05-02T01:44:17.265+0000] {processor.py:914} INFO - Processing file /home/airflow/.local/lib/python3.12/site-packages/airflow/example_dags/example_sla_dag.py for tasks to queue
[2025-05-02T01:44:17.269+0000] {logging_mixin.py:190} INFO - [2025-05-02T01:44:17.269+0000] {dagbag.py:588} INFO - Filling up the DagBag from /home/airflow/.local/lib/python3.12/site-packages/airflow/example_dags/example_sla_dag.py
[2025-05-02T01:44:17.286+0000] {processor.py:925} INFO - DAG(s) 'example_sla_dag' retrieved from /home/airflow/.local/lib/python3.12/site-packages/airflow/example_dags/example_sla_dag.py
[2025-05-02T01:44:17.317+0000] {logging_mixin.py:190} INFO - [2025-05-02T01:44:17.316+0000] {dag.py:3239} INFO - Sync 1 DAGs
[2025-05-02T01:44:17.354+0000] {logging_mixin.py:190} INFO - [2025-05-02T01:44:17.354+0000] {dag.py:4180} INFO - Setting next_dagrun for example_sla_dag to 2025-05-02 01:42:00+00:00, run_after=2025-05-02 01:44:00+00:00
[2025-05-02T01:44:17.388+0000] {processor.py:208} INFO - Processing /home/airflow/.local/lib/python3.12/site-packages/airflow/example_dags/example_sla_dag.py took 0.134 seconds
[2025-05-02T01:44:48.053+0000] {processor.py:186} INFO - Started process (PID=3462) to work on /home/airflow/.local/lib/python3.12/site-packages/airflow/example_dags/example_sla_dag.py
[2025-05-02T01:44:48.058+0000] {processor.py:914} INFO - Processing file /home/airflow/.local/lib/python3.12/site-packages/airflow/example_dags/example_sla_dag.py for tasks to queue
[2025-05-02T01:44:48.065+0000] {logging_mixin.py:190} INFO - [2025-05-02T01:44:48.064+0000] {dagbag.py:588} INFO - Filling up the DagBag from /home/airflow/.local/lib/python3.12/site-packages/airflow/example_dags/example_sla_dag.py
[2025-05-02T01:44:48.081+0000] {processor.py:925} INFO - DAG(s) 'example_sla_dag' retrieved from /home/airflow/.local/lib/python3.12/site-packages/airflow/example_dags/example_sla_dag.py
[2025-05-02T01:44:48.102+0000] {logging_mixin.py:190} INFO - [2025-05-02T01:44:48.102+0000] {dag.py:3239} INFO - Sync 1 DAGs
[2025-05-02T01:44:48.152+0000] {logging_mixin.py:190} INFO - [2025-05-02T01:44:48.152+0000] {dag.py:4180} INFO - Setting next_dagrun for example_sla_dag to 2025-05-02 01:42:00+00:00, run_after=2025-05-02 01:44:00+00:00
[2025-05-02T01:44:48.177+0000] {processor.py:208} INFO - Processing /home/airflow/.local/lib/python3.12/site-packages/airflow/example_dags/example_sla_dag.py took 0.131 seconds
[2025-05-02T01:45:18.392+0000] {processor.py:186} INFO - Started process (PID=3525) to work on /home/airflow/.local/lib/python3.12/site-packages/airflow/example_dags/example_sla_dag.py
[2025-05-02T01:45:18.402+0000] {processor.py:914} INFO - Processing file /home/airflow/.local/lib/python3.12/site-packages/airflow/example_dags/example_sla_dag.py for tasks to queue
[2025-05-02T01:45:18.404+0000] {logging_mixin.py:190} INFO - [2025-05-02T01:45:18.404+0000] {dagbag.py:588} INFO - Filling up the DagBag from /home/airflow/.local/lib/python3.12/site-packages/airflow/example_dags/example_sla_dag.py
[2025-05-02T01:45:18.417+0000] {processor.py:925} INFO - DAG(s) 'example_sla_dag' retrieved from /home/airflow/.local/lib/python3.12/site-packages/airflow/example_dags/example_sla_dag.py
[2025-05-02T01:45:18.444+0000] {logging_mixin.py:190} INFO - [2025-05-02T01:45:18.444+0000] {dag.py:3239} INFO - Sync 1 DAGs
[2025-05-02T01:45:18.475+0000] {logging_mixin.py:190} INFO - [2025-05-02T01:45:18.474+0000] {dag.py:4180} INFO - Setting next_dagrun for example_sla_dag to 2025-05-02 01:42:00+00:00, run_after=2025-05-02 01:44:00+00:00
[2025-05-02T01:45:18.506+0000] {processor.py:208} INFO - Processing /home/airflow/.local/lib/python3.12/site-packages/airflow/example_dags/example_sla_dag.py took 0.121 seconds
[2025-05-02T01:45:48.978+0000] {processor.py:186} INFO - Started process (PID=3588) to work on /home/airflow/.local/lib/python3.12/site-packages/airflow/example_dags/example_sla_dag.py
[2025-05-02T01:45:48.990+0000] {processor.py:914} INFO - Processing file /home/airflow/.local/lib/python3.12/site-packages/airflow/example_dags/example_sla_dag.py for tasks to queue
[2025-05-02T01:45:48.997+0000] {logging_mixin.py:190} INFO - [2025-05-02T01:45:48.996+0000] {dagbag.py:588} INFO - Filling up the DagBag from /home/airflow/.local/lib/python3.12/site-packages/airflow/example_dags/example_sla_dag.py
[2025-05-02T01:45:49.023+0000] {processor.py:925} INFO - DAG(s) 'example_sla_dag' retrieved from /home/airflow/.local/lib/python3.12/site-packages/airflow/example_dags/example_sla_dag.py
[2025-05-02T01:45:49.074+0000] {logging_mixin.py:190} INFO - [2025-05-02T01:45:49.074+0000] {dag.py:3239} INFO - Sync 1 DAGs
[2025-05-02T01:45:49.148+0000] {logging_mixin.py:190} INFO - [2025-05-02T01:45:49.147+0000] {dag.py:4180} INFO - Setting next_dagrun for example_sla_dag to 2025-05-02 01:42:00+00:00, run_after=2025-05-02 01:44:00+00:00
[2025-05-02T01:45:49.195+0000] {processor.py:208} INFO - Processing /home/airflow/.local/lib/python3.12/site-packages/airflow/example_dags/example_sla_dag.py took 0.234 seconds
[2025-05-02T01:46:19.647+0000] {processor.py:186} INFO - Started process (PID=3651) to work on /home/airflow/.local/lib/python3.12/site-packages/airflow/example_dags/example_sla_dag.py
[2025-05-02T01:46:19.649+0000] {processor.py:914} INFO - Processing file /home/airflow/.local/lib/python3.12/site-packages/airflow/example_dags/example_sla_dag.py for tasks to queue
[2025-05-02T01:46:19.655+0000] {logging_mixin.py:190} INFO - [2025-05-02T01:46:19.654+0000] {dagbag.py:588} INFO - Filling up the DagBag from /home/airflow/.local/lib/python3.12/site-packages/airflow/example_dags/example_sla_dag.py
[2025-05-02T01:46:19.668+0000] {processor.py:925} INFO - DAG(s) 'example_sla_dag' retrieved from /home/airflow/.local/lib/python3.12/site-packages/airflow/example_dags/example_sla_dag.py
[2025-05-02T01:46:19.698+0000] {logging_mixin.py:190} INFO - [2025-05-02T01:46:19.697+0000] {dag.py:3239} INFO - Sync 1 DAGs
[2025-05-02T01:46:19.730+0000] {logging_mixin.py:190} INFO - [2025-05-02T01:46:19.730+0000] {dag.py:4180} INFO - Setting next_dagrun for example_sla_dag to 2025-05-02 01:44:00+00:00, run_after=2025-05-02 01:46:00+00:00
[2025-05-02T01:46:19.763+0000] {processor.py:208} INFO - Processing /home/airflow/.local/lib/python3.12/site-packages/airflow/example_dags/example_sla_dag.py took 0.124 seconds
[2025-05-02T01:46:50.431+0000] {processor.py:186} INFO - Started process (PID=3714) to work on /home/airflow/.local/lib/python3.12/site-packages/airflow/example_dags/example_sla_dag.py
[2025-05-02T01:46:50.435+0000] {processor.py:914} INFO - Processing file /home/airflow/.local/lib/python3.12/site-packages/airflow/example_dags/example_sla_dag.py for tasks to queue
[2025-05-02T01:46:50.443+0000] {logging_mixin.py:190} INFO - [2025-05-02T01:46:50.441+0000] {dagbag.py:588} INFO - Filling up the DagBag from /home/airflow/.local/lib/python3.12/site-packages/airflow/example_dags/example_sla_dag.py
[2025-05-02T01:46:50.473+0000] {processor.py:925} INFO - DAG(s) 'example_sla_dag' retrieved from /home/airflow/.local/lib/python3.12/site-packages/airflow/example_dags/example_sla_dag.py
[2025-05-02T01:46:50.522+0000] {logging_mixin.py:190} INFO - [2025-05-02T01:46:50.522+0000] {dag.py:3239} INFO - Sync 1 DAGs
[2025-05-02T01:46:50.589+0000] {logging_mixin.py:190} INFO - [2025-05-02T01:46:50.588+0000] {dag.py:4180} INFO - Setting next_dagrun for example_sla_dag to 2025-05-02 01:44:00+00:00, run_after=2025-05-02 01:46:00+00:00
[2025-05-02T01:46:50.645+0000] {processor.py:208} INFO - Processing /home/airflow/.local/lib/python3.12/site-packages/airflow/example_dags/example_sla_dag.py took 0.237 seconds
[2025-05-02T01:47:21.045+0000] {processor.py:186} INFO - Started process (PID=3777) to work on /home/airflow/.local/lib/python3.12/site-packages/airflow/example_dags/example_sla_dag.py
[2025-05-02T01:47:21.086+0000] {processor.py:914} INFO - Processing file /home/airflow/.local/lib/python3.12/site-packages/airflow/example_dags/example_sla_dag.py for tasks to queue
[2025-05-02T01:47:21.088+0000] {logging_mixin.py:190} INFO - [2025-05-02T01:47:21.088+0000] {dagbag.py:588} INFO - Filling up the DagBag from /home/airflow/.local/lib/python3.12/site-packages/airflow/example_dags/example_sla_dag.py
[2025-05-02T01:47:21.101+0000] {processor.py:925} INFO - DAG(s) 'example_sla_dag' retrieved from /home/airflow/.local/lib/python3.12/site-packages/airflow/example_dags/example_sla_dag.py
[2025-05-02T01:47:21.127+0000] {logging_mixin.py:190} INFO - [2025-05-02T01:47:21.126+0000] {dag.py:3239} INFO - Sync 1 DAGs
[2025-05-02T01:47:21.165+0000] {logging_mixin.py:190} INFO - [2025-05-02T01:47:21.165+0000] {dag.py:4180} INFO - Setting next_dagrun for example_sla_dag to 2025-05-02 01:44:00+00:00, run_after=2025-05-02 01:46:00+00:00
[2025-05-02T01:47:21.203+0000] {processor.py:208} INFO - Processing /home/airflow/.local/lib/python3.12/site-packages/airflow/example_dags/example_sla_dag.py took 0.165 seconds
[2025-05-02T01:47:51.856+0000] {processor.py:186} INFO - Started process (PID=3840) to work on /home/airflow/.local/lib/python3.12/site-packages/airflow/example_dags/example_sla_dag.py
[2025-05-02T01:47:51.867+0000] {processor.py:914} INFO - Processing file /home/airflow/.local/lib/python3.12/site-packages/airflow/example_dags/example_sla_dag.py for tasks to queue
[2025-05-02T01:47:51.874+0000] {logging_mixin.py:190} INFO - [2025-05-02T01:47:51.873+0000] {dagbag.py:588} INFO - Filling up the DagBag from /home/airflow/.local/lib/python3.12/site-packages/airflow/example_dags/example_sla_dag.py
[2025-05-02T01:47:51.901+0000] {processor.py:925} INFO - DAG(s) 'example_sla_dag' retrieved from /home/airflow/.local/lib/python3.12/site-packages/airflow/example_dags/example_sla_dag.py
[2025-05-02T01:47:51.936+0000] {logging_mixin.py:190} INFO - [2025-05-02T01:47:51.936+0000] {dag.py:3239} INFO - Sync 1 DAGs
[2025-05-02T01:47:51.966+0000] {logging_mixin.py:190} INFO - [2025-05-02T01:47:51.966+0000] {dag.py:4180} INFO - Setting next_dagrun for example_sla_dag to 2025-05-02 01:44:00+00:00, run_after=2025-05-02 01:46:00+00:00
[2025-05-02T01:47:51.993+0000] {processor.py:208} INFO - Processing /home/airflow/.local/lib/python3.12/site-packages/airflow/example_dags/example_sla_dag.py took 0.153 seconds
[2025-05-02T01:48:22.678+0000] {processor.py:186} INFO - Started process (PID=3903) to work on /home/airflow/.local/lib/python3.12/site-packages/airflow/example_dags/example_sla_dag.py
[2025-05-02T01:48:22.680+0000] {processor.py:914} INFO - Processing file /home/airflow/.local/lib/python3.12/site-packages/airflow/example_dags/example_sla_dag.py for tasks to queue
[2025-05-02T01:48:22.685+0000] {logging_mixin.py:190} INFO - [2025-05-02T01:48:22.684+0000] {dagbag.py:588} INFO - Filling up the DagBag from /home/airflow/.local/lib/python3.12/site-packages/airflow/example_dags/example_sla_dag.py
[2025-05-02T01:48:22.703+0000] {processor.py:925} INFO - DAG(s) 'example_sla_dag' retrieved from /home/airflow/.local/lib/python3.12/site-packages/airflow/example_dags/example_sla_dag.py
[2025-05-02T01:48:22.730+0000] {logging_mixin.py:190} INFO - [2025-05-02T01:48:22.730+0000] {dag.py:3239} INFO - Sync 1 DAGs
[2025-05-02T01:48:22.758+0000] {logging_mixin.py:190} INFO - [2025-05-02T01:48:22.757+0000] {dag.py:4180} INFO - Setting next_dagrun for example_sla_dag to 2025-05-02 01:46:00+00:00, run_after=2025-05-02 01:48:00+00:00
[2025-05-02T01:48:22.802+0000] {processor.py:208} INFO - Processing /home/airflow/.local/lib/python3.12/site-packages/airflow/example_dags/example_sla_dag.py took 0.147 seconds
[2025-05-02T01:48:53.254+0000] {processor.py:186} INFO - Started process (PID=3966) to work on /home/airflow/.local/lib/python3.12/site-packages/airflow/example_dags/example_sla_dag.py
[2025-05-02T01:48:53.257+0000] {processor.py:914} INFO - Processing file /home/airflow/.local/lib/python3.12/site-packages/airflow/example_dags/example_sla_dag.py for tasks to queue
[2025-05-02T01:48:53.260+0000] {logging_mixin.py:190} INFO - [2025-05-02T01:48:53.260+0000] {dagbag.py:588} INFO - Filling up the DagBag from /home/airflow/.local/lib/python3.12/site-packages/airflow/example_dags/example_sla_dag.py
[2025-05-02T01:48:53.271+0000] {processor.py:925} INFO - DAG(s) 'example_sla_dag' retrieved from /home/airflow/.local/lib/python3.12/site-packages/airflow/example_dags/example_sla_dag.py
[2025-05-02T01:48:53.292+0000] {logging_mixin.py:190} INFO - [2025-05-02T01:48:53.292+0000] {dag.py:3239} INFO - Sync 1 DAGs
[2025-05-02T01:48:53.319+0000] {logging_mixin.py:190} INFO - [2025-05-02T01:48:53.319+0000] {dag.py:4180} INFO - Setting next_dagrun for example_sla_dag to 2025-05-02 01:46:00+00:00, run_after=2025-05-02 01:48:00+00:00
[2025-05-02T01:48:53.343+0000] {processor.py:208} INFO - Processing /home/airflow/.local/lib/python3.12/site-packages/airflow/example_dags/example_sla_dag.py took 0.095 seconds
[2025-05-02T01:49:23.485+0000] {processor.py:186} INFO - Started process (PID=4030) to work on /home/airflow/.local/lib/python3.12/site-packages/airflow/example_dags/example_sla_dag.py
[2025-05-02T01:49:23.489+0000] {processor.py:914} INFO - Processing file /home/airflow/.local/lib/python3.12/site-packages/airflow/example_dags/example_sla_dag.py for tasks to queue
[2025-05-02T01:49:23.497+0000] {logging_mixin.py:190} INFO - [2025-05-02T01:49:23.496+0000] {dagbag.py:588} INFO - Filling up the DagBag from /home/airflow/.local/lib/python3.12/site-packages/airflow/example_dags/example_sla_dag.py
[2025-05-02T01:49:23.521+0000] {processor.py:925} INFO - DAG(s) 'example_sla_dag' retrieved from /home/airflow/.local/lib/python3.12/site-packages/airflow/example_dags/example_sla_dag.py
[2025-05-02T01:49:23.556+0000] {logging_mixin.py:190} INFO - [2025-05-02T01:49:23.556+0000] {dag.py:3239} INFO - Sync 1 DAGs
[2025-05-02T01:49:23.590+0000] {logging_mixin.py:190} INFO - [2025-05-02T01:49:23.589+0000] {dag.py:4180} INFO - Setting next_dagrun for example_sla_dag to 2025-05-02 01:46:00+00:00, run_after=2025-05-02 01:48:00+00:00
[2025-05-02T01:49:23.634+0000] {processor.py:208} INFO - Processing /home/airflow/.local/lib/python3.12/site-packages/airflow/example_dags/example_sla_dag.py took 0.167 seconds
[2025-05-02T01:49:54.327+0000] {processor.py:186} INFO - Started process (PID=4093) to work on /home/airflow/.local/lib/python3.12/site-packages/airflow/example_dags/example_sla_dag.py
[2025-05-02T01:49:54.335+0000] {processor.py:914} INFO - Processing file /home/airflow/.local/lib/python3.12/site-packages/airflow/example_dags/example_sla_dag.py for tasks to queue
[2025-05-02T01:49:54.338+0000] {logging_mixin.py:190} INFO - [2025-05-02T01:49:54.337+0000] {dagbag.py:588} INFO - Filling up the DagBag from /home/airflow/.local/lib/python3.12/site-packages/airflow/example_dags/example_sla_dag.py
[2025-05-02T01:49:54.351+0000] {processor.py:925} INFO - DAG(s) 'example_sla_dag' retrieved from /home/airflow/.local/lib/python3.12/site-packages/airflow/example_dags/example_sla_dag.py
[2025-05-02T01:49:54.372+0000] {logging_mixin.py:190} INFO - [2025-05-02T01:49:54.372+0000] {dag.py:3239} INFO - Sync 1 DAGs
[2025-05-02T01:49:54.631+0000] {logging_mixin.py:190} INFO - [2025-05-02T01:49:54.631+0000] {dag.py:4180} INFO - Setting next_dagrun for example_sla_dag to 2025-05-02 01:46:00+00:00, run_after=2025-05-02 01:48:00+00:00
[2025-05-02T01:49:54.651+0000] {processor.py:208} INFO - Processing /home/airflow/.local/lib/python3.12/site-packages/airflow/example_dags/example_sla_dag.py took 0.332 seconds
[2025-05-02T01:50:24.789+0000] {processor.py:186} INFO - Started process (PID=4156) to work on /home/airflow/.local/lib/python3.12/site-packages/airflow/example_dags/example_sla_dag.py
[2025-05-02T01:50:24.791+0000] {processor.py:914} INFO - Processing file /home/airflow/.local/lib/python3.12/site-packages/airflow/example_dags/example_sla_dag.py for tasks to queue
[2025-05-02T01:50:24.794+0000] {logging_mixin.py:190} INFO - [2025-05-02T01:50:24.794+0000] {dagbag.py:588} INFO - Filling up the DagBag from /home/airflow/.local/lib/python3.12/site-packages/airflow/example_dags/example_sla_dag.py
[2025-05-02T01:50:24.807+0000] {processor.py:925} INFO - DAG(s) 'example_sla_dag' retrieved from /home/airflow/.local/lib/python3.12/site-packages/airflow/example_dags/example_sla_dag.py
[2025-05-02T01:50:24.836+0000] {logging_mixin.py:190} INFO - [2025-05-02T01:50:24.836+0000] {dag.py:3239} INFO - Sync 1 DAGs
[2025-05-02T01:50:25.126+0000] {logging_mixin.py:190} INFO - [2025-05-02T01:50:25.125+0000] {dag.py:4180} INFO - Setting next_dagrun for example_sla_dag to 2025-05-02 01:48:00+00:00, run_after=2025-05-02 01:50:00+00:00
[2025-05-02T01:50:25.160+0000] {processor.py:208} INFO - Processing /home/airflow/.local/lib/python3.12/site-packages/airflow/example_dags/example_sla_dag.py took 0.378 seconds
[2025-05-02T01:50:56.013+0000] {processor.py:186} INFO - Started process (PID=4219) to work on /home/airflow/.local/lib/python3.12/site-packages/airflow/example_dags/example_sla_dag.py
[2025-05-02T01:50:56.015+0000] {processor.py:914} INFO - Processing file /home/airflow/.local/lib/python3.12/site-packages/airflow/example_dags/example_sla_dag.py for tasks to queue
[2025-05-02T01:50:56.021+0000] {logging_mixin.py:190} INFO - [2025-05-02T01:50:56.021+0000] {dagbag.py:588} INFO - Filling up the DagBag from /home/airflow/.local/lib/python3.12/site-packages/airflow/example_dags/example_sla_dag.py
[2025-05-02T01:50:56.047+0000] {processor.py:925} INFO - DAG(s) 'example_sla_dag' retrieved from /home/airflow/.local/lib/python3.12/site-packages/airflow/example_dags/example_sla_dag.py
[2025-05-02T01:50:56.113+0000] {logging_mixin.py:190} INFO - [2025-05-02T01:50:56.112+0000] {dag.py:3239} INFO - Sync 1 DAGs
[2025-05-02T01:50:56.187+0000] {logging_mixin.py:190} INFO - [2025-05-02T01:50:56.186+0000] {dag.py:4180} INFO - Setting next_dagrun for example_sla_dag to 2025-05-02 01:48:00+00:00, run_after=2025-05-02 01:50:00+00:00
[2025-05-02T01:50:56.239+0000] {processor.py:208} INFO - Processing /home/airflow/.local/lib/python3.12/site-packages/airflow/example_dags/example_sla_dag.py took 0.240 seconds
[2025-05-02T01:51:26.895+0000] {processor.py:186} INFO - Started process (PID=4282) to work on /home/airflow/.local/lib/python3.12/site-packages/airflow/example_dags/example_sla_dag.py
[2025-05-02T01:51:26.899+0000] {processor.py:914} INFO - Processing file /home/airflow/.local/lib/python3.12/site-packages/airflow/example_dags/example_sla_dag.py for tasks to queue
[2025-05-02T01:51:26.906+0000] {logging_mixin.py:190} INFO - [2025-05-02T01:51:26.905+0000] {dagbag.py:588} INFO - Filling up the DagBag from /home/airflow/.local/lib/python3.12/site-packages/airflow/example_dags/example_sla_dag.py
[2025-05-02T01:51:26.936+0000] {processor.py:925} INFO - DAG(s) 'example_sla_dag' retrieved from /home/airflow/.local/lib/python3.12/site-packages/airflow/example_dags/example_sla_dag.py
[2025-05-02T01:51:26.987+0000] {logging_mixin.py:190} INFO - [2025-05-02T01:51:26.986+0000] {dag.py:3239} INFO - Sync 1 DAGs
[2025-05-02T01:51:27.062+0000] {logging_mixin.py:190} INFO - [2025-05-02T01:51:27.061+0000] {dag.py:4180} INFO - Setting next_dagrun for example_sla_dag to 2025-05-02 01:48:00+00:00, run_after=2025-05-02 01:50:00+00:00
[2025-05-02T01:51:27.110+0000] {processor.py:208} INFO - Processing /home/airflow/.local/lib/python3.12/site-packages/airflow/example_dags/example_sla_dag.py took 0.237 seconds
[2025-05-02T01:51:57.456+0000] {processor.py:186} INFO - Started process (PID=4345) to work on /home/airflow/.local/lib/python3.12/site-packages/airflow/example_dags/example_sla_dag.py
[2025-05-02T01:51:57.460+0000] {processor.py:914} INFO - Processing file /home/airflow/.local/lib/python3.12/site-packages/airflow/example_dags/example_sla_dag.py for tasks to queue
[2025-05-02T01:51:57.469+0000] {logging_mixin.py:190} INFO - [2025-05-02T01:51:57.467+0000] {dagbag.py:588} INFO - Filling up the DagBag from /home/airflow/.local/lib/python3.12/site-packages/airflow/example_dags/example_sla_dag.py
[2025-05-02T01:51:57.499+0000] {processor.py:925} INFO - DAG(s) 'example_sla_dag' retrieved from /home/airflow/.local/lib/python3.12/site-packages/airflow/example_dags/example_sla_dag.py
[2025-05-02T01:51:57.615+0000] {logging_mixin.py:190} INFO - [2025-05-02T01:51:57.614+0000] {dag.py:3239} INFO - Sync 1 DAGs
[2025-05-02T01:51:57.735+0000] {logging_mixin.py:190} INFO - [2025-05-02T01:51:57.734+0000] {dag.py:4180} INFO - Setting next_dagrun for example_sla_dag to 2025-05-02 01:48:00+00:00, run_after=2025-05-02 01:50:00+00:00
[2025-05-02T01:51:57.782+0000] {processor.py:208} INFO - Processing /home/airflow/.local/lib/python3.12/site-packages/airflow/example_dags/example_sla_dag.py took 0.346 seconds
[2025-05-02T01:52:28.447+0000] {processor.py:186} INFO - Started process (PID=4408) to work on /home/airflow/.local/lib/python3.12/site-packages/airflow/example_dags/example_sla_dag.py
[2025-05-02T01:52:28.453+0000] {processor.py:914} INFO - Processing file /home/airflow/.local/lib/python3.12/site-packages/airflow/example_dags/example_sla_dag.py for tasks to queue
[2025-05-02T01:52:28.461+0000] {logging_mixin.py:190} INFO - [2025-05-02T01:52:28.460+0000] {dagbag.py:588} INFO - Filling up the DagBag from /home/airflow/.local/lib/python3.12/site-packages/airflow/example_dags/example_sla_dag.py
[2025-05-02T01:52:28.498+0000] {processor.py:925} INFO - DAG(s) 'example_sla_dag' retrieved from /home/airflow/.local/lib/python3.12/site-packages/airflow/example_dags/example_sla_dag.py
[2025-05-02T01:52:28.548+0000] {logging_mixin.py:190} INFO - [2025-05-02T01:52:28.548+0000] {dag.py:3239} INFO - Sync 1 DAGs
[2025-05-02T01:52:28.633+0000] {logging_mixin.py:190} INFO - [2025-05-02T01:52:28.632+0000] {dag.py:4180} INFO - Setting next_dagrun for example_sla_dag to 2025-05-02 01:50:00+00:00, run_after=2025-05-02 01:52:00+00:00
[2025-05-02T01:52:28.681+0000] {processor.py:208} INFO - Processing /home/airflow/.local/lib/python3.12/site-packages/airflow/example_dags/example_sla_dag.py took 0.249 seconds
[2025-05-02T01:52:59.088+0000] {processor.py:186} INFO - Started process (PID=4471) to work on /home/airflow/.local/lib/python3.12/site-packages/airflow/example_dags/example_sla_dag.py
[2025-05-02T01:52:59.090+0000] {processor.py:914} INFO - Processing file /home/airflow/.local/lib/python3.12/site-packages/airflow/example_dags/example_sla_dag.py for tasks to queue
[2025-05-02T01:52:59.095+0000] {logging_mixin.py:190} INFO - [2025-05-02T01:52:59.094+0000] {dagbag.py:588} INFO - Filling up the DagBag from /home/airflow/.local/lib/python3.12/site-packages/airflow/example_dags/example_sla_dag.py
[2025-05-02T01:52:59.117+0000] {processor.py:925} INFO - DAG(s) 'example_sla_dag' retrieved from /home/airflow/.local/lib/python3.12/site-packages/airflow/example_dags/example_sla_dag.py
[2025-05-02T01:52:59.163+0000] {logging_mixin.py:190} INFO - [2025-05-02T01:52:59.162+0000] {dag.py:3239} INFO - Sync 1 DAGs
[2025-05-02T01:52:59.208+0000] {logging_mixin.py:190} INFO - [2025-05-02T01:52:59.208+0000] {dag.py:4180} INFO - Setting next_dagrun for example_sla_dag to 2025-05-02 01:50:00+00:00, run_after=2025-05-02 01:52:00+00:00
[2025-05-02T01:52:59.228+0000] {processor.py:208} INFO - Processing /home/airflow/.local/lib/python3.12/site-packages/airflow/example_dags/example_sla_dag.py took 0.147 seconds
[2025-05-02T01:53:29.346+0000] {processor.py:186} INFO - Started process (PID=4534) to work on /home/airflow/.local/lib/python3.12/site-packages/airflow/example_dags/example_sla_dag.py
[2025-05-02T01:53:29.350+0000] {processor.py:914} INFO - Processing file /home/airflow/.local/lib/python3.12/site-packages/airflow/example_dags/example_sla_dag.py for tasks to queue
[2025-05-02T01:53:29.362+0000] {logging_mixin.py:190} INFO - [2025-05-02T01:53:29.361+0000] {dagbag.py:588} INFO - Filling up the DagBag from /home/airflow/.local/lib/python3.12/site-packages/airflow/example_dags/example_sla_dag.py
[2025-05-02T01:53:29.405+0000] {processor.py:925} INFO - DAG(s) 'example_sla_dag' retrieved from /home/airflow/.local/lib/python3.12/site-packages/airflow/example_dags/example_sla_dag.py
[2025-05-02T01:53:29.472+0000] {logging_mixin.py:190} INFO - [2025-05-02T01:53:29.471+0000] {dag.py:3239} INFO - Sync 1 DAGs
[2025-05-02T01:53:29.514+0000] {logging_mixin.py:190} INFO - [2025-05-02T01:53:29.513+0000] {dag.py:4180} INFO - Setting next_dagrun for example_sla_dag to 2025-05-02 01:50:00+00:00, run_after=2025-05-02 01:52:00+00:00
[2025-05-02T01:53:29.541+0000] {processor.py:208} INFO - Processing /home/airflow/.local/lib/python3.12/site-packages/airflow/example_dags/example_sla_dag.py took 0.216 seconds
[2025-05-02T01:53:59.741+0000] {processor.py:186} INFO - Started process (PID=4597) to work on /home/airflow/.local/lib/python3.12/site-packages/airflow/example_dags/example_sla_dag.py
[2025-05-02T01:53:59.749+0000] {processor.py:914} INFO - Processing file /home/airflow/.local/lib/python3.12/site-packages/airflow/example_dags/example_sla_dag.py for tasks to queue
[2025-05-02T01:53:59.752+0000] {logging_mixin.py:190} INFO - [2025-05-02T01:53:59.751+0000] {dagbag.py:588} INFO - Filling up the DagBag from /home/airflow/.local/lib/python3.12/site-packages/airflow/example_dags/example_sla_dag.py
[2025-05-02T01:53:59.761+0000] {processor.py:925} INFO - DAG(s) 'example_sla_dag' retrieved from /home/airflow/.local/lib/python3.12/site-packages/airflow/example_dags/example_sla_dag.py
[2025-05-02T01:53:59.784+0000] {logging_mixin.py:190} INFO - [2025-05-02T01:53:59.784+0000] {dag.py:3239} INFO - Sync 1 DAGs
[2025-05-02T01:53:59.809+0000] {logging_mixin.py:190} INFO - [2025-05-02T01:53:59.809+0000] {dag.py:4180} INFO - Setting next_dagrun for example_sla_dag to 2025-05-02 01:50:00+00:00, run_after=2025-05-02 01:52:00+00:00
[2025-05-02T01:53:59.833+0000] {processor.py:208} INFO - Processing /home/airflow/.local/lib/python3.12/site-packages/airflow/example_dags/example_sla_dag.py took 0.097 seconds
