[2025-05-02T01:17:11.958+0000] {processor.py:186} INFO - Started process (PID=126) to work on /home/airflow/.local/lib/python3.12/site-packages/airflow/example_dags/example_xcom.py
[2025-05-02T01:17:11.959+0000] {processor.py:914} INFO - Processing file /home/airflow/.local/lib/python3.12/site-packages/airflow/example_dags/example_xcom.py for tasks to queue
[2025-05-02T01:17:11.962+0000] {logging_mixin.py:190} INFO - [2025-05-02T01:17:11.961+0000] {dagbag.py:588} INFO - Filling up the DagBag from /home/airflow/.local/lib/python3.12/site-packages/airflow/example_dags/example_xcom.py
[2025-05-02T01:17:11.975+0000] {processor.py:925} INFO - DAG(s) 'example_xcom' retrieved from /home/airflow/.local/lib/python3.12/site-packages/airflow/example_dags/example_xcom.py
[2025-05-02T01:17:12.105+0000] {logging_mixin.py:190} INFO - [2025-05-02T01:17:12.104+0000] {override.py:1912} INFO - Created Permission View: can delete on DAG:example_xcom
[2025-05-02T01:17:12.118+0000] {logging_mixin.py:190} INFO - [2025-05-02T01:17:12.118+0000] {override.py:1912} INFO - Created Permission View: can edit on DAG:example_xcom
[2025-05-02T01:17:12.126+0000] {logging_mixin.py:190} INFO - [2025-05-02T01:17:12.126+0000] {override.py:1912} INFO - Created Permission View: can read on DAG:example_xcom
[2025-05-02T01:17:12.137+0000] {logging_mixin.py:190} INFO - [2025-05-02T01:17:12.137+0000] {override.py:1912} INFO - Created Permission View: menu access on DAG Run:example_xcom
[2025-05-02T01:17:12.148+0000] {logging_mixin.py:190} INFO - [2025-05-02T01:17:12.148+0000] {override.py:1912} INFO - Created Permission View: can delete on DAG Run:example_xcom
[2025-05-02T01:17:12.159+0000] {logging_mixin.py:190} INFO - [2025-05-02T01:17:12.159+0000] {override.py:1912} INFO - Created Permission View: can create on DAG Run:example_xcom
[2025-05-02T01:17:12.170+0000] {logging_mixin.py:190} INFO - [2025-05-02T01:17:12.169+0000] {override.py:1912} INFO - Created Permission View: can read on DAG Run:example_xcom
[2025-05-02T01:17:12.170+0000] {logging_mixin.py:190} INFO - [2025-05-02T01:17:12.170+0000] {dag.py:3239} INFO - Sync 1 DAGs
[2025-05-02T01:17:12.185+0000] {logging_mixin.py:190} INFO - [2025-05-02T01:17:12.185+0000] {dag.py:3262} INFO - Creating ORM DAG for example_xcom
[2025-05-02T01:17:12.196+0000] {logging_mixin.py:190} INFO - [2025-05-02T01:17:12.196+0000] {dag.py:4180} INFO - Setting next_dagrun for example_xcom to 2021-01-01 00:00:00+00:00, run_after=2021-01-01 00:00:00+00:00
[2025-05-02T01:17:12.216+0000] {processor.py:208} INFO - Processing /home/airflow/.local/lib/python3.12/site-packages/airflow/example_dags/example_xcom.py took 0.266 seconds
[2025-05-02T01:17:42.375+0000] {processor.py:186} INFO - Started process (PID=189) to work on /home/airflow/.local/lib/python3.12/site-packages/airflow/example_dags/example_xcom.py
[2025-05-02T01:17:42.377+0000] {processor.py:914} INFO - Processing file /home/airflow/.local/lib/python3.12/site-packages/airflow/example_dags/example_xcom.py for tasks to queue
[2025-05-02T01:17:42.380+0000] {logging_mixin.py:190} INFO - [2025-05-02T01:17:42.379+0000] {dagbag.py:588} INFO - Filling up the DagBag from /home/airflow/.local/lib/python3.12/site-packages/airflow/example_dags/example_xcom.py
[2025-05-02T01:17:42.391+0000] {processor.py:925} INFO - DAG(s) 'example_xcom' retrieved from /home/airflow/.local/lib/python3.12/site-packages/airflow/example_dags/example_xcom.py
[2025-05-02T01:17:42.416+0000] {logging_mixin.py:190} INFO - [2025-05-02T01:17:42.415+0000] {dag.py:3239} INFO - Sync 1 DAGs
[2025-05-02T01:17:42.445+0000] {logging_mixin.py:190} INFO - [2025-05-02T01:17:42.444+0000] {dag.py:4180} INFO - Setting next_dagrun for example_xcom to 2021-01-01 00:00:00+00:00, run_after=2021-01-01 00:00:00+00:00
[2025-05-02T01:17:42.468+0000] {processor.py:208} INFO - Processing /home/airflow/.local/lib/python3.12/site-packages/airflow/example_dags/example_xcom.py took 0.100 seconds
[2025-05-02T01:18:13.826+0000] {processor.py:186} INFO - Started process (PID=252) to work on /home/airflow/.local/lib/python3.12/site-packages/airflow/example_dags/example_xcom.py
[2025-05-02T01:18:13.827+0000] {processor.py:914} INFO - Processing file /home/airflow/.local/lib/python3.12/site-packages/airflow/example_dags/example_xcom.py for tasks to queue
[2025-05-02T01:18:13.830+0000] {logging_mixin.py:190} INFO - [2025-05-02T01:18:13.830+0000] {dagbag.py:588} INFO - Filling up the DagBag from /home/airflow/.local/lib/python3.12/site-packages/airflow/example_dags/example_xcom.py
[2025-05-02T01:18:13.847+0000] {processor.py:925} INFO - DAG(s) 'example_xcom' retrieved from /home/airflow/.local/lib/python3.12/site-packages/airflow/example_dags/example_xcom.py
[2025-05-02T01:18:13.880+0000] {logging_mixin.py:190} INFO - [2025-05-02T01:18:13.880+0000] {dag.py:3239} INFO - Sync 1 DAGs
[2025-05-02T01:18:13.912+0000] {logging_mixin.py:190} INFO - [2025-05-02T01:18:13.911+0000] {dag.py:4180} INFO - Setting next_dagrun for example_xcom to 2021-01-01 00:00:00+00:00, run_after=2021-01-01 00:00:00+00:00
[2025-05-02T01:18:13.941+0000] {processor.py:208} INFO - Processing /home/airflow/.local/lib/python3.12/site-packages/airflow/example_dags/example_xcom.py took 0.124 seconds
[2025-05-02T01:18:46.036+0000] {processor.py:186} INFO - Started process (PID=314) to work on /home/airflow/.local/lib/python3.12/site-packages/airflow/example_dags/example_xcom.py
[2025-05-02T01:18:46.037+0000] {processor.py:914} INFO - Processing file /home/airflow/.local/lib/python3.12/site-packages/airflow/example_dags/example_xcom.py for tasks to queue
[2025-05-02T01:18:46.039+0000] {logging_mixin.py:190} INFO - [2025-05-02T01:18:46.039+0000] {dagbag.py:588} INFO - Filling up the DagBag from /home/airflow/.local/lib/python3.12/site-packages/airflow/example_dags/example_xcom.py
[2025-05-02T01:18:46.050+0000] {processor.py:925} INFO - DAG(s) 'example_xcom' retrieved from /home/airflow/.local/lib/python3.12/site-packages/airflow/example_dags/example_xcom.py
[2025-05-02T01:18:46.075+0000] {logging_mixin.py:190} INFO - [2025-05-02T01:18:46.074+0000] {dag.py:3239} INFO - Sync 1 DAGs
[2025-05-02T01:18:46.112+0000] {logging_mixin.py:190} INFO - [2025-05-02T01:18:46.112+0000] {dag.py:4180} INFO - Setting next_dagrun for example_xcom to 2021-01-01 00:00:00+00:00, run_after=2021-01-01 00:00:00+00:00
[2025-05-02T01:18:46.150+0000] {processor.py:208} INFO - Processing /home/airflow/.local/lib/python3.12/site-packages/airflow/example_dags/example_xcom.py took 0.121 seconds
[2025-05-02T01:19:16.530+0000] {processor.py:186} INFO - Started process (PID=377) to work on /home/airflow/.local/lib/python3.12/site-packages/airflow/example_dags/example_xcom.py
[2025-05-02T01:19:16.535+0000] {processor.py:914} INFO - Processing file /home/airflow/.local/lib/python3.12/site-packages/airflow/example_dags/example_xcom.py for tasks to queue
[2025-05-02T01:19:16.538+0000] {logging_mixin.py:190} INFO - [2025-05-02T01:19:16.537+0000] {dagbag.py:588} INFO - Filling up the DagBag from /home/airflow/.local/lib/python3.12/site-packages/airflow/example_dags/example_xcom.py
[2025-05-02T01:19:16.549+0000] {processor.py:925} INFO - DAG(s) 'example_xcom' retrieved from /home/airflow/.local/lib/python3.12/site-packages/airflow/example_dags/example_xcom.py
[2025-05-02T01:19:16.575+0000] {logging_mixin.py:190} INFO - [2025-05-02T01:19:16.574+0000] {dag.py:3239} INFO - Sync 1 DAGs
[2025-05-02T01:19:16.601+0000] {logging_mixin.py:190} INFO - [2025-05-02T01:19:16.601+0000] {dag.py:4180} INFO - Setting next_dagrun for example_xcom to 2021-01-01 00:00:00+00:00, run_after=2021-01-01 00:00:00+00:00
[2025-05-02T01:19:16.624+0000] {processor.py:208} INFO - Processing /home/airflow/.local/lib/python3.12/site-packages/airflow/example_dags/example_xcom.py took 0.101 seconds
[2025-05-02T01:19:47.364+0000] {processor.py:186} INFO - Started process (PID=440) to work on /home/airflow/.local/lib/python3.12/site-packages/airflow/example_dags/example_xcom.py
[2025-05-02T01:19:47.365+0000] {processor.py:914} INFO - Processing file /home/airflow/.local/lib/python3.12/site-packages/airflow/example_dags/example_xcom.py for tasks to queue
[2025-05-02T01:19:47.367+0000] {logging_mixin.py:190} INFO - [2025-05-02T01:19:47.367+0000] {dagbag.py:588} INFO - Filling up the DagBag from /home/airflow/.local/lib/python3.12/site-packages/airflow/example_dags/example_xcom.py
[2025-05-02T01:19:47.377+0000] {processor.py:925} INFO - DAG(s) 'example_xcom' retrieved from /home/airflow/.local/lib/python3.12/site-packages/airflow/example_dags/example_xcom.py
[2025-05-02T01:19:47.398+0000] {logging_mixin.py:190} INFO - [2025-05-02T01:19:47.398+0000] {dag.py:3239} INFO - Sync 1 DAGs
[2025-05-02T01:19:47.421+0000] {logging_mixin.py:190} INFO - [2025-05-02T01:19:47.421+0000] {dag.py:4180} INFO - Setting next_dagrun for example_xcom to 2021-01-01 00:00:00+00:00, run_after=2021-01-01 00:00:00+00:00
[2025-05-02T01:19:47.440+0000] {processor.py:208} INFO - Processing /home/airflow/.local/lib/python3.12/site-packages/airflow/example_dags/example_xcom.py took 0.081 seconds
[2025-05-02T01:20:19.271+0000] {processor.py:186} INFO - Started process (PID=503) to work on /home/airflow/.local/lib/python3.12/site-packages/airflow/example_dags/example_xcom.py
[2025-05-02T01:20:19.272+0000] {processor.py:914} INFO - Processing file /home/airflow/.local/lib/python3.12/site-packages/airflow/example_dags/example_xcom.py for tasks to queue
[2025-05-02T01:20:19.275+0000] {logging_mixin.py:190} INFO - [2025-05-02T01:20:19.274+0000] {dagbag.py:588} INFO - Filling up the DagBag from /home/airflow/.local/lib/python3.12/site-packages/airflow/example_dags/example_xcom.py
[2025-05-02T01:20:19.286+0000] {processor.py:925} INFO - DAG(s) 'example_xcom' retrieved from /home/airflow/.local/lib/python3.12/site-packages/airflow/example_dags/example_xcom.py
[2025-05-02T01:20:19.310+0000] {logging_mixin.py:190} INFO - [2025-05-02T01:20:19.310+0000] {dag.py:3239} INFO - Sync 1 DAGs
[2025-05-02T01:20:19.338+0000] {logging_mixin.py:190} INFO - [2025-05-02T01:20:19.338+0000] {dag.py:4180} INFO - Setting next_dagrun for example_xcom to 2021-01-01 00:00:00+00:00, run_after=2021-01-01 00:00:00+00:00
[2025-05-02T01:20:19.361+0000] {processor.py:208} INFO - Processing /home/airflow/.local/lib/python3.12/site-packages/airflow/example_dags/example_xcom.py took 0.097 seconds
[2025-05-02T01:20:50.933+0000] {processor.py:186} INFO - Started process (PID=567) to work on /home/airflow/.local/lib/python3.12/site-packages/airflow/example_dags/example_xcom.py
[2025-05-02T01:20:50.935+0000] {processor.py:914} INFO - Processing file /home/airflow/.local/lib/python3.12/site-packages/airflow/example_dags/example_xcom.py for tasks to queue
[2025-05-02T01:20:50.937+0000] {logging_mixin.py:190} INFO - [2025-05-02T01:20:50.937+0000] {dagbag.py:588} INFO - Filling up the DagBag from /home/airflow/.local/lib/python3.12/site-packages/airflow/example_dags/example_xcom.py
[2025-05-02T01:20:50.948+0000] {processor.py:925} INFO - DAG(s) 'example_xcom' retrieved from /home/airflow/.local/lib/python3.12/site-packages/airflow/example_dags/example_xcom.py
[2025-05-02T01:20:50.972+0000] {logging_mixin.py:190} INFO - [2025-05-02T01:20:50.971+0000] {dag.py:3239} INFO - Sync 1 DAGs
[2025-05-02T01:20:51.000+0000] {logging_mixin.py:190} INFO - [2025-05-02T01:20:51.000+0000] {dag.py:4180} INFO - Setting next_dagrun for example_xcom to 2021-01-01 00:00:00+00:00, run_after=2021-01-01 00:00:00+00:00
[2025-05-02T01:20:51.022+0000] {processor.py:208} INFO - Processing /home/airflow/.local/lib/python3.12/site-packages/airflow/example_dags/example_xcom.py took 0.095 seconds
[2025-05-02T01:21:23.007+0000] {processor.py:186} INFO - Started process (PID=630) to work on /home/airflow/.local/lib/python3.12/site-packages/airflow/example_dags/example_xcom.py
[2025-05-02T01:21:23.008+0000] {processor.py:914} INFO - Processing file /home/airflow/.local/lib/python3.12/site-packages/airflow/example_dags/example_xcom.py for tasks to queue
[2025-05-02T01:21:23.011+0000] {logging_mixin.py:190} INFO - [2025-05-02T01:21:23.010+0000] {dagbag.py:588} INFO - Filling up the DagBag from /home/airflow/.local/lib/python3.12/site-packages/airflow/example_dags/example_xcom.py
[2025-05-02T01:21:23.022+0000] {processor.py:925} INFO - DAG(s) 'example_xcom' retrieved from /home/airflow/.local/lib/python3.12/site-packages/airflow/example_dags/example_xcom.py
[2025-05-02T01:21:23.049+0000] {logging_mixin.py:190} INFO - [2025-05-02T01:21:23.048+0000] {dag.py:3239} INFO - Sync 1 DAGs
[2025-05-02T01:21:23.085+0000] {logging_mixin.py:190} INFO - [2025-05-02T01:21:23.084+0000] {dag.py:4180} INFO - Setting next_dagrun for example_xcom to 2021-01-01 00:00:00+00:00, run_after=2021-01-01 00:00:00+00:00
[2025-05-02T01:21:23.113+0000] {processor.py:208} INFO - Processing /home/airflow/.local/lib/python3.12/site-packages/airflow/example_dags/example_xcom.py took 0.114 seconds
[2025-05-02T01:21:54.921+0000] {processor.py:186} INFO - Started process (PID=693) to work on /home/airflow/.local/lib/python3.12/site-packages/airflow/example_dags/example_xcom.py
[2025-05-02T01:21:54.923+0000] {processor.py:914} INFO - Processing file /home/airflow/.local/lib/python3.12/site-packages/airflow/example_dags/example_xcom.py for tasks to queue
[2025-05-02T01:21:54.925+0000] {logging_mixin.py:190} INFO - [2025-05-02T01:21:54.925+0000] {dagbag.py:588} INFO - Filling up the DagBag from /home/airflow/.local/lib/python3.12/site-packages/airflow/example_dags/example_xcom.py
[2025-05-02T01:21:54.938+0000] {processor.py:925} INFO - DAG(s) 'example_xcom' retrieved from /home/airflow/.local/lib/python3.12/site-packages/airflow/example_dags/example_xcom.py
[2025-05-02T01:21:54.971+0000] {logging_mixin.py:190} INFO - [2025-05-02T01:21:54.971+0000] {dag.py:3239} INFO - Sync 1 DAGs
[2025-05-02T01:21:55.013+0000] {logging_mixin.py:190} INFO - [2025-05-02T01:21:55.012+0000] {dag.py:4180} INFO - Setting next_dagrun for example_xcom to 2021-01-01 00:00:00+00:00, run_after=2021-01-01 00:00:00+00:00
[2025-05-02T01:21:55.057+0000] {processor.py:208} INFO - Processing /home/airflow/.local/lib/python3.12/site-packages/airflow/example_dags/example_xcom.py took 0.143 seconds
[2025-05-02T01:22:25.883+0000] {processor.py:186} INFO - Started process (PID=756) to work on /home/airflow/.local/lib/python3.12/site-packages/airflow/example_dags/example_xcom.py
[2025-05-02T01:22:25.884+0000] {processor.py:914} INFO - Processing file /home/airflow/.local/lib/python3.12/site-packages/airflow/example_dags/example_xcom.py for tasks to queue
[2025-05-02T01:22:25.886+0000] {logging_mixin.py:190} INFO - [2025-05-02T01:22:25.886+0000] {dagbag.py:588} INFO - Filling up the DagBag from /home/airflow/.local/lib/python3.12/site-packages/airflow/example_dags/example_xcom.py
[2025-05-02T01:22:25.901+0000] {processor.py:925} INFO - DAG(s) 'example_xcom' retrieved from /home/airflow/.local/lib/python3.12/site-packages/airflow/example_dags/example_xcom.py
[2025-05-02T01:22:25.962+0000] {logging_mixin.py:190} INFO - [2025-05-02T01:22:25.961+0000] {dag.py:3239} INFO - Sync 1 DAGs
[2025-05-02T01:22:25.997+0000] {logging_mixin.py:190} INFO - [2025-05-02T01:22:25.996+0000] {dag.py:4180} INFO - Setting next_dagrun for example_xcom to 2021-01-01 00:00:00+00:00, run_after=2021-01-01 00:00:00+00:00
[2025-05-02T01:22:26.019+0000] {processor.py:208} INFO - Processing /home/airflow/.local/lib/python3.12/site-packages/airflow/example_dags/example_xcom.py took 0.142 seconds
[2025-05-02T01:22:57.741+0000] {processor.py:186} INFO - Started process (PID=819) to work on /home/airflow/.local/lib/python3.12/site-packages/airflow/example_dags/example_xcom.py
[2025-05-02T01:22:57.742+0000] {processor.py:914} INFO - Processing file /home/airflow/.local/lib/python3.12/site-packages/airflow/example_dags/example_xcom.py for tasks to queue
[2025-05-02T01:22:57.744+0000] {logging_mixin.py:190} INFO - [2025-05-02T01:22:57.744+0000] {dagbag.py:588} INFO - Filling up the DagBag from /home/airflow/.local/lib/python3.12/site-packages/airflow/example_dags/example_xcom.py
[2025-05-02T01:22:57.757+0000] {processor.py:925} INFO - DAG(s) 'example_xcom' retrieved from /home/airflow/.local/lib/python3.12/site-packages/airflow/example_dags/example_xcom.py
[2025-05-02T01:22:57.793+0000] {logging_mixin.py:190} INFO - [2025-05-02T01:22:57.792+0000] {dag.py:3239} INFO - Sync 1 DAGs
[2025-05-02T01:22:57.822+0000] {logging_mixin.py:190} INFO - [2025-05-02T01:22:57.821+0000] {dag.py:4180} INFO - Setting next_dagrun for example_xcom to 2021-01-01 00:00:00+00:00, run_after=2021-01-01 00:00:00+00:00
[2025-05-02T01:22:57.845+0000] {processor.py:208} INFO - Processing /home/airflow/.local/lib/python3.12/site-packages/airflow/example_dags/example_xcom.py took 0.112 seconds
[2025-05-02T01:23:28.579+0000] {processor.py:186} INFO - Started process (PID=882) to work on /home/airflow/.local/lib/python3.12/site-packages/airflow/example_dags/example_xcom.py
[2025-05-02T01:23:28.582+0000] {processor.py:914} INFO - Processing file /home/airflow/.local/lib/python3.12/site-packages/airflow/example_dags/example_xcom.py for tasks to queue
[2025-05-02T01:23:28.587+0000] {logging_mixin.py:190} INFO - [2025-05-02T01:23:28.586+0000] {dagbag.py:588} INFO - Filling up the DagBag from /home/airflow/.local/lib/python3.12/site-packages/airflow/example_dags/example_xcom.py
[2025-05-02T01:23:28.606+0000] {processor.py:925} INFO - DAG(s) 'example_xcom' retrieved from /home/airflow/.local/lib/python3.12/site-packages/airflow/example_dags/example_xcom.py
[2025-05-02T01:23:28.637+0000] {logging_mixin.py:190} INFO - [2025-05-02T01:23:28.637+0000] {dag.py:3239} INFO - Sync 1 DAGs
[2025-05-02T01:23:28.669+0000] {logging_mixin.py:190} INFO - [2025-05-02T01:23:28.668+0000] {dag.py:4180} INFO - Setting next_dagrun for example_xcom to 2021-01-01 00:00:00+00:00, run_after=2021-01-01 00:00:00+00:00
[2025-05-02T01:23:28.704+0000] {processor.py:208} INFO - Processing /home/airflow/.local/lib/python3.12/site-packages/airflow/example_dags/example_xcom.py took 0.134 seconds
[2025-05-02T01:23:59.997+0000] {processor.py:186} INFO - Started process (PID=945) to work on /home/airflow/.local/lib/python3.12/site-packages/airflow/example_dags/example_xcom.py
[2025-05-02T01:23:59.999+0000] {processor.py:914} INFO - Processing file /home/airflow/.local/lib/python3.12/site-packages/airflow/example_dags/example_xcom.py for tasks to queue
[2025-05-02T01:24:00.001+0000] {logging_mixin.py:190} INFO - [2025-05-02T01:24:00.001+0000] {dagbag.py:588} INFO - Filling up the DagBag from /home/airflow/.local/lib/python3.12/site-packages/airflow/example_dags/example_xcom.py
[2025-05-02T01:24:00.015+0000] {processor.py:925} INFO - DAG(s) 'example_xcom' retrieved from /home/airflow/.local/lib/python3.12/site-packages/airflow/example_dags/example_xcom.py
[2025-05-02T01:24:00.056+0000] {logging_mixin.py:190} INFO - [2025-05-02T01:24:00.056+0000] {dag.py:3239} INFO - Sync 1 DAGs
[2025-05-02T01:24:00.090+0000] {logging_mixin.py:190} INFO - [2025-05-02T01:24:00.090+0000] {dag.py:4180} INFO - Setting next_dagrun for example_xcom to 2021-01-01 00:00:00+00:00, run_after=2021-01-01 00:00:00+00:00
[2025-05-02T01:24:00.116+0000] {processor.py:208} INFO - Processing /home/airflow/.local/lib/python3.12/site-packages/airflow/example_dags/example_xcom.py took 0.128 seconds
[2025-05-02T01:24:33.233+0000] {processor.py:186} INFO - Started process (PID=1008) to work on /home/airflow/.local/lib/python3.12/site-packages/airflow/example_dags/example_xcom.py
[2025-05-02T01:24:33.235+0000] {processor.py:914} INFO - Processing file /home/airflow/.local/lib/python3.12/site-packages/airflow/example_dags/example_xcom.py for tasks to queue
[2025-05-02T01:24:33.238+0000] {logging_mixin.py:190} INFO - [2025-05-02T01:24:33.238+0000] {dagbag.py:588} INFO - Filling up the DagBag from /home/airflow/.local/lib/python3.12/site-packages/airflow/example_dags/example_xcom.py
[2025-05-02T01:24:33.252+0000] {processor.py:925} INFO - DAG(s) 'example_xcom' retrieved from /home/airflow/.local/lib/python3.12/site-packages/airflow/example_dags/example_xcom.py
[2025-05-02T01:24:33.288+0000] {logging_mixin.py:190} INFO - [2025-05-02T01:24:33.288+0000] {dag.py:3239} INFO - Sync 1 DAGs
[2025-05-02T01:24:33.325+0000] {logging_mixin.py:190} INFO - [2025-05-02T01:24:33.324+0000] {dag.py:4180} INFO - Setting next_dagrun for example_xcom to 2021-01-01 00:00:00+00:00, run_after=2021-01-01 00:00:00+00:00
[2025-05-02T01:24:33.357+0000] {processor.py:208} INFO - Processing /home/airflow/.local/lib/python3.12/site-packages/airflow/example_dags/example_xcom.py took 0.135 seconds
[2025-05-02T01:25:05.674+0000] {processor.py:186} INFO - Started process (PID=1077) to work on /home/airflow/.local/lib/python3.12/site-packages/airflow/example_dags/example_xcom.py
[2025-05-02T01:25:05.675+0000] {processor.py:914} INFO - Processing file /home/airflow/.local/lib/python3.12/site-packages/airflow/example_dags/example_xcom.py for tasks to queue
[2025-05-02T01:25:05.678+0000] {logging_mixin.py:190} INFO - [2025-05-02T01:25:05.677+0000] {dagbag.py:588} INFO - Filling up the DagBag from /home/airflow/.local/lib/python3.12/site-packages/airflow/example_dags/example_xcom.py
[2025-05-02T01:25:05.692+0000] {processor.py:925} INFO - DAG(s) 'example_xcom' retrieved from /home/airflow/.local/lib/python3.12/site-packages/airflow/example_dags/example_xcom.py
[2025-05-02T01:25:05.735+0000] {logging_mixin.py:190} INFO - [2025-05-02T01:25:05.735+0000] {dag.py:3239} INFO - Sync 1 DAGs
[2025-05-02T01:25:05.766+0000] {logging_mixin.py:190} INFO - [2025-05-02T01:25:05.766+0000] {dag.py:4180} INFO - Setting next_dagrun for example_xcom to 2021-01-01 00:00:00+00:00, run_after=2021-01-01 00:00:00+00:00
[2025-05-02T01:25:05.795+0000] {processor.py:208} INFO - Processing /home/airflow/.local/lib/python3.12/site-packages/airflow/example_dags/example_xcom.py took 0.132 seconds
[2025-05-02T01:25:37.083+0000] {processor.py:186} INFO - Started process (PID=1140) to work on /home/airflow/.local/lib/python3.12/site-packages/airflow/example_dags/example_xcom.py
[2025-05-02T01:25:37.085+0000] {processor.py:914} INFO - Processing file /home/airflow/.local/lib/python3.12/site-packages/airflow/example_dags/example_xcom.py for tasks to queue
[2025-05-02T01:25:37.089+0000] {logging_mixin.py:190} INFO - [2025-05-02T01:25:37.088+0000] {dagbag.py:588} INFO - Filling up the DagBag from /home/airflow/.local/lib/python3.12/site-packages/airflow/example_dags/example_xcom.py
[2025-05-02T01:25:37.108+0000] {processor.py:925} INFO - DAG(s) 'example_xcom' retrieved from /home/airflow/.local/lib/python3.12/site-packages/airflow/example_dags/example_xcom.py
[2025-05-02T01:25:37.162+0000] {logging_mixin.py:190} INFO - [2025-05-02T01:25:37.161+0000] {dag.py:3239} INFO - Sync 1 DAGs
[2025-05-02T01:25:37.221+0000] {logging_mixin.py:190} INFO - [2025-05-02T01:25:37.220+0000] {dag.py:4180} INFO - Setting next_dagrun for example_xcom to 2021-01-01 00:00:00+00:00, run_after=2021-01-01 00:00:00+00:00
[2025-05-02T01:25:37.265+0000] {processor.py:208} INFO - Processing /home/airflow/.local/lib/python3.12/site-packages/airflow/example_dags/example_xcom.py took 0.197 seconds
[2025-05-02T01:26:07.823+0000] {processor.py:186} INFO - Started process (PID=1204) to work on /home/airflow/.local/lib/python3.12/site-packages/airflow/example_dags/example_xcom.py
[2025-05-02T01:26:07.826+0000] {processor.py:914} INFO - Processing file /home/airflow/.local/lib/python3.12/site-packages/airflow/example_dags/example_xcom.py for tasks to queue
[2025-05-02T01:26:07.832+0000] {logging_mixin.py:190} INFO - [2025-05-02T01:26:07.831+0000] {dagbag.py:588} INFO - Filling up the DagBag from /home/airflow/.local/lib/python3.12/site-packages/airflow/example_dags/example_xcom.py
[2025-05-02T01:26:07.852+0000] {processor.py:925} INFO - DAG(s) 'example_xcom' retrieved from /home/airflow/.local/lib/python3.12/site-packages/airflow/example_dags/example_xcom.py
[2025-05-02T01:26:07.892+0000] {logging_mixin.py:190} INFO - [2025-05-02T01:26:07.891+0000] {dag.py:3239} INFO - Sync 1 DAGs
[2025-05-02T01:26:07.930+0000] {logging_mixin.py:190} INFO - [2025-05-02T01:26:07.930+0000] {dag.py:4180} INFO - Setting next_dagrun for example_xcom to 2021-01-01 00:00:00+00:00, run_after=2021-01-01 00:00:00+00:00
[2025-05-02T01:26:07.959+0000] {processor.py:208} INFO - Processing /home/airflow/.local/lib/python3.12/site-packages/airflow/example_dags/example_xcom.py took 0.154 seconds
[2025-05-02T01:26:38.326+0000] {processor.py:186} INFO - Started process (PID=1267) to work on /home/airflow/.local/lib/python3.12/site-packages/airflow/example_dags/example_xcom.py
[2025-05-02T01:26:38.328+0000] {processor.py:914} INFO - Processing file /home/airflow/.local/lib/python3.12/site-packages/airflow/example_dags/example_xcom.py for tasks to queue
[2025-05-02T01:26:38.331+0000] {logging_mixin.py:190} INFO - [2025-05-02T01:26:38.330+0000] {dagbag.py:588} INFO - Filling up the DagBag from /home/airflow/.local/lib/python3.12/site-packages/airflow/example_dags/example_xcom.py
[2025-05-02T01:26:38.341+0000] {processor.py:925} INFO - DAG(s) 'example_xcom' retrieved from /home/airflow/.local/lib/python3.12/site-packages/airflow/example_dags/example_xcom.py
[2025-05-02T01:26:38.368+0000] {logging_mixin.py:190} INFO - [2025-05-02T01:26:38.368+0000] {dag.py:3239} INFO - Sync 1 DAGs
[2025-05-02T01:26:38.391+0000] {logging_mixin.py:190} INFO - [2025-05-02T01:26:38.391+0000] {dag.py:4180} INFO - Setting next_dagrun for example_xcom to 2021-01-01 00:00:00+00:00, run_after=2021-01-01 00:00:00+00:00
[2025-05-02T01:26:38.411+0000] {processor.py:208} INFO - Processing /home/airflow/.local/lib/python3.12/site-packages/airflow/example_dags/example_xcom.py took 0.094 seconds
[2025-05-02T01:27:08.897+0000] {processor.py:186} INFO - Started process (PID=1330) to work on /home/airflow/.local/lib/python3.12/site-packages/airflow/example_dags/example_xcom.py
[2025-05-02T01:27:08.898+0000] {processor.py:914} INFO - Processing file /home/airflow/.local/lib/python3.12/site-packages/airflow/example_dags/example_xcom.py for tasks to queue
[2025-05-02T01:27:08.900+0000] {logging_mixin.py:190} INFO - [2025-05-02T01:27:08.900+0000] {dagbag.py:588} INFO - Filling up the DagBag from /home/airflow/.local/lib/python3.12/site-packages/airflow/example_dags/example_xcom.py
[2025-05-02T01:27:08.909+0000] {processor.py:925} INFO - DAG(s) 'example_xcom' retrieved from /home/airflow/.local/lib/python3.12/site-packages/airflow/example_dags/example_xcom.py
[2025-05-02T01:27:08.930+0000] {logging_mixin.py:190} INFO - [2025-05-02T01:27:08.929+0000] {dag.py:3239} INFO - Sync 1 DAGs
[2025-05-02T01:27:08.953+0000] {logging_mixin.py:190} INFO - [2025-05-02T01:27:08.953+0000] {dag.py:4180} INFO - Setting next_dagrun for example_xcom to 2021-01-01 00:00:00+00:00, run_after=2021-01-01 00:00:00+00:00
[2025-05-02T01:27:08.976+0000] {processor.py:208} INFO - Processing /home/airflow/.local/lib/python3.12/site-packages/airflow/example_dags/example_xcom.py took 0.085 seconds
[2025-05-02T01:27:40.425+0000] {processor.py:186} INFO - Started process (PID=1393) to work on /home/airflow/.local/lib/python3.12/site-packages/airflow/example_dags/example_xcom.py
[2025-05-02T01:27:40.426+0000] {processor.py:914} INFO - Processing file /home/airflow/.local/lib/python3.12/site-packages/airflow/example_dags/example_xcom.py for tasks to queue
[2025-05-02T01:27:40.429+0000] {logging_mixin.py:190} INFO - [2025-05-02T01:27:40.428+0000] {dagbag.py:588} INFO - Filling up the DagBag from /home/airflow/.local/lib/python3.12/site-packages/airflow/example_dags/example_xcom.py
[2025-05-02T01:27:40.440+0000] {processor.py:925} INFO - DAG(s) 'example_xcom' retrieved from /home/airflow/.local/lib/python3.12/site-packages/airflow/example_dags/example_xcom.py
[2025-05-02T01:27:40.465+0000] {logging_mixin.py:190} INFO - [2025-05-02T01:27:40.464+0000] {dag.py:3239} INFO - Sync 1 DAGs
[2025-05-02T01:27:40.492+0000] {logging_mixin.py:190} INFO - [2025-05-02T01:27:40.492+0000] {dag.py:4180} INFO - Setting next_dagrun for example_xcom to 2021-01-01 00:00:00+00:00, run_after=2021-01-01 00:00:00+00:00
[2025-05-02T01:27:40.516+0000] {processor.py:208} INFO - Processing /home/airflow/.local/lib/python3.12/site-packages/airflow/example_dags/example_xcom.py took 0.098 seconds
[2025-05-02T01:28:11.649+0000] {processor.py:186} INFO - Started process (PID=1455) to work on /home/airflow/.local/lib/python3.12/site-packages/airflow/example_dags/example_xcom.py
[2025-05-02T01:28:11.651+0000] {processor.py:914} INFO - Processing file /home/airflow/.local/lib/python3.12/site-packages/airflow/example_dags/example_xcom.py for tasks to queue
[2025-05-02T01:28:11.655+0000] {logging_mixin.py:190} INFO - [2025-05-02T01:28:11.655+0000] {dagbag.py:588} INFO - Filling up the DagBag from /home/airflow/.local/lib/python3.12/site-packages/airflow/example_dags/example_xcom.py
[2025-05-02T01:28:11.672+0000] {processor.py:925} INFO - DAG(s) 'example_xcom' retrieved from /home/airflow/.local/lib/python3.12/site-packages/airflow/example_dags/example_xcom.py
[2025-05-02T01:28:11.723+0000] {logging_mixin.py:190} INFO - [2025-05-02T01:28:11.722+0000] {dag.py:3239} INFO - Sync 1 DAGs
[2025-05-02T01:28:11.810+0000] {logging_mixin.py:190} INFO - [2025-05-02T01:28:11.809+0000] {dag.py:4180} INFO - Setting next_dagrun for example_xcom to 2021-01-01 00:00:00+00:00, run_after=2021-01-01 00:00:00+00:00
[2025-05-02T01:28:11.923+0000] {processor.py:208} INFO - Processing /home/airflow/.local/lib/python3.12/site-packages/airflow/example_dags/example_xcom.py took 0.283 seconds
[2025-05-02T01:28:43.129+0000] {processor.py:186} INFO - Started process (PID=1519) to work on /home/airflow/.local/lib/python3.12/site-packages/airflow/example_dags/example_xcom.py
[2025-05-02T01:28:43.131+0000] {processor.py:914} INFO - Processing file /home/airflow/.local/lib/python3.12/site-packages/airflow/example_dags/example_xcom.py for tasks to queue
[2025-05-02T01:28:43.134+0000] {logging_mixin.py:190} INFO - [2025-05-02T01:28:43.134+0000] {dagbag.py:588} INFO - Filling up the DagBag from /home/airflow/.local/lib/python3.12/site-packages/airflow/example_dags/example_xcom.py
[2025-05-02T01:28:43.148+0000] {processor.py:925} INFO - DAG(s) 'example_xcom' retrieved from /home/airflow/.local/lib/python3.12/site-packages/airflow/example_dags/example_xcom.py
[2025-05-02T01:28:43.177+0000] {logging_mixin.py:190} INFO - [2025-05-02T01:28:43.177+0000] {dag.py:3239} INFO - Sync 1 DAGs
[2025-05-02T01:28:43.205+0000] {logging_mixin.py:190} INFO - [2025-05-02T01:28:43.205+0000] {dag.py:4180} INFO - Setting next_dagrun for example_xcom to 2021-01-01 00:00:00+00:00, run_after=2021-01-01 00:00:00+00:00
[2025-05-02T01:28:43.229+0000] {processor.py:208} INFO - Processing /home/airflow/.local/lib/python3.12/site-packages/airflow/example_dags/example_xcom.py took 0.107 seconds
[2025-05-02T01:29:13.964+0000] {processor.py:186} INFO - Started process (PID=1581) to work on /home/airflow/.local/lib/python3.12/site-packages/airflow/example_dags/example_xcom.py
[2025-05-02T01:29:13.965+0000] {processor.py:914} INFO - Processing file /home/airflow/.local/lib/python3.12/site-packages/airflow/example_dags/example_xcom.py for tasks to queue
[2025-05-02T01:29:13.967+0000] {logging_mixin.py:190} INFO - [2025-05-02T01:29:13.967+0000] {dagbag.py:588} INFO - Filling up the DagBag from /home/airflow/.local/lib/python3.12/site-packages/airflow/example_dags/example_xcom.py
[2025-05-02T01:29:13.976+0000] {processor.py:925} INFO - DAG(s) 'example_xcom' retrieved from /home/airflow/.local/lib/python3.12/site-packages/airflow/example_dags/example_xcom.py
[2025-05-02T01:29:14.000+0000] {logging_mixin.py:190} INFO - [2025-05-02T01:29:14.000+0000] {dag.py:3239} INFO - Sync 1 DAGs
[2025-05-02T01:29:14.025+0000] {logging_mixin.py:190} INFO - [2025-05-02T01:29:14.025+0000] {dag.py:4180} INFO - Setting next_dagrun for example_xcom to 2021-01-01 00:00:00+00:00, run_after=2021-01-01 00:00:00+00:00
[2025-05-02T01:29:14.045+0000] {processor.py:208} INFO - Processing /home/airflow/.local/lib/python3.12/site-packages/airflow/example_dags/example_xcom.py took 0.087 seconds
[2025-05-02T01:29:45.252+0000] {processor.py:186} INFO - Started process (PID=1645) to work on /home/airflow/.local/lib/python3.12/site-packages/airflow/example_dags/example_xcom.py
[2025-05-02T01:29:45.253+0000] {processor.py:914} INFO - Processing file /home/airflow/.local/lib/python3.12/site-packages/airflow/example_dags/example_xcom.py for tasks to queue
[2025-05-02T01:29:45.255+0000] {logging_mixin.py:190} INFO - [2025-05-02T01:29:45.255+0000] {dagbag.py:588} INFO - Filling up the DagBag from /home/airflow/.local/lib/python3.12/site-packages/airflow/example_dags/example_xcom.py
[2025-05-02T01:29:45.263+0000] {processor.py:925} INFO - DAG(s) 'example_xcom' retrieved from /home/airflow/.local/lib/python3.12/site-packages/airflow/example_dags/example_xcom.py
[2025-05-02T01:29:45.284+0000] {logging_mixin.py:190} INFO - [2025-05-02T01:29:45.283+0000] {dag.py:3239} INFO - Sync 1 DAGs
[2025-05-02T01:29:45.306+0000] {logging_mixin.py:190} INFO - [2025-05-02T01:29:45.306+0000] {dag.py:4180} INFO - Setting next_dagrun for example_xcom to 2021-01-01 00:00:00+00:00, run_after=2021-01-01 00:00:00+00:00
[2025-05-02T01:29:45.327+0000] {processor.py:208} INFO - Processing /home/airflow/.local/lib/python3.12/site-packages/airflow/example_dags/example_xcom.py took 0.081 seconds
[2025-05-02T01:30:15.681+0000] {processor.py:186} INFO - Started process (PID=1708) to work on /home/airflow/.local/lib/python3.12/site-packages/airflow/example_dags/example_xcom.py
[2025-05-02T01:30:15.683+0000] {processor.py:914} INFO - Processing file /home/airflow/.local/lib/python3.12/site-packages/airflow/example_dags/example_xcom.py for tasks to queue
[2025-05-02T01:30:15.699+0000] {logging_mixin.py:190} INFO - [2025-05-02T01:30:15.698+0000] {dagbag.py:588} INFO - Filling up the DagBag from /home/airflow/.local/lib/python3.12/site-packages/airflow/example_dags/example_xcom.py
[2025-05-02T01:30:15.734+0000] {processor.py:925} INFO - DAG(s) 'example_xcom' retrieved from /home/airflow/.local/lib/python3.12/site-packages/airflow/example_dags/example_xcom.py
[2025-05-02T01:30:15.763+0000] {logging_mixin.py:190} INFO - [2025-05-02T01:30:15.763+0000] {dag.py:3239} INFO - Sync 1 DAGs
[2025-05-02T01:30:15.788+0000] {logging_mixin.py:190} INFO - [2025-05-02T01:30:15.788+0000] {dag.py:4180} INFO - Setting next_dagrun for example_xcom to 2021-01-01 00:00:00+00:00, run_after=2021-01-01 00:00:00+00:00
[2025-05-02T01:30:15.810+0000] {processor.py:208} INFO - Processing /home/airflow/.local/lib/python3.12/site-packages/airflow/example_dags/example_xcom.py took 0.135 seconds
[2025-05-02T01:30:48.221+0000] {processor.py:186} INFO - Started process (PID=1771) to work on /home/airflow/.local/lib/python3.12/site-packages/airflow/example_dags/example_xcom.py
[2025-05-02T01:30:48.223+0000] {processor.py:914} INFO - Processing file /home/airflow/.local/lib/python3.12/site-packages/airflow/example_dags/example_xcom.py for tasks to queue
[2025-05-02T01:30:48.225+0000] {logging_mixin.py:190} INFO - [2025-05-02T01:30:48.225+0000] {dagbag.py:588} INFO - Filling up the DagBag from /home/airflow/.local/lib/python3.12/site-packages/airflow/example_dags/example_xcom.py
[2025-05-02T01:30:48.236+0000] {processor.py:925} INFO - DAG(s) 'example_xcom' retrieved from /home/airflow/.local/lib/python3.12/site-packages/airflow/example_dags/example_xcom.py
[2025-05-02T01:30:48.268+0000] {logging_mixin.py:190} INFO - [2025-05-02T01:30:48.268+0000] {dag.py:3239} INFO - Sync 1 DAGs
[2025-05-02T01:30:48.308+0000] {logging_mixin.py:190} INFO - [2025-05-02T01:30:48.308+0000] {dag.py:4180} INFO - Setting next_dagrun for example_xcom to 2021-01-01 00:00:00+00:00, run_after=2021-01-01 00:00:00+00:00
[2025-05-02T01:30:48.350+0000] {processor.py:208} INFO - Processing /home/airflow/.local/lib/python3.12/site-packages/airflow/example_dags/example_xcom.py took 0.136 seconds
[2025-05-02T01:31:19.428+0000] {processor.py:186} INFO - Started process (PID=1836) to work on /home/airflow/.local/lib/python3.12/site-packages/airflow/example_dags/example_xcom.py
[2025-05-02T01:31:19.430+0000] {processor.py:914} INFO - Processing file /home/airflow/.local/lib/python3.12/site-packages/airflow/example_dags/example_xcom.py for tasks to queue
[2025-05-02T01:31:19.435+0000] {logging_mixin.py:190} INFO - [2025-05-02T01:31:19.434+0000] {dagbag.py:588} INFO - Filling up the DagBag from /home/airflow/.local/lib/python3.12/site-packages/airflow/example_dags/example_xcom.py
[2025-05-02T01:31:19.455+0000] {processor.py:925} INFO - DAG(s) 'example_xcom' retrieved from /home/airflow/.local/lib/python3.12/site-packages/airflow/example_dags/example_xcom.py
[2025-05-02T01:31:19.494+0000] {logging_mixin.py:190} INFO - [2025-05-02T01:31:19.493+0000] {dag.py:3239} INFO - Sync 1 DAGs
[2025-05-02T01:31:19.529+0000] {logging_mixin.py:190} INFO - [2025-05-02T01:31:19.528+0000] {dag.py:4180} INFO - Setting next_dagrun for example_xcom to 2021-01-01 00:00:00+00:00, run_after=2021-01-01 00:00:00+00:00
[2025-05-02T01:31:19.559+0000] {processor.py:208} INFO - Processing /home/airflow/.local/lib/python3.12/site-packages/airflow/example_dags/example_xcom.py took 0.141 seconds
[2025-05-02T01:31:52.744+0000] {processor.py:186} INFO - Started process (PID=1904) to work on /home/airflow/.local/lib/python3.12/site-packages/airflow/example_dags/example_xcom.py
[2025-05-02T01:31:52.746+0000] {processor.py:914} INFO - Processing file /home/airflow/.local/lib/python3.12/site-packages/airflow/example_dags/example_xcom.py for tasks to queue
[2025-05-02T01:31:52.749+0000] {logging_mixin.py:190} INFO - [2025-05-02T01:31:52.748+0000] {dagbag.py:588} INFO - Filling up the DagBag from /home/airflow/.local/lib/python3.12/site-packages/airflow/example_dags/example_xcom.py
[2025-05-02T01:31:52.763+0000] {processor.py:925} INFO - DAG(s) 'example_xcom' retrieved from /home/airflow/.local/lib/python3.12/site-packages/airflow/example_dags/example_xcom.py
[2025-05-02T01:31:52.799+0000] {logging_mixin.py:190} INFO - [2025-05-02T01:31:52.798+0000] {dag.py:3239} INFO - Sync 1 DAGs
[2025-05-02T01:31:52.836+0000] {logging_mixin.py:190} INFO - [2025-05-02T01:31:52.835+0000] {dag.py:4180} INFO - Setting next_dagrun for example_xcom to 2021-01-01 00:00:00+00:00, run_after=2021-01-01 00:00:00+00:00
[2025-05-02T01:31:52.878+0000] {processor.py:208} INFO - Processing /home/airflow/.local/lib/python3.12/site-packages/airflow/example_dags/example_xcom.py took 0.143 seconds
[2025-05-02T01:32:23.279+0000] {processor.py:186} INFO - Started process (PID=1966) to work on /home/airflow/.local/lib/python3.12/site-packages/airflow/example_dags/example_xcom.py
[2025-05-02T01:32:23.281+0000] {processor.py:914} INFO - Processing file /home/airflow/.local/lib/python3.12/site-packages/airflow/example_dags/example_xcom.py for tasks to queue
[2025-05-02T01:32:23.284+0000] {logging_mixin.py:190} INFO - [2025-05-02T01:32:23.283+0000] {dagbag.py:588} INFO - Filling up the DagBag from /home/airflow/.local/lib/python3.12/site-packages/airflow/example_dags/example_xcom.py
[2025-05-02T01:32:23.296+0000] {processor.py:925} INFO - DAG(s) 'example_xcom' retrieved from /home/airflow/.local/lib/python3.12/site-packages/airflow/example_dags/example_xcom.py
[2025-05-02T01:32:23.325+0000] {logging_mixin.py:190} INFO - [2025-05-02T01:32:23.325+0000] {dag.py:3239} INFO - Sync 1 DAGs
[2025-05-02T01:32:23.355+0000] {logging_mixin.py:190} INFO - [2025-05-02T01:32:23.355+0000] {dag.py:4180} INFO - Setting next_dagrun for example_xcom to 2021-01-01 00:00:00+00:00, run_after=2021-01-01 00:00:00+00:00
[2025-05-02T01:32:23.377+0000] {processor.py:208} INFO - Processing /home/airflow/.local/lib/python3.12/site-packages/airflow/example_dags/example_xcom.py took 0.107 seconds
[2025-05-02T01:32:55.416+0000] {processor.py:186} INFO - Started process (PID=2029) to work on /home/airflow/.local/lib/python3.12/site-packages/airflow/example_dags/example_xcom.py
[2025-05-02T01:32:55.417+0000] {processor.py:914} INFO - Processing file /home/airflow/.local/lib/python3.12/site-packages/airflow/example_dags/example_xcom.py for tasks to queue
[2025-05-02T01:32:55.420+0000] {logging_mixin.py:190} INFO - [2025-05-02T01:32:55.419+0000] {dagbag.py:588} INFO - Filling up the DagBag from /home/airflow/.local/lib/python3.12/site-packages/airflow/example_dags/example_xcom.py
[2025-05-02T01:32:55.432+0000] {processor.py:925} INFO - DAG(s) 'example_xcom' retrieved from /home/airflow/.local/lib/python3.12/site-packages/airflow/example_dags/example_xcom.py
[2025-05-02T01:32:55.458+0000] {logging_mixin.py:190} INFO - [2025-05-02T01:32:55.457+0000] {dag.py:3239} INFO - Sync 1 DAGs
[2025-05-02T01:32:55.492+0000] {logging_mixin.py:190} INFO - [2025-05-02T01:32:55.492+0000] {dag.py:4180} INFO - Setting next_dagrun for example_xcom to 2021-01-01 00:00:00+00:00, run_after=2021-01-01 00:00:00+00:00
[2025-05-02T01:32:55.517+0000] {processor.py:208} INFO - Processing /home/airflow/.local/lib/python3.12/site-packages/airflow/example_dags/example_xcom.py took 0.108 seconds
[2025-05-02T01:33:27.435+0000] {processor.py:186} INFO - Started process (PID=2096) to work on /home/airflow/.local/lib/python3.12/site-packages/airflow/example_dags/example_xcom.py
[2025-05-02T01:33:27.436+0000] {processor.py:914} INFO - Processing file /home/airflow/.local/lib/python3.12/site-packages/airflow/example_dags/example_xcom.py for tasks to queue
[2025-05-02T01:33:27.440+0000] {logging_mixin.py:190} INFO - [2025-05-02T01:33:27.439+0000] {dagbag.py:588} INFO - Filling up the DagBag from /home/airflow/.local/lib/python3.12/site-packages/airflow/example_dags/example_xcom.py
[2025-05-02T01:33:27.452+0000] {processor.py:925} INFO - DAG(s) 'example_xcom' retrieved from /home/airflow/.local/lib/python3.12/site-packages/airflow/example_dags/example_xcom.py
[2025-05-02T01:33:27.478+0000] {logging_mixin.py:190} INFO - [2025-05-02T01:33:27.478+0000] {dag.py:3239} INFO - Sync 1 DAGs
[2025-05-02T01:33:27.517+0000] {logging_mixin.py:190} INFO - [2025-05-02T01:33:27.515+0000] {dag.py:4180} INFO - Setting next_dagrun for example_xcom to 2021-01-01 00:00:00+00:00, run_after=2021-01-01 00:00:00+00:00
[2025-05-02T01:33:27.576+0000] {processor.py:208} INFO - Processing /home/airflow/.local/lib/python3.12/site-packages/airflow/example_dags/example_xcom.py took 0.149 seconds
[2025-05-02T01:33:57.831+0000] {processor.py:186} INFO - Started process (PID=2158) to work on /home/airflow/.local/lib/python3.12/site-packages/airflow/example_dags/example_xcom.py
[2025-05-02T01:33:57.833+0000] {processor.py:914} INFO - Processing file /home/airflow/.local/lib/python3.12/site-packages/airflow/example_dags/example_xcom.py for tasks to queue
[2025-05-02T01:33:57.835+0000] {logging_mixin.py:190} INFO - [2025-05-02T01:33:57.835+0000] {dagbag.py:588} INFO - Filling up the DagBag from /home/airflow/.local/lib/python3.12/site-packages/airflow/example_dags/example_xcom.py
[2025-05-02T01:33:57.844+0000] {processor.py:925} INFO - DAG(s) 'example_xcom' retrieved from /home/airflow/.local/lib/python3.12/site-packages/airflow/example_dags/example_xcom.py
[2025-05-02T01:33:57.869+0000] {logging_mixin.py:190} INFO - [2025-05-02T01:33:57.869+0000] {dag.py:3239} INFO - Sync 1 DAGs
[2025-05-02T01:33:57.893+0000] {logging_mixin.py:190} INFO - [2025-05-02T01:33:57.893+0000] {dag.py:4180} INFO - Setting next_dagrun for example_xcom to 2021-01-01 00:00:00+00:00, run_after=2021-01-01 00:00:00+00:00
[2025-05-02T01:33:57.921+0000] {processor.py:208} INFO - Processing /home/airflow/.local/lib/python3.12/site-packages/airflow/example_dags/example_xcom.py took 0.096 seconds
[2025-05-02T01:34:28.691+0000] {processor.py:186} INFO - Started process (PID=2221) to work on /home/airflow/.local/lib/python3.12/site-packages/airflow/example_dags/example_xcom.py
[2025-05-02T01:34:28.692+0000] {processor.py:914} INFO - Processing file /home/airflow/.local/lib/python3.12/site-packages/airflow/example_dags/example_xcom.py for tasks to queue
[2025-05-02T01:34:28.695+0000] {logging_mixin.py:190} INFO - [2025-05-02T01:34:28.694+0000] {dagbag.py:588} INFO - Filling up the DagBag from /home/airflow/.local/lib/python3.12/site-packages/airflow/example_dags/example_xcom.py
[2025-05-02T01:34:28.705+0000] {processor.py:925} INFO - DAG(s) 'example_xcom' retrieved from /home/airflow/.local/lib/python3.12/site-packages/airflow/example_dags/example_xcom.py
[2025-05-02T01:34:28.737+0000] {logging_mixin.py:190} INFO - [2025-05-02T01:34:28.736+0000] {dag.py:3239} INFO - Sync 1 DAGs
[2025-05-02T01:34:28.766+0000] {logging_mixin.py:190} INFO - [2025-05-02T01:34:28.766+0000] {dag.py:4180} INFO - Setting next_dagrun for example_xcom to 2021-01-01 00:00:00+00:00, run_after=2021-01-01 00:00:00+00:00
[2025-05-02T01:34:28.790+0000] {processor.py:208} INFO - Processing /home/airflow/.local/lib/python3.12/site-packages/airflow/example_dags/example_xcom.py took 0.107 seconds
[2025-05-02T01:35:00.070+0000] {processor.py:186} INFO - Started process (PID=2287) to work on /home/airflow/.local/lib/python3.12/site-packages/airflow/example_dags/example_xcom.py
[2025-05-02T01:35:00.071+0000] {processor.py:914} INFO - Processing file /home/airflow/.local/lib/python3.12/site-packages/airflow/example_dags/example_xcom.py for tasks to queue
[2025-05-02T01:35:00.073+0000] {logging_mixin.py:190} INFO - [2025-05-02T01:35:00.073+0000] {dagbag.py:588} INFO - Filling up the DagBag from /home/airflow/.local/lib/python3.12/site-packages/airflow/example_dags/example_xcom.py
[2025-05-02T01:35:00.082+0000] {processor.py:925} INFO - DAG(s) 'example_xcom' retrieved from /home/airflow/.local/lib/python3.12/site-packages/airflow/example_dags/example_xcom.py
[2025-05-02T01:35:00.107+0000] {logging_mixin.py:190} INFO - [2025-05-02T01:35:00.106+0000] {dag.py:3239} INFO - Sync 1 DAGs
[2025-05-02T01:35:00.148+0000] {logging_mixin.py:190} INFO - [2025-05-02T01:35:00.146+0000] {dag.py:4180} INFO - Setting next_dagrun for example_xcom to 2021-01-01 00:00:00+00:00, run_after=2021-01-01 00:00:00+00:00
[2025-05-02T01:35:00.195+0000] {processor.py:208} INFO - Processing /home/airflow/.local/lib/python3.12/site-packages/airflow/example_dags/example_xcom.py took 0.132 seconds
[2025-05-02T01:35:31.069+0000] {processor.py:186} INFO - Started process (PID=2350) to work on /home/airflow/.local/lib/python3.12/site-packages/airflow/example_dags/example_xcom.py
[2025-05-02T01:35:31.071+0000] {processor.py:914} INFO - Processing file /home/airflow/.local/lib/python3.12/site-packages/airflow/example_dags/example_xcom.py for tasks to queue
[2025-05-02T01:35:31.074+0000] {logging_mixin.py:190} INFO - [2025-05-02T01:35:31.073+0000] {dagbag.py:588} INFO - Filling up the DagBag from /home/airflow/.local/lib/python3.12/site-packages/airflow/example_dags/example_xcom.py
[2025-05-02T01:35:31.089+0000] {processor.py:925} INFO - DAG(s) 'example_xcom' retrieved from /home/airflow/.local/lib/python3.12/site-packages/airflow/example_dags/example_xcom.py
[2025-05-02T01:35:31.120+0000] {logging_mixin.py:190} INFO - [2025-05-02T01:35:31.120+0000] {dag.py:3239} INFO - Sync 1 DAGs
[2025-05-02T01:35:31.149+0000] {logging_mixin.py:190} INFO - [2025-05-02T01:35:31.149+0000] {dag.py:4180} INFO - Setting next_dagrun for example_xcom to 2021-01-01 00:00:00+00:00, run_after=2021-01-01 00:00:00+00:00
[2025-05-02T01:35:31.175+0000] {processor.py:208} INFO - Processing /home/airflow/.local/lib/python3.12/site-packages/airflow/example_dags/example_xcom.py took 0.114 seconds
[2025-05-02T01:36:04.572+0000] {processor.py:186} INFO - Started process (PID=2416) to work on /home/airflow/.local/lib/python3.12/site-packages/airflow/example_dags/example_xcom.py
[2025-05-02T01:36:04.585+0000] {processor.py:914} INFO - Processing file /home/airflow/.local/lib/python3.12/site-packages/airflow/example_dags/example_xcom.py for tasks to queue
[2025-05-02T01:36:04.589+0000] {logging_mixin.py:190} INFO - [2025-05-02T01:36:04.589+0000] {dagbag.py:588} INFO - Filling up the DagBag from /home/airflow/.local/lib/python3.12/site-packages/airflow/example_dags/example_xcom.py
[2025-05-02T01:36:04.601+0000] {processor.py:925} INFO - DAG(s) 'example_xcom' retrieved from /home/airflow/.local/lib/python3.12/site-packages/airflow/example_dags/example_xcom.py
[2025-05-02T01:36:04.642+0000] {logging_mixin.py:190} INFO - [2025-05-02T01:36:04.641+0000] {dag.py:3239} INFO - Sync 1 DAGs
[2025-05-02T01:36:04.671+0000] {logging_mixin.py:190} INFO - [2025-05-02T01:36:04.670+0000] {dag.py:4180} INFO - Setting next_dagrun for example_xcom to 2021-01-01 00:00:00+00:00, run_after=2021-01-01 00:00:00+00:00
[2025-05-02T01:36:04.699+0000] {processor.py:208} INFO - Processing /home/airflow/.local/lib/python3.12/site-packages/airflow/example_dags/example_xcom.py took 0.172 seconds
[2025-05-02T01:36:35.029+0000] {processor.py:186} INFO - Started process (PID=2479) to work on /home/airflow/.local/lib/python3.12/site-packages/airflow/example_dags/example_xcom.py
[2025-05-02T01:36:35.030+0000] {processor.py:914} INFO - Processing file /home/airflow/.local/lib/python3.12/site-packages/airflow/example_dags/example_xcom.py for tasks to queue
[2025-05-02T01:36:35.033+0000] {logging_mixin.py:190} INFO - [2025-05-02T01:36:35.032+0000] {dagbag.py:588} INFO - Filling up the DagBag from /home/airflow/.local/lib/python3.12/site-packages/airflow/example_dags/example_xcom.py
[2025-05-02T01:36:35.043+0000] {processor.py:925} INFO - DAG(s) 'example_xcom' retrieved from /home/airflow/.local/lib/python3.12/site-packages/airflow/example_dags/example_xcom.py
[2025-05-02T01:36:35.096+0000] {logging_mixin.py:190} INFO - [2025-05-02T01:36:35.095+0000] {dag.py:3239} INFO - Sync 1 DAGs
[2025-05-02T01:36:35.127+0000] {logging_mixin.py:190} INFO - [2025-05-02T01:36:35.127+0000] {dag.py:4180} INFO - Setting next_dagrun for example_xcom to 2021-01-01 00:00:00+00:00, run_after=2021-01-01 00:00:00+00:00
[2025-05-02T01:36:35.160+0000] {processor.py:208} INFO - Processing /home/airflow/.local/lib/python3.12/site-packages/airflow/example_dags/example_xcom.py took 0.138 seconds
[2025-05-02T01:37:06.172+0000] {processor.py:186} INFO - Started process (PID=2542) to work on /home/airflow/.local/lib/python3.12/site-packages/airflow/example_dags/example_xcom.py
[2025-05-02T01:37:06.174+0000] {processor.py:914} INFO - Processing file /home/airflow/.local/lib/python3.12/site-packages/airflow/example_dags/example_xcom.py for tasks to queue
[2025-05-02T01:37:06.176+0000] {logging_mixin.py:190} INFO - [2025-05-02T01:37:06.176+0000] {dagbag.py:588} INFO - Filling up the DagBag from /home/airflow/.local/lib/python3.12/site-packages/airflow/example_dags/example_xcom.py
[2025-05-02T01:37:06.186+0000] {processor.py:925} INFO - DAG(s) 'example_xcom' retrieved from /home/airflow/.local/lib/python3.12/site-packages/airflow/example_dags/example_xcom.py
[2025-05-02T01:37:06.208+0000] {logging_mixin.py:190} INFO - [2025-05-02T01:37:06.208+0000] {dag.py:3239} INFO - Sync 1 DAGs
[2025-05-02T01:37:06.234+0000] {logging_mixin.py:190} INFO - [2025-05-02T01:37:06.233+0000] {dag.py:4180} INFO - Setting next_dagrun for example_xcom to 2021-01-01 00:00:00+00:00, run_after=2021-01-01 00:00:00+00:00
[2025-05-02T01:37:06.253+0000] {processor.py:208} INFO - Processing /home/airflow/.local/lib/python3.12/site-packages/airflow/example_dags/example_xcom.py took 0.089 seconds
[2025-05-02T01:37:37.898+0000] {processor.py:186} INFO - Started process (PID=2605) to work on /home/airflow/.local/lib/python3.12/site-packages/airflow/example_dags/example_xcom.py
[2025-05-02T01:37:37.900+0000] {processor.py:914} INFO - Processing file /home/airflow/.local/lib/python3.12/site-packages/airflow/example_dags/example_xcom.py for tasks to queue
[2025-05-02T01:37:37.903+0000] {logging_mixin.py:190} INFO - [2025-05-02T01:37:37.903+0000] {dagbag.py:588} INFO - Filling up the DagBag from /home/airflow/.local/lib/python3.12/site-packages/airflow/example_dags/example_xcom.py
[2025-05-02T01:37:37.915+0000] {processor.py:925} INFO - DAG(s) 'example_xcom' retrieved from /home/airflow/.local/lib/python3.12/site-packages/airflow/example_dags/example_xcom.py
[2025-05-02T01:37:37.938+0000] {logging_mixin.py:190} INFO - [2025-05-02T01:37:37.938+0000] {dag.py:3239} INFO - Sync 1 DAGs
[2025-05-02T01:37:37.960+0000] {logging_mixin.py:190} INFO - [2025-05-02T01:37:37.960+0000] {dag.py:4180} INFO - Setting next_dagrun for example_xcom to 2021-01-01 00:00:00+00:00, run_after=2021-01-01 00:00:00+00:00
[2025-05-02T01:37:37.983+0000] {processor.py:208} INFO - Processing /home/airflow/.local/lib/python3.12/site-packages/airflow/example_dags/example_xcom.py took 0.091 seconds
[2025-05-02T01:38:09.107+0000] {processor.py:186} INFO - Started process (PID=2675) to work on /home/airflow/.local/lib/python3.12/site-packages/airflow/example_dags/example_xcom.py
[2025-05-02T01:38:09.108+0000] {processor.py:914} INFO - Processing file /home/airflow/.local/lib/python3.12/site-packages/airflow/example_dags/example_xcom.py for tasks to queue
[2025-05-02T01:38:09.111+0000] {logging_mixin.py:190} INFO - [2025-05-02T01:38:09.110+0000] {dagbag.py:588} INFO - Filling up the DagBag from /home/airflow/.local/lib/python3.12/site-packages/airflow/example_dags/example_xcom.py
[2025-05-02T01:38:09.121+0000] {processor.py:925} INFO - DAG(s) 'example_xcom' retrieved from /home/airflow/.local/lib/python3.12/site-packages/airflow/example_dags/example_xcom.py
[2025-05-02T01:38:09.145+0000] {logging_mixin.py:190} INFO - [2025-05-02T01:38:09.145+0000] {dag.py:3239} INFO - Sync 1 DAGs
[2025-05-02T01:38:09.174+0000] {logging_mixin.py:190} INFO - [2025-05-02T01:38:09.173+0000] {dag.py:4180} INFO - Setting next_dagrun for example_xcom to 2021-01-01 00:00:00+00:00, run_after=2021-01-01 00:00:00+00:00
[2025-05-02T01:38:09.208+0000] {processor.py:208} INFO - Processing /home/airflow/.local/lib/python3.12/site-packages/airflow/example_dags/example_xcom.py took 0.108 seconds
[2025-05-02T01:38:40.215+0000] {processor.py:186} INFO - Started process (PID=2738) to work on /home/airflow/.local/lib/python3.12/site-packages/airflow/example_dags/example_xcom.py
[2025-05-02T01:38:40.217+0000] {processor.py:914} INFO - Processing file /home/airflow/.local/lib/python3.12/site-packages/airflow/example_dags/example_xcom.py for tasks to queue
[2025-05-02T01:38:40.220+0000] {logging_mixin.py:190} INFO - [2025-05-02T01:38:40.219+0000] {dagbag.py:588} INFO - Filling up the DagBag from /home/airflow/.local/lib/python3.12/site-packages/airflow/example_dags/example_xcom.py
[2025-05-02T01:38:40.234+0000] {processor.py:925} INFO - DAG(s) 'example_xcom' retrieved from /home/airflow/.local/lib/python3.12/site-packages/airflow/example_dags/example_xcom.py
[2025-05-02T01:38:40.264+0000] {logging_mixin.py:190} INFO - [2025-05-02T01:38:40.264+0000] {dag.py:3239} INFO - Sync 1 DAGs
[2025-05-02T01:38:40.297+0000] {logging_mixin.py:190} INFO - [2025-05-02T01:38:40.296+0000] {dag.py:4180} INFO - Setting next_dagrun for example_xcom to 2021-01-01 00:00:00+00:00, run_after=2021-01-01 00:00:00+00:00
[2025-05-02T01:38:40.319+0000] {processor.py:208} INFO - Processing /home/airflow/.local/lib/python3.12/site-packages/airflow/example_dags/example_xcom.py took 0.111 seconds
[2025-05-02T01:39:11.706+0000] {processor.py:186} INFO - Started process (PID=2801) to work on /home/airflow/.local/lib/python3.12/site-packages/airflow/example_dags/example_xcom.py
[2025-05-02T01:39:11.708+0000] {processor.py:914} INFO - Processing file /home/airflow/.local/lib/python3.12/site-packages/airflow/example_dags/example_xcom.py for tasks to queue
[2025-05-02T01:39:11.711+0000] {logging_mixin.py:190} INFO - [2025-05-02T01:39:11.710+0000] {dagbag.py:588} INFO - Filling up the DagBag from /home/airflow/.local/lib/python3.12/site-packages/airflow/example_dags/example_xcom.py
[2025-05-02T01:39:11.731+0000] {processor.py:925} INFO - DAG(s) 'example_xcom' retrieved from /home/airflow/.local/lib/python3.12/site-packages/airflow/example_dags/example_xcom.py
[2025-05-02T01:39:11.761+0000] {logging_mixin.py:190} INFO - [2025-05-02T01:39:11.761+0000] {dag.py:3239} INFO - Sync 1 DAGs
[2025-05-02T01:39:11.796+0000] {logging_mixin.py:190} INFO - [2025-05-02T01:39:11.796+0000] {dag.py:4180} INFO - Setting next_dagrun for example_xcom to 2021-01-01 00:00:00+00:00, run_after=2021-01-01 00:00:00+00:00
[2025-05-02T01:39:11.828+0000] {processor.py:208} INFO - Processing /home/airflow/.local/lib/python3.12/site-packages/airflow/example_dags/example_xcom.py took 0.131 seconds
[2025-05-02T01:39:43.000+0000] {processor.py:186} INFO - Started process (PID=2864) to work on /home/airflow/.local/lib/python3.12/site-packages/airflow/example_dags/example_xcom.py
[2025-05-02T01:39:43.002+0000] {processor.py:914} INFO - Processing file /home/airflow/.local/lib/python3.12/site-packages/airflow/example_dags/example_xcom.py for tasks to queue
[2025-05-02T01:39:43.004+0000] {logging_mixin.py:190} INFO - [2025-05-02T01:39:43.004+0000] {dagbag.py:588} INFO - Filling up the DagBag from /home/airflow/.local/lib/python3.12/site-packages/airflow/example_dags/example_xcom.py
[2025-05-02T01:39:43.013+0000] {processor.py:925} INFO - DAG(s) 'example_xcom' retrieved from /home/airflow/.local/lib/python3.12/site-packages/airflow/example_dags/example_xcom.py
[2025-05-02T01:39:43.038+0000] {logging_mixin.py:190} INFO - [2025-05-02T01:39:43.038+0000] {dag.py:3239} INFO - Sync 1 DAGs
[2025-05-02T01:39:43.061+0000] {logging_mixin.py:190} INFO - [2025-05-02T01:39:43.061+0000] {dag.py:4180} INFO - Setting next_dagrun for example_xcom to 2021-01-01 00:00:00+00:00, run_after=2021-01-01 00:00:00+00:00
[2025-05-02T01:39:43.081+0000] {processor.py:208} INFO - Processing /home/airflow/.local/lib/python3.12/site-packages/airflow/example_dags/example_xcom.py took 0.087 seconds
[2025-05-02T01:40:17.246+0000] {processor.py:186} INFO - Started process (PID=2927) to work on /home/airflow/.local/lib/python3.12/site-packages/airflow/example_dags/example_xcom.py
[2025-05-02T01:40:17.247+0000] {processor.py:914} INFO - Processing file /home/airflow/.local/lib/python3.12/site-packages/airflow/example_dags/example_xcom.py for tasks to queue
[2025-05-02T01:40:17.250+0000] {logging_mixin.py:190} INFO - [2025-05-02T01:40:17.250+0000] {dagbag.py:588} INFO - Filling up the DagBag from /home/airflow/.local/lib/python3.12/site-packages/airflow/example_dags/example_xcom.py
[2025-05-02T01:40:17.262+0000] {processor.py:925} INFO - DAG(s) 'example_xcom' retrieved from /home/airflow/.local/lib/python3.12/site-packages/airflow/example_dags/example_xcom.py
[2025-05-02T01:40:17.290+0000] {logging_mixin.py:190} INFO - [2025-05-02T01:40:17.289+0000] {dag.py:3239} INFO - Sync 1 DAGs
[2025-05-02T01:40:17.316+0000] {logging_mixin.py:190} INFO - [2025-05-02T01:40:17.316+0000] {dag.py:4180} INFO - Setting next_dagrun for example_xcom to 2021-01-01 00:00:00+00:00, run_after=2021-01-01 00:00:00+00:00
[2025-05-02T01:40:17.340+0000] {processor.py:208} INFO - Processing /home/airflow/.local/lib/python3.12/site-packages/airflow/example_dags/example_xcom.py took 0.102 seconds
[2025-05-02T01:40:48.620+0000] {processor.py:186} INFO - Started process (PID=2990) to work on /home/airflow/.local/lib/python3.12/site-packages/airflow/example_dags/example_xcom.py
[2025-05-02T01:40:48.623+0000] {processor.py:914} INFO - Processing file /home/airflow/.local/lib/python3.12/site-packages/airflow/example_dags/example_xcom.py for tasks to queue
[2025-05-02T01:40:48.627+0000] {logging_mixin.py:190} INFO - [2025-05-02T01:40:48.626+0000] {dagbag.py:588} INFO - Filling up the DagBag from /home/airflow/.local/lib/python3.12/site-packages/airflow/example_dags/example_xcom.py
[2025-05-02T01:40:48.644+0000] {processor.py:925} INFO - DAG(s) 'example_xcom' retrieved from /home/airflow/.local/lib/python3.12/site-packages/airflow/example_dags/example_xcom.py
[2025-05-02T01:40:48.683+0000] {logging_mixin.py:190} INFO - [2025-05-02T01:40:48.682+0000] {dag.py:3239} INFO - Sync 1 DAGs
[2025-05-02T01:40:48.715+0000] {logging_mixin.py:190} INFO - [2025-05-02T01:40:48.715+0000] {dag.py:4180} INFO - Setting next_dagrun for example_xcom to 2021-01-01 00:00:00+00:00, run_after=2021-01-01 00:00:00+00:00
[2025-05-02T01:40:48.745+0000] {processor.py:208} INFO - Processing /home/airflow/.local/lib/python3.12/site-packages/airflow/example_dags/example_xcom.py took 0.140 seconds
[2025-05-02T01:41:20.046+0000] {processor.py:186} INFO - Started process (PID=3053) to work on /home/airflow/.local/lib/python3.12/site-packages/airflow/example_dags/example_xcom.py
[2025-05-02T01:41:20.048+0000] {processor.py:914} INFO - Processing file /home/airflow/.local/lib/python3.12/site-packages/airflow/example_dags/example_xcom.py for tasks to queue
[2025-05-02T01:41:20.051+0000] {logging_mixin.py:190} INFO - [2025-05-02T01:41:20.051+0000] {dagbag.py:588} INFO - Filling up the DagBag from /home/airflow/.local/lib/python3.12/site-packages/airflow/example_dags/example_xcom.py
[2025-05-02T01:41:20.061+0000] {processor.py:925} INFO - DAG(s) 'example_xcom' retrieved from /home/airflow/.local/lib/python3.12/site-packages/airflow/example_dags/example_xcom.py
[2025-05-02T01:41:20.084+0000] {logging_mixin.py:190} INFO - [2025-05-02T01:41:20.083+0000] {dag.py:3239} INFO - Sync 1 DAGs
[2025-05-02T01:41:20.107+0000] {logging_mixin.py:190} INFO - [2025-05-02T01:41:20.106+0000] {dag.py:4180} INFO - Setting next_dagrun for example_xcom to 2021-01-01 00:00:00+00:00, run_after=2021-01-01 00:00:00+00:00
[2025-05-02T01:41:20.130+0000] {processor.py:208} INFO - Processing /home/airflow/.local/lib/python3.12/site-packages/airflow/example_dags/example_xcom.py took 0.092 seconds
[2025-05-02T01:41:51.557+0000] {processor.py:186} INFO - Started process (PID=3115) to work on /home/airflow/.local/lib/python3.12/site-packages/airflow/example_dags/example_xcom.py
[2025-05-02T01:41:51.558+0000] {processor.py:914} INFO - Processing file /home/airflow/.local/lib/python3.12/site-packages/airflow/example_dags/example_xcom.py for tasks to queue
[2025-05-02T01:41:51.561+0000] {logging_mixin.py:190} INFO - [2025-05-02T01:41:51.561+0000] {dagbag.py:588} INFO - Filling up the DagBag from /home/airflow/.local/lib/python3.12/site-packages/airflow/example_dags/example_xcom.py
[2025-05-02T01:41:51.573+0000] {processor.py:925} INFO - DAG(s) 'example_xcom' retrieved from /home/airflow/.local/lib/python3.12/site-packages/airflow/example_dags/example_xcom.py
[2025-05-02T01:41:51.601+0000] {logging_mixin.py:190} INFO - [2025-05-02T01:41:51.600+0000] {dag.py:3239} INFO - Sync 1 DAGs
[2025-05-02T01:41:51.642+0000] {logging_mixin.py:190} INFO - [2025-05-02T01:41:51.641+0000] {dag.py:4180} INFO - Setting next_dagrun for example_xcom to 2021-01-01 00:00:00+00:00, run_after=2021-01-01 00:00:00+00:00
[2025-05-02T01:41:51.669+0000] {processor.py:208} INFO - Processing /home/airflow/.local/lib/python3.12/site-packages/airflow/example_dags/example_xcom.py took 0.119 seconds
[2025-05-02T01:42:23.931+0000] {processor.py:186} INFO - Started process (PID=3178) to work on /home/airflow/.local/lib/python3.12/site-packages/airflow/example_dags/example_xcom.py
[2025-05-02T01:42:23.933+0000] {processor.py:914} INFO - Processing file /home/airflow/.local/lib/python3.12/site-packages/airflow/example_dags/example_xcom.py for tasks to queue
[2025-05-02T01:42:23.937+0000] {logging_mixin.py:190} INFO - [2025-05-02T01:42:23.937+0000] {dagbag.py:588} INFO - Filling up the DagBag from /home/airflow/.local/lib/python3.12/site-packages/airflow/example_dags/example_xcom.py
[2025-05-02T01:42:23.955+0000] {processor.py:925} INFO - DAG(s) 'example_xcom' retrieved from /home/airflow/.local/lib/python3.12/site-packages/airflow/example_dags/example_xcom.py
[2025-05-02T01:42:23.990+0000] {logging_mixin.py:190} INFO - [2025-05-02T01:42:23.990+0000] {dag.py:3239} INFO - Sync 1 DAGs
[2025-05-02T01:42:24.032+0000] {logging_mixin.py:190} INFO - [2025-05-02T01:42:24.032+0000] {dag.py:4180} INFO - Setting next_dagrun for example_xcom to 2021-01-01 00:00:00+00:00, run_after=2021-01-01 00:00:00+00:00
[2025-05-02T01:42:24.081+0000] {processor.py:208} INFO - Processing /home/airflow/.local/lib/python3.12/site-packages/airflow/example_dags/example_xcom.py took 0.162 seconds
[2025-05-02T01:42:54.233+0000] {processor.py:186} INFO - Started process (PID=3241) to work on /home/airflow/.local/lib/python3.12/site-packages/airflow/example_dags/example_xcom.py
[2025-05-02T01:42:54.235+0000] {processor.py:914} INFO - Processing file /home/airflow/.local/lib/python3.12/site-packages/airflow/example_dags/example_xcom.py for tasks to queue
[2025-05-02T01:42:54.237+0000] {logging_mixin.py:190} INFO - [2025-05-02T01:42:54.236+0000] {dagbag.py:588} INFO - Filling up the DagBag from /home/airflow/.local/lib/python3.12/site-packages/airflow/example_dags/example_xcom.py
[2025-05-02T01:42:54.246+0000] {processor.py:925} INFO - DAG(s) 'example_xcom' retrieved from /home/airflow/.local/lib/python3.12/site-packages/airflow/example_dags/example_xcom.py
[2025-05-02T01:42:54.269+0000] {logging_mixin.py:190} INFO - [2025-05-02T01:42:54.269+0000] {dag.py:3239} INFO - Sync 1 DAGs
[2025-05-02T01:42:54.291+0000] {logging_mixin.py:190} INFO - [2025-05-02T01:42:54.290+0000] {dag.py:4180} INFO - Setting next_dagrun for example_xcom to 2021-01-01 00:00:00+00:00, run_after=2021-01-01 00:00:00+00:00
[2025-05-02T01:42:54.313+0000] {processor.py:208} INFO - Processing /home/airflow/.local/lib/python3.12/site-packages/airflow/example_dags/example_xcom.py took 0.087 seconds
[2025-05-02T01:43:25.963+0000] {processor.py:186} INFO - Started process (PID=3304) to work on /home/airflow/.local/lib/python3.12/site-packages/airflow/example_dags/example_xcom.py
[2025-05-02T01:43:25.966+0000] {processor.py:914} INFO - Processing file /home/airflow/.local/lib/python3.12/site-packages/airflow/example_dags/example_xcom.py for tasks to queue
[2025-05-02T01:43:25.973+0000] {logging_mixin.py:190} INFO - [2025-05-02T01:43:25.972+0000] {dagbag.py:588} INFO - Filling up the DagBag from /home/airflow/.local/lib/python3.12/site-packages/airflow/example_dags/example_xcom.py
[2025-05-02T01:43:26.000+0000] {processor.py:925} INFO - DAG(s) 'example_xcom' retrieved from /home/airflow/.local/lib/python3.12/site-packages/airflow/example_dags/example_xcom.py
[2025-05-02T01:43:26.047+0000] {logging_mixin.py:190} INFO - [2025-05-02T01:43:26.047+0000] {dag.py:3239} INFO - Sync 1 DAGs
[2025-05-02T01:43:26.075+0000] {logging_mixin.py:190} INFO - [2025-05-02T01:43:26.075+0000] {dag.py:4180} INFO - Setting next_dagrun for example_xcom to 2021-01-01 00:00:00+00:00, run_after=2021-01-01 00:00:00+00:00
[2025-05-02T01:43:26.096+0000] {processor.py:208} INFO - Processing /home/airflow/.local/lib/python3.12/site-packages/airflow/example_dags/example_xcom.py took 0.154 seconds
[2025-05-02T01:43:57.805+0000] {processor.py:186} INFO - Started process (PID=3367) to work on /home/airflow/.local/lib/python3.12/site-packages/airflow/example_dags/example_xcom.py
[2025-05-02T01:43:57.807+0000] {processor.py:914} INFO - Processing file /home/airflow/.local/lib/python3.12/site-packages/airflow/example_dags/example_xcom.py for tasks to queue
[2025-05-02T01:43:57.812+0000] {logging_mixin.py:190} INFO - [2025-05-02T01:43:57.811+0000] {dagbag.py:588} INFO - Filling up the DagBag from /home/airflow/.local/lib/python3.12/site-packages/airflow/example_dags/example_xcom.py
[2025-05-02T01:43:57.833+0000] {processor.py:925} INFO - DAG(s) 'example_xcom' retrieved from /home/airflow/.local/lib/python3.12/site-packages/airflow/example_dags/example_xcom.py
[2025-05-02T01:43:57.874+0000] {logging_mixin.py:190} INFO - [2025-05-02T01:43:57.873+0000] {dag.py:3239} INFO - Sync 1 DAGs
[2025-05-02T01:43:57.914+0000] {logging_mixin.py:190} INFO - [2025-05-02T01:43:57.914+0000] {dag.py:4180} INFO - Setting next_dagrun for example_xcom to 2021-01-01 00:00:00+00:00, run_after=2021-01-01 00:00:00+00:00
[2025-05-02T01:43:57.945+0000] {processor.py:208} INFO - Processing /home/airflow/.local/lib/python3.12/site-packages/airflow/example_dags/example_xcom.py took 0.153 seconds
[2025-05-02T01:44:28.558+0000] {processor.py:186} INFO - Started process (PID=3430) to work on /home/airflow/.local/lib/python3.12/site-packages/airflow/example_dags/example_xcom.py
[2025-05-02T01:44:28.561+0000] {processor.py:914} INFO - Processing file /home/airflow/.local/lib/python3.12/site-packages/airflow/example_dags/example_xcom.py for tasks to queue
[2025-05-02T01:44:28.563+0000] {logging_mixin.py:190} INFO - [2025-05-02T01:44:28.563+0000] {dagbag.py:588} INFO - Filling up the DagBag from /home/airflow/.local/lib/python3.12/site-packages/airflow/example_dags/example_xcom.py
[2025-05-02T01:44:28.573+0000] {processor.py:925} INFO - DAG(s) 'example_xcom' retrieved from /home/airflow/.local/lib/python3.12/site-packages/airflow/example_dags/example_xcom.py
[2025-05-02T01:44:28.597+0000] {logging_mixin.py:190} INFO - [2025-05-02T01:44:28.597+0000] {dag.py:3239} INFO - Sync 1 DAGs
[2025-05-02T01:44:28.619+0000] {logging_mixin.py:190} INFO - [2025-05-02T01:44:28.619+0000] {dag.py:4180} INFO - Setting next_dagrun for example_xcom to 2021-01-01 00:00:00+00:00, run_after=2021-01-01 00:00:00+00:00
[2025-05-02T01:44:28.641+0000] {processor.py:208} INFO - Processing /home/airflow/.local/lib/python3.12/site-packages/airflow/example_dags/example_xcom.py took 0.089 seconds
[2025-05-02T01:44:59.816+0000] {processor.py:186} INFO - Started process (PID=3493) to work on /home/airflow/.local/lib/python3.12/site-packages/airflow/example_dags/example_xcom.py
[2025-05-02T01:44:59.817+0000] {processor.py:914} INFO - Processing file /home/airflow/.local/lib/python3.12/site-packages/airflow/example_dags/example_xcom.py for tasks to queue
[2025-05-02T01:44:59.820+0000] {logging_mixin.py:190} INFO - [2025-05-02T01:44:59.820+0000] {dagbag.py:588} INFO - Filling up the DagBag from /home/airflow/.local/lib/python3.12/site-packages/airflow/example_dags/example_xcom.py
[2025-05-02T01:44:59.834+0000] {processor.py:925} INFO - DAG(s) 'example_xcom' retrieved from /home/airflow/.local/lib/python3.12/site-packages/airflow/example_dags/example_xcom.py
[2025-05-02T01:44:59.861+0000] {logging_mixin.py:190} INFO - [2025-05-02T01:44:59.860+0000] {dag.py:3239} INFO - Sync 1 DAGs
[2025-05-02T01:44:59.891+0000] {logging_mixin.py:190} INFO - [2025-05-02T01:44:59.890+0000] {dag.py:4180} INFO - Setting next_dagrun for example_xcom to 2021-01-01 00:00:00+00:00, run_after=2021-01-01 00:00:00+00:00
[2025-05-02T01:44:59.915+0000] {processor.py:208} INFO - Processing /home/airflow/.local/lib/python3.12/site-packages/airflow/example_dags/example_xcom.py took 0.108 seconds
[2025-05-02T01:45:30.928+0000] {processor.py:186} INFO - Started process (PID=3556) to work on /home/airflow/.local/lib/python3.12/site-packages/airflow/example_dags/example_xcom.py
[2025-05-02T01:45:30.930+0000] {processor.py:914} INFO - Processing file /home/airflow/.local/lib/python3.12/site-packages/airflow/example_dags/example_xcom.py for tasks to queue
[2025-05-02T01:45:30.934+0000] {logging_mixin.py:190} INFO - [2025-05-02T01:45:30.933+0000] {dagbag.py:588} INFO - Filling up the DagBag from /home/airflow/.local/lib/python3.12/site-packages/airflow/example_dags/example_xcom.py
[2025-05-02T01:45:30.950+0000] {processor.py:925} INFO - DAG(s) 'example_xcom' retrieved from /home/airflow/.local/lib/python3.12/site-packages/airflow/example_dags/example_xcom.py
[2025-05-02T01:45:30.981+0000] {logging_mixin.py:190} INFO - [2025-05-02T01:45:30.981+0000] {dag.py:3239} INFO - Sync 1 DAGs
[2025-05-02T01:45:31.020+0000] {logging_mixin.py:190} INFO - [2025-05-02T01:45:31.019+0000] {dag.py:4180} INFO - Setting next_dagrun for example_xcom to 2021-01-01 00:00:00+00:00, run_after=2021-01-01 00:00:00+00:00
[2025-05-02T01:45:31.058+0000] {processor.py:208} INFO - Processing /home/airflow/.local/lib/python3.12/site-packages/airflow/example_dags/example_xcom.py took 0.139 seconds
[2025-05-02T01:46:02.118+0000] {processor.py:186} INFO - Started process (PID=3619) to work on /home/airflow/.local/lib/python3.12/site-packages/airflow/example_dags/example_xcom.py
[2025-05-02T01:46:02.119+0000] {processor.py:914} INFO - Processing file /home/airflow/.local/lib/python3.12/site-packages/airflow/example_dags/example_xcom.py for tasks to queue
[2025-05-02T01:46:02.123+0000] {logging_mixin.py:190} INFO - [2025-05-02T01:46:02.122+0000] {dagbag.py:588} INFO - Filling up the DagBag from /home/airflow/.local/lib/python3.12/site-packages/airflow/example_dags/example_xcom.py
[2025-05-02T01:46:02.143+0000] {processor.py:925} INFO - DAG(s) 'example_xcom' retrieved from /home/airflow/.local/lib/python3.12/site-packages/airflow/example_dags/example_xcom.py
[2025-05-02T01:46:02.176+0000] {logging_mixin.py:190} INFO - [2025-05-02T01:46:02.175+0000] {dag.py:3239} INFO - Sync 1 DAGs
[2025-05-02T01:46:02.211+0000] {logging_mixin.py:190} INFO - [2025-05-02T01:46:02.211+0000] {dag.py:4180} INFO - Setting next_dagrun for example_xcom to 2021-01-01 00:00:00+00:00, run_after=2021-01-01 00:00:00+00:00
[2025-05-02T01:46:02.246+0000] {processor.py:208} INFO - Processing /home/airflow/.local/lib/python3.12/site-packages/airflow/example_dags/example_xcom.py took 0.135 seconds
[2025-05-02T01:46:34.725+0000] {processor.py:186} INFO - Started process (PID=3682) to work on /home/airflow/.local/lib/python3.12/site-packages/airflow/example_dags/example_xcom.py
[2025-05-02T01:46:34.727+0000] {processor.py:914} INFO - Processing file /home/airflow/.local/lib/python3.12/site-packages/airflow/example_dags/example_xcom.py for tasks to queue
[2025-05-02T01:46:34.730+0000] {logging_mixin.py:190} INFO - [2025-05-02T01:46:34.730+0000] {dagbag.py:588} INFO - Filling up the DagBag from /home/airflow/.local/lib/python3.12/site-packages/airflow/example_dags/example_xcom.py
[2025-05-02T01:46:34.744+0000] {processor.py:925} INFO - DAG(s) 'example_xcom' retrieved from /home/airflow/.local/lib/python3.12/site-packages/airflow/example_dags/example_xcom.py
[2025-05-02T01:46:34.772+0000] {logging_mixin.py:190} INFO - [2025-05-02T01:46:34.772+0000] {dag.py:3239} INFO - Sync 1 DAGs
[2025-05-02T01:46:34.800+0000] {logging_mixin.py:190} INFO - [2025-05-02T01:46:34.800+0000] {dag.py:4180} INFO - Setting next_dagrun for example_xcom to 2021-01-01 00:00:00+00:00, run_after=2021-01-01 00:00:00+00:00
[2025-05-02T01:46:34.832+0000] {processor.py:208} INFO - Processing /home/airflow/.local/lib/python3.12/site-packages/airflow/example_dags/example_xcom.py took 0.115 seconds
[2025-05-02T01:47:07.111+0000] {processor.py:186} INFO - Started process (PID=3745) to work on /home/airflow/.local/lib/python3.12/site-packages/airflow/example_dags/example_xcom.py
[2025-05-02T01:47:07.113+0000] {processor.py:914} INFO - Processing file /home/airflow/.local/lib/python3.12/site-packages/airflow/example_dags/example_xcom.py for tasks to queue
[2025-05-02T01:47:07.116+0000] {logging_mixin.py:190} INFO - [2025-05-02T01:47:07.116+0000] {dagbag.py:588} INFO - Filling up the DagBag from /home/airflow/.local/lib/python3.12/site-packages/airflow/example_dags/example_xcom.py
[2025-05-02T01:47:07.130+0000] {processor.py:925} INFO - DAG(s) 'example_xcom' retrieved from /home/airflow/.local/lib/python3.12/site-packages/airflow/example_dags/example_xcom.py
[2025-05-02T01:47:07.167+0000] {logging_mixin.py:190} INFO - [2025-05-02T01:47:07.166+0000] {dag.py:3239} INFO - Sync 1 DAGs
[2025-05-02T01:47:07.201+0000] {logging_mixin.py:190} INFO - [2025-05-02T01:47:07.201+0000] {dag.py:4180} INFO - Setting next_dagrun for example_xcom to 2021-01-01 00:00:00+00:00, run_after=2021-01-01 00:00:00+00:00
[2025-05-02T01:47:07.229+0000] {processor.py:208} INFO - Processing /home/airflow/.local/lib/python3.12/site-packages/airflow/example_dags/example_xcom.py took 0.131 seconds
[2025-05-02T01:47:38.198+0000] {processor.py:186} INFO - Started process (PID=3808) to work on /home/airflow/.local/lib/python3.12/site-packages/airflow/example_dags/example_xcom.py
[2025-05-02T01:47:38.199+0000] {processor.py:914} INFO - Processing file /home/airflow/.local/lib/python3.12/site-packages/airflow/example_dags/example_xcom.py for tasks to queue
[2025-05-02T01:47:38.202+0000] {logging_mixin.py:190} INFO - [2025-05-02T01:47:38.202+0000] {dagbag.py:588} INFO - Filling up the DagBag from /home/airflow/.local/lib/python3.12/site-packages/airflow/example_dags/example_xcom.py
[2025-05-02T01:47:38.215+0000] {processor.py:925} INFO - DAG(s) 'example_xcom' retrieved from /home/airflow/.local/lib/python3.12/site-packages/airflow/example_dags/example_xcom.py
[2025-05-02T01:47:38.239+0000] {logging_mixin.py:190} INFO - [2025-05-02T01:47:38.239+0000] {dag.py:3239} INFO - Sync 1 DAGs
[2025-05-02T01:47:38.266+0000] {logging_mixin.py:190} INFO - [2025-05-02T01:47:38.266+0000] {dag.py:4180} INFO - Setting next_dagrun for example_xcom to 2021-01-01 00:00:00+00:00, run_after=2021-01-01 00:00:00+00:00
[2025-05-02T01:47:38.291+0000] {processor.py:208} INFO - Processing /home/airflow/.local/lib/python3.12/site-packages/airflow/example_dags/example_xcom.py took 0.102 seconds
[2025-05-02T01:48:09.533+0000] {processor.py:186} INFO - Started process (PID=3871) to work on /home/airflow/.local/lib/python3.12/site-packages/airflow/example_dags/example_xcom.py
[2025-05-02T01:48:09.534+0000] {processor.py:914} INFO - Processing file /home/airflow/.local/lib/python3.12/site-packages/airflow/example_dags/example_xcom.py for tasks to queue
[2025-05-02T01:48:09.536+0000] {logging_mixin.py:190} INFO - [2025-05-02T01:48:09.536+0000] {dagbag.py:588} INFO - Filling up the DagBag from /home/airflow/.local/lib/python3.12/site-packages/airflow/example_dags/example_xcom.py
[2025-05-02T01:48:09.545+0000] {processor.py:925} INFO - DAG(s) 'example_xcom' retrieved from /home/airflow/.local/lib/python3.12/site-packages/airflow/example_dags/example_xcom.py
[2025-05-02T01:48:09.587+0000] {logging_mixin.py:190} INFO - [2025-05-02T01:48:09.587+0000] {dag.py:3239} INFO - Sync 1 DAGs
[2025-05-02T01:48:09.611+0000] {logging_mixin.py:190} INFO - [2025-05-02T01:48:09.611+0000] {dag.py:4180} INFO - Setting next_dagrun for example_xcom to 2021-01-01 00:00:00+00:00, run_after=2021-01-01 00:00:00+00:00
[2025-05-02T01:48:09.630+0000] {processor.py:208} INFO - Processing /home/airflow/.local/lib/python3.12/site-packages/airflow/example_dags/example_xcom.py took 0.103 seconds
[2025-05-02T01:48:41.400+0000] {processor.py:186} INFO - Started process (PID=3934) to work on /home/airflow/.local/lib/python3.12/site-packages/airflow/example_dags/example_xcom.py
[2025-05-02T01:48:41.401+0000] {processor.py:914} INFO - Processing file /home/airflow/.local/lib/python3.12/site-packages/airflow/example_dags/example_xcom.py for tasks to queue
[2025-05-02T01:48:41.403+0000] {logging_mixin.py:190} INFO - [2025-05-02T01:48:41.403+0000] {dagbag.py:588} INFO - Filling up the DagBag from /home/airflow/.local/lib/python3.12/site-packages/airflow/example_dags/example_xcom.py
[2025-05-02T01:48:41.415+0000] {processor.py:925} INFO - DAG(s) 'example_xcom' retrieved from /home/airflow/.local/lib/python3.12/site-packages/airflow/example_dags/example_xcom.py
[2025-05-02T01:48:41.438+0000] {logging_mixin.py:190} INFO - [2025-05-02T01:48:41.438+0000] {dag.py:3239} INFO - Sync 1 DAGs
[2025-05-02T01:48:41.461+0000] {logging_mixin.py:190} INFO - [2025-05-02T01:48:41.461+0000] {dag.py:4180} INFO - Setting next_dagrun for example_xcom to 2021-01-01 00:00:00+00:00, run_after=2021-01-01 00:00:00+00:00
[2025-05-02T01:48:41.482+0000] {processor.py:208} INFO - Processing /home/airflow/.local/lib/python3.12/site-packages/airflow/example_dags/example_xcom.py took 0.088 seconds
[2025-05-02T01:49:11.821+0000] {processor.py:186} INFO - Started process (PID=3997) to work on /home/airflow/.local/lib/python3.12/site-packages/airflow/example_dags/example_xcom.py
[2025-05-02T01:49:11.822+0000] {processor.py:914} INFO - Processing file /home/airflow/.local/lib/python3.12/site-packages/airflow/example_dags/example_xcom.py for tasks to queue
[2025-05-02T01:49:11.824+0000] {logging_mixin.py:190} INFO - [2025-05-02T01:49:11.824+0000] {dagbag.py:588} INFO - Filling up the DagBag from /home/airflow/.local/lib/python3.12/site-packages/airflow/example_dags/example_xcom.py
[2025-05-02T01:49:11.838+0000] {processor.py:925} INFO - DAG(s) 'example_xcom' retrieved from /home/airflow/.local/lib/python3.12/site-packages/airflow/example_dags/example_xcom.py
[2025-05-02T01:49:11.869+0000] {logging_mixin.py:190} INFO - [2025-05-02T01:49:11.869+0000] {dag.py:3239} INFO - Sync 1 DAGs
[2025-05-02T01:49:11.902+0000] {logging_mixin.py:190} INFO - [2025-05-02T01:49:11.902+0000] {dag.py:4180} INFO - Setting next_dagrun for example_xcom to 2021-01-01 00:00:00+00:00, run_after=2021-01-01 00:00:00+00:00
[2025-05-02T01:49:12.222+0000] {processor.py:208} INFO - Processing /home/airflow/.local/lib/python3.12/site-packages/airflow/example_dags/example_xcom.py took 0.407 seconds
[2025-05-02T01:49:43.074+0000] {processor.py:186} INFO - Started process (PID=4067) to work on /home/airflow/.local/lib/python3.12/site-packages/airflow/example_dags/example_xcom.py
[2025-05-02T01:49:43.075+0000] {processor.py:914} INFO - Processing file /home/airflow/.local/lib/python3.12/site-packages/airflow/example_dags/example_xcom.py for tasks to queue
[2025-05-02T01:49:43.078+0000] {logging_mixin.py:190} INFO - [2025-05-02T01:49:43.078+0000] {dagbag.py:588} INFO - Filling up the DagBag from /home/airflow/.local/lib/python3.12/site-packages/airflow/example_dags/example_xcom.py
[2025-05-02T01:49:43.089+0000] {processor.py:925} INFO - DAG(s) 'example_xcom' retrieved from /home/airflow/.local/lib/python3.12/site-packages/airflow/example_dags/example_xcom.py
[2025-05-02T01:49:43.119+0000] {logging_mixin.py:190} INFO - [2025-05-02T01:49:43.118+0000] {dag.py:3239} INFO - Sync 1 DAGs
[2025-05-02T01:49:43.153+0000] {logging_mixin.py:190} INFO - [2025-05-02T01:49:43.153+0000] {dag.py:4180} INFO - Setting next_dagrun for example_xcom to 2021-01-01 00:00:00+00:00, run_after=2021-01-01 00:00:00+00:00
[2025-05-02T01:49:43.185+0000] {processor.py:208} INFO - Processing /home/airflow/.local/lib/python3.12/site-packages/airflow/example_dags/example_xcom.py took 0.119 seconds
[2025-05-02T01:50:14.892+0000] {processor.py:186} INFO - Started process (PID=4130) to work on /home/airflow/.local/lib/python3.12/site-packages/airflow/example_dags/example_xcom.py
[2025-05-02T01:50:14.896+0000] {processor.py:914} INFO - Processing file /home/airflow/.local/lib/python3.12/site-packages/airflow/example_dags/example_xcom.py for tasks to queue
[2025-05-02T01:50:14.909+0000] {logging_mixin.py:190} INFO - [2025-05-02T01:50:14.907+0000] {dagbag.py:588} INFO - Filling up the DagBag from /home/airflow/.local/lib/python3.12/site-packages/airflow/example_dags/example_xcom.py
[2025-05-02T01:50:14.957+0000] {processor.py:925} INFO - DAG(s) 'example_xcom' retrieved from /home/airflow/.local/lib/python3.12/site-packages/airflow/example_dags/example_xcom.py
[2025-05-02T01:50:15.049+0000] {logging_mixin.py:190} INFO - [2025-05-02T01:50:15.048+0000] {dag.py:3239} INFO - Sync 1 DAGs
[2025-05-02T01:50:15.093+0000] {logging_mixin.py:190} INFO - [2025-05-02T01:50:15.093+0000] {dag.py:4180} INFO - Setting next_dagrun for example_xcom to 2021-01-01 00:00:00+00:00, run_after=2021-01-01 00:00:00+00:00
[2025-05-02T01:50:15.121+0000] {processor.py:208} INFO - Processing /home/airflow/.local/lib/python3.12/site-packages/airflow/example_dags/example_xcom.py took 0.256 seconds
[2025-05-02T01:50:46.692+0000] {processor.py:186} INFO - Started process (PID=4193) to work on /home/airflow/.local/lib/python3.12/site-packages/airflow/example_dags/example_xcom.py
[2025-05-02T01:50:46.693+0000] {processor.py:914} INFO - Processing file /home/airflow/.local/lib/python3.12/site-packages/airflow/example_dags/example_xcom.py for tasks to queue
[2025-05-02T01:50:46.696+0000] {logging_mixin.py:190} INFO - [2025-05-02T01:50:46.695+0000] {dagbag.py:588} INFO - Filling up the DagBag from /home/airflow/.local/lib/python3.12/site-packages/airflow/example_dags/example_xcom.py
[2025-05-02T01:50:46.708+0000] {processor.py:925} INFO - DAG(s) 'example_xcom' retrieved from /home/airflow/.local/lib/python3.12/site-packages/airflow/example_dags/example_xcom.py
[2025-05-02T01:50:46.742+0000] {logging_mixin.py:190} INFO - [2025-05-02T01:50:46.742+0000] {dag.py:3239} INFO - Sync 1 DAGs
[2025-05-02T01:50:46.771+0000] {logging_mixin.py:190} INFO - [2025-05-02T01:50:46.771+0000] {dag.py:4180} INFO - Setting next_dagrun for example_xcom to 2021-01-01 00:00:00+00:00, run_after=2021-01-01 00:00:00+00:00
[2025-05-02T01:50:46.795+0000] {processor.py:208} INFO - Processing /home/airflow/.local/lib/python3.12/site-packages/airflow/example_dags/example_xcom.py took 0.112 seconds
[2025-05-02T01:51:19.526+0000] {processor.py:186} INFO - Started process (PID=4259) to work on /home/airflow/.local/lib/python3.12/site-packages/airflow/example_dags/example_xcom.py
[2025-05-02T01:51:19.530+0000] {processor.py:914} INFO - Processing file /home/airflow/.local/lib/python3.12/site-packages/airflow/example_dags/example_xcom.py for tasks to queue
[2025-05-02T01:51:19.534+0000] {logging_mixin.py:190} INFO - [2025-05-02T01:51:19.533+0000] {dagbag.py:588} INFO - Filling up the DagBag from /home/airflow/.local/lib/python3.12/site-packages/airflow/example_dags/example_xcom.py
[2025-05-02T01:51:19.543+0000] {processor.py:925} INFO - DAG(s) 'example_xcom' retrieved from /home/airflow/.local/lib/python3.12/site-packages/airflow/example_dags/example_xcom.py
[2025-05-02T01:51:19.787+0000] {logging_mixin.py:190} INFO - [2025-05-02T01:51:19.787+0000] {dag.py:3239} INFO - Sync 1 DAGs
[2025-05-02T01:51:19.808+0000] {logging_mixin.py:190} INFO - [2025-05-02T01:51:19.808+0000] {dag.py:4180} INFO - Setting next_dagrun for example_xcom to 2021-01-01 00:00:00+00:00, run_after=2021-01-01 00:00:00+00:00
[2025-05-02T01:51:19.828+0000] {processor.py:208} INFO - Processing /home/airflow/.local/lib/python3.12/site-packages/airflow/example_dags/example_xcom.py took 0.323 seconds
[2025-05-02T01:51:50.652+0000] {processor.py:186} INFO - Started process (PID=4322) to work on /home/airflow/.local/lib/python3.12/site-packages/airflow/example_dags/example_xcom.py
[2025-05-02T01:51:50.656+0000] {processor.py:914} INFO - Processing file /home/airflow/.local/lib/python3.12/site-packages/airflow/example_dags/example_xcom.py for tasks to queue
[2025-05-02T01:51:50.662+0000] {logging_mixin.py:190} INFO - [2025-05-02T01:51:50.661+0000] {dagbag.py:588} INFO - Filling up the DagBag from /home/airflow/.local/lib/python3.12/site-packages/airflow/example_dags/example_xcom.py
[2025-05-02T01:51:50.686+0000] {processor.py:925} INFO - DAG(s) 'example_xcom' retrieved from /home/airflow/.local/lib/python3.12/site-packages/airflow/example_dags/example_xcom.py
[2025-05-02T01:51:50.749+0000] {logging_mixin.py:190} INFO - [2025-05-02T01:51:50.749+0000] {dag.py:3239} INFO - Sync 1 DAGs
[2025-05-02T01:51:50.820+0000] {logging_mixin.py:190} INFO - [2025-05-02T01:51:50.819+0000] {dag.py:4180} INFO - Setting next_dagrun for example_xcom to 2021-01-01 00:00:00+00:00, run_after=2021-01-01 00:00:00+00:00
[2025-05-02T01:51:50.868+0000] {processor.py:208} INFO - Processing /home/airflow/.local/lib/python3.12/site-packages/airflow/example_dags/example_xcom.py took 0.232 seconds
[2025-05-02T01:52:21.594+0000] {processor.py:186} INFO - Started process (PID=4385) to work on /home/airflow/.local/lib/python3.12/site-packages/airflow/example_dags/example_xcom.py
[2025-05-02T01:52:21.596+0000] {processor.py:914} INFO - Processing file /home/airflow/.local/lib/python3.12/site-packages/airflow/example_dags/example_xcom.py for tasks to queue
[2025-05-02T01:52:21.599+0000] {logging_mixin.py:190} INFO - [2025-05-02T01:52:21.598+0000] {dagbag.py:588} INFO - Filling up the DagBag from /home/airflow/.local/lib/python3.12/site-packages/airflow/example_dags/example_xcom.py
[2025-05-02T01:52:21.610+0000] {processor.py:925} INFO - DAG(s) 'example_xcom' retrieved from /home/airflow/.local/lib/python3.12/site-packages/airflow/example_dags/example_xcom.py
[2025-05-02T01:52:21.635+0000] {logging_mixin.py:190} INFO - [2025-05-02T01:52:21.635+0000] {dag.py:3239} INFO - Sync 1 DAGs
[2025-05-02T01:52:21.666+0000] {logging_mixin.py:190} INFO - [2025-05-02T01:52:21.666+0000] {dag.py:4180} INFO - Setting next_dagrun for example_xcom to 2021-01-01 00:00:00+00:00, run_after=2021-01-01 00:00:00+00:00
[2025-05-02T01:52:21.691+0000] {processor.py:208} INFO - Processing /home/airflow/.local/lib/python3.12/site-packages/airflow/example_dags/example_xcom.py took 0.105 seconds
[2025-05-02T01:52:52.599+0000] {processor.py:186} INFO - Started process (PID=4451) to work on /home/airflow/.local/lib/python3.12/site-packages/airflow/example_dags/example_xcom.py
[2025-05-02T01:52:52.600+0000] {processor.py:914} INFO - Processing file /home/airflow/.local/lib/python3.12/site-packages/airflow/example_dags/example_xcom.py for tasks to queue
[2025-05-02T01:52:52.603+0000] {logging_mixin.py:190} INFO - [2025-05-02T01:52:52.602+0000] {dagbag.py:588} INFO - Filling up the DagBag from /home/airflow/.local/lib/python3.12/site-packages/airflow/example_dags/example_xcom.py
[2025-05-02T01:52:52.612+0000] {processor.py:925} INFO - DAG(s) 'example_xcom' retrieved from /home/airflow/.local/lib/python3.12/site-packages/airflow/example_dags/example_xcom.py
[2025-05-02T01:52:52.633+0000] {logging_mixin.py:190} INFO - [2025-05-02T01:52:52.632+0000] {dag.py:3239} INFO - Sync 1 DAGs
[2025-05-02T01:52:52.655+0000] {logging_mixin.py:190} INFO - [2025-05-02T01:52:52.655+0000] {dag.py:4180} INFO - Setting next_dagrun for example_xcom to 2021-01-01 00:00:00+00:00, run_after=2021-01-01 00:00:00+00:00
[2025-05-02T01:52:52.675+0000] {processor.py:208} INFO - Processing /home/airflow/.local/lib/python3.12/site-packages/airflow/example_dags/example_xcom.py took 0.082 seconds
[2025-05-02T01:53:22.954+0000] {processor.py:186} INFO - Started process (PID=4514) to work on /home/airflow/.local/lib/python3.12/site-packages/airflow/example_dags/example_xcom.py
[2025-05-02T01:53:22.960+0000] {processor.py:914} INFO - Processing file /home/airflow/.local/lib/python3.12/site-packages/airflow/example_dags/example_xcom.py for tasks to queue
[2025-05-02T01:53:22.969+0000] {logging_mixin.py:190} INFO - [2025-05-02T01:53:22.968+0000] {dagbag.py:588} INFO - Filling up the DagBag from /home/airflow/.local/lib/python3.12/site-packages/airflow/example_dags/example_xcom.py
[2025-05-02T01:53:22.998+0000] {processor.py:925} INFO - DAG(s) 'example_xcom' retrieved from /home/airflow/.local/lib/python3.12/site-packages/airflow/example_dags/example_xcom.py
[2025-05-02T01:53:23.057+0000] {logging_mixin.py:190} INFO - [2025-05-02T01:53:23.056+0000] {dag.py:3239} INFO - Sync 1 DAGs
[2025-05-02T01:53:23.127+0000] {logging_mixin.py:190} INFO - [2025-05-02T01:53:23.125+0000] {dag.py:4180} INFO - Setting next_dagrun for example_xcom to 2021-01-01 00:00:00+00:00, run_after=2021-01-01 00:00:00+00:00
[2025-05-02T01:53:23.170+0000] {processor.py:208} INFO - Processing /home/airflow/.local/lib/python3.12/site-packages/airflow/example_dags/example_xcom.py took 0.237 seconds
[2025-05-02T01:53:53.449+0000] {processor.py:186} INFO - Started process (PID=4577) to work on /home/airflow/.local/lib/python3.12/site-packages/airflow/example_dags/example_xcom.py
[2025-05-02T01:53:53.451+0000] {processor.py:914} INFO - Processing file /home/airflow/.local/lib/python3.12/site-packages/airflow/example_dags/example_xcom.py for tasks to queue
[2025-05-02T01:53:53.453+0000] {logging_mixin.py:190} INFO - [2025-05-02T01:53:53.453+0000] {dagbag.py:588} INFO - Filling up the DagBag from /home/airflow/.local/lib/python3.12/site-packages/airflow/example_dags/example_xcom.py
[2025-05-02T01:53:53.465+0000] {processor.py:925} INFO - DAG(s) 'example_xcom' retrieved from /home/airflow/.local/lib/python3.12/site-packages/airflow/example_dags/example_xcom.py
[2025-05-02T01:53:53.486+0000] {logging_mixin.py:190} INFO - [2025-05-02T01:53:53.486+0000] {dag.py:3239} INFO - Sync 1 DAGs
[2025-05-02T01:53:53.511+0000] {logging_mixin.py:190} INFO - [2025-05-02T01:53:53.510+0000] {dag.py:4180} INFO - Setting next_dagrun for example_xcom to 2021-01-01 00:00:00+00:00, run_after=2021-01-01 00:00:00+00:00
[2025-05-02T01:53:53.534+0000] {processor.py:208} INFO - Processing /home/airflow/.local/lib/python3.12/site-packages/airflow/example_dags/example_xcom.py took 0.091 seconds
