[2025-05-02T01:17:09.282+0000] {processor.py:186} INFO - Started process (PID=113) to work on /home/airflow/.local/lib/python3.12/site-packages/airflow/example_dags/example_display_name.py
[2025-05-02T01:17:09.283+0000] {processor.py:914} INFO - Processing file /home/airflow/.local/lib/python3.12/site-packages/airflow/example_dags/example_display_name.py for tasks to queue
[2025-05-02T01:17:09.286+0000] {logging_mixin.py:190} INFO - [2025-05-02T01:17:09.285+0000] {dagbag.py:588} INFO - Filling up the DagBag from /home/airflow/.local/lib/python3.12/site-packages/airflow/example_dags/example_display_name.py
[2025-05-02T01:17:09.295+0000] {processor.py:925} INFO - DAG(s) 'example_display_name' retrieved from /home/airflow/.local/lib/python3.12/site-packages/airflow/example_dags/example_display_name.py
[2025-05-02T01:17:09.412+0000] {logging_mixin.py:190} INFO - [2025-05-02T01:17:09.411+0000] {override.py:1912} INFO - Created Permission View: can delete on DAG:example_display_name
[2025-05-02T01:17:09.424+0000] {logging_mixin.py:190} INFO - [2025-05-02T01:17:09.424+0000] {override.py:1912} INFO - Created Permission View: can edit on DAG:example_display_name
[2025-05-02T01:17:09.434+0000] {logging_mixin.py:190} INFO - [2025-05-02T01:17:09.433+0000] {override.py:1912} INFO - Created Permission View: can read on DAG:example_display_name
[2025-05-02T01:17:09.444+0000] {logging_mixin.py:190} INFO - [2025-05-02T01:17:09.444+0000] {override.py:1912} INFO - Created Permission View: menu access on DAG Run:example_display_name
[2025-05-02T01:17:09.456+0000] {logging_mixin.py:190} INFO - [2025-05-02T01:17:09.456+0000] {override.py:1912} INFO - Created Permission View: can delete on DAG Run:example_display_name
[2025-05-02T01:17:09.464+0000] {logging_mixin.py:190} INFO - [2025-05-02T01:17:09.464+0000] {override.py:1912} INFO - Created Permission View: can create on DAG Run:example_display_name
[2025-05-02T01:17:09.473+0000] {logging_mixin.py:190} INFO - [2025-05-02T01:17:09.473+0000] {override.py:1912} INFO - Created Permission View: can read on DAG Run:example_display_name
[2025-05-02T01:17:09.474+0000] {logging_mixin.py:190} INFO - [2025-05-02T01:17:09.473+0000] {dag.py:3239} INFO - Sync 1 DAGs
[2025-05-02T01:17:09.488+0000] {logging_mixin.py:190} INFO - [2025-05-02T01:17:09.487+0000] {dag.py:3262} INFO - Creating ORM DAG for example_display_name
[2025-05-02T01:17:09.488+0000] {logging_mixin.py:190} INFO - [2025-05-02T01:17:09.488+0000] {dag.py:4180} INFO - Setting next_dagrun for example_display_name to None, run_after=None
[2025-05-02T01:17:09.508+0000] {processor.py:208} INFO - Processing /home/airflow/.local/lib/python3.12/site-packages/airflow/example_dags/example_display_name.py took 0.232 seconds
[2025-05-02T01:17:40.151+0000] {processor.py:186} INFO - Started process (PID=176) to work on /home/airflow/.local/lib/python3.12/site-packages/airflow/example_dags/example_display_name.py
[2025-05-02T01:17:40.152+0000] {processor.py:914} INFO - Processing file /home/airflow/.local/lib/python3.12/site-packages/airflow/example_dags/example_display_name.py for tasks to queue
[2025-05-02T01:17:40.156+0000] {logging_mixin.py:190} INFO - [2025-05-02T01:17:40.155+0000] {dagbag.py:588} INFO - Filling up the DagBag from /home/airflow/.local/lib/python3.12/site-packages/airflow/example_dags/example_display_name.py
[2025-05-02T01:17:40.163+0000] {processor.py:925} INFO - DAG(s) 'example_display_name' retrieved from /home/airflow/.local/lib/python3.12/site-packages/airflow/example_dags/example_display_name.py
[2025-05-02T01:17:40.185+0000] {logging_mixin.py:190} INFO - [2025-05-02T01:17:40.185+0000] {dag.py:3239} INFO - Sync 1 DAGs
[2025-05-02T01:17:40.199+0000] {logging_mixin.py:190} INFO - [2025-05-02T01:17:40.199+0000] {dag.py:4180} INFO - Setting next_dagrun for example_display_name to None, run_after=None
[2025-05-02T01:17:40.223+0000] {processor.py:208} INFO - Processing /home/airflow/.local/lib/python3.12/site-packages/airflow/example_dags/example_display_name.py took 0.078 seconds
[2025-05-02T01:18:10.756+0000] {processor.py:186} INFO - Started process (PID=238) to work on /home/airflow/.local/lib/python3.12/site-packages/airflow/example_dags/example_display_name.py
[2025-05-02T01:18:10.757+0000] {processor.py:914} INFO - Processing file /home/airflow/.local/lib/python3.12/site-packages/airflow/example_dags/example_display_name.py for tasks to queue
[2025-05-02T01:18:10.760+0000] {logging_mixin.py:190} INFO - [2025-05-02T01:18:10.759+0000] {dagbag.py:588} INFO - Filling up the DagBag from /home/airflow/.local/lib/python3.12/site-packages/airflow/example_dags/example_display_name.py
[2025-05-02T01:18:10.768+0000] {processor.py:925} INFO - DAG(s) 'example_display_name' retrieved from /home/airflow/.local/lib/python3.12/site-packages/airflow/example_dags/example_display_name.py
[2025-05-02T01:18:10.789+0000] {logging_mixin.py:190} INFO - [2025-05-02T01:18:10.789+0000] {dag.py:3239} INFO - Sync 1 DAGs
[2025-05-02T01:18:10.805+0000] {logging_mixin.py:190} INFO - [2025-05-02T01:18:10.805+0000] {dag.py:4180} INFO - Setting next_dagrun for example_display_name to None, run_after=None
[2025-05-02T01:18:10.828+0000] {processor.py:208} INFO - Processing /home/airflow/.local/lib/python3.12/site-packages/airflow/example_dags/example_display_name.py took 0.080 seconds
[2025-05-02T01:18:44.692+0000] {processor.py:186} INFO - Started process (PID=301) to work on /home/airflow/.local/lib/python3.12/site-packages/airflow/example_dags/example_display_name.py
[2025-05-02T01:18:44.695+0000] {processor.py:914} INFO - Processing file /home/airflow/.local/lib/python3.12/site-packages/airflow/example_dags/example_display_name.py for tasks to queue
[2025-05-02T01:18:44.698+0000] {logging_mixin.py:190} INFO - [2025-05-02T01:18:44.697+0000] {dagbag.py:588} INFO - Filling up the DagBag from /home/airflow/.local/lib/python3.12/site-packages/airflow/example_dags/example_display_name.py
[2025-05-02T01:18:44.707+0000] {processor.py:925} INFO - DAG(s) 'example_display_name' retrieved from /home/airflow/.local/lib/python3.12/site-packages/airflow/example_dags/example_display_name.py
[2025-05-02T01:18:44.730+0000] {logging_mixin.py:190} INFO - [2025-05-02T01:18:44.730+0000] {dag.py:3239} INFO - Sync 1 DAGs
[2025-05-02T01:18:44.746+0000] {logging_mixin.py:190} INFO - [2025-05-02T01:18:44.745+0000] {dag.py:4180} INFO - Setting next_dagrun for example_display_name to None, run_after=None
[2025-05-02T01:18:44.768+0000] {processor.py:208} INFO - Processing /home/airflow/.local/lib/python3.12/site-packages/airflow/example_dags/example_display_name.py took 0.082 seconds
[2025-05-02T01:19:15.099+0000] {processor.py:186} INFO - Started process (PID=363) to work on /home/airflow/.local/lib/python3.12/site-packages/airflow/example_dags/example_display_name.py
[2025-05-02T01:19:15.100+0000] {processor.py:914} INFO - Processing file /home/airflow/.local/lib/python3.12/site-packages/airflow/example_dags/example_display_name.py for tasks to queue
[2025-05-02T01:19:15.103+0000] {logging_mixin.py:190} INFO - [2025-05-02T01:19:15.102+0000] {dagbag.py:588} INFO - Filling up the DagBag from /home/airflow/.local/lib/python3.12/site-packages/airflow/example_dags/example_display_name.py
[2025-05-02T01:19:15.110+0000] {processor.py:925} INFO - DAG(s) 'example_display_name' retrieved from /home/airflow/.local/lib/python3.12/site-packages/airflow/example_dags/example_display_name.py
[2025-05-02T01:19:15.134+0000] {logging_mixin.py:190} INFO - [2025-05-02T01:19:15.134+0000] {dag.py:3239} INFO - Sync 1 DAGs
[2025-05-02T01:19:15.150+0000] {logging_mixin.py:190} INFO - [2025-05-02T01:19:15.150+0000] {dag.py:4180} INFO - Setting next_dagrun for example_display_name to None, run_after=None
[2025-05-02T01:19:15.168+0000] {processor.py:208} INFO - Processing /home/airflow/.local/lib/python3.12/site-packages/airflow/example_dags/example_display_name.py took 0.075 seconds
[2025-05-02T01:19:46.089+0000] {processor.py:186} INFO - Started process (PID=426) to work on /home/airflow/.local/lib/python3.12/site-packages/airflow/example_dags/example_display_name.py
[2025-05-02T01:19:46.090+0000] {processor.py:914} INFO - Processing file /home/airflow/.local/lib/python3.12/site-packages/airflow/example_dags/example_display_name.py for tasks to queue
[2025-05-02T01:19:46.093+0000] {logging_mixin.py:190} INFO - [2025-05-02T01:19:46.093+0000] {dagbag.py:588} INFO - Filling up the DagBag from /home/airflow/.local/lib/python3.12/site-packages/airflow/example_dags/example_display_name.py
[2025-05-02T01:19:46.103+0000] {processor.py:925} INFO - DAG(s) 'example_display_name' retrieved from /home/airflow/.local/lib/python3.12/site-packages/airflow/example_dags/example_display_name.py
[2025-05-02T01:19:46.129+0000] {logging_mixin.py:190} INFO - [2025-05-02T01:19:46.128+0000] {dag.py:3239} INFO - Sync 1 DAGs
[2025-05-02T01:19:46.143+0000] {logging_mixin.py:190} INFO - [2025-05-02T01:19:46.143+0000] {dag.py:4180} INFO - Setting next_dagrun for example_display_name to None, run_after=None
[2025-05-02T01:19:46.161+0000] {processor.py:208} INFO - Processing /home/airflow/.local/lib/python3.12/site-packages/airflow/example_dags/example_display_name.py took 0.080 seconds
[2025-05-02T01:20:17.566+0000] {processor.py:186} INFO - Started process (PID=489) to work on /home/airflow/.local/lib/python3.12/site-packages/airflow/example_dags/example_display_name.py
[2025-05-02T01:20:17.567+0000] {processor.py:914} INFO - Processing file /home/airflow/.local/lib/python3.12/site-packages/airflow/example_dags/example_display_name.py for tasks to queue
[2025-05-02T01:20:17.571+0000] {logging_mixin.py:190} INFO - [2025-05-02T01:20:17.570+0000] {dagbag.py:588} INFO - Filling up the DagBag from /home/airflow/.local/lib/python3.12/site-packages/airflow/example_dags/example_display_name.py
[2025-05-02T01:20:17.594+0000] {processor.py:925} INFO - DAG(s) 'example_display_name' retrieved from /home/airflow/.local/lib/python3.12/site-packages/airflow/example_dags/example_display_name.py
[2025-05-02T01:20:17.627+0000] {logging_mixin.py:190} INFO - [2025-05-02T01:20:17.627+0000] {dag.py:3239} INFO - Sync 1 DAGs
[2025-05-02T01:20:17.644+0000] {logging_mixin.py:190} INFO - [2025-05-02T01:20:17.644+0000] {dag.py:4180} INFO - Setting next_dagrun for example_display_name to None, run_after=None
[2025-05-02T01:20:17.675+0000] {processor.py:208} INFO - Processing /home/airflow/.local/lib/python3.12/site-packages/airflow/example_dags/example_display_name.py took 0.117 seconds
[2025-05-02T01:20:49.292+0000] {processor.py:186} INFO - Started process (PID=554) to work on /home/airflow/.local/lib/python3.12/site-packages/airflow/example_dags/example_display_name.py
[2025-05-02T01:20:49.294+0000] {processor.py:914} INFO - Processing file /home/airflow/.local/lib/python3.12/site-packages/airflow/example_dags/example_display_name.py for tasks to queue
[2025-05-02T01:20:49.296+0000] {logging_mixin.py:190} INFO - [2025-05-02T01:20:49.296+0000] {dagbag.py:588} INFO - Filling up the DagBag from /home/airflow/.local/lib/python3.12/site-packages/airflow/example_dags/example_display_name.py
[2025-05-02T01:20:49.305+0000] {processor.py:925} INFO - DAG(s) 'example_display_name' retrieved from /home/airflow/.local/lib/python3.12/site-packages/airflow/example_dags/example_display_name.py
[2025-05-02T01:20:49.328+0000] {logging_mixin.py:190} INFO - [2025-05-02T01:20:49.327+0000] {dag.py:3239} INFO - Sync 1 DAGs
[2025-05-02T01:20:49.346+0000] {logging_mixin.py:190} INFO - [2025-05-02T01:20:49.346+0000] {dag.py:4180} INFO - Setting next_dagrun for example_display_name to None, run_after=None
[2025-05-02T01:20:49.373+0000] {processor.py:208} INFO - Processing /home/airflow/.local/lib/python3.12/site-packages/airflow/example_dags/example_display_name.py took 0.088 seconds
[2025-05-02T01:21:20.989+0000] {processor.py:186} INFO - Started process (PID=617) to work on /home/airflow/.local/lib/python3.12/site-packages/airflow/example_dags/example_display_name.py
[2025-05-02T01:21:20.990+0000] {processor.py:914} INFO - Processing file /home/airflow/.local/lib/python3.12/site-packages/airflow/example_dags/example_display_name.py for tasks to queue
[2025-05-02T01:21:20.993+0000] {logging_mixin.py:190} INFO - [2025-05-02T01:21:20.993+0000] {dagbag.py:588} INFO - Filling up the DagBag from /home/airflow/.local/lib/python3.12/site-packages/airflow/example_dags/example_display_name.py
[2025-05-02T01:21:21.002+0000] {processor.py:925} INFO - DAG(s) 'example_display_name' retrieved from /home/airflow/.local/lib/python3.12/site-packages/airflow/example_dags/example_display_name.py
[2025-05-02T01:21:21.028+0000] {logging_mixin.py:190} INFO - [2025-05-02T01:21:21.028+0000] {dag.py:3239} INFO - Sync 1 DAGs
[2025-05-02T01:21:21.048+0000] {logging_mixin.py:190} INFO - [2025-05-02T01:21:21.048+0000] {dag.py:4180} INFO - Setting next_dagrun for example_display_name to None, run_after=None
[2025-05-02T01:21:21.079+0000] {processor.py:208} INFO - Processing /home/airflow/.local/lib/python3.12/site-packages/airflow/example_dags/example_display_name.py took 0.098 seconds
[2025-05-02T01:21:53.269+0000] {processor.py:186} INFO - Started process (PID=680) to work on /home/airflow/.local/lib/python3.12/site-packages/airflow/example_dags/example_display_name.py
[2025-05-02T01:21:53.270+0000] {processor.py:914} INFO - Processing file /home/airflow/.local/lib/python3.12/site-packages/airflow/example_dags/example_display_name.py for tasks to queue
[2025-05-02T01:21:53.275+0000] {logging_mixin.py:190} INFO - [2025-05-02T01:21:53.274+0000] {dagbag.py:588} INFO - Filling up the DagBag from /home/airflow/.local/lib/python3.12/site-packages/airflow/example_dags/example_display_name.py
[2025-05-02T01:21:53.289+0000] {processor.py:925} INFO - DAG(s) 'example_display_name' retrieved from /home/airflow/.local/lib/python3.12/site-packages/airflow/example_dags/example_display_name.py
[2025-05-02T01:21:53.325+0000] {logging_mixin.py:190} INFO - [2025-05-02T01:21:53.324+0000] {dag.py:3239} INFO - Sync 1 DAGs
[2025-05-02T01:21:53.350+0000] {logging_mixin.py:190} INFO - [2025-05-02T01:21:53.349+0000] {dag.py:4180} INFO - Setting next_dagrun for example_display_name to None, run_after=None
[2025-05-02T01:21:53.401+0000] {processor.py:208} INFO - Processing /home/airflow/.local/lib/python3.12/site-packages/airflow/example_dags/example_display_name.py took 0.142 seconds
[2025-05-02T01:22:23.475+0000] {processor.py:186} INFO - Started process (PID=742) to work on /home/airflow/.local/lib/python3.12/site-packages/airflow/example_dags/example_display_name.py
[2025-05-02T01:22:23.476+0000] {processor.py:914} INFO - Processing file /home/airflow/.local/lib/python3.12/site-packages/airflow/example_dags/example_display_name.py for tasks to queue
[2025-05-02T01:22:23.479+0000] {logging_mixin.py:190} INFO - [2025-05-02T01:22:23.479+0000] {dagbag.py:588} INFO - Filling up the DagBag from /home/airflow/.local/lib/python3.12/site-packages/airflow/example_dags/example_display_name.py
[2025-05-02T01:22:23.491+0000] {processor.py:925} INFO - DAG(s) 'example_display_name' retrieved from /home/airflow/.local/lib/python3.12/site-packages/airflow/example_dags/example_display_name.py
[2025-05-02T01:22:23.514+0000] {logging_mixin.py:190} INFO - [2025-05-02T01:22:23.513+0000] {dag.py:3239} INFO - Sync 1 DAGs
[2025-05-02T01:22:23.528+0000] {logging_mixin.py:190} INFO - [2025-05-02T01:22:23.528+0000] {dag.py:4180} INFO - Setting next_dagrun for example_display_name to None, run_after=None
[2025-05-02T01:22:23.551+0000] {processor.py:208} INFO - Processing /home/airflow/.local/lib/python3.12/site-packages/airflow/example_dags/example_display_name.py took 0.083 seconds
[2025-05-02T01:22:56.191+0000] {processor.py:186} INFO - Started process (PID=806) to work on /home/airflow/.local/lib/python3.12/site-packages/airflow/example_dags/example_display_name.py
[2025-05-02T01:22:56.196+0000] {processor.py:914} INFO - Processing file /home/airflow/.local/lib/python3.12/site-packages/airflow/example_dags/example_display_name.py for tasks to queue
[2025-05-02T01:22:56.208+0000] {logging_mixin.py:190} INFO - [2025-05-02T01:22:56.207+0000] {dagbag.py:588} INFO - Filling up the DagBag from /home/airflow/.local/lib/python3.12/site-packages/airflow/example_dags/example_display_name.py
[2025-05-02T01:22:56.246+0000] {processor.py:925} INFO - DAG(s) 'example_display_name' retrieved from /home/airflow/.local/lib/python3.12/site-packages/airflow/example_dags/example_display_name.py
[2025-05-02T01:22:56.289+0000] {logging_mixin.py:190} INFO - [2025-05-02T01:22:56.289+0000] {dag.py:3239} INFO - Sync 1 DAGs
[2025-05-02T01:22:56.310+0000] {logging_mixin.py:190} INFO - [2025-05-02T01:22:56.309+0000] {dag.py:4180} INFO - Setting next_dagrun for example_display_name to None, run_after=None
[2025-05-02T01:22:56.373+0000] {processor.py:208} INFO - Processing /home/airflow/.local/lib/python3.12/site-packages/airflow/example_dags/example_display_name.py took 0.208 seconds
[2025-05-02T01:23:27.263+0000] {processor.py:186} INFO - Started process (PID=869) to work on /home/airflow/.local/lib/python3.12/site-packages/airflow/example_dags/example_display_name.py
[2025-05-02T01:23:27.264+0000] {processor.py:914} INFO - Processing file /home/airflow/.local/lib/python3.12/site-packages/airflow/example_dags/example_display_name.py for tasks to queue
[2025-05-02T01:23:27.267+0000] {logging_mixin.py:190} INFO - [2025-05-02T01:23:27.267+0000] {dagbag.py:588} INFO - Filling up the DagBag from /home/airflow/.local/lib/python3.12/site-packages/airflow/example_dags/example_display_name.py
[2025-05-02T01:23:27.275+0000] {processor.py:925} INFO - DAG(s) 'example_display_name' retrieved from /home/airflow/.local/lib/python3.12/site-packages/airflow/example_dags/example_display_name.py
[2025-05-02T01:23:27.296+0000] {logging_mixin.py:190} INFO - [2025-05-02T01:23:27.296+0000] {dag.py:3239} INFO - Sync 1 DAGs
[2025-05-02T01:23:27.315+0000] {logging_mixin.py:190} INFO - [2025-05-02T01:23:27.315+0000] {dag.py:4180} INFO - Setting next_dagrun for example_display_name to None, run_after=None
[2025-05-02T01:23:27.347+0000] {processor.py:208} INFO - Processing /home/airflow/.local/lib/python3.12/site-packages/airflow/example_dags/example_display_name.py took 0.090 seconds
[2025-05-02T01:23:58.227+0000] {processor.py:186} INFO - Started process (PID=932) to work on /home/airflow/.local/lib/python3.12/site-packages/airflow/example_dags/example_display_name.py
[2025-05-02T01:23:58.229+0000] {processor.py:914} INFO - Processing file /home/airflow/.local/lib/python3.12/site-packages/airflow/example_dags/example_display_name.py for tasks to queue
[2025-05-02T01:23:58.233+0000] {logging_mixin.py:190} INFO - [2025-05-02T01:23:58.232+0000] {dagbag.py:588} INFO - Filling up the DagBag from /home/airflow/.local/lib/python3.12/site-packages/airflow/example_dags/example_display_name.py
[2025-05-02T01:23:58.241+0000] {processor.py:925} INFO - DAG(s) 'example_display_name' retrieved from /home/airflow/.local/lib/python3.12/site-packages/airflow/example_dags/example_display_name.py
[2025-05-02T01:23:58.266+0000] {logging_mixin.py:190} INFO - [2025-05-02T01:23:58.266+0000] {dag.py:3239} INFO - Sync 1 DAGs
[2025-05-02T01:23:58.286+0000] {logging_mixin.py:190} INFO - [2025-05-02T01:23:58.286+0000] {dag.py:4180} INFO - Setting next_dagrun for example_display_name to None, run_after=None
[2025-05-02T01:23:58.314+0000] {processor.py:208} INFO - Processing /home/airflow/.local/lib/python3.12/site-packages/airflow/example_dags/example_display_name.py took 0.097 seconds
[2025-05-02T01:24:31.218+0000] {processor.py:186} INFO - Started process (PID=995) to work on /home/airflow/.local/lib/python3.12/site-packages/airflow/example_dags/example_display_name.py
[2025-05-02T01:24:31.219+0000] {processor.py:914} INFO - Processing file /home/airflow/.local/lib/python3.12/site-packages/airflow/example_dags/example_display_name.py for tasks to queue
[2025-05-02T01:24:31.222+0000] {logging_mixin.py:190} INFO - [2025-05-02T01:24:31.222+0000] {dagbag.py:588} INFO - Filling up the DagBag from /home/airflow/.local/lib/python3.12/site-packages/airflow/example_dags/example_display_name.py
[2025-05-02T01:24:31.232+0000] {processor.py:925} INFO - DAG(s) 'example_display_name' retrieved from /home/airflow/.local/lib/python3.12/site-packages/airflow/example_dags/example_display_name.py
[2025-05-02T01:24:31.258+0000] {logging_mixin.py:190} INFO - [2025-05-02T01:24:31.258+0000] {dag.py:3239} INFO - Sync 1 DAGs
[2025-05-02T01:24:31.277+0000] {logging_mixin.py:190} INFO - [2025-05-02T01:24:31.277+0000] {dag.py:4180} INFO - Setting next_dagrun for example_display_name to None, run_after=None
[2025-05-02T01:24:31.309+0000] {processor.py:208} INFO - Processing /home/airflow/.local/lib/python3.12/site-packages/airflow/example_dags/example_display_name.py took 0.099 seconds
[2025-05-02T01:25:03.145+0000] {processor.py:186} INFO - Started process (PID=1058) to work on /home/airflow/.local/lib/python3.12/site-packages/airflow/example_dags/example_display_name.py
[2025-05-02T01:25:03.147+0000] {processor.py:914} INFO - Processing file /home/airflow/.local/lib/python3.12/site-packages/airflow/example_dags/example_display_name.py for tasks to queue
[2025-05-02T01:25:03.154+0000] {logging_mixin.py:190} INFO - [2025-05-02T01:25:03.153+0000] {dagbag.py:588} INFO - Filling up the DagBag from /home/airflow/.local/lib/python3.12/site-packages/airflow/example_dags/example_display_name.py
[2025-05-02T01:25:03.187+0000] {processor.py:925} INFO - DAG(s) 'example_display_name' retrieved from /home/airflow/.local/lib/python3.12/site-packages/airflow/example_dags/example_display_name.py
[2025-05-02T01:25:03.262+0000] {logging_mixin.py:190} INFO - [2025-05-02T01:25:03.261+0000] {dag.py:3239} INFO - Sync 1 DAGs
[2025-05-02T01:25:03.291+0000] {logging_mixin.py:190} INFO - [2025-05-02T01:25:03.290+0000] {dag.py:4180} INFO - Setting next_dagrun for example_display_name to None, run_after=None
[2025-05-02T01:25:03.350+0000] {processor.py:208} INFO - Processing /home/airflow/.local/lib/python3.12/site-packages/airflow/example_dags/example_display_name.py took 0.215 seconds
[2025-05-02T01:25:34.515+0000] {processor.py:186} INFO - Started process (PID=1121) to work on /home/airflow/.local/lib/python3.12/site-packages/airflow/example_dags/example_display_name.py
[2025-05-02T01:25:34.518+0000] {processor.py:914} INFO - Processing file /home/airflow/.local/lib/python3.12/site-packages/airflow/example_dags/example_display_name.py for tasks to queue
[2025-05-02T01:25:34.524+0000] {logging_mixin.py:190} INFO - [2025-05-02T01:25:34.522+0000] {dagbag.py:588} INFO - Filling up the DagBag from /home/airflow/.local/lib/python3.12/site-packages/airflow/example_dags/example_display_name.py
[2025-05-02T01:25:34.555+0000] {processor.py:925} INFO - DAG(s) 'example_display_name' retrieved from /home/airflow/.local/lib/python3.12/site-packages/airflow/example_dags/example_display_name.py
[2025-05-02T01:25:34.582+0000] {logging_mixin.py:190} INFO - [2025-05-02T01:25:34.581+0000] {dag.py:3239} INFO - Sync 1 DAGs
[2025-05-02T01:25:34.600+0000] {logging_mixin.py:190} INFO - [2025-05-02T01:25:34.600+0000] {dag.py:4180} INFO - Setting next_dagrun for example_display_name to None, run_after=None
[2025-05-02T01:25:34.623+0000] {processor.py:208} INFO - Processing /home/airflow/.local/lib/python3.12/site-packages/airflow/example_dags/example_display_name.py took 0.121 seconds
[2025-05-02T01:26:05.594+0000] {processor.py:186} INFO - Started process (PID=1190) to work on /home/airflow/.local/lib/python3.12/site-packages/airflow/example_dags/example_display_name.py
[2025-05-02T01:26:05.596+0000] {processor.py:914} INFO - Processing file /home/airflow/.local/lib/python3.12/site-packages/airflow/example_dags/example_display_name.py for tasks to queue
[2025-05-02T01:26:05.599+0000] {logging_mixin.py:190} INFO - [2025-05-02T01:26:05.598+0000] {dagbag.py:588} INFO - Filling up the DagBag from /home/airflow/.local/lib/python3.12/site-packages/airflow/example_dags/example_display_name.py
[2025-05-02T01:26:05.608+0000] {processor.py:925} INFO - DAG(s) 'example_display_name' retrieved from /home/airflow/.local/lib/python3.12/site-packages/airflow/example_dags/example_display_name.py
[2025-05-02T01:26:05.636+0000] {logging_mixin.py:190} INFO - [2025-05-02T01:26:05.636+0000] {dag.py:3239} INFO - Sync 1 DAGs
[2025-05-02T01:26:05.656+0000] {logging_mixin.py:190} INFO - [2025-05-02T01:26:05.656+0000] {dag.py:4180} INFO - Setting next_dagrun for example_display_name to None, run_after=None
[2025-05-02T01:26:05.695+0000] {processor.py:208} INFO - Processing /home/airflow/.local/lib/python3.12/site-packages/airflow/example_dags/example_display_name.py took 0.108 seconds
[2025-05-02T01:26:36.875+0000] {processor.py:186} INFO - Started process (PID=1253) to work on /home/airflow/.local/lib/python3.12/site-packages/airflow/example_dags/example_display_name.py
[2025-05-02T01:26:36.877+0000] {processor.py:914} INFO - Processing file /home/airflow/.local/lib/python3.12/site-packages/airflow/example_dags/example_display_name.py for tasks to queue
[2025-05-02T01:26:36.880+0000] {logging_mixin.py:190} INFO - [2025-05-02T01:26:36.879+0000] {dagbag.py:588} INFO - Filling up the DagBag from /home/airflow/.local/lib/python3.12/site-packages/airflow/example_dags/example_display_name.py
[2025-05-02T01:26:36.887+0000] {processor.py:925} INFO - DAG(s) 'example_display_name' retrieved from /home/airflow/.local/lib/python3.12/site-packages/airflow/example_dags/example_display_name.py
[2025-05-02T01:26:36.908+0000] {logging_mixin.py:190} INFO - [2025-05-02T01:26:36.907+0000] {dag.py:3239} INFO - Sync 1 DAGs
[2025-05-02T01:26:36.922+0000] {logging_mixin.py:190} INFO - [2025-05-02T01:26:36.922+0000] {dag.py:4180} INFO - Setting next_dagrun for example_display_name to None, run_after=None
[2025-05-02T01:26:36.942+0000] {processor.py:208} INFO - Processing /home/airflow/.local/lib/python3.12/site-packages/airflow/example_dags/example_display_name.py took 0.073 seconds
[2025-05-02T01:27:07.564+0000] {processor.py:186} INFO - Started process (PID=1316) to work on /home/airflow/.local/lib/python3.12/site-packages/airflow/example_dags/example_display_name.py
[2025-05-02T01:27:07.565+0000] {processor.py:914} INFO - Processing file /home/airflow/.local/lib/python3.12/site-packages/airflow/example_dags/example_display_name.py for tasks to queue
[2025-05-02T01:27:07.567+0000] {logging_mixin.py:190} INFO - [2025-05-02T01:27:07.567+0000] {dagbag.py:588} INFO - Filling up the DagBag from /home/airflow/.local/lib/python3.12/site-packages/airflow/example_dags/example_display_name.py
[2025-05-02T01:27:07.576+0000] {processor.py:925} INFO - DAG(s) 'example_display_name' retrieved from /home/airflow/.local/lib/python3.12/site-packages/airflow/example_dags/example_display_name.py
[2025-05-02T01:27:07.614+0000] {logging_mixin.py:190} INFO - [2025-05-02T01:27:07.613+0000] {dag.py:3239} INFO - Sync 1 DAGs
[2025-05-02T01:27:07.632+0000] {logging_mixin.py:190} INFO - [2025-05-02T01:27:07.632+0000] {dag.py:4180} INFO - Setting next_dagrun for example_display_name to None, run_after=None
[2025-05-02T01:27:07.665+0000] {processor.py:208} INFO - Processing /home/airflow/.local/lib/python3.12/site-packages/airflow/example_dags/example_display_name.py took 0.110 seconds
[2025-05-02T01:27:38.827+0000] {processor.py:186} INFO - Started process (PID=1379) to work on /home/airflow/.local/lib/python3.12/site-packages/airflow/example_dags/example_display_name.py
[2025-05-02T01:27:38.829+0000] {processor.py:914} INFO - Processing file /home/airflow/.local/lib/python3.12/site-packages/airflow/example_dags/example_display_name.py for tasks to queue
[2025-05-02T01:27:38.832+0000] {logging_mixin.py:190} INFO - [2025-05-02T01:27:38.832+0000] {dagbag.py:588} INFO - Filling up the DagBag from /home/airflow/.local/lib/python3.12/site-packages/airflow/example_dags/example_display_name.py
[2025-05-02T01:27:38.844+0000] {processor.py:925} INFO - DAG(s) 'example_display_name' retrieved from /home/airflow/.local/lib/python3.12/site-packages/airflow/example_dags/example_display_name.py
[2025-05-02T01:27:38.878+0000] {logging_mixin.py:190} INFO - [2025-05-02T01:27:38.877+0000] {dag.py:3239} INFO - Sync 1 DAGs
[2025-05-02T01:27:38.898+0000] {logging_mixin.py:190} INFO - [2025-05-02T01:27:38.898+0000] {dag.py:4180} INFO - Setting next_dagrun for example_display_name to None, run_after=None
[2025-05-02T01:27:38.929+0000] {processor.py:208} INFO - Processing /home/airflow/.local/lib/python3.12/site-packages/airflow/example_dags/example_display_name.py took 0.110 seconds
[2025-05-02T01:28:10.197+0000] {processor.py:186} INFO - Started process (PID=1443) to work on /home/airflow/.local/lib/python3.12/site-packages/airflow/example_dags/example_display_name.py
[2025-05-02T01:28:10.198+0000] {processor.py:914} INFO - Processing file /home/airflow/.local/lib/python3.12/site-packages/airflow/example_dags/example_display_name.py for tasks to queue
[2025-05-02T01:28:10.201+0000] {logging_mixin.py:190} INFO - [2025-05-02T01:28:10.201+0000] {dagbag.py:588} INFO - Filling up the DagBag from /home/airflow/.local/lib/python3.12/site-packages/airflow/example_dags/example_display_name.py
[2025-05-02T01:28:10.211+0000] {processor.py:925} INFO - DAG(s) 'example_display_name' retrieved from /home/airflow/.local/lib/python3.12/site-packages/airflow/example_dags/example_display_name.py
[2025-05-02T01:28:10.235+0000] {logging_mixin.py:190} INFO - [2025-05-02T01:28:10.234+0000] {dag.py:3239} INFO - Sync 1 DAGs
[2025-05-02T01:28:10.252+0000] {logging_mixin.py:190} INFO - [2025-05-02T01:28:10.252+0000] {dag.py:4180} INFO - Setting next_dagrun for example_display_name to None, run_after=None
[2025-05-02T01:28:10.276+0000] {processor.py:208} INFO - Processing /home/airflow/.local/lib/python3.12/site-packages/airflow/example_dags/example_display_name.py took 0.086 seconds
[2025-05-02T01:28:41.680+0000] {processor.py:186} INFO - Started process (PID=1505) to work on /home/airflow/.local/lib/python3.12/site-packages/airflow/example_dags/example_display_name.py
[2025-05-02T01:28:41.681+0000] {processor.py:914} INFO - Processing file /home/airflow/.local/lib/python3.12/site-packages/airflow/example_dags/example_display_name.py for tasks to queue
[2025-05-02T01:28:41.683+0000] {logging_mixin.py:190} INFO - [2025-05-02T01:28:41.683+0000] {dagbag.py:588} INFO - Filling up the DagBag from /home/airflow/.local/lib/python3.12/site-packages/airflow/example_dags/example_display_name.py
[2025-05-02T01:28:41.692+0000] {processor.py:925} INFO - DAG(s) 'example_display_name' retrieved from /home/airflow/.local/lib/python3.12/site-packages/airflow/example_dags/example_display_name.py
[2025-05-02T01:28:41.710+0000] {logging_mixin.py:190} INFO - [2025-05-02T01:28:41.710+0000] {dag.py:3239} INFO - Sync 1 DAGs
[2025-05-02T01:28:41.726+0000] {logging_mixin.py:190} INFO - [2025-05-02T01:28:41.726+0000] {dag.py:4180} INFO - Setting next_dagrun for example_display_name to None, run_after=None
[2025-05-02T01:28:41.765+0000] {processor.py:208} INFO - Processing /home/airflow/.local/lib/python3.12/site-packages/airflow/example_dags/example_display_name.py took 0.091 seconds
[2025-05-02T01:29:12.859+0000] {processor.py:186} INFO - Started process (PID=1569) to work on /home/airflow/.local/lib/python3.12/site-packages/airflow/example_dags/example_display_name.py
[2025-05-02T01:29:12.861+0000] {processor.py:914} INFO - Processing file /home/airflow/.local/lib/python3.12/site-packages/airflow/example_dags/example_display_name.py for tasks to queue
[2025-05-02T01:29:12.864+0000] {logging_mixin.py:190} INFO - [2025-05-02T01:29:12.863+0000] {dagbag.py:588} INFO - Filling up the DagBag from /home/airflow/.local/lib/python3.12/site-packages/airflow/example_dags/example_display_name.py
[2025-05-02T01:29:12.873+0000] {processor.py:925} INFO - DAG(s) 'example_display_name' retrieved from /home/airflow/.local/lib/python3.12/site-packages/airflow/example_dags/example_display_name.py
[2025-05-02T01:29:12.897+0000] {logging_mixin.py:190} INFO - [2025-05-02T01:29:12.897+0000] {dag.py:3239} INFO - Sync 1 DAGs
[2025-05-02T01:29:12.914+0000] {logging_mixin.py:190} INFO - [2025-05-02T01:29:12.913+0000] {dag.py:4180} INFO - Setting next_dagrun for example_display_name to None, run_after=None
[2025-05-02T01:29:12.942+0000] {processor.py:208} INFO - Processing /home/airflow/.local/lib/python3.12/site-packages/airflow/example_dags/example_display_name.py took 0.090 seconds
[2025-05-02T01:29:43.930+0000] {processor.py:186} INFO - Started process (PID=1631) to work on /home/airflow/.local/lib/python3.12/site-packages/airflow/example_dags/example_display_name.py
[2025-05-02T01:29:43.932+0000] {processor.py:914} INFO - Processing file /home/airflow/.local/lib/python3.12/site-packages/airflow/example_dags/example_display_name.py for tasks to queue
[2025-05-02T01:29:43.935+0000] {logging_mixin.py:190} INFO - [2025-05-02T01:29:43.934+0000] {dagbag.py:588} INFO - Filling up the DagBag from /home/airflow/.local/lib/python3.12/site-packages/airflow/example_dags/example_display_name.py
[2025-05-02T01:29:43.945+0000] {processor.py:925} INFO - DAG(s) 'example_display_name' retrieved from /home/airflow/.local/lib/python3.12/site-packages/airflow/example_dags/example_display_name.py
[2025-05-02T01:29:43.973+0000] {logging_mixin.py:190} INFO - [2025-05-02T01:29:43.972+0000] {dag.py:3239} INFO - Sync 1 DAGs
[2025-05-02T01:29:43.992+0000] {logging_mixin.py:190} INFO - [2025-05-02T01:29:43.992+0000] {dag.py:4180} INFO - Setting next_dagrun for example_display_name to None, run_after=None
[2025-05-02T01:29:44.018+0000] {processor.py:208} INFO - Processing /home/airflow/.local/lib/python3.12/site-packages/airflow/example_dags/example_display_name.py took 0.096 seconds
[2025-05-02T01:30:14.517+0000] {processor.py:186} INFO - Started process (PID=1695) to work on /home/airflow/.local/lib/python3.12/site-packages/airflow/example_dags/example_display_name.py
[2025-05-02T01:30:14.518+0000] {processor.py:914} INFO - Processing file /home/airflow/.local/lib/python3.12/site-packages/airflow/example_dags/example_display_name.py for tasks to queue
[2025-05-02T01:30:14.520+0000] {logging_mixin.py:190} INFO - [2025-05-02T01:30:14.520+0000] {dagbag.py:588} INFO - Filling up the DagBag from /home/airflow/.local/lib/python3.12/site-packages/airflow/example_dags/example_display_name.py
[2025-05-02T01:30:14.528+0000] {processor.py:925} INFO - DAG(s) 'example_display_name' retrieved from /home/airflow/.local/lib/python3.12/site-packages/airflow/example_dags/example_display_name.py
[2025-05-02T01:30:14.548+0000] {logging_mixin.py:190} INFO - [2025-05-02T01:30:14.548+0000] {dag.py:3239} INFO - Sync 1 DAGs
[2025-05-02T01:30:14.561+0000] {logging_mixin.py:190} INFO - [2025-05-02T01:30:14.561+0000] {dag.py:4180} INFO - Setting next_dagrun for example_display_name to None, run_after=None
[2025-05-02T01:30:14.579+0000] {processor.py:208} INFO - Processing /home/airflow/.local/lib/python3.12/site-packages/airflow/example_dags/example_display_name.py took 0.068 seconds
[2025-05-02T01:30:47.266+0000] {processor.py:186} INFO - Started process (PID=1759) to work on /home/airflow/.local/lib/python3.12/site-packages/airflow/example_dags/example_display_name.py
[2025-05-02T01:30:47.267+0000] {processor.py:914} INFO - Processing file /home/airflow/.local/lib/python3.12/site-packages/airflow/example_dags/example_display_name.py for tasks to queue
[2025-05-02T01:30:47.270+0000] {logging_mixin.py:190} INFO - [2025-05-02T01:30:47.269+0000] {dagbag.py:588} INFO - Filling up the DagBag from /home/airflow/.local/lib/python3.12/site-packages/airflow/example_dags/example_display_name.py
[2025-05-02T01:30:47.281+0000] {processor.py:925} INFO - DAG(s) 'example_display_name' retrieved from /home/airflow/.local/lib/python3.12/site-packages/airflow/example_dags/example_display_name.py
[2025-05-02T01:30:47.306+0000] {logging_mixin.py:190} INFO - [2025-05-02T01:30:47.305+0000] {dag.py:3239} INFO - Sync 1 DAGs
[2025-05-02T01:30:47.325+0000] {logging_mixin.py:190} INFO - [2025-05-02T01:30:47.325+0000] {dag.py:4180} INFO - Setting next_dagrun for example_display_name to None, run_after=None
[2025-05-02T01:30:47.347+0000] {processor.py:208} INFO - Processing /home/airflow/.local/lib/python3.12/site-packages/airflow/example_dags/example_display_name.py took 0.089 seconds
[2025-05-02T01:31:18.326+0000] {processor.py:186} INFO - Started process (PID=1822) to work on /home/airflow/.local/lib/python3.12/site-packages/airflow/example_dags/example_display_name.py
[2025-05-02T01:31:18.328+0000] {processor.py:914} INFO - Processing file /home/airflow/.local/lib/python3.12/site-packages/airflow/example_dags/example_display_name.py for tasks to queue
[2025-05-02T01:31:18.330+0000] {logging_mixin.py:190} INFO - [2025-05-02T01:31:18.330+0000] {dagbag.py:588} INFO - Filling up the DagBag from /home/airflow/.local/lib/python3.12/site-packages/airflow/example_dags/example_display_name.py
[2025-05-02T01:31:18.339+0000] {processor.py:925} INFO - DAG(s) 'example_display_name' retrieved from /home/airflow/.local/lib/python3.12/site-packages/airflow/example_dags/example_display_name.py
[2025-05-02T01:31:18.362+0000] {logging_mixin.py:190} INFO - [2025-05-02T01:31:18.361+0000] {dag.py:3239} INFO - Sync 1 DAGs
[2025-05-02T01:31:18.381+0000] {logging_mixin.py:190} INFO - [2025-05-02T01:31:18.381+0000] {dag.py:4180} INFO - Setting next_dagrun for example_display_name to None, run_after=None
[2025-05-02T01:31:18.407+0000] {processor.py:208} INFO - Processing /home/airflow/.local/lib/python3.12/site-packages/airflow/example_dags/example_display_name.py took 0.088 seconds
[2025-05-02T01:31:50.760+0000] {processor.py:186} INFO - Started process (PID=1885) to work on /home/airflow/.local/lib/python3.12/site-packages/airflow/example_dags/example_display_name.py
[2025-05-02T01:31:50.762+0000] {processor.py:914} INFO - Processing file /home/airflow/.local/lib/python3.12/site-packages/airflow/example_dags/example_display_name.py for tasks to queue
[2025-05-02T01:31:50.764+0000] {logging_mixin.py:190} INFO - [2025-05-02T01:31:50.764+0000] {dagbag.py:588} INFO - Filling up the DagBag from /home/airflow/.local/lib/python3.12/site-packages/airflow/example_dags/example_display_name.py
[2025-05-02T01:31:50.775+0000] {processor.py:925} INFO - DAG(s) 'example_display_name' retrieved from /home/airflow/.local/lib/python3.12/site-packages/airflow/example_dags/example_display_name.py
[2025-05-02T01:31:50.798+0000] {logging_mixin.py:190} INFO - [2025-05-02T01:31:50.798+0000] {dag.py:3239} INFO - Sync 1 DAGs
[2025-05-02T01:31:50.814+0000] {logging_mixin.py:190} INFO - [2025-05-02T01:31:50.813+0000] {dag.py:4180} INFO - Setting next_dagrun for example_display_name to None, run_after=None
[2025-05-02T01:31:50.837+0000] {processor.py:208} INFO - Processing /home/airflow/.local/lib/python3.12/site-packages/airflow/example_dags/example_display_name.py took 0.084 seconds
[2025-05-02T01:32:21.515+0000] {processor.py:186} INFO - Started process (PID=1948) to work on /home/airflow/.local/lib/python3.12/site-packages/airflow/example_dags/example_display_name.py
[2025-05-02T01:32:21.516+0000] {processor.py:914} INFO - Processing file /home/airflow/.local/lib/python3.12/site-packages/airflow/example_dags/example_display_name.py for tasks to queue
[2025-05-02T01:32:21.518+0000] {logging_mixin.py:190} INFO - [2025-05-02T01:32:21.518+0000] {dagbag.py:588} INFO - Filling up the DagBag from /home/airflow/.local/lib/python3.12/site-packages/airflow/example_dags/example_display_name.py
[2025-05-02T01:32:21.526+0000] {processor.py:925} INFO - DAG(s) 'example_display_name' retrieved from /home/airflow/.local/lib/python3.12/site-packages/airflow/example_dags/example_display_name.py
[2025-05-02T01:32:21.545+0000] {logging_mixin.py:190} INFO - [2025-05-02T01:32:21.545+0000] {dag.py:3239} INFO - Sync 1 DAGs
[2025-05-02T01:32:21.561+0000] {logging_mixin.py:190} INFO - [2025-05-02T01:32:21.561+0000] {dag.py:4180} INFO - Setting next_dagrun for example_display_name to None, run_after=None
[2025-05-02T01:32:21.588+0000] {processor.py:208} INFO - Processing /home/airflow/.local/lib/python3.12/site-packages/airflow/example_dags/example_display_name.py took 0.079 seconds
[2025-05-02T01:32:53.162+0000] {processor.py:186} INFO - Started process (PID=2010) to work on /home/airflow/.local/lib/python3.12/site-packages/airflow/example_dags/example_display_name.py
[2025-05-02T01:32:53.165+0000] {processor.py:914} INFO - Processing file /home/airflow/.local/lib/python3.12/site-packages/airflow/example_dags/example_display_name.py for tasks to queue
[2025-05-02T01:32:53.170+0000] {logging_mixin.py:190} INFO - [2025-05-02T01:32:53.169+0000] {dagbag.py:588} INFO - Filling up the DagBag from /home/airflow/.local/lib/python3.12/site-packages/airflow/example_dags/example_display_name.py
[2025-05-02T01:32:53.184+0000] {processor.py:925} INFO - DAG(s) 'example_display_name' retrieved from /home/airflow/.local/lib/python3.12/site-packages/airflow/example_dags/example_display_name.py
[2025-05-02T01:32:53.213+0000] {logging_mixin.py:190} INFO - [2025-05-02T01:32:53.212+0000] {dag.py:3239} INFO - Sync 1 DAGs
[2025-05-02T01:32:53.231+0000] {logging_mixin.py:190} INFO - [2025-05-02T01:32:53.231+0000] {dag.py:4180} INFO - Setting next_dagrun for example_display_name to None, run_after=None
[2025-05-02T01:32:53.256+0000] {processor.py:208} INFO - Processing /home/airflow/.local/lib/python3.12/site-packages/airflow/example_dags/example_display_name.py took 0.109 seconds
[2025-05-02T01:33:23.747+0000] {processor.py:186} INFO - Started process (PID=2073) to work on /home/airflow/.local/lib/python3.12/site-packages/airflow/example_dags/example_display_name.py
[2025-05-02T01:33:23.748+0000] {processor.py:914} INFO - Processing file /home/airflow/.local/lib/python3.12/site-packages/airflow/example_dags/example_display_name.py for tasks to queue
[2025-05-02T01:33:23.750+0000] {logging_mixin.py:190} INFO - [2025-05-02T01:33:23.750+0000] {dagbag.py:588} INFO - Filling up the DagBag from /home/airflow/.local/lib/python3.12/site-packages/airflow/example_dags/example_display_name.py
[2025-05-02T01:33:23.758+0000] {processor.py:925} INFO - DAG(s) 'example_display_name' retrieved from /home/airflow/.local/lib/python3.12/site-packages/airflow/example_dags/example_display_name.py
[2025-05-02T01:33:23.780+0000] {logging_mixin.py:190} INFO - [2025-05-02T01:33:23.779+0000] {dag.py:3239} INFO - Sync 1 DAGs
[2025-05-02T01:33:23.793+0000] {logging_mixin.py:190} INFO - [2025-05-02T01:33:23.793+0000] {dag.py:4180} INFO - Setting next_dagrun for example_display_name to None, run_after=None
[2025-05-02T01:33:23.818+0000] {processor.py:208} INFO - Processing /home/airflow/.local/lib/python3.12/site-packages/airflow/example_dags/example_display_name.py took 0.078 seconds
[2025-05-02T01:33:55.167+0000] {processor.py:186} INFO - Started process (PID=2137) to work on /home/airflow/.local/lib/python3.12/site-packages/airflow/example_dags/example_display_name.py
[2025-05-02T01:33:55.170+0000] {processor.py:914} INFO - Processing file /home/airflow/.local/lib/python3.12/site-packages/airflow/example_dags/example_display_name.py for tasks to queue
[2025-05-02T01:33:55.175+0000] {logging_mixin.py:190} INFO - [2025-05-02T01:33:55.174+0000] {dagbag.py:588} INFO - Filling up the DagBag from /home/airflow/.local/lib/python3.12/site-packages/airflow/example_dags/example_display_name.py
[2025-05-02T01:33:55.191+0000] {processor.py:925} INFO - DAG(s) 'example_display_name' retrieved from /home/airflow/.local/lib/python3.12/site-packages/airflow/example_dags/example_display_name.py
[2025-05-02T01:33:55.219+0000] {logging_mixin.py:190} INFO - [2025-05-02T01:33:55.219+0000] {dag.py:3239} INFO - Sync 1 DAGs
[2025-05-02T01:33:55.237+0000] {logging_mixin.py:190} INFO - [2025-05-02T01:33:55.237+0000] {dag.py:4180} INFO - Setting next_dagrun for example_display_name to None, run_after=None
[2025-05-02T01:33:55.261+0000] {processor.py:208} INFO - Processing /home/airflow/.local/lib/python3.12/site-packages/airflow/example_dags/example_display_name.py took 0.126 seconds
[2025-05-02T01:34:26.855+0000] {processor.py:186} INFO - Started process (PID=2205) to work on /home/airflow/.local/lib/python3.12/site-packages/airflow/example_dags/example_display_name.py
[2025-05-02T01:34:26.856+0000] {processor.py:914} INFO - Processing file /home/airflow/.local/lib/python3.12/site-packages/airflow/example_dags/example_display_name.py for tasks to queue
[2025-05-02T01:34:26.859+0000] {logging_mixin.py:190} INFO - [2025-05-02T01:34:26.859+0000] {dagbag.py:588} INFO - Filling up the DagBag from /home/airflow/.local/lib/python3.12/site-packages/airflow/example_dags/example_display_name.py
[2025-05-02T01:34:26.867+0000] {processor.py:925} INFO - DAG(s) 'example_display_name' retrieved from /home/airflow/.local/lib/python3.12/site-packages/airflow/example_dags/example_display_name.py
[2025-05-02T01:34:26.888+0000] {logging_mixin.py:190} INFO - [2025-05-02T01:34:26.888+0000] {dag.py:3239} INFO - Sync 1 DAGs
[2025-05-02T01:34:26.904+0000] {logging_mixin.py:190} INFO - [2025-05-02T01:34:26.904+0000] {dag.py:4180} INFO - Setting next_dagrun for example_display_name to None, run_after=None
[2025-05-02T01:34:26.927+0000] {processor.py:208} INFO - Processing /home/airflow/.local/lib/python3.12/site-packages/airflow/example_dags/example_display_name.py took 0.078 seconds
[2025-05-02T01:34:57.667+0000] {processor.py:186} INFO - Started process (PID=2268) to work on /home/airflow/.local/lib/python3.12/site-packages/airflow/example_dags/example_display_name.py
[2025-05-02T01:34:57.669+0000] {processor.py:914} INFO - Processing file /home/airflow/.local/lib/python3.12/site-packages/airflow/example_dags/example_display_name.py for tasks to queue
[2025-05-02T01:34:57.673+0000] {logging_mixin.py:190} INFO - [2025-05-02T01:34:57.672+0000] {dagbag.py:588} INFO - Filling up the DagBag from /home/airflow/.local/lib/python3.12/site-packages/airflow/example_dags/example_display_name.py
[2025-05-02T01:34:57.689+0000] {processor.py:925} INFO - DAG(s) 'example_display_name' retrieved from /home/airflow/.local/lib/python3.12/site-packages/airflow/example_dags/example_display_name.py
[2025-05-02T01:34:57.717+0000] {logging_mixin.py:190} INFO - [2025-05-02T01:34:57.717+0000] {dag.py:3239} INFO - Sync 1 DAGs
[2025-05-02T01:34:57.732+0000] {logging_mixin.py:190} INFO - [2025-05-02T01:34:57.731+0000] {dag.py:4180} INFO - Setting next_dagrun for example_display_name to None, run_after=None
[2025-05-02T01:34:57.756+0000] {processor.py:208} INFO - Processing /home/airflow/.local/lib/python3.12/site-packages/airflow/example_dags/example_display_name.py took 0.104 seconds
[2025-05-02T01:35:29.544+0000] {processor.py:186} INFO - Started process (PID=2331) to work on /home/airflow/.local/lib/python3.12/site-packages/airflow/example_dags/example_display_name.py
[2025-05-02T01:35:29.545+0000] {processor.py:914} INFO - Processing file /home/airflow/.local/lib/python3.12/site-packages/airflow/example_dags/example_display_name.py for tasks to queue
[2025-05-02T01:35:29.547+0000] {logging_mixin.py:190} INFO - [2025-05-02T01:35:29.547+0000] {dagbag.py:588} INFO - Filling up the DagBag from /home/airflow/.local/lib/python3.12/site-packages/airflow/example_dags/example_display_name.py
[2025-05-02T01:35:29.557+0000] {processor.py:925} INFO - DAG(s) 'example_display_name' retrieved from /home/airflow/.local/lib/python3.12/site-packages/airflow/example_dags/example_display_name.py
[2025-05-02T01:35:29.577+0000] {logging_mixin.py:190} INFO - [2025-05-02T01:35:29.577+0000] {dag.py:3239} INFO - Sync 1 DAGs
[2025-05-02T01:35:29.593+0000] {logging_mixin.py:190} INFO - [2025-05-02T01:35:29.593+0000] {dag.py:4180} INFO - Setting next_dagrun for example_display_name to None, run_after=None
[2025-05-02T01:35:29.658+0000] {processor.py:208} INFO - Processing /home/airflow/.local/lib/python3.12/site-packages/airflow/example_dags/example_display_name.py took 0.121 seconds
[2025-05-02T01:36:02.020+0000] {processor.py:186} INFO - Started process (PID=2394) to work on /home/airflow/.local/lib/python3.12/site-packages/airflow/example_dags/example_display_name.py
[2025-05-02T01:36:02.021+0000] {processor.py:914} INFO - Processing file /home/airflow/.local/lib/python3.12/site-packages/airflow/example_dags/example_display_name.py for tasks to queue
[2025-05-02T01:36:02.024+0000] {logging_mixin.py:190} INFO - [2025-05-02T01:36:02.023+0000] {dagbag.py:588} INFO - Filling up the DagBag from /home/airflow/.local/lib/python3.12/site-packages/airflow/example_dags/example_display_name.py
[2025-05-02T01:36:02.034+0000] {processor.py:925} INFO - DAG(s) 'example_display_name' retrieved from /home/airflow/.local/lib/python3.12/site-packages/airflow/example_dags/example_display_name.py
[2025-05-02T01:36:02.061+0000] {logging_mixin.py:190} INFO - [2025-05-02T01:36:02.061+0000] {dag.py:3239} INFO - Sync 1 DAGs
[2025-05-02T01:36:02.083+0000] {logging_mixin.py:190} INFO - [2025-05-02T01:36:02.083+0000] {dag.py:4180} INFO - Setting next_dagrun for example_display_name to None, run_after=None
[2025-05-02T01:36:02.143+0000] {processor.py:208} INFO - Processing /home/airflow/.local/lib/python3.12/site-packages/airflow/example_dags/example_display_name.py took 0.131 seconds
[2025-05-02T01:36:32.821+0000] {processor.py:186} INFO - Started process (PID=2457) to work on /home/airflow/.local/lib/python3.12/site-packages/airflow/example_dags/example_display_name.py
[2025-05-02T01:36:32.822+0000] {processor.py:914} INFO - Processing file /home/airflow/.local/lib/python3.12/site-packages/airflow/example_dags/example_display_name.py for tasks to queue
[2025-05-02T01:36:32.825+0000] {logging_mixin.py:190} INFO - [2025-05-02T01:36:32.825+0000] {dagbag.py:588} INFO - Filling up the DagBag from /home/airflow/.local/lib/python3.12/site-packages/airflow/example_dags/example_display_name.py
[2025-05-02T01:36:32.834+0000] {processor.py:925} INFO - DAG(s) 'example_display_name' retrieved from /home/airflow/.local/lib/python3.12/site-packages/airflow/example_dags/example_display_name.py
[2025-05-02T01:36:32.861+0000] {logging_mixin.py:190} INFO - [2025-05-02T01:36:32.860+0000] {dag.py:3239} INFO - Sync 1 DAGs
[2025-05-02T01:36:32.879+0000] {logging_mixin.py:190} INFO - [2025-05-02T01:36:32.878+0000] {dag.py:4180} INFO - Setting next_dagrun for example_display_name to None, run_after=None
[2025-05-02T01:36:32.904+0000] {processor.py:208} INFO - Processing /home/airflow/.local/lib/python3.12/site-packages/airflow/example_dags/example_display_name.py took 0.090 seconds
[2025-05-02T01:37:05.091+0000] {processor.py:186} INFO - Started process (PID=2529) to work on /home/airflow/.local/lib/python3.12/site-packages/airflow/example_dags/example_display_name.py
[2025-05-02T01:37:05.093+0000] {processor.py:914} INFO - Processing file /home/airflow/.local/lib/python3.12/site-packages/airflow/example_dags/example_display_name.py for tasks to queue
[2025-05-02T01:37:05.102+0000] {logging_mixin.py:190} INFO - [2025-05-02T01:37:05.101+0000] {dagbag.py:588} INFO - Filling up the DagBag from /home/airflow/.local/lib/python3.12/site-packages/airflow/example_dags/example_display_name.py
[2025-05-02T01:37:05.127+0000] {processor.py:925} INFO - DAG(s) 'example_display_name' retrieved from /home/airflow/.local/lib/python3.12/site-packages/airflow/example_dags/example_display_name.py
[2025-05-02T01:37:05.146+0000] {logging_mixin.py:190} INFO - [2025-05-02T01:37:05.146+0000] {dag.py:3239} INFO - Sync 1 DAGs
[2025-05-02T01:37:05.161+0000] {logging_mixin.py:190} INFO - [2025-05-02T01:37:05.161+0000] {dag.py:4180} INFO - Setting next_dagrun for example_display_name to None, run_after=None
[2025-05-02T01:37:05.185+0000] {processor.py:208} INFO - Processing /home/airflow/.local/lib/python3.12/site-packages/airflow/example_dags/example_display_name.py took 0.101 seconds
[2025-05-02T01:37:36.888+0000] {processor.py:186} INFO - Started process (PID=2592) to work on /home/airflow/.local/lib/python3.12/site-packages/airflow/example_dags/example_display_name.py
[2025-05-02T01:37:36.889+0000] {processor.py:914} INFO - Processing file /home/airflow/.local/lib/python3.12/site-packages/airflow/example_dags/example_display_name.py for tasks to queue
[2025-05-02T01:37:36.891+0000] {logging_mixin.py:190} INFO - [2025-05-02T01:37:36.891+0000] {dagbag.py:588} INFO - Filling up the DagBag from /home/airflow/.local/lib/python3.12/site-packages/airflow/example_dags/example_display_name.py
[2025-05-02T01:37:36.899+0000] {processor.py:925} INFO - DAG(s) 'example_display_name' retrieved from /home/airflow/.local/lib/python3.12/site-packages/airflow/example_dags/example_display_name.py
[2025-05-02T01:37:36.921+0000] {logging_mixin.py:190} INFO - [2025-05-02T01:37:36.921+0000] {dag.py:3239} INFO - Sync 1 DAGs
[2025-05-02T01:37:36.937+0000] {logging_mixin.py:190} INFO - [2025-05-02T01:37:36.937+0000] {dag.py:4180} INFO - Setting next_dagrun for example_display_name to None, run_after=None
[2025-05-02T01:37:36.967+0000] {processor.py:208} INFO - Processing /home/airflow/.local/lib/python3.12/site-packages/airflow/example_dags/example_display_name.py took 0.086 seconds
[2025-05-02T01:38:07.770+0000] {processor.py:186} INFO - Started process (PID=2655) to work on /home/airflow/.local/lib/python3.12/site-packages/airflow/example_dags/example_display_name.py
[2025-05-02T01:38:07.773+0000] {processor.py:914} INFO - Processing file /home/airflow/.local/lib/python3.12/site-packages/airflow/example_dags/example_display_name.py for tasks to queue
[2025-05-02T01:38:07.777+0000] {logging_mixin.py:190} INFO - [2025-05-02T01:38:07.777+0000] {dagbag.py:588} INFO - Filling up the DagBag from /home/airflow/.local/lib/python3.12/site-packages/airflow/example_dags/example_display_name.py
[2025-05-02T01:38:07.794+0000] {processor.py:925} INFO - DAG(s) 'example_display_name' retrieved from /home/airflow/.local/lib/python3.12/site-packages/airflow/example_dags/example_display_name.py
[2025-05-02T01:38:07.821+0000] {logging_mixin.py:190} INFO - [2025-05-02T01:38:07.820+0000] {dag.py:3239} INFO - Sync 1 DAGs
[2025-05-02T01:38:07.839+0000] {logging_mixin.py:190} INFO - [2025-05-02T01:38:07.839+0000] {dag.py:4180} INFO - Setting next_dagrun for example_display_name to None, run_after=None
[2025-05-02T01:38:07.867+0000] {processor.py:208} INFO - Processing /home/airflow/.local/lib/python3.12/site-packages/airflow/example_dags/example_display_name.py took 0.105 seconds
[2025-05-02T01:38:38.440+0000] {processor.py:186} INFO - Started process (PID=2719) to work on /home/airflow/.local/lib/python3.12/site-packages/airflow/example_dags/example_display_name.py
[2025-05-02T01:38:38.442+0000] {processor.py:914} INFO - Processing file /home/airflow/.local/lib/python3.12/site-packages/airflow/example_dags/example_display_name.py for tasks to queue
[2025-05-02T01:38:38.444+0000] {logging_mixin.py:190} INFO - [2025-05-02T01:38:38.444+0000] {dagbag.py:588} INFO - Filling up the DagBag from /home/airflow/.local/lib/python3.12/site-packages/airflow/example_dags/example_display_name.py
[2025-05-02T01:38:38.453+0000] {processor.py:925} INFO - DAG(s) 'example_display_name' retrieved from /home/airflow/.local/lib/python3.12/site-packages/airflow/example_dags/example_display_name.py
[2025-05-02T01:38:38.474+0000] {logging_mixin.py:190} INFO - [2025-05-02T01:38:38.474+0000] {dag.py:3239} INFO - Sync 1 DAGs
[2025-05-02T01:38:38.490+0000] {logging_mixin.py:190} INFO - [2025-05-02T01:38:38.490+0000] {dag.py:4180} INFO - Setting next_dagrun for example_display_name to None, run_after=None
[2025-05-02T01:38:38.513+0000] {processor.py:208} INFO - Processing /home/airflow/.local/lib/python3.12/site-packages/airflow/example_dags/example_display_name.py took 0.080 seconds
[2025-05-02T01:39:10.185+0000] {processor.py:186} INFO - Started process (PID=2788) to work on /home/airflow/.local/lib/python3.12/site-packages/airflow/example_dags/example_display_name.py
[2025-05-02T01:39:10.186+0000] {processor.py:914} INFO - Processing file /home/airflow/.local/lib/python3.12/site-packages/airflow/example_dags/example_display_name.py for tasks to queue
[2025-05-02T01:39:10.189+0000] {logging_mixin.py:190} INFO - [2025-05-02T01:39:10.188+0000] {dagbag.py:588} INFO - Filling up the DagBag from /home/airflow/.local/lib/python3.12/site-packages/airflow/example_dags/example_display_name.py
[2025-05-02T01:39:10.199+0000] {processor.py:925} INFO - DAG(s) 'example_display_name' retrieved from /home/airflow/.local/lib/python3.12/site-packages/airflow/example_dags/example_display_name.py
[2025-05-02T01:39:10.222+0000] {logging_mixin.py:190} INFO - [2025-05-02T01:39:10.222+0000] {dag.py:3239} INFO - Sync 1 DAGs
[2025-05-02T01:39:10.238+0000] {logging_mixin.py:190} INFO - [2025-05-02T01:39:10.238+0000] {dag.py:4180} INFO - Setting next_dagrun for example_display_name to None, run_after=None
[2025-05-02T01:39:10.263+0000] {processor.py:208} INFO - Processing /home/airflow/.local/lib/python3.12/site-packages/airflow/example_dags/example_display_name.py took 0.090 seconds
[2025-05-02T01:39:40.380+0000] {processor.py:186} INFO - Started process (PID=2850) to work on /home/airflow/.local/lib/python3.12/site-packages/airflow/example_dags/example_display_name.py
[2025-05-02T01:39:40.381+0000] {processor.py:914} INFO - Processing file /home/airflow/.local/lib/python3.12/site-packages/airflow/example_dags/example_display_name.py for tasks to queue
[2025-05-02T01:39:40.383+0000] {logging_mixin.py:190} INFO - [2025-05-02T01:39:40.383+0000] {dagbag.py:588} INFO - Filling up the DagBag from /home/airflow/.local/lib/python3.12/site-packages/airflow/example_dags/example_display_name.py
[2025-05-02T01:39:40.391+0000] {processor.py:925} INFO - DAG(s) 'example_display_name' retrieved from /home/airflow/.local/lib/python3.12/site-packages/airflow/example_dags/example_display_name.py
[2025-05-02T01:39:40.410+0000] {logging_mixin.py:190} INFO - [2025-05-02T01:39:40.409+0000] {dag.py:3239} INFO - Sync 1 DAGs
[2025-05-02T01:39:40.424+0000] {logging_mixin.py:190} INFO - [2025-05-02T01:39:40.424+0000] {dag.py:4180} INFO - Setting next_dagrun for example_display_name to None, run_after=None
[2025-05-02T01:39:40.448+0000] {processor.py:208} INFO - Processing /home/airflow/.local/lib/python3.12/site-packages/airflow/example_dags/example_display_name.py took 0.075 seconds
[2025-05-02T01:40:14.107+0000] {processor.py:186} INFO - Started process (PID=2913) to work on /home/airflow/.local/lib/python3.12/site-packages/airflow/example_dags/example_display_name.py
[2025-05-02T01:40:14.110+0000] {processor.py:914} INFO - Processing file /home/airflow/.local/lib/python3.12/site-packages/airflow/example_dags/example_display_name.py for tasks to queue
[2025-05-02T01:40:14.115+0000] {logging_mixin.py:190} INFO - [2025-05-02T01:40:14.114+0000] {dagbag.py:588} INFO - Filling up the DagBag from /home/airflow/.local/lib/python3.12/site-packages/airflow/example_dags/example_display_name.py
[2025-05-02T01:40:14.134+0000] {processor.py:925} INFO - DAG(s) 'example_display_name' retrieved from /home/airflow/.local/lib/python3.12/site-packages/airflow/example_dags/example_display_name.py
[2025-05-02T01:40:14.183+0000] {logging_mixin.py:190} INFO - [2025-05-02T01:40:14.182+0000] {dag.py:3239} INFO - Sync 1 DAGs
[2025-05-02T01:40:14.223+0000] {logging_mixin.py:190} INFO - [2025-05-02T01:40:14.223+0000] {dag.py:4180} INFO - Setting next_dagrun for example_display_name to None, run_after=None
[2025-05-02T01:40:14.270+0000] {processor.py:208} INFO - Processing /home/airflow/.local/lib/python3.12/site-packages/airflow/example_dags/example_display_name.py took 0.177 seconds
[2025-05-02T01:40:45.376+0000] {processor.py:186} INFO - Started process (PID=2976) to work on /home/airflow/.local/lib/python3.12/site-packages/airflow/example_dags/example_display_name.py
[2025-05-02T01:40:45.378+0000] {processor.py:914} INFO - Processing file /home/airflow/.local/lib/python3.12/site-packages/airflow/example_dags/example_display_name.py for tasks to queue
[2025-05-02T01:40:45.380+0000] {logging_mixin.py:190} INFO - [2025-05-02T01:40:45.379+0000] {dagbag.py:588} INFO - Filling up the DagBag from /home/airflow/.local/lib/python3.12/site-packages/airflow/example_dags/example_display_name.py
[2025-05-02T01:40:45.388+0000] {processor.py:925} INFO - DAG(s) 'example_display_name' retrieved from /home/airflow/.local/lib/python3.12/site-packages/airflow/example_dags/example_display_name.py
[2025-05-02T01:40:45.408+0000] {logging_mixin.py:190} INFO - [2025-05-02T01:40:45.408+0000] {dag.py:3239} INFO - Sync 1 DAGs
[2025-05-02T01:40:45.424+0000] {logging_mixin.py:190} INFO - [2025-05-02T01:40:45.423+0000] {dag.py:4180} INFO - Setting next_dagrun for example_display_name to None, run_after=None
[2025-05-02T01:40:45.450+0000] {processor.py:208} INFO - Processing /home/airflow/.local/lib/python3.12/site-packages/airflow/example_dags/example_display_name.py took 0.080 seconds
[2025-05-02T01:41:16.115+0000] {processor.py:186} INFO - Started process (PID=3039) to work on /home/airflow/.local/lib/python3.12/site-packages/airflow/example_dags/example_display_name.py
[2025-05-02T01:41:16.117+0000] {processor.py:914} INFO - Processing file /home/airflow/.local/lib/python3.12/site-packages/airflow/example_dags/example_display_name.py for tasks to queue
[2025-05-02T01:41:16.123+0000] {logging_mixin.py:190} INFO - [2025-05-02T01:41:16.122+0000] {dagbag.py:588} INFO - Filling up the DagBag from /home/airflow/.local/lib/python3.12/site-packages/airflow/example_dags/example_display_name.py
[2025-05-02T01:41:16.138+0000] {processor.py:925} INFO - DAG(s) 'example_display_name' retrieved from /home/airflow/.local/lib/python3.12/site-packages/airflow/example_dags/example_display_name.py
[2025-05-02T01:41:16.175+0000] {logging_mixin.py:190} INFO - [2025-05-02T01:41:16.174+0000] {dag.py:3239} INFO - Sync 1 DAGs
[2025-05-02T01:41:16.195+0000] {logging_mixin.py:190} INFO - [2025-05-02T01:41:16.195+0000] {dag.py:4180} INFO - Setting next_dagrun for example_display_name to None, run_after=None
[2025-05-02T01:41:16.257+0000] {processor.py:208} INFO - Processing /home/airflow/.local/lib/python3.12/site-packages/airflow/example_dags/example_display_name.py took 0.155 seconds
[2025-05-02T01:41:46.464+0000] {processor.py:186} INFO - Started process (PID=3101) to work on /home/airflow/.local/lib/python3.12/site-packages/airflow/example_dags/example_display_name.py
[2025-05-02T01:41:46.465+0000] {processor.py:914} INFO - Processing file /home/airflow/.local/lib/python3.12/site-packages/airflow/example_dags/example_display_name.py for tasks to queue
[2025-05-02T01:41:46.467+0000] {logging_mixin.py:190} INFO - [2025-05-02T01:41:46.467+0000] {dagbag.py:588} INFO - Filling up the DagBag from /home/airflow/.local/lib/python3.12/site-packages/airflow/example_dags/example_display_name.py
[2025-05-02T01:41:46.475+0000] {processor.py:925} INFO - DAG(s) 'example_display_name' retrieved from /home/airflow/.local/lib/python3.12/site-packages/airflow/example_dags/example_display_name.py
[2025-05-02T01:41:46.493+0000] {logging_mixin.py:190} INFO - [2025-05-02T01:41:46.493+0000] {dag.py:3239} INFO - Sync 1 DAGs
[2025-05-02T01:41:46.507+0000] {logging_mixin.py:190} INFO - [2025-05-02T01:41:46.506+0000] {dag.py:4180} INFO - Setting next_dagrun for example_display_name to None, run_after=None
[2025-05-02T01:41:46.527+0000] {processor.py:208} INFO - Processing /home/airflow/.local/lib/python3.12/site-packages/airflow/example_dags/example_display_name.py took 0.070 seconds
[2025-05-02T01:42:18.641+0000] {processor.py:186} INFO - Started process (PID=3164) to work on /home/airflow/.local/lib/python3.12/site-packages/airflow/example_dags/example_display_name.py
[2025-05-02T01:42:18.642+0000] {processor.py:914} INFO - Processing file /home/airflow/.local/lib/python3.12/site-packages/airflow/example_dags/example_display_name.py for tasks to queue
[2025-05-02T01:42:18.645+0000] {logging_mixin.py:190} INFO - [2025-05-02T01:42:18.645+0000] {dagbag.py:588} INFO - Filling up the DagBag from /home/airflow/.local/lib/python3.12/site-packages/airflow/example_dags/example_display_name.py
[2025-05-02T01:42:18.654+0000] {processor.py:925} INFO - DAG(s) 'example_display_name' retrieved from /home/airflow/.local/lib/python3.12/site-packages/airflow/example_dags/example_display_name.py
[2025-05-02T01:42:18.679+0000] {logging_mixin.py:190} INFO - [2025-05-02T01:42:18.678+0000] {dag.py:3239} INFO - Sync 1 DAGs
[2025-05-02T01:42:18.696+0000] {logging_mixin.py:190} INFO - [2025-05-02T01:42:18.696+0000] {dag.py:4180} INFO - Setting next_dagrun for example_display_name to None, run_after=None
[2025-05-02T01:42:18.729+0000] {processor.py:208} INFO - Processing /home/airflow/.local/lib/python3.12/site-packages/airflow/example_dags/example_display_name.py took 0.096 seconds
[2025-05-02T01:42:49.589+0000] {processor.py:186} INFO - Started process (PID=3227) to work on /home/airflow/.local/lib/python3.12/site-packages/airflow/example_dags/example_display_name.py
[2025-05-02T01:42:49.590+0000] {processor.py:914} INFO - Processing file /home/airflow/.local/lib/python3.12/site-packages/airflow/example_dags/example_display_name.py for tasks to queue
[2025-05-02T01:42:49.594+0000] {logging_mixin.py:190} INFO - [2025-05-02T01:42:49.594+0000] {dagbag.py:588} INFO - Filling up the DagBag from /home/airflow/.local/lib/python3.12/site-packages/airflow/example_dags/example_display_name.py
[2025-05-02T01:42:49.605+0000] {processor.py:925} INFO - DAG(s) 'example_display_name' retrieved from /home/airflow/.local/lib/python3.12/site-packages/airflow/example_dags/example_display_name.py
[2025-05-02T01:42:49.633+0000] {logging_mixin.py:190} INFO - [2025-05-02T01:42:49.633+0000] {dag.py:3239} INFO - Sync 1 DAGs
[2025-05-02T01:42:49.659+0000] {logging_mixin.py:190} INFO - [2025-05-02T01:42:49.659+0000] {dag.py:4180} INFO - Setting next_dagrun for example_display_name to None, run_after=None
[2025-05-02T01:42:49.697+0000] {processor.py:208} INFO - Processing /home/airflow/.local/lib/python3.12/site-packages/airflow/example_dags/example_display_name.py took 0.117 seconds
[2025-05-02T01:43:21.549+0000] {processor.py:186} INFO - Started process (PID=3290) to work on /home/airflow/.local/lib/python3.12/site-packages/airflow/example_dags/example_display_name.py
[2025-05-02T01:43:21.550+0000] {processor.py:914} INFO - Processing file /home/airflow/.local/lib/python3.12/site-packages/airflow/example_dags/example_display_name.py for tasks to queue
[2025-05-02T01:43:21.554+0000] {logging_mixin.py:190} INFO - [2025-05-02T01:43:21.554+0000] {dagbag.py:588} INFO - Filling up the DagBag from /home/airflow/.local/lib/python3.12/site-packages/airflow/example_dags/example_display_name.py
[2025-05-02T01:43:21.565+0000] {processor.py:925} INFO - DAG(s) 'example_display_name' retrieved from /home/airflow/.local/lib/python3.12/site-packages/airflow/example_dags/example_display_name.py
[2025-05-02T01:43:21.605+0000] {logging_mixin.py:190} INFO - [2025-05-02T01:43:21.604+0000] {dag.py:3239} INFO - Sync 1 DAGs
[2025-05-02T01:43:21.636+0000] {logging_mixin.py:190} INFO - [2025-05-02T01:43:21.636+0000] {dag.py:4180} INFO - Setting next_dagrun for example_display_name to None, run_after=None
[2025-05-02T01:43:21.680+0000] {processor.py:208} INFO - Processing /home/airflow/.local/lib/python3.12/site-packages/airflow/example_dags/example_display_name.py took 0.140 seconds
[2025-05-02T01:43:53.103+0000] {processor.py:186} INFO - Started process (PID=3353) to work on /home/airflow/.local/lib/python3.12/site-packages/airflow/example_dags/example_display_name.py
[2025-05-02T01:43:53.105+0000] {processor.py:914} INFO - Processing file /home/airflow/.local/lib/python3.12/site-packages/airflow/example_dags/example_display_name.py for tasks to queue
[2025-05-02T01:43:53.110+0000] {logging_mixin.py:190} INFO - [2025-05-02T01:43:53.110+0000] {dagbag.py:588} INFO - Filling up the DagBag from /home/airflow/.local/lib/python3.12/site-packages/airflow/example_dags/example_display_name.py
[2025-05-02T01:43:53.123+0000] {processor.py:925} INFO - DAG(s) 'example_display_name' retrieved from /home/airflow/.local/lib/python3.12/site-packages/airflow/example_dags/example_display_name.py
[2025-05-02T01:43:53.170+0000] {logging_mixin.py:190} INFO - [2025-05-02T01:43:53.170+0000] {dag.py:3239} INFO - Sync 1 DAGs
[2025-05-02T01:43:53.191+0000] {logging_mixin.py:190} INFO - [2025-05-02T01:43:53.190+0000] {dag.py:4180} INFO - Setting next_dagrun for example_display_name to None, run_after=None
[2025-05-02T01:43:53.236+0000] {processor.py:208} INFO - Processing /home/airflow/.local/lib/python3.12/site-packages/airflow/example_dags/example_display_name.py took 0.144 seconds
[2025-05-02T01:44:25.114+0000] {processor.py:186} INFO - Started process (PID=3416) to work on /home/airflow/.local/lib/python3.12/site-packages/airflow/example_dags/example_display_name.py
[2025-05-02T01:44:25.116+0000] {processor.py:914} INFO - Processing file /home/airflow/.local/lib/python3.12/site-packages/airflow/example_dags/example_display_name.py for tasks to queue
[2025-05-02T01:44:25.120+0000] {logging_mixin.py:190} INFO - [2025-05-02T01:44:25.120+0000] {dagbag.py:588} INFO - Filling up the DagBag from /home/airflow/.local/lib/python3.12/site-packages/airflow/example_dags/example_display_name.py
[2025-05-02T01:44:25.130+0000] {processor.py:925} INFO - DAG(s) 'example_display_name' retrieved from /home/airflow/.local/lib/python3.12/site-packages/airflow/example_dags/example_display_name.py
[2025-05-02T01:44:25.162+0000] {logging_mixin.py:190} INFO - [2025-05-02T01:44:25.161+0000] {dag.py:3239} INFO - Sync 1 DAGs
[2025-05-02T01:44:25.191+0000] {logging_mixin.py:190} INFO - [2025-05-02T01:44:25.190+0000] {dag.py:4180} INFO - Setting next_dagrun for example_display_name to None, run_after=None
[2025-05-02T01:44:25.272+0000] {processor.py:208} INFO - Processing /home/airflow/.local/lib/python3.12/site-packages/airflow/example_dags/example_display_name.py took 0.169 seconds
[2025-05-02T01:44:56.007+0000] {processor.py:186} INFO - Started process (PID=3479) to work on /home/airflow/.local/lib/python3.12/site-packages/airflow/example_dags/example_display_name.py
[2025-05-02T01:44:56.008+0000] {processor.py:914} INFO - Processing file /home/airflow/.local/lib/python3.12/site-packages/airflow/example_dags/example_display_name.py for tasks to queue
[2025-05-02T01:44:56.011+0000] {logging_mixin.py:190} INFO - [2025-05-02T01:44:56.010+0000] {dagbag.py:588} INFO - Filling up the DagBag from /home/airflow/.local/lib/python3.12/site-packages/airflow/example_dags/example_display_name.py
[2025-05-02T01:44:56.018+0000] {processor.py:925} INFO - DAG(s) 'example_display_name' retrieved from /home/airflow/.local/lib/python3.12/site-packages/airflow/example_dags/example_display_name.py
[2025-05-02T01:44:56.039+0000] {logging_mixin.py:190} INFO - [2025-05-02T01:44:56.039+0000] {dag.py:3239} INFO - Sync 1 DAGs
[2025-05-02T01:44:56.054+0000] {logging_mixin.py:190} INFO - [2025-05-02T01:44:56.054+0000] {dag.py:4180} INFO - Setting next_dagrun for example_display_name to None, run_after=None
[2025-05-02T01:44:56.076+0000] {processor.py:208} INFO - Processing /home/airflow/.local/lib/python3.12/site-packages/airflow/example_dags/example_display_name.py took 0.075 seconds
[2025-05-02T01:45:28.099+0000] {processor.py:186} INFO - Started process (PID=3542) to work on /home/airflow/.local/lib/python3.12/site-packages/airflow/example_dags/example_display_name.py
[2025-05-02T01:45:28.100+0000] {processor.py:914} INFO - Processing file /home/airflow/.local/lib/python3.12/site-packages/airflow/example_dags/example_display_name.py for tasks to queue
[2025-05-02T01:45:28.103+0000] {logging_mixin.py:190} INFO - [2025-05-02T01:45:28.103+0000] {dagbag.py:588} INFO - Filling up the DagBag from /home/airflow/.local/lib/python3.12/site-packages/airflow/example_dags/example_display_name.py
[2025-05-02T01:45:28.112+0000] {processor.py:925} INFO - DAG(s) 'example_display_name' retrieved from /home/airflow/.local/lib/python3.12/site-packages/airflow/example_dags/example_display_name.py
[2025-05-02T01:45:28.133+0000] {logging_mixin.py:190} INFO - [2025-05-02T01:45:28.133+0000] {dag.py:3239} INFO - Sync 1 DAGs
[2025-05-02T01:45:28.151+0000] {logging_mixin.py:190} INFO - [2025-05-02T01:45:28.150+0000] {dag.py:4180} INFO - Setting next_dagrun for example_display_name to None, run_after=None
[2025-05-02T01:45:28.173+0000] {processor.py:208} INFO - Processing /home/airflow/.local/lib/python3.12/site-packages/airflow/example_dags/example_display_name.py took 0.081 seconds
[2025-05-02T01:45:59.338+0000] {processor.py:186} INFO - Started process (PID=3605) to work on /home/airflow/.local/lib/python3.12/site-packages/airflow/example_dags/example_display_name.py
[2025-05-02T01:45:59.339+0000] {processor.py:914} INFO - Processing file /home/airflow/.local/lib/python3.12/site-packages/airflow/example_dags/example_display_name.py for tasks to queue
[2025-05-02T01:45:59.342+0000] {logging_mixin.py:190} INFO - [2025-05-02T01:45:59.341+0000] {dagbag.py:588} INFO - Filling up the DagBag from /home/airflow/.local/lib/python3.12/site-packages/airflow/example_dags/example_display_name.py
[2025-05-02T01:45:59.351+0000] {processor.py:925} INFO - DAG(s) 'example_display_name' retrieved from /home/airflow/.local/lib/python3.12/site-packages/airflow/example_dags/example_display_name.py
[2025-05-02T01:45:59.370+0000] {logging_mixin.py:190} INFO - [2025-05-02T01:45:59.370+0000] {dag.py:3239} INFO - Sync 1 DAGs
[2025-05-02T01:45:59.385+0000] {logging_mixin.py:190} INFO - [2025-05-02T01:45:59.385+0000] {dag.py:4180} INFO - Setting next_dagrun for example_display_name to None, run_after=None
[2025-05-02T01:45:59.409+0000] {processor.py:208} INFO - Processing /home/airflow/.local/lib/python3.12/site-packages/airflow/example_dags/example_display_name.py took 0.077 seconds
[2025-05-02T01:46:30.869+0000] {processor.py:186} INFO - Started process (PID=3668) to work on /home/airflow/.local/lib/python3.12/site-packages/airflow/example_dags/example_display_name.py
[2025-05-02T01:46:30.870+0000] {processor.py:914} INFO - Processing file /home/airflow/.local/lib/python3.12/site-packages/airflow/example_dags/example_display_name.py for tasks to queue
[2025-05-02T01:46:30.873+0000] {logging_mixin.py:190} INFO - [2025-05-02T01:46:30.872+0000] {dagbag.py:588} INFO - Filling up the DagBag from /home/airflow/.local/lib/python3.12/site-packages/airflow/example_dags/example_display_name.py
[2025-05-02T01:46:30.883+0000] {processor.py:925} INFO - DAG(s) 'example_display_name' retrieved from /home/airflow/.local/lib/python3.12/site-packages/airflow/example_dags/example_display_name.py
[2025-05-02T01:46:30.911+0000] {logging_mixin.py:190} INFO - [2025-05-02T01:46:30.910+0000] {dag.py:3239} INFO - Sync 1 DAGs
[2025-05-02T01:46:30.939+0000] {logging_mixin.py:190} INFO - [2025-05-02T01:46:30.939+0000] {dag.py:4180} INFO - Setting next_dagrun for example_display_name to None, run_after=None
[2025-05-02T01:46:30.980+0000] {processor.py:208} INFO - Processing /home/airflow/.local/lib/python3.12/site-packages/airflow/example_dags/example_display_name.py took 0.118 seconds
[2025-05-02T01:47:01.847+0000] {processor.py:186} INFO - Started process (PID=3731) to work on /home/airflow/.local/lib/python3.12/site-packages/airflow/example_dags/example_display_name.py
[2025-05-02T01:47:01.848+0000] {processor.py:914} INFO - Processing file /home/airflow/.local/lib/python3.12/site-packages/airflow/example_dags/example_display_name.py for tasks to queue
[2025-05-02T01:47:01.851+0000] {logging_mixin.py:190} INFO - [2025-05-02T01:47:01.851+0000] {dagbag.py:588} INFO - Filling up the DagBag from /home/airflow/.local/lib/python3.12/site-packages/airflow/example_dags/example_display_name.py
[2025-05-02T01:47:01.861+0000] {processor.py:925} INFO - DAG(s) 'example_display_name' retrieved from /home/airflow/.local/lib/python3.12/site-packages/airflow/example_dags/example_display_name.py
[2025-05-02T01:47:01.887+0000] {logging_mixin.py:190} INFO - [2025-05-02T01:47:01.886+0000] {dag.py:3239} INFO - Sync 1 DAGs
[2025-05-02T01:47:01.905+0000] {logging_mixin.py:190} INFO - [2025-05-02T01:47:01.904+0000] {dag.py:4180} INFO - Setting next_dagrun for example_display_name to None, run_after=None
[2025-05-02T01:47:01.931+0000] {processor.py:208} INFO - Processing /home/airflow/.local/lib/python3.12/site-packages/airflow/example_dags/example_display_name.py took 0.092 seconds
[2025-05-02T01:47:34.369+0000] {processor.py:186} INFO - Started process (PID=3794) to work on /home/airflow/.local/lib/python3.12/site-packages/airflow/example_dags/example_display_name.py
[2025-05-02T01:47:34.371+0000] {processor.py:914} INFO - Processing file /home/airflow/.local/lib/python3.12/site-packages/airflow/example_dags/example_display_name.py for tasks to queue
[2025-05-02T01:47:34.374+0000] {logging_mixin.py:190} INFO - [2025-05-02T01:47:34.374+0000] {dagbag.py:588} INFO - Filling up the DagBag from /home/airflow/.local/lib/python3.12/site-packages/airflow/example_dags/example_display_name.py
[2025-05-02T01:47:34.387+0000] {processor.py:925} INFO - DAG(s) 'example_display_name' retrieved from /home/airflow/.local/lib/python3.12/site-packages/airflow/example_dags/example_display_name.py
[2025-05-02T01:47:34.418+0000] {logging_mixin.py:190} INFO - [2025-05-02T01:47:34.417+0000] {dag.py:3239} INFO - Sync 1 DAGs
[2025-05-02T01:47:34.440+0000] {logging_mixin.py:190} INFO - [2025-05-02T01:47:34.439+0000] {dag.py:4180} INFO - Setting next_dagrun for example_display_name to None, run_after=None
[2025-05-02T01:47:34.470+0000] {processor.py:208} INFO - Processing /home/airflow/.local/lib/python3.12/site-packages/airflow/example_dags/example_display_name.py took 0.110 seconds
[2025-05-02T01:48:05.101+0000] {processor.py:186} INFO - Started process (PID=3857) to work on /home/airflow/.local/lib/python3.12/site-packages/airflow/example_dags/example_display_name.py
[2025-05-02T01:48:05.102+0000] {processor.py:914} INFO - Processing file /home/airflow/.local/lib/python3.12/site-packages/airflow/example_dags/example_display_name.py for tasks to queue
[2025-05-02T01:48:05.110+0000] {logging_mixin.py:190} INFO - [2025-05-02T01:48:05.110+0000] {dagbag.py:588} INFO - Filling up the DagBag from /home/airflow/.local/lib/python3.12/site-packages/airflow/example_dags/example_display_name.py
[2025-05-02T01:48:05.119+0000] {processor.py:925} INFO - DAG(s) 'example_display_name' retrieved from /home/airflow/.local/lib/python3.12/site-packages/airflow/example_dags/example_display_name.py
[2025-05-02T01:48:05.139+0000] {logging_mixin.py:190} INFO - [2025-05-02T01:48:05.138+0000] {dag.py:3239} INFO - Sync 1 DAGs
[2025-05-02T01:48:05.155+0000] {logging_mixin.py:190} INFO - [2025-05-02T01:48:05.155+0000] {dag.py:4180} INFO - Setting next_dagrun for example_display_name to None, run_after=None
[2025-05-02T01:48:05.176+0000] {processor.py:208} INFO - Processing /home/airflow/.local/lib/python3.12/site-packages/airflow/example_dags/example_display_name.py took 0.084 seconds
[2025-05-02T01:48:35.922+0000] {processor.py:186} INFO - Started process (PID=3920) to work on /home/airflow/.local/lib/python3.12/site-packages/airflow/example_dags/example_display_name.py
[2025-05-02T01:48:35.924+0000] {processor.py:914} INFO - Processing file /home/airflow/.local/lib/python3.12/site-packages/airflow/example_dags/example_display_name.py for tasks to queue
[2025-05-02T01:48:35.926+0000] {logging_mixin.py:190} INFO - [2025-05-02T01:48:35.925+0000] {dagbag.py:588} INFO - Filling up the DagBag from /home/airflow/.local/lib/python3.12/site-packages/airflow/example_dags/example_display_name.py
[2025-05-02T01:48:35.933+0000] {processor.py:925} INFO - DAG(s) 'example_display_name' retrieved from /home/airflow/.local/lib/python3.12/site-packages/airflow/example_dags/example_display_name.py
[2025-05-02T01:48:35.952+0000] {logging_mixin.py:190} INFO - [2025-05-02T01:48:35.952+0000] {dag.py:3239} INFO - Sync 1 DAGs
[2025-05-02T01:48:35.966+0000] {logging_mixin.py:190} INFO - [2025-05-02T01:48:35.965+0000] {dag.py:4180} INFO - Setting next_dagrun for example_display_name to None, run_after=None
[2025-05-02T01:48:35.986+0000] {processor.py:208} INFO - Processing /home/airflow/.local/lib/python3.12/site-packages/airflow/example_dags/example_display_name.py took 0.069 seconds
[2025-05-02T01:49:07.021+0000] {processor.py:186} INFO - Started process (PID=3983) to work on /home/airflow/.local/lib/python3.12/site-packages/airflow/example_dags/example_display_name.py
[2025-05-02T01:49:07.022+0000] {processor.py:914} INFO - Processing file /home/airflow/.local/lib/python3.12/site-packages/airflow/example_dags/example_display_name.py for tasks to queue
[2025-05-02T01:49:07.025+0000] {logging_mixin.py:190} INFO - [2025-05-02T01:49:07.024+0000] {dagbag.py:588} INFO - Filling up the DagBag from /home/airflow/.local/lib/python3.12/site-packages/airflow/example_dags/example_display_name.py
[2025-05-02T01:49:07.034+0000] {processor.py:925} INFO - DAG(s) 'example_display_name' retrieved from /home/airflow/.local/lib/python3.12/site-packages/airflow/example_dags/example_display_name.py
[2025-05-02T01:49:07.054+0000] {logging_mixin.py:190} INFO - [2025-05-02T01:49:07.054+0000] {dag.py:3239} INFO - Sync 1 DAGs
[2025-05-02T01:49:07.069+0000] {logging_mixin.py:190} INFO - [2025-05-02T01:49:07.069+0000] {dag.py:4180} INFO - Setting next_dagrun for example_display_name to None, run_after=None
[2025-05-02T01:49:07.088+0000] {processor.py:208} INFO - Processing /home/airflow/.local/lib/python3.12/site-packages/airflow/example_dags/example_display_name.py took 0.073 seconds
[2025-05-02T01:49:38.316+0000] {processor.py:186} INFO - Started process (PID=4047) to work on /home/airflow/.local/lib/python3.12/site-packages/airflow/example_dags/example_display_name.py
[2025-05-02T01:49:38.317+0000] {processor.py:914} INFO - Processing file /home/airflow/.local/lib/python3.12/site-packages/airflow/example_dags/example_display_name.py for tasks to queue
[2025-05-02T01:49:38.320+0000] {logging_mixin.py:190} INFO - [2025-05-02T01:49:38.319+0000] {dagbag.py:588} INFO - Filling up the DagBag from /home/airflow/.local/lib/python3.12/site-packages/airflow/example_dags/example_display_name.py
[2025-05-02T01:49:38.327+0000] {processor.py:925} INFO - DAG(s) 'example_display_name' retrieved from /home/airflow/.local/lib/python3.12/site-packages/airflow/example_dags/example_display_name.py
[2025-05-02T01:49:38.345+0000] {logging_mixin.py:190} INFO - [2025-05-02T01:49:38.344+0000] {dag.py:3239} INFO - Sync 1 DAGs
[2025-05-02T01:49:38.358+0000] {logging_mixin.py:190} INFO - [2025-05-02T01:49:38.358+0000] {dag.py:4180} INFO - Setting next_dagrun for example_display_name to None, run_after=None
[2025-05-02T01:49:38.376+0000] {processor.py:208} INFO - Processing /home/airflow/.local/lib/python3.12/site-packages/airflow/example_dags/example_display_name.py took 0.066 seconds
[2025-05-02T01:50:09.492+0000] {processor.py:186} INFO - Started process (PID=4110) to work on /home/airflow/.local/lib/python3.12/site-packages/airflow/example_dags/example_display_name.py
[2025-05-02T01:50:09.493+0000] {processor.py:914} INFO - Processing file /home/airflow/.local/lib/python3.12/site-packages/airflow/example_dags/example_display_name.py for tasks to queue
[2025-05-02T01:50:09.496+0000] {logging_mixin.py:190} INFO - [2025-05-02T01:50:09.496+0000] {dagbag.py:588} INFO - Filling up the DagBag from /home/airflow/.local/lib/python3.12/site-packages/airflow/example_dags/example_display_name.py
[2025-05-02T01:50:09.503+0000] {processor.py:925} INFO - DAG(s) 'example_display_name' retrieved from /home/airflow/.local/lib/python3.12/site-packages/airflow/example_dags/example_display_name.py
[2025-05-02T01:50:09.525+0000] {logging_mixin.py:190} INFO - [2025-05-02T01:50:09.525+0000] {dag.py:3239} INFO - Sync 1 DAGs
[2025-05-02T01:50:09.539+0000] {logging_mixin.py:190} INFO - [2025-05-02T01:50:09.539+0000] {dag.py:4180} INFO - Setting next_dagrun for example_display_name to None, run_after=None
[2025-05-02T01:50:09.560+0000] {processor.py:208} INFO - Processing /home/airflow/.local/lib/python3.12/site-packages/airflow/example_dags/example_display_name.py took 0.074 seconds
[2025-05-02T01:50:42.081+0000] {processor.py:186} INFO - Started process (PID=4173) to work on /home/airflow/.local/lib/python3.12/site-packages/airflow/example_dags/example_display_name.py
[2025-05-02T01:50:42.083+0000] {processor.py:914} INFO - Processing file /home/airflow/.local/lib/python3.12/site-packages/airflow/example_dags/example_display_name.py for tasks to queue
[2025-05-02T01:50:42.086+0000] {logging_mixin.py:190} INFO - [2025-05-02T01:50:42.085+0000] {dagbag.py:588} INFO - Filling up the DagBag from /home/airflow/.local/lib/python3.12/site-packages/airflow/example_dags/example_display_name.py
[2025-05-02T01:50:42.093+0000] {processor.py:925} INFO - DAG(s) 'example_display_name' retrieved from /home/airflow/.local/lib/python3.12/site-packages/airflow/example_dags/example_display_name.py
[2025-05-02T01:50:42.120+0000] {logging_mixin.py:190} INFO - [2025-05-02T01:50:42.120+0000] {dag.py:3239} INFO - Sync 1 DAGs
[2025-05-02T01:50:42.327+0000] {logging_mixin.py:190} INFO - [2025-05-02T01:50:42.326+0000] {dag.py:4180} INFO - Setting next_dagrun for example_display_name to None, run_after=None
[2025-05-02T01:50:42.439+0000] {processor.py:208} INFO - Processing /home/airflow/.local/lib/python3.12/site-packages/airflow/example_dags/example_display_name.py took 0.365 seconds
[2025-05-02T01:51:13.730+0000] {processor.py:186} INFO - Started process (PID=4242) to work on /home/airflow/.local/lib/python3.12/site-packages/airflow/example_dags/example_display_name.py
[2025-05-02T01:51:13.733+0000] {processor.py:914} INFO - Processing file /home/airflow/.local/lib/python3.12/site-packages/airflow/example_dags/example_display_name.py for tasks to queue
[2025-05-02T01:51:13.737+0000] {logging_mixin.py:190} INFO - [2025-05-02T01:51:13.736+0000] {dagbag.py:588} INFO - Filling up the DagBag from /home/airflow/.local/lib/python3.12/site-packages/airflow/example_dags/example_display_name.py
[2025-05-02T01:51:13.748+0000] {processor.py:925} INFO - DAG(s) 'example_display_name' retrieved from /home/airflow/.local/lib/python3.12/site-packages/airflow/example_dags/example_display_name.py
[2025-05-02T01:51:13.773+0000] {logging_mixin.py:190} INFO - [2025-05-02T01:51:13.772+0000] {dag.py:3239} INFO - Sync 1 DAGs
[2025-05-02T01:51:13.796+0000] {logging_mixin.py:190} INFO - [2025-05-02T01:51:13.796+0000] {dag.py:4180} INFO - Setting next_dagrun for example_display_name to None, run_after=None
[2025-05-02T01:51:14.258+0000] {processor.py:208} INFO - Processing /home/airflow/.local/lib/python3.12/site-packages/airflow/example_dags/example_display_name.py took 0.537 seconds
[2025-05-02T01:51:44.775+0000] {processor.py:186} INFO - Started process (PID=4305) to work on /home/airflow/.local/lib/python3.12/site-packages/airflow/example_dags/example_display_name.py
[2025-05-02T01:51:44.777+0000] {processor.py:914} INFO - Processing file /home/airflow/.local/lib/python3.12/site-packages/airflow/example_dags/example_display_name.py for tasks to queue
[2025-05-02T01:51:44.780+0000] {logging_mixin.py:190} INFO - [2025-05-02T01:51:44.779+0000] {dagbag.py:588} INFO - Filling up the DagBag from /home/airflow/.local/lib/python3.12/site-packages/airflow/example_dags/example_display_name.py
[2025-05-02T01:51:44.789+0000] {processor.py:925} INFO - DAG(s) 'example_display_name' retrieved from /home/airflow/.local/lib/python3.12/site-packages/airflow/example_dags/example_display_name.py
[2025-05-02T01:51:44.813+0000] {logging_mixin.py:190} INFO - [2025-05-02T01:51:44.813+0000] {dag.py:3239} INFO - Sync 1 DAGs
[2025-05-02T01:51:44.831+0000] {logging_mixin.py:190} INFO - [2025-05-02T01:51:44.830+0000] {dag.py:4180} INFO - Setting next_dagrun for example_display_name to None, run_after=None
[2025-05-02T01:51:44.855+0000] {processor.py:208} INFO - Processing /home/airflow/.local/lib/python3.12/site-packages/airflow/example_dags/example_display_name.py took 0.086 seconds
[2025-05-02T01:52:15.963+0000] {processor.py:186} INFO - Started process (PID=4368) to work on /home/airflow/.local/lib/python3.12/site-packages/airflow/example_dags/example_display_name.py
[2025-05-02T01:52:15.969+0000] {processor.py:914} INFO - Processing file /home/airflow/.local/lib/python3.12/site-packages/airflow/example_dags/example_display_name.py for tasks to queue
[2025-05-02T01:52:15.975+0000] {logging_mixin.py:190} INFO - [2025-05-02T01:52:15.974+0000] {dagbag.py:588} INFO - Filling up the DagBag from /home/airflow/.local/lib/python3.12/site-packages/airflow/example_dags/example_display_name.py
[2025-05-02T01:52:15.997+0000] {processor.py:925} INFO - DAG(s) 'example_display_name' retrieved from /home/airflow/.local/lib/python3.12/site-packages/airflow/example_dags/example_display_name.py
[2025-05-02T01:52:16.081+0000] {logging_mixin.py:190} INFO - [2025-05-02T01:52:16.080+0000] {dag.py:3239} INFO - Sync 1 DAGs
[2025-05-02T01:52:16.117+0000] {logging_mixin.py:190} INFO - [2025-05-02T01:52:16.117+0000] {dag.py:4180} INFO - Setting next_dagrun for example_display_name to None, run_after=None
[2025-05-02T01:52:16.140+0000] {processor.py:208} INFO - Processing /home/airflow/.local/lib/python3.12/site-packages/airflow/example_dags/example_display_name.py took 0.185 seconds
[2025-05-02T01:52:47.125+0000] {processor.py:186} INFO - Started process (PID=4431) to work on /home/airflow/.local/lib/python3.12/site-packages/airflow/example_dags/example_display_name.py
[2025-05-02T01:52:47.128+0000] {processor.py:914} INFO - Processing file /home/airflow/.local/lib/python3.12/site-packages/airflow/example_dags/example_display_name.py for tasks to queue
[2025-05-02T01:52:47.133+0000] {logging_mixin.py:190} INFO - [2025-05-02T01:52:47.132+0000] {dagbag.py:588} INFO - Filling up the DagBag from /home/airflow/.local/lib/python3.12/site-packages/airflow/example_dags/example_display_name.py
[2025-05-02T01:52:47.145+0000] {processor.py:925} INFO - DAG(s) 'example_display_name' retrieved from /home/airflow/.local/lib/python3.12/site-packages/airflow/example_dags/example_display_name.py
[2025-05-02T01:52:47.181+0000] {logging_mixin.py:190} INFO - [2025-05-02T01:52:47.181+0000] {dag.py:3239} INFO - Sync 1 DAGs
[2025-05-02T01:52:47.204+0000] {logging_mixin.py:190} INFO - [2025-05-02T01:52:47.204+0000] {dag.py:4180} INFO - Setting next_dagrun for example_display_name to None, run_after=None
[2025-05-02T01:52:47.249+0000] {processor.py:208} INFO - Processing /home/airflow/.local/lib/python3.12/site-packages/airflow/example_dags/example_display_name.py took 0.135 seconds
[2025-05-02T01:53:18.337+0000] {processor.py:186} INFO - Started process (PID=4494) to work on /home/airflow/.local/lib/python3.12/site-packages/airflow/example_dags/example_display_name.py
[2025-05-02T01:53:18.338+0000] {processor.py:914} INFO - Processing file /home/airflow/.local/lib/python3.12/site-packages/airflow/example_dags/example_display_name.py for tasks to queue
[2025-05-02T01:53:18.341+0000] {logging_mixin.py:190} INFO - [2025-05-02T01:53:18.341+0000] {dagbag.py:588} INFO - Filling up the DagBag from /home/airflow/.local/lib/python3.12/site-packages/airflow/example_dags/example_display_name.py
[2025-05-02T01:53:18.349+0000] {processor.py:925} INFO - DAG(s) 'example_display_name' retrieved from /home/airflow/.local/lib/python3.12/site-packages/airflow/example_dags/example_display_name.py
[2025-05-02T01:53:18.374+0000] {logging_mixin.py:190} INFO - [2025-05-02T01:53:18.373+0000] {dag.py:3239} INFO - Sync 1 DAGs
[2025-05-02T01:53:18.398+0000] {logging_mixin.py:190} INFO - [2025-05-02T01:53:18.398+0000] {dag.py:4180} INFO - Setting next_dagrun for example_display_name to None, run_after=None
[2025-05-02T01:53:18.432+0000] {processor.py:208} INFO - Processing /home/airflow/.local/lib/python3.12/site-packages/airflow/example_dags/example_display_name.py took 0.103 seconds
[2025-05-02T01:53:48.551+0000] {processor.py:186} INFO - Started process (PID=4557) to work on /home/airflow/.local/lib/python3.12/site-packages/airflow/example_dags/example_display_name.py
[2025-05-02T01:53:48.557+0000] {processor.py:914} INFO - Processing file /home/airflow/.local/lib/python3.12/site-packages/airflow/example_dags/example_display_name.py for tasks to queue
[2025-05-02T01:53:48.567+0000] {logging_mixin.py:190} INFO - [2025-05-02T01:53:48.566+0000] {dagbag.py:588} INFO - Filling up the DagBag from /home/airflow/.local/lib/python3.12/site-packages/airflow/example_dags/example_display_name.py
[2025-05-02T01:53:48.601+0000] {processor.py:925} INFO - DAG(s) 'example_display_name' retrieved from /home/airflow/.local/lib/python3.12/site-packages/airflow/example_dags/example_display_name.py
[2025-05-02T01:53:48.651+0000] {logging_mixin.py:190} INFO - [2025-05-02T01:53:48.650+0000] {dag.py:3239} INFO - Sync 1 DAGs
[2025-05-02T01:53:48.680+0000] {logging_mixin.py:190} INFO - [2025-05-02T01:53:48.680+0000] {dag.py:4180} INFO - Setting next_dagrun for example_display_name to None, run_after=None
[2025-05-02T01:53:48.710+0000] {processor.py:208} INFO - Processing /home/airflow/.local/lib/python3.12/site-packages/airflow/example_dags/example_display_name.py took 0.193 seconds
