[2025-05-02T01:17:11.112+0000] {processor.py:186} INFO - Started process (PID=122) to work on /home/airflow/.local/lib/python3.12/site-packages/airflow/example_dags/example_latest_only.py
[2025-05-02T01:17:11.112+0000] {processor.py:914} INFO - Processing file /home/airflow/.local/lib/python3.12/site-packages/airflow/example_dags/example_latest_only.py for tasks to queue
[2025-05-02T01:17:11.115+0000] {logging_mixin.py:190} INFO - [2025-05-02T01:17:11.114+0000] {dagbag.py:588} INFO - Filling up the DagBag from /home/airflow/.local/lib/python3.12/site-packages/airflow/example_dags/example_latest_only.py
[2025-05-02T01:17:11.124+0000] {processor.py:925} INFO - DAG(s) 'latest_only' retrieved from /home/airflow/.local/lib/python3.12/site-packages/airflow/example_dags/example_latest_only.py
[2025-05-02T01:17:11.334+0000] {logging_mixin.py:190} INFO - [2025-05-02T01:17:11.329+0000] {override.py:1912} INFO - Created Permission View: can delete on DAG:latest_only
[2025-05-02T01:17:11.372+0000] {logging_mixin.py:190} INFO - [2025-05-02T01:17:11.371+0000] {override.py:1912} INFO - Created Permission View: can edit on DAG:latest_only
[2025-05-02T01:17:11.396+0000] {logging_mixin.py:190} INFO - [2025-05-02T01:17:11.395+0000] {override.py:1912} INFO - Created Permission View: can read on DAG:latest_only
[2025-05-02T01:17:11.418+0000] {logging_mixin.py:190} INFO - [2025-05-02T01:17:11.418+0000] {override.py:1912} INFO - Created Permission View: menu access on DAG Run:latest_only
[2025-05-02T01:17:11.434+0000] {logging_mixin.py:190} INFO - [2025-05-02T01:17:11.433+0000] {override.py:1912} INFO - Created Permission View: can delete on DAG Run:latest_only
[2025-05-02T01:17:11.450+0000] {logging_mixin.py:190} INFO - [2025-05-02T01:17:11.449+0000] {override.py:1912} INFO - Created Permission View: can create on DAG Run:latest_only
[2025-05-02T01:17:11.465+0000] {logging_mixin.py:190} INFO - [2025-05-02T01:17:11.464+0000] {override.py:1912} INFO - Created Permission View: can read on DAG Run:latest_only
[2025-05-02T01:17:11.465+0000] {logging_mixin.py:190} INFO - [2025-05-02T01:17:11.465+0000] {dag.py:3239} INFO - Sync 1 DAGs
[2025-05-02T01:17:11.482+0000] {logging_mixin.py:190} INFO - [2025-05-02T01:17:11.482+0000] {dag.py:3262} INFO - Creating ORM DAG for latest_only
[2025-05-02T01:17:11.495+0000] {logging_mixin.py:190} INFO - [2025-05-02T01:17:11.495+0000] {dag.py:4180} INFO - Setting next_dagrun for latest_only to 2025-05-01 20:00:00+00:00, run_after=2025-05-02 00:00:00+00:00
[2025-05-02T01:17:11.525+0000] {processor.py:208} INFO - Processing /home/airflow/.local/lib/python3.12/site-packages/airflow/example_dags/example_latest_only.py took 0.420 seconds
[2025-05-02T01:17:42.012+0000] {processor.py:186} INFO - Started process (PID=185) to work on /home/airflow/.local/lib/python3.12/site-packages/airflow/example_dags/example_latest_only.py
[2025-05-02T01:17:42.013+0000] {processor.py:914} INFO - Processing file /home/airflow/.local/lib/python3.12/site-packages/airflow/example_dags/example_latest_only.py for tasks to queue
[2025-05-02T01:17:42.016+0000] {logging_mixin.py:190} INFO - [2025-05-02T01:17:42.015+0000] {dagbag.py:588} INFO - Filling up the DagBag from /home/airflow/.local/lib/python3.12/site-packages/airflow/example_dags/example_latest_only.py
[2025-05-02T01:17:42.024+0000] {processor.py:925} INFO - DAG(s) 'latest_only' retrieved from /home/airflow/.local/lib/python3.12/site-packages/airflow/example_dags/example_latest_only.py
[2025-05-02T01:17:42.047+0000] {logging_mixin.py:190} INFO - [2025-05-02T01:17:42.046+0000] {dag.py:3239} INFO - Sync 1 DAGs
[2025-05-02T01:17:42.075+0000] {logging_mixin.py:190} INFO - [2025-05-02T01:17:42.075+0000] {dag.py:4180} INFO - Setting next_dagrun for latest_only to 2025-05-01 20:00:00+00:00, run_after=2025-05-02 00:00:00+00:00
[2025-05-02T01:17:42.100+0000] {processor.py:208} INFO - Processing /home/airflow/.local/lib/python3.12/site-packages/airflow/example_dags/example_latest_only.py took 0.096 seconds
[2025-05-02T01:18:13.324+0000] {processor.py:186} INFO - Started process (PID=248) to work on /home/airflow/.local/lib/python3.12/site-packages/airflow/example_dags/example_latest_only.py
[2025-05-02T01:18:13.325+0000] {processor.py:914} INFO - Processing file /home/airflow/.local/lib/python3.12/site-packages/airflow/example_dags/example_latest_only.py for tasks to queue
[2025-05-02T01:18:13.328+0000] {logging_mixin.py:190} INFO - [2025-05-02T01:18:13.328+0000] {dagbag.py:588} INFO - Filling up the DagBag from /home/airflow/.local/lib/python3.12/site-packages/airflow/example_dags/example_latest_only.py
[2025-05-02T01:18:13.337+0000] {processor.py:925} INFO - DAG(s) 'latest_only' retrieved from /home/airflow/.local/lib/python3.12/site-packages/airflow/example_dags/example_latest_only.py
[2025-05-02T01:18:13.360+0000] {logging_mixin.py:190} INFO - [2025-05-02T01:18:13.360+0000] {dag.py:3239} INFO - Sync 1 DAGs
[2025-05-02T01:18:13.388+0000] {logging_mixin.py:190} INFO - [2025-05-02T01:18:13.387+0000] {dag.py:4180} INFO - Setting next_dagrun for latest_only to 2025-05-01 20:00:00+00:00, run_after=2025-05-02 00:00:00+00:00
[2025-05-02T01:18:13.411+0000] {processor.py:208} INFO - Processing /home/airflow/.local/lib/python3.12/site-packages/airflow/example_dags/example_latest_only.py took 0.097 seconds
[2025-05-02T01:18:45.623+0000] {processor.py:186} INFO - Started process (PID=310) to work on /home/airflow/.local/lib/python3.12/site-packages/airflow/example_dags/example_latest_only.py
[2025-05-02T01:18:45.624+0000] {processor.py:914} INFO - Processing file /home/airflow/.local/lib/python3.12/site-packages/airflow/example_dags/example_latest_only.py for tasks to queue
[2025-05-02T01:18:45.627+0000] {logging_mixin.py:190} INFO - [2025-05-02T01:18:45.626+0000] {dagbag.py:588} INFO - Filling up the DagBag from /home/airflow/.local/lib/python3.12/site-packages/airflow/example_dags/example_latest_only.py
[2025-05-02T01:18:45.634+0000] {processor.py:925} INFO - DAG(s) 'latest_only' retrieved from /home/airflow/.local/lib/python3.12/site-packages/airflow/example_dags/example_latest_only.py
[2025-05-02T01:18:45.653+0000] {logging_mixin.py:190} INFO - [2025-05-02T01:18:45.653+0000] {dag.py:3239} INFO - Sync 1 DAGs
[2025-05-02T01:18:45.679+0000] {logging_mixin.py:190} INFO - [2025-05-02T01:18:45.679+0000] {dag.py:4180} INFO - Setting next_dagrun for latest_only to 2025-05-01 20:00:00+00:00, run_after=2025-05-02 00:00:00+00:00
[2025-05-02T01:18:45.704+0000] {processor.py:208} INFO - Processing /home/airflow/.local/lib/python3.12/site-packages/airflow/example_dags/example_latest_only.py took 0.095 seconds
[2025-05-02T01:19:16.279+0000] {processor.py:186} INFO - Started process (PID=373) to work on /home/airflow/.local/lib/python3.12/site-packages/airflow/example_dags/example_latest_only.py
[2025-05-02T01:19:16.280+0000] {processor.py:914} INFO - Processing file /home/airflow/.local/lib/python3.12/site-packages/airflow/example_dags/example_latest_only.py for tasks to queue
[2025-05-02T01:19:16.282+0000] {logging_mixin.py:190} INFO - [2025-05-02T01:19:16.282+0000] {dagbag.py:588} INFO - Filling up the DagBag from /home/airflow/.local/lib/python3.12/site-packages/airflow/example_dags/example_latest_only.py
[2025-05-02T01:19:16.291+0000] {processor.py:925} INFO - DAG(s) 'latest_only' retrieved from /home/airflow/.local/lib/python3.12/site-packages/airflow/example_dags/example_latest_only.py
[2025-05-02T01:19:16.315+0000] {logging_mixin.py:190} INFO - [2025-05-02T01:19:16.315+0000] {dag.py:3239} INFO - Sync 1 DAGs
[2025-05-02T01:19:16.343+0000] {logging_mixin.py:190} INFO - [2025-05-02T01:19:16.343+0000] {dag.py:4180} INFO - Setting next_dagrun for latest_only to 2025-05-01 20:00:00+00:00, run_after=2025-05-02 00:00:00+00:00
[2025-05-02T01:19:16.368+0000] {processor.py:208} INFO - Processing /home/airflow/.local/lib/python3.12/site-packages/airflow/example_dags/example_latest_only.py took 0.095 seconds
[2025-05-02T01:19:46.956+0000] {processor.py:186} INFO - Started process (PID=436) to work on /home/airflow/.local/lib/python3.12/site-packages/airflow/example_dags/example_latest_only.py
[2025-05-02T01:19:46.957+0000] {processor.py:914} INFO - Processing file /home/airflow/.local/lib/python3.12/site-packages/airflow/example_dags/example_latest_only.py for tasks to queue
[2025-05-02T01:19:46.960+0000] {logging_mixin.py:190} INFO - [2025-05-02T01:19:46.959+0000] {dagbag.py:588} INFO - Filling up the DagBag from /home/airflow/.local/lib/python3.12/site-packages/airflow/example_dags/example_latest_only.py
[2025-05-02T01:19:46.966+0000] {processor.py:925} INFO - DAG(s) 'latest_only' retrieved from /home/airflow/.local/lib/python3.12/site-packages/airflow/example_dags/example_latest_only.py
[2025-05-02T01:19:46.986+0000] {logging_mixin.py:190} INFO - [2025-05-02T01:19:46.986+0000] {dag.py:3239} INFO - Sync 1 DAGs
[2025-05-02T01:19:47.009+0000] {logging_mixin.py:190} INFO - [2025-05-02T01:19:47.009+0000] {dag.py:4180} INFO - Setting next_dagrun for latest_only to 2025-05-01 20:00:00+00:00, run_after=2025-05-02 00:00:00+00:00
[2025-05-02T01:19:47.029+0000] {processor.py:208} INFO - Processing /home/airflow/.local/lib/python3.12/site-packages/airflow/example_dags/example_latest_only.py took 0.078 seconds
[2025-05-02T01:20:19.033+0000] {processor.py:186} INFO - Started process (PID=499) to work on /home/airflow/.local/lib/python3.12/site-packages/airflow/example_dags/example_latest_only.py
[2025-05-02T01:20:19.035+0000] {processor.py:914} INFO - Processing file /home/airflow/.local/lib/python3.12/site-packages/airflow/example_dags/example_latest_only.py for tasks to queue
[2025-05-02T01:20:19.037+0000] {logging_mixin.py:190} INFO - [2025-05-02T01:20:19.037+0000] {dagbag.py:588} INFO - Filling up the DagBag from /home/airflow/.local/lib/python3.12/site-packages/airflow/example_dags/example_latest_only.py
[2025-05-02T01:20:19.047+0000] {processor.py:925} INFO - DAG(s) 'latest_only' retrieved from /home/airflow/.local/lib/python3.12/site-packages/airflow/example_dags/example_latest_only.py
[2025-05-02T01:20:19.069+0000] {logging_mixin.py:190} INFO - [2025-05-02T01:20:19.069+0000] {dag.py:3239} INFO - Sync 1 DAGs
[2025-05-02T01:20:19.100+0000] {logging_mixin.py:190} INFO - [2025-05-02T01:20:19.099+0000] {dag.py:4180} INFO - Setting next_dagrun for latest_only to 2025-05-01 20:00:00+00:00, run_after=2025-05-02 00:00:00+00:00
[2025-05-02T01:20:19.120+0000] {processor.py:208} INFO - Processing /home/airflow/.local/lib/python3.12/site-packages/airflow/example_dags/example_latest_only.py took 0.094 seconds
[2025-05-02T01:20:50.704+0000] {processor.py:186} INFO - Started process (PID=563) to work on /home/airflow/.local/lib/python3.12/site-packages/airflow/example_dags/example_latest_only.py
[2025-05-02T01:20:50.705+0000] {processor.py:914} INFO - Processing file /home/airflow/.local/lib/python3.12/site-packages/airflow/example_dags/example_latest_only.py for tasks to queue
[2025-05-02T01:20:50.708+0000] {logging_mixin.py:190} INFO - [2025-05-02T01:20:50.708+0000] {dagbag.py:588} INFO - Filling up the DagBag from /home/airflow/.local/lib/python3.12/site-packages/airflow/example_dags/example_latest_only.py
[2025-05-02T01:20:50.716+0000] {processor.py:925} INFO - DAG(s) 'latest_only' retrieved from /home/airflow/.local/lib/python3.12/site-packages/airflow/example_dags/example_latest_only.py
[2025-05-02T01:20:50.739+0000] {logging_mixin.py:190} INFO - [2025-05-02T01:20:50.739+0000] {dag.py:3239} INFO - Sync 1 DAGs
[2025-05-02T01:20:50.767+0000] {logging_mixin.py:190} INFO - [2025-05-02T01:20:50.767+0000] {dag.py:4180} INFO - Setting next_dagrun for latest_only to 2025-05-01 20:00:00+00:00, run_after=2025-05-02 00:00:00+00:00
[2025-05-02T01:20:50.791+0000] {processor.py:208} INFO - Processing /home/airflow/.local/lib/python3.12/site-packages/airflow/example_dags/example_latest_only.py took 0.094 seconds
[2025-05-02T01:21:22.771+0000] {processor.py:186} INFO - Started process (PID=626) to work on /home/airflow/.local/lib/python3.12/site-packages/airflow/example_dags/example_latest_only.py
[2025-05-02T01:21:22.772+0000] {processor.py:914} INFO - Processing file /home/airflow/.local/lib/python3.12/site-packages/airflow/example_dags/example_latest_only.py for tasks to queue
[2025-05-02T01:21:22.774+0000] {logging_mixin.py:190} INFO - [2025-05-02T01:21:22.774+0000] {dagbag.py:588} INFO - Filling up the DagBag from /home/airflow/.local/lib/python3.12/site-packages/airflow/example_dags/example_latest_only.py
[2025-05-02T01:21:22.782+0000] {processor.py:925} INFO - DAG(s) 'latest_only' retrieved from /home/airflow/.local/lib/python3.12/site-packages/airflow/example_dags/example_latest_only.py
[2025-05-02T01:21:22.804+0000] {logging_mixin.py:190} INFO - [2025-05-02T01:21:22.803+0000] {dag.py:3239} INFO - Sync 1 DAGs
[2025-05-02T01:21:22.829+0000] {logging_mixin.py:190} INFO - [2025-05-02T01:21:22.829+0000] {dag.py:4180} INFO - Setting next_dagrun for latest_only to 2025-05-01 20:00:00+00:00, run_after=2025-05-02 00:00:00+00:00
[2025-05-02T01:21:22.853+0000] {processor.py:208} INFO - Processing /home/airflow/.local/lib/python3.12/site-packages/airflow/example_dags/example_latest_only.py took 0.090 seconds
[2025-05-02T01:21:54.466+0000] {processor.py:186} INFO - Started process (PID=689) to work on /home/airflow/.local/lib/python3.12/site-packages/airflow/example_dags/example_latest_only.py
[2025-05-02T01:21:54.468+0000] {processor.py:914} INFO - Processing file /home/airflow/.local/lib/python3.12/site-packages/airflow/example_dags/example_latest_only.py for tasks to queue
[2025-05-02T01:21:54.471+0000] {logging_mixin.py:190} INFO - [2025-05-02T01:21:54.470+0000] {dagbag.py:588} INFO - Filling up the DagBag from /home/airflow/.local/lib/python3.12/site-packages/airflow/example_dags/example_latest_only.py
[2025-05-02T01:21:54.482+0000] {processor.py:925} INFO - DAG(s) 'latest_only' retrieved from /home/airflow/.local/lib/python3.12/site-packages/airflow/example_dags/example_latest_only.py
[2025-05-02T01:21:54.523+0000] {logging_mixin.py:190} INFO - [2025-05-02T01:21:54.523+0000] {dag.py:3239} INFO - Sync 1 DAGs
[2025-05-02T01:21:54.558+0000] {logging_mixin.py:190} INFO - [2025-05-02T01:21:54.557+0000] {dag.py:4180} INFO - Setting next_dagrun for latest_only to 2025-05-01 20:00:00+00:00, run_after=2025-05-02 00:00:00+00:00
[2025-05-02T01:21:54.612+0000] {processor.py:208} INFO - Processing /home/airflow/.local/lib/python3.12/site-packages/airflow/example_dags/example_latest_only.py took 0.155 seconds
[2025-05-02T01:22:25.423+0000] {processor.py:186} INFO - Started process (PID=752) to work on /home/airflow/.local/lib/python3.12/site-packages/airflow/example_dags/example_latest_only.py
[2025-05-02T01:22:25.424+0000] {processor.py:914} INFO - Processing file /home/airflow/.local/lib/python3.12/site-packages/airflow/example_dags/example_latest_only.py for tasks to queue
[2025-05-02T01:22:25.426+0000] {logging_mixin.py:190} INFO - [2025-05-02T01:22:25.425+0000] {dagbag.py:588} INFO - Filling up the DagBag from /home/airflow/.local/lib/python3.12/site-packages/airflow/example_dags/example_latest_only.py
[2025-05-02T01:22:25.433+0000] {processor.py:925} INFO - DAG(s) 'latest_only' retrieved from /home/airflow/.local/lib/python3.12/site-packages/airflow/example_dags/example_latest_only.py
[2025-05-02T01:22:25.457+0000] {logging_mixin.py:190} INFO - [2025-05-02T01:22:25.456+0000] {dag.py:3239} INFO - Sync 1 DAGs
[2025-05-02T01:22:25.481+0000] {logging_mixin.py:190} INFO - [2025-05-02T01:22:25.481+0000] {dag.py:4180} INFO - Setting next_dagrun for latest_only to 2025-05-01 20:00:00+00:00, run_after=2025-05-02 00:00:00+00:00
[2025-05-02T01:22:25.500+0000] {processor.py:208} INFO - Processing /home/airflow/.local/lib/python3.12/site-packages/airflow/example_dags/example_latest_only.py took 0.083 seconds
[2025-05-02T01:22:57.273+0000] {processor.py:186} INFO - Started process (PID=815) to work on /home/airflow/.local/lib/python3.12/site-packages/airflow/example_dags/example_latest_only.py
[2025-05-02T01:22:57.274+0000] {processor.py:914} INFO - Processing file /home/airflow/.local/lib/python3.12/site-packages/airflow/example_dags/example_latest_only.py for tasks to queue
[2025-05-02T01:22:57.277+0000] {logging_mixin.py:190} INFO - [2025-05-02T01:22:57.277+0000] {dagbag.py:588} INFO - Filling up the DagBag from /home/airflow/.local/lib/python3.12/site-packages/airflow/example_dags/example_latest_only.py
[2025-05-02T01:22:57.284+0000] {processor.py:925} INFO - DAG(s) 'latest_only' retrieved from /home/airflow/.local/lib/python3.12/site-packages/airflow/example_dags/example_latest_only.py
[2025-05-02T01:22:57.307+0000] {logging_mixin.py:190} INFO - [2025-05-02T01:22:57.307+0000] {dag.py:3239} INFO - Sync 1 DAGs
[2025-05-02T01:22:57.332+0000] {logging_mixin.py:190} INFO - [2025-05-02T01:22:57.331+0000] {dag.py:4180} INFO - Setting next_dagrun for latest_only to 2025-05-01 20:00:00+00:00, run_after=2025-05-02 00:00:00+00:00
[2025-05-02T01:22:57.356+0000] {processor.py:208} INFO - Processing /home/airflow/.local/lib/python3.12/site-packages/airflow/example_dags/example_latest_only.py took 0.089 seconds
[2025-05-02T01:23:28.132+0000] {processor.py:186} INFO - Started process (PID=878) to work on /home/airflow/.local/lib/python3.12/site-packages/airflow/example_dags/example_latest_only.py
[2025-05-02T01:23:28.133+0000] {processor.py:914} INFO - Processing file /home/airflow/.local/lib/python3.12/site-packages/airflow/example_dags/example_latest_only.py for tasks to queue
[2025-05-02T01:23:28.135+0000] {logging_mixin.py:190} INFO - [2025-05-02T01:23:28.135+0000] {dagbag.py:588} INFO - Filling up the DagBag from /home/airflow/.local/lib/python3.12/site-packages/airflow/example_dags/example_latest_only.py
[2025-05-02T01:23:28.142+0000] {processor.py:925} INFO - DAG(s) 'latest_only' retrieved from /home/airflow/.local/lib/python3.12/site-packages/airflow/example_dags/example_latest_only.py
[2025-05-02T01:23:28.160+0000] {logging_mixin.py:190} INFO - [2025-05-02T01:23:28.160+0000] {dag.py:3239} INFO - Sync 1 DAGs
[2025-05-02T01:23:28.183+0000] {logging_mixin.py:190} INFO - [2025-05-02T01:23:28.183+0000] {dag.py:4180} INFO - Setting next_dagrun for latest_only to 2025-05-01 20:00:00+00:00, run_after=2025-05-02 00:00:00+00:00
[2025-05-02T01:23:28.199+0000] {processor.py:208} INFO - Processing /home/airflow/.local/lib/python3.12/site-packages/airflow/example_dags/example_latest_only.py took 0.073 seconds
[2025-05-02T01:23:59.443+0000] {processor.py:186} INFO - Started process (PID=941) to work on /home/airflow/.local/lib/python3.12/site-packages/airflow/example_dags/example_latest_only.py
[2025-05-02T01:23:59.444+0000] {processor.py:914} INFO - Processing file /home/airflow/.local/lib/python3.12/site-packages/airflow/example_dags/example_latest_only.py for tasks to queue
[2025-05-02T01:23:59.447+0000] {logging_mixin.py:190} INFO - [2025-05-02T01:23:59.446+0000] {dagbag.py:588} INFO - Filling up the DagBag from /home/airflow/.local/lib/python3.12/site-packages/airflow/example_dags/example_latest_only.py
[2025-05-02T01:23:59.456+0000] {processor.py:925} INFO - DAG(s) 'latest_only' retrieved from /home/airflow/.local/lib/python3.12/site-packages/airflow/example_dags/example_latest_only.py
[2025-05-02T01:23:59.479+0000] {logging_mixin.py:190} INFO - [2025-05-02T01:23:59.479+0000] {dag.py:3239} INFO - Sync 1 DAGs
[2025-05-02T01:23:59.510+0000] {logging_mixin.py:190} INFO - [2025-05-02T01:23:59.509+0000] {dag.py:4180} INFO - Setting next_dagrun for latest_only to 2025-05-01 20:00:00+00:00, run_after=2025-05-02 00:00:00+00:00
[2025-05-02T01:23:59.535+0000] {processor.py:208} INFO - Processing /home/airflow/.local/lib/python3.12/site-packages/airflow/example_dags/example_latest_only.py took 0.100 seconds
[2025-05-02T01:24:32.490+0000] {processor.py:186} INFO - Started process (PID=1003) to work on /home/airflow/.local/lib/python3.12/site-packages/airflow/example_dags/example_latest_only.py
[2025-05-02T01:24:32.495+0000] {processor.py:914} INFO - Processing file /home/airflow/.local/lib/python3.12/site-packages/airflow/example_dags/example_latest_only.py for tasks to queue
[2025-05-02T01:24:32.505+0000] {logging_mixin.py:190} INFO - [2025-05-02T01:24:32.503+0000] {dagbag.py:588} INFO - Filling up the DagBag from /home/airflow/.local/lib/python3.12/site-packages/airflow/example_dags/example_latest_only.py
[2025-05-02T01:24:32.534+0000] {processor.py:925} INFO - DAG(s) 'latest_only' retrieved from /home/airflow/.local/lib/python3.12/site-packages/airflow/example_dags/example_latest_only.py
[2025-05-02T01:24:32.608+0000] {logging_mixin.py:190} INFO - [2025-05-02T01:24:32.607+0000] {dag.py:3239} INFO - Sync 1 DAGs
[2025-05-02T01:24:32.654+0000] {logging_mixin.py:190} INFO - [2025-05-02T01:24:32.653+0000] {dag.py:4180} INFO - Setting next_dagrun for latest_only to 2025-05-01 20:00:00+00:00, run_after=2025-05-02 00:00:00+00:00
[2025-05-02T01:24:32.681+0000] {processor.py:208} INFO - Processing /home/airflow/.local/lib/python3.12/site-packages/airflow/example_dags/example_latest_only.py took 0.213 seconds
[2025-05-02T01:25:05.183+0000] {processor.py:186} INFO - Started process (PID=1073) to work on /home/airflow/.local/lib/python3.12/site-packages/airflow/example_dags/example_latest_only.py
[2025-05-02T01:25:05.185+0000] {processor.py:914} INFO - Processing file /home/airflow/.local/lib/python3.12/site-packages/airflow/example_dags/example_latest_only.py for tasks to queue
[2025-05-02T01:25:05.187+0000] {logging_mixin.py:190} INFO - [2025-05-02T01:25:05.187+0000] {dagbag.py:588} INFO - Filling up the DagBag from /home/airflow/.local/lib/python3.12/site-packages/airflow/example_dags/example_latest_only.py
[2025-05-02T01:25:05.196+0000] {processor.py:925} INFO - DAG(s) 'latest_only' retrieved from /home/airflow/.local/lib/python3.12/site-packages/airflow/example_dags/example_latest_only.py
[2025-05-02T01:25:05.238+0000] {logging_mixin.py:190} INFO - [2025-05-02T01:25:05.237+0000] {dag.py:3239} INFO - Sync 1 DAGs
[2025-05-02T01:25:05.268+0000] {logging_mixin.py:190} INFO - [2025-05-02T01:25:05.267+0000] {dag.py:4180} INFO - Setting next_dagrun for latest_only to 2025-05-01 20:00:00+00:00, run_after=2025-05-02 00:00:00+00:00
[2025-05-02T01:25:05.297+0000] {processor.py:208} INFO - Processing /home/airflow/.local/lib/python3.12/site-packages/airflow/example_dags/example_latest_only.py took 0.120 seconds
[2025-05-02T01:25:36.732+0000] {processor.py:186} INFO - Started process (PID=1136) to work on /home/airflow/.local/lib/python3.12/site-packages/airflow/example_dags/example_latest_only.py
[2025-05-02T01:25:36.734+0000] {processor.py:914} INFO - Processing file /home/airflow/.local/lib/python3.12/site-packages/airflow/example_dags/example_latest_only.py for tasks to queue
[2025-05-02T01:25:36.736+0000] {logging_mixin.py:190} INFO - [2025-05-02T01:25:36.736+0000] {dagbag.py:588} INFO - Filling up the DagBag from /home/airflow/.local/lib/python3.12/site-packages/airflow/example_dags/example_latest_only.py
[2025-05-02T01:25:36.746+0000] {processor.py:925} INFO - DAG(s) 'latest_only' retrieved from /home/airflow/.local/lib/python3.12/site-packages/airflow/example_dags/example_latest_only.py
[2025-05-02T01:25:36.777+0000] {logging_mixin.py:190} INFO - [2025-05-02T01:25:36.776+0000] {dag.py:3239} INFO - Sync 1 DAGs
[2025-05-02T01:25:36.822+0000] {logging_mixin.py:190} INFO - [2025-05-02T01:25:36.822+0000] {dag.py:4180} INFO - Setting next_dagrun for latest_only to 2025-05-01 20:00:00+00:00, run_after=2025-05-02 00:00:00+00:00
[2025-05-02T01:25:36.850+0000] {processor.py:208} INFO - Processing /home/airflow/.local/lib/python3.12/site-packages/airflow/example_dags/example_latest_only.py took 0.126 seconds
[2025-05-02T01:26:07.327+0000] {processor.py:186} INFO - Started process (PID=1200) to work on /home/airflow/.local/lib/python3.12/site-packages/airflow/example_dags/example_latest_only.py
[2025-05-02T01:26:07.329+0000] {processor.py:914} INFO - Processing file /home/airflow/.local/lib/python3.12/site-packages/airflow/example_dags/example_latest_only.py for tasks to queue
[2025-05-02T01:26:07.332+0000] {logging_mixin.py:190} INFO - [2025-05-02T01:26:07.331+0000] {dagbag.py:588} INFO - Filling up the DagBag from /home/airflow/.local/lib/python3.12/site-packages/airflow/example_dags/example_latest_only.py
[2025-05-02T01:26:07.340+0000] {processor.py:925} INFO - DAG(s) 'latest_only' retrieved from /home/airflow/.local/lib/python3.12/site-packages/airflow/example_dags/example_latest_only.py
[2025-05-02T01:26:07.364+0000] {logging_mixin.py:190} INFO - [2025-05-02T01:26:07.364+0000] {dag.py:3239} INFO - Sync 1 DAGs
[2025-05-02T01:26:07.393+0000] {logging_mixin.py:190} INFO - [2025-05-02T01:26:07.393+0000] {dag.py:4180} INFO - Setting next_dagrun for latest_only to 2025-05-01 20:00:00+00:00, run_after=2025-05-02 00:00:00+00:00
[2025-05-02T01:26:07.415+0000] {processor.py:208} INFO - Processing /home/airflow/.local/lib/python3.12/site-packages/airflow/example_dags/example_latest_only.py took 0.095 seconds
[2025-05-02T01:26:37.619+0000] {processor.py:186} INFO - Started process (PID=1262) to work on /home/airflow/.local/lib/python3.12/site-packages/airflow/example_dags/example_latest_only.py
[2025-05-02T01:26:37.628+0000] {processor.py:914} INFO - Processing file /home/airflow/.local/lib/python3.12/site-packages/airflow/example_dags/example_latest_only.py for tasks to queue
[2025-05-02T01:26:37.630+0000] {logging_mixin.py:190} INFO - [2025-05-02T01:26:37.630+0000] {dagbag.py:588} INFO - Filling up the DagBag from /home/airflow/.local/lib/python3.12/site-packages/airflow/example_dags/example_latest_only.py
[2025-05-02T01:26:37.638+0000] {processor.py:925} INFO - DAG(s) 'latest_only' retrieved from /home/airflow/.local/lib/python3.12/site-packages/airflow/example_dags/example_latest_only.py
[2025-05-02T01:26:37.664+0000] {logging_mixin.py:190} INFO - [2025-05-02T01:26:37.663+0000] {dag.py:3239} INFO - Sync 1 DAGs
[2025-05-02T01:26:37.695+0000] {logging_mixin.py:190} INFO - [2025-05-02T01:26:37.695+0000] {dag.py:4180} INFO - Setting next_dagrun for latest_only to 2025-05-01 20:00:00+00:00, run_after=2025-05-02 00:00:00+00:00
[2025-05-02T01:26:37.721+0000] {processor.py:208} INFO - Processing /home/airflow/.local/lib/python3.12/site-packages/airflow/example_dags/example_latest_only.py took 0.108 seconds
[2025-05-02T01:27:08.185+0000] {processor.py:186} INFO - Started process (PID=1325) to work on /home/airflow/.local/lib/python3.12/site-packages/airflow/example_dags/example_latest_only.py
[2025-05-02T01:27:08.186+0000] {processor.py:914} INFO - Processing file /home/airflow/.local/lib/python3.12/site-packages/airflow/example_dags/example_latest_only.py for tasks to queue
[2025-05-02T01:27:08.190+0000] {logging_mixin.py:190} INFO - [2025-05-02T01:27:08.189+0000] {dagbag.py:588} INFO - Filling up the DagBag from /home/airflow/.local/lib/python3.12/site-packages/airflow/example_dags/example_latest_only.py
[2025-05-02T01:27:08.198+0000] {processor.py:925} INFO - DAG(s) 'latest_only' retrieved from /home/airflow/.local/lib/python3.12/site-packages/airflow/example_dags/example_latest_only.py
[2025-05-02T01:27:08.220+0000] {logging_mixin.py:190} INFO - [2025-05-02T01:27:08.220+0000] {dag.py:3239} INFO - Sync 1 DAGs
[2025-05-02T01:27:08.248+0000] {logging_mixin.py:190} INFO - [2025-05-02T01:27:08.248+0000] {dag.py:4180} INFO - Setting next_dagrun for latest_only to 2025-05-01 20:00:00+00:00, run_after=2025-05-02 00:00:00+00:00
[2025-05-02T01:27:08.271+0000] {processor.py:208} INFO - Processing /home/airflow/.local/lib/python3.12/site-packages/airflow/example_dags/example_latest_only.py took 0.092 seconds
[2025-05-02T01:27:39.955+0000] {processor.py:186} INFO - Started process (PID=1388) to work on /home/airflow/.local/lib/python3.12/site-packages/airflow/example_dags/example_latest_only.py
[2025-05-02T01:27:39.956+0000] {processor.py:914} INFO - Processing file /home/airflow/.local/lib/python3.12/site-packages/airflow/example_dags/example_latest_only.py for tasks to queue
[2025-05-02T01:27:39.959+0000] {logging_mixin.py:190} INFO - [2025-05-02T01:27:39.958+0000] {dagbag.py:588} INFO - Filling up the DagBag from /home/airflow/.local/lib/python3.12/site-packages/airflow/example_dags/example_latest_only.py
[2025-05-02T01:27:39.967+0000] {processor.py:925} INFO - DAG(s) 'latest_only' retrieved from /home/airflow/.local/lib/python3.12/site-packages/airflow/example_dags/example_latest_only.py
[2025-05-02T01:27:39.992+0000] {logging_mixin.py:190} INFO - [2025-05-02T01:27:39.991+0000] {dag.py:3239} INFO - Sync 1 DAGs
[2025-05-02T01:27:40.020+0000] {logging_mixin.py:190} INFO - [2025-05-02T01:27:40.020+0000] {dag.py:4180} INFO - Setting next_dagrun for latest_only to 2025-05-01 20:00:00+00:00, run_after=2025-05-02 00:00:00+00:00
[2025-05-02T01:27:40.044+0000] {processor.py:208} INFO - Processing /home/airflow/.local/lib/python3.12/site-packages/airflow/example_dags/example_latest_only.py took 0.096 seconds
[2025-05-02T01:28:11.085+0000] {processor.py:186} INFO - Started process (PID=1451) to work on /home/airflow/.local/lib/python3.12/site-packages/airflow/example_dags/example_latest_only.py
[2025-05-02T01:28:11.087+0000] {processor.py:914} INFO - Processing file /home/airflow/.local/lib/python3.12/site-packages/airflow/example_dags/example_latest_only.py for tasks to queue
[2025-05-02T01:28:11.090+0000] {logging_mixin.py:190} INFO - [2025-05-02T01:28:11.089+0000] {dagbag.py:588} INFO - Filling up the DagBag from /home/airflow/.local/lib/python3.12/site-packages/airflow/example_dags/example_latest_only.py
[2025-05-02T01:28:11.104+0000] {processor.py:925} INFO - DAG(s) 'latest_only' retrieved from /home/airflow/.local/lib/python3.12/site-packages/airflow/example_dags/example_latest_only.py
[2025-05-02T01:28:11.207+0000] {logging_mixin.py:190} INFO - [2025-05-02T01:28:11.206+0000] {dag.py:3239} INFO - Sync 1 DAGs
[2025-05-02T01:28:11.256+0000] {logging_mixin.py:190} INFO - [2025-05-02T01:28:11.255+0000] {dag.py:4180} INFO - Setting next_dagrun for latest_only to 2025-05-01 20:00:00+00:00, run_after=2025-05-02 00:00:00+00:00
[2025-05-02T01:28:11.293+0000] {processor.py:208} INFO - Processing /home/airflow/.local/lib/python3.12/site-packages/airflow/example_dags/example_latest_only.py took 0.215 seconds
[2025-05-02T01:28:42.711+0000] {processor.py:186} INFO - Started process (PID=1514) to work on /home/airflow/.local/lib/python3.12/site-packages/airflow/example_dags/example_latest_only.py
[2025-05-02T01:28:42.713+0000] {processor.py:914} INFO - Processing file /home/airflow/.local/lib/python3.12/site-packages/airflow/example_dags/example_latest_only.py for tasks to queue
[2025-05-02T01:28:42.716+0000] {logging_mixin.py:190} INFO - [2025-05-02T01:28:42.716+0000] {dagbag.py:588} INFO - Filling up the DagBag from /home/airflow/.local/lib/python3.12/site-packages/airflow/example_dags/example_latest_only.py
[2025-05-02T01:28:42.728+0000] {processor.py:925} INFO - DAG(s) 'latest_only' retrieved from /home/airflow/.local/lib/python3.12/site-packages/airflow/example_dags/example_latest_only.py
[2025-05-02T01:28:42.751+0000] {logging_mixin.py:190} INFO - [2025-05-02T01:28:42.751+0000] {dag.py:3239} INFO - Sync 1 DAGs
[2025-05-02T01:28:42.789+0000] {logging_mixin.py:190} INFO - [2025-05-02T01:28:42.788+0000] {dag.py:4180} INFO - Setting next_dagrun for latest_only to 2025-05-01 20:00:00+00:00, run_after=2025-05-02 00:00:00+00:00
[2025-05-02T01:28:42.815+0000] {processor.py:208} INFO - Processing /home/airflow/.local/lib/python3.12/site-packages/airflow/example_dags/example_latest_only.py took 0.113 seconds
[2025-05-02T01:29:13.773+0000] {processor.py:186} INFO - Started process (PID=1577) to work on /home/airflow/.local/lib/python3.12/site-packages/airflow/example_dags/example_latest_only.py
[2025-05-02T01:29:13.774+0000] {processor.py:914} INFO - Processing file /home/airflow/.local/lib/python3.12/site-packages/airflow/example_dags/example_latest_only.py for tasks to queue
[2025-05-02T01:29:13.776+0000] {logging_mixin.py:190} INFO - [2025-05-02T01:29:13.776+0000] {dagbag.py:588} INFO - Filling up the DagBag from /home/airflow/.local/lib/python3.12/site-packages/airflow/example_dags/example_latest_only.py
[2025-05-02T01:29:13.783+0000] {processor.py:925} INFO - DAG(s) 'latest_only' retrieved from /home/airflow/.local/lib/python3.12/site-packages/airflow/example_dags/example_latest_only.py
[2025-05-02T01:29:13.802+0000] {logging_mixin.py:190} INFO - [2025-05-02T01:29:13.801+0000] {dag.py:3239} INFO - Sync 1 DAGs
[2025-05-02T01:29:13.825+0000] {logging_mixin.py:190} INFO - [2025-05-02T01:29:13.825+0000] {dag.py:4180} INFO - Setting next_dagrun for latest_only to 2025-05-01 20:00:00+00:00, run_after=2025-05-02 00:00:00+00:00
[2025-05-02T01:29:13.844+0000] {processor.py:208} INFO - Processing /home/airflow/.local/lib/python3.12/site-packages/airflow/example_dags/example_latest_only.py took 0.077 seconds
[2025-05-02T01:29:44.977+0000] {processor.py:186} INFO - Started process (PID=1640) to work on /home/airflow/.local/lib/python3.12/site-packages/airflow/example_dags/example_latest_only.py
[2025-05-02T01:29:44.978+0000] {processor.py:914} INFO - Processing file /home/airflow/.local/lib/python3.12/site-packages/airflow/example_dags/example_latest_only.py for tasks to queue
[2025-05-02T01:29:44.980+0000] {logging_mixin.py:190} INFO - [2025-05-02T01:29:44.980+0000] {dagbag.py:588} INFO - Filling up the DagBag from /home/airflow/.local/lib/python3.12/site-packages/airflow/example_dags/example_latest_only.py
[2025-05-02T01:29:44.987+0000] {processor.py:925} INFO - DAG(s) 'latest_only' retrieved from /home/airflow/.local/lib/python3.12/site-packages/airflow/example_dags/example_latest_only.py
[2025-05-02T01:29:45.008+0000] {logging_mixin.py:190} INFO - [2025-05-02T01:29:45.007+0000] {dag.py:3239} INFO - Sync 1 DAGs
[2025-05-02T01:29:45.032+0000] {logging_mixin.py:190} INFO - [2025-05-02T01:29:45.032+0000] {dag.py:4180} INFO - Setting next_dagrun for latest_only to 2025-05-01 20:00:00+00:00, run_after=2025-05-02 00:00:00+00:00
[2025-05-02T01:29:45.049+0000] {processor.py:208} INFO - Processing /home/airflow/.local/lib/python3.12/site-packages/airflow/example_dags/example_latest_only.py took 0.079 seconds
[2025-05-02T01:30:15.378+0000] {processor.py:186} INFO - Started process (PID=1704) to work on /home/airflow/.local/lib/python3.12/site-packages/airflow/example_dags/example_latest_only.py
[2025-05-02T01:30:15.379+0000] {processor.py:914} INFO - Processing file /home/airflow/.local/lib/python3.12/site-packages/airflow/example_dags/example_latest_only.py for tasks to queue
[2025-05-02T01:30:15.380+0000] {logging_mixin.py:190} INFO - [2025-05-02T01:30:15.380+0000] {dagbag.py:588} INFO - Filling up the DagBag from /home/airflow/.local/lib/python3.12/site-packages/airflow/example_dags/example_latest_only.py
[2025-05-02T01:30:15.388+0000] {processor.py:925} INFO - DAG(s) 'latest_only' retrieved from /home/airflow/.local/lib/python3.12/site-packages/airflow/example_dags/example_latest_only.py
[2025-05-02T01:30:15.405+0000] {logging_mixin.py:190} INFO - [2025-05-02T01:30:15.405+0000] {dag.py:3239} INFO - Sync 1 DAGs
[2025-05-02T01:30:15.427+0000] {logging_mixin.py:190} INFO - [2025-05-02T01:30:15.427+0000] {dag.py:4180} INFO - Setting next_dagrun for latest_only to 2025-05-01 20:00:00+00:00, run_after=2025-05-02 00:00:00+00:00
[2025-05-02T01:30:15.443+0000] {processor.py:208} INFO - Processing /home/airflow/.local/lib/python3.12/site-packages/airflow/example_dags/example_latest_only.py took 0.070 seconds
[2025-05-02T01:30:47.751+0000] {processor.py:186} INFO - Started process (PID=1767) to work on /home/airflow/.local/lib/python3.12/site-packages/airflow/example_dags/example_latest_only.py
[2025-05-02T01:30:47.753+0000] {processor.py:914} INFO - Processing file /home/airflow/.local/lib/python3.12/site-packages/airflow/example_dags/example_latest_only.py for tasks to queue
[2025-05-02T01:30:47.755+0000] {logging_mixin.py:190} INFO - [2025-05-02T01:30:47.755+0000] {dagbag.py:588} INFO - Filling up the DagBag from /home/airflow/.local/lib/python3.12/site-packages/airflow/example_dags/example_latest_only.py
[2025-05-02T01:30:47.763+0000] {processor.py:925} INFO - DAG(s) 'latest_only' retrieved from /home/airflow/.local/lib/python3.12/site-packages/airflow/example_dags/example_latest_only.py
[2025-05-02T01:30:47.787+0000] {logging_mixin.py:190} INFO - [2025-05-02T01:30:47.786+0000] {dag.py:3239} INFO - Sync 1 DAGs
[2025-05-02T01:30:47.813+0000] {logging_mixin.py:190} INFO - [2025-05-02T01:30:47.813+0000] {dag.py:4180} INFO - Setting next_dagrun for latest_only to 2025-05-01 20:00:00+00:00, run_after=2025-05-02 00:00:00+00:00
[2025-05-02T01:30:47.836+0000] {processor.py:208} INFO - Processing /home/airflow/.local/lib/python3.12/site-packages/airflow/example_dags/example_latest_only.py took 0.093 seconds
[2025-05-02T01:31:18.956+0000] {processor.py:186} INFO - Started process (PID=1830) to work on /home/airflow/.local/lib/python3.12/site-packages/airflow/example_dags/example_latest_only.py
[2025-05-02T01:31:18.960+0000] {processor.py:914} INFO - Processing file /home/airflow/.local/lib/python3.12/site-packages/airflow/example_dags/example_latest_only.py for tasks to queue
[2025-05-02T01:31:18.963+0000] {logging_mixin.py:190} INFO - [2025-05-02T01:31:18.962+0000] {dagbag.py:588} INFO - Filling up the DagBag from /home/airflow/.local/lib/python3.12/site-packages/airflow/example_dags/example_latest_only.py
[2025-05-02T01:31:18.973+0000] {processor.py:925} INFO - DAG(s) 'latest_only' retrieved from /home/airflow/.local/lib/python3.12/site-packages/airflow/example_dags/example_latest_only.py
[2025-05-02T01:31:19.008+0000] {logging_mixin.py:190} INFO - [2025-05-02T01:31:19.008+0000] {dag.py:3239} INFO - Sync 1 DAGs
[2025-05-02T01:31:19.036+0000] {logging_mixin.py:190} INFO - [2025-05-02T01:31:19.036+0000] {dag.py:4180} INFO - Setting next_dagrun for latest_only to 2025-05-01 20:00:00+00:00, run_after=2025-05-02 00:00:00+00:00
[2025-05-02T01:31:19.057+0000] {processor.py:208} INFO - Processing /home/airflow/.local/lib/python3.12/site-packages/airflow/example_dags/example_latest_only.py took 0.108 seconds
[2025-05-02T01:31:51.923+0000] {processor.py:186} INFO - Started process (PID=1900) to work on /home/airflow/.local/lib/python3.12/site-packages/airflow/example_dags/example_latest_only.py
[2025-05-02T01:31:51.930+0000] {processor.py:914} INFO - Processing file /home/airflow/.local/lib/python3.12/site-packages/airflow/example_dags/example_latest_only.py for tasks to queue
[2025-05-02T01:31:51.940+0000] {logging_mixin.py:190} INFO - [2025-05-02T01:31:51.939+0000] {dagbag.py:588} INFO - Filling up the DagBag from /home/airflow/.local/lib/python3.12/site-packages/airflow/example_dags/example_latest_only.py
[2025-05-02T01:31:51.997+0000] {processor.py:925} INFO - DAG(s) 'latest_only' retrieved from /home/airflow/.local/lib/python3.12/site-packages/airflow/example_dags/example_latest_only.py
[2025-05-02T01:31:52.067+0000] {logging_mixin.py:190} INFO - [2025-05-02T01:31:52.067+0000] {dag.py:3239} INFO - Sync 1 DAGs
[2025-05-02T01:31:52.135+0000] {logging_mixin.py:190} INFO - [2025-05-02T01:31:52.135+0000] {dag.py:4180} INFO - Setting next_dagrun for latest_only to 2025-05-01 20:00:00+00:00, run_after=2025-05-02 00:00:00+00:00
[2025-05-02T01:31:52.169+0000] {processor.py:208} INFO - Processing /home/airflow/.local/lib/python3.12/site-packages/airflow/example_dags/example_latest_only.py took 0.256 seconds
[2025-05-02T01:32:22.963+0000] {processor.py:186} INFO - Started process (PID=1962) to work on /home/airflow/.local/lib/python3.12/site-packages/airflow/example_dags/example_latest_only.py
[2025-05-02T01:32:22.966+0000] {processor.py:914} INFO - Processing file /home/airflow/.local/lib/python3.12/site-packages/airflow/example_dags/example_latest_only.py for tasks to queue
[2025-05-02T01:32:22.969+0000] {logging_mixin.py:190} INFO - [2025-05-02T01:32:22.969+0000] {dagbag.py:588} INFO - Filling up the DagBag from /home/airflow/.local/lib/python3.12/site-packages/airflow/example_dags/example_latest_only.py
[2025-05-02T01:32:22.980+0000] {processor.py:925} INFO - DAG(s) 'latest_only' retrieved from /home/airflow/.local/lib/python3.12/site-packages/airflow/example_dags/example_latest_only.py
[2025-05-02T01:32:23.006+0000] {logging_mixin.py:190} INFO - [2025-05-02T01:32:23.006+0000] {dag.py:3239} INFO - Sync 1 DAGs
[2025-05-02T01:32:23.039+0000] {logging_mixin.py:190} INFO - [2025-05-02T01:32:23.039+0000] {dag.py:4180} INFO - Setting next_dagrun for latest_only to 2025-05-01 20:00:00+00:00, run_after=2025-05-02 00:00:00+00:00
[2025-05-02T01:32:23.064+0000] {processor.py:208} INFO - Processing /home/airflow/.local/lib/python3.12/site-packages/airflow/example_dags/example_latest_only.py took 0.111 seconds
[2025-05-02T01:32:55.053+0000] {processor.py:186} INFO - Started process (PID=2025) to work on /home/airflow/.local/lib/python3.12/site-packages/airflow/example_dags/example_latest_only.py
[2025-05-02T01:32:55.055+0000] {processor.py:914} INFO - Processing file /home/airflow/.local/lib/python3.12/site-packages/airflow/example_dags/example_latest_only.py for tasks to queue
[2025-05-02T01:32:55.057+0000] {logging_mixin.py:190} INFO - [2025-05-02T01:32:55.057+0000] {dagbag.py:588} INFO - Filling up the DagBag from /home/airflow/.local/lib/python3.12/site-packages/airflow/example_dags/example_latest_only.py
[2025-05-02T01:32:55.066+0000] {processor.py:925} INFO - DAG(s) 'latest_only' retrieved from /home/airflow/.local/lib/python3.12/site-packages/airflow/example_dags/example_latest_only.py
[2025-05-02T01:32:55.094+0000] {logging_mixin.py:190} INFO - [2025-05-02T01:32:55.093+0000] {dag.py:3239} INFO - Sync 1 DAGs
[2025-05-02T01:32:55.123+0000] {logging_mixin.py:190} INFO - [2025-05-02T01:32:55.123+0000] {dag.py:4180} INFO - Setting next_dagrun for latest_only to 2025-05-01 20:00:00+00:00, run_after=2025-05-02 00:00:00+00:00
[2025-05-02T01:32:55.149+0000] {processor.py:208} INFO - Processing /home/airflow/.local/lib/python3.12/site-packages/airflow/example_dags/example_latest_only.py took 0.103 seconds
[2025-05-02T01:33:26.271+0000] {processor.py:186} INFO - Started process (PID=2088) to work on /home/airflow/.local/lib/python3.12/site-packages/airflow/example_dags/example_latest_only.py
[2025-05-02T01:33:26.274+0000] {processor.py:914} INFO - Processing file /home/airflow/.local/lib/python3.12/site-packages/airflow/example_dags/example_latest_only.py for tasks to queue
[2025-05-02T01:33:26.279+0000] {logging_mixin.py:190} INFO - [2025-05-02T01:33:26.279+0000] {dagbag.py:588} INFO - Filling up the DagBag from /home/airflow/.local/lib/python3.12/site-packages/airflow/example_dags/example_latest_only.py
[2025-05-02T01:33:26.291+0000] {processor.py:925} INFO - DAG(s) 'latest_only' retrieved from /home/airflow/.local/lib/python3.12/site-packages/airflow/example_dags/example_latest_only.py
[2025-05-02T01:33:26.326+0000] {logging_mixin.py:190} INFO - [2025-05-02T01:33:26.326+0000] {dag.py:3239} INFO - Sync 1 DAGs
[2025-05-02T01:33:26.367+0000] {logging_mixin.py:190} INFO - [2025-05-02T01:33:26.367+0000] {dag.py:4180} INFO - Setting next_dagrun for latest_only to 2025-05-01 20:00:00+00:00, run_after=2025-05-02 00:00:00+00:00
[2025-05-02T01:33:26.396+0000] {processor.py:208} INFO - Processing /home/airflow/.local/lib/python3.12/site-packages/airflow/example_dags/example_latest_only.py took 0.142 seconds
[2025-05-02T01:33:57.170+0000] {processor.py:186} INFO - Started process (PID=2151) to work on /home/airflow/.local/lib/python3.12/site-packages/airflow/example_dags/example_latest_only.py
[2025-05-02T01:33:57.171+0000] {processor.py:914} INFO - Processing file /home/airflow/.local/lib/python3.12/site-packages/airflow/example_dags/example_latest_only.py for tasks to queue
[2025-05-02T01:33:57.174+0000] {logging_mixin.py:190} INFO - [2025-05-02T01:33:57.174+0000] {dagbag.py:588} INFO - Filling up the DagBag from /home/airflow/.local/lib/python3.12/site-packages/airflow/example_dags/example_latest_only.py
[2025-05-02T01:33:57.183+0000] {processor.py:925} INFO - DAG(s) 'latest_only' retrieved from /home/airflow/.local/lib/python3.12/site-packages/airflow/example_dags/example_latest_only.py
[2025-05-02T01:33:57.210+0000] {logging_mixin.py:190} INFO - [2025-05-02T01:33:57.210+0000] {dag.py:3239} INFO - Sync 1 DAGs
[2025-05-02T01:33:57.239+0000] {logging_mixin.py:190} INFO - [2025-05-02T01:33:57.239+0000] {dag.py:4180} INFO - Setting next_dagrun for latest_only to 2025-05-01 20:00:00+00:00, run_after=2025-05-02 00:00:00+00:00
[2025-05-02T01:33:57.266+0000] {processor.py:208} INFO - Processing /home/airflow/.local/lib/python3.12/site-packages/airflow/example_dags/example_latest_only.py took 0.104 seconds
[2025-05-02T01:34:27.831+0000] {processor.py:186} INFO - Started process (PID=2213) to work on /home/airflow/.local/lib/python3.12/site-packages/airflow/example_dags/example_latest_only.py
[2025-05-02T01:34:27.834+0000] {processor.py:914} INFO - Processing file /home/airflow/.local/lib/python3.12/site-packages/airflow/example_dags/example_latest_only.py for tasks to queue
[2025-05-02T01:34:27.837+0000] {logging_mixin.py:190} INFO - [2025-05-02T01:34:27.837+0000] {dagbag.py:588} INFO - Filling up the DagBag from /home/airflow/.local/lib/python3.12/site-packages/airflow/example_dags/example_latest_only.py
[2025-05-02T01:34:27.852+0000] {processor.py:925} INFO - DAG(s) 'latest_only' retrieved from /home/airflow/.local/lib/python3.12/site-packages/airflow/example_dags/example_latest_only.py
[2025-05-02T01:34:27.889+0000] {logging_mixin.py:190} INFO - [2025-05-02T01:34:27.889+0000] {dag.py:3239} INFO - Sync 1 DAGs
[2025-05-02T01:34:27.920+0000] {logging_mixin.py:190} INFO - [2025-05-02T01:34:27.920+0000] {dag.py:4180} INFO - Setting next_dagrun for latest_only to 2025-05-01 20:00:00+00:00, run_after=2025-05-02 00:00:00+00:00
[2025-05-02T01:34:27.950+0000] {processor.py:208} INFO - Processing /home/airflow/.local/lib/python3.12/site-packages/airflow/example_dags/example_latest_only.py took 0.130 seconds
[2025-05-02T01:34:58.212+0000] {processor.py:186} INFO - Started process (PID=2277) to work on /home/airflow/.local/lib/python3.12/site-packages/airflow/example_dags/example_latest_only.py
[2025-05-02T01:34:58.214+0000] {processor.py:914} INFO - Processing file /home/airflow/.local/lib/python3.12/site-packages/airflow/example_dags/example_latest_only.py for tasks to queue
[2025-05-02T01:34:58.216+0000] {logging_mixin.py:190} INFO - [2025-05-02T01:34:58.216+0000] {dagbag.py:588} INFO - Filling up the DagBag from /home/airflow/.local/lib/python3.12/site-packages/airflow/example_dags/example_latest_only.py
[2025-05-02T01:34:58.225+0000] {processor.py:925} INFO - DAG(s) 'latest_only' retrieved from /home/airflow/.local/lib/python3.12/site-packages/airflow/example_dags/example_latest_only.py
[2025-05-02T01:34:58.254+0000] {logging_mixin.py:190} INFO - [2025-05-02T01:34:58.253+0000] {dag.py:3239} INFO - Sync 1 DAGs
[2025-05-02T01:34:58.287+0000] {logging_mixin.py:190} INFO - [2025-05-02T01:34:58.286+0000] {dag.py:4180} INFO - Setting next_dagrun for latest_only to 2025-05-01 20:00:00+00:00, run_after=2025-05-02 00:00:00+00:00
[2025-05-02T01:34:58.310+0000] {processor.py:208} INFO - Processing /home/airflow/.local/lib/python3.12/site-packages/airflow/example_dags/example_latest_only.py took 0.105 seconds
[2025-05-02T01:35:30.615+0000] {processor.py:186} INFO - Started process (PID=2344) to work on /home/airflow/.local/lib/python3.12/site-packages/airflow/example_dags/example_latest_only.py
[2025-05-02T01:35:30.617+0000] {processor.py:914} INFO - Processing file /home/airflow/.local/lib/python3.12/site-packages/airflow/example_dags/example_latest_only.py for tasks to queue
[2025-05-02T01:35:30.620+0000] {logging_mixin.py:190} INFO - [2025-05-02T01:35:30.619+0000] {dagbag.py:588} INFO - Filling up the DagBag from /home/airflow/.local/lib/python3.12/site-packages/airflow/example_dags/example_latest_only.py
[2025-05-02T01:35:30.628+0000] {processor.py:925} INFO - DAG(s) 'latest_only' retrieved from /home/airflow/.local/lib/python3.12/site-packages/airflow/example_dags/example_latest_only.py
[2025-05-02T01:35:30.651+0000] {logging_mixin.py:190} INFO - [2025-05-02T01:35:30.651+0000] {dag.py:3239} INFO - Sync 1 DAGs
[2025-05-02T01:35:30.692+0000] {logging_mixin.py:190} INFO - [2025-05-02T01:35:30.691+0000] {dag.py:4180} INFO - Setting next_dagrun for latest_only to 2025-05-01 20:00:00+00:00, run_after=2025-05-02 00:00:00+00:00
[2025-05-02T01:35:30.722+0000] {processor.py:208} INFO - Processing /home/airflow/.local/lib/python3.12/site-packages/airflow/example_dags/example_latest_only.py took 0.113 seconds
[2025-05-02T01:36:04.118+0000] {processor.py:186} INFO - Started process (PID=2412) to work on /home/airflow/.local/lib/python3.12/site-packages/airflow/example_dags/example_latest_only.py
[2025-05-02T01:36:04.119+0000] {processor.py:914} INFO - Processing file /home/airflow/.local/lib/python3.12/site-packages/airflow/example_dags/example_latest_only.py for tasks to queue
[2025-05-02T01:36:04.122+0000] {logging_mixin.py:190} INFO - [2025-05-02T01:36:04.122+0000] {dagbag.py:588} INFO - Filling up the DagBag from /home/airflow/.local/lib/python3.12/site-packages/airflow/example_dags/example_latest_only.py
[2025-05-02T01:36:04.132+0000] {processor.py:925} INFO - DAG(s) 'latest_only' retrieved from /home/airflow/.local/lib/python3.12/site-packages/airflow/example_dags/example_latest_only.py
[2025-05-02T01:36:04.155+0000] {logging_mixin.py:190} INFO - [2025-05-02T01:36:04.155+0000] {dag.py:3239} INFO - Sync 1 DAGs
[2025-05-02T01:36:04.184+0000] {logging_mixin.py:190} INFO - [2025-05-02T01:36:04.183+0000] {dag.py:4180} INFO - Setting next_dagrun for latest_only to 2025-05-01 20:00:00+00:00, run_after=2025-05-02 00:00:00+00:00
[2025-05-02T01:36:04.211+0000] {processor.py:208} INFO - Processing /home/airflow/.local/lib/python3.12/site-packages/airflow/example_dags/example_latest_only.py took 0.100 seconds
[2025-05-02T01:36:34.477+0000] {processor.py:186} INFO - Started process (PID=2475) to work on /home/airflow/.local/lib/python3.12/site-packages/airflow/example_dags/example_latest_only.py
[2025-05-02T01:36:34.478+0000] {processor.py:914} INFO - Processing file /home/airflow/.local/lib/python3.12/site-packages/airflow/example_dags/example_latest_only.py for tasks to queue
[2025-05-02T01:36:34.481+0000] {logging_mixin.py:190} INFO - [2025-05-02T01:36:34.481+0000] {dagbag.py:588} INFO - Filling up the DagBag from /home/airflow/.local/lib/python3.12/site-packages/airflow/example_dags/example_latest_only.py
[2025-05-02T01:36:34.489+0000] {processor.py:925} INFO - DAG(s) 'latest_only' retrieved from /home/airflow/.local/lib/python3.12/site-packages/airflow/example_dags/example_latest_only.py
[2025-05-02T01:36:34.514+0000] {logging_mixin.py:190} INFO - [2025-05-02T01:36:34.513+0000] {dag.py:3239} INFO - Sync 1 DAGs
[2025-05-02T01:36:34.567+0000] {logging_mixin.py:190} INFO - [2025-05-02T01:36:34.567+0000] {dag.py:4180} INFO - Setting next_dagrun for latest_only to 2025-05-01 20:00:00+00:00, run_after=2025-05-02 00:00:00+00:00
[2025-05-02T01:36:34.589+0000] {processor.py:208} INFO - Processing /home/airflow/.local/lib/python3.12/site-packages/airflow/example_dags/example_latest_only.py took 0.120 seconds
[2025-05-02T01:37:05.958+0000] {processor.py:186} INFO - Started process (PID=2538) to work on /home/airflow/.local/lib/python3.12/site-packages/airflow/example_dags/example_latest_only.py
[2025-05-02T01:37:05.959+0000] {processor.py:914} INFO - Processing file /home/airflow/.local/lib/python3.12/site-packages/airflow/example_dags/example_latest_only.py for tasks to queue
[2025-05-02T01:37:05.961+0000] {logging_mixin.py:190} INFO - [2025-05-02T01:37:05.961+0000] {dagbag.py:588} INFO - Filling up the DagBag from /home/airflow/.local/lib/python3.12/site-packages/airflow/example_dags/example_latest_only.py
[2025-05-02T01:37:05.969+0000] {processor.py:925} INFO - DAG(s) 'latest_only' retrieved from /home/airflow/.local/lib/python3.12/site-packages/airflow/example_dags/example_latest_only.py
[2025-05-02T01:37:05.988+0000] {logging_mixin.py:190} INFO - [2025-05-02T01:37:05.988+0000] {dag.py:3239} INFO - Sync 1 DAGs
[2025-05-02T01:37:06.010+0000] {logging_mixin.py:190} INFO - [2025-05-02T01:37:06.010+0000] {dag.py:4180} INFO - Setting next_dagrun for latest_only to 2025-05-01 20:00:00+00:00, run_after=2025-05-02 00:00:00+00:00
[2025-05-02T01:37:06.031+0000] {processor.py:208} INFO - Processing /home/airflow/.local/lib/python3.12/site-packages/airflow/example_dags/example_latest_only.py took 0.078 seconds
[2025-05-02T01:37:37.546+0000] {processor.py:186} INFO - Started process (PID=2601) to work on /home/airflow/.local/lib/python3.12/site-packages/airflow/example_dags/example_latest_only.py
[2025-05-02T01:37:37.548+0000] {processor.py:914} INFO - Processing file /home/airflow/.local/lib/python3.12/site-packages/airflow/example_dags/example_latest_only.py for tasks to queue
[2025-05-02T01:37:37.550+0000] {logging_mixin.py:190} INFO - [2025-05-02T01:37:37.550+0000] {dagbag.py:588} INFO - Filling up the DagBag from /home/airflow/.local/lib/python3.12/site-packages/airflow/example_dags/example_latest_only.py
[2025-05-02T01:37:37.556+0000] {processor.py:925} INFO - DAG(s) 'latest_only' retrieved from /home/airflow/.local/lib/python3.12/site-packages/airflow/example_dags/example_latest_only.py
[2025-05-02T01:37:37.575+0000] {logging_mixin.py:190} INFO - [2025-05-02T01:37:37.575+0000] {dag.py:3239} INFO - Sync 1 DAGs
[2025-05-02T01:37:37.597+0000] {logging_mixin.py:190} INFO - [2025-05-02T01:37:37.597+0000] {dag.py:4180} INFO - Setting next_dagrun for latest_only to 2025-05-01 20:00:00+00:00, run_after=2025-05-02 00:00:00+00:00
[2025-05-02T01:37:37.618+0000] {processor.py:208} INFO - Processing /home/airflow/.local/lib/python3.12/site-packages/airflow/example_dags/example_latest_only.py took 0.077 seconds
[2025-05-02T01:38:08.557+0000] {processor.py:186} INFO - Started process (PID=2664) to work on /home/airflow/.local/lib/python3.12/site-packages/airflow/example_dags/example_latest_only.py
[2025-05-02T01:38:08.558+0000] {processor.py:914} INFO - Processing file /home/airflow/.local/lib/python3.12/site-packages/airflow/example_dags/example_latest_only.py for tasks to queue
[2025-05-02T01:38:08.561+0000] {logging_mixin.py:190} INFO - [2025-05-02T01:38:08.560+0000] {dagbag.py:588} INFO - Filling up the DagBag from /home/airflow/.local/lib/python3.12/site-packages/airflow/example_dags/example_latest_only.py
[2025-05-02T01:38:08.569+0000] {processor.py:925} INFO - DAG(s) 'latest_only' retrieved from /home/airflow/.local/lib/python3.12/site-packages/airflow/example_dags/example_latest_only.py
[2025-05-02T01:38:08.599+0000] {logging_mixin.py:190} INFO - [2025-05-02T01:38:08.599+0000] {dag.py:3239} INFO - Sync 1 DAGs
[2025-05-02T01:38:08.654+0000] {logging_mixin.py:190} INFO - [2025-05-02T01:38:08.654+0000] {dag.py:4180} INFO - Setting next_dagrun for latest_only to 2025-05-01 20:00:00+00:00, run_after=2025-05-02 00:00:00+00:00
[2025-05-02T01:38:08.679+0000] {processor.py:208} INFO - Processing /home/airflow/.local/lib/python3.12/site-packages/airflow/example_dags/example_latest_only.py took 0.128 seconds
[2025-05-02T01:38:39.641+0000] {processor.py:186} INFO - Started process (PID=2734) to work on /home/airflow/.local/lib/python3.12/site-packages/airflow/example_dags/example_latest_only.py
[2025-05-02T01:38:39.647+0000] {processor.py:914} INFO - Processing file /home/airflow/.local/lib/python3.12/site-packages/airflow/example_dags/example_latest_only.py for tasks to queue
[2025-05-02T01:38:39.657+0000] {logging_mixin.py:190} INFO - [2025-05-02T01:38:39.654+0000] {dagbag.py:588} INFO - Filling up the DagBag from /home/airflow/.local/lib/python3.12/site-packages/airflow/example_dags/example_latest_only.py
[2025-05-02T01:38:39.692+0000] {processor.py:925} INFO - DAG(s) 'latest_only' retrieved from /home/airflow/.local/lib/python3.12/site-packages/airflow/example_dags/example_latest_only.py
[2025-05-02T01:38:39.767+0000] {logging_mixin.py:190} INFO - [2025-05-02T01:38:39.766+0000] {dag.py:3239} INFO - Sync 1 DAGs
[2025-05-02T01:38:39.814+0000] {logging_mixin.py:190} INFO - [2025-05-02T01:38:39.814+0000] {dag.py:4180} INFO - Setting next_dagrun for latest_only to 2025-05-01 20:00:00+00:00, run_after=2025-05-02 00:00:00+00:00
[2025-05-02T01:38:39.838+0000] {processor.py:208} INFO - Processing /home/airflow/.local/lib/python3.12/site-packages/airflow/example_dags/example_latest_only.py took 0.215 seconds
[2025-05-02T01:39:11.234+0000] {processor.py:186} INFO - Started process (PID=2797) to work on /home/airflow/.local/lib/python3.12/site-packages/airflow/example_dags/example_latest_only.py
[2025-05-02T01:39:11.236+0000] {processor.py:914} INFO - Processing file /home/airflow/.local/lib/python3.12/site-packages/airflow/example_dags/example_latest_only.py for tasks to queue
[2025-05-02T01:39:11.240+0000] {logging_mixin.py:190} INFO - [2025-05-02T01:39:11.239+0000] {dagbag.py:588} INFO - Filling up the DagBag from /home/airflow/.local/lib/python3.12/site-packages/airflow/example_dags/example_latest_only.py
[2025-05-02T01:39:11.256+0000] {processor.py:925} INFO - DAG(s) 'latest_only' retrieved from /home/airflow/.local/lib/python3.12/site-packages/airflow/example_dags/example_latest_only.py
[2025-05-02T01:39:11.286+0000] {logging_mixin.py:190} INFO - [2025-05-02T01:39:11.286+0000] {dag.py:3239} INFO - Sync 1 DAGs
[2025-05-02T01:39:11.321+0000] {logging_mixin.py:190} INFO - [2025-05-02T01:39:11.321+0000] {dag.py:4180} INFO - Setting next_dagrun for latest_only to 2025-05-01 20:00:00+00:00, run_after=2025-05-02 00:00:00+00:00
[2025-05-02T01:39:11.352+0000] {processor.py:208} INFO - Processing /home/airflow/.local/lib/python3.12/site-packages/airflow/example_dags/example_latest_only.py took 0.128 seconds
[2025-05-02T01:39:41.408+0000] {processor.py:186} INFO - Started process (PID=2859) to work on /home/airflow/.local/lib/python3.12/site-packages/airflow/example_dags/example_latest_only.py
[2025-05-02T01:39:41.410+0000] {processor.py:914} INFO - Processing file /home/airflow/.local/lib/python3.12/site-packages/airflow/example_dags/example_latest_only.py for tasks to queue
[2025-05-02T01:39:41.412+0000] {logging_mixin.py:190} INFO - [2025-05-02T01:39:41.412+0000] {dagbag.py:588} INFO - Filling up the DagBag from /home/airflow/.local/lib/python3.12/site-packages/airflow/example_dags/example_latest_only.py
[2025-05-02T01:39:41.420+0000] {processor.py:925} INFO - DAG(s) 'latest_only' retrieved from /home/airflow/.local/lib/python3.12/site-packages/airflow/example_dags/example_latest_only.py
[2025-05-02T01:39:41.441+0000] {logging_mixin.py:190} INFO - [2025-05-02T01:39:41.441+0000] {dag.py:3239} INFO - Sync 1 DAGs
[2025-05-02T01:39:41.466+0000] {logging_mixin.py:190} INFO - [2025-05-02T01:39:41.465+0000] {dag.py:4180} INFO - Setting next_dagrun for latest_only to 2025-05-01 20:00:00+00:00, run_after=2025-05-02 00:00:00+00:00
[2025-05-02T01:39:41.492+0000] {processor.py:208} INFO - Processing /home/airflow/.local/lib/python3.12/site-packages/airflow/example_dags/example_latest_only.py took 0.091 seconds
[2025-05-02T01:40:16.925+0000] {processor.py:186} INFO - Started process (PID=2923) to work on /home/airflow/.local/lib/python3.12/site-packages/airflow/example_dags/example_latest_only.py
[2025-05-02T01:40:16.926+0000] {processor.py:914} INFO - Processing file /home/airflow/.local/lib/python3.12/site-packages/airflow/example_dags/example_latest_only.py for tasks to queue
[2025-05-02T01:40:16.929+0000] {logging_mixin.py:190} INFO - [2025-05-02T01:40:16.928+0000] {dagbag.py:588} INFO - Filling up the DagBag from /home/airflow/.local/lib/python3.12/site-packages/airflow/example_dags/example_latest_only.py
[2025-05-02T01:40:16.937+0000] {processor.py:925} INFO - DAG(s) 'latest_only' retrieved from /home/airflow/.local/lib/python3.12/site-packages/airflow/example_dags/example_latest_only.py
[2025-05-02T01:40:16.971+0000] {logging_mixin.py:190} INFO - [2025-05-02T01:40:16.971+0000] {dag.py:3239} INFO - Sync 1 DAGs
[2025-05-02T01:40:17.009+0000] {logging_mixin.py:190} INFO - [2025-05-02T01:40:17.008+0000] {dag.py:4180} INFO - Setting next_dagrun for latest_only to 2025-05-01 20:00:00+00:00, run_after=2025-05-02 00:00:00+00:00
[2025-05-02T01:40:17.053+0000] {processor.py:208} INFO - Processing /home/airflow/.local/lib/python3.12/site-packages/airflow/example_dags/example_latest_only.py took 0.135 seconds
[2025-05-02T01:40:48.122+0000] {processor.py:186} INFO - Started process (PID=2986) to work on /home/airflow/.local/lib/python3.12/site-packages/airflow/example_dags/example_latest_only.py
[2025-05-02T01:40:48.124+0000] {processor.py:914} INFO - Processing file /home/airflow/.local/lib/python3.12/site-packages/airflow/example_dags/example_latest_only.py for tasks to queue
[2025-05-02T01:40:48.127+0000] {logging_mixin.py:190} INFO - [2025-05-02T01:40:48.127+0000] {dagbag.py:588} INFO - Filling up the DagBag from /home/airflow/.local/lib/python3.12/site-packages/airflow/example_dags/example_latest_only.py
[2025-05-02T01:40:48.138+0000] {processor.py:925} INFO - DAG(s) 'latest_only' retrieved from /home/airflow/.local/lib/python3.12/site-packages/airflow/example_dags/example_latest_only.py
[2025-05-02T01:40:48.172+0000] {logging_mixin.py:190} INFO - [2025-05-02T01:40:48.172+0000] {dag.py:3239} INFO - Sync 1 DAGs
[2025-05-02T01:40:48.208+0000] {logging_mixin.py:190} INFO - [2025-05-02T01:40:48.207+0000] {dag.py:4180} INFO - Setting next_dagrun for latest_only to 2025-05-01 20:00:00+00:00, run_after=2025-05-02 00:00:00+00:00
[2025-05-02T01:40:48.235+0000] {processor.py:208} INFO - Processing /home/airflow/.local/lib/python3.12/site-packages/airflow/example_dags/example_latest_only.py took 0.122 seconds
[2025-05-02T01:41:19.743+0000] {processor.py:186} INFO - Started process (PID=3049) to work on /home/airflow/.local/lib/python3.12/site-packages/airflow/example_dags/example_latest_only.py
[2025-05-02T01:41:19.744+0000] {processor.py:914} INFO - Processing file /home/airflow/.local/lib/python3.12/site-packages/airflow/example_dags/example_latest_only.py for tasks to queue
[2025-05-02T01:41:19.746+0000] {logging_mixin.py:190} INFO - [2025-05-02T01:41:19.746+0000] {dagbag.py:588} INFO - Filling up the DagBag from /home/airflow/.local/lib/python3.12/site-packages/airflow/example_dags/example_latest_only.py
[2025-05-02T01:41:19.753+0000] {processor.py:925} INFO - DAG(s) 'latest_only' retrieved from /home/airflow/.local/lib/python3.12/site-packages/airflow/example_dags/example_latest_only.py
[2025-05-02T01:41:19.773+0000] {logging_mixin.py:190} INFO - [2025-05-02T01:41:19.773+0000] {dag.py:3239} INFO - Sync 1 DAGs
[2025-05-02T01:41:19.797+0000] {logging_mixin.py:190} INFO - [2025-05-02T01:41:19.797+0000] {dag.py:4180} INFO - Setting next_dagrun for latest_only to 2025-05-01 20:00:00+00:00, run_after=2025-05-02 00:00:00+00:00
[2025-05-02T01:41:19.818+0000] {processor.py:208} INFO - Processing /home/airflow/.local/lib/python3.12/site-packages/airflow/example_dags/example_latest_only.py took 0.081 seconds
[2025-05-02T01:41:51.247+0000] {processor.py:186} INFO - Started process (PID=3111) to work on /home/airflow/.local/lib/python3.12/site-packages/airflow/example_dags/example_latest_only.py
[2025-05-02T01:41:51.250+0000] {processor.py:914} INFO - Processing file /home/airflow/.local/lib/python3.12/site-packages/airflow/example_dags/example_latest_only.py for tasks to queue
[2025-05-02T01:41:51.254+0000] {logging_mixin.py:190} INFO - [2025-05-02T01:41:51.253+0000] {dagbag.py:588} INFO - Filling up the DagBag from /home/airflow/.local/lib/python3.12/site-packages/airflow/example_dags/example_latest_only.py
[2025-05-02T01:41:51.264+0000] {processor.py:925} INFO - DAG(s) 'latest_only' retrieved from /home/airflow/.local/lib/python3.12/site-packages/airflow/example_dags/example_latest_only.py
[2025-05-02T01:41:51.307+0000] {logging_mixin.py:190} INFO - [2025-05-02T01:41:51.306+0000] {dag.py:3239} INFO - Sync 1 DAGs
[2025-05-02T01:41:51.340+0000] {logging_mixin.py:190} INFO - [2025-05-02T01:41:51.339+0000] {dag.py:4180} INFO - Setting next_dagrun for latest_only to 2025-05-01 20:00:00+00:00, run_after=2025-05-02 00:00:00+00:00
[2025-05-02T01:41:51.370+0000] {processor.py:208} INFO - Processing /home/airflow/.local/lib/python3.12/site-packages/airflow/example_dags/example_latest_only.py took 0.134 seconds
[2025-05-02T01:42:23.467+0000] {processor.py:186} INFO - Started process (PID=3174) to work on /home/airflow/.local/lib/python3.12/site-packages/airflow/example_dags/example_latest_only.py
[2025-05-02T01:42:23.469+0000] {processor.py:914} INFO - Processing file /home/airflow/.local/lib/python3.12/site-packages/airflow/example_dags/example_latest_only.py for tasks to queue
[2025-05-02T01:42:23.473+0000] {logging_mixin.py:190} INFO - [2025-05-02T01:42:23.472+0000] {dagbag.py:588} INFO - Filling up the DagBag from /home/airflow/.local/lib/python3.12/site-packages/airflow/example_dags/example_latest_only.py
[2025-05-02T01:42:23.488+0000] {processor.py:925} INFO - DAG(s) 'latest_only' retrieved from /home/airflow/.local/lib/python3.12/site-packages/airflow/example_dags/example_latest_only.py
[2025-05-02T01:42:23.539+0000] {logging_mixin.py:190} INFO - [2025-05-02T01:42:23.539+0000] {dag.py:3239} INFO - Sync 1 DAGs
[2025-05-02T01:42:23.583+0000] {logging_mixin.py:190} INFO - [2025-05-02T01:42:23.583+0000] {dag.py:4180} INFO - Setting next_dagrun for latest_only to 2025-05-01 20:00:00+00:00, run_after=2025-05-02 00:00:00+00:00
[2025-05-02T01:42:23.632+0000] {processor.py:208} INFO - Processing /home/airflow/.local/lib/python3.12/site-packages/airflow/example_dags/example_latest_only.py took 0.176 seconds
[2025-05-02T01:42:53.924+0000] {processor.py:186} INFO - Started process (PID=3237) to work on /home/airflow/.local/lib/python3.12/site-packages/airflow/example_dags/example_latest_only.py
[2025-05-02T01:42:53.926+0000] {processor.py:914} INFO - Processing file /home/airflow/.local/lib/python3.12/site-packages/airflow/example_dags/example_latest_only.py for tasks to queue
[2025-05-02T01:42:53.929+0000] {logging_mixin.py:190} INFO - [2025-05-02T01:42:53.928+0000] {dagbag.py:588} INFO - Filling up the DagBag from /home/airflow/.local/lib/python3.12/site-packages/airflow/example_dags/example_latest_only.py
[2025-05-02T01:42:53.940+0000] {processor.py:925} INFO - DAG(s) 'latest_only' retrieved from /home/airflow/.local/lib/python3.12/site-packages/airflow/example_dags/example_latest_only.py
[2025-05-02T01:42:53.963+0000] {logging_mixin.py:190} INFO - [2025-05-02T01:42:53.962+0000] {dag.py:3239} INFO - Sync 1 DAGs
[2025-05-02T01:42:53.986+0000] {logging_mixin.py:190} INFO - [2025-05-02T01:42:53.986+0000] {dag.py:4180} INFO - Setting next_dagrun for latest_only to 2025-05-01 20:00:00+00:00, run_after=2025-05-02 00:00:00+00:00
[2025-05-02T01:42:54.010+0000] {processor.py:208} INFO - Processing /home/airflow/.local/lib/python3.12/site-packages/airflow/example_dags/example_latest_only.py took 0.092 seconds
[2025-05-02T01:43:25.565+0000] {processor.py:186} INFO - Started process (PID=3300) to work on /home/airflow/.local/lib/python3.12/site-packages/airflow/example_dags/example_latest_only.py
[2025-05-02T01:43:25.572+0000] {processor.py:914} INFO - Processing file /home/airflow/.local/lib/python3.12/site-packages/airflow/example_dags/example_latest_only.py for tasks to queue
[2025-05-02T01:43:25.591+0000] {logging_mixin.py:190} INFO - [2025-05-02T01:43:25.589+0000] {dagbag.py:588} INFO - Filling up the DagBag from /home/airflow/.local/lib/python3.12/site-packages/airflow/example_dags/example_latest_only.py
[2025-05-02T01:43:25.613+0000] {processor.py:925} INFO - DAG(s) 'latest_only' retrieved from /home/airflow/.local/lib/python3.12/site-packages/airflow/example_dags/example_latest_only.py
[2025-05-02T01:43:25.649+0000] {logging_mixin.py:190} INFO - [2025-05-02T01:43:25.648+0000] {dag.py:3239} INFO - Sync 1 DAGs
[2025-05-02T01:43:25.685+0000] {logging_mixin.py:190} INFO - [2025-05-02T01:43:25.685+0000] {dag.py:4180} INFO - Setting next_dagrun for latest_only to 2025-05-01 20:00:00+00:00, run_after=2025-05-02 00:00:00+00:00
[2025-05-02T01:43:25.725+0000] {processor.py:208} INFO - Processing /home/airflow/.local/lib/python3.12/site-packages/airflow/example_dags/example_latest_only.py took 0.172 seconds
[2025-05-02T01:43:57.418+0000] {processor.py:186} INFO - Started process (PID=3363) to work on /home/airflow/.local/lib/python3.12/site-packages/airflow/example_dags/example_latest_only.py
[2025-05-02T01:43:57.423+0000] {processor.py:914} INFO - Processing file /home/airflow/.local/lib/python3.12/site-packages/airflow/example_dags/example_latest_only.py for tasks to queue
[2025-05-02T01:43:57.428+0000] {logging_mixin.py:190} INFO - [2025-05-02T01:43:57.427+0000] {dagbag.py:588} INFO - Filling up the DagBag from /home/airflow/.local/lib/python3.12/site-packages/airflow/example_dags/example_latest_only.py
[2025-05-02T01:43:57.442+0000] {processor.py:925} INFO - DAG(s) 'latest_only' retrieved from /home/airflow/.local/lib/python3.12/site-packages/airflow/example_dags/example_latest_only.py
[2025-05-02T01:43:57.480+0000] {logging_mixin.py:190} INFO - [2025-05-02T01:43:57.479+0000] {dag.py:3239} INFO - Sync 1 DAGs
[2025-05-02T01:43:57.518+0000] {logging_mixin.py:190} INFO - [2025-05-02T01:43:57.518+0000] {dag.py:4180} INFO - Setting next_dagrun for latest_only to 2025-05-01 20:00:00+00:00, run_after=2025-05-02 00:00:00+00:00
[2025-05-02T01:43:57.547+0000] {processor.py:208} INFO - Processing /home/airflow/.local/lib/python3.12/site-packages/airflow/example_dags/example_latest_only.py took 0.140 seconds
[2025-05-02T01:44:28.343+0000] {processor.py:186} INFO - Started process (PID=3426) to work on /home/airflow/.local/lib/python3.12/site-packages/airflow/example_dags/example_latest_only.py
[2025-05-02T01:44:28.344+0000] {processor.py:914} INFO - Processing file /home/airflow/.local/lib/python3.12/site-packages/airflow/example_dags/example_latest_only.py for tasks to queue
[2025-05-02T01:44:28.346+0000] {logging_mixin.py:190} INFO - [2025-05-02T01:44:28.346+0000] {dagbag.py:588} INFO - Filling up the DagBag from /home/airflow/.local/lib/python3.12/site-packages/airflow/example_dags/example_latest_only.py
[2025-05-02T01:44:28.353+0000] {processor.py:925} INFO - DAG(s) 'latest_only' retrieved from /home/airflow/.local/lib/python3.12/site-packages/airflow/example_dags/example_latest_only.py
[2025-05-02T01:44:28.376+0000] {logging_mixin.py:190} INFO - [2025-05-02T01:44:28.375+0000] {dag.py:3239} INFO - Sync 1 DAGs
[2025-05-02T01:44:28.401+0000] {logging_mixin.py:190} INFO - [2025-05-02T01:44:28.400+0000] {dag.py:4180} INFO - Setting next_dagrun for latest_only to 2025-05-01 20:00:00+00:00, run_after=2025-05-02 00:00:00+00:00
[2025-05-02T01:44:28.424+0000] {processor.py:208} INFO - Processing /home/airflow/.local/lib/python3.12/site-packages/airflow/example_dags/example_latest_only.py took 0.087 seconds
[2025-05-02T01:44:59.530+0000] {processor.py:186} INFO - Started process (PID=3489) to work on /home/airflow/.local/lib/python3.12/site-packages/airflow/example_dags/example_latest_only.py
[2025-05-02T01:44:59.532+0000] {processor.py:914} INFO - Processing file /home/airflow/.local/lib/python3.12/site-packages/airflow/example_dags/example_latest_only.py for tasks to queue
[2025-05-02T01:44:59.535+0000] {logging_mixin.py:190} INFO - [2025-05-02T01:44:59.535+0000] {dagbag.py:588} INFO - Filling up the DagBag from /home/airflow/.local/lib/python3.12/site-packages/airflow/example_dags/example_latest_only.py
[2025-05-02T01:44:59.548+0000] {processor.py:925} INFO - DAG(s) 'latest_only' retrieved from /home/airflow/.local/lib/python3.12/site-packages/airflow/example_dags/example_latest_only.py
[2025-05-02T01:44:59.581+0000] {logging_mixin.py:190} INFO - [2025-05-02T01:44:59.581+0000] {dag.py:3239} INFO - Sync 1 DAGs
[2025-05-02T01:44:59.619+0000] {logging_mixin.py:190} INFO - [2025-05-02T01:44:59.618+0000] {dag.py:4180} INFO - Setting next_dagrun for latest_only to 2025-05-01 20:00:00+00:00, run_after=2025-05-02 00:00:00+00:00
[2025-05-02T01:44:59.645+0000] {processor.py:208} INFO - Processing /home/airflow/.local/lib/python3.12/site-packages/airflow/example_dags/example_latest_only.py took 0.128 seconds
[2025-05-02T01:45:30.649+0000] {processor.py:186} INFO - Started process (PID=3552) to work on /home/airflow/.local/lib/python3.12/site-packages/airflow/example_dags/example_latest_only.py
[2025-05-02T01:45:30.650+0000] {processor.py:914} INFO - Processing file /home/airflow/.local/lib/python3.12/site-packages/airflow/example_dags/example_latest_only.py for tasks to queue
[2025-05-02T01:45:30.653+0000] {logging_mixin.py:190} INFO - [2025-05-02T01:45:30.652+0000] {dagbag.py:588} INFO - Filling up the DagBag from /home/airflow/.local/lib/python3.12/site-packages/airflow/example_dags/example_latest_only.py
[2025-05-02T01:45:30.661+0000] {processor.py:925} INFO - DAG(s) 'latest_only' retrieved from /home/airflow/.local/lib/python3.12/site-packages/airflow/example_dags/example_latest_only.py
[2025-05-02T01:45:30.690+0000] {logging_mixin.py:190} INFO - [2025-05-02T01:45:30.689+0000] {dag.py:3239} INFO - Sync 1 DAGs
[2025-05-02T01:45:30.718+0000] {logging_mixin.py:190} INFO - [2025-05-02T01:45:30.718+0000] {dag.py:4180} INFO - Setting next_dagrun for latest_only to 2025-05-01 20:00:00+00:00, run_after=2025-05-02 00:00:00+00:00
[2025-05-02T01:45:30.746+0000] {processor.py:208} INFO - Processing /home/airflow/.local/lib/python3.12/site-packages/airflow/example_dags/example_latest_only.py took 0.106 seconds
[2025-05-02T01:46:01.647+0000] {processor.py:186} INFO - Started process (PID=3615) to work on /home/airflow/.local/lib/python3.12/site-packages/airflow/example_dags/example_latest_only.py
[2025-05-02T01:46:01.650+0000] {processor.py:914} INFO - Processing file /home/airflow/.local/lib/python3.12/site-packages/airflow/example_dags/example_latest_only.py for tasks to queue
[2025-05-02T01:46:01.653+0000] {logging_mixin.py:190} INFO - [2025-05-02T01:46:01.652+0000] {dagbag.py:588} INFO - Filling up the DagBag from /home/airflow/.local/lib/python3.12/site-packages/airflow/example_dags/example_latest_only.py
[2025-05-02T01:46:01.662+0000] {processor.py:925} INFO - DAG(s) 'latest_only' retrieved from /home/airflow/.local/lib/python3.12/site-packages/airflow/example_dags/example_latest_only.py
[2025-05-02T01:46:01.691+0000] {logging_mixin.py:190} INFO - [2025-05-02T01:46:01.691+0000] {dag.py:3239} INFO - Sync 1 DAGs
[2025-05-02T01:46:01.722+0000] {logging_mixin.py:190} INFO - [2025-05-02T01:46:01.721+0000] {dag.py:4180} INFO - Setting next_dagrun for latest_only to 2025-05-01 20:00:00+00:00, run_after=2025-05-02 00:00:00+00:00
[2025-05-02T01:46:01.751+0000] {processor.py:208} INFO - Processing /home/airflow/.local/lib/python3.12/site-packages/airflow/example_dags/example_latest_only.py took 0.114 seconds
[2025-05-02T01:46:34.063+0000] {processor.py:186} INFO - Started process (PID=3678) to work on /home/airflow/.local/lib/python3.12/site-packages/airflow/example_dags/example_latest_only.py
[2025-05-02T01:46:34.065+0000] {processor.py:914} INFO - Processing file /home/airflow/.local/lib/python3.12/site-packages/airflow/example_dags/example_latest_only.py for tasks to queue
[2025-05-02T01:46:34.069+0000] {logging_mixin.py:190} INFO - [2025-05-02T01:46:34.068+0000] {dagbag.py:588} INFO - Filling up the DagBag from /home/airflow/.local/lib/python3.12/site-packages/airflow/example_dags/example_latest_only.py
[2025-05-02T01:46:34.086+0000] {processor.py:925} INFO - DAG(s) 'latest_only' retrieved from /home/airflow/.local/lib/python3.12/site-packages/airflow/example_dags/example_latest_only.py
[2025-05-02T01:46:34.112+0000] {logging_mixin.py:190} INFO - [2025-05-02T01:46:34.112+0000] {dag.py:3239} INFO - Sync 1 DAGs
[2025-05-02T01:46:34.141+0000] {logging_mixin.py:190} INFO - [2025-05-02T01:46:34.141+0000] {dag.py:4180} INFO - Setting next_dagrun for latest_only to 2025-05-01 20:00:00+00:00, run_after=2025-05-02 00:00:00+00:00
[2025-05-02T01:46:34.178+0000] {processor.py:208} INFO - Processing /home/airflow/.local/lib/python3.12/site-packages/airflow/example_dags/example_latest_only.py took 0.124 seconds
[2025-05-02T01:47:06.718+0000] {processor.py:186} INFO - Started process (PID=3741) to work on /home/airflow/.local/lib/python3.12/site-packages/airflow/example_dags/example_latest_only.py
[2025-05-02T01:47:06.719+0000] {processor.py:914} INFO - Processing file /home/airflow/.local/lib/python3.12/site-packages/airflow/example_dags/example_latest_only.py for tasks to queue
[2025-05-02T01:47:06.722+0000] {logging_mixin.py:190} INFO - [2025-05-02T01:47:06.722+0000] {dagbag.py:588} INFO - Filling up the DagBag from /home/airflow/.local/lib/python3.12/site-packages/airflow/example_dags/example_latest_only.py
[2025-05-02T01:47:06.731+0000] {processor.py:925} INFO - DAG(s) 'latest_only' retrieved from /home/airflow/.local/lib/python3.12/site-packages/airflow/example_dags/example_latest_only.py
[2025-05-02T01:47:06.754+0000] {logging_mixin.py:190} INFO - [2025-05-02T01:47:06.754+0000] {dag.py:3239} INFO - Sync 1 DAGs
[2025-05-02T01:47:06.786+0000] {logging_mixin.py:190} INFO - [2025-05-02T01:47:06.786+0000] {dag.py:4180} INFO - Setting next_dagrun for latest_only to 2025-05-01 20:00:00+00:00, run_after=2025-05-02 00:00:00+00:00
[2025-05-02T01:47:06.817+0000] {processor.py:208} INFO - Processing /home/airflow/.local/lib/python3.12/site-packages/airflow/example_dags/example_latest_only.py took 0.106 seconds
[2025-05-02T01:47:37.963+0000] {processor.py:186} INFO - Started process (PID=3804) to work on /home/airflow/.local/lib/python3.12/site-packages/airflow/example_dags/example_latest_only.py
[2025-05-02T01:47:37.964+0000] {processor.py:914} INFO - Processing file /home/airflow/.local/lib/python3.12/site-packages/airflow/example_dags/example_latest_only.py for tasks to queue
[2025-05-02T01:47:37.967+0000] {logging_mixin.py:190} INFO - [2025-05-02T01:47:37.966+0000] {dagbag.py:588} INFO - Filling up the DagBag from /home/airflow/.local/lib/python3.12/site-packages/airflow/example_dags/example_latest_only.py
[2025-05-02T01:47:37.975+0000] {processor.py:925} INFO - DAG(s) 'latest_only' retrieved from /home/airflow/.local/lib/python3.12/site-packages/airflow/example_dags/example_latest_only.py
[2025-05-02T01:47:37.998+0000] {logging_mixin.py:190} INFO - [2025-05-02T01:47:37.998+0000] {dag.py:3239} INFO - Sync 1 DAGs
[2025-05-02T01:47:38.026+0000] {logging_mixin.py:190} INFO - [2025-05-02T01:47:38.026+0000] {dag.py:4180} INFO - Setting next_dagrun for latest_only to 2025-05-01 20:00:00+00:00, run_after=2025-05-02 00:00:00+00:00
[2025-05-02T01:47:38.048+0000] {processor.py:208} INFO - Processing /home/airflow/.local/lib/python3.12/site-packages/airflow/example_dags/example_latest_only.py took 0.093 seconds
[2025-05-02T01:48:09.187+0000] {processor.py:186} INFO - Started process (PID=3867) to work on /home/airflow/.local/lib/python3.12/site-packages/airflow/example_dags/example_latest_only.py
[2025-05-02T01:48:09.189+0000] {processor.py:914} INFO - Processing file /home/airflow/.local/lib/python3.12/site-packages/airflow/example_dags/example_latest_only.py for tasks to queue
[2025-05-02T01:48:09.191+0000] {logging_mixin.py:190} INFO - [2025-05-02T01:48:09.190+0000] {dagbag.py:588} INFO - Filling up the DagBag from /home/airflow/.local/lib/python3.12/site-packages/airflow/example_dags/example_latest_only.py
[2025-05-02T01:48:09.198+0000] {processor.py:925} INFO - DAG(s) 'latest_only' retrieved from /home/airflow/.local/lib/python3.12/site-packages/airflow/example_dags/example_latest_only.py
[2025-05-02T01:48:09.221+0000] {logging_mixin.py:190} INFO - [2025-05-02T01:48:09.220+0000] {dag.py:3239} INFO - Sync 1 DAGs
[2025-05-02T01:48:09.248+0000] {logging_mixin.py:190} INFO - [2025-05-02T01:48:09.248+0000] {dag.py:4180} INFO - Setting next_dagrun for latest_only to 2025-05-01 20:00:00+00:00, run_after=2025-05-02 00:00:00+00:00
[2025-05-02T01:48:09.270+0000] {processor.py:208} INFO - Processing /home/airflow/.local/lib/python3.12/site-packages/airflow/example_dags/example_latest_only.py took 0.088 seconds
[2025-05-02T01:48:40.700+0000] {processor.py:186} INFO - Started process (PID=3930) to work on /home/airflow/.local/lib/python3.12/site-packages/airflow/example_dags/example_latest_only.py
[2025-05-02T01:48:40.703+0000] {processor.py:914} INFO - Processing file /home/airflow/.local/lib/python3.12/site-packages/airflow/example_dags/example_latest_only.py for tasks to queue
[2025-05-02T01:48:40.705+0000] {logging_mixin.py:190} INFO - [2025-05-02T01:48:40.705+0000] {dagbag.py:588} INFO - Filling up the DagBag from /home/airflow/.local/lib/python3.12/site-packages/airflow/example_dags/example_latest_only.py
[2025-05-02T01:48:40.718+0000] {processor.py:925} INFO - DAG(s) 'latest_only' retrieved from /home/airflow/.local/lib/python3.12/site-packages/airflow/example_dags/example_latest_only.py
[2025-05-02T01:48:40.745+0000] {logging_mixin.py:190} INFO - [2025-05-02T01:48:40.745+0000] {dag.py:3239} INFO - Sync 1 DAGs
[2025-05-02T01:48:41.081+0000] {logging_mixin.py:190} INFO - [2025-05-02T01:48:41.081+0000] {dag.py:4180} INFO - Setting next_dagrun for latest_only to 2025-05-01 20:00:00+00:00, run_after=2025-05-02 00:00:00+00:00
[2025-05-02T01:48:41.103+0000] {processor.py:208} INFO - Processing /home/airflow/.local/lib/python3.12/site-packages/airflow/example_dags/example_latest_only.py took 0.410 seconds
[2025-05-02T01:49:11.513+0000] {processor.py:186} INFO - Started process (PID=3993) to work on /home/airflow/.local/lib/python3.12/site-packages/airflow/example_dags/example_latest_only.py
[2025-05-02T01:49:11.514+0000] {processor.py:914} INFO - Processing file /home/airflow/.local/lib/python3.12/site-packages/airflow/example_dags/example_latest_only.py for tasks to queue
[2025-05-02T01:49:11.516+0000] {logging_mixin.py:190} INFO - [2025-05-02T01:49:11.516+0000] {dagbag.py:588} INFO - Filling up the DagBag from /home/airflow/.local/lib/python3.12/site-packages/airflow/example_dags/example_latest_only.py
[2025-05-02T01:49:11.524+0000] {processor.py:925} INFO - DAG(s) 'latest_only' retrieved from /home/airflow/.local/lib/python3.12/site-packages/airflow/example_dags/example_latest_only.py
[2025-05-02T01:49:11.543+0000] {logging_mixin.py:190} INFO - [2025-05-02T01:49:11.543+0000] {dag.py:3239} INFO - Sync 1 DAGs
[2025-05-02T01:49:11.568+0000] {logging_mixin.py:190} INFO - [2025-05-02T01:49:11.568+0000] {dag.py:4180} INFO - Setting next_dagrun for latest_only to 2025-05-01 20:00:00+00:00, run_after=2025-05-02 00:00:00+00:00
[2025-05-02T01:49:11.594+0000] {processor.py:208} INFO - Processing /home/airflow/.local/lib/python3.12/site-packages/airflow/example_dags/example_latest_only.py took 0.087 seconds
[2025-05-02T01:49:42.635+0000] {processor.py:186} INFO - Started process (PID=4063) to work on /home/airflow/.local/lib/python3.12/site-packages/airflow/example_dags/example_latest_only.py
[2025-05-02T01:49:42.636+0000] {processor.py:914} INFO - Processing file /home/airflow/.local/lib/python3.12/site-packages/airflow/example_dags/example_latest_only.py for tasks to queue
[2025-05-02T01:49:42.638+0000] {logging_mixin.py:190} INFO - [2025-05-02T01:49:42.637+0000] {dagbag.py:588} INFO - Filling up the DagBag from /home/airflow/.local/lib/python3.12/site-packages/airflow/example_dags/example_latest_only.py
[2025-05-02T01:49:42.645+0000] {processor.py:925} INFO - DAG(s) 'latest_only' retrieved from /home/airflow/.local/lib/python3.12/site-packages/airflow/example_dags/example_latest_only.py
[2025-05-02T01:49:42.673+0000] {logging_mixin.py:190} INFO - [2025-05-02T01:49:42.672+0000] {dag.py:3239} INFO - Sync 1 DAGs
[2025-05-02T01:49:42.705+0000] {logging_mixin.py:190} INFO - [2025-05-02T01:49:42.705+0000] {dag.py:4180} INFO - Setting next_dagrun for latest_only to 2025-05-01 20:00:00+00:00, run_after=2025-05-02 00:00:00+00:00
[2025-05-02T01:49:42.729+0000] {processor.py:208} INFO - Processing /home/airflow/.local/lib/python3.12/site-packages/airflow/example_dags/example_latest_only.py took 0.100 seconds
[2025-05-02T01:50:14.334+0000] {processor.py:186} INFO - Started process (PID=4126) to work on /home/airflow/.local/lib/python3.12/site-packages/airflow/example_dags/example_latest_only.py
[2025-05-02T01:50:14.335+0000] {processor.py:914} INFO - Processing file /home/airflow/.local/lib/python3.12/site-packages/airflow/example_dags/example_latest_only.py for tasks to queue
[2025-05-02T01:50:14.338+0000] {logging_mixin.py:190} INFO - [2025-05-02T01:50:14.338+0000] {dagbag.py:588} INFO - Filling up the DagBag from /home/airflow/.local/lib/python3.12/site-packages/airflow/example_dags/example_latest_only.py
[2025-05-02T01:50:14.347+0000] {processor.py:925} INFO - DAG(s) 'latest_only' retrieved from /home/airflow/.local/lib/python3.12/site-packages/airflow/example_dags/example_latest_only.py
[2025-05-02T01:50:14.376+0000] {logging_mixin.py:190} INFO - [2025-05-02T01:50:14.376+0000] {dag.py:3239} INFO - Sync 1 DAGs
[2025-05-02T01:50:14.410+0000] {logging_mixin.py:190} INFO - [2025-05-02T01:50:14.410+0000] {dag.py:4180} INFO - Setting next_dagrun for latest_only to 2025-05-01 20:00:00+00:00, run_after=2025-05-02 00:00:00+00:00
[2025-05-02T01:50:14.435+0000] {processor.py:208} INFO - Processing /home/airflow/.local/lib/python3.12/site-packages/airflow/example_dags/example_latest_only.py took 0.110 seconds
[2025-05-02T01:50:46.240+0000] {processor.py:186} INFO - Started process (PID=4189) to work on /home/airflow/.local/lib/python3.12/site-packages/airflow/example_dags/example_latest_only.py
[2025-05-02T01:50:46.241+0000] {processor.py:914} INFO - Processing file /home/airflow/.local/lib/python3.12/site-packages/airflow/example_dags/example_latest_only.py for tasks to queue
[2025-05-02T01:50:46.243+0000] {logging_mixin.py:190} INFO - [2025-05-02T01:50:46.243+0000] {dagbag.py:588} INFO - Filling up the DagBag from /home/airflow/.local/lib/python3.12/site-packages/airflow/example_dags/example_latest_only.py
[2025-05-02T01:50:46.253+0000] {processor.py:925} INFO - DAG(s) 'latest_only' retrieved from /home/airflow/.local/lib/python3.12/site-packages/airflow/example_dags/example_latest_only.py
[2025-05-02T01:50:46.462+0000] {logging_mixin.py:190} INFO - [2025-05-02T01:50:46.462+0000] {dag.py:3239} INFO - Sync 1 DAGs
[2025-05-02T01:50:46.491+0000] {logging_mixin.py:190} INFO - [2025-05-02T01:50:46.490+0000] {dag.py:4180} INFO - Setting next_dagrun for latest_only to 2025-05-01 20:00:00+00:00, run_after=2025-05-02 00:00:00+00:00
[2025-05-02T01:50:46.518+0000] {processor.py:208} INFO - Processing /home/airflow/.local/lib/python3.12/site-packages/airflow/example_dags/example_latest_only.py took 0.284 seconds
[2025-05-02T01:51:18.846+0000] {processor.py:186} INFO - Started process (PID=4256) to work on /home/airflow/.local/lib/python3.12/site-packages/airflow/example_dags/example_latest_only.py
[2025-05-02T01:51:18.847+0000] {processor.py:914} INFO - Processing file /home/airflow/.local/lib/python3.12/site-packages/airflow/example_dags/example_latest_only.py for tasks to queue
[2025-05-02T01:51:18.849+0000] {logging_mixin.py:190} INFO - [2025-05-02T01:51:18.849+0000] {dagbag.py:588} INFO - Filling up the DagBag from /home/airflow/.local/lib/python3.12/site-packages/airflow/example_dags/example_latest_only.py
[2025-05-02T01:51:18.861+0000] {processor.py:925} INFO - DAG(s) 'latest_only' retrieved from /home/airflow/.local/lib/python3.12/site-packages/airflow/example_dags/example_latest_only.py
[2025-05-02T01:51:19.063+0000] {logging_mixin.py:190} INFO - [2025-05-02T01:51:19.063+0000] {dag.py:3239} INFO - Sync 1 DAGs
[2025-05-02T01:51:19.099+0000] {logging_mixin.py:190} INFO - [2025-05-02T01:51:19.098+0000] {dag.py:4180} INFO - Setting next_dagrun for latest_only to 2025-05-01 20:00:00+00:00, run_after=2025-05-02 00:00:00+00:00
[2025-05-02T01:51:19.118+0000] {processor.py:208} INFO - Processing /home/airflow/.local/lib/python3.12/site-packages/airflow/example_dags/example_latest_only.py took 0.279 seconds
[2025-05-02T01:51:49.787+0000] {processor.py:186} INFO - Started process (PID=4318) to work on /home/airflow/.local/lib/python3.12/site-packages/airflow/example_dags/example_latest_only.py
[2025-05-02T01:51:49.792+0000] {processor.py:914} INFO - Processing file /home/airflow/.local/lib/python3.12/site-packages/airflow/example_dags/example_latest_only.py for tasks to queue
[2025-05-02T01:51:49.802+0000] {logging_mixin.py:190} INFO - [2025-05-02T01:51:49.800+0000] {dagbag.py:588} INFO - Filling up the DagBag from /home/airflow/.local/lib/python3.12/site-packages/airflow/example_dags/example_latest_only.py
[2025-05-02T01:51:49.826+0000] {processor.py:925} INFO - DAG(s) 'latest_only' retrieved from /home/airflow/.local/lib/python3.12/site-packages/airflow/example_dags/example_latest_only.py
[2025-05-02T01:51:49.882+0000] {logging_mixin.py:190} INFO - [2025-05-02T01:51:49.881+0000] {dag.py:3239} INFO - Sync 1 DAGs
[2025-05-02T01:51:49.979+0000] {logging_mixin.py:190} INFO - [2025-05-02T01:51:49.979+0000] {dag.py:4180} INFO - Setting next_dagrun for latest_only to 2025-05-01 20:00:00+00:00, run_after=2025-05-02 00:00:00+00:00
[2025-05-02T01:51:50.033+0000] {processor.py:208} INFO - Processing /home/airflow/.local/lib/python3.12/site-packages/airflow/example_dags/example_latest_only.py took 0.269 seconds
[2025-05-02T01:52:20.197+0000] {processor.py:186} INFO - Started process (PID=4381) to work on /home/airflow/.local/lib/python3.12/site-packages/airflow/example_dags/example_latest_only.py
[2025-05-02T01:52:20.198+0000] {processor.py:914} INFO - Processing file /home/airflow/.local/lib/python3.12/site-packages/airflow/example_dags/example_latest_only.py for tasks to queue
[2025-05-02T01:52:20.200+0000] {logging_mixin.py:190} INFO - [2025-05-02T01:52:20.200+0000] {dagbag.py:588} INFO - Filling up the DagBag from /home/airflow/.local/lib/python3.12/site-packages/airflow/example_dags/example_latest_only.py
[2025-05-02T01:52:20.207+0000] {processor.py:925} INFO - DAG(s) 'latest_only' retrieved from /home/airflow/.local/lib/python3.12/site-packages/airflow/example_dags/example_latest_only.py
[2025-05-02T01:52:20.227+0000] {logging_mixin.py:190} INFO - [2025-05-02T01:52:20.227+0000] {dag.py:3239} INFO - Sync 1 DAGs
[2025-05-02T01:52:20.251+0000] {logging_mixin.py:190} INFO - [2025-05-02T01:52:20.251+0000] {dag.py:4180} INFO - Setting next_dagrun for latest_only to 2025-05-01 20:00:00+00:00, run_after=2025-05-02 00:00:00+00:00
[2025-05-02T01:52:20.269+0000] {processor.py:208} INFO - Processing /home/airflow/.local/lib/python3.12/site-packages/airflow/example_dags/example_latest_only.py took 0.078 seconds
[2025-05-02T01:52:51.243+0000] {processor.py:186} INFO - Started process (PID=4444) to work on /home/airflow/.local/lib/python3.12/site-packages/airflow/example_dags/example_latest_only.py
[2025-05-02T01:52:51.244+0000] {processor.py:914} INFO - Processing file /home/airflow/.local/lib/python3.12/site-packages/airflow/example_dags/example_latest_only.py for tasks to queue
[2025-05-02T01:52:51.247+0000] {logging_mixin.py:190} INFO - [2025-05-02T01:52:51.246+0000] {dagbag.py:588} INFO - Filling up the DagBag from /home/airflow/.local/lib/python3.12/site-packages/airflow/example_dags/example_latest_only.py
[2025-05-02T01:52:51.255+0000] {processor.py:925} INFO - DAG(s) 'latest_only' retrieved from /home/airflow/.local/lib/python3.12/site-packages/airflow/example_dags/example_latest_only.py
[2025-05-02T01:52:51.275+0000] {logging_mixin.py:190} INFO - [2025-05-02T01:52:51.275+0000] {dag.py:3239} INFO - Sync 1 DAGs
[2025-05-02T01:52:51.299+0000] {logging_mixin.py:190} INFO - [2025-05-02T01:52:51.298+0000] {dag.py:4180} INFO - Setting next_dagrun for latest_only to 2025-05-01 20:00:00+00:00, run_after=2025-05-02 00:00:00+00:00
[2025-05-02T01:52:51.321+0000] {processor.py:208} INFO - Processing /home/airflow/.local/lib/python3.12/site-packages/airflow/example_dags/example_latest_only.py took 0.084 seconds
[2025-05-02T01:53:22.358+0000] {processor.py:186} INFO - Started process (PID=4507) to work on /home/airflow/.local/lib/python3.12/site-packages/airflow/example_dags/example_latest_only.py
[2025-05-02T01:53:22.361+0000] {processor.py:914} INFO - Processing file /home/airflow/.local/lib/python3.12/site-packages/airflow/example_dags/example_latest_only.py for tasks to queue
[2025-05-02T01:53:22.365+0000] {logging_mixin.py:190} INFO - [2025-05-02T01:53:22.364+0000] {dagbag.py:588} INFO - Filling up the DagBag from /home/airflow/.local/lib/python3.12/site-packages/airflow/example_dags/example_latest_only.py
[2025-05-02T01:53:22.377+0000] {processor.py:925} INFO - DAG(s) 'latest_only' retrieved from /home/airflow/.local/lib/python3.12/site-packages/airflow/example_dags/example_latest_only.py
[2025-05-02T01:53:22.410+0000] {logging_mixin.py:190} INFO - [2025-05-02T01:53:22.410+0000] {dag.py:3239} INFO - Sync 1 DAGs
[2025-05-02T01:53:22.445+0000] {logging_mixin.py:190} INFO - [2025-05-02T01:53:22.444+0000] {dag.py:4180} INFO - Setting next_dagrun for latest_only to 2025-05-01 20:00:00+00:00, run_after=2025-05-02 00:00:00+00:00
[2025-05-02T01:53:22.471+0000] {processor.py:208} INFO - Processing /home/airflow/.local/lib/python3.12/site-packages/airflow/example_dags/example_latest_only.py took 0.124 seconds
[2025-05-02T01:53:53.007+0000] {processor.py:186} INFO - Started process (PID=4570) to work on /home/airflow/.local/lib/python3.12/site-packages/airflow/example_dags/example_latest_only.py
[2025-05-02T01:53:53.009+0000] {processor.py:914} INFO - Processing file /home/airflow/.local/lib/python3.12/site-packages/airflow/example_dags/example_latest_only.py for tasks to queue
[2025-05-02T01:53:53.011+0000] {logging_mixin.py:190} INFO - [2025-05-02T01:53:53.011+0000] {dagbag.py:588} INFO - Filling up the DagBag from /home/airflow/.local/lib/python3.12/site-packages/airflow/example_dags/example_latest_only.py
[2025-05-02T01:53:53.020+0000] {processor.py:925} INFO - DAG(s) 'latest_only' retrieved from /home/airflow/.local/lib/python3.12/site-packages/airflow/example_dags/example_latest_only.py
[2025-05-02T01:53:53.043+0000] {logging_mixin.py:190} INFO - [2025-05-02T01:53:53.043+0000] {dag.py:3239} INFO - Sync 1 DAGs
[2025-05-02T01:53:53.077+0000] {logging_mixin.py:190} INFO - [2025-05-02T01:53:53.077+0000] {dag.py:4180} INFO - Setting next_dagrun for latest_only to 2025-05-01 20:00:00+00:00, run_after=2025-05-02 00:00:00+00:00
[2025-05-02T01:53:53.105+0000] {processor.py:208} INFO - Processing /home/airflow/.local/lib/python3.12/site-packages/airflow/example_dags/example_latest_only.py took 0.105 seconds
