[2025-05-02T01:17:06.581+0000] {processor.py:186} INFO - Started process (PID=99) to work on /home/airflow/.local/lib/python3.12/site-packages/airflow/example_dags/tutorial.py
[2025-05-02T01:17:06.582+0000] {processor.py:914} INFO - Processing file /home/airflow/.local/lib/python3.12/site-packages/airflow/example_dags/tutorial.py for tasks to queue
[2025-05-02T01:17:06.585+0000] {logging_mixin.py:190} INFO - [2025-05-02T01:17:06.584+0000] {dagbag.py:588} INFO - Filling up the DagBag from /home/airflow/.local/lib/python3.12/site-packages/airflow/example_dags/tutorial.py
[2025-05-02T01:17:06.594+0000] {processor.py:925} INFO - DAG(s) 'tutorial' retrieved from /home/airflow/.local/lib/python3.12/site-packages/airflow/example_dags/tutorial.py
[2025-05-02T01:17:06.724+0000] {logging_mixin.py:190} INFO - [2025-05-02T01:17:06.723+0000] {override.py:1912} INFO - Created Permission View: can delete on DAG:tutorial
[2025-05-02T01:17:06.739+0000] {logging_mixin.py:190} INFO - [2025-05-02T01:17:06.738+0000] {override.py:1912} INFO - Created Permission View: can edit on DAG:tutorial
[2025-05-02T01:17:06.748+0000] {logging_mixin.py:190} INFO - [2025-05-02T01:17:06.748+0000] {override.py:1912} INFO - Created Permission View: can read on DAG:tutorial
[2025-05-02T01:17:06.760+0000] {logging_mixin.py:190} INFO - [2025-05-02T01:17:06.759+0000] {override.py:1912} INFO - Created Permission View: menu access on DAG Run:tutorial
[2025-05-02T01:17:06.768+0000] {logging_mixin.py:190} INFO - [2025-05-02T01:17:06.768+0000] {override.py:1912} INFO - Created Permission View: can delete on DAG Run:tutorial
[2025-05-02T01:17:06.778+0000] {logging_mixin.py:190} INFO - [2025-05-02T01:17:06.777+0000] {override.py:1912} INFO - Created Permission View: can create on DAG Run:tutorial
[2025-05-02T01:17:06.789+0000] {logging_mixin.py:190} INFO - [2025-05-02T01:17:06.789+0000] {override.py:1912} INFO - Created Permission View: can read on DAG Run:tutorial
[2025-05-02T01:17:06.790+0000] {logging_mixin.py:190} INFO - [2025-05-02T01:17:06.789+0000] {dag.py:3239} INFO - Sync 1 DAGs
[2025-05-02T01:17:06.806+0000] {logging_mixin.py:190} INFO - [2025-05-02T01:17:06.806+0000] {dag.py:3262} INFO - Creating ORM DAG for tutorial
[2025-05-02T01:17:06.818+0000] {logging_mixin.py:190} INFO - [2025-05-02T01:17:06.817+0000] {dag.py:4180} INFO - Setting next_dagrun for tutorial to 2025-05-01 00:00:00+00:00, run_after=2025-05-02 00:00:00+00:00
[2025-05-02T01:17:06.839+0000] {processor.py:208} INFO - Processing /home/airflow/.local/lib/python3.12/site-packages/airflow/example_dags/tutorial.py took 0.266 seconds
[2025-05-02T01:17:38.024+0000] {processor.py:186} INFO - Started process (PID=162) to work on /home/airflow/.local/lib/python3.12/site-packages/airflow/example_dags/tutorial.py
[2025-05-02T01:17:38.026+0000] {processor.py:914} INFO - Processing file /home/airflow/.local/lib/python3.12/site-packages/airflow/example_dags/tutorial.py for tasks to queue
[2025-05-02T01:17:38.028+0000] {logging_mixin.py:190} INFO - [2025-05-02T01:17:38.028+0000] {dagbag.py:588} INFO - Filling up the DagBag from /home/airflow/.local/lib/python3.12/site-packages/airflow/example_dags/tutorial.py
[2025-05-02T01:17:38.039+0000] {processor.py:925} INFO - DAG(s) 'tutorial' retrieved from /home/airflow/.local/lib/python3.12/site-packages/airflow/example_dags/tutorial.py
[2025-05-02T01:17:38.068+0000] {logging_mixin.py:190} INFO - [2025-05-02T01:17:38.068+0000] {dag.py:3239} INFO - Sync 1 DAGs
[2025-05-02T01:17:38.099+0000] {logging_mixin.py:190} INFO - [2025-05-02T01:17:38.099+0000] {dag.py:4180} INFO - Setting next_dagrun for tutorial to 2025-05-01 00:00:00+00:00, run_after=2025-05-02 00:00:00+00:00
[2025-05-02T01:17:38.130+0000] {processor.py:208} INFO - Processing /home/airflow/.local/lib/python3.12/site-packages/airflow/example_dags/tutorial.py took 0.113 seconds
[2025-05-02T01:18:09.767+0000] {processor.py:186} INFO - Started process (PID=225) to work on /home/airflow/.local/lib/python3.12/site-packages/airflow/example_dags/tutorial.py
[2025-05-02T01:18:09.768+0000] {processor.py:914} INFO - Processing file /home/airflow/.local/lib/python3.12/site-packages/airflow/example_dags/tutorial.py for tasks to queue
[2025-05-02T01:18:09.770+0000] {logging_mixin.py:190} INFO - [2025-05-02T01:18:09.770+0000] {dagbag.py:588} INFO - Filling up the DagBag from /home/airflow/.local/lib/python3.12/site-packages/airflow/example_dags/tutorial.py
[2025-05-02T01:18:09.778+0000] {processor.py:925} INFO - DAG(s) 'tutorial' retrieved from /home/airflow/.local/lib/python3.12/site-packages/airflow/example_dags/tutorial.py
[2025-05-02T01:18:09.799+0000] {logging_mixin.py:190} INFO - [2025-05-02T01:18:09.799+0000] {dag.py:3239} INFO - Sync 1 DAGs
[2025-05-02T01:18:09.823+0000] {logging_mixin.py:190} INFO - [2025-05-02T01:18:09.823+0000] {dag.py:4180} INFO - Setting next_dagrun for tutorial to 2025-05-01 00:00:00+00:00, run_after=2025-05-02 00:00:00+00:00
[2025-05-02T01:18:09.845+0000] {processor.py:208} INFO - Processing /home/airflow/.local/lib/python3.12/site-packages/airflow/example_dags/tutorial.py took 0.084 seconds
[2025-05-02T01:18:42.828+0000] {processor.py:186} INFO - Started process (PID=287) to work on /home/airflow/.local/lib/python3.12/site-packages/airflow/example_dags/tutorial.py
[2025-05-02T01:18:42.838+0000] {processor.py:914} INFO - Processing file /home/airflow/.local/lib/python3.12/site-packages/airflow/example_dags/tutorial.py for tasks to queue
[2025-05-02T01:18:42.845+0000] {logging_mixin.py:190} INFO - [2025-05-02T01:18:42.844+0000] {dagbag.py:588} INFO - Filling up the DagBag from /home/airflow/.local/lib/python3.12/site-packages/airflow/example_dags/tutorial.py
[2025-05-02T01:18:42.863+0000] {processor.py:925} INFO - DAG(s) 'tutorial' retrieved from /home/airflow/.local/lib/python3.12/site-packages/airflow/example_dags/tutorial.py
[2025-05-02T01:18:42.910+0000] {logging_mixin.py:190} INFO - [2025-05-02T01:18:42.909+0000] {dag.py:3239} INFO - Sync 1 DAGs
[2025-05-02T01:18:42.967+0000] {logging_mixin.py:190} INFO - [2025-05-02T01:18:42.967+0000] {dag.py:4180} INFO - Setting next_dagrun for tutorial to 2025-05-01 00:00:00+00:00, run_after=2025-05-02 00:00:00+00:00
[2025-05-02T01:18:43.019+0000] {processor.py:208} INFO - Processing /home/airflow/.local/lib/python3.12/site-packages/airflow/example_dags/tutorial.py took 0.206 seconds
[2025-05-02T01:19:14.094+0000] {processor.py:186} INFO - Started process (PID=350) to work on /home/airflow/.local/lib/python3.12/site-packages/airflow/example_dags/tutorial.py
[2025-05-02T01:19:14.095+0000] {processor.py:914} INFO - Processing file /home/airflow/.local/lib/python3.12/site-packages/airflow/example_dags/tutorial.py for tasks to queue
[2025-05-02T01:19:14.100+0000] {logging_mixin.py:190} INFO - [2025-05-02T01:19:14.100+0000] {dagbag.py:588} INFO - Filling up the DagBag from /home/airflow/.local/lib/python3.12/site-packages/airflow/example_dags/tutorial.py
[2025-05-02T01:19:14.121+0000] {processor.py:925} INFO - DAG(s) 'tutorial' retrieved from /home/airflow/.local/lib/python3.12/site-packages/airflow/example_dags/tutorial.py
[2025-05-02T01:19:14.150+0000] {logging_mixin.py:190} INFO - [2025-05-02T01:19:14.150+0000] {dag.py:3239} INFO - Sync 1 DAGs
[2025-05-02T01:19:14.176+0000] {logging_mixin.py:190} INFO - [2025-05-02T01:19:14.176+0000] {dag.py:4180} INFO - Setting next_dagrun for tutorial to 2025-05-01 00:00:00+00:00, run_after=2025-05-02 00:00:00+00:00
[2025-05-02T01:19:14.209+0000] {processor.py:208} INFO - Processing /home/airflow/.local/lib/python3.12/site-packages/airflow/example_dags/tutorial.py took 0.122 seconds
[2025-05-02T01:19:45.152+0000] {processor.py:186} INFO - Started process (PID=413) to work on /home/airflow/.local/lib/python3.12/site-packages/airflow/example_dags/tutorial.py
[2025-05-02T01:19:45.153+0000] {processor.py:914} INFO - Processing file /home/airflow/.local/lib/python3.12/site-packages/airflow/example_dags/tutorial.py for tasks to queue
[2025-05-02T01:19:45.156+0000] {logging_mixin.py:190} INFO - [2025-05-02T01:19:45.155+0000] {dagbag.py:588} INFO - Filling up the DagBag from /home/airflow/.local/lib/python3.12/site-packages/airflow/example_dags/tutorial.py
[2025-05-02T01:19:45.163+0000] {processor.py:925} INFO - DAG(s) 'tutorial' retrieved from /home/airflow/.local/lib/python3.12/site-packages/airflow/example_dags/tutorial.py
[2025-05-02T01:19:45.183+0000] {logging_mixin.py:190} INFO - [2025-05-02T01:19:45.183+0000] {dag.py:3239} INFO - Sync 1 DAGs
[2025-05-02T01:19:45.209+0000] {logging_mixin.py:190} INFO - [2025-05-02T01:19:45.209+0000] {dag.py:4180} INFO - Setting next_dagrun for tutorial to 2025-05-01 00:00:00+00:00, run_after=2025-05-02 00:00:00+00:00
[2025-05-02T01:19:45.228+0000] {processor.py:208} INFO - Processing /home/airflow/.local/lib/python3.12/site-packages/airflow/example_dags/tutorial.py took 0.081 seconds
[2025-05-02T01:20:16.425+0000] {processor.py:186} INFO - Started process (PID=476) to work on /home/airflow/.local/lib/python3.12/site-packages/airflow/example_dags/tutorial.py
[2025-05-02T01:20:16.427+0000] {processor.py:914} INFO - Processing file /home/airflow/.local/lib/python3.12/site-packages/airflow/example_dags/tutorial.py for tasks to queue
[2025-05-02T01:20:16.430+0000] {logging_mixin.py:190} INFO - [2025-05-02T01:20:16.429+0000] {dagbag.py:588} INFO - Filling up the DagBag from /home/airflow/.local/lib/python3.12/site-packages/airflow/example_dags/tutorial.py
[2025-05-02T01:20:16.439+0000] {processor.py:925} INFO - DAG(s) 'tutorial' retrieved from /home/airflow/.local/lib/python3.12/site-packages/airflow/example_dags/tutorial.py
[2025-05-02T01:20:16.460+0000] {logging_mixin.py:190} INFO - [2025-05-02T01:20:16.460+0000] {dag.py:3239} INFO - Sync 1 DAGs
[2025-05-02T01:20:16.489+0000] {logging_mixin.py:190} INFO - [2025-05-02T01:20:16.489+0000] {dag.py:4180} INFO - Setting next_dagrun for tutorial to 2025-05-01 00:00:00+00:00, run_after=2025-05-02 00:00:00+00:00
[2025-05-02T01:20:16.515+0000] {processor.py:208} INFO - Processing /home/airflow/.local/lib/python3.12/site-packages/airflow/example_dags/tutorial.py took 0.097 seconds
[2025-05-02T01:20:48.069+0000] {processor.py:186} INFO - Started process (PID=540) to work on /home/airflow/.local/lib/python3.12/site-packages/airflow/example_dags/tutorial.py
[2025-05-02T01:20:48.070+0000] {processor.py:914} INFO - Processing file /home/airflow/.local/lib/python3.12/site-packages/airflow/example_dags/tutorial.py for tasks to queue
[2025-05-02T01:20:48.073+0000] {logging_mixin.py:190} INFO - [2025-05-02T01:20:48.072+0000] {dagbag.py:588} INFO - Filling up the DagBag from /home/airflow/.local/lib/python3.12/site-packages/airflow/example_dags/tutorial.py
[2025-05-02T01:20:48.083+0000] {processor.py:925} INFO - DAG(s) 'tutorial' retrieved from /home/airflow/.local/lib/python3.12/site-packages/airflow/example_dags/tutorial.py
[2025-05-02T01:20:48.109+0000] {logging_mixin.py:190} INFO - [2025-05-02T01:20:48.109+0000] {dag.py:3239} INFO - Sync 1 DAGs
[2025-05-02T01:20:48.138+0000] {logging_mixin.py:190} INFO - [2025-05-02T01:20:48.138+0000] {dag.py:4180} INFO - Setting next_dagrun for tutorial to 2025-05-01 00:00:00+00:00, run_after=2025-05-02 00:00:00+00:00
[2025-05-02T01:20:48.164+0000] {processor.py:208} INFO - Processing /home/airflow/.local/lib/python3.12/site-packages/airflow/example_dags/tutorial.py took 0.103 seconds
[2025-05-02T01:21:19.690+0000] {processor.py:186} INFO - Started process (PID=603) to work on /home/airflow/.local/lib/python3.12/site-packages/airflow/example_dags/tutorial.py
[2025-05-02T01:21:19.692+0000] {processor.py:914} INFO - Processing file /home/airflow/.local/lib/python3.12/site-packages/airflow/example_dags/tutorial.py for tasks to queue
[2025-05-02T01:21:19.695+0000] {logging_mixin.py:190} INFO - [2025-05-02T01:21:19.694+0000] {dagbag.py:588} INFO - Filling up the DagBag from /home/airflow/.local/lib/python3.12/site-packages/airflow/example_dags/tutorial.py
[2025-05-02T01:21:19.708+0000] {processor.py:925} INFO - DAG(s) 'tutorial' retrieved from /home/airflow/.local/lib/python3.12/site-packages/airflow/example_dags/tutorial.py
[2025-05-02T01:21:19.735+0000] {logging_mixin.py:190} INFO - [2025-05-02T01:21:19.735+0000] {dag.py:3239} INFO - Sync 1 DAGs
[2025-05-02T01:21:19.767+0000] {logging_mixin.py:190} INFO - [2025-05-02T01:21:19.766+0000] {dag.py:4180} INFO - Setting next_dagrun for tutorial to 2025-05-01 00:00:00+00:00, run_after=2025-05-02 00:00:00+00:00
[2025-05-02T01:21:19.799+0000] {processor.py:208} INFO - Processing /home/airflow/.local/lib/python3.12/site-packages/airflow/example_dags/tutorial.py took 0.119 seconds
[2025-05-02T01:21:51.562+0000] {processor.py:186} INFO - Started process (PID=666) to work on /home/airflow/.local/lib/python3.12/site-packages/airflow/example_dags/tutorial.py
[2025-05-02T01:21:51.566+0000] {processor.py:914} INFO - Processing file /home/airflow/.local/lib/python3.12/site-packages/airflow/example_dags/tutorial.py for tasks to queue
[2025-05-02T01:21:51.573+0000] {logging_mixin.py:190} INFO - [2025-05-02T01:21:51.572+0000] {dagbag.py:588} INFO - Filling up the DagBag from /home/airflow/.local/lib/python3.12/site-packages/airflow/example_dags/tutorial.py
[2025-05-02T01:21:51.613+0000] {processor.py:925} INFO - DAG(s) 'tutorial' retrieved from /home/airflow/.local/lib/python3.12/site-packages/airflow/example_dags/tutorial.py
[2025-05-02T01:21:51.689+0000] {logging_mixin.py:190} INFO - [2025-05-02T01:21:51.688+0000] {dag.py:3239} INFO - Sync 1 DAGs
[2025-05-02T01:21:51.736+0000] {logging_mixin.py:190} INFO - [2025-05-02T01:21:51.735+0000] {dag.py:4180} INFO - Setting next_dagrun for tutorial to 2025-05-01 00:00:00+00:00, run_after=2025-05-02 00:00:00+00:00
[2025-05-02T01:21:51.766+0000] {processor.py:208} INFO - Processing /home/airflow/.local/lib/python3.12/site-packages/airflow/example_dags/tutorial.py took 0.235 seconds
[2025-05-02T01:22:22.325+0000] {processor.py:186} INFO - Started process (PID=729) to work on /home/airflow/.local/lib/python3.12/site-packages/airflow/example_dags/tutorial.py
[2025-05-02T01:22:22.326+0000] {processor.py:914} INFO - Processing file /home/airflow/.local/lib/python3.12/site-packages/airflow/example_dags/tutorial.py for tasks to queue
[2025-05-02T01:22:22.328+0000] {logging_mixin.py:190} INFO - [2025-05-02T01:22:22.328+0000] {dagbag.py:588} INFO - Filling up the DagBag from /home/airflow/.local/lib/python3.12/site-packages/airflow/example_dags/tutorial.py
[2025-05-02T01:22:22.336+0000] {processor.py:925} INFO - DAG(s) 'tutorial' retrieved from /home/airflow/.local/lib/python3.12/site-packages/airflow/example_dags/tutorial.py
[2025-05-02T01:22:22.359+0000] {logging_mixin.py:190} INFO - [2025-05-02T01:22:22.359+0000] {dag.py:3239} INFO - Sync 1 DAGs
[2025-05-02T01:22:22.385+0000] {logging_mixin.py:190} INFO - [2025-05-02T01:22:22.385+0000] {dag.py:4180} INFO - Setting next_dagrun for tutorial to 2025-05-01 00:00:00+00:00, run_after=2025-05-02 00:00:00+00:00
[2025-05-02T01:22:22.406+0000] {processor.py:208} INFO - Processing /home/airflow/.local/lib/python3.12/site-packages/airflow/example_dags/tutorial.py took 0.087 seconds
[2025-05-02T01:22:54.427+0000] {processor.py:186} INFO - Started process (PID=792) to work on /home/airflow/.local/lib/python3.12/site-packages/airflow/example_dags/tutorial.py
[2025-05-02T01:22:54.429+0000] {processor.py:914} INFO - Processing file /home/airflow/.local/lib/python3.12/site-packages/airflow/example_dags/tutorial.py for tasks to queue
[2025-05-02T01:22:54.433+0000] {logging_mixin.py:190} INFO - [2025-05-02T01:22:54.432+0000] {dagbag.py:588} INFO - Filling up the DagBag from /home/airflow/.local/lib/python3.12/site-packages/airflow/example_dags/tutorial.py
[2025-05-02T01:22:54.451+0000] {processor.py:925} INFO - DAG(s) 'tutorial' retrieved from /home/airflow/.local/lib/python3.12/site-packages/airflow/example_dags/tutorial.py
[2025-05-02T01:22:54.492+0000] {logging_mixin.py:190} INFO - [2025-05-02T01:22:54.491+0000] {dag.py:3239} INFO - Sync 1 DAGs
[2025-05-02T01:22:54.570+0000] {logging_mixin.py:190} INFO - [2025-05-02T01:22:54.570+0000] {dag.py:4180} INFO - Setting next_dagrun for tutorial to 2025-05-01 00:00:00+00:00, run_after=2025-05-02 00:00:00+00:00
[2025-05-02T01:22:54.605+0000] {processor.py:208} INFO - Processing /home/airflow/.local/lib/python3.12/site-packages/airflow/example_dags/tutorial.py took 0.186 seconds
[2025-05-02T01:23:25.433+0000] {processor.py:186} INFO - Started process (PID=854) to work on /home/airflow/.local/lib/python3.12/site-packages/airflow/example_dags/tutorial.py
[2025-05-02T01:23:25.436+0000] {processor.py:914} INFO - Processing file /home/airflow/.local/lib/python3.12/site-packages/airflow/example_dags/tutorial.py for tasks to queue
[2025-05-02T01:23:25.438+0000] {logging_mixin.py:190} INFO - [2025-05-02T01:23:25.437+0000] {dagbag.py:588} INFO - Filling up the DagBag from /home/airflow/.local/lib/python3.12/site-packages/airflow/example_dags/tutorial.py
[2025-05-02T01:23:25.447+0000] {processor.py:925} INFO - DAG(s) 'tutorial' retrieved from /home/airflow/.local/lib/python3.12/site-packages/airflow/example_dags/tutorial.py
[2025-05-02T01:23:25.467+0000] {logging_mixin.py:190} INFO - [2025-05-02T01:23:25.466+0000] {dag.py:3239} INFO - Sync 1 DAGs
[2025-05-02T01:23:25.492+0000] {logging_mixin.py:190} INFO - [2025-05-02T01:23:25.491+0000] {dag.py:4180} INFO - Setting next_dagrun for tutorial to 2025-05-01 00:00:00+00:00, run_after=2025-05-02 00:00:00+00:00
[2025-05-02T01:23:25.508+0000] {processor.py:208} INFO - Processing /home/airflow/.local/lib/python3.12/site-packages/airflow/example_dags/tutorial.py took 0.081 seconds
[2025-05-02T01:23:56.533+0000] {processor.py:186} INFO - Started process (PID=917) to work on /home/airflow/.local/lib/python3.12/site-packages/airflow/example_dags/tutorial.py
[2025-05-02T01:23:56.535+0000] {processor.py:914} INFO - Processing file /home/airflow/.local/lib/python3.12/site-packages/airflow/example_dags/tutorial.py for tasks to queue
[2025-05-02T01:23:56.537+0000] {logging_mixin.py:190} INFO - [2025-05-02T01:23:56.537+0000] {dagbag.py:588} INFO - Filling up the DagBag from /home/airflow/.local/lib/python3.12/site-packages/airflow/example_dags/tutorial.py
[2025-05-02T01:23:56.546+0000] {processor.py:925} INFO - DAG(s) 'tutorial' retrieved from /home/airflow/.local/lib/python3.12/site-packages/airflow/example_dags/tutorial.py
[2025-05-02T01:23:56.572+0000] {logging_mixin.py:190} INFO - [2025-05-02T01:23:56.572+0000] {dag.py:3239} INFO - Sync 1 DAGs
[2025-05-02T01:23:56.600+0000] {logging_mixin.py:190} INFO - [2025-05-02T01:23:56.600+0000] {dag.py:4180} INFO - Setting next_dagrun for tutorial to 2025-05-01 00:00:00+00:00, run_after=2025-05-02 00:00:00+00:00
[2025-05-02T01:23:56.625+0000] {processor.py:208} INFO - Processing /home/airflow/.local/lib/python3.12/site-packages/airflow/example_dags/tutorial.py took 0.099 seconds
[2025-05-02T01:24:29.524+0000] {processor.py:186} INFO - Started process (PID=980) to work on /home/airflow/.local/lib/python3.12/site-packages/airflow/example_dags/tutorial.py
[2025-05-02T01:24:29.526+0000] {processor.py:914} INFO - Processing file /home/airflow/.local/lib/python3.12/site-packages/airflow/example_dags/tutorial.py for tasks to queue
[2025-05-02T01:24:29.532+0000] {logging_mixin.py:190} INFO - [2025-05-02T01:24:29.531+0000] {dagbag.py:588} INFO - Filling up the DagBag from /home/airflow/.local/lib/python3.12/site-packages/airflow/example_dags/tutorial.py
[2025-05-02T01:24:29.549+0000] {processor.py:925} INFO - DAG(s) 'tutorial' retrieved from /home/airflow/.local/lib/python3.12/site-packages/airflow/example_dags/tutorial.py
[2025-05-02T01:24:29.582+0000] {logging_mixin.py:190} INFO - [2025-05-02T01:24:29.582+0000] {dag.py:3239} INFO - Sync 1 DAGs
[2025-05-02T01:24:29.618+0000] {logging_mixin.py:190} INFO - [2025-05-02T01:24:29.618+0000] {dag.py:4180} INFO - Setting next_dagrun for tutorial to 2025-05-01 00:00:00+00:00, run_after=2025-05-02 00:00:00+00:00
[2025-05-02T01:24:29.649+0000] {processor.py:208} INFO - Processing /home/airflow/.local/lib/python3.12/site-packages/airflow/example_dags/tutorial.py took 0.138 seconds
[2025-05-02T01:25:00.695+0000] {processor.py:186} INFO - Started process (PID=1042) to work on /home/airflow/.local/lib/python3.12/site-packages/airflow/example_dags/tutorial.py
[2025-05-02T01:25:00.696+0000] {processor.py:914} INFO - Processing file /home/airflow/.local/lib/python3.12/site-packages/airflow/example_dags/tutorial.py for tasks to queue
[2025-05-02T01:25:00.701+0000] {logging_mixin.py:190} INFO - [2025-05-02T01:25:00.700+0000] {dagbag.py:588} INFO - Filling up the DagBag from /home/airflow/.local/lib/python3.12/site-packages/airflow/example_dags/tutorial.py
[2025-05-02T01:25:00.716+0000] {processor.py:925} INFO - DAG(s) 'tutorial' retrieved from /home/airflow/.local/lib/python3.12/site-packages/airflow/example_dags/tutorial.py
[2025-05-02T01:25:00.757+0000] {logging_mixin.py:190} INFO - [2025-05-02T01:25:00.756+0000] {dag.py:3239} INFO - Sync 1 DAGs
[2025-05-02T01:25:00.801+0000] {logging_mixin.py:190} INFO - [2025-05-02T01:25:00.800+0000] {dag.py:4180} INFO - Setting next_dagrun for tutorial to 2025-05-01 00:00:00+00:00, run_after=2025-05-02 00:00:00+00:00
[2025-05-02T01:25:00.833+0000] {processor.py:208} INFO - Processing /home/airflow/.local/lib/python3.12/site-packages/airflow/example_dags/tutorial.py took 0.149 seconds
[2025-05-02T01:25:32.700+0000] {processor.py:186} INFO - Started process (PID=1106) to work on /home/airflow/.local/lib/python3.12/site-packages/airflow/example_dags/tutorial.py
[2025-05-02T01:25:32.702+0000] {processor.py:914} INFO - Processing file /home/airflow/.local/lib/python3.12/site-packages/airflow/example_dags/tutorial.py for tasks to queue
[2025-05-02T01:25:32.707+0000] {logging_mixin.py:190} INFO - [2025-05-02T01:25:32.706+0000] {dagbag.py:588} INFO - Filling up the DagBag from /home/airflow/.local/lib/python3.12/site-packages/airflow/example_dags/tutorial.py
[2025-05-02T01:25:32.718+0000] {processor.py:925} INFO - DAG(s) 'tutorial' retrieved from /home/airflow/.local/lib/python3.12/site-packages/airflow/example_dags/tutorial.py
[2025-05-02T01:25:32.752+0000] {logging_mixin.py:190} INFO - [2025-05-02T01:25:32.751+0000] {dag.py:3239} INFO - Sync 1 DAGs
[2025-05-02T01:25:32.791+0000] {logging_mixin.py:190} INFO - [2025-05-02T01:25:32.791+0000] {dag.py:4180} INFO - Setting next_dagrun for tutorial to 2025-05-01 00:00:00+00:00, run_after=2025-05-02 00:00:00+00:00
[2025-05-02T01:25:32.820+0000] {processor.py:208} INFO - Processing /home/airflow/.local/lib/python3.12/site-packages/airflow/example_dags/tutorial.py took 0.128 seconds
[2025-05-02T01:26:03.910+0000] {processor.py:186} INFO - Started process (PID=1168) to work on /home/airflow/.local/lib/python3.12/site-packages/airflow/example_dags/tutorial.py
[2025-05-02T01:26:03.912+0000] {processor.py:914} INFO - Processing file /home/airflow/.local/lib/python3.12/site-packages/airflow/example_dags/tutorial.py for tasks to queue
[2025-05-02T01:26:03.916+0000] {logging_mixin.py:190} INFO - [2025-05-02T01:26:03.916+0000] {dagbag.py:588} INFO - Filling up the DagBag from /home/airflow/.local/lib/python3.12/site-packages/airflow/example_dags/tutorial.py
[2025-05-02T01:26:03.931+0000] {processor.py:925} INFO - DAG(s) 'tutorial' retrieved from /home/airflow/.local/lib/python3.12/site-packages/airflow/example_dags/tutorial.py
[2025-05-02T01:26:03.962+0000] {logging_mixin.py:190} INFO - [2025-05-02T01:26:03.961+0000] {dag.py:3239} INFO - Sync 1 DAGs
[2025-05-02T01:26:03.999+0000] {logging_mixin.py:190} INFO - [2025-05-02T01:26:03.999+0000] {dag.py:4180} INFO - Setting next_dagrun for tutorial to 2025-05-01 00:00:00+00:00, run_after=2025-05-02 00:00:00+00:00
[2025-05-02T01:26:04.032+0000] {processor.py:208} INFO - Processing /home/airflow/.local/lib/python3.12/site-packages/airflow/example_dags/tutorial.py took 0.131 seconds
[2025-05-02T01:26:35.075+0000] {processor.py:186} INFO - Started process (PID=1232) to work on /home/airflow/.local/lib/python3.12/site-packages/airflow/example_dags/tutorial.py
[2025-05-02T01:26:35.077+0000] {processor.py:914} INFO - Processing file /home/airflow/.local/lib/python3.12/site-packages/airflow/example_dags/tutorial.py for tasks to queue
[2025-05-02T01:26:35.080+0000] {logging_mixin.py:190} INFO - [2025-05-02T01:26:35.079+0000] {dagbag.py:588} INFO - Filling up the DagBag from /home/airflow/.local/lib/python3.12/site-packages/airflow/example_dags/tutorial.py
[2025-05-02T01:26:35.090+0000] {processor.py:925} INFO - DAG(s) 'tutorial' retrieved from /home/airflow/.local/lib/python3.12/site-packages/airflow/example_dags/tutorial.py
[2025-05-02T01:26:35.116+0000] {logging_mixin.py:190} INFO - [2025-05-02T01:26:35.116+0000] {dag.py:3239} INFO - Sync 1 DAGs
[2025-05-02T01:26:35.204+0000] {logging_mixin.py:190} INFO - [2025-05-02T01:26:35.201+0000] {dag.py:4180} INFO - Setting next_dagrun for tutorial to 2025-05-01 00:00:00+00:00, run_after=2025-05-02 00:00:00+00:00
[2025-05-02T01:26:35.336+0000] {processor.py:208} INFO - Processing /home/airflow/.local/lib/python3.12/site-packages/airflow/example_dags/tutorial.py took 0.268 seconds
[2025-05-02T01:27:06.205+0000] {processor.py:186} INFO - Started process (PID=1302) to work on /home/airflow/.local/lib/python3.12/site-packages/airflow/example_dags/tutorial.py
[2025-05-02T01:27:06.206+0000] {processor.py:914} INFO - Processing file /home/airflow/.local/lib/python3.12/site-packages/airflow/example_dags/tutorial.py for tasks to queue
[2025-05-02T01:27:06.212+0000] {logging_mixin.py:190} INFO - [2025-05-02T01:27:06.211+0000] {dagbag.py:588} INFO - Filling up the DagBag from /home/airflow/.local/lib/python3.12/site-packages/airflow/example_dags/tutorial.py
[2025-05-02T01:27:06.222+0000] {processor.py:925} INFO - DAG(s) 'tutorial' retrieved from /home/airflow/.local/lib/python3.12/site-packages/airflow/example_dags/tutorial.py
[2025-05-02T01:27:06.252+0000] {logging_mixin.py:190} INFO - [2025-05-02T01:27:06.251+0000] {dag.py:3239} INFO - Sync 1 DAGs
[2025-05-02T01:27:06.283+0000] {logging_mixin.py:190} INFO - [2025-05-02T01:27:06.282+0000] {dag.py:4180} INFO - Setting next_dagrun for tutorial to 2025-05-01 00:00:00+00:00, run_after=2025-05-02 00:00:00+00:00
[2025-05-02T01:27:06.310+0000] {processor.py:208} INFO - Processing /home/airflow/.local/lib/python3.12/site-packages/airflow/example_dags/tutorial.py took 0.114 seconds
[2025-05-02T01:27:37.551+0000] {processor.py:186} INFO - Started process (PID=1365) to work on /home/airflow/.local/lib/python3.12/site-packages/airflow/example_dags/tutorial.py
[2025-05-02T01:27:37.554+0000] {processor.py:914} INFO - Processing file /home/airflow/.local/lib/python3.12/site-packages/airflow/example_dags/tutorial.py for tasks to queue
[2025-05-02T01:27:37.558+0000] {logging_mixin.py:190} INFO - [2025-05-02T01:27:37.557+0000] {dagbag.py:588} INFO - Filling up the DagBag from /home/airflow/.local/lib/python3.12/site-packages/airflow/example_dags/tutorial.py
[2025-05-02T01:27:37.566+0000] {processor.py:925} INFO - DAG(s) 'tutorial' retrieved from /home/airflow/.local/lib/python3.12/site-packages/airflow/example_dags/tutorial.py
[2025-05-02T01:27:37.594+0000] {logging_mixin.py:190} INFO - [2025-05-02T01:27:37.593+0000] {dag.py:3239} INFO - Sync 1 DAGs
[2025-05-02T01:27:37.625+0000] {logging_mixin.py:190} INFO - [2025-05-02T01:27:37.625+0000] {dag.py:4180} INFO - Setting next_dagrun for tutorial to 2025-05-01 00:00:00+00:00, run_after=2025-05-02 00:00:00+00:00
[2025-05-02T01:27:37.679+0000] {processor.py:208} INFO - Processing /home/airflow/.local/lib/python3.12/site-packages/airflow/example_dags/tutorial.py took 0.136 seconds
[2025-05-02T01:28:08.699+0000] {processor.py:186} INFO - Started process (PID=1428) to work on /home/airflow/.local/lib/python3.12/site-packages/airflow/example_dags/tutorial.py
[2025-05-02T01:28:08.700+0000] {processor.py:914} INFO - Processing file /home/airflow/.local/lib/python3.12/site-packages/airflow/example_dags/tutorial.py for tasks to queue
[2025-05-02T01:28:08.702+0000] {logging_mixin.py:190} INFO - [2025-05-02T01:28:08.701+0000] {dagbag.py:588} INFO - Filling up the DagBag from /home/airflow/.local/lib/python3.12/site-packages/airflow/example_dags/tutorial.py
[2025-05-02T01:28:08.710+0000] {processor.py:925} INFO - DAG(s) 'tutorial' retrieved from /home/airflow/.local/lib/python3.12/site-packages/airflow/example_dags/tutorial.py
[2025-05-02T01:28:08.731+0000] {logging_mixin.py:190} INFO - [2025-05-02T01:28:08.730+0000] {dag.py:3239} INFO - Sync 1 DAGs
[2025-05-02T01:28:08.768+0000] {logging_mixin.py:190} INFO - [2025-05-02T01:28:08.768+0000] {dag.py:4180} INFO - Setting next_dagrun for tutorial to 2025-05-01 00:00:00+00:00, run_after=2025-05-02 00:00:00+00:00
[2025-05-02T01:28:08.800+0000] {processor.py:208} INFO - Processing /home/airflow/.local/lib/python3.12/site-packages/airflow/example_dags/tutorial.py took 0.107 seconds
[2025-05-02T01:28:40.088+0000] {processor.py:186} INFO - Started process (PID=1491) to work on /home/airflow/.local/lib/python3.12/site-packages/airflow/example_dags/tutorial.py
[2025-05-02T01:28:40.089+0000] {processor.py:914} INFO - Processing file /home/airflow/.local/lib/python3.12/site-packages/airflow/example_dags/tutorial.py for tasks to queue
[2025-05-02T01:28:40.093+0000] {logging_mixin.py:190} INFO - [2025-05-02T01:28:40.092+0000] {dagbag.py:588} INFO - Filling up the DagBag from /home/airflow/.local/lib/python3.12/site-packages/airflow/example_dags/tutorial.py
[2025-05-02T01:28:40.104+0000] {processor.py:925} INFO - DAG(s) 'tutorial' retrieved from /home/airflow/.local/lib/python3.12/site-packages/airflow/example_dags/tutorial.py
[2025-05-02T01:28:40.140+0000] {logging_mixin.py:190} INFO - [2025-05-02T01:28:40.139+0000] {dag.py:3239} INFO - Sync 1 DAGs
[2025-05-02T01:28:40.189+0000] {logging_mixin.py:190} INFO - [2025-05-02T01:28:40.188+0000] {dag.py:4180} INFO - Setting next_dagrun for tutorial to 2025-05-01 00:00:00+00:00, run_after=2025-05-02 00:00:00+00:00
[2025-05-02T01:28:40.221+0000] {processor.py:208} INFO - Processing /home/airflow/.local/lib/python3.12/site-packages/airflow/example_dags/tutorial.py took 0.141 seconds
[2025-05-02T01:29:11.436+0000] {processor.py:186} INFO - Started process (PID=1554) to work on /home/airflow/.local/lib/python3.12/site-packages/airflow/example_dags/tutorial.py
[2025-05-02T01:29:11.437+0000] {processor.py:914} INFO - Processing file /home/airflow/.local/lib/python3.12/site-packages/airflow/example_dags/tutorial.py for tasks to queue
[2025-05-02T01:29:11.440+0000] {logging_mixin.py:190} INFO - [2025-05-02T01:29:11.439+0000] {dagbag.py:588} INFO - Filling up the DagBag from /home/airflow/.local/lib/python3.12/site-packages/airflow/example_dags/tutorial.py
[2025-05-02T01:29:11.448+0000] {processor.py:925} INFO - DAG(s) 'tutorial' retrieved from /home/airflow/.local/lib/python3.12/site-packages/airflow/example_dags/tutorial.py
[2025-05-02T01:29:11.469+0000] {logging_mixin.py:190} INFO - [2025-05-02T01:29:11.469+0000] {dag.py:3239} INFO - Sync 1 DAGs
[2025-05-02T01:29:11.493+0000] {logging_mixin.py:190} INFO - [2025-05-02T01:29:11.493+0000] {dag.py:4180} INFO - Setting next_dagrun for tutorial to 2025-05-01 00:00:00+00:00, run_after=2025-05-02 00:00:00+00:00
[2025-05-02T01:29:11.513+0000] {processor.py:208} INFO - Processing /home/airflow/.local/lib/python3.12/site-packages/airflow/example_dags/tutorial.py took 0.084 seconds
[2025-05-02T01:29:42.387+0000] {processor.py:186} INFO - Started process (PID=1617) to work on /home/airflow/.local/lib/python3.12/site-packages/airflow/example_dags/tutorial.py
[2025-05-02T01:29:42.389+0000] {processor.py:914} INFO - Processing file /home/airflow/.local/lib/python3.12/site-packages/airflow/example_dags/tutorial.py for tasks to queue
[2025-05-02T01:29:42.392+0000] {logging_mixin.py:190} INFO - [2025-05-02T01:29:42.391+0000] {dagbag.py:588} INFO - Filling up the DagBag from /home/airflow/.local/lib/python3.12/site-packages/airflow/example_dags/tutorial.py
[2025-05-02T01:29:42.402+0000] {processor.py:925} INFO - DAG(s) 'tutorial' retrieved from /home/airflow/.local/lib/python3.12/site-packages/airflow/example_dags/tutorial.py
[2025-05-02T01:29:42.430+0000] {logging_mixin.py:190} INFO - [2025-05-02T01:29:42.428+0000] {dag.py:3239} INFO - Sync 1 DAGs
[2025-05-02T01:29:42.468+0000] {logging_mixin.py:190} INFO - [2025-05-02T01:29:42.468+0000] {dag.py:4180} INFO - Setting next_dagrun for tutorial to 2025-05-01 00:00:00+00:00, run_after=2025-05-02 00:00:00+00:00
[2025-05-02T01:29:42.498+0000] {processor.py:208} INFO - Processing /home/airflow/.local/lib/python3.12/site-packages/airflow/example_dags/tutorial.py took 0.119 seconds
[2025-05-02T01:30:13.312+0000] {processor.py:186} INFO - Started process (PID=1681) to work on /home/airflow/.local/lib/python3.12/site-packages/airflow/example_dags/tutorial.py
[2025-05-02T01:30:13.313+0000] {processor.py:914} INFO - Processing file /home/airflow/.local/lib/python3.12/site-packages/airflow/example_dags/tutorial.py for tasks to queue
[2025-05-02T01:30:13.316+0000] {logging_mixin.py:190} INFO - [2025-05-02T01:30:13.315+0000] {dagbag.py:588} INFO - Filling up the DagBag from /home/airflow/.local/lib/python3.12/site-packages/airflow/example_dags/tutorial.py
[2025-05-02T01:30:13.325+0000] {processor.py:925} INFO - DAG(s) 'tutorial' retrieved from /home/airflow/.local/lib/python3.12/site-packages/airflow/example_dags/tutorial.py
[2025-05-02T01:30:13.353+0000] {logging_mixin.py:190} INFO - [2025-05-02T01:30:13.353+0000] {dag.py:3239} INFO - Sync 1 DAGs
[2025-05-02T01:30:13.381+0000] {logging_mixin.py:190} INFO - [2025-05-02T01:30:13.381+0000] {dag.py:4180} INFO - Setting next_dagrun for tutorial to 2025-05-01 00:00:00+00:00, run_after=2025-05-02 00:00:00+00:00
[2025-05-02T01:30:13.402+0000] {processor.py:208} INFO - Processing /home/airflow/.local/lib/python3.12/site-packages/airflow/example_dags/tutorial.py took 0.098 seconds
[2025-05-02T01:30:45.346+0000] {processor.py:186} INFO - Started process (PID=1744) to work on /home/airflow/.local/lib/python3.12/site-packages/airflow/example_dags/tutorial.py
[2025-05-02T01:30:45.348+0000] {processor.py:914} INFO - Processing file /home/airflow/.local/lib/python3.12/site-packages/airflow/example_dags/tutorial.py for tasks to queue
[2025-05-02T01:30:45.350+0000] {logging_mixin.py:190} INFO - [2025-05-02T01:30:45.350+0000] {dagbag.py:588} INFO - Filling up the DagBag from /home/airflow/.local/lib/python3.12/site-packages/airflow/example_dags/tutorial.py
[2025-05-02T01:30:45.360+0000] {processor.py:925} INFO - DAG(s) 'tutorial' retrieved from /home/airflow/.local/lib/python3.12/site-packages/airflow/example_dags/tutorial.py
[2025-05-02T01:30:45.388+0000] {logging_mixin.py:190} INFO - [2025-05-02T01:30:45.388+0000] {dag.py:3239} INFO - Sync 1 DAGs
[2025-05-02T01:30:45.416+0000] {logging_mixin.py:190} INFO - [2025-05-02T01:30:45.416+0000] {dag.py:4180} INFO - Setting next_dagrun for tutorial to 2025-05-01 00:00:00+00:00, run_after=2025-05-02 00:00:00+00:00
[2025-05-02T01:30:45.442+0000] {processor.py:208} INFO - Processing /home/airflow/.local/lib/python3.12/site-packages/airflow/example_dags/tutorial.py took 0.103 seconds
[2025-05-02T01:31:16.411+0000] {processor.py:186} INFO - Started process (PID=1807) to work on /home/airflow/.local/lib/python3.12/site-packages/airflow/example_dags/tutorial.py
[2025-05-02T01:31:16.412+0000] {processor.py:914} INFO - Processing file /home/airflow/.local/lib/python3.12/site-packages/airflow/example_dags/tutorial.py for tasks to queue
[2025-05-02T01:31:16.414+0000] {logging_mixin.py:190} INFO - [2025-05-02T01:31:16.414+0000] {dagbag.py:588} INFO - Filling up the DagBag from /home/airflow/.local/lib/python3.12/site-packages/airflow/example_dags/tutorial.py
[2025-05-02T01:31:16.424+0000] {processor.py:925} INFO - DAG(s) 'tutorial' retrieved from /home/airflow/.local/lib/python3.12/site-packages/airflow/example_dags/tutorial.py
[2025-05-02T01:31:16.449+0000] {logging_mixin.py:190} INFO - [2025-05-02T01:31:16.448+0000] {dag.py:3239} INFO - Sync 1 DAGs
[2025-05-02T01:31:16.477+0000] {logging_mixin.py:190} INFO - [2025-05-02T01:31:16.476+0000] {dag.py:4180} INFO - Setting next_dagrun for tutorial to 2025-05-01 00:00:00+00:00, run_after=2025-05-02 00:00:00+00:00
[2025-05-02T01:31:16.501+0000] {processor.py:208} INFO - Processing /home/airflow/.local/lib/python3.12/site-packages/airflow/example_dags/tutorial.py took 0.097 seconds
[2025-05-02T01:31:48.343+0000] {processor.py:186} INFO - Started process (PID=1870) to work on /home/airflow/.local/lib/python3.12/site-packages/airflow/example_dags/tutorial.py
[2025-05-02T01:31:48.344+0000] {processor.py:914} INFO - Processing file /home/airflow/.local/lib/python3.12/site-packages/airflow/example_dags/tutorial.py for tasks to queue
[2025-05-02T01:31:48.347+0000] {logging_mixin.py:190} INFO - [2025-05-02T01:31:48.347+0000] {dagbag.py:588} INFO - Filling up the DagBag from /home/airflow/.local/lib/python3.12/site-packages/airflow/example_dags/tutorial.py
[2025-05-02T01:31:48.358+0000] {processor.py:925} INFO - DAG(s) 'tutorial' retrieved from /home/airflow/.local/lib/python3.12/site-packages/airflow/example_dags/tutorial.py
[2025-05-02T01:31:48.390+0000] {logging_mixin.py:190} INFO - [2025-05-02T01:31:48.389+0000] {dag.py:3239} INFO - Sync 1 DAGs
[2025-05-02T01:31:48.422+0000] {logging_mixin.py:190} INFO - [2025-05-02T01:31:48.422+0000] {dag.py:4180} INFO - Setting next_dagrun for tutorial to 2025-05-01 00:00:00+00:00, run_after=2025-05-02 00:00:00+00:00
[2025-05-02T01:31:48.451+0000] {processor.py:208} INFO - Processing /home/airflow/.local/lib/python3.12/site-packages/airflow/example_dags/tutorial.py took 0.117 seconds
[2025-05-02T01:32:20.049+0000] {processor.py:186} INFO - Started process (PID=1933) to work on /home/airflow/.local/lib/python3.12/site-packages/airflow/example_dags/tutorial.py
[2025-05-02T01:32:20.051+0000] {processor.py:914} INFO - Processing file /home/airflow/.local/lib/python3.12/site-packages/airflow/example_dags/tutorial.py for tasks to queue
[2025-05-02T01:32:20.054+0000] {logging_mixin.py:190} INFO - [2025-05-02T01:32:20.054+0000] {dagbag.py:588} INFO - Filling up the DagBag from /home/airflow/.local/lib/python3.12/site-packages/airflow/example_dags/tutorial.py
[2025-05-02T01:32:20.064+0000] {processor.py:925} INFO - DAG(s) 'tutorial' retrieved from /home/airflow/.local/lib/python3.12/site-packages/airflow/example_dags/tutorial.py
[2025-05-02T01:32:20.091+0000] {logging_mixin.py:190} INFO - [2025-05-02T01:32:20.091+0000] {dag.py:3239} INFO - Sync 1 DAGs
[2025-05-02T01:32:20.120+0000] {logging_mixin.py:190} INFO - [2025-05-02T01:32:20.119+0000] {dag.py:4180} INFO - Setting next_dagrun for tutorial to 2025-05-01 00:00:00+00:00, run_after=2025-05-02 00:00:00+00:00
[2025-05-02T01:32:20.146+0000] {processor.py:208} INFO - Processing /home/airflow/.local/lib/python3.12/site-packages/airflow/example_dags/tutorial.py took 0.104 seconds
[2025-05-02T01:32:51.452+0000] {processor.py:186} INFO - Started process (PID=1996) to work on /home/airflow/.local/lib/python3.12/site-packages/airflow/example_dags/tutorial.py
[2025-05-02T01:32:51.453+0000] {processor.py:914} INFO - Processing file /home/airflow/.local/lib/python3.12/site-packages/airflow/example_dags/tutorial.py for tasks to queue
[2025-05-02T01:32:51.456+0000] {logging_mixin.py:190} INFO - [2025-05-02T01:32:51.456+0000] {dagbag.py:588} INFO - Filling up the DagBag from /home/airflow/.local/lib/python3.12/site-packages/airflow/example_dags/tutorial.py
[2025-05-02T01:32:51.466+0000] {processor.py:925} INFO - DAG(s) 'tutorial' retrieved from /home/airflow/.local/lib/python3.12/site-packages/airflow/example_dags/tutorial.py
[2025-05-02T01:32:51.498+0000] {logging_mixin.py:190} INFO - [2025-05-02T01:32:51.498+0000] {dag.py:3239} INFO - Sync 1 DAGs
[2025-05-02T01:32:51.531+0000] {logging_mixin.py:190} INFO - [2025-05-02T01:32:51.531+0000] {dag.py:4180} INFO - Setting next_dagrun for tutorial to 2025-05-01 00:00:00+00:00, run_after=2025-05-02 00:00:00+00:00
[2025-05-02T01:32:51.560+0000] {processor.py:208} INFO - Processing /home/airflow/.local/lib/python3.12/site-packages/airflow/example_dags/tutorial.py took 0.115 seconds
[2025-05-02T01:33:22.435+0000] {processor.py:186} INFO - Started process (PID=2058) to work on /home/airflow/.local/lib/python3.12/site-packages/airflow/example_dags/tutorial.py
[2025-05-02T01:33:22.436+0000] {processor.py:914} INFO - Processing file /home/airflow/.local/lib/python3.12/site-packages/airflow/example_dags/tutorial.py for tasks to queue
[2025-05-02T01:33:22.439+0000] {logging_mixin.py:190} INFO - [2025-05-02T01:33:22.438+0000] {dagbag.py:588} INFO - Filling up the DagBag from /home/airflow/.local/lib/python3.12/site-packages/airflow/example_dags/tutorial.py
[2025-05-02T01:33:22.447+0000] {processor.py:925} INFO - DAG(s) 'tutorial' retrieved from /home/airflow/.local/lib/python3.12/site-packages/airflow/example_dags/tutorial.py
[2025-05-02T01:33:22.472+0000] {logging_mixin.py:190} INFO - [2025-05-02T01:33:22.471+0000] {dag.py:3239} INFO - Sync 1 DAGs
[2025-05-02T01:33:22.502+0000] {logging_mixin.py:190} INFO - [2025-05-02T01:33:22.501+0000] {dag.py:4180} INFO - Setting next_dagrun for tutorial to 2025-05-01 00:00:00+00:00, run_after=2025-05-02 00:00:00+00:00
[2025-05-02T01:33:22.523+0000] {processor.py:208} INFO - Processing /home/airflow/.local/lib/python3.12/site-packages/airflow/example_dags/tutorial.py took 0.094 seconds
[2025-05-02T01:33:53.700+0000] {processor.py:186} INFO - Started process (PID=2122) to work on /home/airflow/.local/lib/python3.12/site-packages/airflow/example_dags/tutorial.py
[2025-05-02T01:33:53.701+0000] {processor.py:914} INFO - Processing file /home/airflow/.local/lib/python3.12/site-packages/airflow/example_dags/tutorial.py for tasks to queue
[2025-05-02T01:33:53.704+0000] {logging_mixin.py:190} INFO - [2025-05-02T01:33:53.703+0000] {dagbag.py:588} INFO - Filling up the DagBag from /home/airflow/.local/lib/python3.12/site-packages/airflow/example_dags/tutorial.py
[2025-05-02T01:33:53.711+0000] {processor.py:925} INFO - DAG(s) 'tutorial' retrieved from /home/airflow/.local/lib/python3.12/site-packages/airflow/example_dags/tutorial.py
[2025-05-02T01:33:53.732+0000] {logging_mixin.py:190} INFO - [2025-05-02T01:33:53.732+0000] {dag.py:3239} INFO - Sync 1 DAGs
[2025-05-02T01:33:53.755+0000] {logging_mixin.py:190} INFO - [2025-05-02T01:33:53.754+0000] {dag.py:4180} INFO - Setting next_dagrun for tutorial to 2025-05-01 00:00:00+00:00, run_after=2025-05-02 00:00:00+00:00
[2025-05-02T01:33:53.775+0000] {processor.py:208} INFO - Processing /home/airflow/.local/lib/python3.12/site-packages/airflow/example_dags/tutorial.py took 0.081 seconds
[2025-05-02T01:34:24.586+0000] {processor.py:186} INFO - Started process (PID=2186) to work on /home/airflow/.local/lib/python3.12/site-packages/airflow/example_dags/tutorial.py
[2025-05-02T01:34:24.587+0000] {processor.py:914} INFO - Processing file /home/airflow/.local/lib/python3.12/site-packages/airflow/example_dags/tutorial.py for tasks to queue
[2025-05-02T01:34:24.590+0000] {logging_mixin.py:190} INFO - [2025-05-02T01:34:24.590+0000] {dagbag.py:588} INFO - Filling up the DagBag from /home/airflow/.local/lib/python3.12/site-packages/airflow/example_dags/tutorial.py
[2025-05-02T01:34:24.600+0000] {processor.py:925} INFO - DAG(s) 'tutorial' retrieved from /home/airflow/.local/lib/python3.12/site-packages/airflow/example_dags/tutorial.py
[2025-05-02T01:34:24.620+0000] {logging_mixin.py:190} INFO - [2025-05-02T01:34:24.620+0000] {dag.py:3239} INFO - Sync 1 DAGs
[2025-05-02T01:34:24.643+0000] {logging_mixin.py:190} INFO - [2025-05-02T01:34:24.642+0000] {dag.py:4180} INFO - Setting next_dagrun for tutorial to 2025-05-01 00:00:00+00:00, run_after=2025-05-02 00:00:00+00:00
[2025-05-02T01:34:24.662+0000] {processor.py:208} INFO - Processing /home/airflow/.local/lib/python3.12/site-packages/airflow/example_dags/tutorial.py took 0.083 seconds
[2025-05-02T01:34:55.913+0000] {processor.py:186} INFO - Started process (PID=2249) to work on /home/airflow/.local/lib/python3.12/site-packages/airflow/example_dags/tutorial.py
[2025-05-02T01:34:55.915+0000] {processor.py:914} INFO - Processing file /home/airflow/.local/lib/python3.12/site-packages/airflow/example_dags/tutorial.py for tasks to queue
[2025-05-02T01:34:55.917+0000] {logging_mixin.py:190} INFO - [2025-05-02T01:34:55.917+0000] {dagbag.py:588} INFO - Filling up the DagBag from /home/airflow/.local/lib/python3.12/site-packages/airflow/example_dags/tutorial.py
[2025-05-02T01:34:55.927+0000] {processor.py:925} INFO - DAG(s) 'tutorial' retrieved from /home/airflow/.local/lib/python3.12/site-packages/airflow/example_dags/tutorial.py
[2025-05-02T01:34:55.948+0000] {logging_mixin.py:190} INFO - [2025-05-02T01:34:55.948+0000] {dag.py:3239} INFO - Sync 1 DAGs
[2025-05-02T01:34:55.974+0000] {logging_mixin.py:190} INFO - [2025-05-02T01:34:55.973+0000] {dag.py:4180} INFO - Setting next_dagrun for tutorial to 2025-05-01 00:00:00+00:00, run_after=2025-05-02 00:00:00+00:00
[2025-05-02T01:34:56.001+0000] {processor.py:208} INFO - Processing /home/airflow/.local/lib/python3.12/site-packages/airflow/example_dags/tutorial.py took 0.094 seconds
[2025-05-02T01:35:27.145+0000] {processor.py:186} INFO - Started process (PID=2312) to work on /home/airflow/.local/lib/python3.12/site-packages/airflow/example_dags/tutorial.py
[2025-05-02T01:35:27.148+0000] {processor.py:914} INFO - Processing file /home/airflow/.local/lib/python3.12/site-packages/airflow/example_dags/tutorial.py for tasks to queue
[2025-05-02T01:35:27.152+0000] {logging_mixin.py:190} INFO - [2025-05-02T01:35:27.151+0000] {dagbag.py:588} INFO - Filling up the DagBag from /home/airflow/.local/lib/python3.12/site-packages/airflow/example_dags/tutorial.py
[2025-05-02T01:35:27.164+0000] {processor.py:925} INFO - DAG(s) 'tutorial' retrieved from /home/airflow/.local/lib/python3.12/site-packages/airflow/example_dags/tutorial.py
[2025-05-02T01:35:27.202+0000] {logging_mixin.py:190} INFO - [2025-05-02T01:35:27.202+0000] {dag.py:3239} INFO - Sync 1 DAGs
[2025-05-02T01:35:27.242+0000] {logging_mixin.py:190} INFO - [2025-05-02T01:35:27.242+0000] {dag.py:4180} INFO - Setting next_dagrun for tutorial to 2025-05-01 00:00:00+00:00, run_after=2025-05-02 00:00:00+00:00
[2025-05-02T01:35:27.288+0000] {processor.py:208} INFO - Processing /home/airflow/.local/lib/python3.12/site-packages/airflow/example_dags/tutorial.py took 0.155 seconds
[2025-05-02T01:35:59.386+0000] {processor.py:186} INFO - Started process (PID=2375) to work on /home/airflow/.local/lib/python3.12/site-packages/airflow/example_dags/tutorial.py
[2025-05-02T01:35:59.388+0000] {processor.py:914} INFO - Processing file /home/airflow/.local/lib/python3.12/site-packages/airflow/example_dags/tutorial.py for tasks to queue
[2025-05-02T01:35:59.391+0000] {logging_mixin.py:190} INFO - [2025-05-02T01:35:59.391+0000] {dagbag.py:588} INFO - Filling up the DagBag from /home/airflow/.local/lib/python3.12/site-packages/airflow/example_dags/tutorial.py
[2025-05-02T01:35:59.404+0000] {processor.py:925} INFO - DAG(s) 'tutorial' retrieved from /home/airflow/.local/lib/python3.12/site-packages/airflow/example_dags/tutorial.py
[2025-05-02T01:35:59.431+0000] {logging_mixin.py:190} INFO - [2025-05-02T01:35:59.431+0000] {dag.py:3239} INFO - Sync 1 DAGs
[2025-05-02T01:35:59.463+0000] {logging_mixin.py:190} INFO - [2025-05-02T01:35:59.463+0000] {dag.py:4180} INFO - Setting next_dagrun for tutorial to 2025-05-01 00:00:00+00:00, run_after=2025-05-02 00:00:00+00:00
[2025-05-02T01:35:59.491+0000] {processor.py:208} INFO - Processing /home/airflow/.local/lib/python3.12/site-packages/airflow/example_dags/tutorial.py took 0.114 seconds
[2025-05-02T01:36:30.997+0000] {processor.py:186} INFO - Started process (PID=2440) to work on /home/airflow/.local/lib/python3.12/site-packages/airflow/example_dags/tutorial.py
[2025-05-02T01:36:30.998+0000] {processor.py:914} INFO - Processing file /home/airflow/.local/lib/python3.12/site-packages/airflow/example_dags/tutorial.py for tasks to queue
[2025-05-02T01:36:31.001+0000] {logging_mixin.py:190} INFO - [2025-05-02T01:36:31.000+0000] {dagbag.py:588} INFO - Filling up the DagBag from /home/airflow/.local/lib/python3.12/site-packages/airflow/example_dags/tutorial.py
[2025-05-02T01:36:31.010+0000] {processor.py:925} INFO - DAG(s) 'tutorial' retrieved from /home/airflow/.local/lib/python3.12/site-packages/airflow/example_dags/tutorial.py
[2025-05-02T01:36:31.036+0000] {logging_mixin.py:190} INFO - [2025-05-02T01:36:31.036+0000] {dag.py:3239} INFO - Sync 1 DAGs
[2025-05-02T01:36:31.063+0000] {logging_mixin.py:190} INFO - [2025-05-02T01:36:31.062+0000] {dag.py:4180} INFO - Setting next_dagrun for tutorial to 2025-05-01 00:00:00+00:00, run_after=2025-05-02 00:00:00+00:00
[2025-05-02T01:36:31.086+0000] {processor.py:208} INFO - Processing /home/airflow/.local/lib/python3.12/site-packages/airflow/example_dags/tutorial.py took 0.096 seconds
[2025-05-02T01:37:02.473+0000] {processor.py:186} INFO - Started process (PID=2502) to work on /home/airflow/.local/lib/python3.12/site-packages/airflow/example_dags/tutorial.py
[2025-05-02T01:37:02.475+0000] {processor.py:914} INFO - Processing file /home/airflow/.local/lib/python3.12/site-packages/airflow/example_dags/tutorial.py for tasks to queue
[2025-05-02T01:37:02.478+0000] {logging_mixin.py:190} INFO - [2025-05-02T01:37:02.478+0000] {dagbag.py:588} INFO - Filling up the DagBag from /home/airflow/.local/lib/python3.12/site-packages/airflow/example_dags/tutorial.py
[2025-05-02T01:37:02.490+0000] {processor.py:925} INFO - DAG(s) 'tutorial' retrieved from /home/airflow/.local/lib/python3.12/site-packages/airflow/example_dags/tutorial.py
[2025-05-02T01:37:02.523+0000] {logging_mixin.py:190} INFO - [2025-05-02T01:37:02.523+0000] {dag.py:3239} INFO - Sync 1 DAGs
[2025-05-02T01:37:02.559+0000] {logging_mixin.py:190} INFO - [2025-05-02T01:37:02.559+0000] {dag.py:4180} INFO - Setting next_dagrun for tutorial to 2025-05-01 00:00:00+00:00, run_after=2025-05-02 00:00:00+00:00
[2025-05-02T01:37:02.590+0000] {processor.py:208} INFO - Processing /home/airflow/.local/lib/python3.12/site-packages/airflow/example_dags/tutorial.py took 0.127 seconds
[2025-05-02T01:37:34.007+0000] {processor.py:186} INFO - Started process (PID=2568) to work on /home/airflow/.local/lib/python3.12/site-packages/airflow/example_dags/tutorial.py
[2025-05-02T01:37:34.010+0000] {processor.py:914} INFO - Processing file /home/airflow/.local/lib/python3.12/site-packages/airflow/example_dags/tutorial.py for tasks to queue
[2025-05-02T01:37:34.013+0000] {logging_mixin.py:190} INFO - [2025-05-02T01:37:34.012+0000] {dagbag.py:588} INFO - Filling up the DagBag from /home/airflow/.local/lib/python3.12/site-packages/airflow/example_dags/tutorial.py
[2025-05-02T01:37:34.025+0000] {processor.py:925} INFO - DAG(s) 'tutorial' retrieved from /home/airflow/.local/lib/python3.12/site-packages/airflow/example_dags/tutorial.py
[2025-05-02T01:37:34.064+0000] {logging_mixin.py:190} INFO - [2025-05-02T01:37:34.064+0000] {dag.py:3239} INFO - Sync 1 DAGs
[2025-05-02T01:37:34.100+0000] {logging_mixin.py:190} INFO - [2025-05-02T01:37:34.100+0000] {dag.py:4180} INFO - Setting next_dagrun for tutorial to 2025-05-01 00:00:00+00:00, run_after=2025-05-02 00:00:00+00:00
[2025-05-02T01:37:34.130+0000] {processor.py:208} INFO - Processing /home/airflow/.local/lib/python3.12/site-packages/airflow/example_dags/tutorial.py took 0.133 seconds
[2025-05-02T01:38:04.983+0000] {processor.py:186} INFO - Started process (PID=2633) to work on /home/airflow/.local/lib/python3.12/site-packages/airflow/example_dags/tutorial.py
[2025-05-02T01:38:04.984+0000] {processor.py:914} INFO - Processing file /home/airflow/.local/lib/python3.12/site-packages/airflow/example_dags/tutorial.py for tasks to queue
[2025-05-02T01:38:04.986+0000] {logging_mixin.py:190} INFO - [2025-05-02T01:38:04.986+0000] {dagbag.py:588} INFO - Filling up the DagBag from /home/airflow/.local/lib/python3.12/site-packages/airflow/example_dags/tutorial.py
[2025-05-02T01:38:04.995+0000] {processor.py:925} INFO - DAG(s) 'tutorial' retrieved from /home/airflow/.local/lib/python3.12/site-packages/airflow/example_dags/tutorial.py
[2025-05-02T01:38:05.026+0000] {logging_mixin.py:190} INFO - [2025-05-02T01:38:05.025+0000] {dag.py:3239} INFO - Sync 1 DAGs
[2025-05-02T01:38:05.052+0000] {logging_mixin.py:190} INFO - [2025-05-02T01:38:05.052+0000] {dag.py:4180} INFO - Setting next_dagrun for tutorial to 2025-05-01 00:00:00+00:00, run_after=2025-05-02 00:00:00+00:00
[2025-05-02T01:38:05.075+0000] {processor.py:208} INFO - Processing /home/airflow/.local/lib/python3.12/site-packages/airflow/example_dags/tutorial.py took 0.097 seconds
[2025-05-02T01:38:35.238+0000] {processor.py:186} INFO - Started process (PID=2696) to work on /home/airflow/.local/lib/python3.12/site-packages/airflow/example_dags/tutorial.py
[2025-05-02T01:38:35.239+0000] {processor.py:914} INFO - Processing file /home/airflow/.local/lib/python3.12/site-packages/airflow/example_dags/tutorial.py for tasks to queue
[2025-05-02T01:38:35.242+0000] {logging_mixin.py:190} INFO - [2025-05-02T01:38:35.242+0000] {dagbag.py:588} INFO - Filling up the DagBag from /home/airflow/.local/lib/python3.12/site-packages/airflow/example_dags/tutorial.py
[2025-05-02T01:38:35.252+0000] {processor.py:925} INFO - DAG(s) 'tutorial' retrieved from /home/airflow/.local/lib/python3.12/site-packages/airflow/example_dags/tutorial.py
[2025-05-02T01:38:35.277+0000] {logging_mixin.py:190} INFO - [2025-05-02T01:38:35.276+0000] {dag.py:3239} INFO - Sync 1 DAGs
[2025-05-02T01:38:35.308+0000] {logging_mixin.py:190} INFO - [2025-05-02T01:38:35.307+0000] {dag.py:4180} INFO - Setting next_dagrun for tutorial to 2025-05-01 00:00:00+00:00, run_after=2025-05-02 00:00:00+00:00
[2025-05-02T01:38:35.333+0000] {processor.py:208} INFO - Processing /home/airflow/.local/lib/python3.12/site-packages/airflow/example_dags/tutorial.py took 0.102 seconds
[2025-05-02T01:39:05.917+0000] {processor.py:186} INFO - Started process (PID=2758) to work on /home/airflow/.local/lib/python3.12/site-packages/airflow/example_dags/tutorial.py
[2025-05-02T01:39:05.919+0000] {processor.py:914} INFO - Processing file /home/airflow/.local/lib/python3.12/site-packages/airflow/example_dags/tutorial.py for tasks to queue
[2025-05-02T01:39:05.921+0000] {logging_mixin.py:190} INFO - [2025-05-02T01:39:05.921+0000] {dagbag.py:588} INFO - Filling up the DagBag from /home/airflow/.local/lib/python3.12/site-packages/airflow/example_dags/tutorial.py
[2025-05-02T01:39:05.931+0000] {processor.py:925} INFO - DAG(s) 'tutorial' retrieved from /home/airflow/.local/lib/python3.12/site-packages/airflow/example_dags/tutorial.py
[2025-05-02T01:39:05.956+0000] {logging_mixin.py:190} INFO - [2025-05-02T01:39:05.956+0000] {dag.py:3239} INFO - Sync 1 DAGs
[2025-05-02T01:39:05.987+0000] {logging_mixin.py:190} INFO - [2025-05-02T01:39:05.986+0000] {dag.py:4180} INFO - Setting next_dagrun for tutorial to 2025-05-01 00:00:00+00:00, run_after=2025-05-02 00:00:00+00:00
[2025-05-02T01:39:06.012+0000] {processor.py:208} INFO - Processing /home/airflow/.local/lib/python3.12/site-packages/airflow/example_dags/tutorial.py took 0.102 seconds
[2025-05-02T01:39:36.637+0000] {processor.py:186} INFO - Started process (PID=2821) to work on /home/airflow/.local/lib/python3.12/site-packages/airflow/example_dags/tutorial.py
[2025-05-02T01:39:36.639+0000] {processor.py:914} INFO - Processing file /home/airflow/.local/lib/python3.12/site-packages/airflow/example_dags/tutorial.py for tasks to queue
[2025-05-02T01:39:36.642+0000] {logging_mixin.py:190} INFO - [2025-05-02T01:39:36.641+0000] {dagbag.py:588} INFO - Filling up the DagBag from /home/airflow/.local/lib/python3.12/site-packages/airflow/example_dags/tutorial.py
[2025-05-02T01:39:36.652+0000] {processor.py:925} INFO - DAG(s) 'tutorial' retrieved from /home/airflow/.local/lib/python3.12/site-packages/airflow/example_dags/tutorial.py
[2025-05-02T01:39:36.675+0000] {logging_mixin.py:190} INFO - [2025-05-02T01:39:36.674+0000] {dag.py:3239} INFO - Sync 1 DAGs
[2025-05-02T01:39:36.699+0000] {logging_mixin.py:190} INFO - [2025-05-02T01:39:36.699+0000] {dag.py:4180} INFO - Setting next_dagrun for tutorial to 2025-05-01 00:00:00+00:00, run_after=2025-05-02 00:00:00+00:00
[2025-05-02T01:39:36.719+0000] {processor.py:208} INFO - Processing /home/airflow/.local/lib/python3.12/site-packages/airflow/example_dags/tutorial.py took 0.088 seconds
[2025-05-02T01:40:07.332+0000] {processor.py:186} INFO - Started process (PID=2884) to work on /home/airflow/.local/lib/python3.12/site-packages/airflow/example_dags/tutorial.py
[2025-05-02T01:40:07.336+0000] {processor.py:914} INFO - Processing file /home/airflow/.local/lib/python3.12/site-packages/airflow/example_dags/tutorial.py for tasks to queue
[2025-05-02T01:40:07.341+0000] {logging_mixin.py:190} INFO - [2025-05-02T01:40:07.340+0000] {dagbag.py:588} INFO - Filling up the DagBag from /home/airflow/.local/lib/python3.12/site-packages/airflow/example_dags/tutorial.py
[2025-05-02T01:40:07.363+0000] {processor.py:925} INFO - DAG(s) 'tutorial' retrieved from /home/airflow/.local/lib/python3.12/site-packages/airflow/example_dags/tutorial.py
[2025-05-02T01:40:07.417+0000] {logging_mixin.py:190} INFO - [2025-05-02T01:40:07.416+0000] {dag.py:3239} INFO - Sync 1 DAGs
[2025-05-02T01:40:07.486+0000] {logging_mixin.py:190} INFO - [2025-05-02T01:40:07.485+0000] {dag.py:4180} INFO - Setting next_dagrun for tutorial to 2025-05-01 00:00:00+00:00, run_after=2025-05-02 00:00:00+00:00
[2025-05-02T01:40:07.546+0000] {processor.py:208} INFO - Processing /home/airflow/.local/lib/python3.12/site-packages/airflow/example_dags/tutorial.py took 0.229 seconds
[2025-05-02T01:40:37.789+0000] {processor.py:186} INFO - Started process (PID=2947) to work on /home/airflow/.local/lib/python3.12/site-packages/airflow/example_dags/tutorial.py
[2025-05-02T01:40:37.791+0000] {processor.py:914} INFO - Processing file /home/airflow/.local/lib/python3.12/site-packages/airflow/example_dags/tutorial.py for tasks to queue
[2025-05-02T01:40:37.794+0000] {logging_mixin.py:190} INFO - [2025-05-02T01:40:37.794+0000] {dagbag.py:588} INFO - Filling up the DagBag from /home/airflow/.local/lib/python3.12/site-packages/airflow/example_dags/tutorial.py
[2025-05-02T01:40:37.809+0000] {processor.py:925} INFO - DAG(s) 'tutorial' retrieved from /home/airflow/.local/lib/python3.12/site-packages/airflow/example_dags/tutorial.py
[2025-05-02T01:40:37.855+0000] {logging_mixin.py:190} INFO - [2025-05-02T01:40:37.854+0000] {dag.py:3239} INFO - Sync 1 DAGs
[2025-05-02T01:40:37.902+0000] {logging_mixin.py:190} INFO - [2025-05-02T01:40:37.901+0000] {dag.py:4180} INFO - Setting next_dagrun for tutorial to 2025-05-01 00:00:00+00:00, run_after=2025-05-02 00:00:00+00:00
[2025-05-02T01:40:37.953+0000] {processor.py:208} INFO - Processing /home/airflow/.local/lib/python3.12/site-packages/airflow/example_dags/tutorial.py took 0.175 seconds
[2025-05-02T01:41:08.588+0000] {processor.py:186} INFO - Started process (PID=3010) to work on /home/airflow/.local/lib/python3.12/site-packages/airflow/example_dags/tutorial.py
[2025-05-02T01:41:08.592+0000] {processor.py:914} INFO - Processing file /home/airflow/.local/lib/python3.12/site-packages/airflow/example_dags/tutorial.py for tasks to queue
[2025-05-02T01:41:08.599+0000] {logging_mixin.py:190} INFO - [2025-05-02T01:41:08.598+0000] {dagbag.py:588} INFO - Filling up the DagBag from /home/airflow/.local/lib/python3.12/site-packages/airflow/example_dags/tutorial.py
[2025-05-02T01:41:08.623+0000] {processor.py:925} INFO - DAG(s) 'tutorial' retrieved from /home/airflow/.local/lib/python3.12/site-packages/airflow/example_dags/tutorial.py
[2025-05-02T01:41:08.675+0000] {logging_mixin.py:190} INFO - [2025-05-02T01:41:08.674+0000] {dag.py:3239} INFO - Sync 1 DAGs
[2025-05-02T01:41:08.743+0000] {logging_mixin.py:190} INFO - [2025-05-02T01:41:08.742+0000] {dag.py:4180} INFO - Setting next_dagrun for tutorial to 2025-05-01 00:00:00+00:00, run_after=2025-05-02 00:00:00+00:00
[2025-05-02T01:41:08.799+0000] {processor.py:208} INFO - Processing /home/airflow/.local/lib/python3.12/site-packages/airflow/example_dags/tutorial.py took 0.229 seconds
[2025-05-02T01:41:39.482+0000] {processor.py:186} INFO - Started process (PID=3073) to work on /home/airflow/.local/lib/python3.12/site-packages/airflow/example_dags/tutorial.py
[2025-05-02T01:41:39.487+0000] {processor.py:914} INFO - Processing file /home/airflow/.local/lib/python3.12/site-packages/airflow/example_dags/tutorial.py for tasks to queue
[2025-05-02T01:41:39.494+0000] {logging_mixin.py:190} INFO - [2025-05-02T01:41:39.493+0000] {dagbag.py:588} INFO - Filling up the DagBag from /home/airflow/.local/lib/python3.12/site-packages/airflow/example_dags/tutorial.py
[2025-05-02T01:41:39.522+0000] {processor.py:925} INFO - DAG(s) 'tutorial' retrieved from /home/airflow/.local/lib/python3.12/site-packages/airflow/example_dags/tutorial.py
[2025-05-02T01:41:39.567+0000] {logging_mixin.py:190} INFO - [2025-05-02T01:41:39.567+0000] {dag.py:3239} INFO - Sync 1 DAGs
[2025-05-02T01:41:39.594+0000] {logging_mixin.py:190} INFO - [2025-05-02T01:41:39.594+0000] {dag.py:4180} INFO - Setting next_dagrun for tutorial to 2025-05-01 00:00:00+00:00, run_after=2025-05-02 00:00:00+00:00
[2025-05-02T01:41:39.622+0000] {processor.py:208} INFO - Processing /home/airflow/.local/lib/python3.12/site-packages/airflow/example_dags/tutorial.py took 0.170 seconds
[2025-05-02T01:42:10.765+0000] {processor.py:186} INFO - Started process (PID=3141) to work on /home/airflow/.local/lib/python3.12/site-packages/airflow/example_dags/tutorial.py
[2025-05-02T01:42:10.768+0000] {processor.py:914} INFO - Processing file /home/airflow/.local/lib/python3.12/site-packages/airflow/example_dags/tutorial.py for tasks to queue
[2025-05-02T01:42:10.772+0000] {logging_mixin.py:190} INFO - [2025-05-02T01:42:10.772+0000] {dagbag.py:588} INFO - Filling up the DagBag from /home/airflow/.local/lib/python3.12/site-packages/airflow/example_dags/tutorial.py
[2025-05-02T01:42:10.791+0000] {processor.py:925} INFO - DAG(s) 'tutorial' retrieved from /home/airflow/.local/lib/python3.12/site-packages/airflow/example_dags/tutorial.py
[2025-05-02T01:42:10.839+0000] {logging_mixin.py:190} INFO - [2025-05-02T01:42:10.839+0000] {dag.py:3239} INFO - Sync 1 DAGs
[2025-05-02T01:42:10.901+0000] {logging_mixin.py:190} INFO - [2025-05-02T01:42:10.900+0000] {dag.py:4180} INFO - Setting next_dagrun for tutorial to 2025-05-01 00:00:00+00:00, run_after=2025-05-02 00:00:00+00:00
[2025-05-02T01:42:10.949+0000] {processor.py:208} INFO - Processing /home/airflow/.local/lib/python3.12/site-packages/airflow/example_dags/tutorial.py took 0.198 seconds
[2025-05-02T01:42:41.871+0000] {processor.py:186} INFO - Started process (PID=3205) to work on /home/airflow/.local/lib/python3.12/site-packages/airflow/example_dags/tutorial.py
[2025-05-02T01:42:41.873+0000] {processor.py:914} INFO - Processing file /home/airflow/.local/lib/python3.12/site-packages/airflow/example_dags/tutorial.py for tasks to queue
[2025-05-02T01:42:41.876+0000] {logging_mixin.py:190} INFO - [2025-05-02T01:42:41.876+0000] {dagbag.py:588} INFO - Filling up the DagBag from /home/airflow/.local/lib/python3.12/site-packages/airflow/example_dags/tutorial.py
[2025-05-02T01:42:41.888+0000] {processor.py:925} INFO - DAG(s) 'tutorial' retrieved from /home/airflow/.local/lib/python3.12/site-packages/airflow/example_dags/tutorial.py
[2025-05-02T01:42:41.913+0000] {logging_mixin.py:190} INFO - [2025-05-02T01:42:41.913+0000] {dag.py:3239} INFO - Sync 1 DAGs
[2025-05-02T01:42:41.937+0000] {logging_mixin.py:190} INFO - [2025-05-02T01:42:41.937+0000] {dag.py:4180} INFO - Setting next_dagrun for tutorial to 2025-05-01 00:00:00+00:00, run_after=2025-05-02 00:00:00+00:00
[2025-05-02T01:42:41.960+0000] {processor.py:208} INFO - Processing /home/airflow/.local/lib/python3.12/site-packages/airflow/example_dags/tutorial.py took 0.096 seconds
[2025-05-02T01:43:12.837+0000] {processor.py:186} INFO - Started process (PID=3268) to work on /home/airflow/.local/lib/python3.12/site-packages/airflow/example_dags/tutorial.py
[2025-05-02T01:43:12.844+0000] {processor.py:914} INFO - Processing file /home/airflow/.local/lib/python3.12/site-packages/airflow/example_dags/tutorial.py for tasks to queue
[2025-05-02T01:43:12.848+0000] {logging_mixin.py:190} INFO - [2025-05-02T01:43:12.847+0000] {dagbag.py:588} INFO - Filling up the DagBag from /home/airflow/.local/lib/python3.12/site-packages/airflow/example_dags/tutorial.py
[2025-05-02T01:43:12.857+0000] {processor.py:925} INFO - DAG(s) 'tutorial' retrieved from /home/airflow/.local/lib/python3.12/site-packages/airflow/example_dags/tutorial.py
[2025-05-02T01:43:12.892+0000] {logging_mixin.py:190} INFO - [2025-05-02T01:43:12.892+0000] {dag.py:3239} INFO - Sync 1 DAGs
[2025-05-02T01:43:12.931+0000] {logging_mixin.py:190} INFO - [2025-05-02T01:43:12.931+0000] {dag.py:4180} INFO - Setting next_dagrun for tutorial to 2025-05-01 00:00:00+00:00, run_after=2025-05-02 00:00:00+00:00
[2025-05-02T01:43:12.954+0000] {processor.py:208} INFO - Processing /home/airflow/.local/lib/python3.12/site-packages/airflow/example_dags/tutorial.py took 0.122 seconds
[2025-05-02T01:43:43.442+0000] {processor.py:186} INFO - Started process (PID=3331) to work on /home/airflow/.local/lib/python3.12/site-packages/airflow/example_dags/tutorial.py
[2025-05-02T01:43:43.444+0000] {processor.py:914} INFO - Processing file /home/airflow/.local/lib/python3.12/site-packages/airflow/example_dags/tutorial.py for tasks to queue
[2025-05-02T01:43:43.448+0000] {logging_mixin.py:190} INFO - [2025-05-02T01:43:43.448+0000] {dagbag.py:588} INFO - Filling up the DagBag from /home/airflow/.local/lib/python3.12/site-packages/airflow/example_dags/tutorial.py
[2025-05-02T01:43:43.459+0000] {processor.py:925} INFO - DAG(s) 'tutorial' retrieved from /home/airflow/.local/lib/python3.12/site-packages/airflow/example_dags/tutorial.py
[2025-05-02T01:43:43.491+0000] {logging_mixin.py:190} INFO - [2025-05-02T01:43:43.490+0000] {dag.py:3239} INFO - Sync 1 DAGs
[2025-05-02T01:43:43.529+0000] {logging_mixin.py:190} INFO - [2025-05-02T01:43:43.528+0000] {dag.py:4180} INFO - Setting next_dagrun for tutorial to 2025-05-01 00:00:00+00:00, run_after=2025-05-02 00:00:00+00:00
[2025-05-02T01:43:43.558+0000] {processor.py:208} INFO - Processing /home/airflow/.local/lib/python3.12/site-packages/airflow/example_dags/tutorial.py took 0.126 seconds
[2025-05-02T01:44:13.888+0000] {processor.py:186} INFO - Started process (PID=3394) to work on /home/airflow/.local/lib/python3.12/site-packages/airflow/example_dags/tutorial.py
[2025-05-02T01:44:13.893+0000] {processor.py:914} INFO - Processing file /home/airflow/.local/lib/python3.12/site-packages/airflow/example_dags/tutorial.py for tasks to queue
[2025-05-02T01:44:13.901+0000] {logging_mixin.py:190} INFO - [2025-05-02T01:44:13.899+0000] {dagbag.py:588} INFO - Filling up the DagBag from /home/airflow/.local/lib/python3.12/site-packages/airflow/example_dags/tutorial.py
[2025-05-02T01:44:13.935+0000] {processor.py:925} INFO - DAG(s) 'tutorial' retrieved from /home/airflow/.local/lib/python3.12/site-packages/airflow/example_dags/tutorial.py
[2025-05-02T01:44:14.013+0000] {logging_mixin.py:190} INFO - [2025-05-02T01:44:14.012+0000] {dag.py:3239} INFO - Sync 1 DAGs
[2025-05-02T01:44:14.046+0000] {logging_mixin.py:190} INFO - [2025-05-02T01:44:14.046+0000] {dag.py:4180} INFO - Setting next_dagrun for tutorial to 2025-05-01 00:00:00+00:00, run_after=2025-05-02 00:00:00+00:00
[2025-05-02T01:44:14.080+0000] {processor.py:208} INFO - Processing /home/airflow/.local/lib/python3.12/site-packages/airflow/example_dags/tutorial.py took 0.216 seconds
[2025-05-02T01:44:44.733+0000] {processor.py:186} INFO - Started process (PID=3457) to work on /home/airflow/.local/lib/python3.12/site-packages/airflow/example_dags/tutorial.py
[2025-05-02T01:44:44.744+0000] {processor.py:914} INFO - Processing file /home/airflow/.local/lib/python3.12/site-packages/airflow/example_dags/tutorial.py for tasks to queue
[2025-05-02T01:44:44.747+0000] {logging_mixin.py:190} INFO - [2025-05-02T01:44:44.747+0000] {dagbag.py:588} INFO - Filling up the DagBag from /home/airflow/.local/lib/python3.12/site-packages/airflow/example_dags/tutorial.py
[2025-05-02T01:44:44.760+0000] {processor.py:925} INFO - DAG(s) 'tutorial' retrieved from /home/airflow/.local/lib/python3.12/site-packages/airflow/example_dags/tutorial.py
[2025-05-02T01:44:44.794+0000] {logging_mixin.py:190} INFO - [2025-05-02T01:44:44.793+0000] {dag.py:3239} INFO - Sync 1 DAGs
[2025-05-02T01:44:44.824+0000] {logging_mixin.py:190} INFO - [2025-05-02T01:44:44.824+0000] {dag.py:4180} INFO - Setting next_dagrun for tutorial to 2025-05-01 00:00:00+00:00, run_after=2025-05-02 00:00:00+00:00
[2025-05-02T01:44:44.858+0000] {processor.py:208} INFO - Processing /home/airflow/.local/lib/python3.12/site-packages/airflow/example_dags/tutorial.py took 0.131 seconds
[2025-05-02T01:45:15.678+0000] {processor.py:186} INFO - Started process (PID=3520) to work on /home/airflow/.local/lib/python3.12/site-packages/airflow/example_dags/tutorial.py
[2025-05-02T01:45:15.680+0000] {processor.py:914} INFO - Processing file /home/airflow/.local/lib/python3.12/site-packages/airflow/example_dags/tutorial.py for tasks to queue
[2025-05-02T01:45:15.686+0000] {logging_mixin.py:190} INFO - [2025-05-02T01:45:15.685+0000] {dagbag.py:588} INFO - Filling up the DagBag from /home/airflow/.local/lib/python3.12/site-packages/airflow/example_dags/tutorial.py
[2025-05-02T01:45:15.709+0000] {processor.py:925} INFO - DAG(s) 'tutorial' retrieved from /home/airflow/.local/lib/python3.12/site-packages/airflow/example_dags/tutorial.py
[2025-05-02T01:45:15.765+0000] {logging_mixin.py:190} INFO - [2025-05-02T01:45:15.764+0000] {dag.py:3239} INFO - Sync 1 DAGs
[2025-05-02T01:45:15.841+0000] {logging_mixin.py:190} INFO - [2025-05-02T01:45:15.830+0000] {dag.py:4180} INFO - Setting next_dagrun for tutorial to 2025-05-01 00:00:00+00:00, run_after=2025-05-02 00:00:00+00:00
[2025-05-02T01:45:15.918+0000] {processor.py:208} INFO - Processing /home/airflow/.local/lib/python3.12/site-packages/airflow/example_dags/tutorial.py took 0.269 seconds
[2025-05-02T01:45:46.098+0000] {processor.py:186} INFO - Started process (PID=3583) to work on /home/airflow/.local/lib/python3.12/site-packages/airflow/example_dags/tutorial.py
[2025-05-02T01:45:46.101+0000] {processor.py:914} INFO - Processing file /home/airflow/.local/lib/python3.12/site-packages/airflow/example_dags/tutorial.py for tasks to queue
[2025-05-02T01:45:46.107+0000] {logging_mixin.py:190} INFO - [2025-05-02T01:45:46.106+0000] {dagbag.py:588} INFO - Filling up the DagBag from /home/airflow/.local/lib/python3.12/site-packages/airflow/example_dags/tutorial.py
[2025-05-02T01:45:46.131+0000] {processor.py:925} INFO - DAG(s) 'tutorial' retrieved from /home/airflow/.local/lib/python3.12/site-packages/airflow/example_dags/tutorial.py
[2025-05-02T01:45:46.181+0000] {logging_mixin.py:190} INFO - [2025-05-02T01:45:46.180+0000] {dag.py:3239} INFO - Sync 1 DAGs
[2025-05-02T01:45:46.233+0000] {logging_mixin.py:190} INFO - [2025-05-02T01:45:46.232+0000] {dag.py:4180} INFO - Setting next_dagrun for tutorial to 2025-05-01 00:00:00+00:00, run_after=2025-05-02 00:00:00+00:00
[2025-05-02T01:45:46.286+0000] {processor.py:208} INFO - Processing /home/airflow/.local/lib/python3.12/site-packages/airflow/example_dags/tutorial.py took 0.208 seconds
[2025-05-02T01:46:16.397+0000] {processor.py:186} INFO - Started process (PID=3646) to work on /home/airflow/.local/lib/python3.12/site-packages/airflow/example_dags/tutorial.py
[2025-05-02T01:46:16.398+0000] {processor.py:914} INFO - Processing file /home/airflow/.local/lib/python3.12/site-packages/airflow/example_dags/tutorial.py for tasks to queue
[2025-05-02T01:46:16.401+0000] {logging_mixin.py:190} INFO - [2025-05-02T01:46:16.400+0000] {dagbag.py:588} INFO - Filling up the DagBag from /home/airflow/.local/lib/python3.12/site-packages/airflow/example_dags/tutorial.py
[2025-05-02T01:46:16.410+0000] {processor.py:925} INFO - DAG(s) 'tutorial' retrieved from /home/airflow/.local/lib/python3.12/site-packages/airflow/example_dags/tutorial.py
[2025-05-02T01:46:16.432+0000] {logging_mixin.py:190} INFO - [2025-05-02T01:46:16.431+0000] {dag.py:3239} INFO - Sync 1 DAGs
[2025-05-02T01:46:16.455+0000] {logging_mixin.py:190} INFO - [2025-05-02T01:46:16.455+0000] {dag.py:4180} INFO - Setting next_dagrun for tutorial to 2025-05-01 00:00:00+00:00, run_after=2025-05-02 00:00:00+00:00
[2025-05-02T01:46:16.478+0000] {processor.py:208} INFO - Processing /home/airflow/.local/lib/python3.12/site-packages/airflow/example_dags/tutorial.py took 0.091 seconds
[2025-05-02T01:46:47.434+0000] {processor.py:186} INFO - Started process (PID=3709) to work on /home/airflow/.local/lib/python3.12/site-packages/airflow/example_dags/tutorial.py
[2025-05-02T01:46:47.437+0000] {processor.py:914} INFO - Processing file /home/airflow/.local/lib/python3.12/site-packages/airflow/example_dags/tutorial.py for tasks to queue
[2025-05-02T01:46:47.444+0000] {logging_mixin.py:190} INFO - [2025-05-02T01:46:47.443+0000] {dagbag.py:588} INFO - Filling up the DagBag from /home/airflow/.local/lib/python3.12/site-packages/airflow/example_dags/tutorial.py
[2025-05-02T01:46:47.479+0000] {processor.py:925} INFO - DAG(s) 'tutorial' retrieved from /home/airflow/.local/lib/python3.12/site-packages/airflow/example_dags/tutorial.py
[2025-05-02T01:46:47.581+0000] {logging_mixin.py:190} INFO - [2025-05-02T01:46:47.580+0000] {dag.py:3239} INFO - Sync 1 DAGs
[2025-05-02T01:46:47.658+0000] {logging_mixin.py:190} INFO - [2025-05-02T01:46:47.657+0000] {dag.py:4180} INFO - Setting next_dagrun for tutorial to 2025-05-01 00:00:00+00:00, run_after=2025-05-02 00:00:00+00:00
[2025-05-02T01:46:47.714+0000] {processor.py:208} INFO - Processing /home/airflow/.local/lib/python3.12/site-packages/airflow/example_dags/tutorial.py took 0.280 seconds
[2025-05-02T01:47:17.947+0000] {processor.py:186} INFO - Started process (PID=3772) to work on /home/airflow/.local/lib/python3.12/site-packages/airflow/example_dags/tutorial.py
[2025-05-02T01:47:17.950+0000] {processor.py:914} INFO - Processing file /home/airflow/.local/lib/python3.12/site-packages/airflow/example_dags/tutorial.py for tasks to queue
[2025-05-02T01:47:17.959+0000] {logging_mixin.py:190} INFO - [2025-05-02T01:47:17.957+0000] {dagbag.py:588} INFO - Filling up the DagBag from /home/airflow/.local/lib/python3.12/site-packages/airflow/example_dags/tutorial.py
[2025-05-02T01:47:17.992+0000] {processor.py:925} INFO - DAG(s) 'tutorial' retrieved from /home/airflow/.local/lib/python3.12/site-packages/airflow/example_dags/tutorial.py
[2025-05-02T01:47:18.069+0000] {logging_mixin.py:190} INFO - [2025-05-02T01:47:18.069+0000] {dag.py:3239} INFO - Sync 1 DAGs
[2025-05-02T01:47:18.139+0000] {logging_mixin.py:190} INFO - [2025-05-02T01:47:18.138+0000] {dag.py:4180} INFO - Setting next_dagrun for tutorial to 2025-05-01 00:00:00+00:00, run_after=2025-05-02 00:00:00+00:00
[2025-05-02T01:47:18.200+0000] {processor.py:208} INFO - Processing /home/airflow/.local/lib/python3.12/site-packages/airflow/example_dags/tutorial.py took 0.280 seconds
[2025-05-02T01:47:48.653+0000] {processor.py:186} INFO - Started process (PID=3835) to work on /home/airflow/.local/lib/python3.12/site-packages/airflow/example_dags/tutorial.py
[2025-05-02T01:47:48.654+0000] {processor.py:914} INFO - Processing file /home/airflow/.local/lib/python3.12/site-packages/airflow/example_dags/tutorial.py for tasks to queue
[2025-05-02T01:47:48.658+0000] {logging_mixin.py:190} INFO - [2025-05-02T01:47:48.658+0000] {dagbag.py:588} INFO - Filling up the DagBag from /home/airflow/.local/lib/python3.12/site-packages/airflow/example_dags/tutorial.py
[2025-05-02T01:47:48.668+0000] {processor.py:925} INFO - DAG(s) 'tutorial' retrieved from /home/airflow/.local/lib/python3.12/site-packages/airflow/example_dags/tutorial.py
[2025-05-02T01:47:48.693+0000] {logging_mixin.py:190} INFO - [2025-05-02T01:47:48.693+0000] {dag.py:3239} INFO - Sync 1 DAGs
[2025-05-02T01:47:48.717+0000] {logging_mixin.py:190} INFO - [2025-05-02T01:47:48.717+0000] {dag.py:4180} INFO - Setting next_dagrun for tutorial to 2025-05-01 00:00:00+00:00, run_after=2025-05-02 00:00:00+00:00
[2025-05-02T01:47:48.744+0000] {processor.py:208} INFO - Processing /home/airflow/.local/lib/python3.12/site-packages/airflow/example_dags/tutorial.py took 0.098 seconds
[2025-05-02T01:48:19.429+0000] {processor.py:186} INFO - Started process (PID=3899) to work on /home/airflow/.local/lib/python3.12/site-packages/airflow/example_dags/tutorial.py
[2025-05-02T01:48:19.430+0000] {processor.py:914} INFO - Processing file /home/airflow/.local/lib/python3.12/site-packages/airflow/example_dags/tutorial.py for tasks to queue
[2025-05-02T01:48:19.432+0000] {logging_mixin.py:190} INFO - [2025-05-02T01:48:19.432+0000] {dagbag.py:588} INFO - Filling up the DagBag from /home/airflow/.local/lib/python3.12/site-packages/airflow/example_dags/tutorial.py
[2025-05-02T01:48:19.440+0000] {processor.py:925} INFO - DAG(s) 'tutorial' retrieved from /home/airflow/.local/lib/python3.12/site-packages/airflow/example_dags/tutorial.py
[2025-05-02T01:48:19.461+0000] {logging_mixin.py:190} INFO - [2025-05-02T01:48:19.461+0000] {dag.py:3239} INFO - Sync 1 DAGs
[2025-05-02T01:48:19.484+0000] {logging_mixin.py:190} INFO - [2025-05-02T01:48:19.483+0000] {dag.py:4180} INFO - Setting next_dagrun for tutorial to 2025-05-01 00:00:00+00:00, run_after=2025-05-02 00:00:00+00:00
[2025-05-02T01:48:19.503+0000] {processor.py:208} INFO - Processing /home/airflow/.local/lib/python3.12/site-packages/airflow/example_dags/tutorial.py took 0.080 seconds
[2025-05-02T01:48:49.906+0000] {processor.py:186} INFO - Started process (PID=3962) to work on /home/airflow/.local/lib/python3.12/site-packages/airflow/example_dags/tutorial.py
[2025-05-02T01:48:49.908+0000] {processor.py:914} INFO - Processing file /home/airflow/.local/lib/python3.12/site-packages/airflow/example_dags/tutorial.py for tasks to queue
[2025-05-02T01:48:49.911+0000] {logging_mixin.py:190} INFO - [2025-05-02T01:48:49.910+0000] {dagbag.py:588} INFO - Filling up the DagBag from /home/airflow/.local/lib/python3.12/site-packages/airflow/example_dags/tutorial.py
[2025-05-02T01:48:49.921+0000] {processor.py:925} INFO - DAG(s) 'tutorial' retrieved from /home/airflow/.local/lib/python3.12/site-packages/airflow/example_dags/tutorial.py
[2025-05-02T01:48:49.952+0000] {logging_mixin.py:190} INFO - [2025-05-02T01:48:49.952+0000] {dag.py:3239} INFO - Sync 1 DAGs
[2025-05-02T01:48:49.999+0000] {logging_mixin.py:190} INFO - [2025-05-02T01:48:49.998+0000] {dag.py:4180} INFO - Setting next_dagrun for tutorial to 2025-05-01 00:00:00+00:00, run_after=2025-05-02 00:00:00+00:00
[2025-05-02T01:48:50.098+0000] {processor.py:208} INFO - Processing /home/airflow/.local/lib/python3.12/site-packages/airflow/example_dags/tutorial.py took 0.199 seconds
[2025-05-02T01:49:20.145+0000] {processor.py:186} INFO - Started process (PID=4026) to work on /home/airflow/.local/lib/python3.12/site-packages/airflow/example_dags/tutorial.py
[2025-05-02T01:49:20.146+0000] {processor.py:914} INFO - Processing file /home/airflow/.local/lib/python3.12/site-packages/airflow/example_dags/tutorial.py for tasks to queue
[2025-05-02T01:49:20.148+0000] {logging_mixin.py:190} INFO - [2025-05-02T01:49:20.148+0000] {dagbag.py:588} INFO - Filling up the DagBag from /home/airflow/.local/lib/python3.12/site-packages/airflow/example_dags/tutorial.py
[2025-05-02T01:49:20.157+0000] {processor.py:925} INFO - DAG(s) 'tutorial' retrieved from /home/airflow/.local/lib/python3.12/site-packages/airflow/example_dags/tutorial.py
[2025-05-02T01:49:20.179+0000] {logging_mixin.py:190} INFO - [2025-05-02T01:49:20.179+0000] {dag.py:3239} INFO - Sync 1 DAGs
[2025-05-02T01:49:20.206+0000] {logging_mixin.py:190} INFO - [2025-05-02T01:49:20.206+0000] {dag.py:4180} INFO - Setting next_dagrun for tutorial to 2025-05-01 00:00:00+00:00, run_after=2025-05-02 00:00:00+00:00
[2025-05-02T01:49:20.238+0000] {processor.py:208} INFO - Processing /home/airflow/.local/lib/python3.12/site-packages/airflow/example_dags/tutorial.py took 0.100 seconds
[2025-05-02T01:49:50.778+0000] {processor.py:186} INFO - Started process (PID=4089) to work on /home/airflow/.local/lib/python3.12/site-packages/airflow/example_dags/tutorial.py
[2025-05-02T01:49:50.780+0000] {processor.py:914} INFO - Processing file /home/airflow/.local/lib/python3.12/site-packages/airflow/example_dags/tutorial.py for tasks to queue
[2025-05-02T01:49:50.782+0000] {logging_mixin.py:190} INFO - [2025-05-02T01:49:50.782+0000] {dagbag.py:588} INFO - Filling up the DagBag from /home/airflow/.local/lib/python3.12/site-packages/airflow/example_dags/tutorial.py
[2025-05-02T01:49:50.797+0000] {processor.py:925} INFO - DAG(s) 'tutorial' retrieved from /home/airflow/.local/lib/python3.12/site-packages/airflow/example_dags/tutorial.py
[2025-05-02T01:49:50.834+0000] {logging_mixin.py:190} INFO - [2025-05-02T01:49:50.834+0000] {dag.py:3239} INFO - Sync 1 DAGs
[2025-05-02T01:49:51.054+0000] {logging_mixin.py:190} INFO - [2025-05-02T01:49:51.054+0000] {dag.py:4180} INFO - Setting next_dagrun for tutorial to 2025-05-01 00:00:00+00:00, run_after=2025-05-02 00:00:00+00:00
[2025-05-02T01:49:51.081+0000] {processor.py:208} INFO - Processing /home/airflow/.local/lib/python3.12/site-packages/airflow/example_dags/tutorial.py took 0.312 seconds
[2025-05-02T01:50:21.403+0000] {processor.py:186} INFO - Started process (PID=4152) to work on /home/airflow/.local/lib/python3.12/site-packages/airflow/example_dags/tutorial.py
[2025-05-02T01:50:21.405+0000] {processor.py:914} INFO - Processing file /home/airflow/.local/lib/python3.12/site-packages/airflow/example_dags/tutorial.py for tasks to queue
[2025-05-02T01:50:21.408+0000] {logging_mixin.py:190} INFO - [2025-05-02T01:50:21.408+0000] {dagbag.py:588} INFO - Filling up the DagBag from /home/airflow/.local/lib/python3.12/site-packages/airflow/example_dags/tutorial.py
[2025-05-02T01:50:21.421+0000] {processor.py:925} INFO - DAG(s) 'tutorial' retrieved from /home/airflow/.local/lib/python3.12/site-packages/airflow/example_dags/tutorial.py
[2025-05-02T01:50:21.450+0000] {logging_mixin.py:190} INFO - [2025-05-02T01:50:21.450+0000] {dag.py:3239} INFO - Sync 1 DAGs
[2025-05-02T01:50:21.764+0000] {logging_mixin.py:190} INFO - [2025-05-02T01:50:21.764+0000] {dag.py:4180} INFO - Setting next_dagrun for tutorial to 2025-05-01 00:00:00+00:00, run_after=2025-05-02 00:00:00+00:00
[2025-05-02T01:50:21.804+0000] {processor.py:208} INFO - Processing /home/airflow/.local/lib/python3.12/site-packages/airflow/example_dags/tutorial.py took 0.412 seconds
[2025-05-02T01:50:52.478+0000] {processor.py:186} INFO - Started process (PID=4215) to work on /home/airflow/.local/lib/python3.12/site-packages/airflow/example_dags/tutorial.py
[2025-05-02T01:50:52.484+0000] {processor.py:914} INFO - Processing file /home/airflow/.local/lib/python3.12/site-packages/airflow/example_dags/tutorial.py for tasks to queue
[2025-05-02T01:50:52.488+0000] {logging_mixin.py:190} INFO - [2025-05-02T01:50:52.487+0000] {dagbag.py:588} INFO - Filling up the DagBag from /home/airflow/.local/lib/python3.12/site-packages/airflow/example_dags/tutorial.py
[2025-05-02T01:50:52.498+0000] {processor.py:925} INFO - DAG(s) 'tutorial' retrieved from /home/airflow/.local/lib/python3.12/site-packages/airflow/example_dags/tutorial.py
[2025-05-02T01:50:52.529+0000] {logging_mixin.py:190} INFO - [2025-05-02T01:50:52.529+0000] {dag.py:3239} INFO - Sync 1 DAGs
[2025-05-02T01:50:52.556+0000] {logging_mixin.py:190} INFO - [2025-05-02T01:50:52.556+0000] {dag.py:4180} INFO - Setting next_dagrun for tutorial to 2025-05-01 00:00:00+00:00, run_after=2025-05-02 00:00:00+00:00
[2025-05-02T01:50:52.587+0000] {processor.py:208} INFO - Processing /home/airflow/.local/lib/python3.12/site-packages/airflow/example_dags/tutorial.py took 0.121 seconds
[2025-05-02T01:51:23.335+0000] {processor.py:186} INFO - Started process (PID=4278) to work on /home/airflow/.local/lib/python3.12/site-packages/airflow/example_dags/tutorial.py
[2025-05-02T01:51:23.344+0000] {processor.py:914} INFO - Processing file /home/airflow/.local/lib/python3.12/site-packages/airflow/example_dags/tutorial.py for tasks to queue
[2025-05-02T01:51:23.348+0000] {logging_mixin.py:190} INFO - [2025-05-02T01:51:23.347+0000] {dagbag.py:588} INFO - Filling up the DagBag from /home/airflow/.local/lib/python3.12/site-packages/airflow/example_dags/tutorial.py
[2025-05-02T01:51:23.356+0000] {processor.py:925} INFO - DAG(s) 'tutorial' retrieved from /home/airflow/.local/lib/python3.12/site-packages/airflow/example_dags/tutorial.py
[2025-05-02T01:51:23.382+0000] {logging_mixin.py:190} INFO - [2025-05-02T01:51:23.382+0000] {dag.py:3239} INFO - Sync 1 DAGs
[2025-05-02T01:51:23.412+0000] {logging_mixin.py:190} INFO - [2025-05-02T01:51:23.412+0000] {dag.py:4180} INFO - Setting next_dagrun for tutorial to 2025-05-01 00:00:00+00:00, run_after=2025-05-02 00:00:00+00:00
[2025-05-02T01:51:23.434+0000] {processor.py:208} INFO - Processing /home/airflow/.local/lib/python3.12/site-packages/airflow/example_dags/tutorial.py took 0.106 seconds
[2025-05-02T01:51:53.849+0000] {processor.py:186} INFO - Started process (PID=4341) to work on /home/airflow/.local/lib/python3.12/site-packages/airflow/example_dags/tutorial.py
[2025-05-02T01:51:53.852+0000] {processor.py:914} INFO - Processing file /home/airflow/.local/lib/python3.12/site-packages/airflow/example_dags/tutorial.py for tasks to queue
[2025-05-02T01:51:53.856+0000] {logging_mixin.py:190} INFO - [2025-05-02T01:51:53.855+0000] {dagbag.py:588} INFO - Filling up the DagBag from /home/airflow/.local/lib/python3.12/site-packages/airflow/example_dags/tutorial.py
[2025-05-02T01:51:53.872+0000] {processor.py:925} INFO - DAG(s) 'tutorial' retrieved from /home/airflow/.local/lib/python3.12/site-packages/airflow/example_dags/tutorial.py
[2025-05-02T01:51:53.910+0000] {logging_mixin.py:190} INFO - [2025-05-02T01:51:53.909+0000] {dag.py:3239} INFO - Sync 1 DAGs
[2025-05-02T01:51:53.944+0000] {logging_mixin.py:190} INFO - [2025-05-02T01:51:53.944+0000] {dag.py:4180} INFO - Setting next_dagrun for tutorial to 2025-05-01 00:00:00+00:00, run_after=2025-05-02 00:00:00+00:00
[2025-05-02T01:51:53.980+0000] {processor.py:208} INFO - Processing /home/airflow/.local/lib/python3.12/site-packages/airflow/example_dags/tutorial.py took 0.146 seconds
[2025-05-02T01:52:24.692+0000] {processor.py:186} INFO - Started process (PID=4403) to work on /home/airflow/.local/lib/python3.12/site-packages/airflow/example_dags/tutorial.py
[2025-05-02T01:52:24.696+0000] {processor.py:914} INFO - Processing file /home/airflow/.local/lib/python3.12/site-packages/airflow/example_dags/tutorial.py for tasks to queue
[2025-05-02T01:52:24.703+0000] {logging_mixin.py:190} INFO - [2025-05-02T01:52:24.702+0000] {dagbag.py:588} INFO - Filling up the DagBag from /home/airflow/.local/lib/python3.12/site-packages/airflow/example_dags/tutorial.py
[2025-05-02T01:52:24.733+0000] {processor.py:925} INFO - DAG(s) 'tutorial' retrieved from /home/airflow/.local/lib/python3.12/site-packages/airflow/example_dags/tutorial.py
[2025-05-02T01:52:24.798+0000] {logging_mixin.py:190} INFO - [2025-05-02T01:52:24.797+0000] {dag.py:3239} INFO - Sync 1 DAGs
[2025-05-02T01:52:24.887+0000] {logging_mixin.py:190} INFO - [2025-05-02T01:52:24.886+0000] {dag.py:4180} INFO - Setting next_dagrun for tutorial to 2025-05-01 00:00:00+00:00, run_after=2025-05-02 00:00:00+00:00
[2025-05-02T01:52:24.934+0000] {processor.py:208} INFO - Processing /home/airflow/.local/lib/python3.12/site-packages/airflow/example_dags/tutorial.py took 0.262 seconds
[2025-05-02T01:52:55.308+0000] {processor.py:186} INFO - Started process (PID=4466) to work on /home/airflow/.local/lib/python3.12/site-packages/airflow/example_dags/tutorial.py
[2025-05-02T01:52:55.310+0000] {processor.py:914} INFO - Processing file /home/airflow/.local/lib/python3.12/site-packages/airflow/example_dags/tutorial.py for tasks to queue
[2025-05-02T01:52:55.313+0000] {logging_mixin.py:190} INFO - [2025-05-02T01:52:55.313+0000] {dagbag.py:588} INFO - Filling up the DagBag from /home/airflow/.local/lib/python3.12/site-packages/airflow/example_dags/tutorial.py
[2025-05-02T01:52:55.324+0000] {processor.py:925} INFO - DAG(s) 'tutorial' retrieved from /home/airflow/.local/lib/python3.12/site-packages/airflow/example_dags/tutorial.py
[2025-05-02T01:52:55.366+0000] {logging_mixin.py:190} INFO - [2025-05-02T01:52:55.365+0000] {dag.py:3239} INFO - Sync 1 DAGs
[2025-05-02T01:52:55.440+0000] {logging_mixin.py:190} INFO - [2025-05-02T01:52:55.440+0000] {dag.py:4180} INFO - Setting next_dagrun for tutorial to 2025-05-01 00:00:00+00:00, run_after=2025-05-02 00:00:00+00:00
[2025-05-02T01:52:55.477+0000] {processor.py:208} INFO - Processing /home/airflow/.local/lib/python3.12/site-packages/airflow/example_dags/tutorial.py took 0.177 seconds
[2025-05-02T01:53:25.885+0000] {processor.py:186} INFO - Started process (PID=4529) to work on /home/airflow/.local/lib/python3.12/site-packages/airflow/example_dags/tutorial.py
[2025-05-02T01:53:25.905+0000] {processor.py:914} INFO - Processing file /home/airflow/.local/lib/python3.12/site-packages/airflow/example_dags/tutorial.py for tasks to queue
[2025-05-02T01:53:25.909+0000] {logging_mixin.py:190} INFO - [2025-05-02T01:53:25.908+0000] {dagbag.py:588} INFO - Filling up the DagBag from /home/airflow/.local/lib/python3.12/site-packages/airflow/example_dags/tutorial.py
[2025-05-02T01:53:25.923+0000] {processor.py:925} INFO - DAG(s) 'tutorial' retrieved from /home/airflow/.local/lib/python3.12/site-packages/airflow/example_dags/tutorial.py
[2025-05-02T01:53:25.959+0000] {logging_mixin.py:190} INFO - [2025-05-02T01:53:25.958+0000] {dag.py:3239} INFO - Sync 1 DAGs
[2025-05-02T01:53:26.001+0000] {logging_mixin.py:190} INFO - [2025-05-02T01:53:26.001+0000] {dag.py:4180} INFO - Setting next_dagrun for tutorial to 2025-05-01 00:00:00+00:00, run_after=2025-05-02 00:00:00+00:00
[2025-05-02T01:53:26.027+0000] {processor.py:208} INFO - Processing /home/airflow/.local/lib/python3.12/site-packages/airflow/example_dags/tutorial.py took 0.149 seconds
[2025-05-02T01:53:56.259+0000] {processor.py:186} INFO - Started process (PID=4592) to work on /home/airflow/.local/lib/python3.12/site-packages/airflow/example_dags/tutorial.py
[2025-05-02T01:53:56.261+0000] {processor.py:914} INFO - Processing file /home/airflow/.local/lib/python3.12/site-packages/airflow/example_dags/tutorial.py for tasks to queue
[2025-05-02T01:53:56.263+0000] {logging_mixin.py:190} INFO - [2025-05-02T01:53:56.263+0000] {dagbag.py:588} INFO - Filling up the DagBag from /home/airflow/.local/lib/python3.12/site-packages/airflow/example_dags/tutorial.py
[2025-05-02T01:53:56.274+0000] {processor.py:925} INFO - DAG(s) 'tutorial' retrieved from /home/airflow/.local/lib/python3.12/site-packages/airflow/example_dags/tutorial.py
[2025-05-02T01:53:56.301+0000] {logging_mixin.py:190} INFO - [2025-05-02T01:53:56.301+0000] {dag.py:3239} INFO - Sync 1 DAGs
[2025-05-02T01:53:56.332+0000] {logging_mixin.py:190} INFO - [2025-05-02T01:53:56.332+0000] {dag.py:4180} INFO - Setting next_dagrun for tutorial to 2025-05-01 00:00:00+00:00, run_after=2025-05-02 00:00:00+00:00
[2025-05-02T01:53:56.369+0000] {processor.py:208} INFO - Processing /home/airflow/.local/lib/python3.12/site-packages/airflow/example_dags/tutorial.py took 0.118 seconds
