[2025-05-09T04:41:07.360+0000] {local_task_job_runner.py:123} INFO - ::group::Pre task execution logs
[2025-05-09T04:41:07.561+0000] {taskinstance.py:2614} INFO - Dependencies all met for dep_context=non-requeueable deps ti=<TaskInstance: dags_python_with_macro.task_direct_calculation scheduled__2025-05-07T15:10:00+00:00 [queued]>
[2025-05-09T04:41:07.573+0000] {taskinstance.py:2614} INFO - Dependencies all met for dep_context=requeueable deps ti=<TaskInstance: dags_python_with_macro.task_direct_calculation scheduled__2025-05-07T15:10:00+00:00 [queued]>
[2025-05-09T04:41:07.574+0000] {taskinstance.py:2867} INFO - Starting attempt 1 of 1
[2025-05-09T04:41:07.593+0000] {taskinstance.py:2890} INFO - Executing <Task(_PythonDecoratedOperator): task_direct_calculation> on 2025-05-07 15:10:00+00:00
[2025-05-09T04:41:07.602+0000] {warnings.py:112} WARNING - /home/***/.local/lib/python3.12/site-packages/***/task/task_runner/standard_task_runner.py:70: DeprecationWarning: This process (pid=112) is multi-threaded, use of fork() may lead to deadlocks in the child.
  pid = os.fork()

[2025-05-09T04:41:07.604+0000] {standard_task_runner.py:72} INFO - Started process 126 to run task
[2025-05-09T04:41:07.605+0000] {standard_task_runner.py:104} INFO - Running: ['***', 'tasks', 'run', 'dags_python_with_macro', 'task_direct_calculation', 'scheduled__2025-05-07T15:10:00+00:00', '--job-id', '95', '--raw', '--subdir', 'DAGS_FOLDER/dags_python_with_macro.py', '--cfg-path', '/tmp/tmpbtewcyvn']
[2025-05-09T04:41:07.606+0000] {standard_task_runner.py:105} INFO - Job 95: Subtask task_direct_calculation
[2025-05-09T04:41:07.668+0000] {task_command.py:467} INFO - Running <TaskInstance: dags_python_with_macro.task_direct_calculation scheduled__2025-05-07T15:10:00+00:00 [running]> on host 11348a8299f1
[2025-05-09T04:41:07.767+0000] {taskinstance.py:3134} INFO - Exporting env vars: AIRFLOW_CTX_DAG_OWNER='***' AIRFLOW_CTX_DAG_ID='dags_python_with_macro' AIRFLOW_CTX_TASK_ID='task_direct_calculation' AIRFLOW_CTX_EXECUTION_DATE='2025-05-07T15:10:00+00:00' AIRFLOW_CTX_TRY_NUMBER='1' AIRFLOW_CTX_DAG_RUN_ID='scheduled__2025-05-07T15:10:00+00:00'
[2025-05-09T04:41:07.769+0000] {logging_mixin.py:190} INFO - Task instance is in running state
[2025-05-09T04:41:07.769+0000] {logging_mixin.py:190} INFO -  Previous state of the Task instance: queued
[2025-05-09T04:41:07.769+0000] {logging_mixin.py:190} INFO - Current task name:task_direct_calculation state:running start_date:2025-05-09 04:41:07.562339+00:00
[2025-05-09T04:41:07.770+0000] {logging_mixin.py:190} INFO - Dag name:dags_python_with_macro and current dag run status:running
[2025-05-09T04:41:07.770+0000] {taskinstance.py:732} INFO - ::endgroup::
[2025-05-09T04:41:07.776+0000] {logging_mixin.py:190} INFO - 2025-04-01
[2025-05-09T04:41:07.776+0000] {logging_mixin.py:190} INFO - 2025-04-30
[2025-05-09T04:41:07.777+0000] {python.py:240} INFO - Done. Returned value was: None
[2025-05-09T04:41:07.786+0000] {taskinstance.py:341} INFO - ::group::Post task execution logs
[2025-05-09T04:41:07.787+0000] {taskinstance.py:353} INFO - Marking task as SUCCESS. dag_id=dags_python_with_macro, task_id=task_direct_calculation, run_id=scheduled__2025-05-07T15:10:00+00:00, execution_date=20250507T151000, start_date=20250509T044107, end_date=20250509T044107
[2025-05-09T04:41:07.814+0000] {logging_mixin.py:190} INFO - Task instance in success state
[2025-05-09T04:41:07.815+0000] {logging_mixin.py:190} INFO -  Previous state of the Task instance: running
[2025-05-09T04:41:07.815+0000] {logging_mixin.py:190} INFO - Dag name:dags_python_with_macro queued_at:2025-05-09 04:40:41.820164+00:00
[2025-05-09T04:41:07.815+0000] {logging_mixin.py:190} INFO - Task hostname:11348a8299f1 operator:_PythonDecoratedOperator
[2025-05-09T04:41:07.861+0000] {local_task_job_runner.py:266} INFO - Task exited with return code 0
[2025-05-09T04:41:07.877+0000] {taskinstance.py:3901} INFO - 0 downstream tasks scheduled from follow-on schedule check
[2025-05-09T04:41:07.880+0000] {local_task_job_runner.py:245} INFO - ::endgroup::
