[2025-05-19T00:18:28.621+0000] {local_task_job_runner.py:123} INFO - ::group::Pre task execution logs
[2025-05-19T00:18:28.924+0000] {taskinstance.py:2614} INFO - Dependencies all met for dep_context=non-requeueable deps ti=<TaskInstance: dags_python_with_xcom_eg2.python_xcom_pull_2 scheduled__2025-05-11T21:30:00+00:00 [queued]>
[2025-05-19T00:18:28.947+0000] {taskinstance.py:2614} INFO - Dependencies all met for dep_context=requeueable deps ti=<TaskInstance: dags_python_with_xcom_eg2.python_xcom_pull_2 scheduled__2025-05-11T21:30:00+00:00 [queued]>
[2025-05-19T00:18:28.947+0000] {taskinstance.py:2867} INFO - Starting attempt 1 of 1
[2025-05-19T00:18:28.974+0000] {taskinstance.py:2890} INFO - Executing <Task(_PythonDecoratedOperator): python_xcom_pull_2> on 2025-05-11 21:30:00+00:00
[2025-05-19T00:18:28.989+0000] {warnings.py:112} WARNING - /home/***/.local/lib/python3.12/site-packages/***/task/task_runner/standard_task_runner.py:70: DeprecationWarning: This process (pid=150) is multi-threaded, use of fork() may lead to deadlocks in the child.
  pid = os.fork()

[2025-05-19T00:18:28.993+0000] {standard_task_runner.py:72} INFO - Started process 185 to run task
[2025-05-19T00:18:28.993+0000] {standard_task_runner.py:104} INFO - Running: ['***', 'tasks', 'run', 'dags_python_with_xcom_eg2', 'python_xcom_pull_2', 'scheduled__2025-05-11T21:30:00+00:00', '--job-id', '190', '--raw', '--subdir', 'DAGS_FOLDER/dags_python_with_xcom_eg2.py', '--cfg-path', '/tmp/tmpf6lfgflk']
[2025-05-19T00:18:28.996+0000] {standard_task_runner.py:105} INFO - Job 190: Subtask python_xcom_pull_2
[2025-05-19T00:18:29.092+0000] {task_command.py:467} INFO - Running <TaskInstance: dags_python_with_xcom_eg2.python_xcom_pull_2 scheduled__2025-05-11T21:30:00+00:00 [running]> on host 11348a8299f1
[2025-05-19T00:18:29.315+0000] {taskinstance.py:3134} INFO - Exporting env vars: AIRFLOW_CTX_DAG_OWNER='***' AIRFLOW_CTX_DAG_ID='dags_python_with_xcom_eg2' AIRFLOW_CTX_TASK_ID='python_xcom_pull_2' AIRFLOW_CTX_EXECUTION_DATE='2025-05-11T21:30:00+00:00' AIRFLOW_CTX_TRY_NUMBER='1' AIRFLOW_CTX_DAG_RUN_ID='scheduled__2025-05-11T21:30:00+00:00'
[2025-05-19T00:18:29.317+0000] {logging_mixin.py:190} INFO - Task instance is in running state
[2025-05-19T00:18:29.318+0000] {logging_mixin.py:190} INFO -  Previous state of the Task instance: queued
[2025-05-19T00:18:29.319+0000] {logging_mixin.py:190} INFO - Current task name:python_xcom_pull_2 state:running start_date:2025-05-19 00:18:28.924734+00:00
[2025-05-19T00:18:29.320+0000] {logging_mixin.py:190} INFO - Dag name:dags_python_with_xcom_eg2 and current dag run status:running
[2025-05-19T00:18:29.320+0000] {taskinstance.py:732} INFO - ::endgroup::
[2025-05-19T00:18:29.322+0000] {logging_mixin.py:190} INFO - 함수 입력값으로 받은 값: Success
[2025-05-19T00:18:29.323+0000] {python.py:240} INFO - Done. Returned value was: None
[2025-05-19T00:18:29.343+0000] {taskinstance.py:341} INFO - ::group::Post task execution logs
[2025-05-19T00:18:29.344+0000] {taskinstance.py:353} INFO - Marking task as SUCCESS. dag_id=dags_python_with_xcom_eg2, task_id=python_xcom_pull_2, run_id=scheduled__2025-05-11T21:30:00+00:00, execution_date=20250511T213000, start_date=20250519T001828, end_date=20250519T001829
[2025-05-19T00:18:29.399+0000] {logging_mixin.py:190} INFO - Task instance in success state
[2025-05-19T00:18:29.400+0000] {logging_mixin.py:190} INFO -  Previous state of the Task instance: running
[2025-05-19T00:18:29.400+0000] {logging_mixin.py:190} INFO - Dag name:dags_python_with_xcom_eg2 queued_at:2025-05-19 00:18:13.162642+00:00
[2025-05-19T00:18:29.401+0000] {logging_mixin.py:190} INFO - Task hostname:11348a8299f1 operator:_PythonDecoratedOperator
[2025-05-19T00:18:29.454+0000] {local_task_job_runner.py:266} INFO - Task exited with return code 0
[2025-05-19T00:18:29.496+0000] {taskinstance.py:3901} INFO - 0 downstream tasks scheduled from follow-on schedule check
[2025-05-19T00:18:29.503+0000] {local_task_job_runner.py:245} INFO - ::endgroup::
