[2025-05-07T04:10:37.317+0000] {local_task_job_runner.py:123} INFO - ::group::Pre task execution logs
[2025-05-07T04:10:37.339+0000] {taskinstance.py:2614} INFO - Dependencies all met for dep_context=non-requeueable deps ti=<TaskInstance: dags_python_template.python_t2 manual__2025-05-07T04:10:33.802530+00:00 [queued]>
[2025-05-07T04:10:37.497+0000] {taskinstance.py:2614} INFO - Dependencies all met for dep_context=requeueable deps ti=<TaskInstance: dags_python_template.python_t2 manual__2025-05-07T04:10:33.802530+00:00 [queued]>
[2025-05-07T04:10:37.498+0000] {taskinstance.py:2867} INFO - Starting attempt 1 of 1
[2025-05-07T04:10:37.511+0000] {taskinstance.py:2890} INFO - Executing <Task(_PythonDecoratedOperator): python_t2> on 2025-05-07 04:10:33.802530+00:00
[2025-05-07T04:10:37.518+0000] {warnings.py:112} WARNING - /home/***/.local/lib/python3.12/site-packages/***/task/task_runner/standard_task_runner.py:70: DeprecationWarning: This process (pid=4471) is multi-threaded, use of fork() may lead to deadlocks in the child.
  pid = os.fork()

[2025-05-07T04:10:37.519+0000] {standard_task_runner.py:72} INFO - Started process 4473 to run task
[2025-05-07T04:10:37.521+0000] {standard_task_runner.py:104} INFO - Running: ['***', 'tasks', 'run', 'dags_python_template', 'python_t2', 'manual__2025-05-07T04:10:33.802530+00:00', '--job-id', '56', '--raw', '--subdir', 'DAGS_FOLDER/dags_python_template.py', '--cfg-path', '/tmp/tmpbyjtcfpv']
[2025-05-07T04:10:37.522+0000] {standard_task_runner.py:105} INFO - Job 56: Subtask python_t2
[2025-05-07T04:10:37.566+0000] {task_command.py:467} INFO - Running <TaskInstance: dags_python_template.python_t2 manual__2025-05-07T04:10:33.802530+00:00 [running]> on host 11348a8299f1
[2025-05-07T04:10:37.645+0000] {taskinstance.py:3134} INFO - Exporting env vars: AIRFLOW_CTX_DAG_OWNER='***' AIRFLOW_CTX_DAG_ID='dags_python_template' AIRFLOW_CTX_TASK_ID='python_t2' AIRFLOW_CTX_EXECUTION_DATE='2025-05-07T04:10:33.802530+00:00' AIRFLOW_CTX_TRY_NUMBER='1' AIRFLOW_CTX_DAG_RUN_ID='manual__2025-05-07T04:10:33.802530+00:00'
[2025-05-07T04:10:37.646+0000] {logging_mixin.py:190} INFO - Task instance is in running state
[2025-05-07T04:10:37.647+0000] {logging_mixin.py:190} INFO -  Previous state of the Task instance: queued
[2025-05-07T04:10:37.647+0000] {logging_mixin.py:190} INFO - Current task name:python_t2 state:running start_date:2025-05-07 04:10:37.340152+00:00
[2025-05-07T04:10:37.647+0000] {logging_mixin.py:190} INFO - Dag name:dags_python_template and current dag run status:running
[2025-05-07T04:10:37.647+0000] {taskinstance.py:732} INFO - ::endgroup::
[2025-05-07T04:10:37.648+0000] {logging_mixin.py:190} INFO - {'conf': <Proxy at 0x7fccec318200 with factory functools.partial(<function lazy_mapping_from_context.<locals>._deprecated_proxy_factory at 0x7fccd9955800>, 'conf', <***.configuration.AirflowConfigParser object at 0x7fcd0d6bafc0>)>, 'dag': <DAG: dags_python_template>, 'dag_run': <DagRun dags_python_template @ 2025-05-07 04:10:33.802530+00:00: manual__2025-05-07T04:10:33.802530+00:00, state:running, queued_at: 2025-05-07 04:10:33.827246+00:00. externally triggered: True>, 'data_interval_end': DateTime(2025, 5, 7, 0, 30, 0, tzinfo=Timezone('UTC')), 'data_interval_start': DateTime(2025, 5, 6, 0, 30, 0, tzinfo=Timezone('UTC')), 'outlet_events': <***.utils.context.OutletEventAccessors object at 0x7fcd088793a0>, 'ds': '2025-05-07', 'ds_nodash': '20250507', 'execution_date': <Proxy at 0x7fccec30d2c0 with factory functools.partial(<function lazy_mapping_from_context.<locals>._deprecated_proxy_factory at 0x7fccd9955800>, 'execution_date', DateTime(2025, 5, 7, 4, 10, 33, 802530, tzinfo=Timezone('UTC')))>, 'expanded_ti_count': None, 'inlets': [], 'inlet_events': InletEventsAccessors(_inlets=[], _datasets={}, _dataset_aliases={}, _session=<sqlalchemy.orm.session.Session object at 0x7fcd0cd2a510>), 'logical_date': DateTime(2025, 5, 7, 4, 10, 33, 802530, tzinfo=Timezone('UTC')), 'macros': <module '***.macros' from '/home/***/.local/lib/python3.12/site-packages/***/macros/__init__.py'>, 'map_index_template': None, 'next_ds': <Proxy at 0x7fccd987d800 with factory functools.partial(<function lazy_mapping_from_context.<locals>._deprecated_proxy_factory at 0x7fccd9955800>, 'next_ds', '2025-05-07')>, 'next_ds_nodash': <Proxy at 0x7fccd9893cc0 with factory functools.partial(<function lazy_mapping_from_context.<locals>._deprecated_proxy_factory at 0x7fccd9955800>, 'next_ds_nodash', '20250507')>, 'next_execution_date': <Proxy at 0x7fcd07865400 with factory functools.partial(<function lazy_mapping_from_context.<locals>._deprecated_proxy_factory at 0x7fccd9955800>, 'next_execution_date', DateTime(2025, 5, 7, 4, 10, 33, 802530, tzinfo=Timezone('UTC')))>, 'outlets': [], 'params': {}, 'prev_data_interval_start_success': DateTime(2025, 5, 6, 0, 30, 0, tzinfo=Timezone('UTC')), 'prev_data_interval_end_success': DateTime(2025, 5, 7, 0, 30, 0, tzinfo=Timezone('UTC')), 'prev_ds': <Proxy at 0x7fccd9a28b40 with factory functools.partial(<function lazy_mapping_from_context.<locals>._deprecated_proxy_factory at 0x7fccd9955800>, 'prev_ds', '2025-05-07')>, 'prev_ds_nodash': <Proxy at 0x7fcd037c63c0 with factory functools.partial(<function lazy_mapping_from_context.<locals>._deprecated_proxy_factory at 0x7fccd9955800>, 'prev_ds_nodash', '20250507')>, 'prev_execution_date': <Proxy at 0x7fccd98f9c40 with factory functools.partial(<function lazy_mapping_from_context.<locals>._deprecated_proxy_factory at 0x7fccd9955800>, 'prev_execution_date', DateTime(2025, 5, 7, 4, 10, 33, 802530, tzinfo=Timezone('UTC')))>, 'prev_execution_date_success': <Proxy at 0x7fccd98f9740 with factory functools.partial(<function lazy_mapping_from_context.<locals>._deprecated_proxy_factory at 0x7fccd9955800>, 'prev_execution_date_success', DateTime(2025, 5, 6, 0, 30, 0, tzinfo=Timezone('UTC')))>, 'prev_start_date_success': DateTime(2025, 5, 7, 4, 10, 30, 722883, tzinfo=Timezone('UTC')), 'prev_end_date_success': DateTime(2025, 5, 7, 4, 10, 35, 124827, tzinfo=Timezone('UTC')), 'run_id': 'manual__2025-05-07T04:10:33.802530+00:00', 'task': <Task(_PythonDecoratedOperator): python_t2>, 'task_instance': <TaskInstance: dags_python_template.python_t2 manual__2025-05-07T04:10:33.802530+00:00 [running]>, 'task_instance_key_str': 'dags_python_template__python_t2__20250507', 'test_mode': False, 'ti': <TaskInstance: dags_python_template.python_t2 manual__2025-05-07T04:10:33.802530+00:00 [running]>, 'tomorrow_ds': <Proxy at 0x7fccd98fa980 with factory functools.partial(<function lazy_mapping_from_context.<locals>._deprecated_proxy_factory at 0x7fccd9955800>, 'tomorrow_ds', '2025-05-08')>, 'tomorrow_ds_nodash': <Proxy at 0x7fccd98f89c0 with factory functools.partial(<function lazy_mapping_from_context.<locals>._deprecated_proxy_factory at 0x7fccd9955800>, 'tomorrow_ds_nodash', '20250508')>, 'triggering_dataset_events': <Proxy at 0x7fccd98a7c80 with factory <function _get_template_context.<locals>.get_triggering_events at 0x7fccd9956020>>, 'ts': '2025-05-07T04:10:33.802530+00:00', 'ts_nodash': '20250507T041033', 'ts_nodash_with_tz': '20250507T041033.802530+0000', 'var': {'json': None, 'value': None}, 'conn': None, 'yesterday_ds': <Proxy at 0x7fccd98f8880 with factory functools.partial(<function lazy_mapping_from_context.<locals>._deprecated_proxy_factory at 0x7fccd9955800>, 'yesterday_ds', '2025-05-06')>, 'yesterday_ds_nodash': <Proxy at 0x7fccd98f8840 with factory functools.partial(<function lazy_mapping_from_context.<locals>._deprecated_proxy_factory at 0x7fccd9955800>, 'yesterday_ds_nodash', '20250506')>, 'templates_dict': None}
[2025-05-07T04:10:37.649+0000] {logging_mixin.py:190} INFO - ds: 2025-05-07
[2025-05-07T04:10:37.649+0000] {logging_mixin.py:190} INFO - ts: 2025-05-07T04:10:33.802530+00:00
[2025-05-07T04:10:37.649+0000] {logging_mixin.py:190} INFO - data_interval_start: 2025-05-06 00:30:00+00:00
[2025-05-07T04:10:37.649+0000] {logging_mixin.py:190} INFO - data_interval_end: 2025-05-07 00:30:00+00:00
[2025-05-07T04:10:37.650+0000] {logging_mixin.py:190} INFO - task_instance: <TaskInstance: dags_python_template.python_t2 manual__2025-05-07T04:10:33.802530+00:00 [running]>
[2025-05-07T04:10:37.650+0000] {python.py:240} INFO - Done. Returned value was: None
[2025-05-07T04:10:37.658+0000] {taskinstance.py:341} INFO - ::group::Post task execution logs
[2025-05-07T04:10:37.659+0000] {taskinstance.py:353} INFO - Marking task as SUCCESS. dag_id=dags_python_template, task_id=python_t2, run_id=manual__2025-05-07T04:10:33.802530+00:00, execution_date=20250507T041033, start_date=20250507T041037, end_date=20250507T041037
[2025-05-07T04:10:37.684+0000] {logging_mixin.py:190} INFO - Task instance in success state
[2025-05-07T04:10:37.684+0000] {logging_mixin.py:190} INFO -  Previous state of the Task instance: running
[2025-05-07T04:10:37.684+0000] {logging_mixin.py:190} INFO - Dag name:dags_python_template queued_at:2025-05-07 04:10:33.827246+00:00
[2025-05-07T04:10:37.684+0000] {logging_mixin.py:190} INFO - Task hostname:11348a8299f1 operator:_PythonDecoratedOperator
[2025-05-07T04:10:37.694+0000] {local_task_job_runner.py:266} INFO - Task exited with return code 0
[2025-05-07T04:10:37.710+0000] {taskinstance.py:3901} INFO - 0 downstream tasks scheduled from follow-on schedule check
[2025-05-07T04:10:37.712+0000] {local_task_job_runner.py:245} INFO - ::endgroup::
