[2025-05-12T08:33:46.387+0000] {local_task_job_runner.py:123} INFO - ::group::Pre task execution logs
[2025-05-12T08:33:46.469+0000] {taskinstance.py:2614} INFO - Dependencies all met for dep_context=non-requeueable deps ti=<TaskInstance: dags_python_template.python_t2 scheduled__2025-05-11T00:30:00+00:00 [queued]>
[2025-05-12T08:33:46.892+0000] {taskinstance.py:2614} INFO - Dependencies all met for dep_context=requeueable deps ti=<TaskInstance: dags_python_template.python_t2 scheduled__2025-05-11T00:30:00+00:00 [queued]>
[2025-05-12T08:33:46.893+0000] {taskinstance.py:2867} INFO - Starting attempt 1 of 1
[2025-05-12T08:33:46.935+0000] {taskinstance.py:2890} INFO - Executing <Task(_PythonDecoratedOperator): python_t2> on 2025-05-11 00:30:00+00:00
[2025-05-12T08:33:46.957+0000] {warnings.py:112} WARNING - /home/***/.local/lib/python3.12/site-packages/***/task/task_runner/standard_task_runner.py:70: DeprecationWarning: This process (pid=142) is multi-threaded, use of fork() may lead to deadlocks in the child.
  pid = os.fork()

[2025-05-12T08:33:46.961+0000] {standard_task_runner.py:72} INFO - Started process 158 to run task
[2025-05-12T08:33:46.968+0000] {standard_task_runner.py:104} INFO - Running: ['***', 'tasks', 'run', 'dags_python_template', 'python_t2', 'scheduled__2025-05-11T00:30:00+00:00', '--job-id', '144', '--raw', '--subdir', 'DAGS_FOLDER/dags_python_template.py', '--cfg-path', '/tmp/tmpp2c_wxag']
[2025-05-12T08:33:46.972+0000] {standard_task_runner.py:105} INFO - Job 144: Subtask python_t2
[2025-05-12T08:33:47.689+0000] {task_command.py:467} INFO - Running <TaskInstance: dags_python_template.python_t2 scheduled__2025-05-11T00:30:00+00:00 [running]> on host 11348a8299f1
[2025-05-12T08:33:48.033+0000] {taskinstance.py:3134} INFO - Exporting env vars: AIRFLOW_CTX_DAG_OWNER='***' AIRFLOW_CTX_DAG_ID='dags_python_template' AIRFLOW_CTX_TASK_ID='python_t2' AIRFLOW_CTX_EXECUTION_DATE='2025-05-11T00:30:00+00:00' AIRFLOW_CTX_TRY_NUMBER='1' AIRFLOW_CTX_DAG_RUN_ID='scheduled__2025-05-11T00:30:00+00:00'
[2025-05-12T08:33:48.038+0000] {logging_mixin.py:190} INFO - Task instance is in running state
[2025-05-12T08:33:48.039+0000] {logging_mixin.py:190} INFO -  Previous state of the Task instance: queued
[2025-05-12T08:33:48.040+0000] {logging_mixin.py:190} INFO - Current task name:python_t2 state:running start_date:2025-05-12 08:33:46.471635+00:00
[2025-05-12T08:33:48.040+0000] {logging_mixin.py:190} INFO - Dag name:dags_python_template and current dag run status:running
[2025-05-12T08:33:48.041+0000] {taskinstance.py:732} INFO - ::endgroup::
[2025-05-12T08:33:48.045+0000] {logging_mixin.py:190} INFO - {'conf': <Proxy at 0x7fb74082aa40 with factory functools.partial(<function lazy_mapping_from_context.<locals>._deprecated_proxy_factory at 0x7fb74081ba60>, 'conf', <***.configuration.AirflowConfigParser object at 0x7fb7749739e0>)>, 'dag': <DAG: dags_python_template>, 'dag_run': <DagRun dags_python_template @ 2025-05-11 00:30:00+00:00: scheduled__2025-05-11T00:30:00+00:00, state:running, queued_at: 2025-05-12 08:32:32.365662+00:00. externally triggered: False>, 'data_interval_end': DateTime(2025, 5, 12, 0, 30, 0, tzinfo=Timezone('UTC')), 'data_interval_start': DateTime(2025, 5, 11, 0, 30, 0, tzinfo=Timezone('UTC')), 'outlet_events': <***.utils.context.OutletEventAccessors object at 0x7fb7521c00e0>, 'ds': '2025-05-11', 'ds_nodash': '20250511', 'execution_date': <Proxy at 0x7fb7525a4500 with factory functools.partial(<function lazy_mapping_from_context.<locals>._deprecated_proxy_factory at 0x7fb74081ba60>, 'execution_date', DateTime(2025, 5, 11, 0, 30, 0, tzinfo=Timezone('UTC')))>, 'expanded_ti_count': None, 'inlets': [], 'inlet_events': InletEventsAccessors(_inlets=[], _datasets={}, _dataset_aliases={}, _session=<sqlalchemy.orm.session.Session object at 0x7fb772dc9b50>), 'logical_date': DateTime(2025, 5, 11, 0, 30, 0, tzinfo=Timezone('UTC')), 'macros': <module '***.macros' from '/home/***/.local/lib/python3.12/site-packages/***/macros/__init__.py'>, 'map_index_template': None, 'next_ds': <Proxy at 0x7fb74084b080 with factory functools.partial(<function lazy_mapping_from_context.<locals>._deprecated_proxy_factory at 0x7fb74081ba60>, 'next_ds', '2025-05-12')>, 'next_ds_nodash': <Proxy at 0x7fb74080e900 with factory functools.partial(<function lazy_mapping_from_context.<locals>._deprecated_proxy_factory at 0x7fb74081ba60>, 'next_ds_nodash', '20250512')>, 'next_execution_date': <Proxy at 0x7fb7406c0180 with factory functools.partial(<function lazy_mapping_from_context.<locals>._deprecated_proxy_factory at 0x7fb74081ba60>, 'next_execution_date', DateTime(2025, 5, 12, 0, 30, 0, tzinfo=Timezone('UTC')))>, 'outlets': [], 'params': {}, 'prev_data_interval_start_success': DateTime(2025, 5, 9, 0, 30, 0, tzinfo=Timezone('UTC')), 'prev_data_interval_end_success': DateTime(2025, 5, 10, 0, 30, 0, tzinfo=Timezone('UTC')), 'prev_ds': <Proxy at 0x7fb7406c2280 with factory functools.partial(<function lazy_mapping_from_context.<locals>._deprecated_proxy_factory at 0x7fb74081ba60>, 'prev_ds', '2025-05-10')>, 'prev_ds_nodash': <Proxy at 0x7fb7406c1c00 with factory functools.partial(<function lazy_mapping_from_context.<locals>._deprecated_proxy_factory at 0x7fb74081ba60>, 'prev_ds_nodash', '20250510')>, 'prev_execution_date': <Proxy at 0x7fb7406c2380 with factory functools.partial(<function lazy_mapping_from_context.<locals>._deprecated_proxy_factory at 0x7fb74081ba60>, 'prev_execution_date', DateTime(2025, 5, 10, 0, 30, 0, tzinfo=Timezone('UTC')))>, 'prev_execution_date_success': <Proxy at 0x7fb7406c24c0 with factory functools.partial(<function lazy_mapping_from_context.<locals>._deprecated_proxy_factory at 0x7fb74081ba60>, 'prev_execution_date_success', DateTime(2025, 5, 9, 0, 30, 0, tzinfo=Timezone('UTC')))>, 'prev_start_date_success': DateTime(2025, 5, 10, 1, 19, 40, 345655, tzinfo=Timezone('UTC')), 'prev_end_date_success': DateTime(2025, 5, 10, 1, 19, 44, 662148, tzinfo=Timezone('UTC')), 'run_id': 'scheduled__2025-05-11T00:30:00+00:00', 'task': <Task(_PythonDecoratedOperator): python_t2>, 'task_instance': <TaskInstance: dags_python_template.python_t2 scheduled__2025-05-11T00:30:00+00:00 [running]>, 'task_instance_key_str': 'dags_python_template__python_t2__20250511', 'test_mode': False, 'ti': <TaskInstance: dags_python_template.python_t2 scheduled__2025-05-11T00:30:00+00:00 [running]>, 'tomorrow_ds': <Proxy at 0x7fb7406c2500 with factory functools.partial(<function lazy_mapping_from_context.<locals>._deprecated_proxy_factory at 0x7fb74081ba60>, 'tomorrow_ds', '2025-05-12')>, 'tomorrow_ds_nodash': <Proxy at 0x7fb7406c2540 with factory functools.partial(<function lazy_mapping_from_context.<locals>._deprecated_proxy_factory at 0x7fb74081ba60>, 'tomorrow_ds_nodash', '20250512')>, 'triggering_dataset_events': <Proxy at 0x7fb740660a00 with factory <function _get_template_context.<locals>.get_triggering_events at 0x7fb76dbb4360>>, 'ts': '2025-05-11T00:30:00+00:00', 'ts_nodash': '20250511T003000', 'ts_nodash_with_tz': '20250511T003000+0000', 'var': {'json': None, 'value': None}, 'conn': None, 'yesterday_ds': <Proxy at 0x7fb7406c2580 with factory functools.partial(<function lazy_mapping_from_context.<locals>._deprecated_proxy_factory at 0x7fb74081ba60>, 'yesterday_ds', '2025-05-10')>, 'yesterday_ds_nodash': <Proxy at 0x7fb7406c25c0 with factory functools.partial(<function lazy_mapping_from_context.<locals>._deprecated_proxy_factory at 0x7fb74081ba60>, 'yesterday_ds_nodash', '20250510')>, 'templates_dict': None}
[2025-05-12T08:33:48.051+0000] {logging_mixin.py:190} INFO - ds: 2025-05-11
[2025-05-12T08:33:48.053+0000] {logging_mixin.py:190} INFO - ts: 2025-05-11T00:30:00+00:00
[2025-05-12T08:33:48.054+0000] {logging_mixin.py:190} INFO - data_interval_start: 2025-05-11 00:30:00+00:00
[2025-05-12T08:33:48.055+0000] {logging_mixin.py:190} INFO - data_interval_end: 2025-05-12 00:30:00+00:00
[2025-05-12T08:33:48.056+0000] {logging_mixin.py:190} INFO - task_instance: <TaskInstance: dags_python_template.python_t2 scheduled__2025-05-11T00:30:00+00:00 [running]>
[2025-05-12T08:33:48.056+0000] {python.py:240} INFO - Done. Returned value was: None
[2025-05-12T08:33:48.083+0000] {taskinstance.py:341} INFO - ::group::Post task execution logs
[2025-05-12T08:33:48.086+0000] {taskinstance.py:353} INFO - Marking task as SUCCESS. dag_id=dags_python_template, task_id=python_t2, run_id=scheduled__2025-05-11T00:30:00+00:00, execution_date=20250511T003000, start_date=20250512T083346, end_date=20250512T083348
[2025-05-12T08:33:48.177+0000] {logging_mixin.py:190} INFO - Task instance in success state
[2025-05-12T08:33:48.178+0000] {logging_mixin.py:190} INFO -  Previous state of the Task instance: running
[2025-05-12T08:33:48.179+0000] {logging_mixin.py:190} INFO - Dag name:dags_python_template queued_at:2025-05-12 08:32:32.365662+00:00
[2025-05-12T08:33:48.181+0000] {logging_mixin.py:190} INFO - Task hostname:11348a8299f1 operator:_PythonDecoratedOperator
[2025-05-12T08:33:48.240+0000] {local_task_job_runner.py:266} INFO - Task exited with return code 0
[2025-05-12T08:33:48.279+0000] {local_task_job_runner.py:245} INFO - ::endgroup::
