[2025-05-07T23:02:56.490+0000] {local_task_job_runner.py:123} INFO - ::group::Pre task execution logs
[2025-05-07T23:02:56.651+0000] {taskinstance.py:2614} INFO - Dependencies all met for dep_context=non-requeueable deps ti=<TaskInstance: dags_python_with_xcom_eg1.python_xcom_pull_task scheduled__2025-05-06T21:30:00+00:00 [queued]>
[2025-05-07T23:02:56.660+0000] {taskinstance.py:2614} INFO - Dependencies all met for dep_context=requeueable deps ti=<TaskInstance: dags_python_with_xcom_eg1.python_xcom_pull_task scheduled__2025-05-06T21:30:00+00:00 [queued]>
[2025-05-07T23:02:56.661+0000] {taskinstance.py:2867} INFO - Starting attempt 1 of 1
[2025-05-07T23:02:56.671+0000] {taskinstance.py:2890} INFO - Executing <Task(_PythonDecoratedOperator): python_xcom_pull_task> on 2025-05-06 21:30:00+00:00
[2025-05-07T23:02:56.681+0000] {warnings.py:112} WARNING - /home/***/.local/lib/python3.12/site-packages/***/task/task_runner/standard_task_runner.py:70: DeprecationWarning: This process (pid=9698) is multi-threaded, use of fork() may lead to deadlocks in the child.
  pid = os.fork()

[2025-05-07T23:02:56.683+0000] {standard_task_runner.py:72} INFO - Started process 9700 to run task
[2025-05-07T23:02:56.683+0000] {standard_task_runner.py:104} INFO - Running: ['***', 'tasks', 'run', 'dags_python_with_xcom_eg1', 'python_xcom_pull_task', 'scheduled__2025-05-06T21:30:00+00:00', '--job-id', '80', '--raw', '--subdir', 'DAGS_FOLDER/dags_python_with_xcom_eg1.py', '--cfg-path', '/tmp/tmp18d8ee05']
[2025-05-07T23:02:56.684+0000] {standard_task_runner.py:105} INFO - Job 80: Subtask python_xcom_pull_task
[2025-05-07T23:02:56.724+0000] {task_command.py:467} INFO - Running <TaskInstance: dags_python_with_xcom_eg1.python_xcom_pull_task scheduled__2025-05-06T21:30:00+00:00 [running]> on host 11348a8299f1
[2025-05-07T23:02:56.793+0000] {taskinstance.py:3134} INFO - Exporting env vars: AIRFLOW_CTX_DAG_OWNER='***' AIRFLOW_CTX_DAG_ID='dags_python_with_xcom_eg1' AIRFLOW_CTX_TASK_ID='python_xcom_pull_task' AIRFLOW_CTX_EXECUTION_DATE='2025-05-06T21:30:00+00:00' AIRFLOW_CTX_TRY_NUMBER='1' AIRFLOW_CTX_DAG_RUN_ID='scheduled__2025-05-06T21:30:00+00:00'
[2025-05-07T23:02:56.794+0000] {logging_mixin.py:190} INFO - Task instance is in running state
[2025-05-07T23:02:56.794+0000] {logging_mixin.py:190} INFO -  Previous state of the Task instance: queued
[2025-05-07T23:02:56.794+0000] {logging_mixin.py:190} INFO - Current task name:python_xcom_pull_task state:running start_date:2025-05-07 23:02:56.651477+00:00
[2025-05-07T23:02:56.795+0000] {logging_mixin.py:190} INFO - Dag name:dags_python_with_xcom_eg1 and current dag run status:running
[2025-05-07T23:02:56.795+0000] {taskinstance.py:732} INFO - ::endgroup::
[2025-05-07T23:02:56.811+0000] {logging_mixin.py:190} INFO - value_2
[2025-05-07T23:02:56.811+0000] {logging_mixin.py:190} INFO - [1, 2, 3]
[2025-05-07T23:02:56.811+0000] {python.py:240} INFO - Done. Returned value was: None
[2025-05-07T23:02:56.819+0000] {taskinstance.py:341} INFO - ::group::Post task execution logs
[2025-05-07T23:02:56.819+0000] {taskinstance.py:353} INFO - Marking task as SUCCESS. dag_id=dags_python_with_xcom_eg1, task_id=python_xcom_pull_task, run_id=scheduled__2025-05-06T21:30:00+00:00, execution_date=20250506T213000, start_date=20250507T230256, end_date=20250507T230256
[2025-05-07T23:02:56.838+0000] {logging_mixin.py:190} INFO - Task instance in success state
[2025-05-07T23:02:56.839+0000] {logging_mixin.py:190} INFO -  Previous state of the Task instance: running
[2025-05-07T23:02:56.839+0000] {logging_mixin.py:190} INFO - Dag name:dags_python_with_xcom_eg1 queued_at:2025-05-07 22:20:47.610322+00:00
[2025-05-07T23:02:56.839+0000] {logging_mixin.py:190} INFO - Task hostname:11348a8299f1 operator:_PythonDecoratedOperator
[2025-05-07T23:02:56.858+0000] {local_task_job_runner.py:266} INFO - Task exited with return code 0
[2025-05-07T23:02:56.871+0000] {taskinstance.py:3901} INFO - 0 downstream tasks scheduled from follow-on schedule check
[2025-05-07T23:02:56.873+0000] {local_task_job_runner.py:245} INFO - ::endgroup::
