[2025-05-19T00:30:01.469+0000] {local_task_job_runner.py:123} INFO - ::group::Pre task execution logs
[2025-05-19T00:30:01.599+0000] {taskinstance.py:2614} INFO - Dependencies all met for dep_context=non-requeueable deps ti=<TaskInstance: dags_python_template.python_t1 scheduled__2025-05-18T00:30:00+00:00 [queued]>
[2025-05-19T00:30:01.607+0000] {taskinstance.py:2614} INFO - Dependencies all met for dep_context=requeueable deps ti=<TaskInstance: dags_python_template.python_t1 scheduled__2025-05-18T00:30:00+00:00 [queued]>
[2025-05-19T00:30:01.608+0000] {taskinstance.py:2867} INFO - Starting attempt 1 of 1
[2025-05-19T00:30:01.623+0000] {taskinstance.py:2890} INFO - Executing <Task(PythonOperator): python_t1> on 2025-05-18 00:30:00+00:00
[2025-05-19T00:30:01.630+0000] {warnings.py:112} WARNING - /home/***/.local/lib/python3.12/site-packages/***/task/task_runner/standard_task_runner.py:70: DeprecationWarning: This process (pid=393) is multi-threaded, use of fork() may lead to deadlocks in the child.
  pid = os.fork()

[2025-05-19T00:30:01.632+0000] {standard_task_runner.py:72} INFO - Started process 398 to run task
[2025-05-19T00:30:01.633+0000] {standard_task_runner.py:104} INFO - Running: ['***', 'tasks', 'run', 'dags_python_template', 'python_t1', 'scheduled__2025-05-18T00:30:00+00:00', '--job-id', '211', '--raw', '--subdir', 'DAGS_FOLDER/dags_python_template.py', '--cfg-path', '/tmp/tmpavhk3x35']
[2025-05-19T00:30:01.633+0000] {standard_task_runner.py:105} INFO - Job 211: Subtask python_t1
[2025-05-19T00:30:01.672+0000] {task_command.py:467} INFO - Running <TaskInstance: dags_python_template.python_t1 scheduled__2025-05-18T00:30:00+00:00 [running]> on host 11348a8299f1
[2025-05-19T00:30:01.746+0000] {taskinstance.py:3134} INFO - Exporting env vars: AIRFLOW_CTX_DAG_OWNER='***' AIRFLOW_CTX_DAG_ID='dags_python_template' AIRFLOW_CTX_TASK_ID='python_t1' AIRFLOW_CTX_EXECUTION_DATE='2025-05-18T00:30:00+00:00' AIRFLOW_CTX_TRY_NUMBER='1' AIRFLOW_CTX_DAG_RUN_ID='scheduled__2025-05-18T00:30:00+00:00'
[2025-05-19T00:30:01.747+0000] {logging_mixin.py:190} INFO - Task instance is in running state
[2025-05-19T00:30:01.747+0000] {logging_mixin.py:190} INFO -  Previous state of the Task instance: queued
[2025-05-19T00:30:01.747+0000] {logging_mixin.py:190} INFO - Current task name:python_t1 state:running start_date:2025-05-19 00:30:01.599683+00:00
[2025-05-19T00:30:01.748+0000] {logging_mixin.py:190} INFO - Dag name:dags_python_template and current dag run status:running
[2025-05-19T00:30:01.748+0000] {taskinstance.py:732} INFO - ::endgroup::
[2025-05-19T00:30:01.748+0000] {logging_mixin.py:190} INFO - 2025-05-18
[2025-05-19T00:30:01.748+0000] {logging_mixin.py:190} INFO - 2025-05-19
[2025-05-19T00:30:01.749+0000] {python.py:240} INFO - Done. Returned value was: None
[2025-05-19T00:30:01.756+0000] {taskinstance.py:341} INFO - ::group::Post task execution logs
[2025-05-19T00:30:01.756+0000] {taskinstance.py:353} INFO - Marking task as SUCCESS. dag_id=dags_python_template, task_id=python_t1, run_id=scheduled__2025-05-18T00:30:00+00:00, execution_date=20250518T003000, start_date=20250519T003001, end_date=20250519T003001
[2025-05-19T00:30:01.778+0000] {logging_mixin.py:190} INFO - Task instance in success state
[2025-05-19T00:30:01.778+0000] {logging_mixin.py:190} INFO -  Previous state of the Task instance: running
[2025-05-19T00:30:01.778+0000] {logging_mixin.py:190} INFO - Dag name:dags_python_template queued_at:2025-05-19 00:30:00.088592+00:00
[2025-05-19T00:30:01.778+0000] {logging_mixin.py:190} INFO - Task hostname:11348a8299f1 operator:PythonOperator
[2025-05-19T00:30:01.807+0000] {local_task_job_runner.py:266} INFO - Task exited with return code 0
[2025-05-19T00:30:01.827+0000] {taskinstance.py:3901} INFO - 1 downstream tasks scheduled from follow-on schedule check
[2025-05-19T00:30:01.831+0000] {local_task_job_runner.py:245} INFO - ::endgroup::
