[2025-05-06T08:07:39.695+0000] {processor.py:186} INFO - Started process (PID=106) to work on /home/airflow/.local/lib/python3.12/site-packages/airflow/example_dags/example_subdag_operator.py
[2025-05-06T08:07:39.696+0000] {processor.py:914} INFO - Processing file /home/airflow/.local/lib/python3.12/site-packages/airflow/example_dags/example_subdag_operator.py for tasks to queue
[2025-05-06T08:07:39.699+0000] {logging_mixin.py:190} INFO - [2025-05-06T08:07:39.698+0000] {dagbag.py:588} INFO - Filling up the DagBag from /home/airflow/.local/lib/python3.12/site-packages/airflow/example_dags/example_subdag_operator.py
[2025-05-06T08:07:39.739+0000] {processor.py:925} INFO - DAG(s) 'example_subdag_operator.section-1', 'example_subdag_operator.section-2', 'example_subdag_operator' retrieved from /home/airflow/.local/lib/python3.12/site-packages/airflow/example_dags/example_subdag_operator.py
[2025-05-06T08:07:39.790+0000] {logging_mixin.py:190} INFO - [2025-05-06T08:07:39.790+0000] {dag.py:3239} INFO - Sync 3 DAGs
[2025-05-06T08:07:39.835+0000] {logging_mixin.py:190} INFO - [2025-05-06T08:07:39.834+0000] {dag.py:4180} INFO - Setting next_dagrun for example_subdag_operator to 2022-01-01 00:00:00+00:00, run_after=2022-01-01 00:00:00+00:00
[2025-05-06T08:07:39.843+0000] {logging_mixin.py:190} INFO - [2025-05-06T08:07:39.843+0000] {dag.py:4180} INFO - Setting next_dagrun for example_subdag_operator.section-1 to None, run_after=None
[2025-05-06T08:07:39.847+0000] {logging_mixin.py:190} INFO - [2025-05-06T08:07:39.847+0000] {dag.py:4180} INFO - Setting next_dagrun for example_subdag_operator.section-2 to None, run_after=None
[2025-05-06T08:07:39.859+0000] {logging_mixin.py:190} INFO - [2025-05-06T08:07:39.859+0000] {dag.py:3239} INFO - Sync 2 DAGs
[2025-05-06T08:07:39.869+0000] {logging_mixin.py:190} INFO - [2025-05-06T08:07:39.869+0000] {dag.py:4180} INFO - Setting next_dagrun for example_subdag_operator.section-1 to None, run_after=None
[2025-05-06T08:07:39.870+0000] {logging_mixin.py:190} INFO - [2025-05-06T08:07:39.870+0000] {dag.py:4180} INFO - Setting next_dagrun for example_subdag_operator.section-2 to None, run_after=None
[2025-05-06T08:07:39.890+0000] {processor.py:208} INFO - Processing /home/airflow/.local/lib/python3.12/site-packages/airflow/example_dags/example_subdag_operator.py took 0.202 seconds
[2025-05-06T08:08:10.452+0000] {processor.py:186} INFO - Started process (PID=180) to work on /home/airflow/.local/lib/python3.12/site-packages/airflow/example_dags/example_subdag_operator.py
[2025-05-06T08:08:10.453+0000] {processor.py:914} INFO - Processing file /home/airflow/.local/lib/python3.12/site-packages/airflow/example_dags/example_subdag_operator.py for tasks to queue
[2025-05-06T08:08:10.455+0000] {logging_mixin.py:190} INFO - [2025-05-06T08:08:10.455+0000] {dagbag.py:588} INFO - Filling up the DagBag from /home/airflow/.local/lib/python3.12/site-packages/airflow/example_dags/example_subdag_operator.py
[2025-05-06T08:08:10.480+0000] {processor.py:925} INFO - DAG(s) 'example_subdag_operator.section-1', 'example_subdag_operator.section-2', 'example_subdag_operator' retrieved from /home/airflow/.local/lib/python3.12/site-packages/airflow/example_dags/example_subdag_operator.py
[2025-05-06T08:08:10.498+0000] {logging_mixin.py:190} INFO - [2025-05-06T08:08:10.498+0000] {dag.py:3239} INFO - Sync 3 DAGs
[2025-05-06T08:08:10.526+0000] {logging_mixin.py:190} INFO - [2025-05-06T08:08:10.525+0000] {dag.py:4180} INFO - Setting next_dagrun for example_subdag_operator to 2022-01-01 00:00:00+00:00, run_after=2022-01-01 00:00:00+00:00
[2025-05-06T08:08:10.529+0000] {logging_mixin.py:190} INFO - [2025-05-06T08:08:10.529+0000] {dag.py:4180} INFO - Setting next_dagrun for example_subdag_operator.section-1 to None, run_after=None
[2025-05-06T08:08:10.531+0000] {logging_mixin.py:190} INFO - [2025-05-06T08:08:10.531+0000] {dag.py:4180} INFO - Setting next_dagrun for example_subdag_operator.section-2 to None, run_after=None
[2025-05-06T08:08:10.539+0000] {logging_mixin.py:190} INFO - [2025-05-06T08:08:10.539+0000] {dag.py:3239} INFO - Sync 2 DAGs
[2025-05-06T08:08:10.545+0000] {logging_mixin.py:190} INFO - [2025-05-06T08:08:10.544+0000] {dag.py:4180} INFO - Setting next_dagrun for example_subdag_operator.section-1 to None, run_after=None
[2025-05-06T08:08:10.545+0000] {logging_mixin.py:190} INFO - [2025-05-06T08:08:10.545+0000] {dag.py:4180} INFO - Setting next_dagrun for example_subdag_operator.section-2 to None, run_after=None
[2025-05-06T08:08:10.557+0000] {processor.py:208} INFO - Processing /home/airflow/.local/lib/python3.12/site-packages/airflow/example_dags/example_subdag_operator.py took 0.112 seconds
[2025-05-06T08:08:40.708+0000] {processor.py:186} INFO - Started process (PID=249) to work on /home/airflow/.local/lib/python3.12/site-packages/airflow/example_dags/example_subdag_operator.py
[2025-05-06T08:08:40.709+0000] {processor.py:914} INFO - Processing file /home/airflow/.local/lib/python3.12/site-packages/airflow/example_dags/example_subdag_operator.py for tasks to queue
[2025-05-06T08:08:40.711+0000] {logging_mixin.py:190} INFO - [2025-05-06T08:08:40.710+0000] {dagbag.py:588} INFO - Filling up the DagBag from /home/airflow/.local/lib/python3.12/site-packages/airflow/example_dags/example_subdag_operator.py
[2025-05-06T08:08:40.731+0000] {processor.py:925} INFO - DAG(s) 'example_subdag_operator.section-1', 'example_subdag_operator.section-2', 'example_subdag_operator' retrieved from /home/airflow/.local/lib/python3.12/site-packages/airflow/example_dags/example_subdag_operator.py
[2025-05-06T08:08:40.743+0000] {logging_mixin.py:190} INFO - [2025-05-06T08:08:40.743+0000] {dag.py:3239} INFO - Sync 3 DAGs
[2025-05-06T08:08:40.765+0000] {logging_mixin.py:190} INFO - [2025-05-06T08:08:40.764+0000] {dag.py:4180} INFO - Setting next_dagrun for example_subdag_operator to 2022-01-01 00:00:00+00:00, run_after=2022-01-01 00:00:00+00:00
[2025-05-06T08:08:40.769+0000] {logging_mixin.py:190} INFO - [2025-05-06T08:08:40.769+0000] {dag.py:4180} INFO - Setting next_dagrun for example_subdag_operator.section-1 to None, run_after=None
[2025-05-06T08:08:40.772+0000] {logging_mixin.py:190} INFO - [2025-05-06T08:08:40.772+0000] {dag.py:4180} INFO - Setting next_dagrun for example_subdag_operator.section-2 to None, run_after=None
[2025-05-06T08:08:40.782+0000] {logging_mixin.py:190} INFO - [2025-05-06T08:08:40.782+0000] {dag.py:3239} INFO - Sync 2 DAGs
[2025-05-06T08:08:40.789+0000] {logging_mixin.py:190} INFO - [2025-05-06T08:08:40.789+0000] {dag.py:4180} INFO - Setting next_dagrun for example_subdag_operator.section-1 to None, run_after=None
[2025-05-06T08:08:40.789+0000] {logging_mixin.py:190} INFO - [2025-05-06T08:08:40.789+0000] {dag.py:4180} INFO - Setting next_dagrun for example_subdag_operator.section-2 to None, run_after=None
[2025-05-06T08:08:40.802+0000] {processor.py:208} INFO - Processing /home/airflow/.local/lib/python3.12/site-packages/airflow/example_dags/example_subdag_operator.py took 0.100 seconds
[2025-05-06T08:09:10.939+0000] {processor.py:186} INFO - Started process (PID=318) to work on /home/airflow/.local/lib/python3.12/site-packages/airflow/example_dags/example_subdag_operator.py
[2025-05-06T08:09:10.941+0000] {processor.py:914} INFO - Processing file /home/airflow/.local/lib/python3.12/site-packages/airflow/example_dags/example_subdag_operator.py for tasks to queue
[2025-05-06T08:09:10.942+0000] {logging_mixin.py:190} INFO - [2025-05-06T08:09:10.942+0000] {dagbag.py:588} INFO - Filling up the DagBag from /home/airflow/.local/lib/python3.12/site-packages/airflow/example_dags/example_subdag_operator.py
[2025-05-06T08:09:10.965+0000] {processor.py:925} INFO - DAG(s) 'example_subdag_operator.section-1', 'example_subdag_operator.section-2', 'example_subdag_operator' retrieved from /home/airflow/.local/lib/python3.12/site-packages/airflow/example_dags/example_subdag_operator.py
[2025-05-06T08:09:10.980+0000] {logging_mixin.py:190} INFO - [2025-05-06T08:09:10.980+0000] {dag.py:3239} INFO - Sync 3 DAGs
[2025-05-06T08:09:11.007+0000] {logging_mixin.py:190} INFO - [2025-05-06T08:09:11.007+0000] {dag.py:4180} INFO - Setting next_dagrun for example_subdag_operator to 2022-01-01 00:00:00+00:00, run_after=2022-01-01 00:00:00+00:00
[2025-05-06T08:09:11.012+0000] {logging_mixin.py:190} INFO - [2025-05-06T08:09:11.011+0000] {dag.py:4180} INFO - Setting next_dagrun for example_subdag_operator.section-1 to None, run_after=None
[2025-05-06T08:09:11.014+0000] {logging_mixin.py:190} INFO - [2025-05-06T08:09:11.013+0000] {dag.py:4180} INFO - Setting next_dagrun for example_subdag_operator.section-2 to None, run_after=None
[2025-05-06T08:09:11.021+0000] {logging_mixin.py:190} INFO - [2025-05-06T08:09:11.021+0000] {dag.py:3239} INFO - Sync 2 DAGs
[2025-05-06T08:09:11.027+0000] {logging_mixin.py:190} INFO - [2025-05-06T08:09:11.027+0000] {dag.py:4180} INFO - Setting next_dagrun for example_subdag_operator.section-1 to None, run_after=None
[2025-05-06T08:09:11.027+0000] {logging_mixin.py:190} INFO - [2025-05-06T08:09:11.027+0000] {dag.py:4180} INFO - Setting next_dagrun for example_subdag_operator.section-2 to None, run_after=None
[2025-05-06T08:09:11.037+0000] {processor.py:208} INFO - Processing /home/airflow/.local/lib/python3.12/site-packages/airflow/example_dags/example_subdag_operator.py took 0.104 seconds
[2025-05-06T08:09:41.374+0000] {processor.py:186} INFO - Started process (PID=388) to work on /home/airflow/.local/lib/python3.12/site-packages/airflow/example_dags/example_subdag_operator.py
[2025-05-06T08:09:41.375+0000] {processor.py:914} INFO - Processing file /home/airflow/.local/lib/python3.12/site-packages/airflow/example_dags/example_subdag_operator.py for tasks to queue
[2025-05-06T08:09:41.377+0000] {logging_mixin.py:190} INFO - [2025-05-06T08:09:41.376+0000] {dagbag.py:588} INFO - Filling up the DagBag from /home/airflow/.local/lib/python3.12/site-packages/airflow/example_dags/example_subdag_operator.py
[2025-05-06T08:09:41.397+0000] {processor.py:925} INFO - DAG(s) 'example_subdag_operator.section-1', 'example_subdag_operator.section-2', 'example_subdag_operator' retrieved from /home/airflow/.local/lib/python3.12/site-packages/airflow/example_dags/example_subdag_operator.py
[2025-05-06T08:09:41.413+0000] {logging_mixin.py:190} INFO - [2025-05-06T08:09:41.413+0000] {dag.py:3239} INFO - Sync 3 DAGs
[2025-05-06T08:09:41.434+0000] {logging_mixin.py:190} INFO - [2025-05-06T08:09:41.434+0000] {dag.py:4180} INFO - Setting next_dagrun for example_subdag_operator to 2022-01-01 00:00:00+00:00, run_after=2022-01-01 00:00:00+00:00
[2025-05-06T08:09:41.437+0000] {logging_mixin.py:190} INFO - [2025-05-06T08:09:41.437+0000] {dag.py:4180} INFO - Setting next_dagrun for example_subdag_operator.section-1 to None, run_after=None
[2025-05-06T08:09:41.438+0000] {logging_mixin.py:190} INFO - [2025-05-06T08:09:41.438+0000] {dag.py:4180} INFO - Setting next_dagrun for example_subdag_operator.section-2 to None, run_after=None
[2025-05-06T08:09:41.443+0000] {logging_mixin.py:190} INFO - [2025-05-06T08:09:41.443+0000] {dag.py:3239} INFO - Sync 2 DAGs
[2025-05-06T08:09:41.449+0000] {logging_mixin.py:190} INFO - [2025-05-06T08:09:41.449+0000] {dag.py:4180} INFO - Setting next_dagrun for example_subdag_operator.section-1 to None, run_after=None
[2025-05-06T08:09:41.449+0000] {logging_mixin.py:190} INFO - [2025-05-06T08:09:41.449+0000] {dag.py:4180} INFO - Setting next_dagrun for example_subdag_operator.section-2 to None, run_after=None
[2025-05-06T08:09:41.462+0000] {processor.py:208} INFO - Processing /home/airflow/.local/lib/python3.12/site-packages/airflow/example_dags/example_subdag_operator.py took 0.092 seconds
[2025-05-06T08:10:11.989+0000] {processor.py:186} INFO - Started process (PID=458) to work on /home/airflow/.local/lib/python3.12/site-packages/airflow/example_dags/example_subdag_operator.py
[2025-05-06T08:10:11.989+0000] {processor.py:914} INFO - Processing file /home/airflow/.local/lib/python3.12/site-packages/airflow/example_dags/example_subdag_operator.py for tasks to queue
[2025-05-06T08:10:11.991+0000] {logging_mixin.py:190} INFO - [2025-05-06T08:10:11.991+0000] {dagbag.py:588} INFO - Filling up the DagBag from /home/airflow/.local/lib/python3.12/site-packages/airflow/example_dags/example_subdag_operator.py
[2025-05-06T08:10:12.011+0000] {processor.py:925} INFO - DAG(s) 'example_subdag_operator.section-1', 'example_subdag_operator.section-2', 'example_subdag_operator' retrieved from /home/airflow/.local/lib/python3.12/site-packages/airflow/example_dags/example_subdag_operator.py
[2025-05-06T08:10:12.023+0000] {logging_mixin.py:190} INFO - [2025-05-06T08:10:12.023+0000] {dag.py:3239} INFO - Sync 3 DAGs
[2025-05-06T08:10:12.043+0000] {logging_mixin.py:190} INFO - [2025-05-06T08:10:12.043+0000] {dag.py:4180} INFO - Setting next_dagrun for example_subdag_operator to 2022-01-01 00:00:00+00:00, run_after=2022-01-01 00:00:00+00:00
[2025-05-06T08:10:12.046+0000] {logging_mixin.py:190} INFO - [2025-05-06T08:10:12.046+0000] {dag.py:4180} INFO - Setting next_dagrun for example_subdag_operator.section-1 to None, run_after=None
[2025-05-06T08:10:12.047+0000] {logging_mixin.py:190} INFO - [2025-05-06T08:10:12.047+0000] {dag.py:4180} INFO - Setting next_dagrun for example_subdag_operator.section-2 to None, run_after=None
[2025-05-06T08:10:12.053+0000] {logging_mixin.py:190} INFO - [2025-05-06T08:10:12.053+0000] {dag.py:3239} INFO - Sync 2 DAGs
[2025-05-06T08:10:12.058+0000] {logging_mixin.py:190} INFO - [2025-05-06T08:10:12.058+0000] {dag.py:4180} INFO - Setting next_dagrun for example_subdag_operator.section-1 to None, run_after=None
[2025-05-06T08:10:12.058+0000] {logging_mixin.py:190} INFO - [2025-05-06T08:10:12.058+0000] {dag.py:4180} INFO - Setting next_dagrun for example_subdag_operator.section-2 to None, run_after=None
[2025-05-06T08:10:12.067+0000] {processor.py:208} INFO - Processing /home/airflow/.local/lib/python3.12/site-packages/airflow/example_dags/example_subdag_operator.py took 0.083 seconds
[2025-05-06T08:10:42.899+0000] {processor.py:186} INFO - Started process (PID=528) to work on /home/airflow/.local/lib/python3.12/site-packages/airflow/example_dags/example_subdag_operator.py
[2025-05-06T08:10:42.900+0000] {processor.py:914} INFO - Processing file /home/airflow/.local/lib/python3.12/site-packages/airflow/example_dags/example_subdag_operator.py for tasks to queue
[2025-05-06T08:10:42.902+0000] {logging_mixin.py:190} INFO - [2025-05-06T08:10:42.901+0000] {dagbag.py:588} INFO - Filling up the DagBag from /home/airflow/.local/lib/python3.12/site-packages/airflow/example_dags/example_subdag_operator.py
[2025-05-06T08:10:42.922+0000] {processor.py:925} INFO - DAG(s) 'example_subdag_operator.section-1', 'example_subdag_operator.section-2', 'example_subdag_operator' retrieved from /home/airflow/.local/lib/python3.12/site-packages/airflow/example_dags/example_subdag_operator.py
[2025-05-06T08:10:42.934+0000] {logging_mixin.py:190} INFO - [2025-05-06T08:10:42.934+0000] {dag.py:3239} INFO - Sync 3 DAGs
[2025-05-06T08:10:42.954+0000] {logging_mixin.py:190} INFO - [2025-05-06T08:10:42.954+0000] {dag.py:4180} INFO - Setting next_dagrun for example_subdag_operator to 2022-01-01 00:00:00+00:00, run_after=2022-01-01 00:00:00+00:00
[2025-05-06T08:10:42.957+0000] {logging_mixin.py:190} INFO - [2025-05-06T08:10:42.957+0000] {dag.py:4180} INFO - Setting next_dagrun for example_subdag_operator.section-1 to None, run_after=None
[2025-05-06T08:10:42.959+0000] {logging_mixin.py:190} INFO - [2025-05-06T08:10:42.958+0000] {dag.py:4180} INFO - Setting next_dagrun for example_subdag_operator.section-2 to None, run_after=None
[2025-05-06T08:10:42.965+0000] {logging_mixin.py:190} INFO - [2025-05-06T08:10:42.964+0000] {dag.py:3239} INFO - Sync 2 DAGs
[2025-05-06T08:10:42.969+0000] {logging_mixin.py:190} INFO - [2025-05-06T08:10:42.968+0000] {dag.py:4180} INFO - Setting next_dagrun for example_subdag_operator.section-1 to None, run_after=None
[2025-05-06T08:10:42.969+0000] {logging_mixin.py:190} INFO - [2025-05-06T08:10:42.969+0000] {dag.py:4180} INFO - Setting next_dagrun for example_subdag_operator.section-2 to None, run_after=None
[2025-05-06T08:10:42.979+0000] {processor.py:208} INFO - Processing /home/airflow/.local/lib/python3.12/site-packages/airflow/example_dags/example_subdag_operator.py took 0.084 seconds
[2025-05-06T08:11:14.049+0000] {processor.py:186} INFO - Started process (PID=598) to work on /home/airflow/.local/lib/python3.12/site-packages/airflow/example_dags/example_subdag_operator.py
[2025-05-06T08:11:14.049+0000] {processor.py:914} INFO - Processing file /home/airflow/.local/lib/python3.12/site-packages/airflow/example_dags/example_subdag_operator.py for tasks to queue
[2025-05-06T08:11:14.051+0000] {logging_mixin.py:190} INFO - [2025-05-06T08:11:14.051+0000] {dagbag.py:588} INFO - Filling up the DagBag from /home/airflow/.local/lib/python3.12/site-packages/airflow/example_dags/example_subdag_operator.py
[2025-05-06T08:11:14.072+0000] {processor.py:925} INFO - DAG(s) 'example_subdag_operator.section-1', 'example_subdag_operator.section-2', 'example_subdag_operator' retrieved from /home/airflow/.local/lib/python3.12/site-packages/airflow/example_dags/example_subdag_operator.py
[2025-05-06T08:11:14.083+0000] {logging_mixin.py:190} INFO - [2025-05-06T08:11:14.083+0000] {dag.py:3239} INFO - Sync 3 DAGs
[2025-05-06T08:11:14.102+0000] {logging_mixin.py:190} INFO - [2025-05-06T08:11:14.102+0000] {dag.py:4180} INFO - Setting next_dagrun for example_subdag_operator to 2022-01-01 00:00:00+00:00, run_after=2022-01-01 00:00:00+00:00
[2025-05-06T08:11:14.105+0000] {logging_mixin.py:190} INFO - [2025-05-06T08:11:14.104+0000] {dag.py:4180} INFO - Setting next_dagrun for example_subdag_operator.section-1 to None, run_after=None
[2025-05-06T08:11:14.105+0000] {logging_mixin.py:190} INFO - [2025-05-06T08:11:14.105+0000] {dag.py:4180} INFO - Setting next_dagrun for example_subdag_operator.section-2 to None, run_after=None
[2025-05-06T08:11:14.111+0000] {logging_mixin.py:190} INFO - [2025-05-06T08:11:14.111+0000] {dag.py:3239} INFO - Sync 2 DAGs
[2025-05-06T08:11:14.116+0000] {logging_mixin.py:190} INFO - [2025-05-06T08:11:14.115+0000] {dag.py:4180} INFO - Setting next_dagrun for example_subdag_operator.section-1 to None, run_after=None
[2025-05-06T08:11:14.116+0000] {logging_mixin.py:190} INFO - [2025-05-06T08:11:14.116+0000] {dag.py:4180} INFO - Setting next_dagrun for example_subdag_operator.section-2 to None, run_after=None
[2025-05-06T08:11:14.123+0000] {processor.py:208} INFO - Processing /home/airflow/.local/lib/python3.12/site-packages/airflow/example_dags/example_subdag_operator.py took 0.079 seconds
[2025-05-06T08:11:45.188+0000] {processor.py:186} INFO - Started process (PID=668) to work on /home/airflow/.local/lib/python3.12/site-packages/airflow/example_dags/example_subdag_operator.py
[2025-05-06T08:11:45.189+0000] {processor.py:914} INFO - Processing file /home/airflow/.local/lib/python3.12/site-packages/airflow/example_dags/example_subdag_operator.py for tasks to queue
[2025-05-06T08:11:45.190+0000] {logging_mixin.py:190} INFO - [2025-05-06T08:11:45.190+0000] {dagbag.py:588} INFO - Filling up the DagBag from /home/airflow/.local/lib/python3.12/site-packages/airflow/example_dags/example_subdag_operator.py
[2025-05-06T08:11:45.211+0000] {processor.py:925} INFO - DAG(s) 'example_subdag_operator.section-1', 'example_subdag_operator.section-2', 'example_subdag_operator' retrieved from /home/airflow/.local/lib/python3.12/site-packages/airflow/example_dags/example_subdag_operator.py
[2025-05-06T08:11:45.222+0000] {logging_mixin.py:190} INFO - [2025-05-06T08:11:45.222+0000] {dag.py:3239} INFO - Sync 3 DAGs
[2025-05-06T08:11:45.242+0000] {logging_mixin.py:190} INFO - [2025-05-06T08:11:45.242+0000] {dag.py:4180} INFO - Setting next_dagrun for example_subdag_operator to 2022-01-01 00:00:00+00:00, run_after=2022-01-01 00:00:00+00:00
[2025-05-06T08:11:45.245+0000] {logging_mixin.py:190} INFO - [2025-05-06T08:11:45.245+0000] {dag.py:4180} INFO - Setting next_dagrun for example_subdag_operator.section-1 to None, run_after=None
[2025-05-06T08:11:45.246+0000] {logging_mixin.py:190} INFO - [2025-05-06T08:11:45.246+0000] {dag.py:4180} INFO - Setting next_dagrun for example_subdag_operator.section-2 to None, run_after=None
[2025-05-06T08:11:45.252+0000] {logging_mixin.py:190} INFO - [2025-05-06T08:11:45.251+0000] {dag.py:3239} INFO - Sync 2 DAGs
[2025-05-06T08:11:45.256+0000] {logging_mixin.py:190} INFO - [2025-05-06T08:11:45.255+0000] {dag.py:4180} INFO - Setting next_dagrun for example_subdag_operator.section-1 to None, run_after=None
[2025-05-06T08:11:45.256+0000] {logging_mixin.py:190} INFO - [2025-05-06T08:11:45.256+0000] {dag.py:4180} INFO - Setting next_dagrun for example_subdag_operator.section-2 to None, run_after=None
[2025-05-06T08:11:45.265+0000] {processor.py:208} INFO - Processing /home/airflow/.local/lib/python3.12/site-packages/airflow/example_dags/example_subdag_operator.py took 0.081 seconds
[2025-05-06T08:12:15.476+0000] {processor.py:186} INFO - Started process (PID=738) to work on /home/airflow/.local/lib/python3.12/site-packages/airflow/example_dags/example_subdag_operator.py
[2025-05-06T08:12:15.477+0000] {processor.py:914} INFO - Processing file /home/airflow/.local/lib/python3.12/site-packages/airflow/example_dags/example_subdag_operator.py for tasks to queue
[2025-05-06T08:12:15.478+0000] {logging_mixin.py:190} INFO - [2025-05-06T08:12:15.478+0000] {dagbag.py:588} INFO - Filling up the DagBag from /home/airflow/.local/lib/python3.12/site-packages/airflow/example_dags/example_subdag_operator.py
[2025-05-06T08:12:15.499+0000] {processor.py:925} INFO - DAG(s) 'example_subdag_operator.section-1', 'example_subdag_operator.section-2', 'example_subdag_operator' retrieved from /home/airflow/.local/lib/python3.12/site-packages/airflow/example_dags/example_subdag_operator.py
[2025-05-06T08:12:15.511+0000] {logging_mixin.py:190} INFO - [2025-05-06T08:12:15.510+0000] {dag.py:3239} INFO - Sync 3 DAGs
[2025-05-06T08:12:15.527+0000] {logging_mixin.py:190} INFO - [2025-05-06T08:12:15.527+0000] {dag.py:4180} INFO - Setting next_dagrun for example_subdag_operator to 2022-01-01 00:00:00+00:00, run_after=2022-01-01 00:00:00+00:00
[2025-05-06T08:12:15.530+0000] {logging_mixin.py:190} INFO - [2025-05-06T08:12:15.530+0000] {dag.py:4180} INFO - Setting next_dagrun for example_subdag_operator.section-1 to None, run_after=None
[2025-05-06T08:12:15.532+0000] {logging_mixin.py:190} INFO - [2025-05-06T08:12:15.531+0000] {dag.py:4180} INFO - Setting next_dagrun for example_subdag_operator.section-2 to None, run_after=None
[2025-05-06T08:12:15.538+0000] {logging_mixin.py:190} INFO - [2025-05-06T08:12:15.537+0000] {dag.py:3239} INFO - Sync 2 DAGs
[2025-05-06T08:12:15.542+0000] {logging_mixin.py:190} INFO - [2025-05-06T08:12:15.542+0000] {dag.py:4180} INFO - Setting next_dagrun for example_subdag_operator.section-1 to None, run_after=None
[2025-05-06T08:12:15.542+0000] {logging_mixin.py:190} INFO - [2025-05-06T08:12:15.542+0000] {dag.py:4180} INFO - Setting next_dagrun for example_subdag_operator.section-2 to None, run_after=None
[2025-05-06T08:12:15.553+0000] {processor.py:208} INFO - Processing /home/airflow/.local/lib/python3.12/site-packages/airflow/example_dags/example_subdag_operator.py took 0.081 seconds
[2025-05-06T08:12:45.671+0000] {processor.py:186} INFO - Started process (PID=807) to work on /home/airflow/.local/lib/python3.12/site-packages/airflow/example_dags/example_subdag_operator.py
[2025-05-06T08:12:45.672+0000] {processor.py:914} INFO - Processing file /home/airflow/.local/lib/python3.12/site-packages/airflow/example_dags/example_subdag_operator.py for tasks to queue
[2025-05-06T08:12:45.674+0000] {logging_mixin.py:190} INFO - [2025-05-06T08:12:45.673+0000] {dagbag.py:588} INFO - Filling up the DagBag from /home/airflow/.local/lib/python3.12/site-packages/airflow/example_dags/example_subdag_operator.py
[2025-05-06T08:12:45.702+0000] {processor.py:925} INFO - DAG(s) 'example_subdag_operator.section-1', 'example_subdag_operator.section-2', 'example_subdag_operator' retrieved from /home/airflow/.local/lib/python3.12/site-packages/airflow/example_dags/example_subdag_operator.py
[2025-05-06T08:12:45.719+0000] {logging_mixin.py:190} INFO - [2025-05-06T08:12:45.719+0000] {dag.py:3239} INFO - Sync 3 DAGs
[2025-05-06T08:12:45.744+0000] {logging_mixin.py:190} INFO - [2025-05-06T08:12:45.744+0000] {dag.py:4180} INFO - Setting next_dagrun for example_subdag_operator to 2022-01-01 00:00:00+00:00, run_after=2022-01-01 00:00:00+00:00
[2025-05-06T08:12:45.748+0000] {logging_mixin.py:190} INFO - [2025-05-06T08:12:45.748+0000] {dag.py:4180} INFO - Setting next_dagrun for example_subdag_operator.section-1 to None, run_after=None
[2025-05-06T08:12:45.750+0000] {logging_mixin.py:190} INFO - [2025-05-06T08:12:45.750+0000] {dag.py:4180} INFO - Setting next_dagrun for example_subdag_operator.section-2 to None, run_after=None
[2025-05-06T08:12:45.759+0000] {logging_mixin.py:190} INFO - [2025-05-06T08:12:45.759+0000] {dag.py:3239} INFO - Sync 2 DAGs
[2025-05-06T08:12:45.765+0000] {logging_mixin.py:190} INFO - [2025-05-06T08:12:45.764+0000] {dag.py:4180} INFO - Setting next_dagrun for example_subdag_operator.section-1 to None, run_after=None
[2025-05-06T08:12:45.765+0000] {logging_mixin.py:190} INFO - [2025-05-06T08:12:45.765+0000] {dag.py:4180} INFO - Setting next_dagrun for example_subdag_operator.section-2 to None, run_after=None
[2025-05-06T08:12:45.779+0000] {processor.py:208} INFO - Processing /home/airflow/.local/lib/python3.12/site-packages/airflow/example_dags/example_subdag_operator.py took 0.113 seconds
[2025-05-06T08:13:15.990+0000] {processor.py:186} INFO - Started process (PID=877) to work on /home/airflow/.local/lib/python3.12/site-packages/airflow/example_dags/example_subdag_operator.py
[2025-05-06T08:13:15.991+0000] {processor.py:914} INFO - Processing file /home/airflow/.local/lib/python3.12/site-packages/airflow/example_dags/example_subdag_operator.py for tasks to queue
[2025-05-06T08:13:15.992+0000] {logging_mixin.py:190} INFO - [2025-05-06T08:13:15.992+0000] {dagbag.py:588} INFO - Filling up the DagBag from /home/airflow/.local/lib/python3.12/site-packages/airflow/example_dags/example_subdag_operator.py
[2025-05-06T08:13:16.010+0000] {processor.py:925} INFO - DAG(s) 'example_subdag_operator.section-1', 'example_subdag_operator.section-2', 'example_subdag_operator' retrieved from /home/airflow/.local/lib/python3.12/site-packages/airflow/example_dags/example_subdag_operator.py
[2025-05-06T08:13:16.022+0000] {logging_mixin.py:190} INFO - [2025-05-06T08:13:16.021+0000] {dag.py:3239} INFO - Sync 3 DAGs
[2025-05-06T08:13:16.041+0000] {logging_mixin.py:190} INFO - [2025-05-06T08:13:16.041+0000] {dag.py:4180} INFO - Setting next_dagrun for example_subdag_operator to 2022-01-01 00:00:00+00:00, run_after=2022-01-01 00:00:00+00:00
[2025-05-06T08:13:16.044+0000] {logging_mixin.py:190} INFO - [2025-05-06T08:13:16.044+0000] {dag.py:4180} INFO - Setting next_dagrun for example_subdag_operator.section-1 to None, run_after=None
[2025-05-06T08:13:16.044+0000] {logging_mixin.py:190} INFO - [2025-05-06T08:13:16.044+0000] {dag.py:4180} INFO - Setting next_dagrun for example_subdag_operator.section-2 to None, run_after=None
[2025-05-06T08:13:16.049+0000] {logging_mixin.py:190} INFO - [2025-05-06T08:13:16.049+0000] {dag.py:3239} INFO - Sync 2 DAGs
[2025-05-06T08:13:16.054+0000] {logging_mixin.py:190} INFO - [2025-05-06T08:13:16.054+0000] {dag.py:4180} INFO - Setting next_dagrun for example_subdag_operator.section-1 to None, run_after=None
[2025-05-06T08:13:16.054+0000] {logging_mixin.py:190} INFO - [2025-05-06T08:13:16.054+0000] {dag.py:4180} INFO - Setting next_dagrun for example_subdag_operator.section-2 to None, run_after=None
[2025-05-06T08:13:16.064+0000] {processor.py:208} INFO - Processing /home/airflow/.local/lib/python3.12/site-packages/airflow/example_dags/example_subdag_operator.py took 0.078 seconds
[2025-05-06T08:13:46.314+0000] {processor.py:186} INFO - Started process (PID=947) to work on /home/airflow/.local/lib/python3.12/site-packages/airflow/example_dags/example_subdag_operator.py
[2025-05-06T08:13:46.315+0000] {processor.py:914} INFO - Processing file /home/airflow/.local/lib/python3.12/site-packages/airflow/example_dags/example_subdag_operator.py for tasks to queue
[2025-05-06T08:13:46.317+0000] {logging_mixin.py:190} INFO - [2025-05-06T08:13:46.316+0000] {dagbag.py:588} INFO - Filling up the DagBag from /home/airflow/.local/lib/python3.12/site-packages/airflow/example_dags/example_subdag_operator.py
[2025-05-06T08:13:46.340+0000] {processor.py:925} INFO - DAG(s) 'example_subdag_operator.section-1', 'example_subdag_operator.section-2', 'example_subdag_operator' retrieved from /home/airflow/.local/lib/python3.12/site-packages/airflow/example_dags/example_subdag_operator.py
[2025-05-06T08:13:46.354+0000] {logging_mixin.py:190} INFO - [2025-05-06T08:13:46.354+0000] {dag.py:3239} INFO - Sync 3 DAGs
[2025-05-06T08:13:46.378+0000] {logging_mixin.py:190} INFO - [2025-05-06T08:13:46.378+0000] {dag.py:4180} INFO - Setting next_dagrun for example_subdag_operator to 2022-01-01 00:00:00+00:00, run_after=2022-01-01 00:00:00+00:00
[2025-05-06T08:13:46.382+0000] {logging_mixin.py:190} INFO - [2025-05-06T08:13:46.382+0000] {dag.py:4180} INFO - Setting next_dagrun for example_subdag_operator.section-1 to None, run_after=None
[2025-05-06T08:13:46.383+0000] {logging_mixin.py:190} INFO - [2025-05-06T08:13:46.383+0000] {dag.py:4180} INFO - Setting next_dagrun for example_subdag_operator.section-2 to None, run_after=None
[2025-05-06T08:13:46.392+0000] {logging_mixin.py:190} INFO - [2025-05-06T08:13:46.392+0000] {dag.py:3239} INFO - Sync 2 DAGs
[2025-05-06T08:13:46.398+0000] {logging_mixin.py:190} INFO - [2025-05-06T08:13:46.398+0000] {dag.py:4180} INFO - Setting next_dagrun for example_subdag_operator.section-1 to None, run_after=None
[2025-05-06T08:13:46.399+0000] {logging_mixin.py:190} INFO - [2025-05-06T08:13:46.399+0000] {dag.py:4180} INFO - Setting next_dagrun for example_subdag_operator.section-2 to None, run_after=None
[2025-05-06T08:13:46.412+0000] {processor.py:208} INFO - Processing /home/airflow/.local/lib/python3.12/site-packages/airflow/example_dags/example_subdag_operator.py took 0.103 seconds
[2025-05-06T08:14:16.642+0000] {processor.py:186} INFO - Started process (PID=1017) to work on /home/airflow/.local/lib/python3.12/site-packages/airflow/example_dags/example_subdag_operator.py
[2025-05-06T08:14:16.643+0000] {processor.py:914} INFO - Processing file /home/airflow/.local/lib/python3.12/site-packages/airflow/example_dags/example_subdag_operator.py for tasks to queue
[2025-05-06T08:14:16.645+0000] {logging_mixin.py:190} INFO - [2025-05-06T08:14:16.645+0000] {dagbag.py:588} INFO - Filling up the DagBag from /home/airflow/.local/lib/python3.12/site-packages/airflow/example_dags/example_subdag_operator.py
[2025-05-06T08:14:16.671+0000] {processor.py:925} INFO - DAG(s) 'example_subdag_operator.section-1', 'example_subdag_operator.section-2', 'example_subdag_operator' retrieved from /home/airflow/.local/lib/python3.12/site-packages/airflow/example_dags/example_subdag_operator.py
[2025-05-06T08:14:16.686+0000] {logging_mixin.py:190} INFO - [2025-05-06T08:14:16.686+0000] {dag.py:3239} INFO - Sync 3 DAGs
[2025-05-06T08:14:16.709+0000] {logging_mixin.py:190} INFO - [2025-05-06T08:14:16.709+0000] {dag.py:4180} INFO - Setting next_dagrun for example_subdag_operator to 2022-01-01 00:00:00+00:00, run_after=2022-01-01 00:00:00+00:00
[2025-05-06T08:14:16.712+0000] {logging_mixin.py:190} INFO - [2025-05-06T08:14:16.712+0000] {dag.py:4180} INFO - Setting next_dagrun for example_subdag_operator.section-1 to None, run_after=None
[2025-05-06T08:14:16.714+0000] {logging_mixin.py:190} INFO - [2025-05-06T08:14:16.714+0000] {dag.py:4180} INFO - Setting next_dagrun for example_subdag_operator.section-2 to None, run_after=None
[2025-05-06T08:14:16.720+0000] {logging_mixin.py:190} INFO - [2025-05-06T08:14:16.720+0000] {dag.py:3239} INFO - Sync 2 DAGs
[2025-05-06T08:14:16.726+0000] {logging_mixin.py:190} INFO - [2025-05-06T08:14:16.725+0000] {dag.py:4180} INFO - Setting next_dagrun for example_subdag_operator.section-1 to None, run_after=None
[2025-05-06T08:14:16.726+0000] {logging_mixin.py:190} INFO - [2025-05-06T08:14:16.726+0000] {dag.py:4180} INFO - Setting next_dagrun for example_subdag_operator.section-2 to None, run_after=None
[2025-05-06T08:14:16.737+0000] {processor.py:208} INFO - Processing /home/airflow/.local/lib/python3.12/site-packages/airflow/example_dags/example_subdag_operator.py took 0.100 seconds
[2025-05-06T08:14:47.654+0000] {processor.py:186} INFO - Started process (PID=1087) to work on /home/airflow/.local/lib/python3.12/site-packages/airflow/example_dags/example_subdag_operator.py
[2025-05-06T08:14:47.655+0000] {processor.py:914} INFO - Processing file /home/airflow/.local/lib/python3.12/site-packages/airflow/example_dags/example_subdag_operator.py for tasks to queue
[2025-05-06T08:14:47.656+0000] {logging_mixin.py:190} INFO - [2025-05-06T08:14:47.656+0000] {dagbag.py:588} INFO - Filling up the DagBag from /home/airflow/.local/lib/python3.12/site-packages/airflow/example_dags/example_subdag_operator.py
[2025-05-06T08:14:47.678+0000] {processor.py:925} INFO - DAG(s) 'example_subdag_operator.section-1', 'example_subdag_operator.section-2', 'example_subdag_operator' retrieved from /home/airflow/.local/lib/python3.12/site-packages/airflow/example_dags/example_subdag_operator.py
[2025-05-06T08:14:47.691+0000] {logging_mixin.py:190} INFO - [2025-05-06T08:14:47.690+0000] {dag.py:3239} INFO - Sync 3 DAGs
[2025-05-06T08:14:47.712+0000] {logging_mixin.py:190} INFO - [2025-05-06T08:14:47.712+0000] {dag.py:4180} INFO - Setting next_dagrun for example_subdag_operator to 2022-01-01 00:00:00+00:00, run_after=2022-01-01 00:00:00+00:00
[2025-05-06T08:14:47.715+0000] {logging_mixin.py:190} INFO - [2025-05-06T08:14:47.715+0000] {dag.py:4180} INFO - Setting next_dagrun for example_subdag_operator.section-1 to None, run_after=None
[2025-05-06T08:14:47.716+0000] {logging_mixin.py:190} INFO - [2025-05-06T08:14:47.716+0000] {dag.py:4180} INFO - Setting next_dagrun for example_subdag_operator.section-2 to None, run_after=None
[2025-05-06T08:14:47.722+0000] {logging_mixin.py:190} INFO - [2025-05-06T08:14:47.722+0000] {dag.py:3239} INFO - Sync 2 DAGs
[2025-05-06T08:14:47.727+0000] {logging_mixin.py:190} INFO - [2025-05-06T08:14:47.727+0000] {dag.py:4180} INFO - Setting next_dagrun for example_subdag_operator.section-1 to None, run_after=None
[2025-05-06T08:14:47.727+0000] {logging_mixin.py:190} INFO - [2025-05-06T08:14:47.727+0000] {dag.py:4180} INFO - Setting next_dagrun for example_subdag_operator.section-2 to None, run_after=None
[2025-05-06T08:14:47.738+0000] {processor.py:208} INFO - Processing /home/airflow/.local/lib/python3.12/site-packages/airflow/example_dags/example_subdag_operator.py took 0.088 seconds
[2025-05-06T08:15:18.161+0000] {processor.py:186} INFO - Started process (PID=1163) to work on /home/airflow/.local/lib/python3.12/site-packages/airflow/example_dags/example_subdag_operator.py
[2025-05-06T08:15:18.163+0000] {processor.py:914} INFO - Processing file /home/airflow/.local/lib/python3.12/site-packages/airflow/example_dags/example_subdag_operator.py for tasks to queue
[2025-05-06T08:15:18.165+0000] {logging_mixin.py:190} INFO - [2025-05-06T08:15:18.165+0000] {dagbag.py:588} INFO - Filling up the DagBag from /home/airflow/.local/lib/python3.12/site-packages/airflow/example_dags/example_subdag_operator.py
[2025-05-06T08:15:18.193+0000] {processor.py:925} INFO - DAG(s) 'example_subdag_operator.section-1', 'example_subdag_operator.section-2', 'example_subdag_operator' retrieved from /home/airflow/.local/lib/python3.12/site-packages/airflow/example_dags/example_subdag_operator.py
[2025-05-06T08:15:18.205+0000] {logging_mixin.py:190} INFO - [2025-05-06T08:15:18.205+0000] {dag.py:3239} INFO - Sync 3 DAGs
[2025-05-06T08:15:18.222+0000] {logging_mixin.py:190} INFO - [2025-05-06T08:15:18.222+0000] {dag.py:4180} INFO - Setting next_dagrun for example_subdag_operator to 2022-01-01 00:00:00+00:00, run_after=2022-01-01 00:00:00+00:00
[2025-05-06T08:15:18.225+0000] {logging_mixin.py:190} INFO - [2025-05-06T08:15:18.225+0000] {dag.py:4180} INFO - Setting next_dagrun for example_subdag_operator.section-1 to None, run_after=None
[2025-05-06T08:15:18.226+0000] {logging_mixin.py:190} INFO - [2025-05-06T08:15:18.226+0000] {dag.py:4180} INFO - Setting next_dagrun for example_subdag_operator.section-2 to None, run_after=None
[2025-05-06T08:15:18.232+0000] {logging_mixin.py:190} INFO - [2025-05-06T08:15:18.232+0000] {dag.py:3239} INFO - Sync 2 DAGs
[2025-05-06T08:15:18.236+0000] {logging_mixin.py:190} INFO - [2025-05-06T08:15:18.236+0000] {dag.py:4180} INFO - Setting next_dagrun for example_subdag_operator.section-1 to None, run_after=None
[2025-05-06T08:15:18.236+0000] {logging_mixin.py:190} INFO - [2025-05-06T08:15:18.236+0000] {dag.py:4180} INFO - Setting next_dagrun for example_subdag_operator.section-2 to None, run_after=None
[2025-05-06T08:15:18.247+0000] {processor.py:208} INFO - Processing /home/airflow/.local/lib/python3.12/site-packages/airflow/example_dags/example_subdag_operator.py took 0.092 seconds
[2025-05-06T08:15:48.431+0000] {processor.py:186} INFO - Started process (PID=1233) to work on /home/airflow/.local/lib/python3.12/site-packages/airflow/example_dags/example_subdag_operator.py
[2025-05-06T08:15:48.433+0000] {processor.py:914} INFO - Processing file /home/airflow/.local/lib/python3.12/site-packages/airflow/example_dags/example_subdag_operator.py for tasks to queue
[2025-05-06T08:15:48.435+0000] {logging_mixin.py:190} INFO - [2025-05-06T08:15:48.435+0000] {dagbag.py:588} INFO - Filling up the DagBag from /home/airflow/.local/lib/python3.12/site-packages/airflow/example_dags/example_subdag_operator.py
[2025-05-06T08:15:48.457+0000] {processor.py:925} INFO - DAG(s) 'example_subdag_operator.section-1', 'example_subdag_operator.section-2', 'example_subdag_operator' retrieved from /home/airflow/.local/lib/python3.12/site-packages/airflow/example_dags/example_subdag_operator.py
[2025-05-06T08:15:48.468+0000] {logging_mixin.py:190} INFO - [2025-05-06T08:15:48.468+0000] {dag.py:3239} INFO - Sync 3 DAGs
[2025-05-06T08:15:48.486+0000] {logging_mixin.py:190} INFO - [2025-05-06T08:15:48.486+0000] {dag.py:4180} INFO - Setting next_dagrun for example_subdag_operator to 2022-01-01 00:00:00+00:00, run_after=2022-01-01 00:00:00+00:00
[2025-05-06T08:15:48.489+0000] {logging_mixin.py:190} INFO - [2025-05-06T08:15:48.488+0000] {dag.py:4180} INFO - Setting next_dagrun for example_subdag_operator.section-1 to None, run_after=None
[2025-05-06T08:15:48.489+0000] {logging_mixin.py:190} INFO - [2025-05-06T08:15:48.489+0000] {dag.py:4180} INFO - Setting next_dagrun for example_subdag_operator.section-2 to None, run_after=None
[2025-05-06T08:15:48.495+0000] {logging_mixin.py:190} INFO - [2025-05-06T08:15:48.495+0000] {dag.py:3239} INFO - Sync 2 DAGs
[2025-05-06T08:15:48.500+0000] {logging_mixin.py:190} INFO - [2025-05-06T08:15:48.500+0000] {dag.py:4180} INFO - Setting next_dagrun for example_subdag_operator.section-1 to None, run_after=None
[2025-05-06T08:15:48.500+0000] {logging_mixin.py:190} INFO - [2025-05-06T08:15:48.500+0000] {dag.py:4180} INFO - Setting next_dagrun for example_subdag_operator.section-2 to None, run_after=None
[2025-05-06T08:15:48.513+0000] {processor.py:208} INFO - Processing /home/airflow/.local/lib/python3.12/site-packages/airflow/example_dags/example_subdag_operator.py took 0.086 seconds
[2025-05-06T08:16:19.215+0000] {processor.py:186} INFO - Started process (PID=1303) to work on /home/airflow/.local/lib/python3.12/site-packages/airflow/example_dags/example_subdag_operator.py
[2025-05-06T08:16:19.216+0000] {processor.py:914} INFO - Processing file /home/airflow/.local/lib/python3.12/site-packages/airflow/example_dags/example_subdag_operator.py for tasks to queue
[2025-05-06T08:16:19.219+0000] {logging_mixin.py:190} INFO - [2025-05-06T08:16:19.219+0000] {dagbag.py:588} INFO - Filling up the DagBag from /home/airflow/.local/lib/python3.12/site-packages/airflow/example_dags/example_subdag_operator.py
[2025-05-06T08:16:19.244+0000] {processor.py:925} INFO - DAG(s) 'example_subdag_operator.section-1', 'example_subdag_operator.section-2', 'example_subdag_operator' retrieved from /home/airflow/.local/lib/python3.12/site-packages/airflow/example_dags/example_subdag_operator.py
[2025-05-06T08:16:19.259+0000] {logging_mixin.py:190} INFO - [2025-05-06T08:16:19.259+0000] {dag.py:3239} INFO - Sync 3 DAGs
[2025-05-06T08:16:19.280+0000] {logging_mixin.py:190} INFO - [2025-05-06T08:16:19.280+0000] {dag.py:4180} INFO - Setting next_dagrun for example_subdag_operator to 2022-01-01 00:00:00+00:00, run_after=2022-01-01 00:00:00+00:00
[2025-05-06T08:16:19.283+0000] {logging_mixin.py:190} INFO - [2025-05-06T08:16:19.283+0000] {dag.py:4180} INFO - Setting next_dagrun for example_subdag_operator.section-1 to None, run_after=None
[2025-05-06T08:16:19.284+0000] {logging_mixin.py:190} INFO - [2025-05-06T08:16:19.284+0000] {dag.py:4180} INFO - Setting next_dagrun for example_subdag_operator.section-2 to None, run_after=None
[2025-05-06T08:16:19.289+0000] {logging_mixin.py:190} INFO - [2025-05-06T08:16:19.289+0000] {dag.py:3239} INFO - Sync 2 DAGs
[2025-05-06T08:16:19.294+0000] {logging_mixin.py:190} INFO - [2025-05-06T08:16:19.294+0000] {dag.py:4180} INFO - Setting next_dagrun for example_subdag_operator.section-1 to None, run_after=None
[2025-05-06T08:16:19.294+0000] {logging_mixin.py:190} INFO - [2025-05-06T08:16:19.294+0000] {dag.py:4180} INFO - Setting next_dagrun for example_subdag_operator.section-2 to None, run_after=None
[2025-05-06T08:16:19.306+0000] {processor.py:208} INFO - Processing /home/airflow/.local/lib/python3.12/site-packages/airflow/example_dags/example_subdag_operator.py took 0.097 seconds
[2025-05-06T08:16:49.910+0000] {processor.py:186} INFO - Started process (PID=1373) to work on /home/airflow/.local/lib/python3.12/site-packages/airflow/example_dags/example_subdag_operator.py
[2025-05-06T08:16:49.923+0000] {processor.py:914} INFO - Processing file /home/airflow/.local/lib/python3.12/site-packages/airflow/example_dags/example_subdag_operator.py for tasks to queue
[2025-05-06T08:16:49.925+0000] {logging_mixin.py:190} INFO - [2025-05-06T08:16:49.925+0000] {dagbag.py:588} INFO - Filling up the DagBag from /home/airflow/.local/lib/python3.12/site-packages/airflow/example_dags/example_subdag_operator.py
[2025-05-06T08:16:49.944+0000] {processor.py:925} INFO - DAG(s) 'example_subdag_operator.section-1', 'example_subdag_operator.section-2', 'example_subdag_operator' retrieved from /home/airflow/.local/lib/python3.12/site-packages/airflow/example_dags/example_subdag_operator.py
[2025-05-06T08:16:49.955+0000] {logging_mixin.py:190} INFO - [2025-05-06T08:16:49.955+0000] {dag.py:3239} INFO - Sync 3 DAGs
[2025-05-06T08:16:49.972+0000] {logging_mixin.py:190} INFO - [2025-05-06T08:16:49.972+0000] {dag.py:4180} INFO - Setting next_dagrun for example_subdag_operator to 2022-01-01 00:00:00+00:00, run_after=2022-01-01 00:00:00+00:00
[2025-05-06T08:16:49.975+0000] {logging_mixin.py:190} INFO - [2025-05-06T08:16:49.975+0000] {dag.py:4180} INFO - Setting next_dagrun for example_subdag_operator.section-1 to None, run_after=None
[2025-05-06T08:16:49.976+0000] {logging_mixin.py:190} INFO - [2025-05-06T08:16:49.976+0000] {dag.py:4180} INFO - Setting next_dagrun for example_subdag_operator.section-2 to None, run_after=None
[2025-05-06T08:16:49.981+0000] {logging_mixin.py:190} INFO - [2025-05-06T08:16:49.981+0000] {dag.py:3239} INFO - Sync 2 DAGs
[2025-05-06T08:16:49.985+0000] {logging_mixin.py:190} INFO - [2025-05-06T08:16:49.984+0000] {dag.py:4180} INFO - Setting next_dagrun for example_subdag_operator.section-1 to None, run_after=None
[2025-05-06T08:16:49.985+0000] {logging_mixin.py:190} INFO - [2025-05-06T08:16:49.985+0000] {dag.py:4180} INFO - Setting next_dagrun for example_subdag_operator.section-2 to None, run_after=None
[2025-05-06T08:16:49.995+0000] {processor.py:208} INFO - Processing /home/airflow/.local/lib/python3.12/site-packages/airflow/example_dags/example_subdag_operator.py took 0.089 seconds
[2025-05-06T08:17:20.917+0000] {processor.py:186} INFO - Started process (PID=1443) to work on /home/airflow/.local/lib/python3.12/site-packages/airflow/example_dags/example_subdag_operator.py
[2025-05-06T08:17:20.926+0000] {processor.py:914} INFO - Processing file /home/airflow/.local/lib/python3.12/site-packages/airflow/example_dags/example_subdag_operator.py for tasks to queue
[2025-05-06T08:17:20.927+0000] {logging_mixin.py:190} INFO - [2025-05-06T08:17:20.927+0000] {dagbag.py:588} INFO - Filling up the DagBag from /home/airflow/.local/lib/python3.12/site-packages/airflow/example_dags/example_subdag_operator.py
[2025-05-06T08:17:20.945+0000] {processor.py:925} INFO - DAG(s) 'example_subdag_operator.section-1', 'example_subdag_operator.section-2', 'example_subdag_operator' retrieved from /home/airflow/.local/lib/python3.12/site-packages/airflow/example_dags/example_subdag_operator.py
[2025-05-06T08:17:20.956+0000] {logging_mixin.py:190} INFO - [2025-05-06T08:17:20.956+0000] {dag.py:3239} INFO - Sync 3 DAGs
[2025-05-06T08:17:20.974+0000] {logging_mixin.py:190} INFO - [2025-05-06T08:17:20.974+0000] {dag.py:4180} INFO - Setting next_dagrun for example_subdag_operator to 2022-01-01 00:00:00+00:00, run_after=2022-01-01 00:00:00+00:00
[2025-05-06T08:17:20.977+0000] {logging_mixin.py:190} INFO - [2025-05-06T08:17:20.977+0000] {dag.py:4180} INFO - Setting next_dagrun for example_subdag_operator.section-1 to None, run_after=None
[2025-05-06T08:17:20.978+0000] {logging_mixin.py:190} INFO - [2025-05-06T08:17:20.978+0000] {dag.py:4180} INFO - Setting next_dagrun for example_subdag_operator.section-2 to None, run_after=None
[2025-05-06T08:17:20.984+0000] {logging_mixin.py:190} INFO - [2025-05-06T08:17:20.984+0000] {dag.py:3239} INFO - Sync 2 DAGs
[2025-05-06T08:17:20.989+0000] {logging_mixin.py:190} INFO - [2025-05-06T08:17:20.989+0000] {dag.py:4180} INFO - Setting next_dagrun for example_subdag_operator.section-1 to None, run_after=None
[2025-05-06T08:17:20.989+0000] {logging_mixin.py:190} INFO - [2025-05-06T08:17:20.989+0000] {dag.py:4180} INFO - Setting next_dagrun for example_subdag_operator.section-2 to None, run_after=None
[2025-05-06T08:17:21.004+0000] {processor.py:208} INFO - Processing /home/airflow/.local/lib/python3.12/site-packages/airflow/example_dags/example_subdag_operator.py took 0.090 seconds
[2025-05-06T08:17:51.258+0000] {processor.py:186} INFO - Started process (PID=1513) to work on /home/airflow/.local/lib/python3.12/site-packages/airflow/example_dags/example_subdag_operator.py
[2025-05-06T08:17:51.259+0000] {processor.py:914} INFO - Processing file /home/airflow/.local/lib/python3.12/site-packages/airflow/example_dags/example_subdag_operator.py for tasks to queue
[2025-05-06T08:17:51.260+0000] {logging_mixin.py:190} INFO - [2025-05-06T08:17:51.260+0000] {dagbag.py:588} INFO - Filling up the DagBag from /home/airflow/.local/lib/python3.12/site-packages/airflow/example_dags/example_subdag_operator.py
[2025-05-06T08:17:51.282+0000] {processor.py:925} INFO - DAG(s) 'example_subdag_operator.section-1', 'example_subdag_operator.section-2', 'example_subdag_operator' retrieved from /home/airflow/.local/lib/python3.12/site-packages/airflow/example_dags/example_subdag_operator.py
[2025-05-06T08:17:51.293+0000] {logging_mixin.py:190} INFO - [2025-05-06T08:17:51.293+0000] {dag.py:3239} INFO - Sync 3 DAGs
[2025-05-06T08:17:51.310+0000] {logging_mixin.py:190} INFO - [2025-05-06T08:17:51.309+0000] {dag.py:4180} INFO - Setting next_dagrun for example_subdag_operator to 2022-01-01 00:00:00+00:00, run_after=2022-01-01 00:00:00+00:00
[2025-05-06T08:17:51.312+0000] {logging_mixin.py:190} INFO - [2025-05-06T08:17:51.312+0000] {dag.py:4180} INFO - Setting next_dagrun for example_subdag_operator.section-1 to None, run_after=None
[2025-05-06T08:17:51.313+0000] {logging_mixin.py:190} INFO - [2025-05-06T08:17:51.313+0000] {dag.py:4180} INFO - Setting next_dagrun for example_subdag_operator.section-2 to None, run_after=None
[2025-05-06T08:17:51.319+0000] {logging_mixin.py:190} INFO - [2025-05-06T08:17:51.319+0000] {dag.py:3239} INFO - Sync 2 DAGs
[2025-05-06T08:17:51.324+0000] {logging_mixin.py:190} INFO - [2025-05-06T08:17:51.324+0000] {dag.py:4180} INFO - Setting next_dagrun for example_subdag_operator.section-1 to None, run_after=None
[2025-05-06T08:17:51.324+0000] {logging_mixin.py:190} INFO - [2025-05-06T08:17:51.324+0000] {dag.py:4180} INFO - Setting next_dagrun for example_subdag_operator.section-2 to None, run_after=None
[2025-05-06T08:17:51.336+0000] {processor.py:208} INFO - Processing /home/airflow/.local/lib/python3.12/site-packages/airflow/example_dags/example_subdag_operator.py took 0.083 seconds
[2025-05-06T08:18:22.000+0000] {processor.py:186} INFO - Started process (PID=1583) to work on /home/airflow/.local/lib/python3.12/site-packages/airflow/example_dags/example_subdag_operator.py
[2025-05-06T08:18:22.001+0000] {processor.py:914} INFO - Processing file /home/airflow/.local/lib/python3.12/site-packages/airflow/example_dags/example_subdag_operator.py for tasks to queue
[2025-05-06T08:18:22.004+0000] {logging_mixin.py:190} INFO - [2025-05-06T08:18:22.003+0000] {dagbag.py:588} INFO - Filling up the DagBag from /home/airflow/.local/lib/python3.12/site-packages/airflow/example_dags/example_subdag_operator.py
[2025-05-06T08:18:22.025+0000] {processor.py:925} INFO - DAG(s) 'example_subdag_operator.section-1', 'example_subdag_operator.section-2', 'example_subdag_operator' retrieved from /home/airflow/.local/lib/python3.12/site-packages/airflow/example_dags/example_subdag_operator.py
[2025-05-06T08:18:22.034+0000] {logging_mixin.py:190} INFO - [2025-05-06T08:18:22.034+0000] {dag.py:3239} INFO - Sync 3 DAGs
[2025-05-06T08:18:22.051+0000] {logging_mixin.py:190} INFO - [2025-05-06T08:18:22.051+0000] {dag.py:4180} INFO - Setting next_dagrun for example_subdag_operator to 2022-01-01 00:00:00+00:00, run_after=2022-01-01 00:00:00+00:00
[2025-05-06T08:18:22.054+0000] {logging_mixin.py:190} INFO - [2025-05-06T08:18:22.054+0000] {dag.py:4180} INFO - Setting next_dagrun for example_subdag_operator.section-1 to None, run_after=None
[2025-05-06T08:18:22.056+0000] {logging_mixin.py:190} INFO - [2025-05-06T08:18:22.056+0000] {dag.py:4180} INFO - Setting next_dagrun for example_subdag_operator.section-2 to None, run_after=None
[2025-05-06T08:18:22.062+0000] {logging_mixin.py:190} INFO - [2025-05-06T08:18:22.062+0000] {dag.py:3239} INFO - Sync 2 DAGs
[2025-05-06T08:18:22.066+0000] {logging_mixin.py:190} INFO - [2025-05-06T08:18:22.066+0000] {dag.py:4180} INFO - Setting next_dagrun for example_subdag_operator.section-1 to None, run_after=None
[2025-05-06T08:18:22.066+0000] {logging_mixin.py:190} INFO - [2025-05-06T08:18:22.066+0000] {dag.py:4180} INFO - Setting next_dagrun for example_subdag_operator.section-2 to None, run_after=None
[2025-05-06T08:18:22.078+0000] {processor.py:208} INFO - Processing /home/airflow/.local/lib/python3.12/site-packages/airflow/example_dags/example_subdag_operator.py took 0.082 seconds
[2025-05-06T08:18:52.840+0000] {processor.py:186} INFO - Started process (PID=1653) to work on /home/airflow/.local/lib/python3.12/site-packages/airflow/example_dags/example_subdag_operator.py
[2025-05-06T08:18:52.843+0000] {processor.py:914} INFO - Processing file /home/airflow/.local/lib/python3.12/site-packages/airflow/example_dags/example_subdag_operator.py for tasks to queue
[2025-05-06T08:18:52.845+0000] {logging_mixin.py:190} INFO - [2025-05-06T08:18:52.845+0000] {dagbag.py:588} INFO - Filling up the DagBag from /home/airflow/.local/lib/python3.12/site-packages/airflow/example_dags/example_subdag_operator.py
[2025-05-06T08:18:52.872+0000] {processor.py:925} INFO - DAG(s) 'example_subdag_operator.section-1', 'example_subdag_operator.section-2', 'example_subdag_operator' retrieved from /home/airflow/.local/lib/python3.12/site-packages/airflow/example_dags/example_subdag_operator.py
[2025-05-06T08:18:52.885+0000] {logging_mixin.py:190} INFO - [2025-05-06T08:18:52.885+0000] {dag.py:3239} INFO - Sync 3 DAGs
[2025-05-06T08:18:52.906+0000] {logging_mixin.py:190} INFO - [2025-05-06T08:18:52.906+0000] {dag.py:4180} INFO - Setting next_dagrun for example_subdag_operator to 2022-01-01 00:00:00+00:00, run_after=2022-01-01 00:00:00+00:00
[2025-05-06T08:18:52.910+0000] {logging_mixin.py:190} INFO - [2025-05-06T08:18:52.909+0000] {dag.py:4180} INFO - Setting next_dagrun for example_subdag_operator.section-1 to None, run_after=None
[2025-05-06T08:18:52.911+0000] {logging_mixin.py:190} INFO - [2025-05-06T08:18:52.911+0000] {dag.py:4180} INFO - Setting next_dagrun for example_subdag_operator.section-2 to None, run_after=None
[2025-05-06T08:18:52.917+0000] {logging_mixin.py:190} INFO - [2025-05-06T08:18:52.917+0000] {dag.py:3239} INFO - Sync 2 DAGs
[2025-05-06T08:18:52.922+0000] {logging_mixin.py:190} INFO - [2025-05-06T08:18:52.922+0000] {dag.py:4180} INFO - Setting next_dagrun for example_subdag_operator.section-1 to None, run_after=None
[2025-05-06T08:18:52.922+0000] {logging_mixin.py:190} INFO - [2025-05-06T08:18:52.922+0000] {dag.py:4180} INFO - Setting next_dagrun for example_subdag_operator.section-2 to None, run_after=None
[2025-05-06T08:18:52.933+0000] {processor.py:208} INFO - Processing /home/airflow/.local/lib/python3.12/site-packages/airflow/example_dags/example_subdag_operator.py took 0.097 seconds
[2025-05-06T08:19:23.570+0000] {processor.py:186} INFO - Started process (PID=1723) to work on /home/airflow/.local/lib/python3.12/site-packages/airflow/example_dags/example_subdag_operator.py
[2025-05-06T08:19:23.571+0000] {processor.py:914} INFO - Processing file /home/airflow/.local/lib/python3.12/site-packages/airflow/example_dags/example_subdag_operator.py for tasks to queue
[2025-05-06T08:19:23.573+0000] {logging_mixin.py:190} INFO - [2025-05-06T08:19:23.573+0000] {dagbag.py:588} INFO - Filling up the DagBag from /home/airflow/.local/lib/python3.12/site-packages/airflow/example_dags/example_subdag_operator.py
[2025-05-06T08:19:23.597+0000] {processor.py:925} INFO - DAG(s) 'example_subdag_operator.section-1', 'example_subdag_operator.section-2', 'example_subdag_operator' retrieved from /home/airflow/.local/lib/python3.12/site-packages/airflow/example_dags/example_subdag_operator.py
[2025-05-06T08:19:23.609+0000] {logging_mixin.py:190} INFO - [2025-05-06T08:19:23.609+0000] {dag.py:3239} INFO - Sync 3 DAGs
[2025-05-06T08:19:23.627+0000] {logging_mixin.py:190} INFO - [2025-05-06T08:19:23.627+0000] {dag.py:4180} INFO - Setting next_dagrun for example_subdag_operator to 2022-01-01 00:00:00+00:00, run_after=2022-01-01 00:00:00+00:00
[2025-05-06T08:19:23.630+0000] {logging_mixin.py:190} INFO - [2025-05-06T08:19:23.630+0000] {dag.py:4180} INFO - Setting next_dagrun for example_subdag_operator.section-1 to None, run_after=None
[2025-05-06T08:19:23.631+0000] {logging_mixin.py:190} INFO - [2025-05-06T08:19:23.631+0000] {dag.py:4180} INFO - Setting next_dagrun for example_subdag_operator.section-2 to None, run_after=None
[2025-05-06T08:19:23.637+0000] {logging_mixin.py:190} INFO - [2025-05-06T08:19:23.637+0000] {dag.py:3239} INFO - Sync 2 DAGs
[2025-05-06T08:19:23.643+0000] {logging_mixin.py:190} INFO - [2025-05-06T08:19:23.643+0000] {dag.py:4180} INFO - Setting next_dagrun for example_subdag_operator.section-1 to None, run_after=None
[2025-05-06T08:19:23.643+0000] {logging_mixin.py:190} INFO - [2025-05-06T08:19:23.643+0000] {dag.py:4180} INFO - Setting next_dagrun for example_subdag_operator.section-2 to None, run_after=None
[2025-05-06T08:19:23.655+0000] {processor.py:208} INFO - Processing /home/airflow/.local/lib/python3.12/site-packages/airflow/example_dags/example_subdag_operator.py took 0.089 seconds
[2025-05-06T08:19:54.164+0000] {processor.py:186} INFO - Started process (PID=1793) to work on /home/airflow/.local/lib/python3.12/site-packages/airflow/example_dags/example_subdag_operator.py
[2025-05-06T08:19:54.166+0000] {processor.py:914} INFO - Processing file /home/airflow/.local/lib/python3.12/site-packages/airflow/example_dags/example_subdag_operator.py for tasks to queue
[2025-05-06T08:19:54.167+0000] {logging_mixin.py:190} INFO - [2025-05-06T08:19:54.167+0000] {dagbag.py:588} INFO - Filling up the DagBag from /home/airflow/.local/lib/python3.12/site-packages/airflow/example_dags/example_subdag_operator.py
[2025-05-06T08:19:54.188+0000] {processor.py:925} INFO - DAG(s) 'example_subdag_operator.section-1', 'example_subdag_operator.section-2', 'example_subdag_operator' retrieved from /home/airflow/.local/lib/python3.12/site-packages/airflow/example_dags/example_subdag_operator.py
[2025-05-06T08:19:54.200+0000] {logging_mixin.py:190} INFO - [2025-05-06T08:19:54.199+0000] {dag.py:3239} INFO - Sync 3 DAGs
[2025-05-06T08:19:54.220+0000] {logging_mixin.py:190} INFO - [2025-05-06T08:19:54.220+0000] {dag.py:4180} INFO - Setting next_dagrun for example_subdag_operator to 2022-01-01 00:00:00+00:00, run_after=2022-01-01 00:00:00+00:00
[2025-05-06T08:19:54.223+0000] {logging_mixin.py:190} INFO - [2025-05-06T08:19:54.222+0000] {dag.py:4180} INFO - Setting next_dagrun for example_subdag_operator.section-1 to None, run_after=None
[2025-05-06T08:19:54.224+0000] {logging_mixin.py:190} INFO - [2025-05-06T08:19:54.224+0000] {dag.py:4180} INFO - Setting next_dagrun for example_subdag_operator.section-2 to None, run_after=None
[2025-05-06T08:19:54.229+0000] {logging_mixin.py:190} INFO - [2025-05-06T08:19:54.229+0000] {dag.py:3239} INFO - Sync 2 DAGs
[2025-05-06T08:19:54.234+0000] {logging_mixin.py:190} INFO - [2025-05-06T08:19:54.234+0000] {dag.py:4180} INFO - Setting next_dagrun for example_subdag_operator.section-1 to None, run_after=None
[2025-05-06T08:19:54.234+0000] {logging_mixin.py:190} INFO - [2025-05-06T08:19:54.234+0000] {dag.py:4180} INFO - Setting next_dagrun for example_subdag_operator.section-2 to None, run_after=None
[2025-05-06T08:19:54.246+0000] {processor.py:208} INFO - Processing /home/airflow/.local/lib/python3.12/site-packages/airflow/example_dags/example_subdag_operator.py took 0.086 seconds
[2025-05-06T08:20:25.079+0000] {processor.py:186} INFO - Started process (PID=1863) to work on /home/airflow/.local/lib/python3.12/site-packages/airflow/example_dags/example_subdag_operator.py
[2025-05-06T08:20:25.086+0000] {processor.py:914} INFO - Processing file /home/airflow/.local/lib/python3.12/site-packages/airflow/example_dags/example_subdag_operator.py for tasks to queue
[2025-05-06T08:20:25.087+0000] {logging_mixin.py:190} INFO - [2025-05-06T08:20:25.087+0000] {dagbag.py:588} INFO - Filling up the DagBag from /home/airflow/.local/lib/python3.12/site-packages/airflow/example_dags/example_subdag_operator.py
[2025-05-06T08:20:25.109+0000] {processor.py:925} INFO - DAG(s) 'example_subdag_operator.section-1', 'example_subdag_operator.section-2', 'example_subdag_operator' retrieved from /home/airflow/.local/lib/python3.12/site-packages/airflow/example_dags/example_subdag_operator.py
[2025-05-06T08:20:25.120+0000] {logging_mixin.py:190} INFO - [2025-05-06T08:20:25.120+0000] {dag.py:3239} INFO - Sync 3 DAGs
[2025-05-06T08:20:25.138+0000] {logging_mixin.py:190} INFO - [2025-05-06T08:20:25.137+0000] {dag.py:4180} INFO - Setting next_dagrun for example_subdag_operator to 2022-01-01 00:00:00+00:00, run_after=2022-01-01 00:00:00+00:00
[2025-05-06T08:20:25.141+0000] {logging_mixin.py:190} INFO - [2025-05-06T08:20:25.140+0000] {dag.py:4180} INFO - Setting next_dagrun for example_subdag_operator.section-1 to None, run_after=None
[2025-05-06T08:20:25.142+0000] {logging_mixin.py:190} INFO - [2025-05-06T08:20:25.142+0000] {dag.py:4180} INFO - Setting next_dagrun for example_subdag_operator.section-2 to None, run_after=None
[2025-05-06T08:20:25.148+0000] {logging_mixin.py:190} INFO - [2025-05-06T08:20:25.148+0000] {dag.py:3239} INFO - Sync 2 DAGs
[2025-05-06T08:20:25.153+0000] {logging_mixin.py:190} INFO - [2025-05-06T08:20:25.153+0000] {dag.py:4180} INFO - Setting next_dagrun for example_subdag_operator.section-1 to None, run_after=None
[2025-05-06T08:20:25.153+0000] {logging_mixin.py:190} INFO - [2025-05-06T08:20:25.153+0000] {dag.py:4180} INFO - Setting next_dagrun for example_subdag_operator.section-2 to None, run_after=None
[2025-05-06T08:20:25.166+0000] {processor.py:208} INFO - Processing /home/airflow/.local/lib/python3.12/site-packages/airflow/example_dags/example_subdag_operator.py took 0.091 seconds
[2025-05-06T08:20:56.038+0000] {processor.py:186} INFO - Started process (PID=1933) to work on /home/airflow/.local/lib/python3.12/site-packages/airflow/example_dags/example_subdag_operator.py
[2025-05-06T08:20:56.039+0000] {processor.py:914} INFO - Processing file /home/airflow/.local/lib/python3.12/site-packages/airflow/example_dags/example_subdag_operator.py for tasks to queue
[2025-05-06T08:20:56.041+0000] {logging_mixin.py:190} INFO - [2025-05-06T08:20:56.041+0000] {dagbag.py:588} INFO - Filling up the DagBag from /home/airflow/.local/lib/python3.12/site-packages/airflow/example_dags/example_subdag_operator.py
[2025-05-06T08:20:56.063+0000] {processor.py:925} INFO - DAG(s) 'example_subdag_operator.section-1', 'example_subdag_operator.section-2', 'example_subdag_operator' retrieved from /home/airflow/.local/lib/python3.12/site-packages/airflow/example_dags/example_subdag_operator.py
[2025-05-06T08:20:56.074+0000] {logging_mixin.py:190} INFO - [2025-05-06T08:20:56.074+0000] {dag.py:3239} INFO - Sync 3 DAGs
[2025-05-06T08:20:56.090+0000] {logging_mixin.py:190} INFO - [2025-05-06T08:20:56.090+0000] {dag.py:4180} INFO - Setting next_dagrun for example_subdag_operator to 2022-01-01 00:00:00+00:00, run_after=2022-01-01 00:00:00+00:00
[2025-05-06T08:20:56.093+0000] {logging_mixin.py:190} INFO - [2025-05-06T08:20:56.093+0000] {dag.py:4180} INFO - Setting next_dagrun for example_subdag_operator.section-1 to None, run_after=None
[2025-05-06T08:20:56.094+0000] {logging_mixin.py:190} INFO - [2025-05-06T08:20:56.094+0000] {dag.py:4180} INFO - Setting next_dagrun for example_subdag_operator.section-2 to None, run_after=None
[2025-05-06T08:20:56.100+0000] {logging_mixin.py:190} INFO - [2025-05-06T08:20:56.100+0000] {dag.py:3239} INFO - Sync 2 DAGs
[2025-05-06T08:20:56.105+0000] {logging_mixin.py:190} INFO - [2025-05-06T08:20:56.105+0000] {dag.py:4180} INFO - Setting next_dagrun for example_subdag_operator.section-1 to None, run_after=None
[2025-05-06T08:20:56.105+0000] {logging_mixin.py:190} INFO - [2025-05-06T08:20:56.105+0000] {dag.py:4180} INFO - Setting next_dagrun for example_subdag_operator.section-2 to None, run_after=None
[2025-05-06T08:20:56.117+0000] {processor.py:208} INFO - Processing /home/airflow/.local/lib/python3.12/site-packages/airflow/example_dags/example_subdag_operator.py took 0.082 seconds
[2025-05-06T08:21:26.891+0000] {processor.py:186} INFO - Started process (PID=2003) to work on /home/airflow/.local/lib/python3.12/site-packages/airflow/example_dags/example_subdag_operator.py
[2025-05-06T08:21:26.892+0000] {processor.py:914} INFO - Processing file /home/airflow/.local/lib/python3.12/site-packages/airflow/example_dags/example_subdag_operator.py for tasks to queue
[2025-05-06T08:21:26.893+0000] {logging_mixin.py:190} INFO - [2025-05-06T08:21:26.893+0000] {dagbag.py:588} INFO - Filling up the DagBag from /home/airflow/.local/lib/python3.12/site-packages/airflow/example_dags/example_subdag_operator.py
[2025-05-06T08:21:26.913+0000] {processor.py:925} INFO - DAG(s) 'example_subdag_operator.section-1', 'example_subdag_operator.section-2', 'example_subdag_operator' retrieved from /home/airflow/.local/lib/python3.12/site-packages/airflow/example_dags/example_subdag_operator.py
[2025-05-06T08:21:26.924+0000] {logging_mixin.py:190} INFO - [2025-05-06T08:21:26.924+0000] {dag.py:3239} INFO - Sync 3 DAGs
[2025-05-06T08:21:26.942+0000] {logging_mixin.py:190} INFO - [2025-05-06T08:21:26.942+0000] {dag.py:4180} INFO - Setting next_dagrun for example_subdag_operator to 2022-01-01 00:00:00+00:00, run_after=2022-01-01 00:00:00+00:00
[2025-05-06T08:21:26.945+0000] {logging_mixin.py:190} INFO - [2025-05-06T08:21:26.945+0000] {dag.py:4180} INFO - Setting next_dagrun for example_subdag_operator.section-1 to None, run_after=None
[2025-05-06T08:21:26.946+0000] {logging_mixin.py:190} INFO - [2025-05-06T08:21:26.946+0000] {dag.py:4180} INFO - Setting next_dagrun for example_subdag_operator.section-2 to None, run_after=None
[2025-05-06T08:21:26.951+0000] {logging_mixin.py:190} INFO - [2025-05-06T08:21:26.951+0000] {dag.py:3239} INFO - Sync 2 DAGs
[2025-05-06T08:21:26.955+0000] {logging_mixin.py:190} INFO - [2025-05-06T08:21:26.955+0000] {dag.py:4180} INFO - Setting next_dagrun for example_subdag_operator.section-1 to None, run_after=None
[2025-05-06T08:21:26.956+0000] {logging_mixin.py:190} INFO - [2025-05-06T08:21:26.956+0000] {dag.py:4180} INFO - Setting next_dagrun for example_subdag_operator.section-2 to None, run_after=None
[2025-05-06T08:21:26.964+0000] {processor.py:208} INFO - Processing /home/airflow/.local/lib/python3.12/site-packages/airflow/example_dags/example_subdag_operator.py took 0.078 seconds
[2025-05-06T08:21:57.686+0000] {processor.py:186} INFO - Started process (PID=2073) to work on /home/airflow/.local/lib/python3.12/site-packages/airflow/example_dags/example_subdag_operator.py
[2025-05-06T08:21:57.688+0000] {processor.py:914} INFO - Processing file /home/airflow/.local/lib/python3.12/site-packages/airflow/example_dags/example_subdag_operator.py for tasks to queue
[2025-05-06T08:21:57.691+0000] {logging_mixin.py:190} INFO - [2025-05-06T08:21:57.690+0000] {dagbag.py:588} INFO - Filling up the DagBag from /home/airflow/.local/lib/python3.12/site-packages/airflow/example_dags/example_subdag_operator.py
[2025-05-06T08:21:57.711+0000] {processor.py:925} INFO - DAG(s) 'example_subdag_operator.section-1', 'example_subdag_operator.section-2', 'example_subdag_operator' retrieved from /home/airflow/.local/lib/python3.12/site-packages/airflow/example_dags/example_subdag_operator.py
[2025-05-06T08:21:57.724+0000] {logging_mixin.py:190} INFO - [2025-05-06T08:21:57.723+0000] {dag.py:3239} INFO - Sync 3 DAGs
[2025-05-06T08:21:57.741+0000] {logging_mixin.py:190} INFO - [2025-05-06T08:21:57.741+0000] {dag.py:4180} INFO - Setting next_dagrun for example_subdag_operator to 2022-01-01 00:00:00+00:00, run_after=2022-01-01 00:00:00+00:00
[2025-05-06T08:21:57.744+0000] {logging_mixin.py:190} INFO - [2025-05-06T08:21:57.744+0000] {dag.py:4180} INFO - Setting next_dagrun for example_subdag_operator.section-1 to None, run_after=None
[2025-05-06T08:21:57.745+0000] {logging_mixin.py:190} INFO - [2025-05-06T08:21:57.745+0000] {dag.py:4180} INFO - Setting next_dagrun for example_subdag_operator.section-2 to None, run_after=None
[2025-05-06T08:21:57.750+0000] {logging_mixin.py:190} INFO - [2025-05-06T08:21:57.750+0000] {dag.py:3239} INFO - Sync 2 DAGs
[2025-05-06T08:21:57.754+0000] {logging_mixin.py:190} INFO - [2025-05-06T08:21:57.754+0000] {dag.py:4180} INFO - Setting next_dagrun for example_subdag_operator.section-1 to None, run_after=None
[2025-05-06T08:21:57.754+0000] {logging_mixin.py:190} INFO - [2025-05-06T08:21:57.754+0000] {dag.py:4180} INFO - Setting next_dagrun for example_subdag_operator.section-2 to None, run_after=None
[2025-05-06T08:21:57.765+0000] {processor.py:208} INFO - Processing /home/airflow/.local/lib/python3.12/site-packages/airflow/example_dags/example_subdag_operator.py took 0.084 seconds
[2025-05-06T08:22:28.306+0000] {processor.py:186} INFO - Started process (PID=2143) to work on /home/airflow/.local/lib/python3.12/site-packages/airflow/example_dags/example_subdag_operator.py
[2025-05-06T08:22:28.307+0000] {processor.py:914} INFO - Processing file /home/airflow/.local/lib/python3.12/site-packages/airflow/example_dags/example_subdag_operator.py for tasks to queue
[2025-05-06T08:22:28.309+0000] {logging_mixin.py:190} INFO - [2025-05-06T08:22:28.309+0000] {dagbag.py:588} INFO - Filling up the DagBag from /home/airflow/.local/lib/python3.12/site-packages/airflow/example_dags/example_subdag_operator.py
[2025-05-06T08:22:28.337+0000] {processor.py:925} INFO - DAG(s) 'example_subdag_operator.section-1', 'example_subdag_operator.section-2', 'example_subdag_operator' retrieved from /home/airflow/.local/lib/python3.12/site-packages/airflow/example_dags/example_subdag_operator.py
[2025-05-06T08:22:28.348+0000] {logging_mixin.py:190} INFO - [2025-05-06T08:22:28.348+0000] {dag.py:3239} INFO - Sync 3 DAGs
[2025-05-06T08:22:28.365+0000] {logging_mixin.py:190} INFO - [2025-05-06T08:22:28.365+0000] {dag.py:4180} INFO - Setting next_dagrun for example_subdag_operator to 2022-01-01 00:00:00+00:00, run_after=2022-01-01 00:00:00+00:00
[2025-05-06T08:22:28.368+0000] {logging_mixin.py:190} INFO - [2025-05-06T08:22:28.368+0000] {dag.py:4180} INFO - Setting next_dagrun for example_subdag_operator.section-1 to None, run_after=None
[2025-05-06T08:22:28.369+0000] {logging_mixin.py:190} INFO - [2025-05-06T08:22:28.369+0000] {dag.py:4180} INFO - Setting next_dagrun for example_subdag_operator.section-2 to None, run_after=None
[2025-05-06T08:22:28.375+0000] {logging_mixin.py:190} INFO - [2025-05-06T08:22:28.375+0000] {dag.py:3239} INFO - Sync 2 DAGs
[2025-05-06T08:22:28.379+0000] {logging_mixin.py:190} INFO - [2025-05-06T08:22:28.379+0000] {dag.py:4180} INFO - Setting next_dagrun for example_subdag_operator.section-1 to None, run_after=None
[2025-05-06T08:22:28.379+0000] {logging_mixin.py:190} INFO - [2025-05-06T08:22:28.379+0000] {dag.py:4180} INFO - Setting next_dagrun for example_subdag_operator.section-2 to None, run_after=None
[2025-05-06T08:22:28.391+0000] {processor.py:208} INFO - Processing /home/airflow/.local/lib/python3.12/site-packages/airflow/example_dags/example_subdag_operator.py took 0.090 seconds
[2025-05-06T08:22:59.198+0000] {processor.py:186} INFO - Started process (PID=2213) to work on /home/airflow/.local/lib/python3.12/site-packages/airflow/example_dags/example_subdag_operator.py
[2025-05-06T08:22:59.200+0000] {processor.py:914} INFO - Processing file /home/airflow/.local/lib/python3.12/site-packages/airflow/example_dags/example_subdag_operator.py for tasks to queue
[2025-05-06T08:22:59.202+0000] {logging_mixin.py:190} INFO - [2025-05-06T08:22:59.202+0000] {dagbag.py:588} INFO - Filling up the DagBag from /home/airflow/.local/lib/python3.12/site-packages/airflow/example_dags/example_subdag_operator.py
[2025-05-06T08:22:59.231+0000] {processor.py:925} INFO - DAG(s) 'example_subdag_operator.section-1', 'example_subdag_operator.section-2', 'example_subdag_operator' retrieved from /home/airflow/.local/lib/python3.12/site-packages/airflow/example_dags/example_subdag_operator.py
[2025-05-06T08:22:59.255+0000] {logging_mixin.py:190} INFO - [2025-05-06T08:22:59.254+0000] {dag.py:3239} INFO - Sync 3 DAGs
[2025-05-06T08:22:59.289+0000] {logging_mixin.py:190} INFO - [2025-05-06T08:22:59.288+0000] {dag.py:4180} INFO - Setting next_dagrun for example_subdag_operator to 2022-01-01 00:00:00+00:00, run_after=2022-01-01 00:00:00+00:00
[2025-05-06T08:22:59.294+0000] {logging_mixin.py:190} INFO - [2025-05-06T08:22:59.293+0000] {dag.py:4180} INFO - Setting next_dagrun for example_subdag_operator.section-1 to None, run_after=None
[2025-05-06T08:22:59.296+0000] {logging_mixin.py:190} INFO - [2025-05-06T08:22:59.295+0000] {dag.py:4180} INFO - Setting next_dagrun for example_subdag_operator.section-2 to None, run_after=None
[2025-05-06T08:22:59.309+0000] {logging_mixin.py:190} INFO - [2025-05-06T08:22:59.308+0000] {dag.py:3239} INFO - Sync 2 DAGs
[2025-05-06T08:22:59.315+0000] {logging_mixin.py:190} INFO - [2025-05-06T08:22:59.315+0000] {dag.py:4180} INFO - Setting next_dagrun for example_subdag_operator.section-1 to None, run_after=None
[2025-05-06T08:22:59.316+0000] {logging_mixin.py:190} INFO - [2025-05-06T08:22:59.316+0000] {dag.py:4180} INFO - Setting next_dagrun for example_subdag_operator.section-2 to None, run_after=None
[2025-05-06T08:22:59.334+0000] {processor.py:208} INFO - Processing /home/airflow/.local/lib/python3.12/site-packages/airflow/example_dags/example_subdag_operator.py took 0.141 seconds
[2025-05-06T08:23:29.958+0000] {processor.py:186} INFO - Started process (PID=2283) to work on /home/airflow/.local/lib/python3.12/site-packages/airflow/example_dags/example_subdag_operator.py
[2025-05-06T08:23:29.961+0000] {processor.py:914} INFO - Processing file /home/airflow/.local/lib/python3.12/site-packages/airflow/example_dags/example_subdag_operator.py for tasks to queue
[2025-05-06T08:23:29.963+0000] {logging_mixin.py:190} INFO - [2025-05-06T08:23:29.963+0000] {dagbag.py:588} INFO - Filling up the DagBag from /home/airflow/.local/lib/python3.12/site-packages/airflow/example_dags/example_subdag_operator.py
[2025-05-06T08:23:29.987+0000] {processor.py:925} INFO - DAG(s) 'example_subdag_operator.section-1', 'example_subdag_operator.section-2', 'example_subdag_operator' retrieved from /home/airflow/.local/lib/python3.12/site-packages/airflow/example_dags/example_subdag_operator.py
[2025-05-06T08:23:30.000+0000] {logging_mixin.py:190} INFO - [2025-05-06T08:23:29.999+0000] {dag.py:3239} INFO - Sync 3 DAGs
[2025-05-06T08:23:30.019+0000] {logging_mixin.py:190} INFO - [2025-05-06T08:23:30.019+0000] {dag.py:4180} INFO - Setting next_dagrun for example_subdag_operator to 2022-01-01 00:00:00+00:00, run_after=2022-01-01 00:00:00+00:00
[2025-05-06T08:23:30.022+0000] {logging_mixin.py:190} INFO - [2025-05-06T08:23:30.022+0000] {dag.py:4180} INFO - Setting next_dagrun for example_subdag_operator.section-1 to None, run_after=None
[2025-05-06T08:23:30.023+0000] {logging_mixin.py:190} INFO - [2025-05-06T08:23:30.023+0000] {dag.py:4180} INFO - Setting next_dagrun for example_subdag_operator.section-2 to None, run_after=None
[2025-05-06T08:23:30.030+0000] {logging_mixin.py:190} INFO - [2025-05-06T08:23:30.030+0000] {dag.py:3239} INFO - Sync 2 DAGs
[2025-05-06T08:23:30.034+0000] {logging_mixin.py:190} INFO - [2025-05-06T08:23:30.034+0000] {dag.py:4180} INFO - Setting next_dagrun for example_subdag_operator.section-1 to None, run_after=None
[2025-05-06T08:23:30.034+0000] {logging_mixin.py:190} INFO - [2025-05-06T08:23:30.034+0000] {dag.py:4180} INFO - Setting next_dagrun for example_subdag_operator.section-2 to None, run_after=None
[2025-05-06T08:23:30.045+0000] {processor.py:208} INFO - Processing /home/airflow/.local/lib/python3.12/site-packages/airflow/example_dags/example_subdag_operator.py took 0.091 seconds
[2025-05-06T08:24:00.431+0000] {processor.py:186} INFO - Started process (PID=2353) to work on /home/airflow/.local/lib/python3.12/site-packages/airflow/example_dags/example_subdag_operator.py
[2025-05-06T08:24:00.432+0000] {processor.py:914} INFO - Processing file /home/airflow/.local/lib/python3.12/site-packages/airflow/example_dags/example_subdag_operator.py for tasks to queue
[2025-05-06T08:24:00.435+0000] {logging_mixin.py:190} INFO - [2025-05-06T08:24:00.434+0000] {dagbag.py:588} INFO - Filling up the DagBag from /home/airflow/.local/lib/python3.12/site-packages/airflow/example_dags/example_subdag_operator.py
[2025-05-06T08:24:00.453+0000] {processor.py:925} INFO - DAG(s) 'example_subdag_operator.section-1', 'example_subdag_operator.section-2', 'example_subdag_operator' retrieved from /home/airflow/.local/lib/python3.12/site-packages/airflow/example_dags/example_subdag_operator.py
[2025-05-06T08:24:00.463+0000] {logging_mixin.py:190} INFO - [2025-05-06T08:24:00.463+0000] {dag.py:3239} INFO - Sync 3 DAGs
[2025-05-06T08:24:00.480+0000] {logging_mixin.py:190} INFO - [2025-05-06T08:24:00.480+0000] {dag.py:4180} INFO - Setting next_dagrun for example_subdag_operator to 2022-01-01 00:00:00+00:00, run_after=2022-01-01 00:00:00+00:00
[2025-05-06T08:24:00.482+0000] {logging_mixin.py:190} INFO - [2025-05-06T08:24:00.482+0000] {dag.py:4180} INFO - Setting next_dagrun for example_subdag_operator.section-1 to None, run_after=None
[2025-05-06T08:24:00.483+0000] {logging_mixin.py:190} INFO - [2025-05-06T08:24:00.483+0000] {dag.py:4180} INFO - Setting next_dagrun for example_subdag_operator.section-2 to None, run_after=None
[2025-05-06T08:24:00.489+0000] {logging_mixin.py:190} INFO - [2025-05-06T08:24:00.489+0000] {dag.py:3239} INFO - Sync 2 DAGs
[2025-05-06T08:24:00.494+0000] {logging_mixin.py:190} INFO - [2025-05-06T08:24:00.493+0000] {dag.py:4180} INFO - Setting next_dagrun for example_subdag_operator.section-1 to None, run_after=None
[2025-05-06T08:24:00.494+0000] {logging_mixin.py:190} INFO - [2025-05-06T08:24:00.494+0000] {dag.py:4180} INFO - Setting next_dagrun for example_subdag_operator.section-2 to None, run_after=None
[2025-05-06T08:24:00.504+0000] {processor.py:208} INFO - Processing /home/airflow/.local/lib/python3.12/site-packages/airflow/example_dags/example_subdag_operator.py took 0.077 seconds
[2025-05-06T08:24:30.594+0000] {processor.py:186} INFO - Started process (PID=2422) to work on /home/airflow/.local/lib/python3.12/site-packages/airflow/example_dags/example_subdag_operator.py
[2025-05-06T08:24:30.596+0000] {processor.py:914} INFO - Processing file /home/airflow/.local/lib/python3.12/site-packages/airflow/example_dags/example_subdag_operator.py for tasks to queue
[2025-05-06T08:24:30.598+0000] {logging_mixin.py:190} INFO - [2025-05-06T08:24:30.598+0000] {dagbag.py:588} INFO - Filling up the DagBag from /home/airflow/.local/lib/python3.12/site-packages/airflow/example_dags/example_subdag_operator.py
[2025-05-06T08:24:30.621+0000] {processor.py:925} INFO - DAG(s) 'example_subdag_operator.section-1', 'example_subdag_operator.section-2', 'example_subdag_operator' retrieved from /home/airflow/.local/lib/python3.12/site-packages/airflow/example_dags/example_subdag_operator.py
[2025-05-06T08:24:30.632+0000] {logging_mixin.py:190} INFO - [2025-05-06T08:24:30.632+0000] {dag.py:3239} INFO - Sync 3 DAGs
[2025-05-06T08:24:30.649+0000] {logging_mixin.py:190} INFO - [2025-05-06T08:24:30.649+0000] {dag.py:4180} INFO - Setting next_dagrun for example_subdag_operator to 2022-01-01 00:00:00+00:00, run_after=2022-01-01 00:00:00+00:00
[2025-05-06T08:24:30.651+0000] {logging_mixin.py:190} INFO - [2025-05-06T08:24:30.651+0000] {dag.py:4180} INFO - Setting next_dagrun for example_subdag_operator.section-1 to None, run_after=None
[2025-05-06T08:24:30.652+0000] {logging_mixin.py:190} INFO - [2025-05-06T08:24:30.652+0000] {dag.py:4180} INFO - Setting next_dagrun for example_subdag_operator.section-2 to None, run_after=None
[2025-05-06T08:24:30.658+0000] {logging_mixin.py:190} INFO - [2025-05-06T08:24:30.657+0000] {dag.py:3239} INFO - Sync 2 DAGs
[2025-05-06T08:24:30.663+0000] {logging_mixin.py:190} INFO - [2025-05-06T08:24:30.662+0000] {dag.py:4180} INFO - Setting next_dagrun for example_subdag_operator.section-1 to None, run_after=None
[2025-05-06T08:24:30.663+0000] {logging_mixin.py:190} INFO - [2025-05-06T08:24:30.663+0000] {dag.py:4180} INFO - Setting next_dagrun for example_subdag_operator.section-2 to None, run_after=None
[2025-05-06T08:24:30.681+0000] {processor.py:208} INFO - Processing /home/airflow/.local/lib/python3.12/site-packages/airflow/example_dags/example_subdag_operator.py took 0.094 seconds
[2025-05-06T08:25:00.821+0000] {processor.py:186} INFO - Started process (PID=2492) to work on /home/airflow/.local/lib/python3.12/site-packages/airflow/example_dags/example_subdag_operator.py
[2025-05-06T08:25:00.829+0000] {processor.py:914} INFO - Processing file /home/airflow/.local/lib/python3.12/site-packages/airflow/example_dags/example_subdag_operator.py for tasks to queue
[2025-05-06T08:25:00.831+0000] {logging_mixin.py:190} INFO - [2025-05-06T08:25:00.830+0000] {dagbag.py:588} INFO - Filling up the DagBag from /home/airflow/.local/lib/python3.12/site-packages/airflow/example_dags/example_subdag_operator.py
[2025-05-06T08:25:00.854+0000] {processor.py:925} INFO - DAG(s) 'example_subdag_operator.section-1', 'example_subdag_operator.section-2', 'example_subdag_operator' retrieved from /home/airflow/.local/lib/python3.12/site-packages/airflow/example_dags/example_subdag_operator.py
[2025-05-06T08:25:00.868+0000] {logging_mixin.py:190} INFO - [2025-05-06T08:25:00.868+0000] {dag.py:3239} INFO - Sync 3 DAGs
[2025-05-06T08:25:00.891+0000] {logging_mixin.py:190} INFO - [2025-05-06T08:25:00.891+0000] {dag.py:4180} INFO - Setting next_dagrun for example_subdag_operator to 2022-01-01 00:00:00+00:00, run_after=2022-01-01 00:00:00+00:00
[2025-05-06T08:25:00.895+0000] {logging_mixin.py:190} INFO - [2025-05-06T08:25:00.895+0000] {dag.py:4180} INFO - Setting next_dagrun for example_subdag_operator.section-1 to None, run_after=None
[2025-05-06T08:25:00.896+0000] {logging_mixin.py:190} INFO - [2025-05-06T08:25:00.896+0000] {dag.py:4180} INFO - Setting next_dagrun for example_subdag_operator.section-2 to None, run_after=None
[2025-05-06T08:25:00.903+0000] {logging_mixin.py:190} INFO - [2025-05-06T08:25:00.903+0000] {dag.py:3239} INFO - Sync 2 DAGs
[2025-05-06T08:25:00.909+0000] {logging_mixin.py:190} INFO - [2025-05-06T08:25:00.909+0000] {dag.py:4180} INFO - Setting next_dagrun for example_subdag_operator.section-1 to None, run_after=None
[2025-05-06T08:25:00.910+0000] {logging_mixin.py:190} INFO - [2025-05-06T08:25:00.909+0000] {dag.py:4180} INFO - Setting next_dagrun for example_subdag_operator.section-2 to None, run_after=None
[2025-05-06T08:25:00.928+0000] {processor.py:208} INFO - Processing /home/airflow/.local/lib/python3.12/site-packages/airflow/example_dags/example_subdag_operator.py took 0.112 seconds
[2025-05-06T08:25:31.463+0000] {processor.py:186} INFO - Started process (PID=2563) to work on /home/airflow/.local/lib/python3.12/site-packages/airflow/example_dags/example_subdag_operator.py
[2025-05-06T08:25:31.464+0000] {processor.py:914} INFO - Processing file /home/airflow/.local/lib/python3.12/site-packages/airflow/example_dags/example_subdag_operator.py for tasks to queue
[2025-05-06T08:25:31.466+0000] {logging_mixin.py:190} INFO - [2025-05-06T08:25:31.466+0000] {dagbag.py:588} INFO - Filling up the DagBag from /home/airflow/.local/lib/python3.12/site-packages/airflow/example_dags/example_subdag_operator.py
[2025-05-06T08:25:31.488+0000] {processor.py:925} INFO - DAG(s) 'example_subdag_operator.section-1', 'example_subdag_operator.section-2', 'example_subdag_operator' retrieved from /home/airflow/.local/lib/python3.12/site-packages/airflow/example_dags/example_subdag_operator.py
[2025-05-06T08:25:31.501+0000] {logging_mixin.py:190} INFO - [2025-05-06T08:25:31.501+0000] {dag.py:3239} INFO - Sync 3 DAGs
[2025-05-06T08:25:31.522+0000] {logging_mixin.py:190} INFO - [2025-05-06T08:25:31.522+0000] {dag.py:4180} INFO - Setting next_dagrun for example_subdag_operator to 2022-01-01 00:00:00+00:00, run_after=2022-01-01 00:00:00+00:00
[2025-05-06T08:25:31.526+0000] {logging_mixin.py:190} INFO - [2025-05-06T08:25:31.525+0000] {dag.py:4180} INFO - Setting next_dagrun for example_subdag_operator.section-1 to None, run_after=None
[2025-05-06T08:25:31.527+0000] {logging_mixin.py:190} INFO - [2025-05-06T08:25:31.527+0000] {dag.py:4180} INFO - Setting next_dagrun for example_subdag_operator.section-2 to None, run_after=None
[2025-05-06T08:25:31.535+0000] {logging_mixin.py:190} INFO - [2025-05-06T08:25:31.534+0000] {dag.py:3239} INFO - Sync 2 DAGs
[2025-05-06T08:25:31.540+0000] {logging_mixin.py:190} INFO - [2025-05-06T08:25:31.540+0000] {dag.py:4180} INFO - Setting next_dagrun for example_subdag_operator.section-1 to None, run_after=None
[2025-05-06T08:25:31.540+0000] {logging_mixin.py:190} INFO - [2025-05-06T08:25:31.540+0000] {dag.py:4180} INFO - Setting next_dagrun for example_subdag_operator.section-2 to None, run_after=None
[2025-05-06T08:25:31.559+0000] {processor.py:208} INFO - Processing /home/airflow/.local/lib/python3.12/site-packages/airflow/example_dags/example_subdag_operator.py took 0.100 seconds
[2025-05-06T08:26:01.797+0000] {processor.py:186} INFO - Started process (PID=2639) to work on /home/airflow/.local/lib/python3.12/site-packages/airflow/example_dags/example_subdag_operator.py
[2025-05-06T08:26:01.799+0000] {processor.py:914} INFO - Processing file /home/airflow/.local/lib/python3.12/site-packages/airflow/example_dags/example_subdag_operator.py for tasks to queue
[2025-05-06T08:26:01.801+0000] {logging_mixin.py:190} INFO - [2025-05-06T08:26:01.800+0000] {dagbag.py:588} INFO - Filling up the DagBag from /home/airflow/.local/lib/python3.12/site-packages/airflow/example_dags/example_subdag_operator.py
[2025-05-06T08:26:01.826+0000] {processor.py:925} INFO - DAG(s) 'example_subdag_operator.section-1', 'example_subdag_operator.section-2', 'example_subdag_operator' retrieved from /home/airflow/.local/lib/python3.12/site-packages/airflow/example_dags/example_subdag_operator.py
[2025-05-06T08:26:01.842+0000] {logging_mixin.py:190} INFO - [2025-05-06T08:26:01.842+0000] {dag.py:3239} INFO - Sync 3 DAGs
[2025-05-06T08:26:01.862+0000] {logging_mixin.py:190} INFO - [2025-05-06T08:26:01.861+0000] {dag.py:4180} INFO - Setting next_dagrun for example_subdag_operator to 2022-01-01 00:00:00+00:00, run_after=2022-01-01 00:00:00+00:00
[2025-05-06T08:26:01.865+0000] {logging_mixin.py:190} INFO - [2025-05-06T08:26:01.865+0000] {dag.py:4180} INFO - Setting next_dagrun for example_subdag_operator.section-1 to None, run_after=None
[2025-05-06T08:26:01.866+0000] {logging_mixin.py:190} INFO - [2025-05-06T08:26:01.866+0000] {dag.py:4180} INFO - Setting next_dagrun for example_subdag_operator.section-2 to None, run_after=None
[2025-05-06T08:26:01.872+0000] {logging_mixin.py:190} INFO - [2025-05-06T08:26:01.871+0000] {dag.py:3239} INFO - Sync 2 DAGs
[2025-05-06T08:26:01.875+0000] {logging_mixin.py:190} INFO - [2025-05-06T08:26:01.875+0000] {dag.py:4180} INFO - Setting next_dagrun for example_subdag_operator.section-1 to None, run_after=None
[2025-05-06T08:26:01.876+0000] {logging_mixin.py:190} INFO - [2025-05-06T08:26:01.876+0000] {dag.py:4180} INFO - Setting next_dagrun for example_subdag_operator.section-2 to None, run_after=None
[2025-05-06T08:26:01.886+0000] {processor.py:208} INFO - Processing /home/airflow/.local/lib/python3.12/site-packages/airflow/example_dags/example_subdag_operator.py took 0.093 seconds
[2025-05-06T08:26:32.036+0000] {processor.py:186} INFO - Started process (PID=2709) to work on /home/airflow/.local/lib/python3.12/site-packages/airflow/example_dags/example_subdag_operator.py
[2025-05-06T08:26:32.037+0000] {processor.py:914} INFO - Processing file /home/airflow/.local/lib/python3.12/site-packages/airflow/example_dags/example_subdag_operator.py for tasks to queue
[2025-05-06T08:26:32.039+0000] {logging_mixin.py:190} INFO - [2025-05-06T08:26:32.038+0000] {dagbag.py:588} INFO - Filling up the DagBag from /home/airflow/.local/lib/python3.12/site-packages/airflow/example_dags/example_subdag_operator.py
[2025-05-06T08:26:32.062+0000] {processor.py:925} INFO - DAG(s) 'example_subdag_operator.section-1', 'example_subdag_operator.section-2', 'example_subdag_operator' retrieved from /home/airflow/.local/lib/python3.12/site-packages/airflow/example_dags/example_subdag_operator.py
[2025-05-06T08:26:32.078+0000] {logging_mixin.py:190} INFO - [2025-05-06T08:26:32.078+0000] {dag.py:3239} INFO - Sync 3 DAGs
[2025-05-06T08:26:32.103+0000] {logging_mixin.py:190} INFO - [2025-05-06T08:26:32.103+0000] {dag.py:4180} INFO - Setting next_dagrun for example_subdag_operator to 2022-01-01 00:00:00+00:00, run_after=2022-01-01 00:00:00+00:00
[2025-05-06T08:26:32.107+0000] {logging_mixin.py:190} INFO - [2025-05-06T08:26:32.107+0000] {dag.py:4180} INFO - Setting next_dagrun for example_subdag_operator.section-1 to None, run_after=None
[2025-05-06T08:26:32.108+0000] {logging_mixin.py:190} INFO - [2025-05-06T08:26:32.108+0000] {dag.py:4180} INFO - Setting next_dagrun for example_subdag_operator.section-2 to None, run_after=None
[2025-05-06T08:26:32.115+0000] {logging_mixin.py:190} INFO - [2025-05-06T08:26:32.115+0000] {dag.py:3239} INFO - Sync 2 DAGs
[2025-05-06T08:26:32.121+0000] {logging_mixin.py:190} INFO - [2025-05-06T08:26:32.121+0000] {dag.py:4180} INFO - Setting next_dagrun for example_subdag_operator.section-1 to None, run_after=None
[2025-05-06T08:26:32.122+0000] {logging_mixin.py:190} INFO - [2025-05-06T08:26:32.122+0000] {dag.py:4180} INFO - Setting next_dagrun for example_subdag_operator.section-2 to None, run_after=None
[2025-05-06T08:26:32.135+0000] {processor.py:208} INFO - Processing /home/airflow/.local/lib/python3.12/site-packages/airflow/example_dags/example_subdag_operator.py took 0.104 seconds
[2025-05-06T08:27:02.352+0000] {processor.py:186} INFO - Started process (PID=2779) to work on /home/airflow/.local/lib/python3.12/site-packages/airflow/example_dags/example_subdag_operator.py
[2025-05-06T08:27:02.354+0000] {processor.py:914} INFO - Processing file /home/airflow/.local/lib/python3.12/site-packages/airflow/example_dags/example_subdag_operator.py for tasks to queue
[2025-05-06T08:27:02.355+0000] {logging_mixin.py:190} INFO - [2025-05-06T08:27:02.355+0000] {dagbag.py:588} INFO - Filling up the DagBag from /home/airflow/.local/lib/python3.12/site-packages/airflow/example_dags/example_subdag_operator.py
[2025-05-06T08:27:02.375+0000] {processor.py:925} INFO - DAG(s) 'example_subdag_operator.section-1', 'example_subdag_operator.section-2', 'example_subdag_operator' retrieved from /home/airflow/.local/lib/python3.12/site-packages/airflow/example_dags/example_subdag_operator.py
[2025-05-06T08:27:02.387+0000] {logging_mixin.py:190} INFO - [2025-05-06T08:27:02.387+0000] {dag.py:3239} INFO - Sync 3 DAGs
[2025-05-06T08:27:02.408+0000] {logging_mixin.py:190} INFO - [2025-05-06T08:27:02.408+0000] {dag.py:4180} INFO - Setting next_dagrun for example_subdag_operator to 2022-01-01 00:00:00+00:00, run_after=2022-01-01 00:00:00+00:00
[2025-05-06T08:27:02.411+0000] {logging_mixin.py:190} INFO - [2025-05-06T08:27:02.411+0000] {dag.py:4180} INFO - Setting next_dagrun for example_subdag_operator.section-1 to None, run_after=None
[2025-05-06T08:27:02.412+0000] {logging_mixin.py:190} INFO - [2025-05-06T08:27:02.412+0000] {dag.py:4180} INFO - Setting next_dagrun for example_subdag_operator.section-2 to None, run_after=None
[2025-05-06T08:27:02.418+0000] {logging_mixin.py:190} INFO - [2025-05-06T08:27:02.418+0000] {dag.py:3239} INFO - Sync 2 DAGs
[2025-05-06T08:27:02.424+0000] {logging_mixin.py:190} INFO - [2025-05-06T08:27:02.423+0000] {dag.py:4180} INFO - Setting next_dagrun for example_subdag_operator.section-1 to None, run_after=None
[2025-05-06T08:27:02.424+0000] {logging_mixin.py:190} INFO - [2025-05-06T08:27:02.424+0000] {dag.py:4180} INFO - Setting next_dagrun for example_subdag_operator.section-2 to None, run_after=None
[2025-05-06T08:27:02.436+0000] {processor.py:208} INFO - Processing /home/airflow/.local/lib/python3.12/site-packages/airflow/example_dags/example_subdag_operator.py took 0.088 seconds
[2025-05-06T08:27:32.773+0000] {processor.py:186} INFO - Started process (PID=2850) to work on /home/airflow/.local/lib/python3.12/site-packages/airflow/example_dags/example_subdag_operator.py
[2025-05-06T08:27:32.774+0000] {processor.py:914} INFO - Processing file /home/airflow/.local/lib/python3.12/site-packages/airflow/example_dags/example_subdag_operator.py for tasks to queue
[2025-05-06T08:27:32.775+0000] {logging_mixin.py:190} INFO - [2025-05-06T08:27:32.775+0000] {dagbag.py:588} INFO - Filling up the DagBag from /home/airflow/.local/lib/python3.12/site-packages/airflow/example_dags/example_subdag_operator.py
[2025-05-06T08:27:32.803+0000] {processor.py:925} INFO - DAG(s) 'example_subdag_operator.section-1', 'example_subdag_operator.section-2', 'example_subdag_operator' retrieved from /home/airflow/.local/lib/python3.12/site-packages/airflow/example_dags/example_subdag_operator.py
[2025-05-06T08:27:32.819+0000] {logging_mixin.py:190} INFO - [2025-05-06T08:27:32.818+0000] {dag.py:3239} INFO - Sync 3 DAGs
[2025-05-06T08:27:32.840+0000] {logging_mixin.py:190} INFO - [2025-05-06T08:27:32.840+0000] {dag.py:4180} INFO - Setting next_dagrun for example_subdag_operator to 2022-01-01 00:00:00+00:00, run_after=2022-01-01 00:00:00+00:00
[2025-05-06T08:27:32.844+0000] {logging_mixin.py:190} INFO - [2025-05-06T08:27:32.844+0000] {dag.py:4180} INFO - Setting next_dagrun for example_subdag_operator.section-1 to None, run_after=None
[2025-05-06T08:27:32.846+0000] {logging_mixin.py:190} INFO - [2025-05-06T08:27:32.846+0000] {dag.py:4180} INFO - Setting next_dagrun for example_subdag_operator.section-2 to None, run_after=None
[2025-05-06T08:27:32.854+0000] {logging_mixin.py:190} INFO - [2025-05-06T08:27:32.854+0000] {dag.py:3239} INFO - Sync 2 DAGs
[2025-05-06T08:27:32.859+0000] {logging_mixin.py:190} INFO - [2025-05-06T08:27:32.859+0000] {dag.py:4180} INFO - Setting next_dagrun for example_subdag_operator.section-1 to None, run_after=None
[2025-05-06T08:27:32.860+0000] {logging_mixin.py:190} INFO - [2025-05-06T08:27:32.860+0000] {dag.py:4180} INFO - Setting next_dagrun for example_subdag_operator.section-2 to None, run_after=None
[2025-05-06T08:27:32.872+0000] {processor.py:208} INFO - Processing /home/airflow/.local/lib/python3.12/site-packages/airflow/example_dags/example_subdag_operator.py took 0.104 seconds
[2025-05-06T08:28:03.211+0000] {processor.py:186} INFO - Started process (PID=2922) to work on /home/airflow/.local/lib/python3.12/site-packages/airflow/example_dags/example_subdag_operator.py
[2025-05-06T08:28:03.213+0000] {processor.py:914} INFO - Processing file /home/airflow/.local/lib/python3.12/site-packages/airflow/example_dags/example_subdag_operator.py for tasks to queue
[2025-05-06T08:28:03.214+0000] {logging_mixin.py:190} INFO - [2025-05-06T08:28:03.213+0000] {dagbag.py:588} INFO - Filling up the DagBag from /home/airflow/.local/lib/python3.12/site-packages/airflow/example_dags/example_subdag_operator.py
[2025-05-06T08:28:03.240+0000] {processor.py:925} INFO - DAG(s) 'example_subdag_operator.section-1', 'example_subdag_operator.section-2', 'example_subdag_operator' retrieved from /home/airflow/.local/lib/python3.12/site-packages/airflow/example_dags/example_subdag_operator.py
[2025-05-06T08:28:03.256+0000] {logging_mixin.py:190} INFO - [2025-05-06T08:28:03.256+0000] {dag.py:3239} INFO - Sync 3 DAGs
[2025-05-06T08:28:03.283+0000] {logging_mixin.py:190} INFO - [2025-05-06T08:28:03.282+0000] {dag.py:4180} INFO - Setting next_dagrun for example_subdag_operator to 2022-01-01 00:00:00+00:00, run_after=2022-01-01 00:00:00+00:00
[2025-05-06T08:28:03.287+0000] {logging_mixin.py:190} INFO - [2025-05-06T08:28:03.286+0000] {dag.py:4180} INFO - Setting next_dagrun for example_subdag_operator.section-1 to None, run_after=None
[2025-05-06T08:28:03.288+0000] {logging_mixin.py:190} INFO - [2025-05-06T08:28:03.288+0000] {dag.py:4180} INFO - Setting next_dagrun for example_subdag_operator.section-2 to None, run_after=None
[2025-05-06T08:28:03.298+0000] {logging_mixin.py:190} INFO - [2025-05-06T08:28:03.298+0000] {dag.py:3239} INFO - Sync 2 DAGs
[2025-05-06T08:28:03.306+0000] {logging_mixin.py:190} INFO - [2025-05-06T08:28:03.306+0000] {dag.py:4180} INFO - Setting next_dagrun for example_subdag_operator.section-1 to None, run_after=None
[2025-05-06T08:28:03.307+0000] {logging_mixin.py:190} INFO - [2025-05-06T08:28:03.307+0000] {dag.py:4180} INFO - Setting next_dagrun for example_subdag_operator.section-2 to None, run_after=None
[2025-05-06T08:28:03.327+0000] {processor.py:208} INFO - Processing /home/airflow/.local/lib/python3.12/site-packages/airflow/example_dags/example_subdag_operator.py took 0.121 seconds
[2025-05-06T08:28:33.968+0000] {processor.py:186} INFO - Started process (PID=2997) to work on /home/airflow/.local/lib/python3.12/site-packages/airflow/example_dags/example_subdag_operator.py
[2025-05-06T08:28:33.969+0000] {processor.py:914} INFO - Processing file /home/airflow/.local/lib/python3.12/site-packages/airflow/example_dags/example_subdag_operator.py for tasks to queue
[2025-05-06T08:28:33.970+0000] {logging_mixin.py:190} INFO - [2025-05-06T08:28:33.970+0000] {dagbag.py:588} INFO - Filling up the DagBag from /home/airflow/.local/lib/python3.12/site-packages/airflow/example_dags/example_subdag_operator.py
[2025-05-06T08:28:33.994+0000] {processor.py:925} INFO - DAG(s) 'example_subdag_operator.section-1', 'example_subdag_operator.section-2', 'example_subdag_operator' retrieved from /home/airflow/.local/lib/python3.12/site-packages/airflow/example_dags/example_subdag_operator.py
[2025-05-06T08:28:34.007+0000] {logging_mixin.py:190} INFO - [2025-05-06T08:28:34.006+0000] {dag.py:3239} INFO - Sync 3 DAGs
[2025-05-06T08:28:34.029+0000] {logging_mixin.py:190} INFO - [2025-05-06T08:28:34.029+0000] {dag.py:4180} INFO - Setting next_dagrun for example_subdag_operator to 2022-01-01 00:00:00+00:00, run_after=2022-01-01 00:00:00+00:00
[2025-05-06T08:28:34.033+0000] {logging_mixin.py:190} INFO - [2025-05-06T08:28:34.032+0000] {dag.py:4180} INFO - Setting next_dagrun for example_subdag_operator.section-1 to None, run_after=None
[2025-05-06T08:28:34.034+0000] {logging_mixin.py:190} INFO - [2025-05-06T08:28:34.034+0000] {dag.py:4180} INFO - Setting next_dagrun for example_subdag_operator.section-2 to None, run_after=None
[2025-05-06T08:28:34.040+0000] {logging_mixin.py:190} INFO - [2025-05-06T08:28:34.039+0000] {dag.py:3239} INFO - Sync 2 DAGs
[2025-05-06T08:28:34.044+0000] {logging_mixin.py:190} INFO - [2025-05-06T08:28:34.044+0000] {dag.py:4180} INFO - Setting next_dagrun for example_subdag_operator.section-1 to None, run_after=None
[2025-05-06T08:28:34.044+0000] {logging_mixin.py:190} INFO - [2025-05-06T08:28:34.044+0000] {dag.py:4180} INFO - Setting next_dagrun for example_subdag_operator.section-2 to None, run_after=None
[2025-05-06T08:28:34.054+0000] {processor.py:208} INFO - Processing /home/airflow/.local/lib/python3.12/site-packages/airflow/example_dags/example_subdag_operator.py took 0.092 seconds
