[2025-05-06T08:07:43.040+0000] {processor.py:186} INFO - Started process (PID=127) to work on /home/airflow/.local/lib/python3.12/site-packages/airflow/example_dags/example_latest_only.py
[2025-05-06T08:07:43.042+0000] {processor.py:914} INFO - Processing file /home/airflow/.local/lib/python3.12/site-packages/airflow/example_dags/example_latest_only.py for tasks to queue
[2025-05-06T08:07:43.046+0000] {logging_mixin.py:190} INFO - [2025-05-06T08:07:43.045+0000] {dagbag.py:588} INFO - Filling up the DagBag from /home/airflow/.local/lib/python3.12/site-packages/airflow/example_dags/example_latest_only.py
[2025-05-06T08:07:43.059+0000] {processor.py:925} INFO - DAG(s) 'latest_only' retrieved from /home/airflow/.local/lib/python3.12/site-packages/airflow/example_dags/example_latest_only.py
[2025-05-06T08:07:43.099+0000] {logging_mixin.py:190} INFO - [2025-05-06T08:07:43.099+0000] {dag.py:3239} INFO - Sync 1 DAGs
[2025-05-06T08:07:43.154+0000] {logging_mixin.py:190} INFO - [2025-05-06T08:07:43.153+0000] {dag.py:4180} INFO - Setting next_dagrun for latest_only to 2025-05-06 04:00:00+00:00, run_after=2025-05-06 08:00:00+00:00
[2025-05-06T08:07:43.191+0000] {processor.py:208} INFO - Processing /home/airflow/.local/lib/python3.12/site-packages/airflow/example_dags/example_latest_only.py took 0.162 seconds
[2025-05-06T08:08:13.244+0000] {processor.py:186} INFO - Started process (PID=201) to work on /home/airflow/.local/lib/python3.12/site-packages/airflow/example_dags/example_latest_only.py
[2025-05-06T08:08:13.245+0000] {processor.py:914} INFO - Processing file /home/airflow/.local/lib/python3.12/site-packages/airflow/example_dags/example_latest_only.py for tasks to queue
[2025-05-06T08:08:13.247+0000] {logging_mixin.py:190} INFO - [2025-05-06T08:08:13.246+0000] {dagbag.py:588} INFO - Filling up the DagBag from /home/airflow/.local/lib/python3.12/site-packages/airflow/example_dags/example_latest_only.py
[2025-05-06T08:08:13.252+0000] {processor.py:925} INFO - DAG(s) 'latest_only' retrieved from /home/airflow/.local/lib/python3.12/site-packages/airflow/example_dags/example_latest_only.py
[2025-05-06T08:08:13.265+0000] {logging_mixin.py:190} INFO - [2025-05-06T08:08:13.265+0000] {dag.py:3239} INFO - Sync 1 DAGs
[2025-05-06T08:08:13.284+0000] {logging_mixin.py:190} INFO - [2025-05-06T08:08:13.283+0000] {dag.py:4180} INFO - Setting next_dagrun for latest_only to 2025-05-06 04:00:00+00:00, run_after=2025-05-06 08:00:00+00:00
[2025-05-06T08:08:13.299+0000] {processor.py:208} INFO - Processing /home/airflow/.local/lib/python3.12/site-packages/airflow/example_dags/example_latest_only.py took 0.059 seconds
[2025-05-06T08:08:43.640+0000] {processor.py:186} INFO - Started process (PID=271) to work on /home/airflow/.local/lib/python3.12/site-packages/airflow/example_dags/example_latest_only.py
[2025-05-06T08:08:43.641+0000] {processor.py:914} INFO - Processing file /home/airflow/.local/lib/python3.12/site-packages/airflow/example_dags/example_latest_only.py for tasks to queue
[2025-05-06T08:08:43.643+0000] {logging_mixin.py:190} INFO - [2025-05-06T08:08:43.643+0000] {dagbag.py:588} INFO - Filling up the DagBag from /home/airflow/.local/lib/python3.12/site-packages/airflow/example_dags/example_latest_only.py
[2025-05-06T08:08:43.648+0000] {processor.py:925} INFO - DAG(s) 'latest_only' retrieved from /home/airflow/.local/lib/python3.12/site-packages/airflow/example_dags/example_latest_only.py
[2025-05-06T08:08:43.666+0000] {logging_mixin.py:190} INFO - [2025-05-06T08:08:43.666+0000] {dag.py:3239} INFO - Sync 1 DAGs
[2025-05-06T08:08:43.686+0000] {logging_mixin.py:190} INFO - [2025-05-06T08:08:43.686+0000] {dag.py:4180} INFO - Setting next_dagrun for latest_only to 2025-05-06 04:00:00+00:00, run_after=2025-05-06 08:00:00+00:00
[2025-05-06T08:08:43.702+0000] {processor.py:208} INFO - Processing /home/airflow/.local/lib/python3.12/site-packages/airflow/example_dags/example_latest_only.py took 0.066 seconds
[2025-05-06T08:09:14.660+0000] {processor.py:186} INFO - Started process (PID=340) to work on /home/airflow/.local/lib/python3.12/site-packages/airflow/example_dags/example_latest_only.py
[2025-05-06T08:09:14.661+0000] {processor.py:914} INFO - Processing file /home/airflow/.local/lib/python3.12/site-packages/airflow/example_dags/example_latest_only.py for tasks to queue
[2025-05-06T08:09:14.663+0000] {logging_mixin.py:190} INFO - [2025-05-06T08:09:14.663+0000] {dagbag.py:588} INFO - Filling up the DagBag from /home/airflow/.local/lib/python3.12/site-packages/airflow/example_dags/example_latest_only.py
[2025-05-06T08:09:14.668+0000] {processor.py:925} INFO - DAG(s) 'latest_only' retrieved from /home/airflow/.local/lib/python3.12/site-packages/airflow/example_dags/example_latest_only.py
[2025-05-06T08:09:14.682+0000] {logging_mixin.py:190} INFO - [2025-05-06T08:09:14.681+0000] {dag.py:3239} INFO - Sync 1 DAGs
[2025-05-06T08:09:14.698+0000] {logging_mixin.py:190} INFO - [2025-05-06T08:09:14.698+0000] {dag.py:4180} INFO - Setting next_dagrun for latest_only to 2025-05-06 04:00:00+00:00, run_after=2025-05-06 08:00:00+00:00
[2025-05-06T08:09:14.713+0000] {processor.py:208} INFO - Processing /home/airflow/.local/lib/python3.12/site-packages/airflow/example_dags/example_latest_only.py took 0.058 seconds
[2025-05-06T08:09:45.079+0000] {processor.py:186} INFO - Started process (PID=410) to work on /home/airflow/.local/lib/python3.12/site-packages/airflow/example_dags/example_latest_only.py
[2025-05-06T08:09:45.081+0000] {processor.py:914} INFO - Processing file /home/airflow/.local/lib/python3.12/site-packages/airflow/example_dags/example_latest_only.py for tasks to queue
[2025-05-06T08:09:45.084+0000] {logging_mixin.py:190} INFO - [2025-05-06T08:09:45.083+0000] {dagbag.py:588} INFO - Filling up the DagBag from /home/airflow/.local/lib/python3.12/site-packages/airflow/example_dags/example_latest_only.py
[2025-05-06T08:09:45.090+0000] {processor.py:925} INFO - DAG(s) 'latest_only' retrieved from /home/airflow/.local/lib/python3.12/site-packages/airflow/example_dags/example_latest_only.py
[2025-05-06T08:09:45.111+0000] {logging_mixin.py:190} INFO - [2025-05-06T08:09:45.111+0000] {dag.py:3239} INFO - Sync 1 DAGs
[2025-05-06T08:09:45.136+0000] {logging_mixin.py:190} INFO - [2025-05-06T08:09:45.136+0000] {dag.py:4180} INFO - Setting next_dagrun for latest_only to 2025-05-06 04:00:00+00:00, run_after=2025-05-06 08:00:00+00:00
[2025-05-06T08:09:45.155+0000] {processor.py:208} INFO - Processing /home/airflow/.local/lib/python3.12/site-packages/airflow/example_dags/example_latest_only.py took 0.081 seconds
[2025-05-06T08:10:15.633+0000] {processor.py:186} INFO - Started process (PID=479) to work on /home/airflow/.local/lib/python3.12/site-packages/airflow/example_dags/example_latest_only.py
[2025-05-06T08:10:15.634+0000] {processor.py:914} INFO - Processing file /home/airflow/.local/lib/python3.12/site-packages/airflow/example_dags/example_latest_only.py for tasks to queue
[2025-05-06T08:10:15.636+0000] {logging_mixin.py:190} INFO - [2025-05-06T08:10:15.636+0000] {dagbag.py:588} INFO - Filling up the DagBag from /home/airflow/.local/lib/python3.12/site-packages/airflow/example_dags/example_latest_only.py
[2025-05-06T08:10:15.643+0000] {processor.py:925} INFO - DAG(s) 'latest_only' retrieved from /home/airflow/.local/lib/python3.12/site-packages/airflow/example_dags/example_latest_only.py
[2025-05-06T08:10:15.664+0000] {logging_mixin.py:190} INFO - [2025-05-06T08:10:15.663+0000] {dag.py:3239} INFO - Sync 1 DAGs
[2025-05-06T08:10:15.693+0000] {logging_mixin.py:190} INFO - [2025-05-06T08:10:15.693+0000] {dag.py:4180} INFO - Setting next_dagrun for latest_only to 2025-05-06 04:00:00+00:00, run_after=2025-05-06 08:00:00+00:00
[2025-05-06T08:10:15.717+0000] {processor.py:208} INFO - Processing /home/airflow/.local/lib/python3.12/site-packages/airflow/example_dags/example_latest_only.py took 0.089 seconds
[2025-05-06T08:10:46.179+0000] {processor.py:186} INFO - Started process (PID=549) to work on /home/airflow/.local/lib/python3.12/site-packages/airflow/example_dags/example_latest_only.py
[2025-05-06T08:10:46.181+0000] {processor.py:914} INFO - Processing file /home/airflow/.local/lib/python3.12/site-packages/airflow/example_dags/example_latest_only.py for tasks to queue
[2025-05-06T08:10:46.183+0000] {logging_mixin.py:190} INFO - [2025-05-06T08:10:46.182+0000] {dagbag.py:588} INFO - Filling up the DagBag from /home/airflow/.local/lib/python3.12/site-packages/airflow/example_dags/example_latest_only.py
[2025-05-06T08:10:46.189+0000] {processor.py:925} INFO - DAG(s) 'latest_only' retrieved from /home/airflow/.local/lib/python3.12/site-packages/airflow/example_dags/example_latest_only.py
[2025-05-06T08:10:46.209+0000] {logging_mixin.py:190} INFO - [2025-05-06T08:10:46.208+0000] {dag.py:3239} INFO - Sync 1 DAGs
[2025-05-06T08:10:46.230+0000] {logging_mixin.py:190} INFO - [2025-05-06T08:10:46.230+0000] {dag.py:4180} INFO - Setting next_dagrun for latest_only to 2025-05-06 04:00:00+00:00, run_after=2025-05-06 08:00:00+00:00
[2025-05-06T08:10:46.248+0000] {processor.py:208} INFO - Processing /home/airflow/.local/lib/python3.12/site-packages/airflow/example_dags/example_latest_only.py took 0.074 seconds
[2025-05-06T08:11:17.559+0000] {processor.py:186} INFO - Started process (PID=619) to work on /home/airflow/.local/lib/python3.12/site-packages/airflow/example_dags/example_latest_only.py
[2025-05-06T08:11:17.559+0000] {processor.py:914} INFO - Processing file /home/airflow/.local/lib/python3.12/site-packages/airflow/example_dags/example_latest_only.py for tasks to queue
[2025-05-06T08:11:17.561+0000] {logging_mixin.py:190} INFO - [2025-05-06T08:11:17.561+0000] {dagbag.py:588} INFO - Filling up the DagBag from /home/airflow/.local/lib/python3.12/site-packages/airflow/example_dags/example_latest_only.py
[2025-05-06T08:11:17.567+0000] {processor.py:925} INFO - DAG(s) 'latest_only' retrieved from /home/airflow/.local/lib/python3.12/site-packages/airflow/example_dags/example_latest_only.py
[2025-05-06T08:11:17.581+0000] {logging_mixin.py:190} INFO - [2025-05-06T08:11:17.581+0000] {dag.py:3239} INFO - Sync 1 DAGs
[2025-05-06T08:11:17.599+0000] {logging_mixin.py:190} INFO - [2025-05-06T08:11:17.599+0000] {dag.py:4180} INFO - Setting next_dagrun for latest_only to 2025-05-06 04:00:00+00:00, run_after=2025-05-06 08:00:00+00:00
[2025-05-06T08:11:17.618+0000] {processor.py:208} INFO - Processing /home/airflow/.local/lib/python3.12/site-packages/airflow/example_dags/example_latest_only.py took 0.064 seconds
[2025-05-06T08:11:48.732+0000] {processor.py:186} INFO - Started process (PID=690) to work on /home/airflow/.local/lib/python3.12/site-packages/airflow/example_dags/example_latest_only.py
[2025-05-06T08:11:48.733+0000] {processor.py:914} INFO - Processing file /home/airflow/.local/lib/python3.12/site-packages/airflow/example_dags/example_latest_only.py for tasks to queue
[2025-05-06T08:11:48.735+0000] {logging_mixin.py:190} INFO - [2025-05-06T08:11:48.735+0000] {dagbag.py:588} INFO - Filling up the DagBag from /home/airflow/.local/lib/python3.12/site-packages/airflow/example_dags/example_latest_only.py
[2025-05-06T08:11:48.743+0000] {processor.py:925} INFO - DAG(s) 'latest_only' retrieved from /home/airflow/.local/lib/python3.12/site-packages/airflow/example_dags/example_latest_only.py
[2025-05-06T08:11:48.765+0000] {logging_mixin.py:190} INFO - [2025-05-06T08:11:48.765+0000] {dag.py:3239} INFO - Sync 1 DAGs
[2025-05-06T08:11:48.791+0000] {logging_mixin.py:190} INFO - [2025-05-06T08:11:48.791+0000] {dag.py:4180} INFO - Setting next_dagrun for latest_only to 2025-05-06 04:00:00+00:00, run_after=2025-05-06 08:00:00+00:00
[2025-05-06T08:11:48.821+0000] {processor.py:208} INFO - Processing /home/airflow/.local/lib/python3.12/site-packages/airflow/example_dags/example_latest_only.py took 0.095 seconds
[2025-05-06T08:12:19.944+0000] {processor.py:186} INFO - Started process (PID=759) to work on /home/airflow/.local/lib/python3.12/site-packages/airflow/example_dags/example_latest_only.py
[2025-05-06T08:12:19.945+0000] {processor.py:914} INFO - Processing file /home/airflow/.local/lib/python3.12/site-packages/airflow/example_dags/example_latest_only.py for tasks to queue
[2025-05-06T08:12:19.947+0000] {logging_mixin.py:190} INFO - [2025-05-06T08:12:19.946+0000] {dagbag.py:588} INFO - Filling up the DagBag from /home/airflow/.local/lib/python3.12/site-packages/airflow/example_dags/example_latest_only.py
[2025-05-06T08:12:19.952+0000] {processor.py:925} INFO - DAG(s) 'latest_only' retrieved from /home/airflow/.local/lib/python3.12/site-packages/airflow/example_dags/example_latest_only.py
[2025-05-06T08:12:19.964+0000] {logging_mixin.py:190} INFO - [2025-05-06T08:12:19.964+0000] {dag.py:3239} INFO - Sync 1 DAGs
[2025-05-06T08:12:19.980+0000] {logging_mixin.py:190} INFO - [2025-05-06T08:12:19.980+0000] {dag.py:4180} INFO - Setting next_dagrun for latest_only to 2025-05-06 04:00:00+00:00, run_after=2025-05-06 08:00:00+00:00
[2025-05-06T08:12:19.994+0000] {processor.py:208} INFO - Processing /home/airflow/.local/lib/python3.12/site-packages/airflow/example_dags/example_latest_only.py took 0.054 seconds
[2025-05-06T08:12:50.675+0000] {processor.py:186} INFO - Started process (PID=835) to work on /home/airflow/.local/lib/python3.12/site-packages/airflow/example_dags/example_latest_only.py
[2025-05-06T08:12:50.676+0000] {processor.py:914} INFO - Processing file /home/airflow/.local/lib/python3.12/site-packages/airflow/example_dags/example_latest_only.py for tasks to queue
[2025-05-06T08:12:50.677+0000] {logging_mixin.py:190} INFO - [2025-05-06T08:12:50.677+0000] {dagbag.py:588} INFO - Filling up the DagBag from /home/airflow/.local/lib/python3.12/site-packages/airflow/example_dags/example_latest_only.py
[2025-05-06T08:12:50.684+0000] {processor.py:925} INFO - DAG(s) 'latest_only' retrieved from /home/airflow/.local/lib/python3.12/site-packages/airflow/example_dags/example_latest_only.py
[2025-05-06T08:12:50.701+0000] {logging_mixin.py:190} INFO - [2025-05-06T08:12:50.701+0000] {dag.py:3239} INFO - Sync 1 DAGs
[2025-05-06T08:12:50.727+0000] {logging_mixin.py:190} INFO - [2025-05-06T08:12:50.726+0000] {dag.py:4180} INFO - Setting next_dagrun for latest_only to 2025-05-06 04:00:00+00:00, run_after=2025-05-06 08:00:00+00:00
[2025-05-06T08:12:50.742+0000] {processor.py:208} INFO - Processing /home/airflow/.local/lib/python3.12/site-packages/airflow/example_dags/example_latest_only.py took 0.071 seconds
[2025-05-06T08:13:21.437+0000] {processor.py:186} INFO - Started process (PID=905) to work on /home/airflow/.local/lib/python3.12/site-packages/airflow/example_dags/example_latest_only.py
[2025-05-06T08:13:21.437+0000] {processor.py:914} INFO - Processing file /home/airflow/.local/lib/python3.12/site-packages/airflow/example_dags/example_latest_only.py for tasks to queue
[2025-05-06T08:13:21.439+0000] {logging_mixin.py:190} INFO - [2025-05-06T08:13:21.439+0000] {dagbag.py:588} INFO - Filling up the DagBag from /home/airflow/.local/lib/python3.12/site-packages/airflow/example_dags/example_latest_only.py
[2025-05-06T08:13:21.445+0000] {processor.py:925} INFO - DAG(s) 'latest_only' retrieved from /home/airflow/.local/lib/python3.12/site-packages/airflow/example_dags/example_latest_only.py
[2025-05-06T08:13:21.463+0000] {logging_mixin.py:190} INFO - [2025-05-06T08:13:21.463+0000] {dag.py:3239} INFO - Sync 1 DAGs
[2025-05-06T08:13:21.483+0000] {logging_mixin.py:190} INFO - [2025-05-06T08:13:21.483+0000] {dag.py:4180} INFO - Setting next_dagrun for latest_only to 2025-05-06 04:00:00+00:00, run_after=2025-05-06 08:00:00+00:00
[2025-05-06T08:13:21.499+0000] {processor.py:208} INFO - Processing /home/airflow/.local/lib/python3.12/site-packages/airflow/example_dags/example_latest_only.py took 0.067 seconds
[2025-05-06T08:13:52.656+0000] {processor.py:186} INFO - Started process (PID=976) to work on /home/airflow/.local/lib/python3.12/site-packages/airflow/example_dags/example_latest_only.py
[2025-05-06T08:13:52.657+0000] {processor.py:914} INFO - Processing file /home/airflow/.local/lib/python3.12/site-packages/airflow/example_dags/example_latest_only.py for tasks to queue
[2025-05-06T08:13:52.659+0000] {logging_mixin.py:190} INFO - [2025-05-06T08:13:52.658+0000] {dagbag.py:588} INFO - Filling up the DagBag from /home/airflow/.local/lib/python3.12/site-packages/airflow/example_dags/example_latest_only.py
[2025-05-06T08:13:52.664+0000] {processor.py:925} INFO - DAG(s) 'latest_only' retrieved from /home/airflow/.local/lib/python3.12/site-packages/airflow/example_dags/example_latest_only.py
[2025-05-06T08:13:52.678+0000] {logging_mixin.py:190} INFO - [2025-05-06T08:13:52.678+0000] {dag.py:3239} INFO - Sync 1 DAGs
[2025-05-06T08:13:52.697+0000] {logging_mixin.py:190} INFO - [2025-05-06T08:13:52.697+0000] {dag.py:4180} INFO - Setting next_dagrun for latest_only to 2025-05-06 04:00:00+00:00, run_after=2025-05-06 08:00:00+00:00
[2025-05-06T08:13:52.712+0000] {processor.py:208} INFO - Processing /home/airflow/.local/lib/python3.12/site-packages/airflow/example_dags/example_latest_only.py took 0.061 seconds
[2025-05-06T08:14:23.395+0000] {processor.py:186} INFO - Started process (PID=1046) to work on /home/airflow/.local/lib/python3.12/site-packages/airflow/example_dags/example_latest_only.py
[2025-05-06T08:14:23.395+0000] {processor.py:914} INFO - Processing file /home/airflow/.local/lib/python3.12/site-packages/airflow/example_dags/example_latest_only.py for tasks to queue
[2025-05-06T08:14:23.397+0000] {logging_mixin.py:190} INFO - [2025-05-06T08:14:23.396+0000] {dagbag.py:588} INFO - Filling up the DagBag from /home/airflow/.local/lib/python3.12/site-packages/airflow/example_dags/example_latest_only.py
[2025-05-06T08:14:23.402+0000] {processor.py:925} INFO - DAG(s) 'latest_only' retrieved from /home/airflow/.local/lib/python3.12/site-packages/airflow/example_dags/example_latest_only.py
[2025-05-06T08:14:23.418+0000] {logging_mixin.py:190} INFO - [2025-05-06T08:14:23.417+0000] {dag.py:3239} INFO - Sync 1 DAGs
[2025-05-06T08:14:23.437+0000] {logging_mixin.py:190} INFO - [2025-05-06T08:14:23.436+0000] {dag.py:4180} INFO - Setting next_dagrun for latest_only to 2025-05-06 04:00:00+00:00, run_after=2025-05-06 08:00:00+00:00
[2025-05-06T08:14:23.452+0000] {processor.py:208} INFO - Processing /home/airflow/.local/lib/python3.12/site-packages/airflow/example_dags/example_latest_only.py took 0.062 seconds
[2025-05-06T08:14:53.486+0000] {processor.py:186} INFO - Started process (PID=1115) to work on /home/airflow/.local/lib/python3.12/site-packages/airflow/example_dags/example_latest_only.py
[2025-05-06T08:14:53.487+0000] {processor.py:914} INFO - Processing file /home/airflow/.local/lib/python3.12/site-packages/airflow/example_dags/example_latest_only.py for tasks to queue
[2025-05-06T08:14:53.488+0000] {logging_mixin.py:190} INFO - [2025-05-06T08:14:53.488+0000] {dagbag.py:588} INFO - Filling up the DagBag from /home/airflow/.local/lib/python3.12/site-packages/airflow/example_dags/example_latest_only.py
[2025-05-06T08:14:53.494+0000] {processor.py:925} INFO - DAG(s) 'latest_only' retrieved from /home/airflow/.local/lib/python3.12/site-packages/airflow/example_dags/example_latest_only.py
[2025-05-06T08:14:53.510+0000] {logging_mixin.py:190} INFO - [2025-05-06T08:14:53.509+0000] {dag.py:3239} INFO - Sync 1 DAGs
[2025-05-06T08:14:53.099+0000] {logging_mixin.py:190} INFO - [2025-05-06T08:14:53.099+0000] {dag.py:4180} INFO - Setting next_dagrun for latest_only to 2025-05-06 04:00:00+00:00, run_after=2025-05-06 08:00:00+00:00
[2025-05-06T08:14:53.119+0000] {processor.py:208} INFO - Processing /home/airflow/.local/lib/python3.12/site-packages/airflow/example_dags/example_latest_only.py took 0.065 seconds
[2025-05-06T08:15:23.876+0000] {processor.py:186} INFO - Started process (PID=1180) to work on /home/airflow/.local/lib/python3.12/site-packages/airflow/example_dags/example_latest_only.py
[2025-05-06T08:15:23.877+0000] {processor.py:914} INFO - Processing file /home/airflow/.local/lib/python3.12/site-packages/airflow/example_dags/example_latest_only.py for tasks to queue
[2025-05-06T08:15:23.879+0000] {logging_mixin.py:190} INFO - [2025-05-06T08:15:23.879+0000] {dagbag.py:588} INFO - Filling up the DagBag from /home/airflow/.local/lib/python3.12/site-packages/airflow/example_dags/example_latest_only.py
[2025-05-06T08:15:23.885+0000] {processor.py:925} INFO - DAG(s) 'latest_only' retrieved from /home/airflow/.local/lib/python3.12/site-packages/airflow/example_dags/example_latest_only.py
[2025-05-06T08:15:23.901+0000] {logging_mixin.py:190} INFO - [2025-05-06T08:15:23.901+0000] {dag.py:3239} INFO - Sync 1 DAGs
[2025-05-06T08:15:23.921+0000] {logging_mixin.py:190} INFO - [2025-05-06T08:15:23.921+0000] {dag.py:4180} INFO - Setting next_dagrun for latest_only to 2025-05-06 04:00:00+00:00, run_after=2025-05-06 08:00:00+00:00
[2025-05-06T08:15:23.937+0000] {processor.py:208} INFO - Processing /home/airflow/.local/lib/python3.12/site-packages/airflow/example_dags/example_latest_only.py took 0.066 seconds
[2025-05-06T08:15:54.267+0000] {processor.py:186} INFO - Started process (PID=1252) to work on /home/airflow/.local/lib/python3.12/site-packages/airflow/example_dags/example_latest_only.py
[2025-05-06T08:15:54.268+0000] {processor.py:914} INFO - Processing file /home/airflow/.local/lib/python3.12/site-packages/airflow/example_dags/example_latest_only.py for tasks to queue
[2025-05-06T08:15:54.270+0000] {logging_mixin.py:190} INFO - [2025-05-06T08:15:54.270+0000] {dagbag.py:588} INFO - Filling up the DagBag from /home/airflow/.local/lib/python3.12/site-packages/airflow/example_dags/example_latest_only.py
[2025-05-06T08:15:54.275+0000] {processor.py:925} INFO - DAG(s) 'latest_only' retrieved from /home/airflow/.local/lib/python3.12/site-packages/airflow/example_dags/example_latest_only.py
[2025-05-06T08:15:54.291+0000] {logging_mixin.py:190} INFO - [2025-05-06T08:15:54.291+0000] {dag.py:3239} INFO - Sync 1 DAGs
[2025-05-06T08:15:54.308+0000] {logging_mixin.py:190} INFO - [2025-05-06T08:15:54.308+0000] {dag.py:4180} INFO - Setting next_dagrun for latest_only to 2025-05-06 04:00:00+00:00, run_after=2025-05-06 08:00:00+00:00
[2025-05-06T08:15:54.324+0000] {processor.py:208} INFO - Processing /home/airflow/.local/lib/python3.12/site-packages/airflow/example_dags/example_latest_only.py took 0.061 seconds
[2025-05-06T08:16:24.692+0000] {processor.py:186} INFO - Started process (PID=1321) to work on /home/airflow/.local/lib/python3.12/site-packages/airflow/example_dags/example_latest_only.py
[2025-05-06T08:16:24.693+0000] {processor.py:914} INFO - Processing file /home/airflow/.local/lib/python3.12/site-packages/airflow/example_dags/example_latest_only.py for tasks to queue
[2025-05-06T08:16:24.695+0000] {logging_mixin.py:190} INFO - [2025-05-06T08:16:24.695+0000] {dagbag.py:588} INFO - Filling up the DagBag from /home/airflow/.local/lib/python3.12/site-packages/airflow/example_dags/example_latest_only.py
[2025-05-06T08:16:24.701+0000] {processor.py:925} INFO - DAG(s) 'latest_only' retrieved from /home/airflow/.local/lib/python3.12/site-packages/airflow/example_dags/example_latest_only.py
[2025-05-06T08:16:24.717+0000] {logging_mixin.py:190} INFO - [2025-05-06T08:16:24.716+0000] {dag.py:3239} INFO - Sync 1 DAGs
[2025-05-06T08:16:24.735+0000] {logging_mixin.py:190} INFO - [2025-05-06T08:16:24.735+0000] {dag.py:4180} INFO - Setting next_dagrun for latest_only to 2025-05-06 04:00:00+00:00, run_after=2025-05-06 08:00:00+00:00
[2025-05-06T08:16:24.751+0000] {processor.py:208} INFO - Processing /home/airflow/.local/lib/python3.12/site-packages/airflow/example_dags/example_latest_only.py took 0.064 seconds
[2025-05-06T08:16:55.423+0000] {processor.py:186} INFO - Started process (PID=1393) to work on /home/airflow/.local/lib/python3.12/site-packages/airflow/example_dags/example_latest_only.py
[2025-05-06T08:16:55.423+0000] {processor.py:914} INFO - Processing file /home/airflow/.local/lib/python3.12/site-packages/airflow/example_dags/example_latest_only.py for tasks to queue
[2025-05-06T08:16:55.425+0000] {logging_mixin.py:190} INFO - [2025-05-06T08:16:55.425+0000] {dagbag.py:588} INFO - Filling up the DagBag from /home/airflow/.local/lib/python3.12/site-packages/airflow/example_dags/example_latest_only.py
[2025-05-06T08:16:55.431+0000] {processor.py:925} INFO - DAG(s) 'latest_only' retrieved from /home/airflow/.local/lib/python3.12/site-packages/airflow/example_dags/example_latest_only.py
[2025-05-06T08:16:55.451+0000] {logging_mixin.py:190} INFO - [2025-05-06T08:16:55.451+0000] {dag.py:3239} INFO - Sync 1 DAGs
[2025-05-06T08:16:55.473+0000] {logging_mixin.py:190} INFO - [2025-05-06T08:16:55.472+0000] {dag.py:4180} INFO - Setting next_dagrun for latest_only to 2025-05-06 04:00:00+00:00, run_after=2025-05-06 08:00:00+00:00
[2025-05-06T08:16:55.494+0000] {processor.py:208} INFO - Processing /home/airflow/.local/lib/python3.12/site-packages/airflow/example_dags/example_latest_only.py took 0.076 seconds
[2025-05-06T08:17:26.006+0000] {processor.py:186} INFO - Started process (PID=1463) to work on /home/airflow/.local/lib/python3.12/site-packages/airflow/example_dags/example_latest_only.py
[2025-05-06T08:17:26.007+0000] {processor.py:914} INFO - Processing file /home/airflow/.local/lib/python3.12/site-packages/airflow/example_dags/example_latest_only.py for tasks to queue
[2025-05-06T08:17:26.008+0000] {logging_mixin.py:190} INFO - [2025-05-06T08:17:26.008+0000] {dagbag.py:588} INFO - Filling up the DagBag from /home/airflow/.local/lib/python3.12/site-packages/airflow/example_dags/example_latest_only.py
[2025-05-06T08:17:26.013+0000] {processor.py:925} INFO - DAG(s) 'latest_only' retrieved from /home/airflow/.local/lib/python3.12/site-packages/airflow/example_dags/example_latest_only.py
[2025-05-06T08:17:26.028+0000] {logging_mixin.py:190} INFO - [2025-05-06T08:17:26.028+0000] {dag.py:3239} INFO - Sync 1 DAGs
[2025-05-06T08:17:26.048+0000] {logging_mixin.py:190} INFO - [2025-05-06T08:17:26.048+0000] {dag.py:4180} INFO - Setting next_dagrun for latest_only to 2025-05-06 04:00:00+00:00, run_after=2025-05-06 08:00:00+00:00
[2025-05-06T08:17:26.063+0000] {processor.py:208} INFO - Processing /home/airflow/.local/lib/python3.12/site-packages/airflow/example_dags/example_latest_only.py took 0.062 seconds
[2025-05-06T08:17:56.380+0000] {processor.py:186} INFO - Started process (PID=1533) to work on /home/airflow/.local/lib/python3.12/site-packages/airflow/example_dags/example_latest_only.py
[2025-05-06T08:17:56.381+0000] {processor.py:914} INFO - Processing file /home/airflow/.local/lib/python3.12/site-packages/airflow/example_dags/example_latest_only.py for tasks to queue
[2025-05-06T08:17:56.383+0000] {logging_mixin.py:190} INFO - [2025-05-06T08:17:56.382+0000] {dagbag.py:588} INFO - Filling up the DagBag from /home/airflow/.local/lib/python3.12/site-packages/airflow/example_dags/example_latest_only.py
[2025-05-06T08:17:56.388+0000] {processor.py:925} INFO - DAG(s) 'latest_only' retrieved from /home/airflow/.local/lib/python3.12/site-packages/airflow/example_dags/example_latest_only.py
[2025-05-06T08:17:56.402+0000] {logging_mixin.py:190} INFO - [2025-05-06T08:17:56.401+0000] {dag.py:3239} INFO - Sync 1 DAGs
[2025-05-06T08:17:56.418+0000] {logging_mixin.py:190} INFO - [2025-05-06T08:17:56.418+0000] {dag.py:4180} INFO - Setting next_dagrun for latest_only to 2025-05-06 04:00:00+00:00, run_after=2025-05-06 08:00:00+00:00
[2025-05-06T08:17:56.434+0000] {processor.py:208} INFO - Processing /home/airflow/.local/lib/python3.12/site-packages/airflow/example_dags/example_latest_only.py took 0.058 seconds
[2025-05-06T08:18:26.992+0000] {processor.py:186} INFO - Started process (PID=1603) to work on /home/airflow/.local/lib/python3.12/site-packages/airflow/example_dags/example_latest_only.py
[2025-05-06T08:18:26.994+0000] {processor.py:914} INFO - Processing file /home/airflow/.local/lib/python3.12/site-packages/airflow/example_dags/example_latest_only.py for tasks to queue
[2025-05-06T08:18:26.996+0000] {logging_mixin.py:190} INFO - [2025-05-06T08:18:26.995+0000] {dagbag.py:588} INFO - Filling up the DagBag from /home/airflow/.local/lib/python3.12/site-packages/airflow/example_dags/example_latest_only.py
[2025-05-06T08:18:27.002+0000] {processor.py:925} INFO - DAG(s) 'latest_only' retrieved from /home/airflow/.local/lib/python3.12/site-packages/airflow/example_dags/example_latest_only.py
[2025-05-06T08:18:27.022+0000] {logging_mixin.py:190} INFO - [2025-05-06T08:18:27.022+0000] {dag.py:3239} INFO - Sync 1 DAGs
[2025-05-06T08:18:27.047+0000] {logging_mixin.py:190} INFO - [2025-05-06T08:18:27.046+0000] {dag.py:4180} INFO - Setting next_dagrun for latest_only to 2025-05-06 04:00:00+00:00, run_after=2025-05-06 08:00:00+00:00
[2025-05-06T08:18:27.067+0000] {processor.py:208} INFO - Processing /home/airflow/.local/lib/python3.12/site-packages/airflow/example_dags/example_latest_only.py took 0.081 seconds
[2025-05-06T08:18:57.968+0000] {processor.py:186} INFO - Started process (PID=1672) to work on /home/airflow/.local/lib/python3.12/site-packages/airflow/example_dags/example_latest_only.py
[2025-05-06T08:18:57.969+0000] {processor.py:914} INFO - Processing file /home/airflow/.local/lib/python3.12/site-packages/airflow/example_dags/example_latest_only.py for tasks to queue
[2025-05-06T08:18:57.970+0000] {logging_mixin.py:190} INFO - [2025-05-06T08:18:57.970+0000] {dagbag.py:588} INFO - Filling up the DagBag from /home/airflow/.local/lib/python3.12/site-packages/airflow/example_dags/example_latest_only.py
[2025-05-06T08:18:57.975+0000] {processor.py:925} INFO - DAG(s) 'latest_only' retrieved from /home/airflow/.local/lib/python3.12/site-packages/airflow/example_dags/example_latest_only.py
[2025-05-06T08:18:57.991+0000] {logging_mixin.py:190} INFO - [2025-05-06T08:18:57.991+0000] {dag.py:3239} INFO - Sync 1 DAGs
[2025-05-06T08:18:58.010+0000] {logging_mixin.py:190} INFO - [2025-05-06T08:18:58.010+0000] {dag.py:4180} INFO - Setting next_dagrun for latest_only to 2025-05-06 04:00:00+00:00, run_after=2025-05-06 08:00:00+00:00
[2025-05-06T08:18:58.026+0000] {processor.py:208} INFO - Processing /home/airflow/.local/lib/python3.12/site-packages/airflow/example_dags/example_latest_only.py took 0.062 seconds
[2025-05-06T08:19:28.462+0000] {processor.py:186} INFO - Started process (PID=1742) to work on /home/airflow/.local/lib/python3.12/site-packages/airflow/example_dags/example_latest_only.py
[2025-05-06T08:19:28.463+0000] {processor.py:914} INFO - Processing file /home/airflow/.local/lib/python3.12/site-packages/airflow/example_dags/example_latest_only.py for tasks to queue
[2025-05-06T08:19:28.464+0000] {logging_mixin.py:190} INFO - [2025-05-06T08:19:28.464+0000] {dagbag.py:588} INFO - Filling up the DagBag from /home/airflow/.local/lib/python3.12/site-packages/airflow/example_dags/example_latest_only.py
[2025-05-06T08:19:28.469+0000] {processor.py:925} INFO - DAG(s) 'latest_only' retrieved from /home/airflow/.local/lib/python3.12/site-packages/airflow/example_dags/example_latest_only.py
[2025-05-06T08:19:28.482+0000] {logging_mixin.py:190} INFO - [2025-05-06T08:19:28.482+0000] {dag.py:3239} INFO - Sync 1 DAGs
[2025-05-06T08:19:28.500+0000] {logging_mixin.py:190} INFO - [2025-05-06T08:19:28.500+0000] {dag.py:4180} INFO - Setting next_dagrun for latest_only to 2025-05-06 04:00:00+00:00, run_after=2025-05-06 08:00:00+00:00
[2025-05-06T08:19:28.515+0000] {processor.py:208} INFO - Processing /home/airflow/.local/lib/python3.12/site-packages/airflow/example_dags/example_latest_only.py took 0.057 seconds
[2025-05-06T08:19:59.136+0000] {processor.py:186} INFO - Started process (PID=1812) to work on /home/airflow/.local/lib/python3.12/site-packages/airflow/example_dags/example_latest_only.py
[2025-05-06T08:19:59.138+0000] {processor.py:914} INFO - Processing file /home/airflow/.local/lib/python3.12/site-packages/airflow/example_dags/example_latest_only.py for tasks to queue
[2025-05-06T08:19:59.140+0000] {logging_mixin.py:190} INFO - [2025-05-06T08:19:59.139+0000] {dagbag.py:588} INFO - Filling up the DagBag from /home/airflow/.local/lib/python3.12/site-packages/airflow/example_dags/example_latest_only.py
[2025-05-06T08:19:59.147+0000] {processor.py:925} INFO - DAG(s) 'latest_only' retrieved from /home/airflow/.local/lib/python3.12/site-packages/airflow/example_dags/example_latest_only.py
[2025-05-06T08:19:59.165+0000] {logging_mixin.py:190} INFO - [2025-05-06T08:19:59.165+0000] {dag.py:3239} INFO - Sync 1 DAGs
[2025-05-06T08:19:59.185+0000] {logging_mixin.py:190} INFO - [2025-05-06T08:19:59.185+0000] {dag.py:4180} INFO - Setting next_dagrun for latest_only to 2025-05-06 04:00:00+00:00, run_after=2025-05-06 08:00:00+00:00
[2025-05-06T08:19:59.202+0000] {processor.py:208} INFO - Processing /home/airflow/.local/lib/python3.12/site-packages/airflow/example_dags/example_latest_only.py took 0.071 seconds
[2025-05-06T08:20:30.011+0000] {processor.py:186} INFO - Started process (PID=1882) to work on /home/airflow/.local/lib/python3.12/site-packages/airflow/example_dags/example_latest_only.py
[2025-05-06T08:20:30.012+0000] {processor.py:914} INFO - Processing file /home/airflow/.local/lib/python3.12/site-packages/airflow/example_dags/example_latest_only.py for tasks to queue
[2025-05-06T08:20:30.014+0000] {logging_mixin.py:190} INFO - [2025-05-06T08:20:30.013+0000] {dagbag.py:588} INFO - Filling up the DagBag from /home/airflow/.local/lib/python3.12/site-packages/airflow/example_dags/example_latest_only.py
[2025-05-06T08:20:30.019+0000] {processor.py:925} INFO - DAG(s) 'latest_only' retrieved from /home/airflow/.local/lib/python3.12/site-packages/airflow/example_dags/example_latest_only.py
[2025-05-06T08:20:30.032+0000] {logging_mixin.py:190} INFO - [2025-05-06T08:20:30.032+0000] {dag.py:3239} INFO - Sync 1 DAGs
[2025-05-06T08:20:30.050+0000] {logging_mixin.py:190} INFO - [2025-05-06T08:20:30.050+0000] {dag.py:4180} INFO - Setting next_dagrun for latest_only to 2025-05-06 04:00:00+00:00, run_after=2025-05-06 08:00:00+00:00
[2025-05-06T08:20:30.065+0000] {processor.py:208} INFO - Processing /home/airflow/.local/lib/python3.12/site-packages/airflow/example_dags/example_latest_only.py took 0.058 seconds
[2025-05-06T08:21:00.896+0000] {processor.py:186} INFO - Started process (PID=1952) to work on /home/airflow/.local/lib/python3.12/site-packages/airflow/example_dags/example_latest_only.py
[2025-05-06T08:21:00.896+0000] {processor.py:914} INFO - Processing file /home/airflow/.local/lib/python3.12/site-packages/airflow/example_dags/example_latest_only.py for tasks to queue
[2025-05-06T08:21:00.898+0000] {logging_mixin.py:190} INFO - [2025-05-06T08:21:00.898+0000] {dagbag.py:588} INFO - Filling up the DagBag from /home/airflow/.local/lib/python3.12/site-packages/airflow/example_dags/example_latest_only.py
[2025-05-06T08:21:00.903+0000] {processor.py:925} INFO - DAG(s) 'latest_only' retrieved from /home/airflow/.local/lib/python3.12/site-packages/airflow/example_dags/example_latest_only.py
[2025-05-06T08:21:00.917+0000] {logging_mixin.py:190} INFO - [2025-05-06T08:21:00.916+0000] {dag.py:3239} INFO - Sync 1 DAGs
[2025-05-06T08:21:00.932+0000] {logging_mixin.py:190} INFO - [2025-05-06T08:21:00.932+0000] {dag.py:4180} INFO - Setting next_dagrun for latest_only to 2025-05-06 04:00:00+00:00, run_after=2025-05-06 08:00:00+00:00
[2025-05-06T08:21:00.946+0000] {processor.py:208} INFO - Processing /home/airflow/.local/lib/python3.12/site-packages/airflow/example_dags/example_latest_only.py took 0.054 seconds
[2025-05-06T08:21:31.802+0000] {processor.py:186} INFO - Started process (PID=2022) to work on /home/airflow/.local/lib/python3.12/site-packages/airflow/example_dags/example_latest_only.py
[2025-05-06T08:21:31.803+0000] {processor.py:914} INFO - Processing file /home/airflow/.local/lib/python3.12/site-packages/airflow/example_dags/example_latest_only.py for tasks to queue
[2025-05-06T08:21:31.805+0000] {logging_mixin.py:190} INFO - [2025-05-06T08:21:31.804+0000] {dagbag.py:588} INFO - Filling up the DagBag from /home/airflow/.local/lib/python3.12/site-packages/airflow/example_dags/example_latest_only.py
[2025-05-06T08:21:31.810+0000] {processor.py:925} INFO - DAG(s) 'latest_only' retrieved from /home/airflow/.local/lib/python3.12/site-packages/airflow/example_dags/example_latest_only.py
[2025-05-06T08:21:31.825+0000] {logging_mixin.py:190} INFO - [2025-05-06T08:21:31.825+0000] {dag.py:3239} INFO - Sync 1 DAGs
[2025-05-06T08:21:31.842+0000] {logging_mixin.py:190} INFO - [2025-05-06T08:21:31.842+0000] {dag.py:4180} INFO - Setting next_dagrun for latest_only to 2025-05-06 04:00:00+00:00, run_after=2025-05-06 08:00:00+00:00
[2025-05-06T08:21:31.861+0000] {processor.py:208} INFO - Processing /home/airflow/.local/lib/python3.12/site-packages/airflow/example_dags/example_latest_only.py took 0.063 seconds
[2025-05-06T08:22:02.753+0000] {processor.py:186} INFO - Started process (PID=2092) to work on /home/airflow/.local/lib/python3.12/site-packages/airflow/example_dags/example_latest_only.py
[2025-05-06T08:22:02.753+0000] {processor.py:914} INFO - Processing file /home/airflow/.local/lib/python3.12/site-packages/airflow/example_dags/example_latest_only.py for tasks to queue
[2025-05-06T08:22:02.755+0000] {logging_mixin.py:190} INFO - [2025-05-06T08:22:02.755+0000] {dagbag.py:588} INFO - Filling up the DagBag from /home/airflow/.local/lib/python3.12/site-packages/airflow/example_dags/example_latest_only.py
[2025-05-06T08:22:02.761+0000] {processor.py:925} INFO - DAG(s) 'latest_only' retrieved from /home/airflow/.local/lib/python3.12/site-packages/airflow/example_dags/example_latest_only.py
[2025-05-06T08:22:02.775+0000] {logging_mixin.py:190} INFO - [2025-05-06T08:22:02.775+0000] {dag.py:3239} INFO - Sync 1 DAGs
[2025-05-06T08:22:02.792+0000] {logging_mixin.py:190} INFO - [2025-05-06T08:22:02.792+0000] {dag.py:4180} INFO - Setting next_dagrun for latest_only to 2025-05-06 04:00:00+00:00, run_after=2025-05-06 08:00:00+00:00
[2025-05-06T08:22:02.805+0000] {processor.py:208} INFO - Processing /home/airflow/.local/lib/python3.12/site-packages/airflow/example_dags/example_latest_only.py took 0.056 seconds
[2025-05-06T08:22:33.131+0000] {processor.py:186} INFO - Started process (PID=2162) to work on /home/airflow/.local/lib/python3.12/site-packages/airflow/example_dags/example_latest_only.py
[2025-05-06T08:22:33.132+0000] {processor.py:914} INFO - Processing file /home/airflow/.local/lib/python3.12/site-packages/airflow/example_dags/example_latest_only.py for tasks to queue
[2025-05-06T08:22:33.134+0000] {logging_mixin.py:190} INFO - [2025-05-06T08:22:33.134+0000] {dagbag.py:588} INFO - Filling up the DagBag from /home/airflow/.local/lib/python3.12/site-packages/airflow/example_dags/example_latest_only.py
[2025-05-06T08:22:33.139+0000] {processor.py:925} INFO - DAG(s) 'latest_only' retrieved from /home/airflow/.local/lib/python3.12/site-packages/airflow/example_dags/example_latest_only.py
[2025-05-06T08:22:33.154+0000] {logging_mixin.py:190} INFO - [2025-05-06T08:22:33.153+0000] {dag.py:3239} INFO - Sync 1 DAGs
[2025-05-06T08:22:33.174+0000] {logging_mixin.py:190} INFO - [2025-05-06T08:22:33.174+0000] {dag.py:4180} INFO - Setting next_dagrun for latest_only to 2025-05-06 04:00:00+00:00, run_after=2025-05-06 08:00:00+00:00
[2025-05-06T08:22:33.188+0000] {processor.py:208} INFO - Processing /home/airflow/.local/lib/python3.12/site-packages/airflow/example_dags/example_latest_only.py took 0.061 seconds
[2025-05-06T08:23:04.300+0000] {processor.py:186} INFO - Started process (PID=2232) to work on /home/airflow/.local/lib/python3.12/site-packages/airflow/example_dags/example_latest_only.py
[2025-05-06T08:23:04.301+0000] {processor.py:914} INFO - Processing file /home/airflow/.local/lib/python3.12/site-packages/airflow/example_dags/example_latest_only.py for tasks to queue
[2025-05-06T08:23:04.303+0000] {logging_mixin.py:190} INFO - [2025-05-06T08:23:04.302+0000] {dagbag.py:588} INFO - Filling up the DagBag from /home/airflow/.local/lib/python3.12/site-packages/airflow/example_dags/example_latest_only.py
[2025-05-06T08:23:04.307+0000] {processor.py:925} INFO - DAG(s) 'latest_only' retrieved from /home/airflow/.local/lib/python3.12/site-packages/airflow/example_dags/example_latest_only.py
[2025-05-06T08:23:04.321+0000] {logging_mixin.py:190} INFO - [2025-05-06T08:23:04.320+0000] {dag.py:3239} INFO - Sync 1 DAGs
[2025-05-06T08:23:04.342+0000] {logging_mixin.py:190} INFO - [2025-05-06T08:23:04.342+0000] {dag.py:4180} INFO - Setting next_dagrun for latest_only to 2025-05-06 04:00:00+00:00, run_after=2025-05-06 08:00:00+00:00
[2025-05-06T08:23:04.362+0000] {processor.py:208} INFO - Processing /home/airflow/.local/lib/python3.12/site-packages/airflow/example_dags/example_latest_only.py took 0.066 seconds
[2025-05-06T08:23:34.965+0000] {processor.py:186} INFO - Started process (PID=2302) to work on /home/airflow/.local/lib/python3.12/site-packages/airflow/example_dags/example_latest_only.py
[2025-05-06T08:23:34.966+0000] {processor.py:914} INFO - Processing file /home/airflow/.local/lib/python3.12/site-packages/airflow/example_dags/example_latest_only.py for tasks to queue
[2025-05-06T08:23:34.968+0000] {logging_mixin.py:190} INFO - [2025-05-06T08:23:34.968+0000] {dagbag.py:588} INFO - Filling up the DagBag from /home/airflow/.local/lib/python3.12/site-packages/airflow/example_dags/example_latest_only.py
[2025-05-06T08:23:34.973+0000] {processor.py:925} INFO - DAG(s) 'latest_only' retrieved from /home/airflow/.local/lib/python3.12/site-packages/airflow/example_dags/example_latest_only.py
[2025-05-06T08:23:34.987+0000] {logging_mixin.py:190} INFO - [2025-05-06T08:23:34.987+0000] {dag.py:3239} INFO - Sync 1 DAGs
[2025-05-06T08:23:35.005+0000] {logging_mixin.py:190} INFO - [2025-05-06T08:23:35.005+0000] {dag.py:4180} INFO - Setting next_dagrun for latest_only to 2025-05-06 04:00:00+00:00, run_after=2025-05-06 08:00:00+00:00
[2025-05-06T08:23:35.020+0000] {processor.py:208} INFO - Processing /home/airflow/.local/lib/python3.12/site-packages/airflow/example_dags/example_latest_only.py took 0.060 seconds
[2025-05-06T08:24:05.405+0000] {processor.py:186} INFO - Started process (PID=2378) to work on /home/airflow/.local/lib/python3.12/site-packages/airflow/example_dags/example_latest_only.py
[2025-05-06T08:24:05.405+0000] {processor.py:914} INFO - Processing file /home/airflow/.local/lib/python3.12/site-packages/airflow/example_dags/example_latest_only.py for tasks to queue
[2025-05-06T08:24:05.407+0000] {logging_mixin.py:190} INFO - [2025-05-06T08:24:05.407+0000] {dagbag.py:588} INFO - Filling up the DagBag from /home/airflow/.local/lib/python3.12/site-packages/airflow/example_dags/example_latest_only.py
[2025-05-06T08:24:05.412+0000] {processor.py:925} INFO - DAG(s) 'latest_only' retrieved from /home/airflow/.local/lib/python3.12/site-packages/airflow/example_dags/example_latest_only.py
[2025-05-06T08:24:05.427+0000] {logging_mixin.py:190} INFO - [2025-05-06T08:24:05.427+0000] {dag.py:3239} INFO - Sync 1 DAGs
[2025-05-06T08:24:05.445+0000] {logging_mixin.py:190} INFO - [2025-05-06T08:24:05.445+0000] {dag.py:4180} INFO - Setting next_dagrun for latest_only to 2025-05-06 04:00:00+00:00, run_after=2025-05-06 08:00:00+00:00
[2025-05-06T08:24:05.460+0000] {processor.py:208} INFO - Processing /home/airflow/.local/lib/python3.12/site-packages/airflow/example_dags/example_latest_only.py took 0.059 seconds
[2025-05-06T08:24:35.521+0000] {processor.py:186} INFO - Started process (PID=2448) to work on /home/airflow/.local/lib/python3.12/site-packages/airflow/example_dags/example_latest_only.py
[2025-05-06T08:24:35.521+0000] {processor.py:914} INFO - Processing file /home/airflow/.local/lib/python3.12/site-packages/airflow/example_dags/example_latest_only.py for tasks to queue
[2025-05-06T08:24:35.523+0000] {logging_mixin.py:190} INFO - [2025-05-06T08:24:35.523+0000] {dagbag.py:588} INFO - Filling up the DagBag from /home/airflow/.local/lib/python3.12/site-packages/airflow/example_dags/example_latest_only.py
[2025-05-06T08:24:35.528+0000] {processor.py:925} INFO - DAG(s) 'latest_only' retrieved from /home/airflow/.local/lib/python3.12/site-packages/airflow/example_dags/example_latest_only.py
[2025-05-06T08:24:35.542+0000] {logging_mixin.py:190} INFO - [2025-05-06T08:24:35.542+0000] {dag.py:3239} INFO - Sync 1 DAGs
[2025-05-06T08:24:35.559+0000] {logging_mixin.py:190} INFO - [2025-05-06T08:24:35.559+0000] {dag.py:4180} INFO - Setting next_dagrun for latest_only to 2025-05-06 04:00:00+00:00, run_after=2025-05-06 08:00:00+00:00
[2025-05-06T08:24:35.574+0000] {processor.py:208} INFO - Processing /home/airflow/.local/lib/python3.12/site-packages/airflow/example_dags/example_latest_only.py took 0.057 seconds
[2025-05-06T08:25:06.007+0000] {processor.py:186} INFO - Started process (PID=2518) to work on /home/airflow/.local/lib/python3.12/site-packages/airflow/example_dags/example_latest_only.py
[2025-05-06T08:25:06.008+0000] {processor.py:914} INFO - Processing file /home/airflow/.local/lib/python3.12/site-packages/airflow/example_dags/example_latest_only.py for tasks to queue
[2025-05-06T08:25:06.009+0000] {logging_mixin.py:190} INFO - [2025-05-06T08:25:06.009+0000] {dagbag.py:588} INFO - Filling up the DagBag from /home/airflow/.local/lib/python3.12/site-packages/airflow/example_dags/example_latest_only.py
[2025-05-06T08:25:06.015+0000] {processor.py:925} INFO - DAG(s) 'latest_only' retrieved from /home/airflow/.local/lib/python3.12/site-packages/airflow/example_dags/example_latest_only.py
[2025-05-06T08:25:06.030+0000] {logging_mixin.py:190} INFO - [2025-05-06T08:25:06.030+0000] {dag.py:3239} INFO - Sync 1 DAGs
[2025-05-06T08:25:06.051+0000] {logging_mixin.py:190} INFO - [2025-05-06T08:25:06.051+0000] {dag.py:4180} INFO - Setting next_dagrun for latest_only to 2025-05-06 04:00:00+00:00, run_after=2025-05-06 08:00:00+00:00
[2025-05-06T08:25:06.069+0000] {processor.py:208} INFO - Processing /home/airflow/.local/lib/python3.12/site-packages/airflow/example_dags/example_latest_only.py took 0.066 seconds
[2025-05-06T08:25:36.498+0000] {processor.py:186} INFO - Started process (PID=2588) to work on /home/airflow/.local/lib/python3.12/site-packages/airflow/example_dags/example_latest_only.py
[2025-05-06T08:25:36.499+0000] {processor.py:914} INFO - Processing file /home/airflow/.local/lib/python3.12/site-packages/airflow/example_dags/example_latest_only.py for tasks to queue
[2025-05-06T08:25:36.500+0000] {logging_mixin.py:190} INFO - [2025-05-06T08:25:36.500+0000] {dagbag.py:588} INFO - Filling up the DagBag from /home/airflow/.local/lib/python3.12/site-packages/airflow/example_dags/example_latest_only.py
[2025-05-06T08:25:36.506+0000] {processor.py:925} INFO - DAG(s) 'latest_only' retrieved from /home/airflow/.local/lib/python3.12/site-packages/airflow/example_dags/example_latest_only.py
[2025-05-06T08:25:36.522+0000] {logging_mixin.py:190} INFO - [2025-05-06T08:25:36.522+0000] {dag.py:3239} INFO - Sync 1 DAGs
[2025-05-06T08:25:36.541+0000] {logging_mixin.py:190} INFO - [2025-05-06T08:25:36.541+0000] {dag.py:4180} INFO - Setting next_dagrun for latest_only to 2025-05-06 04:00:00+00:00, run_after=2025-05-06 08:00:00+00:00
[2025-05-06T08:25:36.558+0000] {processor.py:208} INFO - Processing /home/airflow/.local/lib/python3.12/site-packages/airflow/example_dags/example_latest_only.py took 0.065 seconds
[2025-05-06T08:26:06.941+0000] {processor.py:186} INFO - Started process (PID=2658) to work on /home/airflow/.local/lib/python3.12/site-packages/airflow/example_dags/example_latest_only.py
[2025-05-06T08:26:06.942+0000] {processor.py:914} INFO - Processing file /home/airflow/.local/lib/python3.12/site-packages/airflow/example_dags/example_latest_only.py for tasks to queue
[2025-05-06T08:26:06.944+0000] {logging_mixin.py:190} INFO - [2025-05-06T08:26:06.944+0000] {dagbag.py:588} INFO - Filling up the DagBag from /home/airflow/.local/lib/python3.12/site-packages/airflow/example_dags/example_latest_only.py
[2025-05-06T08:26:06.951+0000] {processor.py:925} INFO - DAG(s) 'latest_only' retrieved from /home/airflow/.local/lib/python3.12/site-packages/airflow/example_dags/example_latest_only.py
[2025-05-06T08:26:06.969+0000] {logging_mixin.py:190} INFO - [2025-05-06T08:26:06.969+0000] {dag.py:3239} INFO - Sync 1 DAGs
[2025-05-06T08:26:06.992+0000] {logging_mixin.py:190} INFO - [2025-05-06T08:26:06.992+0000] {dag.py:4180} INFO - Setting next_dagrun for latest_only to 2025-05-06 04:00:00+00:00, run_after=2025-05-06 08:00:00+00:00
[2025-05-06T08:26:07.009+0000] {processor.py:208} INFO - Processing /home/airflow/.local/lib/python3.12/site-packages/airflow/example_dags/example_latest_only.py took 0.074 seconds
[2025-05-06T08:26:37.168+0000] {processor.py:186} INFO - Started process (PID=2725) to work on /home/airflow/.local/lib/python3.12/site-packages/airflow/example_dags/example_latest_only.py
[2025-05-06T08:26:37.169+0000] {processor.py:914} INFO - Processing file /home/airflow/.local/lib/python3.12/site-packages/airflow/example_dags/example_latest_only.py for tasks to queue
[2025-05-06T08:26:37.171+0000] {logging_mixin.py:190} INFO - [2025-05-06T08:26:37.170+0000] {dagbag.py:588} INFO - Filling up the DagBag from /home/airflow/.local/lib/python3.12/site-packages/airflow/example_dags/example_latest_only.py
[2025-05-06T08:26:37.176+0000] {processor.py:925} INFO - DAG(s) 'latest_only' retrieved from /home/airflow/.local/lib/python3.12/site-packages/airflow/example_dags/example_latest_only.py
[2025-05-06T08:26:37.198+0000] {logging_mixin.py:190} INFO - [2025-05-06T08:26:37.197+0000] {dag.py:3239} INFO - Sync 1 DAGs
[2025-05-06T08:26:37.221+0000] {logging_mixin.py:190} INFO - [2025-05-06T08:26:37.221+0000] {dag.py:4180} INFO - Setting next_dagrun for latest_only to 2025-05-06 04:00:00+00:00, run_after=2025-05-06 08:00:00+00:00
[2025-05-06T08:26:37.243+0000] {processor.py:208} INFO - Processing /home/airflow/.local/lib/python3.12/site-packages/airflow/example_dags/example_latest_only.py took 0.080 seconds
[2025-05-06T08:27:07.599+0000] {processor.py:186} INFO - Started process (PID=2798) to work on /home/airflow/.local/lib/python3.12/site-packages/airflow/example_dags/example_latest_only.py
[2025-05-06T08:27:07.600+0000] {processor.py:914} INFO - Processing file /home/airflow/.local/lib/python3.12/site-packages/airflow/example_dags/example_latest_only.py for tasks to queue
[2025-05-06T08:27:07.603+0000] {logging_mixin.py:190} INFO - [2025-05-06T08:27:07.602+0000] {dagbag.py:588} INFO - Filling up the DagBag from /home/airflow/.local/lib/python3.12/site-packages/airflow/example_dags/example_latest_only.py
[2025-05-06T08:27:07.610+0000] {processor.py:925} INFO - DAG(s) 'latest_only' retrieved from /home/airflow/.local/lib/python3.12/site-packages/airflow/example_dags/example_latest_only.py
[2025-05-06T08:27:07.630+0000] {logging_mixin.py:190} INFO - [2025-05-06T08:27:07.629+0000] {dag.py:3239} INFO - Sync 1 DAGs
[2025-05-06T08:27:07.657+0000] {logging_mixin.py:190} INFO - [2025-05-06T08:27:07.657+0000] {dag.py:4180} INFO - Setting next_dagrun for latest_only to 2025-05-06 04:00:00+00:00, run_after=2025-05-06 08:00:00+00:00
[2025-05-06T08:27:07.684+0000] {processor.py:208} INFO - Processing /home/airflow/.local/lib/python3.12/site-packages/airflow/example_dags/example_latest_only.py took 0.091 seconds
[2025-05-06T08:27:38.048+0000] {processor.py:186} INFO - Started process (PID=2869) to work on /home/airflow/.local/lib/python3.12/site-packages/airflow/example_dags/example_latest_only.py
[2025-05-06T08:27:38.049+0000] {processor.py:914} INFO - Processing file /home/airflow/.local/lib/python3.12/site-packages/airflow/example_dags/example_latest_only.py for tasks to queue
[2025-05-06T08:27:38.050+0000] {logging_mixin.py:190} INFO - [2025-05-06T08:27:38.050+0000] {dagbag.py:588} INFO - Filling up the DagBag from /home/airflow/.local/lib/python3.12/site-packages/airflow/example_dags/example_latest_only.py
[2025-05-06T08:27:38.059+0000] {processor.py:925} INFO - DAG(s) 'latest_only' retrieved from /home/airflow/.local/lib/python3.12/site-packages/airflow/example_dags/example_latest_only.py
[2025-05-06T08:27:38.080+0000] {logging_mixin.py:190} INFO - [2025-05-06T08:27:38.080+0000] {dag.py:3239} INFO - Sync 1 DAGs
[2025-05-06T08:27:38.104+0000] {logging_mixin.py:190} INFO - [2025-05-06T08:27:38.104+0000] {dag.py:4180} INFO - Setting next_dagrun for latest_only to 2025-05-06 04:00:00+00:00, run_after=2025-05-06 08:00:00+00:00
[2025-05-06T08:27:38.128+0000] {processor.py:208} INFO - Processing /home/airflow/.local/lib/python3.12/site-packages/airflow/example_dags/example_latest_only.py took 0.087 seconds
[2025-05-06T08:28:08.782+0000] {processor.py:186} INFO - Started process (PID=2945) to work on /home/airflow/.local/lib/python3.12/site-packages/airflow/example_dags/example_latest_only.py
[2025-05-06T08:28:08.784+0000] {processor.py:914} INFO - Processing file /home/airflow/.local/lib/python3.12/site-packages/airflow/example_dags/example_latest_only.py for tasks to queue
[2025-05-06T08:28:08.785+0000] {logging_mixin.py:190} INFO - [2025-05-06T08:28:08.784+0000] {dagbag.py:588} INFO - Filling up the DagBag from /home/airflow/.local/lib/python3.12/site-packages/airflow/example_dags/example_latest_only.py
[2025-05-06T08:28:08.791+0000] {processor.py:925} INFO - DAG(s) 'latest_only' retrieved from /home/airflow/.local/lib/python3.12/site-packages/airflow/example_dags/example_latest_only.py
[2025-05-06T08:28:08.808+0000] {logging_mixin.py:190} INFO - [2025-05-06T08:28:08.808+0000] {dag.py:3239} INFO - Sync 1 DAGs
[2025-05-06T08:28:08.829+0000] {logging_mixin.py:190} INFO - [2025-05-06T08:28:08.828+0000] {dag.py:4180} INFO - Setting next_dagrun for latest_only to 2025-05-06 04:00:00+00:00, run_after=2025-05-06 08:00:00+00:00
[2025-05-06T08:28:08.847+0000] {processor.py:208} INFO - Processing /home/airflow/.local/lib/python3.12/site-packages/airflow/example_dags/example_latest_only.py took 0.070 seconds
[2025-05-06T08:28:38.917+0000] {processor.py:186} INFO - Started process (PID=3016) to work on /home/airflow/.local/lib/python3.12/site-packages/airflow/example_dags/example_latest_only.py
[2025-05-06T08:28:38.918+0000] {processor.py:914} INFO - Processing file /home/airflow/.local/lib/python3.12/site-packages/airflow/example_dags/example_latest_only.py for tasks to queue
[2025-05-06T08:28:38.919+0000] {logging_mixin.py:190} INFO - [2025-05-06T08:28:38.919+0000] {dagbag.py:588} INFO - Filling up the DagBag from /home/airflow/.local/lib/python3.12/site-packages/airflow/example_dags/example_latest_only.py
[2025-05-06T08:28:38.926+0000] {processor.py:925} INFO - DAG(s) 'latest_only' retrieved from /home/airflow/.local/lib/python3.12/site-packages/airflow/example_dags/example_latest_only.py
[2025-05-06T08:28:38.944+0000] {logging_mixin.py:190} INFO - [2025-05-06T08:28:38.944+0000] {dag.py:3239} INFO - Sync 1 DAGs
[2025-05-06T08:28:38.967+0000] {logging_mixin.py:190} INFO - [2025-05-06T08:28:38.966+0000] {dag.py:4180} INFO - Setting next_dagrun for latest_only to 2025-05-06 04:00:00+00:00, run_after=2025-05-06 08:00:00+00:00
[2025-05-06T08:28:38.984+0000] {processor.py:208} INFO - Processing /home/airflow/.local/lib/python3.12/site-packages/airflow/example_dags/example_latest_only.py took 0.071 seconds
