[2025-05-06T08:07:38.892+0000] {processor.py:186} INFO - Started process (PID=101) to work on /home/airflow/.local/lib/python3.12/site-packages/airflow/example_dags/example_inlet_event_extra.py
[2025-05-06T08:07:38.893+0000] {processor.py:914} INFO - Processing file /home/airflow/.local/lib/python3.12/site-packages/airflow/example_dags/example_inlet_event_extra.py for tasks to queue
[2025-05-06T08:07:38.895+0000] {logging_mixin.py:190} INFO - [2025-05-06T08:07:38.895+0000] {dagbag.py:588} INFO - Filling up the DagBag from /home/airflow/.local/lib/python3.12/site-packages/airflow/example_dags/example_inlet_event_extra.py
[2025-05-06T08:07:39.562+0000] {processor.py:925} INFO - DAG(s) 'read_dataset_event', 'read_dataset_event_from_classic' retrieved from /home/airflow/.local/lib/python3.12/site-packages/airflow/example_dags/example_inlet_event_extra.py
[2025-05-06T08:07:39.593+0000] {logging_mixin.py:190} INFO - [2025-05-06T08:07:39.593+0000] {dag.py:3239} INFO - Sync 2 DAGs
[2025-05-06T08:07:39.623+0000] {logging_mixin.py:190} INFO - [2025-05-06T08:07:39.623+0000] {dag.py:4180} INFO - Setting next_dagrun for read_dataset_event to 2025-05-05 00:00:00+00:00, run_after=2025-05-06 00:00:00+00:00
[2025-05-06T08:07:39.632+0000] {logging_mixin.py:190} INFO - [2025-05-06T08:07:39.632+0000] {dag.py:4180} INFO - Setting next_dagrun for read_dataset_event_from_classic to 2025-05-05 00:00:00+00:00, run_after=2025-05-06 00:00:00+00:00
[2025-05-06T08:07:39.658+0000] {processor.py:208} INFO - Processing /home/airflow/.local/lib/python3.12/site-packages/airflow/example_dags/example_inlet_event_extra.py took 0.773 seconds
[2025-05-06T08:08:10.344+0000] {processor.py:186} INFO - Started process (PID=178) to work on /home/airflow/.local/lib/python3.12/site-packages/airflow/example_dags/example_inlet_event_extra.py
[2025-05-06T08:08:10.344+0000] {processor.py:914} INFO - Processing file /home/airflow/.local/lib/python3.12/site-packages/airflow/example_dags/example_inlet_event_extra.py for tasks to queue
[2025-05-06T08:08:10.346+0000] {logging_mixin.py:190} INFO - [2025-05-06T08:08:10.346+0000] {dagbag.py:588} INFO - Filling up the DagBag from /home/airflow/.local/lib/python3.12/site-packages/airflow/example_dags/example_inlet_event_extra.py
[2025-05-06T08:08:10.887+0000] {processor.py:925} INFO - DAG(s) 'read_dataset_event_from_classic', 'read_dataset_event' retrieved from /home/airflow/.local/lib/python3.12/site-packages/airflow/example_dags/example_inlet_event_extra.py
[2025-05-06T08:08:10.911+0000] {logging_mixin.py:190} INFO - [2025-05-06T08:08:10.911+0000] {dag.py:3239} INFO - Sync 2 DAGs
[2025-05-06T08:08:10.934+0000] {logging_mixin.py:190} INFO - [2025-05-06T08:08:10.934+0000] {dag.py:4180} INFO - Setting next_dagrun for read_dataset_event to 2025-05-05 00:00:00+00:00, run_after=2025-05-06 00:00:00+00:00
[2025-05-06T08:08:10.940+0000] {logging_mixin.py:190} INFO - [2025-05-06T08:08:10.940+0000] {dag.py:4180} INFO - Setting next_dagrun for read_dataset_event_from_classic to 2025-05-05 00:00:00+00:00, run_after=2025-05-06 00:00:00+00:00
[2025-05-06T08:08:10.955+0000] {processor.py:208} INFO - Processing /home/airflow/.local/lib/python3.12/site-packages/airflow/example_dags/example_inlet_event_extra.py took 0.616 seconds
[2025-05-06T08:08:40.997+0000] {processor.py:186} INFO - Started process (PID=252) to work on /home/airflow/.local/lib/python3.12/site-packages/airflow/example_dags/example_inlet_event_extra.py
[2025-05-06T08:08:40.997+0000] {processor.py:914} INFO - Processing file /home/airflow/.local/lib/python3.12/site-packages/airflow/example_dags/example_inlet_event_extra.py for tasks to queue
[2025-05-06T08:08:40.999+0000] {logging_mixin.py:190} INFO - [2025-05-06T08:08:40.999+0000] {dagbag.py:588} INFO - Filling up the DagBag from /home/airflow/.local/lib/python3.12/site-packages/airflow/example_dags/example_inlet_event_extra.py
[2025-05-06T08:08:41.462+0000] {processor.py:925} INFO - DAG(s) 'read_dataset_event_from_classic', 'read_dataset_event' retrieved from /home/airflow/.local/lib/python3.12/site-packages/airflow/example_dags/example_inlet_event_extra.py
[2025-05-06T08:08:41.479+0000] {logging_mixin.py:190} INFO - [2025-05-06T08:08:41.479+0000] {dag.py:3239} INFO - Sync 2 DAGs
[2025-05-06T08:08:41.498+0000] {logging_mixin.py:190} INFO - [2025-05-06T08:08:41.498+0000] {dag.py:4180} INFO - Setting next_dagrun for read_dataset_event to 2025-05-05 00:00:00+00:00, run_after=2025-05-06 00:00:00+00:00
[2025-05-06T08:08:41.502+0000] {logging_mixin.py:190} INFO - [2025-05-06T08:08:41.502+0000] {dag.py:4180} INFO - Setting next_dagrun for read_dataset_event_from_classic to 2025-05-05 00:00:00+00:00, run_after=2025-05-06 00:00:00+00:00
[2025-05-06T08:08:41.516+0000] {processor.py:208} INFO - Processing /home/airflow/.local/lib/python3.12/site-packages/airflow/example_dags/example_inlet_event_extra.py took 0.523 seconds
[2025-05-06T08:09:11.645+0000] {processor.py:186} INFO - Started process (PID=326) to work on /home/airflow/.local/lib/python3.12/site-packages/airflow/example_dags/example_inlet_event_extra.py
[2025-05-06T08:09:11.646+0000] {processor.py:914} INFO - Processing file /home/airflow/.local/lib/python3.12/site-packages/airflow/example_dags/example_inlet_event_extra.py for tasks to queue
[2025-05-06T08:09:11.649+0000] {logging_mixin.py:190} INFO - [2025-05-06T08:09:11.648+0000] {dagbag.py:588} INFO - Filling up the DagBag from /home/airflow/.local/lib/python3.12/site-packages/airflow/example_dags/example_inlet_event_extra.py
[2025-05-06T08:09:12.140+0000] {processor.py:925} INFO - DAG(s) 'read_dataset_event_from_classic', 'read_dataset_event' retrieved from /home/airflow/.local/lib/python3.12/site-packages/airflow/example_dags/example_inlet_event_extra.py
[2025-05-06T08:09:12.156+0000] {logging_mixin.py:190} INFO - [2025-05-06T08:09:12.156+0000] {dag.py:3239} INFO - Sync 2 DAGs
[2025-05-06T08:09:12.174+0000] {logging_mixin.py:190} INFO - [2025-05-06T08:09:12.174+0000] {dag.py:4180} INFO - Setting next_dagrun for read_dataset_event to 2025-05-05 00:00:00+00:00, run_after=2025-05-06 00:00:00+00:00
[2025-05-06T08:09:12.178+0000] {logging_mixin.py:190} INFO - [2025-05-06T08:09:12.178+0000] {dag.py:4180} INFO - Setting next_dagrun for read_dataset_event_from_classic to 2025-05-05 00:00:00+00:00, run_after=2025-05-06 00:00:00+00:00
[2025-05-06T08:09:12.190+0000] {processor.py:208} INFO - Processing /home/airflow/.local/lib/python3.12/site-packages/airflow/example_dags/example_inlet_event_extra.py took 0.551 seconds
[2025-05-06T08:09:42.665+0000] {processor.py:186} INFO - Started process (PID=396) to work on /home/airflow/.local/lib/python3.12/site-packages/airflow/example_dags/example_inlet_event_extra.py
[2025-05-06T08:09:42.668+0000] {processor.py:914} INFO - Processing file /home/airflow/.local/lib/python3.12/site-packages/airflow/example_dags/example_inlet_event_extra.py for tasks to queue
[2025-05-06T08:09:42.670+0000] {logging_mixin.py:190} INFO - [2025-05-06T08:09:42.670+0000] {dagbag.py:588} INFO - Filling up the DagBag from /home/airflow/.local/lib/python3.12/site-packages/airflow/example_dags/example_inlet_event_extra.py
[2025-05-06T08:09:43.235+0000] {processor.py:925} INFO - DAG(s) 'read_dataset_event', 'read_dataset_event_from_classic' retrieved from /home/airflow/.local/lib/python3.12/site-packages/airflow/example_dags/example_inlet_event_extra.py
[2025-05-06T08:09:43.258+0000] {logging_mixin.py:190} INFO - [2025-05-06T08:09:43.258+0000] {dag.py:3239} INFO - Sync 2 DAGs
[2025-05-06T08:09:43.280+0000] {logging_mixin.py:190} INFO - [2025-05-06T08:09:43.280+0000] {dag.py:4180} INFO - Setting next_dagrun for read_dataset_event to 2025-05-05 00:00:00+00:00, run_after=2025-05-06 00:00:00+00:00
[2025-05-06T08:09:43.284+0000] {logging_mixin.py:190} INFO - [2025-05-06T08:09:43.284+0000] {dag.py:4180} INFO - Setting next_dagrun for read_dataset_event_from_classic to 2025-05-05 00:00:00+00:00, run_after=2025-05-06 00:00:00+00:00
[2025-05-06T08:09:43.304+0000] {processor.py:208} INFO - Processing /home/airflow/.local/lib/python3.12/site-packages/airflow/example_dags/example_inlet_event_extra.py took 0.644 seconds
[2025-05-06T08:10:14.273+0000] {processor.py:186} INFO - Started process (PID=466) to work on /home/airflow/.local/lib/python3.12/site-packages/airflow/example_dags/example_inlet_event_extra.py
[2025-05-06T08:10:14.273+0000] {processor.py:914} INFO - Processing file /home/airflow/.local/lib/python3.12/site-packages/airflow/example_dags/example_inlet_event_extra.py for tasks to queue
[2025-05-06T08:10:14.277+0000] {logging_mixin.py:190} INFO - [2025-05-06T08:10:14.276+0000] {dagbag.py:588} INFO - Filling up the DagBag from /home/airflow/.local/lib/python3.12/site-packages/airflow/example_dags/example_inlet_event_extra.py
[2025-05-06T08:10:14.815+0000] {processor.py:925} INFO - DAG(s) 'read_dataset_event_from_classic', 'read_dataset_event' retrieved from /home/airflow/.local/lib/python3.12/site-packages/airflow/example_dags/example_inlet_event_extra.py
[2025-05-06T08:10:14.834+0000] {logging_mixin.py:190} INFO - [2025-05-06T08:10:14.833+0000] {dag.py:3239} INFO - Sync 2 DAGs
[2025-05-06T08:10:14.855+0000] {logging_mixin.py:190} INFO - [2025-05-06T08:10:14.855+0000] {dag.py:4180} INFO - Setting next_dagrun for read_dataset_event to 2025-05-05 00:00:00+00:00, run_after=2025-05-06 00:00:00+00:00
[2025-05-06T08:10:14.859+0000] {logging_mixin.py:190} INFO - [2025-05-06T08:10:14.859+0000] {dag.py:4180} INFO - Setting next_dagrun for read_dataset_event_from_classic to 2025-05-05 00:00:00+00:00, run_after=2025-05-06 00:00:00+00:00
[2025-05-06T08:10:14.882+0000] {processor.py:208} INFO - Processing /home/airflow/.local/lib/python3.12/site-packages/airflow/example_dags/example_inlet_event_extra.py took 0.615 seconds
[2025-05-06T08:10:45.202+0000] {processor.py:186} INFO - Started process (PID=536) to work on /home/airflow/.local/lib/python3.12/site-packages/airflow/example_dags/example_inlet_event_extra.py
[2025-05-06T08:10:45.203+0000] {processor.py:914} INFO - Processing file /home/airflow/.local/lib/python3.12/site-packages/airflow/example_dags/example_inlet_event_extra.py for tasks to queue
[2025-05-06T08:10:45.205+0000] {logging_mixin.py:190} INFO - [2025-05-06T08:10:45.204+0000] {dagbag.py:588} INFO - Filling up the DagBag from /home/airflow/.local/lib/python3.12/site-packages/airflow/example_dags/example_inlet_event_extra.py
[2025-05-06T08:10:45.651+0000] {processor.py:925} INFO - DAG(s) 'read_dataset_event_from_classic', 'read_dataset_event' retrieved from /home/airflow/.local/lib/python3.12/site-packages/airflow/example_dags/example_inlet_event_extra.py
[2025-05-06T08:10:45.666+0000] {logging_mixin.py:190} INFO - [2025-05-06T08:10:45.666+0000] {dag.py:3239} INFO - Sync 2 DAGs
[2025-05-06T08:10:45.685+0000] {logging_mixin.py:190} INFO - [2025-05-06T08:10:45.685+0000] {dag.py:4180} INFO - Setting next_dagrun for read_dataset_event to 2025-05-05 00:00:00+00:00, run_after=2025-05-06 00:00:00+00:00
[2025-05-06T08:10:45.690+0000] {logging_mixin.py:190} INFO - [2025-05-06T08:10:45.690+0000] {dag.py:4180} INFO - Setting next_dagrun for read_dataset_event_from_classic to 2025-05-05 00:00:00+00:00, run_after=2025-05-06 00:00:00+00:00
[2025-05-06T08:10:45.710+0000] {processor.py:208} INFO - Processing /home/airflow/.local/lib/python3.12/site-packages/airflow/example_dags/example_inlet_event_extra.py took 0.512 seconds
[2025-05-06T08:11:16.494+0000] {processor.py:186} INFO - Started process (PID=606) to work on /home/airflow/.local/lib/python3.12/site-packages/airflow/example_dags/example_inlet_event_extra.py
[2025-05-06T08:11:16.495+0000] {processor.py:914} INFO - Processing file /home/airflow/.local/lib/python3.12/site-packages/airflow/example_dags/example_inlet_event_extra.py for tasks to queue
[2025-05-06T08:11:16.497+0000] {logging_mixin.py:190} INFO - [2025-05-06T08:11:16.497+0000] {dagbag.py:588} INFO - Filling up the DagBag from /home/airflow/.local/lib/python3.12/site-packages/airflow/example_dags/example_inlet_event_extra.py
[2025-05-06T08:11:16.934+0000] {processor.py:925} INFO - DAG(s) 'read_dataset_event', 'read_dataset_event_from_classic' retrieved from /home/airflow/.local/lib/python3.12/site-packages/airflow/example_dags/example_inlet_event_extra.py
[2025-05-06T08:11:16.948+0000] {logging_mixin.py:190} INFO - [2025-05-06T08:11:16.948+0000] {dag.py:3239} INFO - Sync 2 DAGs
[2025-05-06T08:11:16.964+0000] {logging_mixin.py:190} INFO - [2025-05-06T08:11:16.964+0000] {dag.py:4180} INFO - Setting next_dagrun for read_dataset_event to 2025-05-05 00:00:00+00:00, run_after=2025-05-06 00:00:00+00:00
[2025-05-06T08:11:16.968+0000] {logging_mixin.py:190} INFO - [2025-05-06T08:11:16.968+0000] {dag.py:4180} INFO - Setting next_dagrun for read_dataset_event_from_classic to 2025-05-05 00:00:00+00:00, run_after=2025-05-06 00:00:00+00:00
[2025-05-06T08:11:16.979+0000] {processor.py:208} INFO - Processing /home/airflow/.local/lib/python3.12/site-packages/airflow/example_dags/example_inlet_event_extra.py took 0.489 seconds
[2025-05-06T08:11:47.524+0000] {processor.py:186} INFO - Started process (PID=676) to work on /home/airflow/.local/lib/python3.12/site-packages/airflow/example_dags/example_inlet_event_extra.py
[2025-05-06T08:11:47.525+0000] {processor.py:914} INFO - Processing file /home/airflow/.local/lib/python3.12/site-packages/airflow/example_dags/example_inlet_event_extra.py for tasks to queue
[2025-05-06T08:11:47.526+0000] {logging_mixin.py:190} INFO - [2025-05-06T08:11:47.526+0000] {dagbag.py:588} INFO - Filling up the DagBag from /home/airflow/.local/lib/python3.12/site-packages/airflow/example_dags/example_inlet_event_extra.py
[2025-05-06T08:11:47.964+0000] {processor.py:925} INFO - DAG(s) 'read_dataset_event_from_classic', 'read_dataset_event' retrieved from /home/airflow/.local/lib/python3.12/site-packages/airflow/example_dags/example_inlet_event_extra.py
[2025-05-06T08:11:47.983+0000] {logging_mixin.py:190} INFO - [2025-05-06T08:11:47.983+0000] {dag.py:3239} INFO - Sync 2 DAGs
[2025-05-06T08:11:48.007+0000] {logging_mixin.py:190} INFO - [2025-05-06T08:11:48.007+0000] {dag.py:4180} INFO - Setting next_dagrun for read_dataset_event to 2025-05-05 00:00:00+00:00, run_after=2025-05-06 00:00:00+00:00
[2025-05-06T08:11:48.012+0000] {logging_mixin.py:190} INFO - [2025-05-06T08:11:48.012+0000] {dag.py:4180} INFO - Setting next_dagrun for read_dataset_event_from_classic to 2025-05-05 00:00:00+00:00, run_after=2025-05-06 00:00:00+00:00
[2025-05-06T08:11:48.033+0000] {processor.py:208} INFO - Processing /home/airflow/.local/lib/python3.12/site-packages/airflow/example_dags/example_inlet_event_extra.py took 0.513 seconds
[2025-05-06T08:12:18.969+0000] {processor.py:186} INFO - Started process (PID=746) to work on /home/airflow/.local/lib/python3.12/site-packages/airflow/example_dags/example_inlet_event_extra.py
[2025-05-06T08:12:18.972+0000] {processor.py:914} INFO - Processing file /home/airflow/.local/lib/python3.12/site-packages/airflow/example_dags/example_inlet_event_extra.py for tasks to queue
[2025-05-06T08:12:18.973+0000] {logging_mixin.py:190} INFO - [2025-05-06T08:12:18.973+0000] {dagbag.py:588} INFO - Filling up the DagBag from /home/airflow/.local/lib/python3.12/site-packages/airflow/example_dags/example_inlet_event_extra.py
[2025-05-06T08:12:19.424+0000] {processor.py:925} INFO - DAG(s) 'read_dataset_event_from_classic', 'read_dataset_event' retrieved from /home/airflow/.local/lib/python3.12/site-packages/airflow/example_dags/example_inlet_event_extra.py
[2025-05-06T08:12:19.439+0000] {logging_mixin.py:190} INFO - [2025-05-06T08:12:19.439+0000] {dag.py:3239} INFO - Sync 2 DAGs
[2025-05-06T08:12:19.460+0000] {logging_mixin.py:190} INFO - [2025-05-06T08:12:19.459+0000] {dag.py:4180} INFO - Setting next_dagrun for read_dataset_event to 2025-05-05 00:00:00+00:00, run_after=2025-05-06 00:00:00+00:00
[2025-05-06T08:12:19.463+0000] {logging_mixin.py:190} INFO - [2025-05-06T08:12:19.463+0000] {dag.py:4180} INFO - Setting next_dagrun for read_dataset_event_from_classic to 2025-05-05 00:00:00+00:00, run_after=2025-05-06 00:00:00+00:00
[2025-05-06T08:12:19.474+0000] {processor.py:208} INFO - Processing /home/airflow/.local/lib/python3.12/site-packages/airflow/example_dags/example_inlet_event_extra.py took 0.510 seconds
[2025-05-06T08:12:49.622+0000] {processor.py:186} INFO - Started process (PID=816) to work on /home/airflow/.local/lib/python3.12/site-packages/airflow/example_dags/example_inlet_event_extra.py
[2025-05-06T08:12:49.623+0000] {processor.py:914} INFO - Processing file /home/airflow/.local/lib/python3.12/site-packages/airflow/example_dags/example_inlet_event_extra.py for tasks to queue
[2025-05-06T08:12:49.624+0000] {logging_mixin.py:190} INFO - [2025-05-06T08:12:49.624+0000] {dagbag.py:588} INFO - Filling up the DagBag from /home/airflow/.local/lib/python3.12/site-packages/airflow/example_dags/example_inlet_event_extra.py
[2025-05-06T08:12:50.102+0000] {processor.py:925} INFO - DAG(s) 'read_dataset_event_from_classic', 'read_dataset_event' retrieved from /home/airflow/.local/lib/python3.12/site-packages/airflow/example_dags/example_inlet_event_extra.py
[2025-05-06T08:12:50.120+0000] {logging_mixin.py:190} INFO - [2025-05-06T08:12:50.120+0000] {dag.py:3239} INFO - Sync 2 DAGs
[2025-05-06T08:12:50.143+0000] {logging_mixin.py:190} INFO - [2025-05-06T08:12:50.143+0000] {dag.py:4180} INFO - Setting next_dagrun for read_dataset_event to 2025-05-05 00:00:00+00:00, run_after=2025-05-06 00:00:00+00:00
[2025-05-06T08:12:50.148+0000] {logging_mixin.py:190} INFO - [2025-05-06T08:12:50.147+0000] {dag.py:4180} INFO - Setting next_dagrun for read_dataset_event_from_classic to 2025-05-05 00:00:00+00:00, run_after=2025-05-06 00:00:00+00:00
[2025-05-06T08:12:50.161+0000] {processor.py:208} INFO - Processing /home/airflow/.local/lib/python3.12/site-packages/airflow/example_dags/example_inlet_event_extra.py took 0.543 seconds
[2025-05-06T08:13:20.392+0000] {processor.py:186} INFO - Started process (PID=892) to work on /home/airflow/.local/lib/python3.12/site-packages/airflow/example_dags/example_inlet_event_extra.py
[2025-05-06T08:13:20.392+0000] {processor.py:914} INFO - Processing file /home/airflow/.local/lib/python3.12/site-packages/airflow/example_dags/example_inlet_event_extra.py for tasks to queue
[2025-05-06T08:13:20.394+0000] {logging_mixin.py:190} INFO - [2025-05-06T08:13:20.393+0000] {dagbag.py:588} INFO - Filling up the DagBag from /home/airflow/.local/lib/python3.12/site-packages/airflow/example_dags/example_inlet_event_extra.py
[2025-05-06T08:13:20.867+0000] {processor.py:925} INFO - DAG(s) 'read_dataset_event', 'read_dataset_event_from_classic' retrieved from /home/airflow/.local/lib/python3.12/site-packages/airflow/example_dags/example_inlet_event_extra.py
[2025-05-06T08:13:20.883+0000] {logging_mixin.py:190} INFO - [2025-05-06T08:13:20.883+0000] {dag.py:3239} INFO - Sync 2 DAGs
[2025-05-06T08:13:20.900+0000] {logging_mixin.py:190} INFO - [2025-05-06T08:13:20.900+0000] {dag.py:4180} INFO - Setting next_dagrun for read_dataset_event to 2025-05-05 00:00:00+00:00, run_after=2025-05-06 00:00:00+00:00
[2025-05-06T08:13:20.904+0000] {logging_mixin.py:190} INFO - [2025-05-06T08:13:20.904+0000] {dag.py:4180} INFO - Setting next_dagrun for read_dataset_event_from_classic to 2025-05-05 00:00:00+00:00, run_after=2025-05-06 00:00:00+00:00
[2025-05-06T08:13:20.917+0000] {processor.py:208} INFO - Processing /home/airflow/.local/lib/python3.12/site-packages/airflow/example_dags/example_inlet_event_extra.py took 0.529 seconds
[2025-05-06T08:13:51.379+0000] {processor.py:186} INFO - Started process (PID=962) to work on /home/airflow/.local/lib/python3.12/site-packages/airflow/example_dags/example_inlet_event_extra.py
[2025-05-06T08:13:51.380+0000] {processor.py:914} INFO - Processing file /home/airflow/.local/lib/python3.12/site-packages/airflow/example_dags/example_inlet_event_extra.py for tasks to queue
[2025-05-06T08:13:51.382+0000] {logging_mixin.py:190} INFO - [2025-05-06T08:13:51.382+0000] {dagbag.py:588} INFO - Filling up the DagBag from /home/airflow/.local/lib/python3.12/site-packages/airflow/example_dags/example_inlet_event_extra.py
[2025-05-06T08:13:51.927+0000] {processor.py:925} INFO - DAG(s) 'read_dataset_event_from_classic', 'read_dataset_event' retrieved from /home/airflow/.local/lib/python3.12/site-packages/airflow/example_dags/example_inlet_event_extra.py
[2025-05-06T08:13:51.941+0000] {logging_mixin.py:190} INFO - [2025-05-06T08:13:51.941+0000] {dag.py:3239} INFO - Sync 2 DAGs
[2025-05-06T08:13:51.965+0000] {logging_mixin.py:190} INFO - [2025-05-06T08:13:51.964+0000] {dag.py:4180} INFO - Setting next_dagrun for read_dataset_event to 2025-05-05 00:00:00+00:00, run_after=2025-05-06 00:00:00+00:00
[2025-05-06T08:13:51.969+0000] {logging_mixin.py:190} INFO - [2025-05-06T08:13:51.969+0000] {dag.py:4180} INFO - Setting next_dagrun for read_dataset_event_from_classic to 2025-05-05 00:00:00+00:00, run_after=2025-05-06 00:00:00+00:00
[2025-05-06T08:13:51.984+0000] {processor.py:208} INFO - Processing /home/airflow/.local/lib/python3.12/site-packages/airflow/example_dags/example_inlet_event_extra.py took 0.609 seconds
[2025-05-06T08:14:22.021+0000] {processor.py:186} INFO - Started process (PID=1031) to work on /home/airflow/.local/lib/python3.12/site-packages/airflow/example_dags/example_inlet_event_extra.py
[2025-05-06T08:14:22.022+0000] {processor.py:914} INFO - Processing file /home/airflow/.local/lib/python3.12/site-packages/airflow/example_dags/example_inlet_event_extra.py for tasks to queue
[2025-05-06T08:14:22.023+0000] {logging_mixin.py:190} INFO - [2025-05-06T08:14:22.023+0000] {dagbag.py:588} INFO - Filling up the DagBag from /home/airflow/.local/lib/python3.12/site-packages/airflow/example_dags/example_inlet_event_extra.py
[2025-05-06T08:14:22.424+0000] {processor.py:925} INFO - DAG(s) 'read_dataset_event', 'read_dataset_event_from_classic' retrieved from /home/airflow/.local/lib/python3.12/site-packages/airflow/example_dags/example_inlet_event_extra.py
[2025-05-06T08:14:22.439+0000] {logging_mixin.py:190} INFO - [2025-05-06T08:14:22.438+0000] {dag.py:3239} INFO - Sync 2 DAGs
[2025-05-06T08:14:22.456+0000] {logging_mixin.py:190} INFO - [2025-05-06T08:14:22.456+0000] {dag.py:4180} INFO - Setting next_dagrun for read_dataset_event to 2025-05-05 00:00:00+00:00, run_after=2025-05-06 00:00:00+00:00
[2025-05-06T08:14:22.460+0000] {logging_mixin.py:190} INFO - [2025-05-06T08:14:22.460+0000] {dag.py:4180} INFO - Setting next_dagrun for read_dataset_event_from_classic to 2025-05-05 00:00:00+00:00, run_after=2025-05-06 00:00:00+00:00
[2025-05-06T08:14:22.472+0000] {processor.py:208} INFO - Processing /home/airflow/.local/lib/python3.12/site-packages/airflow/example_dags/example_inlet_event_extra.py took 0.455 seconds
[2025-05-06T08:14:52.611+0000] {processor.py:186} INFO - Started process (PID=1101) to work on /home/airflow/.local/lib/python3.12/site-packages/airflow/example_dags/example_inlet_event_extra.py
[2025-05-06T08:14:52.612+0000] {processor.py:914} INFO - Processing file /home/airflow/.local/lib/python3.12/site-packages/airflow/example_dags/example_inlet_event_extra.py for tasks to queue
[2025-05-06T08:14:52.614+0000] {logging_mixin.py:190} INFO - [2025-05-06T08:14:52.614+0000] {dagbag.py:588} INFO - Filling up the DagBag from /home/airflow/.local/lib/python3.12/site-packages/airflow/example_dags/example_inlet_event_extra.py
[2025-05-06T08:14:53.105+0000] {processor.py:925} INFO - DAG(s) 'read_dataset_event', 'read_dataset_event_from_classic' retrieved from /home/airflow/.local/lib/python3.12/site-packages/airflow/example_dags/example_inlet_event_extra.py
[2025-05-06T08:14:53.123+0000] {logging_mixin.py:190} INFO - [2025-05-06T08:14:53.123+0000] {dag.py:3239} INFO - Sync 2 DAGs
[2025-05-06T08:14:53.144+0000] {logging_mixin.py:190} INFO - [2025-05-06T08:14:53.144+0000] {dag.py:4180} INFO - Setting next_dagrun for read_dataset_event to 2025-05-05 00:00:00+00:00, run_after=2025-05-06 00:00:00+00:00
[2025-05-06T08:14:53.150+0000] {logging_mixin.py:190} INFO - [2025-05-06T08:14:53.149+0000] {dag.py:4180} INFO - Setting next_dagrun for read_dataset_event_from_classic to 2025-05-05 00:00:00+00:00, run_after=2025-05-06 00:00:00+00:00
[2025-05-06T08:14:53.166+0000] {processor.py:208} INFO - Processing /home/airflow/.local/lib/python3.12/site-packages/airflow/example_dags/example_inlet_event_extra.py took 0.562 seconds
[2025-05-06T08:15:23.372+0000] {processor.py:186} INFO - Started process (PID=1173) to work on /home/airflow/.local/lib/python3.12/site-packages/airflow/example_dags/example_inlet_event_extra.py
[2025-05-06T08:15:23.380+0000] {processor.py:914} INFO - Processing file /home/airflow/.local/lib/python3.12/site-packages/airflow/example_dags/example_inlet_event_extra.py for tasks to queue
[2025-05-06T08:15:23.382+0000] {logging_mixin.py:190} INFO - [2025-05-06T08:15:23.382+0000] {dagbag.py:588} INFO - Filling up the DagBag from /home/airflow/.local/lib/python3.12/site-packages/airflow/example_dags/example_inlet_event_extra.py
[2025-05-06T08:15:23.814+0000] {processor.py:925} INFO - DAG(s) 'read_dataset_event_from_classic', 'read_dataset_event' retrieved from /home/airflow/.local/lib/python3.12/site-packages/airflow/example_dags/example_inlet_event_extra.py
[2025-05-06T08:15:23.831+0000] {logging_mixin.py:190} INFO - [2025-05-06T08:15:23.830+0000] {dag.py:3239} INFO - Sync 2 DAGs
[2025-05-06T08:15:23.847+0000] {logging_mixin.py:190} INFO - [2025-05-06T08:15:23.847+0000] {dag.py:4180} INFO - Setting next_dagrun for read_dataset_event to 2025-05-05 00:00:00+00:00, run_after=2025-05-06 00:00:00+00:00
[2025-05-06T08:15:23.852+0000] {logging_mixin.py:190} INFO - [2025-05-06T08:15:23.852+0000] {dag.py:4180} INFO - Setting next_dagrun for read_dataset_event_from_classic to 2025-05-05 00:00:00+00:00, run_after=2025-05-06 00:00:00+00:00
[2025-05-06T08:15:23.866+0000] {processor.py:208} INFO - Processing /home/airflow/.local/lib/python3.12/site-packages/airflow/example_dags/example_inlet_event_extra.py took 0.498 seconds
[2025-05-06T08:15:53.904+0000] {processor.py:186} INFO - Started process (PID=1247) to work on /home/airflow/.local/lib/python3.12/site-packages/airflow/example_dags/example_inlet_event_extra.py
[2025-05-06T08:15:53.905+0000] {processor.py:914} INFO - Processing file /home/airflow/.local/lib/python3.12/site-packages/airflow/example_dags/example_inlet_event_extra.py for tasks to queue
[2025-05-06T08:15:53.906+0000] {logging_mixin.py:190} INFO - [2025-05-06T08:15:53.906+0000] {dagbag.py:588} INFO - Filling up the DagBag from /home/airflow/.local/lib/python3.12/site-packages/airflow/example_dags/example_inlet_event_extra.py
[2025-05-06T08:15:54.326+0000] {processor.py:925} INFO - DAG(s) 'read_dataset_event_from_classic', 'read_dataset_event' retrieved from /home/airflow/.local/lib/python3.12/site-packages/airflow/example_dags/example_inlet_event_extra.py
[2025-05-06T08:15:54.341+0000] {logging_mixin.py:190} INFO - [2025-05-06T08:15:54.341+0000] {dag.py:3239} INFO - Sync 2 DAGs
[2025-05-06T08:15:54.358+0000] {logging_mixin.py:190} INFO - [2025-05-06T08:15:54.358+0000] {dag.py:4180} INFO - Setting next_dagrun for read_dataset_event to 2025-05-05 00:00:00+00:00, run_after=2025-05-06 00:00:00+00:00
[2025-05-06T08:15:54.363+0000] {logging_mixin.py:190} INFO - [2025-05-06T08:15:54.363+0000] {dag.py:4180} INFO - Setting next_dagrun for read_dataset_event_from_classic to 2025-05-05 00:00:00+00:00, run_after=2025-05-06 00:00:00+00:00
[2025-05-06T08:15:54.376+0000] {processor.py:208} INFO - Processing /home/airflow/.local/lib/python3.12/site-packages/airflow/example_dags/example_inlet_event_extra.py took 0.476 seconds
[2025-05-06T08:16:24.757+0000] {processor.py:186} INFO - Started process (PID=1322) to work on /home/airflow/.local/lib/python3.12/site-packages/airflow/example_dags/example_inlet_event_extra.py
[2025-05-06T08:16:24.758+0000] {processor.py:914} INFO - Processing file /home/airflow/.local/lib/python3.12/site-packages/airflow/example_dags/example_inlet_event_extra.py for tasks to queue
[2025-05-06T08:16:24.760+0000] {logging_mixin.py:190} INFO - [2025-05-06T08:16:24.759+0000] {dagbag.py:588} INFO - Filling up the DagBag from /home/airflow/.local/lib/python3.12/site-packages/airflow/example_dags/example_inlet_event_extra.py
[2025-05-06T08:16:25.220+0000] {processor.py:925} INFO - DAG(s) 'read_dataset_event_from_classic', 'read_dataset_event' retrieved from /home/airflow/.local/lib/python3.12/site-packages/airflow/example_dags/example_inlet_event_extra.py
[2025-05-06T08:16:25.236+0000] {logging_mixin.py:190} INFO - [2025-05-06T08:16:25.236+0000] {dag.py:3239} INFO - Sync 2 DAGs
[2025-05-06T08:16:25.257+0000] {logging_mixin.py:190} INFO - [2025-05-06T08:16:25.256+0000] {dag.py:4180} INFO - Setting next_dagrun for read_dataset_event to 2025-05-05 00:00:00+00:00, run_after=2025-05-06 00:00:00+00:00
[2025-05-06T08:16:25.261+0000] {logging_mixin.py:190} INFO - [2025-05-06T08:16:25.261+0000] {dag.py:4180} INFO - Setting next_dagrun for read_dataset_event_from_classic to 2025-05-05 00:00:00+00:00, run_after=2025-05-06 00:00:00+00:00
[2025-05-06T08:16:25.275+0000] {processor.py:208} INFO - Processing /home/airflow/.local/lib/python3.12/site-packages/airflow/example_dags/example_inlet_event_extra.py took 0.522 seconds
[2025-05-06T08:16:55.458+0000] {processor.py:186} INFO - Started process (PID=1394) to work on /home/airflow/.local/lib/python3.12/site-packages/airflow/example_dags/example_inlet_event_extra.py
[2025-05-06T08:16:55.458+0000] {processor.py:914} INFO - Processing file /home/airflow/.local/lib/python3.12/site-packages/airflow/example_dags/example_inlet_event_extra.py for tasks to queue
[2025-05-06T08:16:55.460+0000] {logging_mixin.py:190} INFO - [2025-05-06T08:16:55.460+0000] {dagbag.py:588} INFO - Filling up the DagBag from /home/airflow/.local/lib/python3.12/site-packages/airflow/example_dags/example_inlet_event_extra.py
[2025-05-06T08:16:55.907+0000] {processor.py:925} INFO - DAG(s) 'read_dataset_event', 'read_dataset_event_from_classic' retrieved from /home/airflow/.local/lib/python3.12/site-packages/airflow/example_dags/example_inlet_event_extra.py
[2025-05-06T08:16:55.924+0000] {logging_mixin.py:190} INFO - [2025-05-06T08:16:55.923+0000] {dag.py:3239} INFO - Sync 2 DAGs
[2025-05-06T08:16:55.943+0000] {logging_mixin.py:190} INFO - [2025-05-06T08:16:55.943+0000] {dag.py:4180} INFO - Setting next_dagrun for read_dataset_event to 2025-05-05 00:00:00+00:00, run_after=2025-05-06 00:00:00+00:00
[2025-05-06T08:16:55.947+0000] {logging_mixin.py:190} INFO - [2025-05-06T08:16:55.947+0000] {dag.py:4180} INFO - Setting next_dagrun for read_dataset_event_from_classic to 2025-05-05 00:00:00+00:00, run_after=2025-05-06 00:00:00+00:00
[2025-05-06T08:16:55.964+0000] {processor.py:208} INFO - Processing /home/airflow/.local/lib/python3.12/site-packages/airflow/example_dags/example_inlet_event_extra.py took 0.511 seconds
[2025-05-06T08:17:26.055+0000] {processor.py:186} INFO - Started process (PID=1464) to work on /home/airflow/.local/lib/python3.12/site-packages/airflow/example_dags/example_inlet_event_extra.py
[2025-05-06T08:17:26.055+0000] {processor.py:914} INFO - Processing file /home/airflow/.local/lib/python3.12/site-packages/airflow/example_dags/example_inlet_event_extra.py for tasks to queue
[2025-05-06T08:17:26.057+0000] {logging_mixin.py:190} INFO - [2025-05-06T08:17:26.057+0000] {dagbag.py:588} INFO - Filling up the DagBag from /home/airflow/.local/lib/python3.12/site-packages/airflow/example_dags/example_inlet_event_extra.py
[2025-05-06T08:17:26.471+0000] {processor.py:925} INFO - DAG(s) 'read_dataset_event_from_classic', 'read_dataset_event' retrieved from /home/airflow/.local/lib/python3.12/site-packages/airflow/example_dags/example_inlet_event_extra.py
[2025-05-06T08:17:26.487+0000] {logging_mixin.py:190} INFO - [2025-05-06T08:17:26.487+0000] {dag.py:3239} INFO - Sync 2 DAGs
[2025-05-06T08:17:26.506+0000] {logging_mixin.py:190} INFO - [2025-05-06T08:17:26.506+0000] {dag.py:4180} INFO - Setting next_dagrun for read_dataset_event to 2025-05-05 00:00:00+00:00, run_after=2025-05-06 00:00:00+00:00
[2025-05-06T08:17:26.511+0000] {logging_mixin.py:190} INFO - [2025-05-06T08:17:26.511+0000] {dag.py:4180} INFO - Setting next_dagrun for read_dataset_event_from_classic to 2025-05-05 00:00:00+00:00, run_after=2025-05-06 00:00:00+00:00
[2025-05-06T08:17:26.532+0000] {processor.py:208} INFO - Processing /home/airflow/.local/lib/python3.12/site-packages/airflow/example_dags/example_inlet_event_extra.py took 0.482 seconds
[2025-05-06T08:17:57.409+0000] {processor.py:186} INFO - Started process (PID=1534) to work on /home/airflow/.local/lib/python3.12/site-packages/airflow/example_dags/example_inlet_event_extra.py
[2025-05-06T08:17:57.410+0000] {processor.py:914} INFO - Processing file /home/airflow/.local/lib/python3.12/site-packages/airflow/example_dags/example_inlet_event_extra.py for tasks to queue
[2025-05-06T08:17:57.412+0000] {logging_mixin.py:190} INFO - [2025-05-06T08:17:57.412+0000] {dagbag.py:588} INFO - Filling up the DagBag from /home/airflow/.local/lib/python3.12/site-packages/airflow/example_dags/example_inlet_event_extra.py
[2025-05-06T08:17:57.808+0000] {processor.py:925} INFO - DAG(s) 'read_dataset_event_from_classic', 'read_dataset_event' retrieved from /home/airflow/.local/lib/python3.12/site-packages/airflow/example_dags/example_inlet_event_extra.py
[2025-05-06T08:17:57.824+0000] {logging_mixin.py:190} INFO - [2025-05-06T08:17:57.824+0000] {dag.py:3239} INFO - Sync 2 DAGs
[2025-05-06T08:17:57.842+0000] {logging_mixin.py:190} INFO - [2025-05-06T08:17:57.841+0000] {dag.py:4180} INFO - Setting next_dagrun for read_dataset_event to 2025-05-05 00:00:00+00:00, run_after=2025-05-06 00:00:00+00:00
[2025-05-06T08:17:57.845+0000] {logging_mixin.py:190} INFO - [2025-05-06T08:17:57.845+0000] {dag.py:4180} INFO - Setting next_dagrun for read_dataset_event_from_classic to 2025-05-05 00:00:00+00:00, run_after=2025-05-06 00:00:00+00:00
[2025-05-06T08:17:57.860+0000] {processor.py:208} INFO - Processing /home/airflow/.local/lib/python3.12/site-packages/airflow/example_dags/example_inlet_event_extra.py took 0.455 seconds
[2025-05-06T08:18:28.098+0000] {processor.py:186} INFO - Started process (PID=1604) to work on /home/airflow/.local/lib/python3.12/site-packages/airflow/example_dags/example_inlet_event_extra.py
[2025-05-06T08:18:28.099+0000] {processor.py:914} INFO - Processing file /home/airflow/.local/lib/python3.12/site-packages/airflow/example_dags/example_inlet_event_extra.py for tasks to queue
[2025-05-06T08:18:28.102+0000] {logging_mixin.py:190} INFO - [2025-05-06T08:18:28.101+0000] {dagbag.py:588} INFO - Filling up the DagBag from /home/airflow/.local/lib/python3.12/site-packages/airflow/example_dags/example_inlet_event_extra.py
[2025-05-06T08:18:28.550+0000] {processor.py:925} INFO - DAG(s) 'read_dataset_event_from_classic', 'read_dataset_event' retrieved from /home/airflow/.local/lib/python3.12/site-packages/airflow/example_dags/example_inlet_event_extra.py
[2025-05-06T08:18:28.572+0000] {logging_mixin.py:190} INFO - [2025-05-06T08:18:28.571+0000] {dag.py:3239} INFO - Sync 2 DAGs
[2025-05-06T08:18:28.597+0000] {logging_mixin.py:190} INFO - [2025-05-06T08:18:28.596+0000] {dag.py:4180} INFO - Setting next_dagrun for read_dataset_event to 2025-05-05 00:00:00+00:00, run_after=2025-05-06 00:00:00+00:00
[2025-05-06T08:18:28.602+0000] {logging_mixin.py:190} INFO - [2025-05-06T08:18:28.602+0000] {dag.py:4180} INFO - Setting next_dagrun for read_dataset_event_from_classic to 2025-05-05 00:00:00+00:00, run_after=2025-05-06 00:00:00+00:00
[2025-05-06T08:18:28.622+0000] {processor.py:208} INFO - Processing /home/airflow/.local/lib/python3.12/site-packages/airflow/example_dags/example_inlet_event_extra.py took 0.530 seconds
[2025-05-06T08:18:59.054+0000] {processor.py:186} INFO - Started process (PID=1674) to work on /home/airflow/.local/lib/python3.12/site-packages/airflow/example_dags/example_inlet_event_extra.py
[2025-05-06T08:18:59.056+0000] {processor.py:914} INFO - Processing file /home/airflow/.local/lib/python3.12/site-packages/airflow/example_dags/example_inlet_event_extra.py for tasks to queue
[2025-05-06T08:18:59.057+0000] {logging_mixin.py:190} INFO - [2025-05-06T08:18:59.057+0000] {dagbag.py:588} INFO - Filling up the DagBag from /home/airflow/.local/lib/python3.12/site-packages/airflow/example_dags/example_inlet_event_extra.py
[2025-05-06T08:18:59.510+0000] {processor.py:925} INFO - DAG(s) 'read_dataset_event', 'read_dataset_event_from_classic' retrieved from /home/airflow/.local/lib/python3.12/site-packages/airflow/example_dags/example_inlet_event_extra.py
[2025-05-06T08:18:59.527+0000] {logging_mixin.py:190} INFO - [2025-05-06T08:18:59.527+0000] {dag.py:3239} INFO - Sync 2 DAGs
[2025-05-06T08:18:59.552+0000] {logging_mixin.py:190} INFO - [2025-05-06T08:18:59.552+0000] {dag.py:4180} INFO - Setting next_dagrun for read_dataset_event to 2025-05-05 00:00:00+00:00, run_after=2025-05-06 00:00:00+00:00
[2025-05-06T08:18:59.557+0000] {logging_mixin.py:190} INFO - [2025-05-06T08:18:59.557+0000] {dag.py:4180} INFO - Setting next_dagrun for read_dataset_event_from_classic to 2025-05-05 00:00:00+00:00, run_after=2025-05-06 00:00:00+00:00
[2025-05-06T08:18:59.578+0000] {processor.py:208} INFO - Processing /home/airflow/.local/lib/python3.12/site-packages/airflow/example_dags/example_inlet_event_extra.py took 0.529 seconds
[2025-05-06T08:19:29.951+0000] {processor.py:186} INFO - Started process (PID=1744) to work on /home/airflow/.local/lib/python3.12/site-packages/airflow/example_dags/example_inlet_event_extra.py
[2025-05-06T08:19:29.952+0000] {processor.py:914} INFO - Processing file /home/airflow/.local/lib/python3.12/site-packages/airflow/example_dags/example_inlet_event_extra.py for tasks to queue
[2025-05-06T08:19:29.954+0000] {logging_mixin.py:190} INFO - [2025-05-06T08:19:29.953+0000] {dagbag.py:588} INFO - Filling up the DagBag from /home/airflow/.local/lib/python3.12/site-packages/airflow/example_dags/example_inlet_event_extra.py
[2025-05-06T08:19:30.341+0000] {processor.py:925} INFO - DAG(s) 'read_dataset_event_from_classic', 'read_dataset_event' retrieved from /home/airflow/.local/lib/python3.12/site-packages/airflow/example_dags/example_inlet_event_extra.py
[2025-05-06T08:19:30.355+0000] {logging_mixin.py:190} INFO - [2025-05-06T08:19:30.355+0000] {dag.py:3239} INFO - Sync 2 DAGs
[2025-05-06T08:19:30.372+0000] {logging_mixin.py:190} INFO - [2025-05-06T08:19:30.372+0000] {dag.py:4180} INFO - Setting next_dagrun for read_dataset_event to 2025-05-05 00:00:00+00:00, run_after=2025-05-06 00:00:00+00:00
[2025-05-06T08:19:30.376+0000] {logging_mixin.py:190} INFO - [2025-05-06T08:19:30.376+0000] {dag.py:4180} INFO - Setting next_dagrun for read_dataset_event_from_classic to 2025-05-05 00:00:00+00:00, run_after=2025-05-06 00:00:00+00:00
[2025-05-06T08:19:30.396+0000] {processor.py:208} INFO - Processing /home/airflow/.local/lib/python3.12/site-packages/airflow/example_dags/example_inlet_event_extra.py took 0.449 seconds
[2025-05-06T08:20:00.659+0000] {processor.py:186} INFO - Started process (PID=1814) to work on /home/airflow/.local/lib/python3.12/site-packages/airflow/example_dags/example_inlet_event_extra.py
[2025-05-06T08:20:00.660+0000] {processor.py:914} INFO - Processing file /home/airflow/.local/lib/python3.12/site-packages/airflow/example_dags/example_inlet_event_extra.py for tasks to queue
[2025-05-06T08:20:00.661+0000] {logging_mixin.py:190} INFO - [2025-05-06T08:20:00.661+0000] {dagbag.py:588} INFO - Filling up the DagBag from /home/airflow/.local/lib/python3.12/site-packages/airflow/example_dags/example_inlet_event_extra.py
[2025-05-06T08:20:01.071+0000] {processor.py:925} INFO - DAG(s) 'read_dataset_event_from_classic', 'read_dataset_event' retrieved from /home/airflow/.local/lib/python3.12/site-packages/airflow/example_dags/example_inlet_event_extra.py
[2025-05-06T08:20:01.085+0000] {logging_mixin.py:190} INFO - [2025-05-06T08:20:01.085+0000] {dag.py:3239} INFO - Sync 2 DAGs
[2025-05-06T08:20:01.102+0000] {logging_mixin.py:190} INFO - [2025-05-06T08:20:01.102+0000] {dag.py:4180} INFO - Setting next_dagrun for read_dataset_event to 2025-05-05 00:00:00+00:00, run_after=2025-05-06 00:00:00+00:00
[2025-05-06T08:20:01.106+0000] {logging_mixin.py:190} INFO - [2025-05-06T08:20:01.105+0000] {dag.py:4180} INFO - Setting next_dagrun for read_dataset_event_from_classic to 2025-05-05 00:00:00+00:00, run_after=2025-05-06 00:00:00+00:00
[2025-05-06T08:20:01.124+0000] {processor.py:208} INFO - Processing /home/airflow/.local/lib/python3.12/site-packages/airflow/example_dags/example_inlet_event_extra.py took 0.469 seconds
[2025-05-06T08:20:31.548+0000] {processor.py:186} INFO - Started process (PID=1884) to work on /home/airflow/.local/lib/python3.12/site-packages/airflow/example_dags/example_inlet_event_extra.py
[2025-05-06T08:20:31.548+0000] {processor.py:914} INFO - Processing file /home/airflow/.local/lib/python3.12/site-packages/airflow/example_dags/example_inlet_event_extra.py for tasks to queue
[2025-05-06T08:20:31.550+0000] {logging_mixin.py:190} INFO - [2025-05-06T08:20:31.550+0000] {dagbag.py:588} INFO - Filling up the DagBag from /home/airflow/.local/lib/python3.12/site-packages/airflow/example_dags/example_inlet_event_extra.py
[2025-05-06T08:20:31.950+0000] {processor.py:925} INFO - DAG(s) 'read_dataset_event', 'read_dataset_event_from_classic' retrieved from /home/airflow/.local/lib/python3.12/site-packages/airflow/example_dags/example_inlet_event_extra.py
[2025-05-06T08:20:31.967+0000] {logging_mixin.py:190} INFO - [2025-05-06T08:20:31.966+0000] {dag.py:3239} INFO - Sync 2 DAGs
[2025-05-06T08:20:31.984+0000] {logging_mixin.py:190} INFO - [2025-05-06T08:20:31.984+0000] {dag.py:4180} INFO - Setting next_dagrun for read_dataset_event to 2025-05-05 00:00:00+00:00, run_after=2025-05-06 00:00:00+00:00
[2025-05-06T08:20:31.988+0000] {logging_mixin.py:190} INFO - [2025-05-06T08:20:31.988+0000] {dag.py:4180} INFO - Setting next_dagrun for read_dataset_event_from_classic to 2025-05-05 00:00:00+00:00, run_after=2025-05-06 00:00:00+00:00
[2025-05-06T08:20:32.017+0000] {processor.py:208} INFO - Processing /home/airflow/.local/lib/python3.12/site-packages/airflow/example_dags/example_inlet_event_extra.py took 0.473 seconds
[2025-05-06T08:21:02.371+0000] {processor.py:186} INFO - Started process (PID=1954) to work on /home/airflow/.local/lib/python3.12/site-packages/airflow/example_dags/example_inlet_event_extra.py
[2025-05-06T08:21:02.372+0000] {processor.py:914} INFO - Processing file /home/airflow/.local/lib/python3.12/site-packages/airflow/example_dags/example_inlet_event_extra.py for tasks to queue
[2025-05-06T08:21:02.374+0000] {logging_mixin.py:190} INFO - [2025-05-06T08:21:02.373+0000] {dagbag.py:588} INFO - Filling up the DagBag from /home/airflow/.local/lib/python3.12/site-packages/airflow/example_dags/example_inlet_event_extra.py
[2025-05-06T08:21:02.739+0000] {processor.py:925} INFO - DAG(s) 'read_dataset_event_from_classic', 'read_dataset_event' retrieved from /home/airflow/.local/lib/python3.12/site-packages/airflow/example_dags/example_inlet_event_extra.py
[2025-05-06T08:21:02.756+0000] {logging_mixin.py:190} INFO - [2025-05-06T08:21:02.756+0000] {dag.py:3239} INFO - Sync 2 DAGs
[2025-05-06T08:21:02.774+0000] {logging_mixin.py:190} INFO - [2025-05-06T08:21:02.773+0000] {dag.py:4180} INFO - Setting next_dagrun for read_dataset_event to 2025-05-05 00:00:00+00:00, run_after=2025-05-06 00:00:00+00:00
[2025-05-06T08:21:02.777+0000] {logging_mixin.py:190} INFO - [2025-05-06T08:21:02.777+0000] {dag.py:4180} INFO - Setting next_dagrun for read_dataset_event_from_classic to 2025-05-05 00:00:00+00:00, run_after=2025-05-06 00:00:00+00:00
[2025-05-06T08:21:02.799+0000] {processor.py:208} INFO - Processing /home/airflow/.local/lib/python3.12/site-packages/airflow/example_dags/example_inlet_event_extra.py took 0.431 seconds
[2025-05-06T08:21:32.893+0000] {processor.py:186} INFO - Started process (PID=2024) to work on /home/airflow/.local/lib/python3.12/site-packages/airflow/example_dags/example_inlet_event_extra.py
[2025-05-06T08:21:32.895+0000] {processor.py:914} INFO - Processing file /home/airflow/.local/lib/python3.12/site-packages/airflow/example_dags/example_inlet_event_extra.py for tasks to queue
[2025-05-06T08:21:32.897+0000] {logging_mixin.py:190} INFO - [2025-05-06T08:21:32.896+0000] {dagbag.py:588} INFO - Filling up the DagBag from /home/airflow/.local/lib/python3.12/site-packages/airflow/example_dags/example_inlet_event_extra.py
[2025-05-06T08:21:33.280+0000] {processor.py:925} INFO - DAG(s) 'read_dataset_event', 'read_dataset_event_from_classic' retrieved from /home/airflow/.local/lib/python3.12/site-packages/airflow/example_dags/example_inlet_event_extra.py
[2025-05-06T08:21:33.295+0000] {logging_mixin.py:190} INFO - [2025-05-06T08:21:33.295+0000] {dag.py:3239} INFO - Sync 2 DAGs
[2025-05-06T08:21:33.311+0000] {logging_mixin.py:190} INFO - [2025-05-06T08:21:33.311+0000] {dag.py:4180} INFO - Setting next_dagrun for read_dataset_event to 2025-05-05 00:00:00+00:00, run_after=2025-05-06 00:00:00+00:00
[2025-05-06T08:21:33.314+0000] {logging_mixin.py:190} INFO - [2025-05-06T08:21:33.314+0000] {dag.py:4180} INFO - Setting next_dagrun for read_dataset_event_from_classic to 2025-05-05 00:00:00+00:00, run_after=2025-05-06 00:00:00+00:00
[2025-05-06T08:21:33.325+0000] {processor.py:208} INFO - Processing /home/airflow/.local/lib/python3.12/site-packages/airflow/example_dags/example_inlet_event_extra.py took 0.439 seconds
[2025-05-06T08:22:03.772+0000] {processor.py:186} INFO - Started process (PID=2094) to work on /home/airflow/.local/lib/python3.12/site-packages/airflow/example_dags/example_inlet_event_extra.py
[2025-05-06T08:22:03.772+0000] {processor.py:914} INFO - Processing file /home/airflow/.local/lib/python3.12/site-packages/airflow/example_dags/example_inlet_event_extra.py for tasks to queue
[2025-05-06T08:22:03.775+0000] {logging_mixin.py:190} INFO - [2025-05-06T08:22:03.774+0000] {dagbag.py:588} INFO - Filling up the DagBag from /home/airflow/.local/lib/python3.12/site-packages/airflow/example_dags/example_inlet_event_extra.py
[2025-05-06T08:22:04.303+0000] {processor.py:925} INFO - DAG(s) 'read_dataset_event_from_classic', 'read_dataset_event' retrieved from /home/airflow/.local/lib/python3.12/site-packages/airflow/example_dags/example_inlet_event_extra.py
[2025-05-06T08:22:04.318+0000] {logging_mixin.py:190} INFO - [2025-05-06T08:22:04.318+0000] {dag.py:3239} INFO - Sync 2 DAGs
[2025-05-06T08:22:04.340+0000] {logging_mixin.py:190} INFO - [2025-05-06T08:22:04.339+0000] {dag.py:4180} INFO - Setting next_dagrun for read_dataset_event to 2025-05-05 00:00:00+00:00, run_after=2025-05-06 00:00:00+00:00
[2025-05-06T08:22:04.344+0000] {logging_mixin.py:190} INFO - [2025-05-06T08:22:04.343+0000] {dag.py:4180} INFO - Setting next_dagrun for read_dataset_event_from_classic to 2025-05-05 00:00:00+00:00, run_after=2025-05-06 00:00:00+00:00
[2025-05-06T08:22:04.358+0000] {processor.py:208} INFO - Processing /home/airflow/.local/lib/python3.12/site-packages/airflow/example_dags/example_inlet_event_extra.py took 0.592 seconds
[2025-05-06T08:22:35.751+0000] {processor.py:186} INFO - Started process (PID=2165) to work on /home/airflow/.local/lib/python3.12/site-packages/airflow/example_dags/example_inlet_event_extra.py
[2025-05-06T08:22:35.752+0000] {processor.py:914} INFO - Processing file /home/airflow/.local/lib/python3.12/site-packages/airflow/example_dags/example_inlet_event_extra.py for tasks to queue
[2025-05-06T08:22:35.754+0000] {logging_mixin.py:190} INFO - [2025-05-06T08:22:35.753+0000] {dagbag.py:588} INFO - Filling up the DagBag from /home/airflow/.local/lib/python3.12/site-packages/airflow/example_dags/example_inlet_event_extra.py
[2025-05-06T08:22:36.175+0000] {processor.py:925} INFO - DAG(s) 'read_dataset_event', 'read_dataset_event_from_classic' retrieved from /home/airflow/.local/lib/python3.12/site-packages/airflow/example_dags/example_inlet_event_extra.py
[2025-05-06T08:22:36.189+0000] {logging_mixin.py:190} INFO - [2025-05-06T08:22:36.189+0000] {dag.py:3239} INFO - Sync 2 DAGs
[2025-05-06T08:22:36.209+0000] {logging_mixin.py:190} INFO - [2025-05-06T08:22:36.209+0000] {dag.py:4180} INFO - Setting next_dagrun for read_dataset_event to 2025-05-05 00:00:00+00:00, run_after=2025-05-06 00:00:00+00:00
[2025-05-06T08:22:36.213+0000] {logging_mixin.py:190} INFO - [2025-05-06T08:22:36.212+0000] {dag.py:4180} INFO - Setting next_dagrun for read_dataset_event_from_classic to 2025-05-05 00:00:00+00:00, run_after=2025-05-06 00:00:00+00:00
[2025-05-06T08:22:36.231+0000] {processor.py:208} INFO - Processing /home/airflow/.local/lib/python3.12/site-packages/airflow/example_dags/example_inlet_event_extra.py took 0.485 seconds
[2025-05-06T08:23:06.906+0000] {processor.py:186} INFO - Started process (PID=2241) to work on /home/airflow/.local/lib/python3.12/site-packages/airflow/example_dags/example_inlet_event_extra.py
[2025-05-06T08:23:06.907+0000] {processor.py:914} INFO - Processing file /home/airflow/.local/lib/python3.12/site-packages/airflow/example_dags/example_inlet_event_extra.py for tasks to queue
[2025-05-06T08:23:06.908+0000] {logging_mixin.py:190} INFO - [2025-05-06T08:23:06.908+0000] {dagbag.py:588} INFO - Filling up the DagBag from /home/airflow/.local/lib/python3.12/site-packages/airflow/example_dags/example_inlet_event_extra.py
[2025-05-06T08:23:07.333+0000] {processor.py:925} INFO - DAG(s) 'read_dataset_event_from_classic', 'read_dataset_event' retrieved from /home/airflow/.local/lib/python3.12/site-packages/airflow/example_dags/example_inlet_event_extra.py
[2025-05-06T08:23:07.348+0000] {logging_mixin.py:190} INFO - [2025-05-06T08:23:07.348+0000] {dag.py:3239} INFO - Sync 2 DAGs
[2025-05-06T08:23:07.364+0000] {logging_mixin.py:190} INFO - [2025-05-06T08:23:07.364+0000] {dag.py:4180} INFO - Setting next_dagrun for read_dataset_event to 2025-05-05 00:00:00+00:00, run_after=2025-05-06 00:00:00+00:00
[2025-05-06T08:23:07.367+0000] {logging_mixin.py:190} INFO - [2025-05-06T08:23:07.367+0000] {dag.py:4180} INFO - Setting next_dagrun for read_dataset_event_from_classic to 2025-05-05 00:00:00+00:00, run_after=2025-05-06 00:00:00+00:00
[2025-05-06T08:23:07.383+0000] {processor.py:208} INFO - Processing /home/airflow/.local/lib/python3.12/site-packages/airflow/example_dags/example_inlet_event_extra.py took 0.481 seconds
[2025-05-06T08:23:37.551+0000] {processor.py:186} INFO - Started process (PID=2311) to work on /home/airflow/.local/lib/python3.12/site-packages/airflow/example_dags/example_inlet_event_extra.py
[2025-05-06T08:23:37.552+0000] {processor.py:914} INFO - Processing file /home/airflow/.local/lib/python3.12/site-packages/airflow/example_dags/example_inlet_event_extra.py for tasks to queue
[2025-05-06T08:23:37.554+0000] {logging_mixin.py:190} INFO - [2025-05-06T08:23:37.553+0000] {dagbag.py:588} INFO - Filling up the DagBag from /home/airflow/.local/lib/python3.12/site-packages/airflow/example_dags/example_inlet_event_extra.py
[2025-05-06T08:23:37.967+0000] {processor.py:925} INFO - DAG(s) 'read_dataset_event_from_classic', 'read_dataset_event' retrieved from /home/airflow/.local/lib/python3.12/site-packages/airflow/example_dags/example_inlet_event_extra.py
[2025-05-06T08:23:37.983+0000] {logging_mixin.py:190} INFO - [2025-05-06T08:23:37.983+0000] {dag.py:3239} INFO - Sync 2 DAGs
[2025-05-06T08:23:38.003+0000] {logging_mixin.py:190} INFO - [2025-05-06T08:23:38.003+0000] {dag.py:4180} INFO - Setting next_dagrun for read_dataset_event to 2025-05-05 00:00:00+00:00, run_after=2025-05-06 00:00:00+00:00
[2025-05-06T08:23:38.007+0000] {logging_mixin.py:190} INFO - [2025-05-06T08:23:38.007+0000] {dag.py:4180} INFO - Setting next_dagrun for read_dataset_event_from_classic to 2025-05-05 00:00:00+00:00, run_after=2025-05-06 00:00:00+00:00
[2025-05-06T08:23:38.028+0000] {processor.py:208} INFO - Processing /home/airflow/.local/lib/python3.12/site-packages/airflow/example_dags/example_inlet_event_extra.py took 0.481 seconds
[2025-05-06T08:24:08.944+0000] {processor.py:186} INFO - Started process (PID=2381) to work on /home/airflow/.local/lib/python3.12/site-packages/airflow/example_dags/example_inlet_event_extra.py
[2025-05-06T08:24:08.945+0000] {processor.py:914} INFO - Processing file /home/airflow/.local/lib/python3.12/site-packages/airflow/example_dags/example_inlet_event_extra.py for tasks to queue
[2025-05-06T08:24:08.946+0000] {logging_mixin.py:190} INFO - [2025-05-06T08:24:08.946+0000] {dagbag.py:588} INFO - Filling up the DagBag from /home/airflow/.local/lib/python3.12/site-packages/airflow/example_dags/example_inlet_event_extra.py
[2025-05-06T08:24:09.358+0000] {processor.py:925} INFO - DAG(s) 'read_dataset_event', 'read_dataset_event_from_classic' retrieved from /home/airflow/.local/lib/python3.12/site-packages/airflow/example_dags/example_inlet_event_extra.py
[2025-05-06T08:24:09.374+0000] {logging_mixin.py:190} INFO - [2025-05-06T08:24:09.374+0000] {dag.py:3239} INFO - Sync 2 DAGs
[2025-05-06T08:24:09.391+0000] {logging_mixin.py:190} INFO - [2025-05-06T08:24:09.390+0000] {dag.py:4180} INFO - Setting next_dagrun for read_dataset_event to 2025-05-05 00:00:00+00:00, run_after=2025-05-06 00:00:00+00:00
[2025-05-06T08:24:09.395+0000] {logging_mixin.py:190} INFO - [2025-05-06T08:24:09.394+0000] {dag.py:4180} INFO - Setting next_dagrun for read_dataset_event_from_classic to 2025-05-05 00:00:00+00:00, run_after=2025-05-06 00:00:00+00:00
[2025-05-06T08:24:09.408+0000] {processor.py:208} INFO - Processing /home/airflow/.local/lib/python3.12/site-packages/airflow/example_dags/example_inlet_event_extra.py took 0.469 seconds
[2025-05-06T08:24:40.331+0000] {processor.py:186} INFO - Started process (PID=2451) to work on /home/airflow/.local/lib/python3.12/site-packages/airflow/example_dags/example_inlet_event_extra.py
[2025-05-06T08:24:40.331+0000] {processor.py:914} INFO - Processing file /home/airflow/.local/lib/python3.12/site-packages/airflow/example_dags/example_inlet_event_extra.py for tasks to queue
[2025-05-06T08:24:40.333+0000] {logging_mixin.py:190} INFO - [2025-05-06T08:24:40.333+0000] {dagbag.py:588} INFO - Filling up the DagBag from /home/airflow/.local/lib/python3.12/site-packages/airflow/example_dags/example_inlet_event_extra.py
[2025-05-06T08:24:40.745+0000] {processor.py:925} INFO - DAG(s) 'read_dataset_event_from_classic', 'read_dataset_event' retrieved from /home/airflow/.local/lib/python3.12/site-packages/airflow/example_dags/example_inlet_event_extra.py
[2025-05-06T08:24:40.759+0000] {logging_mixin.py:190} INFO - [2025-05-06T08:24:40.759+0000] {dag.py:3239} INFO - Sync 2 DAGs
[2025-05-06T08:24:40.779+0000] {logging_mixin.py:190} INFO - [2025-05-06T08:24:40.779+0000] {dag.py:4180} INFO - Setting next_dagrun for read_dataset_event to 2025-05-05 00:00:00+00:00, run_after=2025-05-06 00:00:00+00:00
[2025-05-06T08:24:40.783+0000] {logging_mixin.py:190} INFO - [2025-05-06T08:24:40.783+0000] {dag.py:4180} INFO - Setting next_dagrun for read_dataset_event_from_classic to 2025-05-05 00:00:00+00:00, run_after=2025-05-06 00:00:00+00:00
[2025-05-06T08:24:40.796+0000] {processor.py:208} INFO - Processing /home/airflow/.local/lib/python3.12/site-packages/airflow/example_dags/example_inlet_event_extra.py took 0.470 seconds
[2025-05-06T08:25:10.968+0000] {processor.py:186} INFO - Started process (PID=2521) to work on /home/airflow/.local/lib/python3.12/site-packages/airflow/example_dags/example_inlet_event_extra.py
[2025-05-06T08:25:10.969+0000] {processor.py:914} INFO - Processing file /home/airflow/.local/lib/python3.12/site-packages/airflow/example_dags/example_inlet_event_extra.py for tasks to queue
[2025-05-06T08:25:10.971+0000] {logging_mixin.py:190} INFO - [2025-05-06T08:25:10.971+0000] {dagbag.py:588} INFO - Filling up the DagBag from /home/airflow/.local/lib/python3.12/site-packages/airflow/example_dags/example_inlet_event_extra.py
[2025-05-06T08:25:11.477+0000] {processor.py:925} INFO - DAG(s) 'read_dataset_event_from_classic', 'read_dataset_event' retrieved from /home/airflow/.local/lib/python3.12/site-packages/airflow/example_dags/example_inlet_event_extra.py
[2025-05-06T08:25:11.493+0000] {logging_mixin.py:190} INFO - [2025-05-06T08:25:11.493+0000] {dag.py:3239} INFO - Sync 2 DAGs
[2025-05-06T08:25:11.511+0000] {logging_mixin.py:190} INFO - [2025-05-06T08:25:11.511+0000] {dag.py:4180} INFO - Setting next_dagrun for read_dataset_event to 2025-05-05 00:00:00+00:00, run_after=2025-05-06 00:00:00+00:00
[2025-05-06T08:25:11.516+0000] {logging_mixin.py:190} INFO - [2025-05-06T08:25:11.516+0000] {dag.py:4180} INFO - Setting next_dagrun for read_dataset_event_from_classic to 2025-05-05 00:00:00+00:00, run_after=2025-05-06 00:00:00+00:00
[2025-05-06T08:25:11.537+0000] {processor.py:208} INFO - Processing /home/airflow/.local/lib/python3.12/site-packages/airflow/example_dags/example_inlet_event_extra.py took 0.574 seconds
[2025-05-06T08:25:42.372+0000] {processor.py:186} INFO - Started process (PID=2591) to work on /home/airflow/.local/lib/python3.12/site-packages/airflow/example_dags/example_inlet_event_extra.py
[2025-05-06T08:25:42.373+0000] {processor.py:914} INFO - Processing file /home/airflow/.local/lib/python3.12/site-packages/airflow/example_dags/example_inlet_event_extra.py for tasks to queue
[2025-05-06T08:25:42.375+0000] {logging_mixin.py:190} INFO - [2025-05-06T08:25:42.375+0000] {dagbag.py:588} INFO - Filling up the DagBag from /home/airflow/.local/lib/python3.12/site-packages/airflow/example_dags/example_inlet_event_extra.py
[2025-05-06T08:25:42.798+0000] {processor.py:925} INFO - DAG(s) 'read_dataset_event', 'read_dataset_event_from_classic' retrieved from /home/airflow/.local/lib/python3.12/site-packages/airflow/example_dags/example_inlet_event_extra.py
[2025-05-06T08:25:42.816+0000] {logging_mixin.py:190} INFO - [2025-05-06T08:25:42.816+0000] {dag.py:3239} INFO - Sync 2 DAGs
[2025-05-06T08:25:42.835+0000] {logging_mixin.py:190} INFO - [2025-05-06T08:25:42.835+0000] {dag.py:4180} INFO - Setting next_dagrun for read_dataset_event to 2025-05-05 00:00:00+00:00, run_after=2025-05-06 00:00:00+00:00
[2025-05-06T08:25:42.839+0000] {logging_mixin.py:190} INFO - [2025-05-06T08:25:42.839+0000] {dag.py:4180} INFO - Setting next_dagrun for read_dataset_event_from_classic to 2025-05-05 00:00:00+00:00, run_after=2025-05-06 00:00:00+00:00
[2025-05-06T08:25:42.862+0000] {processor.py:208} INFO - Processing /home/airflow/.local/lib/python3.12/site-packages/airflow/example_dags/example_inlet_event_extra.py took 0.496 seconds
[2025-05-06T08:26:13.805+0000] {processor.py:186} INFO - Started process (PID=2661) to work on /home/airflow/.local/lib/python3.12/site-packages/airflow/example_dags/example_inlet_event_extra.py
[2025-05-06T08:26:13.806+0000] {processor.py:914} INFO - Processing file /home/airflow/.local/lib/python3.12/site-packages/airflow/example_dags/example_inlet_event_extra.py for tasks to queue
[2025-05-06T08:26:13.809+0000] {logging_mixin.py:190} INFO - [2025-05-06T08:26:13.808+0000] {dagbag.py:588} INFO - Filling up the DagBag from /home/airflow/.local/lib/python3.12/site-packages/airflow/example_dags/example_inlet_event_extra.py
[2025-05-06T08:26:14.284+0000] {processor.py:925} INFO - DAG(s) 'read_dataset_event_from_classic', 'read_dataset_event' retrieved from /home/airflow/.local/lib/python3.12/site-packages/airflow/example_dags/example_inlet_event_extra.py
[2025-05-06T08:26:14.306+0000] {logging_mixin.py:190} INFO - [2025-05-06T08:26:14.305+0000] {dag.py:3239} INFO - Sync 2 DAGs
[2025-05-06T08:26:14.327+0000] {logging_mixin.py:190} INFO - [2025-05-06T08:26:14.326+0000] {dag.py:4180} INFO - Setting next_dagrun for read_dataset_event to 2025-05-05 00:00:00+00:00, run_after=2025-05-06 00:00:00+00:00
[2025-05-06T08:26:14.332+0000] {logging_mixin.py:190} INFO - [2025-05-06T08:26:14.331+0000] {dag.py:4180} INFO - Setting next_dagrun for read_dataset_event_from_classic to 2025-05-05 00:00:00+00:00, run_after=2025-05-06 00:00:00+00:00
[2025-05-06T08:26:14.349+0000] {processor.py:208} INFO - Processing /home/airflow/.local/lib/python3.12/site-packages/airflow/example_dags/example_inlet_event_extra.py took 0.549 seconds
[2025-05-06T08:26:44.967+0000] {processor.py:186} INFO - Started process (PID=2731) to work on /home/airflow/.local/lib/python3.12/site-packages/airflow/example_dags/example_inlet_event_extra.py
[2025-05-06T08:26:44.968+0000] {processor.py:914} INFO - Processing file /home/airflow/.local/lib/python3.12/site-packages/airflow/example_dags/example_inlet_event_extra.py for tasks to queue
[2025-05-06T08:26:44.969+0000] {logging_mixin.py:190} INFO - [2025-05-06T08:26:44.969+0000] {dagbag.py:588} INFO - Filling up the DagBag from /home/airflow/.local/lib/python3.12/site-packages/airflow/example_dags/example_inlet_event_extra.py
[2025-05-06T08:26:45.390+0000] {processor.py:925} INFO - DAG(s) 'read_dataset_event', 'read_dataset_event_from_classic' retrieved from /home/airflow/.local/lib/python3.12/site-packages/airflow/example_dags/example_inlet_event_extra.py
[2025-05-06T08:26:45.410+0000] {logging_mixin.py:190} INFO - [2025-05-06T08:26:45.410+0000] {dag.py:3239} INFO - Sync 2 DAGs
[2025-05-06T08:26:45.428+0000] {logging_mixin.py:190} INFO - [2025-05-06T08:26:45.427+0000] {dag.py:4180} INFO - Setting next_dagrun for read_dataset_event to 2025-05-05 00:00:00+00:00, run_after=2025-05-06 00:00:00+00:00
[2025-05-06T08:26:45.431+0000] {logging_mixin.py:190} INFO - [2025-05-06T08:26:45.431+0000] {dag.py:4180} INFO - Setting next_dagrun for read_dataset_event_from_classic to 2025-05-05 00:00:00+00:00, run_after=2025-05-06 00:00:00+00:00
[2025-05-06T08:26:45.451+0000] {processor.py:208} INFO - Processing /home/airflow/.local/lib/python3.12/site-packages/airflow/example_dags/example_inlet_event_extra.py took 0.488 seconds
[2025-05-06T08:27:16.296+0000] {processor.py:186} INFO - Started process (PID=2801) to work on /home/airflow/.local/lib/python3.12/site-packages/airflow/example_dags/example_inlet_event_extra.py
[2025-05-06T08:27:16.297+0000] {processor.py:914} INFO - Processing file /home/airflow/.local/lib/python3.12/site-packages/airflow/example_dags/example_inlet_event_extra.py for tasks to queue
[2025-05-06T08:27:16.299+0000] {logging_mixin.py:190} INFO - [2025-05-06T08:27:16.299+0000] {dagbag.py:588} INFO - Filling up the DagBag from /home/airflow/.local/lib/python3.12/site-packages/airflow/example_dags/example_inlet_event_extra.py
[2025-05-06T08:27:16.765+0000] {processor.py:925} INFO - DAG(s) 'read_dataset_event_from_classic', 'read_dataset_event' retrieved from /home/airflow/.local/lib/python3.12/site-packages/airflow/example_dags/example_inlet_event_extra.py
[2025-05-06T08:27:16.788+0000] {logging_mixin.py:190} INFO - [2025-05-06T08:27:16.788+0000] {dag.py:3239} INFO - Sync 2 DAGs
[2025-05-06T08:27:16.810+0000] {logging_mixin.py:190} INFO - [2025-05-06T08:27:16.810+0000] {dag.py:4180} INFO - Setting next_dagrun for read_dataset_event to 2025-05-05 00:00:00+00:00, run_after=2025-05-06 00:00:00+00:00
[2025-05-06T08:27:16.814+0000] {logging_mixin.py:190} INFO - [2025-05-06T08:27:16.814+0000] {dag.py:4180} INFO - Setting next_dagrun for read_dataset_event_from_classic to 2025-05-05 00:00:00+00:00, run_after=2025-05-06 00:00:00+00:00
[2025-05-06T08:27:16.828+0000] {processor.py:208} INFO - Processing /home/airflow/.local/lib/python3.12/site-packages/airflow/example_dags/example_inlet_event_extra.py took 0.538 seconds
[2025-05-06T08:27:47.773+0000] {processor.py:186} INFO - Started process (PID=2873) to work on /home/airflow/.local/lib/python3.12/site-packages/airflow/example_dags/example_inlet_event_extra.py
[2025-05-06T08:27:47.774+0000] {processor.py:914} INFO - Processing file /home/airflow/.local/lib/python3.12/site-packages/airflow/example_dags/example_inlet_event_extra.py for tasks to queue
[2025-05-06T08:27:47.775+0000] {logging_mixin.py:190} INFO - [2025-05-06T08:27:47.774+0000] {dagbag.py:588} INFO - Filling up the DagBag from /home/airflow/.local/lib/python3.12/site-packages/airflow/example_dags/example_inlet_event_extra.py
[2025-05-06T08:27:48.201+0000] {processor.py:925} INFO - DAG(s) 'read_dataset_event', 'read_dataset_event_from_classic' retrieved from /home/airflow/.local/lib/python3.12/site-packages/airflow/example_dags/example_inlet_event_extra.py
[2025-05-06T08:27:48.217+0000] {logging_mixin.py:190} INFO - [2025-05-06T08:27:48.217+0000] {dag.py:3239} INFO - Sync 2 DAGs
[2025-05-06T08:27:48.241+0000] {logging_mixin.py:190} INFO - [2025-05-06T08:27:48.241+0000] {dag.py:4180} INFO - Setting next_dagrun for read_dataset_event to 2025-05-05 00:00:00+00:00, run_after=2025-05-06 00:00:00+00:00
[2025-05-06T08:27:48.246+0000] {logging_mixin.py:190} INFO - [2025-05-06T08:27:48.246+0000] {dag.py:4180} INFO - Setting next_dagrun for read_dataset_event_from_classic to 2025-05-05 00:00:00+00:00, run_after=2025-05-06 00:00:00+00:00
[2025-05-06T08:27:48.259+0000] {processor.py:208} INFO - Processing /home/airflow/.local/lib/python3.12/site-packages/airflow/example_dags/example_inlet_event_extra.py took 0.492 seconds
[2025-05-06T08:28:18.404+0000] {processor.py:186} INFO - Started process (PID=2949) to work on /home/airflow/.local/lib/python3.12/site-packages/airflow/example_dags/example_inlet_event_extra.py
[2025-05-06T08:28:18.405+0000] {processor.py:914} INFO - Processing file /home/airflow/.local/lib/python3.12/site-packages/airflow/example_dags/example_inlet_event_extra.py for tasks to queue
[2025-05-06T08:28:18.406+0000] {logging_mixin.py:190} INFO - [2025-05-06T08:28:18.405+0000] {dagbag.py:588} INFO - Filling up the DagBag from /home/airflow/.local/lib/python3.12/site-packages/airflow/example_dags/example_inlet_event_extra.py
[2025-05-06T08:28:18.817+0000] {processor.py:925} INFO - DAG(s) 'read_dataset_event', 'read_dataset_event_from_classic' retrieved from /home/airflow/.local/lib/python3.12/site-packages/airflow/example_dags/example_inlet_event_extra.py
[2025-05-06T08:28:18.832+0000] {logging_mixin.py:190} INFO - [2025-05-06T08:28:18.832+0000] {dag.py:3239} INFO - Sync 2 DAGs
[2025-05-06T08:28:18.853+0000] {logging_mixin.py:190} INFO - [2025-05-06T08:28:18.852+0000] {dag.py:4180} INFO - Setting next_dagrun for read_dataset_event to 2025-05-05 00:00:00+00:00, run_after=2025-05-06 00:00:00+00:00
[2025-05-06T08:28:18.857+0000] {logging_mixin.py:190} INFO - [2025-05-06T08:28:18.857+0000] {dag.py:4180} INFO - Setting next_dagrun for read_dataset_event_from_classic to 2025-05-05 00:00:00+00:00, run_after=2025-05-06 00:00:00+00:00
[2025-05-06T08:28:18.872+0000] {processor.py:208} INFO - Processing /home/airflow/.local/lib/python3.12/site-packages/airflow/example_dags/example_inlet_event_extra.py took 0.472 seconds
[2025-05-06T08:28:49.758+0000] {processor.py:186} INFO - Started process (PID=3020) to work on /home/airflow/.local/lib/python3.12/site-packages/airflow/example_dags/example_inlet_event_extra.py
[2025-05-06T08:28:49.759+0000] {processor.py:914} INFO - Processing file /home/airflow/.local/lib/python3.12/site-packages/airflow/example_dags/example_inlet_event_extra.py for tasks to queue
[2025-05-06T08:28:49.760+0000] {logging_mixin.py:190} INFO - [2025-05-06T08:28:49.760+0000] {dagbag.py:588} INFO - Filling up the DagBag from /home/airflow/.local/lib/python3.12/site-packages/airflow/example_dags/example_inlet_event_extra.py
[2025-05-06T08:28:50.238+0000] {processor.py:925} INFO - DAG(s) 'read_dataset_event_from_classic', 'read_dataset_event' retrieved from /home/airflow/.local/lib/python3.12/site-packages/airflow/example_dags/example_inlet_event_extra.py
[2025-05-06T08:28:50.255+0000] {logging_mixin.py:190} INFO - [2025-05-06T08:28:50.255+0000] {dag.py:3239} INFO - Sync 2 DAGs
[2025-05-06T08:28:50.275+0000] {logging_mixin.py:190} INFO - [2025-05-06T08:28:50.275+0000] {dag.py:4180} INFO - Setting next_dagrun for read_dataset_event to 2025-05-05 00:00:00+00:00, run_after=2025-05-06 00:00:00+00:00
[2025-05-06T08:28:50.280+0000] {logging_mixin.py:190} INFO - [2025-05-06T08:28:50.280+0000] {dag.py:4180} INFO - Setting next_dagrun for read_dataset_event_from_classic to 2025-05-05 00:00:00+00:00, run_after=2025-05-06 00:00:00+00:00
[2025-05-06T08:28:50.297+0000] {processor.py:208} INFO - Processing /home/airflow/.local/lib/python3.12/site-packages/airflow/example_dags/example_inlet_event_extra.py took 0.544 seconds
