[2025-05-06T08:07:43.461+0000] {processor.py:186} INFO - Started process (PID=132) to work on /home/airflow/.local/lib/python3.12/site-packages/airflow/example_dags/tutorial_dag.py
[2025-05-06T08:07:43.462+0000] {processor.py:914} INFO - Processing file /home/airflow/.local/lib/python3.12/site-packages/airflow/example_dags/tutorial_dag.py for tasks to queue
[2025-05-06T08:07:43.467+0000] {logging_mixin.py:190} INFO - [2025-05-06T08:07:43.466+0000] {dagbag.py:588} INFO - Filling up the DagBag from /home/airflow/.local/lib/python3.12/site-packages/airflow/example_dags/tutorial_dag.py
[2025-05-06T08:07:43.478+0000] {processor.py:925} INFO - DAG(s) 'tutorial_dag' retrieved from /home/airflow/.local/lib/python3.12/site-packages/airflow/example_dags/tutorial_dag.py
[2025-05-06T08:07:43.511+0000] {logging_mixin.py:190} INFO - [2025-05-06T08:07:43.511+0000] {dag.py:3239} INFO - Sync 1 DAGs
[2025-05-06T08:07:43.542+0000] {logging_mixin.py:190} INFO - [2025-05-06T08:07:43.541+0000] {dag.py:4180} INFO - Setting next_dagrun for tutorial_dag to None, run_after=None
[2025-05-06T08:07:43.578+0000] {processor.py:208} INFO - Processing /home/airflow/.local/lib/python3.12/site-packages/airflow/example_dags/tutorial_dag.py took 0.124 seconds
[2025-05-06T08:08:14.485+0000] {processor.py:186} INFO - Started process (PID=206) to work on /home/airflow/.local/lib/python3.12/site-packages/airflow/example_dags/tutorial_dag.py
[2025-05-06T08:08:14.492+0000] {processor.py:914} INFO - Processing file /home/airflow/.local/lib/python3.12/site-packages/airflow/example_dags/tutorial_dag.py for tasks to queue
[2025-05-06T08:08:14.494+0000] {logging_mixin.py:190} INFO - [2025-05-06T08:08:14.493+0000] {dagbag.py:588} INFO - Filling up the DagBag from /home/airflow/.local/lib/python3.12/site-packages/airflow/example_dags/tutorial_dag.py
[2025-05-06T08:08:14.499+0000] {processor.py:925} INFO - DAG(s) 'tutorial_dag' retrieved from /home/airflow/.local/lib/python3.12/site-packages/airflow/example_dags/tutorial_dag.py
[2025-05-06T08:08:14.515+0000] {logging_mixin.py:190} INFO - [2025-05-06T08:08:14.515+0000] {dag.py:3239} INFO - Sync 1 DAGs
[2025-05-06T08:08:14.528+0000] {logging_mixin.py:190} INFO - [2025-05-06T08:08:14.527+0000] {dag.py:4180} INFO - Setting next_dagrun for tutorial_dag to None, run_after=None
[2025-05-06T08:08:14.544+0000] {processor.py:208} INFO - Processing /home/airflow/.local/lib/python3.12/site-packages/airflow/example_dags/tutorial_dag.py took 0.063 seconds
[2025-05-06T08:08:44.988+0000] {processor.py:186} INFO - Started process (PID=276) to work on /home/airflow/.local/lib/python3.12/site-packages/airflow/example_dags/tutorial_dag.py
[2025-05-06T08:08:44.990+0000] {processor.py:914} INFO - Processing file /home/airflow/.local/lib/python3.12/site-packages/airflow/example_dags/tutorial_dag.py for tasks to queue
[2025-05-06T08:08:44.992+0000] {logging_mixin.py:190} INFO - [2025-05-06T08:08:44.992+0000] {dagbag.py:588} INFO - Filling up the DagBag from /home/airflow/.local/lib/python3.12/site-packages/airflow/example_dags/tutorial_dag.py
[2025-05-06T08:08:45.000+0000] {processor.py:925} INFO - DAG(s) 'tutorial_dag' retrieved from /home/airflow/.local/lib/python3.12/site-packages/airflow/example_dags/tutorial_dag.py
[2025-05-06T08:08:45.016+0000] {logging_mixin.py:190} INFO - [2025-05-06T08:08:45.016+0000] {dag.py:3239} INFO - Sync 1 DAGs
[2025-05-06T08:08:45.026+0000] {logging_mixin.py:190} INFO - [2025-05-06T08:08:45.026+0000] {dag.py:4180} INFO - Setting next_dagrun for tutorial_dag to None, run_after=None
[2025-05-06T08:08:45.040+0000] {processor.py:208} INFO - Processing /home/airflow/.local/lib/python3.12/site-packages/airflow/example_dags/tutorial_dag.py took 0.059 seconds
[2025-05-06T08:09:15.317+0000] {processor.py:186} INFO - Started process (PID=346) to work on /home/airflow/.local/lib/python3.12/site-packages/airflow/example_dags/tutorial_dag.py
[2025-05-06T08:09:15.318+0000] {processor.py:914} INFO - Processing file /home/airflow/.local/lib/python3.12/site-packages/airflow/example_dags/tutorial_dag.py for tasks to queue
[2025-05-06T08:09:15.320+0000] {logging_mixin.py:190} INFO - [2025-05-06T08:09:15.320+0000] {dagbag.py:588} INFO - Filling up the DagBag from /home/airflow/.local/lib/python3.12/site-packages/airflow/example_dags/tutorial_dag.py
[2025-05-06T08:09:15.325+0000] {processor.py:925} INFO - DAG(s) 'tutorial_dag' retrieved from /home/airflow/.local/lib/python3.12/site-packages/airflow/example_dags/tutorial_dag.py
[2025-05-06T08:09:15.341+0000] {logging_mixin.py:190} INFO - [2025-05-06T08:09:15.341+0000] {dag.py:3239} INFO - Sync 1 DAGs
[2025-05-06T08:09:15.353+0000] {logging_mixin.py:190} INFO - [2025-05-06T08:09:15.352+0000] {dag.py:4180} INFO - Setting next_dagrun for tutorial_dag to None, run_after=None
[2025-05-06T08:09:15.372+0000] {processor.py:208} INFO - Processing /home/airflow/.local/lib/python3.12/site-packages/airflow/example_dags/tutorial_dag.py took 0.059 seconds
[2025-05-06T08:09:45.729+0000] {processor.py:186} INFO - Started process (PID=416) to work on /home/airflow/.local/lib/python3.12/site-packages/airflow/example_dags/tutorial_dag.py
[2025-05-06T08:09:45.730+0000] {processor.py:914} INFO - Processing file /home/airflow/.local/lib/python3.12/site-packages/airflow/example_dags/tutorial_dag.py for tasks to queue
[2025-05-06T08:09:45.732+0000] {logging_mixin.py:190} INFO - [2025-05-06T08:09:45.732+0000] {dagbag.py:588} INFO - Filling up the DagBag from /home/airflow/.local/lib/python3.12/site-packages/airflow/example_dags/tutorial_dag.py
[2025-05-06T08:09:45.740+0000] {processor.py:925} INFO - DAG(s) 'tutorial_dag' retrieved from /home/airflow/.local/lib/python3.12/site-packages/airflow/example_dags/tutorial_dag.py
[2025-05-06T08:09:45.759+0000] {logging_mixin.py:190} INFO - [2025-05-06T08:09:45.759+0000] {dag.py:3239} INFO - Sync 1 DAGs
[2025-05-06T08:09:45.774+0000] {logging_mixin.py:190} INFO - [2025-05-06T08:09:45.774+0000] {dag.py:4180} INFO - Setting next_dagrun for tutorial_dag to None, run_after=None
[2025-05-06T08:09:45.794+0000] {processor.py:208} INFO - Processing /home/airflow/.local/lib/python3.12/site-packages/airflow/example_dags/tutorial_dag.py took 0.070 seconds
[2025-05-06T08:10:16.171+0000] {processor.py:186} INFO - Started process (PID=485) to work on /home/airflow/.local/lib/python3.12/site-packages/airflow/example_dags/tutorial_dag.py
[2025-05-06T08:10:16.171+0000] {processor.py:914} INFO - Processing file /home/airflow/.local/lib/python3.12/site-packages/airflow/example_dags/tutorial_dag.py for tasks to queue
[2025-05-06T08:10:16.174+0000] {logging_mixin.py:190} INFO - [2025-05-06T08:10:16.173+0000] {dagbag.py:588} INFO - Filling up the DagBag from /home/airflow/.local/lib/python3.12/site-packages/airflow/example_dags/tutorial_dag.py
[2025-05-06T08:10:16.183+0000] {processor.py:925} INFO - DAG(s) 'tutorial_dag' retrieved from /home/airflow/.local/lib/python3.12/site-packages/airflow/example_dags/tutorial_dag.py
[2025-05-06T08:10:16.207+0000] {logging_mixin.py:190} INFO - [2025-05-06T08:10:16.206+0000] {dag.py:3239} INFO - Sync 1 DAGs
[2025-05-06T08:10:16.222+0000] {logging_mixin.py:190} INFO - [2025-05-06T08:10:16.222+0000] {dag.py:4180} INFO - Setting next_dagrun for tutorial_dag to None, run_after=None
[2025-05-06T08:10:16.248+0000] {processor.py:208} INFO - Processing /home/airflow/.local/lib/python3.12/site-packages/airflow/example_dags/tutorial_dag.py took 0.084 seconds
[2025-05-06T08:10:46.555+0000] {processor.py:186} INFO - Started process (PID=554) to work on /home/airflow/.local/lib/python3.12/site-packages/airflow/example_dags/tutorial_dag.py
[2025-05-06T08:10:46.556+0000] {processor.py:914} INFO - Processing file /home/airflow/.local/lib/python3.12/site-packages/airflow/example_dags/tutorial_dag.py for tasks to queue
[2025-05-06T08:10:46.558+0000] {logging_mixin.py:190} INFO - [2025-05-06T08:10:46.558+0000] {dagbag.py:588} INFO - Filling up the DagBag from /home/airflow/.local/lib/python3.12/site-packages/airflow/example_dags/tutorial_dag.py
[2025-05-06T08:10:46.566+0000] {processor.py:925} INFO - DAG(s) 'tutorial_dag' retrieved from /home/airflow/.local/lib/python3.12/site-packages/airflow/example_dags/tutorial_dag.py
[2025-05-06T08:10:46.584+0000] {logging_mixin.py:190} INFO - [2025-05-06T08:10:46.583+0000] {dag.py:3239} INFO - Sync 1 DAGs
[2025-05-06T08:10:46.597+0000] {logging_mixin.py:190} INFO - [2025-05-06T08:10:46.597+0000] {dag.py:4180} INFO - Setting next_dagrun for tutorial_dag to None, run_after=None
[2025-05-06T08:10:46.613+0000] {processor.py:208} INFO - Processing /home/airflow/.local/lib/python3.12/site-packages/airflow/example_dags/tutorial_dag.py took 0.063 seconds
[2025-05-06T08:11:17.852+0000] {processor.py:186} INFO - Started process (PID=625) to work on /home/airflow/.local/lib/python3.12/site-packages/airflow/example_dags/tutorial_dag.py
[2025-05-06T08:11:17.853+0000] {processor.py:914} INFO - Processing file /home/airflow/.local/lib/python3.12/site-packages/airflow/example_dags/tutorial_dag.py for tasks to queue
[2025-05-06T08:11:17.856+0000] {logging_mixin.py:190} INFO - [2025-05-06T08:11:17.855+0000] {dagbag.py:588} INFO - Filling up the DagBag from /home/airflow/.local/lib/python3.12/site-packages/airflow/example_dags/tutorial_dag.py
[2025-05-06T08:11:17.862+0000] {processor.py:925} INFO - DAG(s) 'tutorial_dag' retrieved from /home/airflow/.local/lib/python3.12/site-packages/airflow/example_dags/tutorial_dag.py
[2025-05-06T08:11:17.876+0000] {logging_mixin.py:190} INFO - [2025-05-06T08:11:17.876+0000] {dag.py:3239} INFO - Sync 1 DAGs
[2025-05-06T08:11:17.887+0000] {logging_mixin.py:190} INFO - [2025-05-06T08:11:17.887+0000] {dag.py:4180} INFO - Setting next_dagrun for tutorial_dag to None, run_after=None
[2025-05-06T08:11:17.903+0000] {processor.py:208} INFO - Processing /home/airflow/.local/lib/python3.12/site-packages/airflow/example_dags/tutorial_dag.py took 0.056 seconds
[2025-05-06T08:11:49.143+0000] {processor.py:186} INFO - Started process (PID=695) to work on /home/airflow/.local/lib/python3.12/site-packages/airflow/example_dags/tutorial_dag.py
[2025-05-06T08:11:49.143+0000] {processor.py:914} INFO - Processing file /home/airflow/.local/lib/python3.12/site-packages/airflow/example_dags/tutorial_dag.py for tasks to queue
[2025-05-06T08:11:49.145+0000] {logging_mixin.py:190} INFO - [2025-05-06T08:11:49.145+0000] {dagbag.py:588} INFO - Filling up the DagBag from /home/airflow/.local/lib/python3.12/site-packages/airflow/example_dags/tutorial_dag.py
[2025-05-06T08:11:49.151+0000] {processor.py:925} INFO - DAG(s) 'tutorial_dag' retrieved from /home/airflow/.local/lib/python3.12/site-packages/airflow/example_dags/tutorial_dag.py
[2025-05-06T08:11:49.167+0000] {logging_mixin.py:190} INFO - [2025-05-06T08:11:49.166+0000] {dag.py:3239} INFO - Sync 1 DAGs
[2025-05-06T08:11:49.179+0000] {logging_mixin.py:190} INFO - [2025-05-06T08:11:49.179+0000] {dag.py:4180} INFO - Setting next_dagrun for tutorial_dag to None, run_after=None
[2025-05-06T08:11:49.193+0000] {processor.py:208} INFO - Processing /home/airflow/.local/lib/python3.12/site-packages/airflow/example_dags/tutorial_dag.py took 0.055 seconds
[2025-05-06T08:12:20.313+0000] {processor.py:186} INFO - Started process (PID=765) to work on /home/airflow/.local/lib/python3.12/site-packages/airflow/example_dags/tutorial_dag.py
[2025-05-06T08:12:20.314+0000] {processor.py:914} INFO - Processing file /home/airflow/.local/lib/python3.12/site-packages/airflow/example_dags/tutorial_dag.py for tasks to queue
[2025-05-06T08:12:20.315+0000] {logging_mixin.py:190} INFO - [2025-05-06T08:12:20.315+0000] {dagbag.py:588} INFO - Filling up the DagBag from /home/airflow/.local/lib/python3.12/site-packages/airflow/example_dags/tutorial_dag.py
[2025-05-06T08:12:20.321+0000] {processor.py:925} INFO - DAG(s) 'tutorial_dag' retrieved from /home/airflow/.local/lib/python3.12/site-packages/airflow/example_dags/tutorial_dag.py
[2025-05-06T08:12:20.335+0000] {logging_mixin.py:190} INFO - [2025-05-06T08:12:20.334+0000] {dag.py:3239} INFO - Sync 1 DAGs
[2025-05-06T08:12:20.345+0000] {logging_mixin.py:190} INFO - [2025-05-06T08:12:20.345+0000] {dag.py:4180} INFO - Setting next_dagrun for tutorial_dag to None, run_after=None
[2025-05-06T08:12:20.359+0000] {processor.py:208} INFO - Processing /home/airflow/.local/lib/python3.12/site-packages/airflow/example_dags/tutorial_dag.py took 0.051 seconds
[2025-05-06T08:12:50.987+0000] {processor.py:186} INFO - Started process (PID=841) to work on /home/airflow/.local/lib/python3.12/site-packages/airflow/example_dags/tutorial_dag.py
[2025-05-06T08:12:50.988+0000] {processor.py:914} INFO - Processing file /home/airflow/.local/lib/python3.12/site-packages/airflow/example_dags/tutorial_dag.py for tasks to queue
[2025-05-06T08:12:50.990+0000] {logging_mixin.py:190} INFO - [2025-05-06T08:12:50.990+0000] {dagbag.py:588} INFO - Filling up the DagBag from /home/airflow/.local/lib/python3.12/site-packages/airflow/example_dags/tutorial_dag.py
[2025-05-06T08:12:50.995+0000] {processor.py:925} INFO - DAG(s) 'tutorial_dag' retrieved from /home/airflow/.local/lib/python3.12/site-packages/airflow/example_dags/tutorial_dag.py
[2025-05-06T08:12:51.009+0000] {logging_mixin.py:190} INFO - [2025-05-06T08:12:51.008+0000] {dag.py:3239} INFO - Sync 1 DAGs
[2025-05-06T08:12:51.019+0000] {logging_mixin.py:190} INFO - [2025-05-06T08:12:51.019+0000] {dag.py:4180} INFO - Setting next_dagrun for tutorial_dag to None, run_after=None
[2025-05-06T08:12:51.032+0000] {processor.py:208} INFO - Processing /home/airflow/.local/lib/python3.12/site-packages/airflow/example_dags/tutorial_dag.py took 0.050 seconds
[2025-05-06T08:13:21.677+0000] {processor.py:186} INFO - Started process (PID=910) to work on /home/airflow/.local/lib/python3.12/site-packages/airflow/example_dags/tutorial_dag.py
[2025-05-06T08:13:21.678+0000] {processor.py:914} INFO - Processing file /home/airflow/.local/lib/python3.12/site-packages/airflow/example_dags/tutorial_dag.py for tasks to queue
[2025-05-06T08:13:21.679+0000] {logging_mixin.py:190} INFO - [2025-05-06T08:13:21.679+0000] {dagbag.py:588} INFO - Filling up the DagBag from /home/airflow/.local/lib/python3.12/site-packages/airflow/example_dags/tutorial_dag.py
[2025-05-06T08:13:21.686+0000] {processor.py:925} INFO - DAG(s) 'tutorial_dag' retrieved from /home/airflow/.local/lib/python3.12/site-packages/airflow/example_dags/tutorial_dag.py
[2025-05-06T08:13:21.703+0000] {logging_mixin.py:190} INFO - [2025-05-06T08:13:21.703+0000] {dag.py:3239} INFO - Sync 1 DAGs
[2025-05-06T08:13:21.716+0000] {logging_mixin.py:190} INFO - [2025-05-06T08:13:21.715+0000] {dag.py:4180} INFO - Setting next_dagrun for tutorial_dag to None, run_after=None
[2025-05-06T08:13:21.731+0000] {processor.py:208} INFO - Processing /home/airflow/.local/lib/python3.12/site-packages/airflow/example_dags/tutorial_dag.py took 0.059 seconds
[2025-05-06T08:13:52.997+0000] {processor.py:186} INFO - Started process (PID=981) to work on /home/airflow/.local/lib/python3.12/site-packages/airflow/example_dags/tutorial_dag.py
[2025-05-06T08:13:52.997+0000] {processor.py:914} INFO - Processing file /home/airflow/.local/lib/python3.12/site-packages/airflow/example_dags/tutorial_dag.py for tasks to queue
[2025-05-06T08:13:52.999+0000] {logging_mixin.py:190} INFO - [2025-05-06T08:13:52.999+0000] {dagbag.py:588} INFO - Filling up the DagBag from /home/airflow/.local/lib/python3.12/site-packages/airflow/example_dags/tutorial_dag.py
[2025-05-06T08:13:53.004+0000] {processor.py:925} INFO - DAG(s) 'tutorial_dag' retrieved from /home/airflow/.local/lib/python3.12/site-packages/airflow/example_dags/tutorial_dag.py
[2025-05-06T08:13:53.018+0000] {logging_mixin.py:190} INFO - [2025-05-06T08:13:53.018+0000] {dag.py:3239} INFO - Sync 1 DAGs
[2025-05-06T08:13:53.028+0000] {logging_mixin.py:190} INFO - [2025-05-06T08:13:53.028+0000] {dag.py:4180} INFO - Setting next_dagrun for tutorial_dag to None, run_after=None
[2025-05-06T08:13:53.043+0000] {processor.py:208} INFO - Processing /home/airflow/.local/lib/python3.12/site-packages/airflow/example_dags/tutorial_dag.py took 0.051 seconds
[2025-05-06T08:14:23.777+0000] {processor.py:186} INFO - Started process (PID=1051) to work on /home/airflow/.local/lib/python3.12/site-packages/airflow/example_dags/tutorial_dag.py
[2025-05-06T08:14:23.778+0000] {processor.py:914} INFO - Processing file /home/airflow/.local/lib/python3.12/site-packages/airflow/example_dags/tutorial_dag.py for tasks to queue
[2025-05-06T08:14:23.780+0000] {logging_mixin.py:190} INFO - [2025-05-06T08:14:23.780+0000] {dagbag.py:588} INFO - Filling up the DagBag from /home/airflow/.local/lib/python3.12/site-packages/airflow/example_dags/tutorial_dag.py
[2025-05-06T08:14:23.785+0000] {processor.py:925} INFO - DAG(s) 'tutorial_dag' retrieved from /home/airflow/.local/lib/python3.12/site-packages/airflow/example_dags/tutorial_dag.py
[2025-05-06T08:14:23.800+0000] {logging_mixin.py:190} INFO - [2025-05-06T08:14:23.800+0000] {dag.py:3239} INFO - Sync 1 DAGs
[2025-05-06T08:14:23.812+0000] {logging_mixin.py:190} INFO - [2025-05-06T08:14:23.812+0000] {dag.py:4180} INFO - Setting next_dagrun for tutorial_dag to None, run_after=None
[2025-05-06T08:14:23.832+0000] {processor.py:208} INFO - Processing /home/airflow/.local/lib/python3.12/site-packages/airflow/example_dags/tutorial_dag.py took 0.059 seconds
[2025-05-06T08:14:54.767+0000] {processor.py:186} INFO - Started process (PID=1122) to work on /home/airflow/.local/lib/python3.12/site-packages/airflow/example_dags/tutorial_dag.py
[2025-05-06T08:14:54.768+0000] {processor.py:914} INFO - Processing file /home/airflow/.local/lib/python3.12/site-packages/airflow/example_dags/tutorial_dag.py for tasks to queue
[2025-05-06T08:14:54.769+0000] {logging_mixin.py:190} INFO - [2025-05-06T08:14:54.769+0000] {dagbag.py:588} INFO - Filling up the DagBag from /home/airflow/.local/lib/python3.12/site-packages/airflow/example_dags/tutorial_dag.py
[2025-05-06T08:14:54.774+0000] {processor.py:925} INFO - DAG(s) 'tutorial_dag' retrieved from /home/airflow/.local/lib/python3.12/site-packages/airflow/example_dags/tutorial_dag.py
[2025-05-06T08:14:54.788+0000] {logging_mixin.py:190} INFO - [2025-05-06T08:14:54.787+0000] {dag.py:3239} INFO - Sync 1 DAGs
[2025-05-06T08:14:54.799+0000] {logging_mixin.py:190} INFO - [2025-05-06T08:14:54.799+0000] {dag.py:4180} INFO - Setting next_dagrun for tutorial_dag to None, run_after=None
[2025-05-06T08:14:54.817+0000] {processor.py:208} INFO - Processing /home/airflow/.local/lib/python3.12/site-packages/airflow/example_dags/tutorial_dag.py took 0.054 seconds
[2025-05-06T08:15:26.038+0000] {processor.py:186} INFO - Started process (PID=1192) to work on /home/airflow/.local/lib/python3.12/site-packages/airflow/example_dags/tutorial_dag.py
[2025-05-06T08:15:26.039+0000] {processor.py:914} INFO - Processing file /home/airflow/.local/lib/python3.12/site-packages/airflow/example_dags/tutorial_dag.py for tasks to queue
[2025-05-06T08:15:26.041+0000] {logging_mixin.py:190} INFO - [2025-05-06T08:15:26.040+0000] {dagbag.py:588} INFO - Filling up the DagBag from /home/airflow/.local/lib/python3.12/site-packages/airflow/example_dags/tutorial_dag.py
[2025-05-06T08:15:26.046+0000] {processor.py:925} INFO - DAG(s) 'tutorial_dag' retrieved from /home/airflow/.local/lib/python3.12/site-packages/airflow/example_dags/tutorial_dag.py
[2025-05-06T08:15:26.061+0000] {logging_mixin.py:190} INFO - [2025-05-06T08:15:26.061+0000] {dag.py:3239} INFO - Sync 1 DAGs
[2025-05-06T08:15:26.073+0000] {logging_mixin.py:190} INFO - [2025-05-06T08:15:26.072+0000] {dag.py:4180} INFO - Setting next_dagrun for tutorial_dag to None, run_after=None
[2025-05-06T08:15:26.088+0000] {processor.py:208} INFO - Processing /home/airflow/.local/lib/python3.12/site-packages/airflow/example_dags/tutorial_dag.py took 0.054 seconds
[2025-05-06T08:15:56.740+0000] {processor.py:186} INFO - Started process (PID=1262) to work on /home/airflow/.local/lib/python3.12/site-packages/airflow/example_dags/tutorial_dag.py
[2025-05-06T08:15:56.741+0000] {processor.py:914} INFO - Processing file /home/airflow/.local/lib/python3.12/site-packages/airflow/example_dags/tutorial_dag.py for tasks to queue
[2025-05-06T08:15:56.742+0000] {logging_mixin.py:190} INFO - [2025-05-06T08:15:56.742+0000] {dagbag.py:588} INFO - Filling up the DagBag from /home/airflow/.local/lib/python3.12/site-packages/airflow/example_dags/tutorial_dag.py
[2025-05-06T08:15:56.747+0000] {processor.py:925} INFO - DAG(s) 'tutorial_dag' retrieved from /home/airflow/.local/lib/python3.12/site-packages/airflow/example_dags/tutorial_dag.py
[2025-05-06T08:15:56.762+0000] {logging_mixin.py:190} INFO - [2025-05-06T08:15:56.762+0000] {dag.py:3239} INFO - Sync 1 DAGs
[2025-05-06T08:15:56.772+0000] {logging_mixin.py:190} INFO - [2025-05-06T08:15:56.772+0000] {dag.py:4180} INFO - Setting next_dagrun for tutorial_dag to None, run_after=None
[2025-05-06T08:15:56.787+0000] {processor.py:208} INFO - Processing /home/airflow/.local/lib/python3.12/site-packages/airflow/example_dags/tutorial_dag.py took 0.051 seconds
[2025-05-06T08:16:27.527+0000] {processor.py:186} INFO - Started process (PID=1332) to work on /home/airflow/.local/lib/python3.12/site-packages/airflow/example_dags/tutorial_dag.py
[2025-05-06T08:16:27.528+0000] {processor.py:914} INFO - Processing file /home/airflow/.local/lib/python3.12/site-packages/airflow/example_dags/tutorial_dag.py for tasks to queue
[2025-05-06T08:16:27.529+0000] {logging_mixin.py:190} INFO - [2025-05-06T08:16:27.529+0000] {dagbag.py:588} INFO - Filling up the DagBag from /home/airflow/.local/lib/python3.12/site-packages/airflow/example_dags/tutorial_dag.py
[2025-05-06T08:16:27.535+0000] {processor.py:925} INFO - DAG(s) 'tutorial_dag' retrieved from /home/airflow/.local/lib/python3.12/site-packages/airflow/example_dags/tutorial_dag.py
[2025-05-06T08:16:27.549+0000] {logging_mixin.py:190} INFO - [2025-05-06T08:16:27.549+0000] {dag.py:3239} INFO - Sync 1 DAGs
[2025-05-06T08:16:27.561+0000] {logging_mixin.py:190} INFO - [2025-05-06T08:16:27.561+0000] {dag.py:4180} INFO - Setting next_dagrun for tutorial_dag to None, run_after=None
[2025-05-06T08:16:27.578+0000] {processor.py:208} INFO - Processing /home/airflow/.local/lib/python3.12/site-packages/airflow/example_dags/tutorial_dag.py took 0.056 seconds
[2025-05-06T08:16:58.296+0000] {processor.py:186} INFO - Started process (PID=1402) to work on /home/airflow/.local/lib/python3.12/site-packages/airflow/example_dags/tutorial_dag.py
[2025-05-06T08:16:58.296+0000] {processor.py:914} INFO - Processing file /home/airflow/.local/lib/python3.12/site-packages/airflow/example_dags/tutorial_dag.py for tasks to queue
[2025-05-06T08:16:58.298+0000] {logging_mixin.py:190} INFO - [2025-05-06T08:16:58.298+0000] {dagbag.py:588} INFO - Filling up the DagBag from /home/airflow/.local/lib/python3.12/site-packages/airflow/example_dags/tutorial_dag.py
[2025-05-06T08:16:58.303+0000] {processor.py:925} INFO - DAG(s) 'tutorial_dag' retrieved from /home/airflow/.local/lib/python3.12/site-packages/airflow/example_dags/tutorial_dag.py
[2025-05-06T08:16:58.318+0000] {logging_mixin.py:190} INFO - [2025-05-06T08:16:58.318+0000] {dag.py:3239} INFO - Sync 1 DAGs
[2025-05-06T08:16:58.330+0000] {logging_mixin.py:190} INFO - [2025-05-06T08:16:58.330+0000] {dag.py:4180} INFO - Setting next_dagrun for tutorial_dag to None, run_after=None
[2025-05-06T08:16:58.347+0000] {processor.py:208} INFO - Processing /home/airflow/.local/lib/python3.12/site-packages/airflow/example_dags/tutorial_dag.py took 0.056 seconds
[2025-05-06T08:17:29.481+0000] {processor.py:186} INFO - Started process (PID=1472) to work on /home/airflow/.local/lib/python3.12/site-packages/airflow/example_dags/tutorial_dag.py
[2025-05-06T08:17:29.481+0000] {processor.py:914} INFO - Processing file /home/airflow/.local/lib/python3.12/site-packages/airflow/example_dags/tutorial_dag.py for tasks to queue
[2025-05-06T08:17:29.483+0000] {logging_mixin.py:190} INFO - [2025-05-06T08:17:29.483+0000] {dagbag.py:588} INFO - Filling up the DagBag from /home/airflow/.local/lib/python3.12/site-packages/airflow/example_dags/tutorial_dag.py
[2025-05-06T08:17:29.488+0000] {processor.py:925} INFO - DAG(s) 'tutorial_dag' retrieved from /home/airflow/.local/lib/python3.12/site-packages/airflow/example_dags/tutorial_dag.py
[2025-05-06T08:17:29.503+0000] {logging_mixin.py:190} INFO - [2025-05-06T08:17:29.502+0000] {dag.py:3239} INFO - Sync 1 DAGs
[2025-05-06T08:17:29.516+0000] {logging_mixin.py:190} INFO - [2025-05-06T08:17:29.515+0000] {dag.py:4180} INFO - Setting next_dagrun for tutorial_dag to None, run_after=None
[2025-05-06T08:17:29.531+0000] {processor.py:208} INFO - Processing /home/airflow/.local/lib/python3.12/site-packages/airflow/example_dags/tutorial_dag.py took 0.055 seconds
[2025-05-06T08:18:00.201+0000] {processor.py:186} INFO - Started process (PID=1542) to work on /home/airflow/.local/lib/python3.12/site-packages/airflow/example_dags/tutorial_dag.py
[2025-05-06T08:18:00.202+0000] {processor.py:914} INFO - Processing file /home/airflow/.local/lib/python3.12/site-packages/airflow/example_dags/tutorial_dag.py for tasks to queue
[2025-05-06T08:18:00.204+0000] {logging_mixin.py:190} INFO - [2025-05-06T08:18:00.203+0000] {dagbag.py:588} INFO - Filling up the DagBag from /home/airflow/.local/lib/python3.12/site-packages/airflow/example_dags/tutorial_dag.py
[2025-05-06T08:18:00.210+0000] {processor.py:925} INFO - DAG(s) 'tutorial_dag' retrieved from /home/airflow/.local/lib/python3.12/site-packages/airflow/example_dags/tutorial_dag.py
[2025-05-06T08:18:00.226+0000] {logging_mixin.py:190} INFO - [2025-05-06T08:18:00.226+0000] {dag.py:3239} INFO - Sync 1 DAGs
[2025-05-06T08:18:00.239+0000] {logging_mixin.py:190} INFO - [2025-05-06T08:18:00.238+0000] {dag.py:4180} INFO - Setting next_dagrun for tutorial_dag to None, run_after=None
[2025-05-06T08:18:00.263+0000] {processor.py:208} INFO - Processing /home/airflow/.local/lib/python3.12/site-packages/airflow/example_dags/tutorial_dag.py took 0.066 seconds
[2025-05-06T08:18:30.929+0000] {processor.py:186} INFO - Started process (PID=1612) to work on /home/airflow/.local/lib/python3.12/site-packages/airflow/example_dags/tutorial_dag.py
[2025-05-06T08:18:30.930+0000] {processor.py:914} INFO - Processing file /home/airflow/.local/lib/python3.12/site-packages/airflow/example_dags/tutorial_dag.py for tasks to queue
[2025-05-06T08:18:30.932+0000] {logging_mixin.py:190} INFO - [2025-05-06T08:18:30.932+0000] {dagbag.py:588} INFO - Filling up the DagBag from /home/airflow/.local/lib/python3.12/site-packages/airflow/example_dags/tutorial_dag.py
[2025-05-06T08:18:30.938+0000] {processor.py:925} INFO - DAG(s) 'tutorial_dag' retrieved from /home/airflow/.local/lib/python3.12/site-packages/airflow/example_dags/tutorial_dag.py
[2025-05-06T08:18:30.954+0000] {logging_mixin.py:190} INFO - [2025-05-06T08:18:30.954+0000] {dag.py:3239} INFO - Sync 1 DAGs
[2025-05-06T08:18:30.967+0000] {logging_mixin.py:190} INFO - [2025-05-06T08:18:30.967+0000] {dag.py:4180} INFO - Setting next_dagrun for tutorial_dag to None, run_after=None
[2025-05-06T08:18:30.985+0000] {processor.py:208} INFO - Processing /home/airflow/.local/lib/python3.12/site-packages/airflow/example_dags/tutorial_dag.py took 0.062 seconds
[2025-05-06T08:19:01.802+0000] {processor.py:186} INFO - Started process (PID=1682) to work on /home/airflow/.local/lib/python3.12/site-packages/airflow/example_dags/tutorial_dag.py
[2025-05-06T08:19:01.802+0000] {processor.py:914} INFO - Processing file /home/airflow/.local/lib/python3.12/site-packages/airflow/example_dags/tutorial_dag.py for tasks to queue
[2025-05-06T08:19:01.804+0000] {logging_mixin.py:190} INFO - [2025-05-06T08:19:01.804+0000] {dagbag.py:588} INFO - Filling up the DagBag from /home/airflow/.local/lib/python3.12/site-packages/airflow/example_dags/tutorial_dag.py
[2025-05-06T08:19:01.809+0000] {processor.py:925} INFO - DAG(s) 'tutorial_dag' retrieved from /home/airflow/.local/lib/python3.12/site-packages/airflow/example_dags/tutorial_dag.py
[2025-05-06T08:19:01.823+0000] {logging_mixin.py:190} INFO - [2025-05-06T08:19:01.823+0000] {dag.py:3239} INFO - Sync 1 DAGs
[2025-05-06T08:19:01.834+0000] {logging_mixin.py:190} INFO - [2025-05-06T08:19:01.834+0000] {dag.py:4180} INFO - Setting next_dagrun for tutorial_dag to None, run_after=None
[2025-05-06T08:19:01.851+0000] {processor.py:208} INFO - Processing /home/airflow/.local/lib/python3.12/site-packages/airflow/example_dags/tutorial_dag.py took 0.054 seconds
[2025-05-06T08:19:32.592+0000] {processor.py:186} INFO - Started process (PID=1752) to work on /home/airflow/.local/lib/python3.12/site-packages/airflow/example_dags/tutorial_dag.py
[2025-05-06T08:19:32.596+0000] {processor.py:914} INFO - Processing file /home/airflow/.local/lib/python3.12/site-packages/airflow/example_dags/tutorial_dag.py for tasks to queue
[2025-05-06T08:19:32.598+0000] {logging_mixin.py:190} INFO - [2025-05-06T08:19:32.598+0000] {dagbag.py:588} INFO - Filling up the DagBag from /home/airflow/.local/lib/python3.12/site-packages/airflow/example_dags/tutorial_dag.py
[2025-05-06T08:19:32.604+0000] {processor.py:925} INFO - DAG(s) 'tutorial_dag' retrieved from /home/airflow/.local/lib/python3.12/site-packages/airflow/example_dags/tutorial_dag.py
[2025-05-06T08:19:32.617+0000] {logging_mixin.py:190} INFO - [2025-05-06T08:19:32.617+0000] {dag.py:3239} INFO - Sync 1 DAGs
[2025-05-06T08:19:32.627+0000] {logging_mixin.py:190} INFO - [2025-05-06T08:19:32.626+0000] {dag.py:4180} INFO - Setting next_dagrun for tutorial_dag to None, run_after=None
[2025-05-06T08:19:32.640+0000] {processor.py:208} INFO - Processing /home/airflow/.local/lib/python3.12/site-packages/airflow/example_dags/tutorial_dag.py took 0.053 seconds
[2025-05-06T08:20:03.336+0000] {processor.py:186} INFO - Started process (PID=1822) to work on /home/airflow/.local/lib/python3.12/site-packages/airflow/example_dags/tutorial_dag.py
[2025-05-06T08:20:03.337+0000] {processor.py:914} INFO - Processing file /home/airflow/.local/lib/python3.12/site-packages/airflow/example_dags/tutorial_dag.py for tasks to queue
[2025-05-06T08:20:03.339+0000] {logging_mixin.py:190} INFO - [2025-05-06T08:20:03.339+0000] {dagbag.py:588} INFO - Filling up the DagBag from /home/airflow/.local/lib/python3.12/site-packages/airflow/example_dags/tutorial_dag.py
[2025-05-06T08:20:03.344+0000] {processor.py:925} INFO - DAG(s) 'tutorial_dag' retrieved from /home/airflow/.local/lib/python3.12/site-packages/airflow/example_dags/tutorial_dag.py
[2025-05-06T08:20:03.358+0000] {logging_mixin.py:190} INFO - [2025-05-06T08:20:03.358+0000] {dag.py:3239} INFO - Sync 1 DAGs
[2025-05-06T08:20:03.368+0000] {logging_mixin.py:190} INFO - [2025-05-06T08:20:03.368+0000] {dag.py:4180} INFO - Setting next_dagrun for tutorial_dag to None, run_after=None
[2025-05-06T08:20:03.384+0000] {processor.py:208} INFO - Processing /home/airflow/.local/lib/python3.12/site-packages/airflow/example_dags/tutorial_dag.py took 0.051 seconds
[2025-05-06T08:20:34.266+0000] {processor.py:186} INFO - Started process (PID=1892) to work on /home/airflow/.local/lib/python3.12/site-packages/airflow/example_dags/tutorial_dag.py
[2025-05-06T08:20:34.267+0000] {processor.py:914} INFO - Processing file /home/airflow/.local/lib/python3.12/site-packages/airflow/example_dags/tutorial_dag.py for tasks to queue
[2025-05-06T08:20:34.269+0000] {logging_mixin.py:190} INFO - [2025-05-06T08:20:34.269+0000] {dagbag.py:588} INFO - Filling up the DagBag from /home/airflow/.local/lib/python3.12/site-packages/airflow/example_dags/tutorial_dag.py
[2025-05-06T08:20:34.275+0000] {processor.py:925} INFO - DAG(s) 'tutorial_dag' retrieved from /home/airflow/.local/lib/python3.12/site-packages/airflow/example_dags/tutorial_dag.py
[2025-05-06T08:20:34.290+0000] {logging_mixin.py:190} INFO - [2025-05-06T08:20:34.290+0000] {dag.py:3239} INFO - Sync 1 DAGs
[2025-05-06T08:20:34.301+0000] {logging_mixin.py:190} INFO - [2025-05-06T08:20:34.301+0000] {dag.py:4180} INFO - Setting next_dagrun for tutorial_dag to None, run_after=None
[2025-05-06T08:20:34.318+0000] {processor.py:208} INFO - Processing /home/airflow/.local/lib/python3.12/site-packages/airflow/example_dags/tutorial_dag.py took 0.056 seconds
[2025-05-06T08:21:05.146+0000] {processor.py:186} INFO - Started process (PID=1962) to work on /home/airflow/.local/lib/python3.12/site-packages/airflow/example_dags/tutorial_dag.py
[2025-05-06T08:21:05.146+0000] {processor.py:914} INFO - Processing file /home/airflow/.local/lib/python3.12/site-packages/airflow/example_dags/tutorial_dag.py for tasks to queue
[2025-05-06T08:21:05.148+0000] {logging_mixin.py:190} INFO - [2025-05-06T08:21:05.148+0000] {dagbag.py:588} INFO - Filling up the DagBag from /home/airflow/.local/lib/python3.12/site-packages/airflow/example_dags/tutorial_dag.py
[2025-05-06T08:21:05.153+0000] {processor.py:925} INFO - DAG(s) 'tutorial_dag' retrieved from /home/airflow/.local/lib/python3.12/site-packages/airflow/example_dags/tutorial_dag.py
[2025-05-06T08:21:05.168+0000] {logging_mixin.py:190} INFO - [2025-05-06T08:21:05.168+0000] {dag.py:3239} INFO - Sync 1 DAGs
[2025-05-06T08:21:05.178+0000] {logging_mixin.py:190} INFO - [2025-05-06T08:21:05.178+0000] {dag.py:4180} INFO - Setting next_dagrun for tutorial_dag to None, run_after=None
[2025-05-06T08:21:05.198+0000] {processor.py:208} INFO - Processing /home/airflow/.local/lib/python3.12/site-packages/airflow/example_dags/tutorial_dag.py took 0.056 seconds
[2025-05-06T08:21:36.049+0000] {processor.py:186} INFO - Started process (PID=2032) to work on /home/airflow/.local/lib/python3.12/site-packages/airflow/example_dags/tutorial_dag.py
[2025-05-06T08:21:36.050+0000] {processor.py:914} INFO - Processing file /home/airflow/.local/lib/python3.12/site-packages/airflow/example_dags/tutorial_dag.py for tasks to queue
[2025-05-06T08:21:36.051+0000] {logging_mixin.py:190} INFO - [2025-05-06T08:21:36.051+0000] {dagbag.py:588} INFO - Filling up the DagBag from /home/airflow/.local/lib/python3.12/site-packages/airflow/example_dags/tutorial_dag.py
[2025-05-06T08:21:36.056+0000] {processor.py:925} INFO - DAG(s) 'tutorial_dag' retrieved from /home/airflow/.local/lib/python3.12/site-packages/airflow/example_dags/tutorial_dag.py
[2025-05-06T08:21:36.073+0000] {logging_mixin.py:190} INFO - [2025-05-06T08:21:36.073+0000] {dag.py:3239} INFO - Sync 1 DAGs
[2025-05-06T08:21:36.084+0000] {logging_mixin.py:190} INFO - [2025-05-06T08:21:36.084+0000] {dag.py:4180} INFO - Setting next_dagrun for tutorial_dag to None, run_after=None
[2025-05-06T08:21:36.100+0000] {processor.py:208} INFO - Processing /home/airflow/.local/lib/python3.12/site-packages/airflow/example_dags/tutorial_dag.py took 0.055 seconds
[2025-05-06T08:22:06.653+0000] {processor.py:186} INFO - Started process (PID=2102) to work on /home/airflow/.local/lib/python3.12/site-packages/airflow/example_dags/tutorial_dag.py
[2025-05-06T08:22:06.653+0000] {processor.py:914} INFO - Processing file /home/airflow/.local/lib/python3.12/site-packages/airflow/example_dags/tutorial_dag.py for tasks to queue
[2025-05-06T08:22:06.655+0000] {logging_mixin.py:190} INFO - [2025-05-06T08:22:06.654+0000] {dagbag.py:588} INFO - Filling up the DagBag from /home/airflow/.local/lib/python3.12/site-packages/airflow/example_dags/tutorial_dag.py
[2025-05-06T08:22:06.660+0000] {processor.py:925} INFO - DAG(s) 'tutorial_dag' retrieved from /home/airflow/.local/lib/python3.12/site-packages/airflow/example_dags/tutorial_dag.py
[2025-05-06T08:22:06.675+0000] {logging_mixin.py:190} INFO - [2025-05-06T08:22:06.675+0000] {dag.py:3239} INFO - Sync 1 DAGs
[2025-05-06T08:22:06.687+0000] {logging_mixin.py:190} INFO - [2025-05-06T08:22:06.687+0000] {dag.py:4180} INFO - Setting next_dagrun for tutorial_dag to None, run_after=None
[2025-05-06T08:22:06.703+0000] {processor.py:208} INFO - Processing /home/airflow/.local/lib/python3.12/site-packages/airflow/example_dags/tutorial_dag.py took 0.055 seconds
[2025-05-06T08:22:37.522+0000] {processor.py:186} INFO - Started process (PID=2178) to work on /home/airflow/.local/lib/python3.12/site-packages/airflow/example_dags/tutorial_dag.py
[2025-05-06T08:22:37.523+0000] {processor.py:914} INFO - Processing file /home/airflow/.local/lib/python3.12/site-packages/airflow/example_dags/tutorial_dag.py for tasks to queue
[2025-05-06T08:22:37.524+0000] {logging_mixin.py:190} INFO - [2025-05-06T08:22:37.524+0000] {dagbag.py:588} INFO - Filling up the DagBag from /home/airflow/.local/lib/python3.12/site-packages/airflow/example_dags/tutorial_dag.py
[2025-05-06T08:22:37.530+0000] {processor.py:925} INFO - DAG(s) 'tutorial_dag' retrieved from /home/airflow/.local/lib/python3.12/site-packages/airflow/example_dags/tutorial_dag.py
[2025-05-06T08:22:37.544+0000] {logging_mixin.py:190} INFO - [2025-05-06T08:22:37.544+0000] {dag.py:3239} INFO - Sync 1 DAGs
[2025-05-06T08:22:37.555+0000] {logging_mixin.py:190} INFO - [2025-05-06T08:22:37.554+0000] {dag.py:4180} INFO - Setting next_dagrun for tutorial_dag to None, run_after=None
[2025-05-06T08:22:37.570+0000] {processor.py:208} INFO - Processing /home/airflow/.local/lib/python3.12/site-packages/airflow/example_dags/tutorial_dag.py took 0.053 seconds
[2025-05-06T08:23:08.255+0000] {processor.py:186} INFO - Started process (PID=2248) to work on /home/airflow/.local/lib/python3.12/site-packages/airflow/example_dags/tutorial_dag.py
[2025-05-06T08:23:08.256+0000] {processor.py:914} INFO - Processing file /home/airflow/.local/lib/python3.12/site-packages/airflow/example_dags/tutorial_dag.py for tasks to queue
[2025-05-06T08:23:08.258+0000] {logging_mixin.py:190} INFO - [2025-05-06T08:23:08.258+0000] {dagbag.py:588} INFO - Filling up the DagBag from /home/airflow/.local/lib/python3.12/site-packages/airflow/example_dags/tutorial_dag.py
[2025-05-06T08:23:08.263+0000] {processor.py:925} INFO - DAG(s) 'tutorial_dag' retrieved from /home/airflow/.local/lib/python3.12/site-packages/airflow/example_dags/tutorial_dag.py
[2025-05-06T08:23:08.280+0000] {logging_mixin.py:190} INFO - [2025-05-06T08:23:08.279+0000] {dag.py:3239} INFO - Sync 1 DAGs
[2025-05-06T08:23:08.292+0000] {logging_mixin.py:190} INFO - [2025-05-06T08:23:08.291+0000] {dag.py:4180} INFO - Setting next_dagrun for tutorial_dag to None, run_after=None
[2025-05-06T08:23:08.307+0000] {processor.py:208} INFO - Processing /home/airflow/.local/lib/python3.12/site-packages/airflow/example_dags/tutorial_dag.py took 0.056 seconds
[2025-05-06T08:23:38.747+0000] {processor.py:186} INFO - Started process (PID=2318) to work on /home/airflow/.local/lib/python3.12/site-packages/airflow/example_dags/tutorial_dag.py
[2025-05-06T08:23:38.748+0000] {processor.py:914} INFO - Processing file /home/airflow/.local/lib/python3.12/site-packages/airflow/example_dags/tutorial_dag.py for tasks to queue
[2025-05-06T08:23:38.749+0000] {logging_mixin.py:190} INFO - [2025-05-06T08:23:38.749+0000] {dagbag.py:588} INFO - Filling up the DagBag from /home/airflow/.local/lib/python3.12/site-packages/airflow/example_dags/tutorial_dag.py
[2025-05-06T08:23:38.755+0000] {processor.py:925} INFO - DAG(s) 'tutorial_dag' retrieved from /home/airflow/.local/lib/python3.12/site-packages/airflow/example_dags/tutorial_dag.py
[2025-05-06T08:23:38.770+0000] {logging_mixin.py:190} INFO - [2025-05-06T08:23:38.770+0000] {dag.py:3239} INFO - Sync 1 DAGs
[2025-05-06T08:23:38.780+0000] {logging_mixin.py:190} INFO - [2025-05-06T08:23:38.780+0000] {dag.py:4180} INFO - Setting next_dagrun for tutorial_dag to None, run_after=None
[2025-05-06T08:23:38.795+0000] {processor.py:208} INFO - Processing /home/airflow/.local/lib/python3.12/site-packages/airflow/example_dags/tutorial_dag.py took 0.052 seconds
[2025-05-06T08:24:09.875+0000] {processor.py:186} INFO - Started process (PID=2388) to work on /home/airflow/.local/lib/python3.12/site-packages/airflow/example_dags/tutorial_dag.py
[2025-05-06T08:24:09.876+0000] {processor.py:914} INFO - Processing file /home/airflow/.local/lib/python3.12/site-packages/airflow/example_dags/tutorial_dag.py for tasks to queue
[2025-05-06T08:24:09.878+0000] {logging_mixin.py:190} INFO - [2025-05-06T08:24:09.877+0000] {dagbag.py:588} INFO - Filling up the DagBag from /home/airflow/.local/lib/python3.12/site-packages/airflow/example_dags/tutorial_dag.py
[2025-05-06T08:24:09.884+0000] {processor.py:925} INFO - DAG(s) 'tutorial_dag' retrieved from /home/airflow/.local/lib/python3.12/site-packages/airflow/example_dags/tutorial_dag.py
[2025-05-06T08:24:09.898+0000] {logging_mixin.py:190} INFO - [2025-05-06T08:24:09.898+0000] {dag.py:3239} INFO - Sync 1 DAGs
[2025-05-06T08:24:09.910+0000] {logging_mixin.py:190} INFO - [2025-05-06T08:24:09.910+0000] {dag.py:4180} INFO - Setting next_dagrun for tutorial_dag to None, run_after=None
[2025-05-06T08:24:09.614+0000] {processor.py:208} INFO - Processing /home/airflow/.local/lib/python3.12/site-packages/airflow/example_dags/tutorial_dag.py took 0.057 seconds
[2025-05-06T08:24:41.101+0000] {processor.py:186} INFO - Started process (PID=2457) to work on /home/airflow/.local/lib/python3.12/site-packages/airflow/example_dags/tutorial_dag.py
[2025-05-06T08:24:41.102+0000] {processor.py:914} INFO - Processing file /home/airflow/.local/lib/python3.12/site-packages/airflow/example_dags/tutorial_dag.py for tasks to queue
[2025-05-06T08:24:41.104+0000] {logging_mixin.py:190} INFO - [2025-05-06T08:24:41.104+0000] {dagbag.py:588} INFO - Filling up the DagBag from /home/airflow/.local/lib/python3.12/site-packages/airflow/example_dags/tutorial_dag.py
[2025-05-06T08:24:41.109+0000] {processor.py:925} INFO - DAG(s) 'tutorial_dag' retrieved from /home/airflow/.local/lib/python3.12/site-packages/airflow/example_dags/tutorial_dag.py
[2025-05-06T08:24:41.122+0000] {logging_mixin.py:190} INFO - [2025-05-06T08:24:41.122+0000] {dag.py:3239} INFO - Sync 1 DAGs
[2025-05-06T08:24:41.135+0000] {logging_mixin.py:190} INFO - [2025-05-06T08:24:41.135+0000] {dag.py:4180} INFO - Setting next_dagrun for tutorial_dag to None, run_after=None
[2025-05-06T08:24:41.152+0000] {processor.py:208} INFO - Processing /home/airflow/.local/lib/python3.12/site-packages/airflow/example_dags/tutorial_dag.py took 0.055 seconds
[2025-05-06T08:25:11.871+0000] {processor.py:186} INFO - Started process (PID=2527) to work on /home/airflow/.local/lib/python3.12/site-packages/airflow/example_dags/tutorial_dag.py
[2025-05-06T08:25:11.872+0000] {processor.py:914} INFO - Processing file /home/airflow/.local/lib/python3.12/site-packages/airflow/example_dags/tutorial_dag.py for tasks to queue
[2025-05-06T08:25:11.874+0000] {logging_mixin.py:190} INFO - [2025-05-06T08:25:11.873+0000] {dagbag.py:588} INFO - Filling up the DagBag from /home/airflow/.local/lib/python3.12/site-packages/airflow/example_dags/tutorial_dag.py
[2025-05-06T08:25:11.879+0000] {processor.py:925} INFO - DAG(s) 'tutorial_dag' retrieved from /home/airflow/.local/lib/python3.12/site-packages/airflow/example_dags/tutorial_dag.py
[2025-05-06T08:25:11.895+0000] {logging_mixin.py:190} INFO - [2025-05-06T08:25:11.895+0000] {dag.py:3239} INFO - Sync 1 DAGs
[2025-05-06T08:25:11.906+0000] {logging_mixin.py:190} INFO - [2025-05-06T08:25:11.905+0000] {dag.py:4180} INFO - Setting next_dagrun for tutorial_dag to None, run_after=None
[2025-05-06T08:25:11.925+0000] {processor.py:208} INFO - Processing /home/airflow/.local/lib/python3.12/site-packages/airflow/example_dags/tutorial_dag.py took 0.058 seconds
[2025-05-06T08:25:43.203+0000] {processor.py:186} INFO - Started process (PID=2598) to work on /home/airflow/.local/lib/python3.12/site-packages/airflow/example_dags/tutorial_dag.py
[2025-05-06T08:25:43.204+0000] {processor.py:914} INFO - Processing file /home/airflow/.local/lib/python3.12/site-packages/airflow/example_dags/tutorial_dag.py for tasks to queue
[2025-05-06T08:25:43.206+0000] {logging_mixin.py:190} INFO - [2025-05-06T08:25:43.206+0000] {dagbag.py:588} INFO - Filling up the DagBag from /home/airflow/.local/lib/python3.12/site-packages/airflow/example_dags/tutorial_dag.py
[2025-05-06T08:25:43.212+0000] {processor.py:925} INFO - DAG(s) 'tutorial_dag' retrieved from /home/airflow/.local/lib/python3.12/site-packages/airflow/example_dags/tutorial_dag.py
[2025-05-06T08:25:43.229+0000] {logging_mixin.py:190} INFO - [2025-05-06T08:25:43.229+0000] {dag.py:3239} INFO - Sync 1 DAGs
[2025-05-06T08:25:43.242+0000] {logging_mixin.py:190} INFO - [2025-05-06T08:25:43.242+0000] {dag.py:4180} INFO - Setting next_dagrun for tutorial_dag to None, run_after=None
[2025-05-06T08:25:43.260+0000] {processor.py:208} INFO - Processing /home/airflow/.local/lib/python3.12/site-packages/airflow/example_dags/tutorial_dag.py took 0.062 seconds
[2025-05-06T08:26:14.566+0000] {processor.py:186} INFO - Started process (PID=2668) to work on /home/airflow/.local/lib/python3.12/site-packages/airflow/example_dags/tutorial_dag.py
[2025-05-06T08:26:14.567+0000] {processor.py:914} INFO - Processing file /home/airflow/.local/lib/python3.12/site-packages/airflow/example_dags/tutorial_dag.py for tasks to queue
[2025-05-06T08:26:14.568+0000] {logging_mixin.py:190} INFO - [2025-05-06T08:26:14.568+0000] {dagbag.py:588} INFO - Filling up the DagBag from /home/airflow/.local/lib/python3.12/site-packages/airflow/example_dags/tutorial_dag.py
[2025-05-06T08:26:14.573+0000] {processor.py:925} INFO - DAG(s) 'tutorial_dag' retrieved from /home/airflow/.local/lib/python3.12/site-packages/airflow/example_dags/tutorial_dag.py
[2025-05-06T08:26:14.587+0000] {logging_mixin.py:190} INFO - [2025-05-06T08:26:14.587+0000] {dag.py:3239} INFO - Sync 1 DAGs
[2025-05-06T08:26:14.599+0000] {logging_mixin.py:190} INFO - [2025-05-06T08:26:14.599+0000] {dag.py:4180} INFO - Setting next_dagrun for tutorial_dag to None, run_after=None
[2025-05-06T08:26:14.615+0000] {processor.py:208} INFO - Processing /home/airflow/.local/lib/python3.12/site-packages/airflow/example_dags/tutorial_dag.py took 0.053 seconds
[2025-05-06T08:26:45.824+0000] {processor.py:186} INFO - Started process (PID=2738) to work on /home/airflow/.local/lib/python3.12/site-packages/airflow/example_dags/tutorial_dag.py
[2025-05-06T08:26:45.828+0000] {processor.py:914} INFO - Processing file /home/airflow/.local/lib/python3.12/site-packages/airflow/example_dags/tutorial_dag.py for tasks to queue
[2025-05-06T08:26:45.831+0000] {logging_mixin.py:190} INFO - [2025-05-06T08:26:45.831+0000] {dagbag.py:588} INFO - Filling up the DagBag from /home/airflow/.local/lib/python3.12/site-packages/airflow/example_dags/tutorial_dag.py
[2025-05-06T08:26:45.841+0000] {processor.py:925} INFO - DAG(s) 'tutorial_dag' retrieved from /home/airflow/.local/lib/python3.12/site-packages/airflow/example_dags/tutorial_dag.py
[2025-05-06T08:26:45.869+0000] {logging_mixin.py:190} INFO - [2025-05-06T08:26:45.869+0000] {dag.py:3239} INFO - Sync 1 DAGs
[2025-05-06T08:26:45.886+0000] {logging_mixin.py:190} INFO - [2025-05-06T08:26:45.885+0000] {dag.py:4180} INFO - Setting next_dagrun for tutorial_dag to None, run_after=None
[2025-05-06T08:26:45.914+0000] {processor.py:208} INFO - Processing /home/airflow/.local/lib/python3.12/site-packages/airflow/example_dags/tutorial_dag.py took 0.103 seconds
[2025-05-06T08:27:17.170+0000] {processor.py:186} INFO - Started process (PID=2809) to work on /home/airflow/.local/lib/python3.12/site-packages/airflow/example_dags/tutorial_dag.py
[2025-05-06T08:27:17.171+0000] {processor.py:914} INFO - Processing file /home/airflow/.local/lib/python3.12/site-packages/airflow/example_dags/tutorial_dag.py for tasks to queue
[2025-05-06T08:27:17.172+0000] {logging_mixin.py:190} INFO - [2025-05-06T08:27:17.172+0000] {dagbag.py:588} INFO - Filling up the DagBag from /home/airflow/.local/lib/python3.12/site-packages/airflow/example_dags/tutorial_dag.py
[2025-05-06T08:27:17.178+0000] {processor.py:925} INFO - DAG(s) 'tutorial_dag' retrieved from /home/airflow/.local/lib/python3.12/site-packages/airflow/example_dags/tutorial_dag.py
[2025-05-06T08:27:17.195+0000] {logging_mixin.py:190} INFO - [2025-05-06T08:27:17.195+0000] {dag.py:3239} INFO - Sync 1 DAGs
[2025-05-06T08:27:17.206+0000] {logging_mixin.py:190} INFO - [2025-05-06T08:27:17.206+0000] {dag.py:4180} INFO - Setting next_dagrun for tutorial_dag to None, run_after=None
[2025-05-06T08:27:17.222+0000] {processor.py:208} INFO - Processing /home/airflow/.local/lib/python3.12/site-packages/airflow/example_dags/tutorial_dag.py took 0.057 seconds
[2025-05-06T08:27:48.560+0000] {processor.py:186} INFO - Started process (PID=2880) to work on /home/airflow/.local/lib/python3.12/site-packages/airflow/example_dags/tutorial_dag.py
[2025-05-06T08:27:48.562+0000] {processor.py:914} INFO - Processing file /home/airflow/.local/lib/python3.12/site-packages/airflow/example_dags/tutorial_dag.py for tasks to queue
[2025-05-06T08:27:48.563+0000] {logging_mixin.py:190} INFO - [2025-05-06T08:27:48.562+0000] {dagbag.py:588} INFO - Filling up the DagBag from /home/airflow/.local/lib/python3.12/site-packages/airflow/example_dags/tutorial_dag.py
[2025-05-06T08:27:48.569+0000] {processor.py:925} INFO - DAG(s) 'tutorial_dag' retrieved from /home/airflow/.local/lib/python3.12/site-packages/airflow/example_dags/tutorial_dag.py
[2025-05-06T08:27:48.591+0000] {logging_mixin.py:190} INFO - [2025-05-06T08:27:48.591+0000] {dag.py:3239} INFO - Sync 1 DAGs
[2025-05-06T08:27:48.606+0000] {logging_mixin.py:190} INFO - [2025-05-06T08:27:48.606+0000] {dag.py:4180} INFO - Setting next_dagrun for tutorial_dag to None, run_after=None
[2025-05-06T08:27:48.630+0000] {processor.py:208} INFO - Processing /home/airflow/.local/lib/python3.12/site-packages/airflow/example_dags/tutorial_dag.py took 0.075 seconds
[2025-05-06T08:28:19.103+0000] {processor.py:186} INFO - Started process (PID=2955) to work on /home/airflow/.local/lib/python3.12/site-packages/airflow/example_dags/tutorial_dag.py
[2025-05-06T08:28:19.104+0000] {processor.py:914} INFO - Processing file /home/airflow/.local/lib/python3.12/site-packages/airflow/example_dags/tutorial_dag.py for tasks to queue
[2025-05-06T08:28:19.105+0000] {logging_mixin.py:190} INFO - [2025-05-06T08:28:19.104+0000] {dagbag.py:588} INFO - Filling up the DagBag from /home/airflow/.local/lib/python3.12/site-packages/airflow/example_dags/tutorial_dag.py
[2025-05-06T08:28:19.110+0000] {processor.py:925} INFO - DAG(s) 'tutorial_dag' retrieved from /home/airflow/.local/lib/python3.12/site-packages/airflow/example_dags/tutorial_dag.py
[2025-05-06T08:28:19.125+0000] {logging_mixin.py:190} INFO - [2025-05-06T08:28:19.125+0000] {dag.py:3239} INFO - Sync 1 DAGs
[2025-05-06T08:28:19.137+0000] {logging_mixin.py:190} INFO - [2025-05-06T08:28:19.137+0000] {dag.py:4180} INFO - Setting next_dagrun for tutorial_dag to None, run_after=None
[2025-05-06T08:28:19.152+0000] {processor.py:208} INFO - Processing /home/airflow/.local/lib/python3.12/site-packages/airflow/example_dags/tutorial_dag.py took 0.054 seconds
[2025-05-06T08:28:50.411+0000] {processor.py:186} INFO - Started process (PID=3028) to work on /home/airflow/.local/lib/python3.12/site-packages/airflow/example_dags/tutorial_dag.py
[2025-05-06T08:28:50.412+0000] {processor.py:914} INFO - Processing file /home/airflow/.local/lib/python3.12/site-packages/airflow/example_dags/tutorial_dag.py for tasks to queue
[2025-05-06T08:28:50.413+0000] {logging_mixin.py:190} INFO - [2025-05-06T08:28:50.412+0000] {dagbag.py:588} INFO - Filling up the DagBag from /home/airflow/.local/lib/python3.12/site-packages/airflow/example_dags/tutorial_dag.py
[2025-05-06T08:28:50.418+0000] {processor.py:925} INFO - DAG(s) 'tutorial_dag' retrieved from /home/airflow/.local/lib/python3.12/site-packages/airflow/example_dags/tutorial_dag.py
[2025-05-06T08:28:50.432+0000] {logging_mixin.py:190} INFO - [2025-05-06T08:28:50.432+0000] {dag.py:3239} INFO - Sync 1 DAGs
[2025-05-06T08:28:50.445+0000] {logging_mixin.py:190} INFO - [2025-05-06T08:28:50.444+0000] {dag.py:4180} INFO - Setting next_dagrun for tutorial_dag to None, run_after=None
[2025-05-06T08:28:50.460+0000] {processor.py:208} INFO - Processing /home/airflow/.local/lib/python3.12/site-packages/airflow/example_dags/tutorial_dag.py took 0.053 seconds
