[2025-05-07T01:41:52.702+0000] {local_task_job_runner.py:123} INFO - ::group::Pre task execution logs
[2025-05-07T01:41:52.719+0000] {taskinstance.py:2614} INFO - Dependencies all met for dep_context=non-requeueable deps ti=<TaskInstance: dags_python_show_templates.python_task manual__2025-05-07T01:41:50.123788+00:00 [queued]>
[2025-05-07T01:41:52.727+0000] {taskinstance.py:2614} INFO - Dependencies all met for dep_context=requeueable deps ti=<TaskInstance: dags_python_show_templates.python_task manual__2025-05-07T01:41:50.123788+00:00 [queued]>
[2025-05-07T01:41:52.728+0000] {taskinstance.py:2867} INFO - Starting attempt 1 of 1
[2025-05-07T01:41:52.923+0000] {taskinstance.py:2890} INFO - Executing <Task(_PythonDecoratedOperator): python_task> on 2025-05-07 01:41:50.123788+00:00
[2025-05-07T01:41:52.935+0000] {warnings.py:112} WARNING - /home/***/.local/lib/python3.12/site-packages/***/task/task_runner/standard_task_runner.py:70: DeprecationWarning: This process (pid=3635) is multi-threaded, use of fork() may lead to deadlocks in the child.
  pid = os.fork()

[2025-05-07T01:41:52.936+0000] {standard_task_runner.py:72} INFO - Started process 3637 to run task
[2025-05-07T01:41:52.935+0000] {standard_task_runner.py:104} INFO - Running: ['***', 'tasks', 'run', 'dags_python_show_templates', 'python_task', 'manual__2025-05-07T01:41:50.123788+00:00', '--job-id', '52', '--raw', '--subdir', 'DAGS_FOLDER/dags_python_show_templates.py', '--cfg-path', '/tmp/tmpz92y27kp']
[2025-05-07T01:41:52.936+0000] {standard_task_runner.py:105} INFO - Job 52: Subtask python_task
[2025-05-07T01:41:52.994+0000] {task_command.py:467} INFO - Running <TaskInstance: dags_python_show_templates.python_task manual__2025-05-07T01:41:50.123788+00:00 [running]> on host 11348a8299f1
[2025-05-07T01:41:53.144+0000] {taskinstance.py:3134} INFO - Exporting env vars: AIRFLOW_CTX_DAG_OWNER='***' AIRFLOW_CTX_DAG_ID='dags_python_show_templates' AIRFLOW_CTX_TASK_ID='python_task' AIRFLOW_CTX_EXECUTION_DATE='2025-05-07T01:41:50.123788+00:00' AIRFLOW_CTX_TRY_NUMBER='1' AIRFLOW_CTX_DAG_RUN_ID='manual__2025-05-07T01:41:50.123788+00:00'
[2025-05-07T01:41:53.145+0000] {logging_mixin.py:190} INFO - Task instance is in running state
[2025-05-07T01:41:53.145+0000] {logging_mixin.py:190} INFO -  Previous state of the Task instance: queued
[2025-05-07T01:41:53.146+0000] {logging_mixin.py:190} INFO - Current task name:python_task state:running start_date:2025-05-07 01:41:52.719514+00:00
[2025-05-07T01:41:53.146+0000] {logging_mixin.py:190} INFO - Dag name:dags_python_show_templates and current dag run status:running
[2025-05-07T01:41:53.146+0000] {taskinstance.py:732} INFO - ::endgroup::
[2025-05-07T01:41:53.158+0000] {logging_mixin.py:190} INFO - {'conf': <Proxy at 0x7fccd99f7200 with factory functools.partial(<function lazy_mapping_from_context.<locals>._deprecated_proxy_factory at 0x7fccd9a47c40>, 'conf', <***.configuration.AirflowConfigParser object at 0x7fcd0d6bafc0>)>,
 'conn': None,
 'dag': <DAG: dags_python_show_templates>,
 'dag_run': <DagRun dags_python_show_templates @ 2025-05-07 01:41:50.123788+00:00: manual__2025-05-07T01:41:50.123788+00:00, state:running, queued_at: 2025-05-07 01:41:50.149262+00:00. externally triggered: True>,
 'data_interval_end': DateTime(2025, 5, 2, 15, 10, 0, tzinfo=Timezone('UTC')),
 'data_interval_start': DateTime(2025, 4, 4, 15, 10, 0, tzinfo=Timezone('UTC')),
 'ds': '2025-05-07',
 'ds_nodash': '20250507',
 'execution_date': <Proxy at 0x7fccd9a5b8c0 with factory functools.partial(<function lazy_mapping_from_context.<locals>._deprecated_proxy_factory at 0x7fccd9a47c40>, 'execution_date', DateTime(2025, 5, 7, 1, 41, 50, 123788, tzinfo=Timezone('UTC')))>,
 'expanded_ti_count': None,
 'inlet_events': InletEventsAccessors(_inlets=[], _datasets={}, _dataset_aliases={}, _session=<sqlalchemy.orm.session.Session object at 0x7fccd9add250>),
 'inlets': [],
 'logical_date': DateTime(2025, 5, 7, 1, 41, 50, 123788, tzinfo=Timezone('UTC')),
 'macros': <module '***.macros' from '/home/***/.local/lib/python3.12/site-packages/***/macros/__init__.py'>,
 'map_index_template': None,
 'next_ds': <Proxy at 0x7fccec7263c0 with factory functools.partial(<function lazy_mapping_from_context.<locals>._deprecated_proxy_factory at 0x7fccd9a47c40>, 'next_ds', '2025-05-07')>,
 'next_ds_nodash': <Proxy at 0x7fccd9aa9300 with factory functools.partial(<function lazy_mapping_from_context.<locals>._deprecated_proxy_factory at 0x7fccd9a47c40>, 'next_ds_nodash', '20250507')>,
 'next_execution_date': <Proxy at 0x7fccd9b17600 with factory functools.partial(<function lazy_mapping_from_context.<locals>._deprecated_proxy_factory at 0x7fccd9a47c40>, 'next_execution_date', DateTime(2025, 5, 7, 1, 41, 50, 123788, tzinfo=Timezone('UTC')))>,
 'outlet_events': <***.utils.context.OutletEventAccessors object at 0x7fcd0cc19070>,
 'outlets': [],
 'params': {},
 'prev_data_interval_end_success': None,
 'prev_data_interval_start_success': None,
 'prev_ds': <Proxy at 0x7fccd995ca00 with factory functools.partial(<function lazy_mapping_from_context.<locals>._deprecated_proxy_factory at 0x7fccd9a47c40>, 'prev_ds', '2025-05-07')>,
 'prev_ds_nodash': <Proxy at 0x7fccd9a80840 with factory functools.partial(<function lazy_mapping_from_context.<locals>._deprecated_proxy_factory at 0x7fccd9a47c40>, 'prev_ds_nodash', '20250507')>,
 'prev_end_date_success': None,
 'prev_execution_date': <Proxy at 0x7fccd98e1ec0 with factory functools.partial(<function lazy_mapping_from_context.<locals>._deprecated_proxy_factory at 0x7fccd9a47c40>, 'prev_execution_date', DateTime(2025, 5, 7, 1, 41, 50, 123788, tzinfo=Timezone('UTC')))>,
 'prev_execution_date_success': <Proxy at 0x7fccd98e0e80 with factory functools.partial(<function lazy_mapping_from_context.<locals>._deprecated_proxy_factory at 0x7fccd9a47c40>, 'prev_execution_date_success', None)>,
 'prev_start_date_success': None,
 'run_id': 'manual__2025-05-07T01:41:50.123788+00:00',
 'task': <Task(_PythonDecoratedOperator): python_task>,
 'task_instance': <TaskInstance: dags_python_show_templates.python_task manual__2025-05-07T01:41:50.123788+00:00 [running]>,
 'task_instance_key_str': 'dags_python_show_templates__python_task__20250507',
 'templates_dict': None,
 'test_mode': False,
 'ti': <TaskInstance: dags_python_show_templates.python_task manual__2025-05-07T01:41:50.123788+00:00 [running]>,
 'tomorrow_ds': <Proxy at 0x7fccd98e0a40 with factory functools.partial(<function lazy_mapping_from_context.<locals>._deprecated_proxy_factory at 0x7fccd9a47c40>, 'tomorrow_ds', '2025-05-08')>,
 'tomorrow_ds_nodash': <Proxy at 0x7fccd98e0a00 with factory functools.partial(<function lazy_mapping_from_context.<locals>._deprecated_proxy_factory at 0x7fccd9a47c40>, 'tomorrow_ds_nodash', '20250508')>,
 'triggering_dataset_events': <Proxy at 0x7fccd9895700 with factory <function _get_template_context.<locals>.get_triggering_events at 0x7fccd9961300>>,
 'ts': '2025-05-07T01:41:50.123788+00:00',
 'ts_nodash': '20250507T014150',
 'ts_nodash_with_tz': '20250507T014150.123788+0000',
 'var': {'json': None, 'value': None},
 'yesterday_ds': <Proxy at 0x7fccd98e09c0 with factory functools.partial(<function lazy_mapping_from_context.<locals>._deprecated_proxy_factory at 0x7fccd9a47c40>, 'yesterday_ds', '2025-05-06')>,
 'yesterday_ds_nodash': <Proxy at 0x7fccd98e0980 with factory functools.partial(<function lazy_mapping_from_context.<locals>._deprecated_proxy_factory at 0x7fccd9a47c40>, 'yesterday_ds_nodash', '20250506')>}
[2025-05-07T01:41:53.159+0000] {python.py:240} INFO - Done. Returned value was: None
[2025-05-07T01:41:53.171+0000] {taskinstance.py:341} INFO - ::group::Post task execution logs
[2025-05-07T01:41:53.171+0000] {taskinstance.py:353} INFO - Marking task as SUCCESS. dag_id=dags_python_show_templates, task_id=python_task, run_id=manual__2025-05-07T01:41:50.123788+00:00, execution_date=20250507T014150, start_date=20250507T014152, end_date=20250507T014153
[2025-05-07T01:41:53.203+0000] {logging_mixin.py:190} INFO - Task instance in success state
[2025-05-07T01:41:53.203+0000] {logging_mixin.py:190} INFO -  Previous state of the Task instance: running
[2025-05-07T01:41:53.203+0000] {logging_mixin.py:190} INFO - Dag name:dags_python_show_templates queued_at:2025-05-07 01:41:50.149262+00:00
[2025-05-07T01:41:53.204+0000] {logging_mixin.py:190} INFO - Task hostname:11348a8299f1 operator:_PythonDecoratedOperator
[2025-05-07T01:41:53.234+0000] {local_task_job_runner.py:266} INFO - Task exited with return code 0
[2025-05-07T01:41:53.272+0000] {taskinstance.py:3901} INFO - 0 downstream tasks scheduled from follow-on schedule check
[2025-05-07T01:41:53.291+0000] {local_task_job_runner.py:245} INFO - ::endgroup::
