[2025-05-12T08:33:39.172+0000] {local_task_job_runner.py:123} INFO - ::group::Pre task execution logs
[2025-05-12T08:33:39.703+0000] {taskinstance.py:2614} INFO - Dependencies all met for dep_context=non-requeueable deps ti=<TaskInstance: dags_python_with_xcom_eg2.python_xcom_push_by_return scheduled__2025-05-10T21:30:00+00:00 [queued]>
[2025-05-12T08:33:39.736+0000] {taskinstance.py:2614} INFO - Dependencies all met for dep_context=requeueable deps ti=<TaskInstance: dags_python_with_xcom_eg2.python_xcom_push_by_return scheduled__2025-05-10T21:30:00+00:00 [queued]>
[2025-05-12T08:33:39.737+0000] {taskinstance.py:2867} INFO - Starting attempt 1 of 1
[2025-05-12T08:33:39.797+0000] {taskinstance.py:2890} INFO - Executing <Task(_PythonDecoratedOperator): python_xcom_push_by_return> on 2025-05-10 21:30:00+00:00
[2025-05-12T08:33:39.826+0000] {warnings.py:112} WARNING - /home/***/.local/lib/python3.12/site-packages/***/task/task_runner/standard_task_runner.py:70: DeprecationWarning: This process (pid=83) is multi-threaded, use of fork() may lead to deadlocks in the child.
  pid = os.fork()

[2025-05-12T08:33:39.831+0000] {standard_task_runner.py:72} INFO - Started process 114 to run task
[2025-05-12T08:33:39.836+0000] {standard_task_runner.py:104} INFO - Running: ['***', 'tasks', 'run', 'dags_python_with_xcom_eg2', 'python_xcom_push_by_return', 'scheduled__2025-05-10T21:30:00+00:00', '--job-id', '131', '--raw', '--subdir', 'DAGS_FOLDER/dags_python_with_xcom_eg2.py', '--cfg-path', '/tmp/tmp3ocy8hdp']
[2025-05-12T08:33:39.839+0000] {standard_task_runner.py:105} INFO - Job 131: Subtask python_xcom_push_by_return
[2025-05-12T08:33:40.131+0000] {task_command.py:467} INFO - Running <TaskInstance: dags_python_with_xcom_eg2.python_xcom_push_by_return scheduled__2025-05-10T21:30:00+00:00 [running]> on host 11348a8299f1
[2025-05-12T08:33:40.515+0000] {taskinstance.py:3134} INFO - Exporting env vars: AIRFLOW_CTX_DAG_OWNER='***' AIRFLOW_CTX_DAG_ID='dags_python_with_xcom_eg2' AIRFLOW_CTX_TASK_ID='python_xcom_push_by_return' AIRFLOW_CTX_EXECUTION_DATE='2025-05-10T21:30:00+00:00' AIRFLOW_CTX_TRY_NUMBER='1' AIRFLOW_CTX_DAG_RUN_ID='scheduled__2025-05-10T21:30:00+00:00'
[2025-05-12T08:33:40.518+0000] {logging_mixin.py:190} INFO - Task instance is in running state
[2025-05-12T08:33:40.518+0000] {logging_mixin.py:190} INFO -  Previous state of the Task instance: queued
[2025-05-12T08:33:40.519+0000] {logging_mixin.py:190} INFO - Current task name:python_xcom_push_by_return state:running start_date:2025-05-12 08:33:39.704076+00:00
[2025-05-12T08:33:40.519+0000] {logging_mixin.py:190} INFO - Dag name:dags_python_with_xcom_eg2 and current dag run status:running
[2025-05-12T08:33:40.520+0000] {taskinstance.py:732} INFO - ::endgroup::
[2025-05-12T08:33:40.522+0000] {python.py:240} INFO - Done. Returned value was: Success
[2025-05-12T08:33:40.628+0000] {taskinstance.py:341} INFO - ::group::Post task execution logs
[2025-05-12T08:33:40.629+0000] {taskinstance.py:353} INFO - Marking task as SUCCESS. dag_id=dags_python_with_xcom_eg2, task_id=python_xcom_push_by_return, run_id=scheduled__2025-05-10T21:30:00+00:00, execution_date=20250510T213000, start_date=20250512T083339, end_date=20250512T083340
[2025-05-12T08:33:40.708+0000] {logging_mixin.py:190} INFO - Task instance in success state
[2025-05-12T08:33:40.709+0000] {logging_mixin.py:190} INFO -  Previous state of the Task instance: running
[2025-05-12T08:33:40.710+0000] {logging_mixin.py:190} INFO - Dag name:dags_python_with_xcom_eg2 queued_at:2025-05-12 08:32:32.378398+00:00
[2025-05-12T08:33:40.710+0000] {logging_mixin.py:190} INFO - Task hostname:11348a8299f1 operator:_PythonDecoratedOperator
[2025-05-12T08:33:40.760+0000] {local_task_job_runner.py:266} INFO - Task exited with return code 0
[2025-05-12T08:33:40.857+0000] {taskinstance.py:3901} INFO - 2 downstream tasks scheduled from follow-on schedule check
[2025-05-12T08:33:40.863+0000] {local_task_job_runner.py:245} INFO - ::endgroup::
