[2025-05-12T08:33:44.433+0000] {processor.py:186} INFO - Started process (PID=207) to work on /home/airflow/.local/lib/python3.12/site-packages/airflow/example_dags/example_params_trigger_ui.py
[2025-05-12T08:33:44.435+0000] {processor.py:914} INFO - Processing file /home/airflow/.local/lib/python3.12/site-packages/airflow/example_dags/example_params_trigger_ui.py for tasks to queue
[2025-05-12T08:33:44.437+0000] {logging_mixin.py:190} INFO - [2025-05-12T08:33:44.437+0000] {dagbag.py:588} INFO - Filling up the DagBag from /home/airflow/.local/lib/python3.12/site-packages/airflow/example_dags/example_params_trigger_ui.py
[2025-05-12T08:33:44.470+0000] {processor.py:925} INFO - DAG(s) 'example_params_trigger_ui' retrieved from /home/airflow/.local/lib/python3.12/site-packages/airflow/example_dags/example_params_trigger_ui.py
[2025-05-12T08:33:44.627+0000] {logging_mixin.py:190} INFO - [2025-05-12T08:33:44.626+0000] {dag.py:3239} INFO - Sync 1 DAGs
[2025-05-12T08:33:44.674+0000] {logging_mixin.py:190} INFO - [2025-05-12T08:33:44.673+0000] {dag.py:4180} INFO - Setting next_dagrun for example_params_trigger_ui to None, run_after=None
[2025-05-12T08:33:44.740+0000] {processor.py:208} INFO - Processing /home/airflow/.local/lib/python3.12/site-packages/airflow/example_dags/example_params_trigger_ui.py took 0.321 seconds
[2025-05-12T08:34:15.874+0000] {processor.py:186} INFO - Started process (PID=293) to work on /home/airflow/.local/lib/python3.12/site-packages/airflow/example_dags/example_params_trigger_ui.py
[2025-05-12T08:34:15.877+0000] {processor.py:914} INFO - Processing file /home/airflow/.local/lib/python3.12/site-packages/airflow/example_dags/example_params_trigger_ui.py for tasks to queue
[2025-05-12T08:34:15.881+0000] {logging_mixin.py:190} INFO - [2025-05-12T08:34:15.880+0000] {dagbag.py:588} INFO - Filling up the DagBag from /home/airflow/.local/lib/python3.12/site-packages/airflow/example_dags/example_params_trigger_ui.py
[2025-05-12T08:34:15.906+0000] {processor.py:925} INFO - DAG(s) 'example_params_trigger_ui' retrieved from /home/airflow/.local/lib/python3.12/site-packages/airflow/example_dags/example_params_trigger_ui.py
[2025-05-12T08:34:16.013+0000] {logging_mixin.py:190} INFO - [2025-05-12T08:34:16.012+0000] {dag.py:3239} INFO - Sync 1 DAGs
[2025-05-12T08:34:16.042+0000] {logging_mixin.py:190} INFO - [2025-05-12T08:34:16.042+0000] {dag.py:4180} INFO - Setting next_dagrun for example_params_trigger_ui to None, run_after=None
[2025-05-12T08:34:16.091+0000] {processor.py:208} INFO - Processing /home/airflow/.local/lib/python3.12/site-packages/airflow/example_dags/example_params_trigger_ui.py took 0.228 seconds
[2025-05-12T08:34:46.322+0000] {processor.py:186} INFO - Started process (PID=382) to work on /home/airflow/.local/lib/python3.12/site-packages/airflow/example_dags/example_params_trigger_ui.py
[2025-05-12T08:34:46.323+0000] {processor.py:914} INFO - Processing file /home/airflow/.local/lib/python3.12/site-packages/airflow/example_dags/example_params_trigger_ui.py for tasks to queue
[2025-05-12T08:34:46.325+0000] {logging_mixin.py:190} INFO - [2025-05-12T08:34:46.324+0000] {dagbag.py:588} INFO - Filling up the DagBag from /home/airflow/.local/lib/python3.12/site-packages/airflow/example_dags/example_params_trigger_ui.py
[2025-05-12T08:34:46.337+0000] {processor.py:925} INFO - DAG(s) 'example_params_trigger_ui' retrieved from /home/airflow/.local/lib/python3.12/site-packages/airflow/example_dags/example_params_trigger_ui.py
[2025-05-12T08:34:46.387+0000] {logging_mixin.py:190} INFO - [2025-05-12T08:34:46.387+0000] {dag.py:3239} INFO - Sync 1 DAGs
[2025-05-12T08:34:46.402+0000] {logging_mixin.py:190} INFO - [2025-05-12T08:34:46.401+0000] {dag.py:4180} INFO - Setting next_dagrun for example_params_trigger_ui to None, run_after=None
[2025-05-12T08:34:46.423+0000] {processor.py:208} INFO - Processing /home/airflow/.local/lib/python3.12/site-packages/airflow/example_dags/example_params_trigger_ui.py took 0.107 seconds
[2025-05-12T08:35:17.334+0000] {processor.py:186} INFO - Started process (PID=473) to work on /home/airflow/.local/lib/python3.12/site-packages/airflow/example_dags/example_params_trigger_ui.py
[2025-05-12T08:35:17.335+0000] {processor.py:914} INFO - Processing file /home/airflow/.local/lib/python3.12/site-packages/airflow/example_dags/example_params_trigger_ui.py for tasks to queue
[2025-05-12T08:35:17.337+0000] {logging_mixin.py:190} INFO - [2025-05-12T08:35:17.336+0000] {dagbag.py:588} INFO - Filling up the DagBag from /home/airflow/.local/lib/python3.12/site-packages/airflow/example_dags/example_params_trigger_ui.py
[2025-05-12T08:35:17.352+0000] {processor.py:925} INFO - DAG(s) 'example_params_trigger_ui' retrieved from /home/airflow/.local/lib/python3.12/site-packages/airflow/example_dags/example_params_trigger_ui.py
[2025-05-12T08:35:17.402+0000] {logging_mixin.py:190} INFO - [2025-05-12T08:35:17.402+0000] {dag.py:3239} INFO - Sync 1 DAGs
[2025-05-12T08:35:17.419+0000] {logging_mixin.py:190} INFO - [2025-05-12T08:35:17.419+0000] {dag.py:4180} INFO - Setting next_dagrun for example_params_trigger_ui to None, run_after=None
[2025-05-12T08:35:17.444+0000] {processor.py:208} INFO - Processing /home/airflow/.local/lib/python3.12/site-packages/airflow/example_dags/example_params_trigger_ui.py took 0.118 seconds
[2025-05-12T08:35:52.140+0000] {processor.py:186} INFO - Started process (PID=569) to work on /home/airflow/.local/lib/python3.12/site-packages/airflow/example_dags/example_params_trigger_ui.py
[2025-05-12T08:35:52.142+0000] {processor.py:914} INFO - Processing file /home/airflow/.local/lib/python3.12/site-packages/airflow/example_dags/example_params_trigger_ui.py for tasks to queue
[2025-05-12T08:35:52.144+0000] {logging_mixin.py:190} INFO - [2025-05-12T08:35:52.144+0000] {dagbag.py:588} INFO - Filling up the DagBag from /home/airflow/.local/lib/python3.12/site-packages/airflow/example_dags/example_params_trigger_ui.py
[2025-05-12T08:35:52.161+0000] {processor.py:925} INFO - DAG(s) 'example_params_trigger_ui' retrieved from /home/airflow/.local/lib/python3.12/site-packages/airflow/example_dags/example_params_trigger_ui.py
[2025-05-12T08:35:52.232+0000] {logging_mixin.py:190} INFO - [2025-05-12T08:35:52.232+0000] {dag.py:3239} INFO - Sync 1 DAGs
[2025-05-12T08:35:52.256+0000] {logging_mixin.py:190} INFO - [2025-05-12T08:35:52.255+0000] {dag.py:4180} INFO - Setting next_dagrun for example_params_trigger_ui to None, run_after=None
[2025-05-12T08:35:52.299+0000] {processor.py:208} INFO - Processing /home/airflow/.local/lib/python3.12/site-packages/airflow/example_dags/example_params_trigger_ui.py took 0.167 seconds
[2025-05-12T08:36:22.800+0000] {processor.py:186} INFO - Started process (PID=651) to work on /home/airflow/.local/lib/python3.12/site-packages/airflow/example_dags/example_params_trigger_ui.py
[2025-05-12T08:36:22.801+0000] {processor.py:914} INFO - Processing file /home/airflow/.local/lib/python3.12/site-packages/airflow/example_dags/example_params_trigger_ui.py for tasks to queue
[2025-05-12T08:36:22.802+0000] {logging_mixin.py:190} INFO - [2025-05-12T08:36:22.802+0000] {dagbag.py:588} INFO - Filling up the DagBag from /home/airflow/.local/lib/python3.12/site-packages/airflow/example_dags/example_params_trigger_ui.py
[2025-05-12T08:36:22.815+0000] {processor.py:925} INFO - DAG(s) 'example_params_trigger_ui' retrieved from /home/airflow/.local/lib/python3.12/site-packages/airflow/example_dags/example_params_trigger_ui.py
[2025-05-12T08:36:22.857+0000] {logging_mixin.py:190} INFO - [2025-05-12T08:36:22.857+0000] {dag.py:3239} INFO - Sync 1 DAGs
[2025-05-12T08:36:22.871+0000] {logging_mixin.py:190} INFO - [2025-05-12T08:36:22.871+0000] {dag.py:4180} INFO - Setting next_dagrun for example_params_trigger_ui to None, run_after=None
[2025-05-12T08:36:22.898+0000] {processor.py:208} INFO - Processing /home/airflow/.local/lib/python3.12/site-packages/airflow/example_dags/example_params_trigger_ui.py took 0.104 seconds
[2025-05-12T08:36:54.259+0000] {processor.py:186} INFO - Started process (PID=733) to work on /home/airflow/.local/lib/python3.12/site-packages/airflow/example_dags/example_params_trigger_ui.py
[2025-05-12T08:36:54.260+0000] {processor.py:914} INFO - Processing file /home/airflow/.local/lib/python3.12/site-packages/airflow/example_dags/example_params_trigger_ui.py for tasks to queue
[2025-05-12T08:36:54.261+0000] {logging_mixin.py:190} INFO - [2025-05-12T08:36:54.261+0000] {dagbag.py:588} INFO - Filling up the DagBag from /home/airflow/.local/lib/python3.12/site-packages/airflow/example_dags/example_params_trigger_ui.py
[2025-05-12T08:36:54.274+0000] {processor.py:925} INFO - DAG(s) 'example_params_trigger_ui' retrieved from /home/airflow/.local/lib/python3.12/site-packages/airflow/example_dags/example_params_trigger_ui.py
[2025-05-12T08:36:54.318+0000] {logging_mixin.py:190} INFO - [2025-05-12T08:36:54.318+0000] {dag.py:3239} INFO - Sync 1 DAGs
[2025-05-12T08:36:54.332+0000] {logging_mixin.py:190} INFO - [2025-05-12T08:36:54.332+0000] {dag.py:4180} INFO - Setting next_dagrun for example_params_trigger_ui to None, run_after=None
[2025-05-12T08:36:54.354+0000] {processor.py:208} INFO - Processing /home/airflow/.local/lib/python3.12/site-packages/airflow/example_dags/example_params_trigger_ui.py took 0.101 seconds
[2025-05-12T08:37:25.875+0000] {processor.py:186} INFO - Started process (PID=815) to work on /home/airflow/.local/lib/python3.12/site-packages/airflow/example_dags/example_params_trigger_ui.py
[2025-05-12T08:37:25.876+0000] {processor.py:914} INFO - Processing file /home/airflow/.local/lib/python3.12/site-packages/airflow/example_dags/example_params_trigger_ui.py for tasks to queue
[2025-05-12T08:37:25.877+0000] {logging_mixin.py:190} INFO - [2025-05-12T08:37:25.876+0000] {dagbag.py:588} INFO - Filling up the DagBag from /home/airflow/.local/lib/python3.12/site-packages/airflow/example_dags/example_params_trigger_ui.py
[2025-05-12T08:37:25.889+0000] {processor.py:925} INFO - DAG(s) 'example_params_trigger_ui' retrieved from /home/airflow/.local/lib/python3.12/site-packages/airflow/example_dags/example_params_trigger_ui.py
[2025-05-12T08:37:25.932+0000] {logging_mixin.py:190} INFO - [2025-05-12T08:37:25.932+0000] {dag.py:3239} INFO - Sync 1 DAGs
[2025-05-12T08:37:25.946+0000] {logging_mixin.py:190} INFO - [2025-05-12T08:37:25.946+0000] {dag.py:4180} INFO - Setting next_dagrun for example_params_trigger_ui to None, run_after=None
[2025-05-12T08:37:25.965+0000] {processor.py:208} INFO - Processing /home/airflow/.local/lib/python3.12/site-packages/airflow/example_dags/example_params_trigger_ui.py took 0.097 seconds
[2025-05-12T08:37:56.968+0000] {processor.py:186} INFO - Started process (PID=900) to work on /home/airflow/.local/lib/python3.12/site-packages/airflow/example_dags/example_params_trigger_ui.py
[2025-05-12T08:37:56.969+0000] {processor.py:914} INFO - Processing file /home/airflow/.local/lib/python3.12/site-packages/airflow/example_dags/example_params_trigger_ui.py for tasks to queue
[2025-05-12T08:37:56.971+0000] {logging_mixin.py:190} INFO - [2025-05-12T08:37:56.970+0000] {dagbag.py:588} INFO - Filling up the DagBag from /home/airflow/.local/lib/python3.12/site-packages/airflow/example_dags/example_params_trigger_ui.py
[2025-05-12T08:37:56.985+0000] {processor.py:925} INFO - DAG(s) 'example_params_trigger_ui' retrieved from /home/airflow/.local/lib/python3.12/site-packages/airflow/example_dags/example_params_trigger_ui.py
[2025-05-12T08:37:57.038+0000] {logging_mixin.py:190} INFO - [2025-05-12T08:37:57.037+0000] {dag.py:3239} INFO - Sync 1 DAGs
[2025-05-12T08:37:57.055+0000] {logging_mixin.py:190} INFO - [2025-05-12T08:37:57.054+0000] {dag.py:4180} INFO - Setting next_dagrun for example_params_trigger_ui to None, run_after=None
[2025-05-12T08:37:57.076+0000] {processor.py:208} INFO - Processing /home/airflow/.local/lib/python3.12/site-packages/airflow/example_dags/example_params_trigger_ui.py took 0.116 seconds
[2025-05-12T08:38:29.506+0000] {processor.py:186} INFO - Started process (PID=995) to work on /home/airflow/.local/lib/python3.12/site-packages/airflow/example_dags/example_params_trigger_ui.py
[2025-05-12T08:38:29.507+0000] {processor.py:914} INFO - Processing file /home/airflow/.local/lib/python3.12/site-packages/airflow/example_dags/example_params_trigger_ui.py for tasks to queue
[2025-05-12T08:38:29.509+0000] {logging_mixin.py:190} INFO - [2025-05-12T08:38:29.508+0000] {dagbag.py:588} INFO - Filling up the DagBag from /home/airflow/.local/lib/python3.12/site-packages/airflow/example_dags/example_params_trigger_ui.py
[2025-05-12T08:38:29.523+0000] {processor.py:925} INFO - DAG(s) 'example_params_trigger_ui' retrieved from /home/airflow/.local/lib/python3.12/site-packages/airflow/example_dags/example_params_trigger_ui.py
[2025-05-12T08:38:29.584+0000] {logging_mixin.py:190} INFO - [2025-05-12T08:38:29.584+0000] {dag.py:3239} INFO - Sync 1 DAGs
[2025-05-12T08:38:29.602+0000] {logging_mixin.py:190} INFO - [2025-05-12T08:38:29.602+0000] {dag.py:4180} INFO - Setting next_dagrun for example_params_trigger_ui to None, run_after=None
[2025-05-12T08:38:29.628+0000] {processor.py:208} INFO - Processing /home/airflow/.local/lib/python3.12/site-packages/airflow/example_dags/example_params_trigger_ui.py took 0.129 seconds
[2025-05-12T08:39:00.750+0000] {processor.py:186} INFO - Started process (PID=1081) to work on /home/airflow/.local/lib/python3.12/site-packages/airflow/example_dags/example_params_trigger_ui.py
[2025-05-12T08:39:00.753+0000] {processor.py:914} INFO - Processing file /home/airflow/.local/lib/python3.12/site-packages/airflow/example_dags/example_params_trigger_ui.py for tasks to queue
[2025-05-12T08:39:00.755+0000] {logging_mixin.py:190} INFO - [2025-05-12T08:39:00.754+0000] {dagbag.py:588} INFO - Filling up the DagBag from /home/airflow/.local/lib/python3.12/site-packages/airflow/example_dags/example_params_trigger_ui.py
[2025-05-12T08:39:00.769+0000] {processor.py:925} INFO - DAG(s) 'example_params_trigger_ui' retrieved from /home/airflow/.local/lib/python3.12/site-packages/airflow/example_dags/example_params_trigger_ui.py
[2025-05-12T08:39:00.843+0000] {logging_mixin.py:190} INFO - [2025-05-12T08:39:00.842+0000] {dag.py:3239} INFO - Sync 1 DAGs
[2025-05-12T08:39:00.860+0000] {logging_mixin.py:190} INFO - [2025-05-12T08:39:00.860+0000] {dag.py:4180} INFO - Setting next_dagrun for example_params_trigger_ui to None, run_after=None
[2025-05-12T08:39:00.887+0000] {processor.py:208} INFO - Processing /home/airflow/.local/lib/python3.12/site-packages/airflow/example_dags/example_params_trigger_ui.py took 0.144 seconds
[2025-05-12T08:39:33.439+0000] {processor.py:186} INFO - Started process (PID=1163) to work on /home/airflow/.local/lib/python3.12/site-packages/airflow/example_dags/example_params_trigger_ui.py
[2025-05-12T08:39:33.441+0000] {processor.py:914} INFO - Processing file /home/airflow/.local/lib/python3.12/site-packages/airflow/example_dags/example_params_trigger_ui.py for tasks to queue
[2025-05-12T08:39:33.442+0000] {logging_mixin.py:190} INFO - [2025-05-12T08:39:33.442+0000] {dagbag.py:588} INFO - Filling up the DagBag from /home/airflow/.local/lib/python3.12/site-packages/airflow/example_dags/example_params_trigger_ui.py
[2025-05-12T08:39:33.457+0000] {processor.py:925} INFO - DAG(s) 'example_params_trigger_ui' retrieved from /home/airflow/.local/lib/python3.12/site-packages/airflow/example_dags/example_params_trigger_ui.py
[2025-05-12T08:39:33.508+0000] {logging_mixin.py:190} INFO - [2025-05-12T08:39:33.507+0000] {dag.py:3239} INFO - Sync 1 DAGs
[2025-05-12T08:39:33.526+0000] {logging_mixin.py:190} INFO - [2025-05-12T08:39:33.526+0000] {dag.py:4180} INFO - Setting next_dagrun for example_params_trigger_ui to None, run_after=None
[2025-05-12T08:39:33.562+0000] {processor.py:208} INFO - Processing /home/airflow/.local/lib/python3.12/site-packages/airflow/example_dags/example_params_trigger_ui.py took 0.131 seconds
[2025-05-12T08:40:04.322+0000] {processor.py:186} INFO - Started process (PID=1245) to work on /home/airflow/.local/lib/python3.12/site-packages/airflow/example_dags/example_params_trigger_ui.py
[2025-05-12T08:40:04.324+0000] {processor.py:914} INFO - Processing file /home/airflow/.local/lib/python3.12/site-packages/airflow/example_dags/example_params_trigger_ui.py for tasks to queue
[2025-05-12T08:40:04.325+0000] {logging_mixin.py:190} INFO - [2025-05-12T08:40:04.325+0000] {dagbag.py:588} INFO - Filling up the DagBag from /home/airflow/.local/lib/python3.12/site-packages/airflow/example_dags/example_params_trigger_ui.py
[2025-05-12T08:40:04.340+0000] {processor.py:925} INFO - DAG(s) 'example_params_trigger_ui' retrieved from /home/airflow/.local/lib/python3.12/site-packages/airflow/example_dags/example_params_trigger_ui.py
[2025-05-12T08:40:04.390+0000] {logging_mixin.py:190} INFO - [2025-05-12T08:40:04.389+0000] {dag.py:3239} INFO - Sync 1 DAGs
[2025-05-12T08:40:04.408+0000] {logging_mixin.py:190} INFO - [2025-05-12T08:40:04.408+0000] {dag.py:4180} INFO - Setting next_dagrun for example_params_trigger_ui to None, run_after=None
[2025-05-12T08:40:04.431+0000] {processor.py:208} INFO - Processing /home/airflow/.local/lib/python3.12/site-packages/airflow/example_dags/example_params_trigger_ui.py took 0.116 seconds
[2025-05-12T08:40:35.652+0000] {processor.py:186} INFO - Started process (PID=1329) to work on /home/airflow/.local/lib/python3.12/site-packages/airflow/example_dags/example_params_trigger_ui.py
[2025-05-12T08:40:35.653+0000] {processor.py:914} INFO - Processing file /home/airflow/.local/lib/python3.12/site-packages/airflow/example_dags/example_params_trigger_ui.py for tasks to queue
[2025-05-12T08:40:35.654+0000] {logging_mixin.py:190} INFO - [2025-05-12T08:40:35.654+0000] {dagbag.py:588} INFO - Filling up the DagBag from /home/airflow/.local/lib/python3.12/site-packages/airflow/example_dags/example_params_trigger_ui.py
[2025-05-12T08:40:35.668+0000] {processor.py:925} INFO - DAG(s) 'example_params_trigger_ui' retrieved from /home/airflow/.local/lib/python3.12/site-packages/airflow/example_dags/example_params_trigger_ui.py
[2025-05-12T08:40:35.713+0000] {logging_mixin.py:190} INFO - [2025-05-12T08:40:35.713+0000] {dag.py:3239} INFO - Sync 1 DAGs
[2025-05-12T08:40:35.730+0000] {logging_mixin.py:190} INFO - [2025-05-12T08:40:35.729+0000] {dag.py:4180} INFO - Setting next_dagrun for example_params_trigger_ui to None, run_after=None
[2025-05-12T08:40:35.751+0000] {processor.py:208} INFO - Processing /home/airflow/.local/lib/python3.12/site-packages/airflow/example_dags/example_params_trigger_ui.py took 0.106 seconds
[2025-05-12T08:41:07.732+0000] {processor.py:186} INFO - Started process (PID=1412) to work on /home/airflow/.local/lib/python3.12/site-packages/airflow/example_dags/example_params_trigger_ui.py
[2025-05-12T08:41:07.734+0000] {processor.py:914} INFO - Processing file /home/airflow/.local/lib/python3.12/site-packages/airflow/example_dags/example_params_trigger_ui.py for tasks to queue
[2025-05-12T08:41:07.735+0000] {logging_mixin.py:190} INFO - [2025-05-12T08:41:07.735+0000] {dagbag.py:588} INFO - Filling up the DagBag from /home/airflow/.local/lib/python3.12/site-packages/airflow/example_dags/example_params_trigger_ui.py
[2025-05-12T08:41:07.750+0000] {processor.py:925} INFO - DAG(s) 'example_params_trigger_ui' retrieved from /home/airflow/.local/lib/python3.12/site-packages/airflow/example_dags/example_params_trigger_ui.py
[2025-05-12T08:41:07.802+0000] {logging_mixin.py:190} INFO - [2025-05-12T08:41:07.801+0000] {dag.py:3239} INFO - Sync 1 DAGs
[2025-05-12T08:41:07.819+0000] {logging_mixin.py:190} INFO - [2025-05-12T08:41:07.819+0000] {dag.py:4180} INFO - Setting next_dagrun for example_params_trigger_ui to None, run_after=None
[2025-05-12T08:41:07.845+0000] {processor.py:208} INFO - Processing /home/airflow/.local/lib/python3.12/site-packages/airflow/example_dags/example_params_trigger_ui.py took 0.121 seconds
[2025-05-12T08:41:39.411+0000] {processor.py:186} INFO - Started process (PID=1494) to work on /home/airflow/.local/lib/python3.12/site-packages/airflow/example_dags/example_params_trigger_ui.py
[2025-05-12T08:41:39.413+0000] {processor.py:914} INFO - Processing file /home/airflow/.local/lib/python3.12/site-packages/airflow/example_dags/example_params_trigger_ui.py for tasks to queue
[2025-05-12T08:41:39.414+0000] {logging_mixin.py:190} INFO - [2025-05-12T08:41:39.414+0000] {dagbag.py:588} INFO - Filling up the DagBag from /home/airflow/.local/lib/python3.12/site-packages/airflow/example_dags/example_params_trigger_ui.py
[2025-05-12T08:41:39.429+0000] {processor.py:925} INFO - DAG(s) 'example_params_trigger_ui' retrieved from /home/airflow/.local/lib/python3.12/site-packages/airflow/example_dags/example_params_trigger_ui.py
[2025-05-12T08:41:39.487+0000] {logging_mixin.py:190} INFO - [2025-05-12T08:41:39.487+0000] {dag.py:3239} INFO - Sync 1 DAGs
[2025-05-12T08:41:39.512+0000] {logging_mixin.py:190} INFO - [2025-05-12T08:41:39.511+0000] {dag.py:4180} INFO - Setting next_dagrun for example_params_trigger_ui to None, run_after=None
[2025-05-12T08:41:39.540+0000] {processor.py:208} INFO - Processing /home/airflow/.local/lib/python3.12/site-packages/airflow/example_dags/example_params_trigger_ui.py took 0.137 seconds
[2025-05-12T08:42:09.887+0000] {processor.py:186} INFO - Started process (PID=1576) to work on /home/airflow/.local/lib/python3.12/site-packages/airflow/example_dags/example_params_trigger_ui.py
[2025-05-12T08:42:09.888+0000] {processor.py:914} INFO - Processing file /home/airflow/.local/lib/python3.12/site-packages/airflow/example_dags/example_params_trigger_ui.py for tasks to queue
[2025-05-12T08:42:09.890+0000] {logging_mixin.py:190} INFO - [2025-05-12T08:42:09.889+0000] {dagbag.py:588} INFO - Filling up the DagBag from /home/airflow/.local/lib/python3.12/site-packages/airflow/example_dags/example_params_trigger_ui.py
[2025-05-12T08:42:09.905+0000] {processor.py:925} INFO - DAG(s) 'example_params_trigger_ui' retrieved from /home/airflow/.local/lib/python3.12/site-packages/airflow/example_dags/example_params_trigger_ui.py
[2025-05-12T08:42:09.980+0000] {logging_mixin.py:190} INFO - [2025-05-12T08:42:09.978+0000] {dag.py:3239} INFO - Sync 1 DAGs
[2025-05-12T08:42:10.003+0000] {logging_mixin.py:190} INFO - [2025-05-12T08:42:10.003+0000] {dag.py:4180} INFO - Setting next_dagrun for example_params_trigger_ui to None, run_after=None
[2025-05-12T08:42:10.029+0000] {processor.py:208} INFO - Processing /home/airflow/.local/lib/python3.12/site-packages/airflow/example_dags/example_params_trigger_ui.py took 0.150 seconds
[2025-05-12T08:42:40.979+0000] {processor.py:186} INFO - Started process (PID=1660) to work on /home/airflow/.local/lib/python3.12/site-packages/airflow/example_dags/example_params_trigger_ui.py
[2025-05-12T08:42:40.985+0000] {processor.py:914} INFO - Processing file /home/airflow/.local/lib/python3.12/site-packages/airflow/example_dags/example_params_trigger_ui.py for tasks to queue
[2025-05-12T08:42:40.997+0000] {logging_mixin.py:190} INFO - [2025-05-12T08:42:40.988+0000] {dagbag.py:588} INFO - Filling up the DagBag from /home/airflow/.local/lib/python3.12/site-packages/airflow/example_dags/example_params_trigger_ui.py
[2025-05-12T08:42:41.015+0000] {processor.py:925} INFO - DAG(s) 'example_params_trigger_ui' retrieved from /home/airflow/.local/lib/python3.12/site-packages/airflow/example_dags/example_params_trigger_ui.py
[2025-05-12T08:42:41.074+0000] {logging_mixin.py:190} INFO - [2025-05-12T08:42:41.074+0000] {dag.py:3239} INFO - Sync 1 DAGs
[2025-05-12T08:42:41.095+0000] {logging_mixin.py:190} INFO - [2025-05-12T08:42:41.095+0000] {dag.py:4180} INFO - Setting next_dagrun for example_params_trigger_ui to None, run_after=None
[2025-05-12T08:42:41.124+0000] {processor.py:208} INFO - Processing /home/airflow/.local/lib/python3.12/site-packages/airflow/example_dags/example_params_trigger_ui.py took 0.154 seconds
[2025-05-12T08:43:11.837+0000] {processor.py:186} INFO - Started process (PID=1742) to work on /home/airflow/.local/lib/python3.12/site-packages/airflow/example_dags/example_params_trigger_ui.py
[2025-05-12T08:43:11.838+0000] {processor.py:914} INFO - Processing file /home/airflow/.local/lib/python3.12/site-packages/airflow/example_dags/example_params_trigger_ui.py for tasks to queue
[2025-05-12T08:43:11.840+0000] {logging_mixin.py:190} INFO - [2025-05-12T08:43:11.839+0000] {dagbag.py:588} INFO - Filling up the DagBag from /home/airflow/.local/lib/python3.12/site-packages/airflow/example_dags/example_params_trigger_ui.py
[2025-05-12T08:43:11.853+0000] {processor.py:925} INFO - DAG(s) 'example_params_trigger_ui' retrieved from /home/airflow/.local/lib/python3.12/site-packages/airflow/example_dags/example_params_trigger_ui.py
[2025-05-12T08:43:11.902+0000] {logging_mixin.py:190} INFO - [2025-05-12T08:43:11.901+0000] {dag.py:3239} INFO - Sync 1 DAGs
[2025-05-12T08:43:11.917+0000] {logging_mixin.py:190} INFO - [2025-05-12T08:43:11.917+0000] {dag.py:4180} INFO - Setting next_dagrun for example_params_trigger_ui to None, run_after=None
[2025-05-12T08:43:11.943+0000] {processor.py:208} INFO - Processing /home/airflow/.local/lib/python3.12/site-packages/airflow/example_dags/example_params_trigger_ui.py took 0.112 seconds
[2025-05-12T08:43:43.545+0000] {processor.py:186} INFO - Started process (PID=1824) to work on /home/airflow/.local/lib/python3.12/site-packages/airflow/example_dags/example_params_trigger_ui.py
[2025-05-12T08:43:43.546+0000] {processor.py:914} INFO - Processing file /home/airflow/.local/lib/python3.12/site-packages/airflow/example_dags/example_params_trigger_ui.py for tasks to queue
[2025-05-12T08:43:43.548+0000] {logging_mixin.py:190} INFO - [2025-05-12T08:43:43.547+0000] {dagbag.py:588} INFO - Filling up the DagBag from /home/airflow/.local/lib/python3.12/site-packages/airflow/example_dags/example_params_trigger_ui.py
[2025-05-12T08:43:43.563+0000] {processor.py:925} INFO - DAG(s) 'example_params_trigger_ui' retrieved from /home/airflow/.local/lib/python3.12/site-packages/airflow/example_dags/example_params_trigger_ui.py
[2025-05-12T08:43:43.618+0000] {logging_mixin.py:190} INFO - [2025-05-12T08:43:43.618+0000] {dag.py:3239} INFO - Sync 1 DAGs
[2025-05-12T08:43:43.636+0000] {logging_mixin.py:190} INFO - [2025-05-12T08:43:43.635+0000] {dag.py:4180} INFO - Setting next_dagrun for example_params_trigger_ui to None, run_after=None
[2025-05-12T08:43:43.663+0000] {processor.py:208} INFO - Processing /home/airflow/.local/lib/python3.12/site-packages/airflow/example_dags/example_params_trigger_ui.py took 0.126 seconds
[2025-05-12T08:44:14.324+0000] {processor.py:186} INFO - Started process (PID=1908) to work on /home/airflow/.local/lib/python3.12/site-packages/airflow/example_dags/example_params_trigger_ui.py
[2025-05-12T08:44:14.325+0000] {processor.py:914} INFO - Processing file /home/airflow/.local/lib/python3.12/site-packages/airflow/example_dags/example_params_trigger_ui.py for tasks to queue
[2025-05-12T08:44:14.327+0000] {logging_mixin.py:190} INFO - [2025-05-12T08:44:14.326+0000] {dagbag.py:588} INFO - Filling up the DagBag from /home/airflow/.local/lib/python3.12/site-packages/airflow/example_dags/example_params_trigger_ui.py
[2025-05-12T08:44:14.340+0000] {processor.py:925} INFO - DAG(s) 'example_params_trigger_ui' retrieved from /home/airflow/.local/lib/python3.12/site-packages/airflow/example_dags/example_params_trigger_ui.py
[2025-05-12T08:44:14.384+0000] {logging_mixin.py:190} INFO - [2025-05-12T08:44:14.383+0000] {dag.py:3239} INFO - Sync 1 DAGs
[2025-05-12T08:44:14.398+0000] {logging_mixin.py:190} INFO - [2025-05-12T08:44:14.398+0000] {dag.py:4180} INFO - Setting next_dagrun for example_params_trigger_ui to None, run_after=None
[2025-05-12T08:44:14.426+0000] {processor.py:208} INFO - Processing /home/airflow/.local/lib/python3.12/site-packages/airflow/example_dags/example_params_trigger_ui.py took 0.109 seconds
[2025-05-12T08:44:45.779+0000] {processor.py:186} INFO - Started process (PID=1991) to work on /home/airflow/.local/lib/python3.12/site-packages/airflow/example_dags/example_params_trigger_ui.py
[2025-05-12T08:44:45.781+0000] {processor.py:914} INFO - Processing file /home/airflow/.local/lib/python3.12/site-packages/airflow/example_dags/example_params_trigger_ui.py for tasks to queue
[2025-05-12T08:44:45.782+0000] {logging_mixin.py:190} INFO - [2025-05-12T08:44:45.782+0000] {dagbag.py:588} INFO - Filling up the DagBag from /home/airflow/.local/lib/python3.12/site-packages/airflow/example_dags/example_params_trigger_ui.py
[2025-05-12T08:44:45.797+0000] {processor.py:925} INFO - DAG(s) 'example_params_trigger_ui' retrieved from /home/airflow/.local/lib/python3.12/site-packages/airflow/example_dags/example_params_trigger_ui.py
[2025-05-12T08:44:45.852+0000] {logging_mixin.py:190} INFO - [2025-05-12T08:44:45.852+0000] {dag.py:3239} INFO - Sync 1 DAGs
[2025-05-12T08:44:45.870+0000] {logging_mixin.py:190} INFO - [2025-05-12T08:44:45.870+0000] {dag.py:4180} INFO - Setting next_dagrun for example_params_trigger_ui to None, run_after=None
[2025-05-12T08:44:45.896+0000] {processor.py:208} INFO - Processing /home/airflow/.local/lib/python3.12/site-packages/airflow/example_dags/example_params_trigger_ui.py took 0.124 seconds
[2025-05-12T08:45:16.739+0000] {processor.py:186} INFO - Started process (PID=2074) to work on /home/airflow/.local/lib/python3.12/site-packages/airflow/example_dags/example_params_trigger_ui.py
[2025-05-12T08:45:16.740+0000] {processor.py:914} INFO - Processing file /home/airflow/.local/lib/python3.12/site-packages/airflow/example_dags/example_params_trigger_ui.py for tasks to queue
[2025-05-12T08:45:16.742+0000] {logging_mixin.py:190} INFO - [2025-05-12T08:45:16.741+0000] {dagbag.py:588} INFO - Filling up the DagBag from /home/airflow/.local/lib/python3.12/site-packages/airflow/example_dags/example_params_trigger_ui.py
[2025-05-12T08:45:16.756+0000] {processor.py:925} INFO - DAG(s) 'example_params_trigger_ui' retrieved from /home/airflow/.local/lib/python3.12/site-packages/airflow/example_dags/example_params_trigger_ui.py
[2025-05-12T08:45:16.806+0000] {logging_mixin.py:190} INFO - [2025-05-12T08:45:16.806+0000] {dag.py:3239} INFO - Sync 1 DAGs
[2025-05-12T08:45:16.825+0000] {logging_mixin.py:190} INFO - [2025-05-12T08:45:16.824+0000] {dag.py:4180} INFO - Setting next_dagrun for example_params_trigger_ui to None, run_after=None
[2025-05-12T08:45:16.847+0000] {processor.py:208} INFO - Processing /home/airflow/.local/lib/python3.12/site-packages/airflow/example_dags/example_params_trigger_ui.py took 0.115 seconds
[2025-05-12T08:45:47.667+0000] {processor.py:186} INFO - Started process (PID=2156) to work on /home/airflow/.local/lib/python3.12/site-packages/airflow/example_dags/example_params_trigger_ui.py
[2025-05-12T08:45:47.669+0000] {processor.py:914} INFO - Processing file /home/airflow/.local/lib/python3.12/site-packages/airflow/example_dags/example_params_trigger_ui.py for tasks to queue
[2025-05-12T08:45:47.670+0000] {logging_mixin.py:190} INFO - [2025-05-12T08:45:47.670+0000] {dagbag.py:588} INFO - Filling up the DagBag from /home/airflow/.local/lib/python3.12/site-packages/airflow/example_dags/example_params_trigger_ui.py
[2025-05-12T08:45:47.685+0000] {processor.py:925} INFO - DAG(s) 'example_params_trigger_ui' retrieved from /home/airflow/.local/lib/python3.12/site-packages/airflow/example_dags/example_params_trigger_ui.py
[2025-05-12T08:45:47.741+0000] {logging_mixin.py:190} INFO - [2025-05-12T08:45:47.741+0000] {dag.py:3239} INFO - Sync 1 DAGs
[2025-05-12T08:45:47.758+0000] {logging_mixin.py:190} INFO - [2025-05-12T08:45:47.758+0000] {dag.py:4180} INFO - Setting next_dagrun for example_params_trigger_ui to None, run_after=None
[2025-05-12T08:45:47.784+0000] {processor.py:208} INFO - Processing /home/airflow/.local/lib/python3.12/site-packages/airflow/example_dags/example_params_trigger_ui.py took 0.127 seconds
[2025-05-12T08:46:18.947+0000] {processor.py:186} INFO - Started process (PID=2238) to work on /home/airflow/.local/lib/python3.12/site-packages/airflow/example_dags/example_params_trigger_ui.py
[2025-05-12T08:46:18.949+0000] {processor.py:914} INFO - Processing file /home/airflow/.local/lib/python3.12/site-packages/airflow/example_dags/example_params_trigger_ui.py for tasks to queue
[2025-05-12T08:46:18.950+0000] {logging_mixin.py:190} INFO - [2025-05-12T08:46:18.950+0000] {dagbag.py:588} INFO - Filling up the DagBag from /home/airflow/.local/lib/python3.12/site-packages/airflow/example_dags/example_params_trigger_ui.py
[2025-05-12T08:46:18.966+0000] {processor.py:925} INFO - DAG(s) 'example_params_trigger_ui' retrieved from /home/airflow/.local/lib/python3.12/site-packages/airflow/example_dags/example_params_trigger_ui.py
[2025-05-12T08:46:19.032+0000] {logging_mixin.py:190} INFO - [2025-05-12T08:46:19.031+0000] {dag.py:3239} INFO - Sync 1 DAGs
[2025-05-12T08:46:19.056+0000] {logging_mixin.py:190} INFO - [2025-05-12T08:46:19.056+0000] {dag.py:4180} INFO - Setting next_dagrun for example_params_trigger_ui to None, run_after=None
[2025-05-12T08:46:19.091+0000] {processor.py:208} INFO - Processing /home/airflow/.local/lib/python3.12/site-packages/airflow/example_dags/example_params_trigger_ui.py took 0.152 seconds
[2025-05-12T08:46:50.402+0000] {processor.py:186} INFO - Started process (PID=2320) to work on /home/airflow/.local/lib/python3.12/site-packages/airflow/example_dags/example_params_trigger_ui.py
[2025-05-12T08:46:50.405+0000] {processor.py:914} INFO - Processing file /home/airflow/.local/lib/python3.12/site-packages/airflow/example_dags/example_params_trigger_ui.py for tasks to queue
[2025-05-12T08:46:50.406+0000] {logging_mixin.py:190} INFO - [2025-05-12T08:46:50.406+0000] {dagbag.py:588} INFO - Filling up the DagBag from /home/airflow/.local/lib/python3.12/site-packages/airflow/example_dags/example_params_trigger_ui.py
[2025-05-12T08:46:50.424+0000] {processor.py:925} INFO - DAG(s) 'example_params_trigger_ui' retrieved from /home/airflow/.local/lib/python3.12/site-packages/airflow/example_dags/example_params_trigger_ui.py
[2025-05-12T08:46:50.480+0000] {logging_mixin.py:190} INFO - [2025-05-12T08:46:50.480+0000] {dag.py:3239} INFO - Sync 1 DAGs
[2025-05-12T08:46:50.504+0000] {logging_mixin.py:190} INFO - [2025-05-12T08:46:50.504+0000] {dag.py:4180} INFO - Setting next_dagrun for example_params_trigger_ui to None, run_after=None
[2025-05-12T08:46:50.536+0000] {processor.py:208} INFO - Processing /home/airflow/.local/lib/python3.12/site-packages/airflow/example_dags/example_params_trigger_ui.py took 0.143 seconds
[2025-05-12T08:47:21.487+0000] {processor.py:186} INFO - Started process (PID=2405) to work on /home/airflow/.local/lib/python3.12/site-packages/airflow/example_dags/example_params_trigger_ui.py
[2025-05-12T08:47:21.488+0000] {processor.py:914} INFO - Processing file /home/airflow/.local/lib/python3.12/site-packages/airflow/example_dags/example_params_trigger_ui.py for tasks to queue
[2025-05-12T08:47:21.491+0000] {logging_mixin.py:190} INFO - [2025-05-12T08:47:21.490+0000] {dagbag.py:588} INFO - Filling up the DagBag from /home/airflow/.local/lib/python3.12/site-packages/airflow/example_dags/example_params_trigger_ui.py
[2025-05-12T08:47:21.507+0000] {processor.py:925} INFO - DAG(s) 'example_params_trigger_ui' retrieved from /home/airflow/.local/lib/python3.12/site-packages/airflow/example_dags/example_params_trigger_ui.py
[2025-05-12T08:47:21.560+0000] {logging_mixin.py:190} INFO - [2025-05-12T08:47:21.560+0000] {dag.py:3239} INFO - Sync 1 DAGs
[2025-05-12T08:47:21.579+0000] {logging_mixin.py:190} INFO - [2025-05-12T08:47:21.578+0000] {dag.py:4180} INFO - Setting next_dagrun for example_params_trigger_ui to None, run_after=None
[2025-05-12T08:47:21.600+0000] {processor.py:208} INFO - Processing /home/airflow/.local/lib/python3.12/site-packages/airflow/example_dags/example_params_trigger_ui.py took 0.121 seconds
[2025-05-12T08:47:53.371+0000] {processor.py:186} INFO - Started process (PID=2493) to work on /home/airflow/.local/lib/python3.12/site-packages/airflow/example_dags/example_params_trigger_ui.py
[2025-05-12T08:47:53.373+0000] {processor.py:914} INFO - Processing file /home/airflow/.local/lib/python3.12/site-packages/airflow/example_dags/example_params_trigger_ui.py for tasks to queue
[2025-05-12T08:47:53.375+0000] {logging_mixin.py:190} INFO - [2025-05-12T08:47:53.374+0000] {dagbag.py:588} INFO - Filling up the DagBag from /home/airflow/.local/lib/python3.12/site-packages/airflow/example_dags/example_params_trigger_ui.py
[2025-05-12T08:47:53.393+0000] {processor.py:925} INFO - DAG(s) 'example_params_trigger_ui' retrieved from /home/airflow/.local/lib/python3.12/site-packages/airflow/example_dags/example_params_trigger_ui.py
[2025-05-12T08:47:53.449+0000] {logging_mixin.py:190} INFO - [2025-05-12T08:47:53.449+0000] {dag.py:3239} INFO - Sync 1 DAGs
[2025-05-12T08:47:53.468+0000] {logging_mixin.py:190} INFO - [2025-05-12T08:47:53.467+0000] {dag.py:4180} INFO - Setting next_dagrun for example_params_trigger_ui to None, run_after=None
[2025-05-12T08:47:53.493+0000] {processor.py:208} INFO - Processing /home/airflow/.local/lib/python3.12/site-packages/airflow/example_dags/example_params_trigger_ui.py took 0.129 seconds
[2025-05-12T08:48:24.311+0000] {processor.py:186} INFO - Started process (PID=2576) to work on /home/airflow/.local/lib/python3.12/site-packages/airflow/example_dags/example_params_trigger_ui.py
[2025-05-12T08:48:24.313+0000] {processor.py:914} INFO - Processing file /home/airflow/.local/lib/python3.12/site-packages/airflow/example_dags/example_params_trigger_ui.py for tasks to queue
[2025-05-12T08:48:24.314+0000] {logging_mixin.py:190} INFO - [2025-05-12T08:48:24.314+0000] {dagbag.py:588} INFO - Filling up the DagBag from /home/airflow/.local/lib/python3.12/site-packages/airflow/example_dags/example_params_trigger_ui.py
[2025-05-12T08:48:24.329+0000] {processor.py:925} INFO - DAG(s) 'example_params_trigger_ui' retrieved from /home/airflow/.local/lib/python3.12/site-packages/airflow/example_dags/example_params_trigger_ui.py
[2025-05-12T08:48:24.379+0000] {logging_mixin.py:190} INFO - [2025-05-12T08:48:24.379+0000] {dag.py:3239} INFO - Sync 1 DAGs
[2025-05-12T08:48:24.398+0000] {logging_mixin.py:190} INFO - [2025-05-12T08:48:24.397+0000] {dag.py:4180} INFO - Setting next_dagrun for example_params_trigger_ui to None, run_after=None
[2025-05-12T08:48:24.419+0000] {processor.py:208} INFO - Processing /home/airflow/.local/lib/python3.12/site-packages/airflow/example_dags/example_params_trigger_ui.py took 0.115 seconds
[2025-05-12T08:48:55.807+0000] {processor.py:186} INFO - Started process (PID=2657) to work on /home/airflow/.local/lib/python3.12/site-packages/airflow/example_dags/example_params_trigger_ui.py
[2025-05-12T08:48:55.809+0000] {processor.py:914} INFO - Processing file /home/airflow/.local/lib/python3.12/site-packages/airflow/example_dags/example_params_trigger_ui.py for tasks to queue
[2025-05-12T08:48:55.810+0000] {logging_mixin.py:190} INFO - [2025-05-12T08:48:55.810+0000] {dagbag.py:588} INFO - Filling up the DagBag from /home/airflow/.local/lib/python3.12/site-packages/airflow/example_dags/example_params_trigger_ui.py
[2025-05-12T08:48:55.825+0000] {processor.py:925} INFO - DAG(s) 'example_params_trigger_ui' retrieved from /home/airflow/.local/lib/python3.12/site-packages/airflow/example_dags/example_params_trigger_ui.py
[2025-05-12T08:48:55.876+0000] {logging_mixin.py:190} INFO - [2025-05-12T08:48:55.876+0000] {dag.py:3239} INFO - Sync 1 DAGs
[2025-05-12T08:48:55.894+0000] {logging_mixin.py:190} INFO - [2025-05-12T08:48:55.894+0000] {dag.py:4180} INFO - Setting next_dagrun for example_params_trigger_ui to None, run_after=None
[2025-05-12T08:48:55.915+0000] {processor.py:208} INFO - Processing /home/airflow/.local/lib/python3.12/site-packages/airflow/example_dags/example_params_trigger_ui.py took 0.116 seconds
[2025-05-12T08:49:26.964+0000] {processor.py:186} INFO - Started process (PID=2740) to work on /home/airflow/.local/lib/python3.12/site-packages/airflow/example_dags/example_params_trigger_ui.py
[2025-05-12T08:49:26.966+0000] {processor.py:914} INFO - Processing file /home/airflow/.local/lib/python3.12/site-packages/airflow/example_dags/example_params_trigger_ui.py for tasks to queue
[2025-05-12T08:49:26.967+0000] {logging_mixin.py:190} INFO - [2025-05-12T08:49:26.967+0000] {dagbag.py:588} INFO - Filling up the DagBag from /home/airflow/.local/lib/python3.12/site-packages/airflow/example_dags/example_params_trigger_ui.py
[2025-05-12T08:49:26.982+0000] {processor.py:925} INFO - DAG(s) 'example_params_trigger_ui' retrieved from /home/airflow/.local/lib/python3.12/site-packages/airflow/example_dags/example_params_trigger_ui.py
[2025-05-12T08:49:27.037+0000] {logging_mixin.py:190} INFO - [2025-05-12T08:49:27.037+0000] {dag.py:3239} INFO - Sync 1 DAGs
[2025-05-12T08:49:27.058+0000] {logging_mixin.py:190} INFO - [2025-05-12T08:49:27.057+0000] {dag.py:4180} INFO - Setting next_dagrun for example_params_trigger_ui to None, run_after=None
[2025-05-12T08:49:27.081+0000] {processor.py:208} INFO - Processing /home/airflow/.local/lib/python3.12/site-packages/airflow/example_dags/example_params_trigger_ui.py took 0.124 seconds
[2025-05-12T08:49:57.360+0000] {processor.py:186} INFO - Started process (PID=2822) to work on /home/airflow/.local/lib/python3.12/site-packages/airflow/example_dags/example_params_trigger_ui.py
[2025-05-12T08:49:57.362+0000] {processor.py:914} INFO - Processing file /home/airflow/.local/lib/python3.12/site-packages/airflow/example_dags/example_params_trigger_ui.py for tasks to queue
[2025-05-12T08:49:57.364+0000] {logging_mixin.py:190} INFO - [2025-05-12T08:49:57.363+0000] {dagbag.py:588} INFO - Filling up the DagBag from /home/airflow/.local/lib/python3.12/site-packages/airflow/example_dags/example_params_trigger_ui.py
[2025-05-12T08:49:57.378+0000] {processor.py:925} INFO - DAG(s) 'example_params_trigger_ui' retrieved from /home/airflow/.local/lib/python3.12/site-packages/airflow/example_dags/example_params_trigger_ui.py
[2025-05-12T08:49:57.436+0000] {logging_mixin.py:190} INFO - [2025-05-12T08:49:57.436+0000] {dag.py:3239} INFO - Sync 1 DAGs
[2025-05-12T08:49:57.454+0000] {logging_mixin.py:190} INFO - [2025-05-12T08:49:57.454+0000] {dag.py:4180} INFO - Setting next_dagrun for example_params_trigger_ui to None, run_after=None
[2025-05-12T08:49:57.482+0000] {processor.py:208} INFO - Processing /home/airflow/.local/lib/python3.12/site-packages/airflow/example_dags/example_params_trigger_ui.py took 0.128 seconds
[2025-05-12T08:50:28.586+0000] {processor.py:186} INFO - Started process (PID=2906) to work on /home/airflow/.local/lib/python3.12/site-packages/airflow/example_dags/example_params_trigger_ui.py
[2025-05-12T08:50:28.587+0000] {processor.py:914} INFO - Processing file /home/airflow/.local/lib/python3.12/site-packages/airflow/example_dags/example_params_trigger_ui.py for tasks to queue
[2025-05-12T08:50:28.590+0000] {logging_mixin.py:190} INFO - [2025-05-12T08:50:28.589+0000] {dagbag.py:588} INFO - Filling up the DagBag from /home/airflow/.local/lib/python3.12/site-packages/airflow/example_dags/example_params_trigger_ui.py
[2025-05-12T08:50:28.606+0000] {processor.py:925} INFO - DAG(s) 'example_params_trigger_ui' retrieved from /home/airflow/.local/lib/python3.12/site-packages/airflow/example_dags/example_params_trigger_ui.py
[2025-05-12T08:50:28.662+0000] {logging_mixin.py:190} INFO - [2025-05-12T08:50:28.661+0000] {dag.py:3239} INFO - Sync 1 DAGs
[2025-05-12T08:50:28.682+0000] {logging_mixin.py:190} INFO - [2025-05-12T08:50:28.681+0000] {dag.py:4180} INFO - Setting next_dagrun for example_params_trigger_ui to None, run_after=None
[2025-05-12T08:50:28.710+0000] {processor.py:208} INFO - Processing /home/airflow/.local/lib/python3.12/site-packages/airflow/example_dags/example_params_trigger_ui.py took 0.131 seconds
[2025-05-12T08:50:59.669+0000] {processor.py:186} INFO - Started process (PID=2987) to work on /home/airflow/.local/lib/python3.12/site-packages/airflow/example_dags/example_params_trigger_ui.py
[2025-05-12T08:50:59.671+0000] {processor.py:914} INFO - Processing file /home/airflow/.local/lib/python3.12/site-packages/airflow/example_dags/example_params_trigger_ui.py for tasks to queue
[2025-05-12T08:50:59.674+0000] {logging_mixin.py:190} INFO - [2025-05-12T08:50:59.673+0000] {dagbag.py:588} INFO - Filling up the DagBag from /home/airflow/.local/lib/python3.12/site-packages/airflow/example_dags/example_params_trigger_ui.py
[2025-05-12T08:50:59.693+0000] {processor.py:925} INFO - DAG(s) 'example_params_trigger_ui' retrieved from /home/airflow/.local/lib/python3.12/site-packages/airflow/example_dags/example_params_trigger_ui.py
[2025-05-12T08:50:59.741+0000] {logging_mixin.py:190} INFO - [2025-05-12T08:50:59.741+0000] {dag.py:3239} INFO - Sync 1 DAGs
[2025-05-12T08:50:59.763+0000] {logging_mixin.py:190} INFO - [2025-05-12T08:50:59.762+0000] {dag.py:4180} INFO - Setting next_dagrun for example_params_trigger_ui to None, run_after=None
[2025-05-12T08:50:59.791+0000] {processor.py:208} INFO - Processing /home/airflow/.local/lib/python3.12/site-packages/airflow/example_dags/example_params_trigger_ui.py took 0.129 seconds
[2025-05-12T08:51:30.983+0000] {processor.py:186} INFO - Started process (PID=3069) to work on /home/airflow/.local/lib/python3.12/site-packages/airflow/example_dags/example_params_trigger_ui.py
[2025-05-12T08:51:30.985+0000] {processor.py:914} INFO - Processing file /home/airflow/.local/lib/python3.12/site-packages/airflow/example_dags/example_params_trigger_ui.py for tasks to queue
[2025-05-12T08:51:30.986+0000] {logging_mixin.py:190} INFO - [2025-05-12T08:51:30.986+0000] {dagbag.py:588} INFO - Filling up the DagBag from /home/airflow/.local/lib/python3.12/site-packages/airflow/example_dags/example_params_trigger_ui.py
[2025-05-12T08:51:30.999+0000] {processor.py:925} INFO - DAG(s) 'example_params_trigger_ui' retrieved from /home/airflow/.local/lib/python3.12/site-packages/airflow/example_dags/example_params_trigger_ui.py
[2025-05-12T08:51:31.045+0000] {logging_mixin.py:190} INFO - [2025-05-12T08:51:31.045+0000] {dag.py:3239} INFO - Sync 1 DAGs
[2025-05-12T08:51:31.059+0000] {logging_mixin.py:190} INFO - [2025-05-12T08:51:31.059+0000] {dag.py:4180} INFO - Setting next_dagrun for example_params_trigger_ui to None, run_after=None
[2025-05-12T08:51:31.085+0000] {processor.py:208} INFO - Processing /home/airflow/.local/lib/python3.12/site-packages/airflow/example_dags/example_params_trigger_ui.py took 0.108 seconds
[2025-05-12T08:52:02.822+0000] {processor.py:186} INFO - Started process (PID=3150) to work on /home/airflow/.local/lib/python3.12/site-packages/airflow/example_dags/example_params_trigger_ui.py
[2025-05-12T08:52:02.824+0000] {processor.py:914} INFO - Processing file /home/airflow/.local/lib/python3.12/site-packages/airflow/example_dags/example_params_trigger_ui.py for tasks to queue
[2025-05-12T08:52:02.826+0000] {logging_mixin.py:190} INFO - [2025-05-12T08:52:02.825+0000] {dagbag.py:588} INFO - Filling up the DagBag from /home/airflow/.local/lib/python3.12/site-packages/airflow/example_dags/example_params_trigger_ui.py
[2025-05-12T08:52:02.843+0000] {processor.py:925} INFO - DAG(s) 'example_params_trigger_ui' retrieved from /home/airflow/.local/lib/python3.12/site-packages/airflow/example_dags/example_params_trigger_ui.py
[2025-05-12T08:52:02.895+0000] {logging_mixin.py:190} INFO - [2025-05-12T08:52:02.894+0000] {dag.py:3239} INFO - Sync 1 DAGs
[2025-05-12T08:52:02.912+0000] {logging_mixin.py:190} INFO - [2025-05-12T08:52:02.912+0000] {dag.py:4180} INFO - Setting next_dagrun for example_params_trigger_ui to None, run_after=None
[2025-05-12T08:52:02.938+0000] {processor.py:208} INFO - Processing /home/airflow/.local/lib/python3.12/site-packages/airflow/example_dags/example_params_trigger_ui.py took 0.124 seconds
[2025-05-12T08:52:33.924+0000] {processor.py:186} INFO - Started process (PID=3232) to work on /home/airflow/.local/lib/python3.12/site-packages/airflow/example_dags/example_params_trigger_ui.py
[2025-05-12T08:52:33.925+0000] {processor.py:914} INFO - Processing file /home/airflow/.local/lib/python3.12/site-packages/airflow/example_dags/example_params_trigger_ui.py for tasks to queue
[2025-05-12T08:52:33.927+0000] {logging_mixin.py:190} INFO - [2025-05-12T08:52:33.926+0000] {dagbag.py:588} INFO - Filling up the DagBag from /home/airflow/.local/lib/python3.12/site-packages/airflow/example_dags/example_params_trigger_ui.py
[2025-05-12T08:52:33.942+0000] {processor.py:925} INFO - DAG(s) 'example_params_trigger_ui' retrieved from /home/airflow/.local/lib/python3.12/site-packages/airflow/example_dags/example_params_trigger_ui.py
[2025-05-12T08:52:33.999+0000] {logging_mixin.py:190} INFO - [2025-05-12T08:52:33.998+0000] {dag.py:3239} INFO - Sync 1 DAGs
[2025-05-12T08:52:34.018+0000] {logging_mixin.py:190} INFO - [2025-05-12T08:52:34.018+0000] {dag.py:4180} INFO - Setting next_dagrun for example_params_trigger_ui to None, run_after=None
[2025-05-12T08:52:34.047+0000] {processor.py:208} INFO - Processing /home/airflow/.local/lib/python3.12/site-packages/airflow/example_dags/example_params_trigger_ui.py took 0.131 seconds
[2025-05-12T08:53:04.799+0000] {processor.py:186} INFO - Started process (PID=3314) to work on /home/airflow/.local/lib/python3.12/site-packages/airflow/example_dags/example_params_trigger_ui.py
[2025-05-12T08:53:04.801+0000] {processor.py:914} INFO - Processing file /home/airflow/.local/lib/python3.12/site-packages/airflow/example_dags/example_params_trigger_ui.py for tasks to queue
[2025-05-12T08:53:04.802+0000] {logging_mixin.py:190} INFO - [2025-05-12T08:53:04.802+0000] {dagbag.py:588} INFO - Filling up the DagBag from /home/airflow/.local/lib/python3.12/site-packages/airflow/example_dags/example_params_trigger_ui.py
[2025-05-12T08:53:04.814+0000] {processor.py:925} INFO - DAG(s) 'example_params_trigger_ui' retrieved from /home/airflow/.local/lib/python3.12/site-packages/airflow/example_dags/example_params_trigger_ui.py
[2025-05-12T08:53:04.860+0000] {logging_mixin.py:190} INFO - [2025-05-12T08:53:04.860+0000] {dag.py:3239} INFO - Sync 1 DAGs
[2025-05-12T08:53:04.875+0000] {logging_mixin.py:190} INFO - [2025-05-12T08:53:04.875+0000] {dag.py:4180} INFO - Setting next_dagrun for example_params_trigger_ui to None, run_after=None
[2025-05-12T08:53:04.895+0000] {processor.py:208} INFO - Processing /home/airflow/.local/lib/python3.12/site-packages/airflow/example_dags/example_params_trigger_ui.py took 0.102 seconds
[2025-05-12T08:53:35.678+0000] {processor.py:186} INFO - Started process (PID=3396) to work on /home/airflow/.local/lib/python3.12/site-packages/airflow/example_dags/example_params_trigger_ui.py
[2025-05-12T08:53:35.679+0000] {processor.py:914} INFO - Processing file /home/airflow/.local/lib/python3.12/site-packages/airflow/example_dags/example_params_trigger_ui.py for tasks to queue
[2025-05-12T08:53:35.682+0000] {logging_mixin.py:190} INFO - [2025-05-12T08:53:35.681+0000] {dagbag.py:588} INFO - Filling up the DagBag from /home/airflow/.local/lib/python3.12/site-packages/airflow/example_dags/example_params_trigger_ui.py
[2025-05-12T08:53:35.695+0000] {processor.py:925} INFO - DAG(s) 'example_params_trigger_ui' retrieved from /home/airflow/.local/lib/python3.12/site-packages/airflow/example_dags/example_params_trigger_ui.py
[2025-05-12T08:53:35.738+0000] {logging_mixin.py:190} INFO - [2025-05-12T08:53:35.738+0000] {dag.py:3239} INFO - Sync 1 DAGs
[2025-05-12T08:53:35.753+0000] {logging_mixin.py:190} INFO - [2025-05-12T08:53:35.753+0000] {dag.py:4180} INFO - Setting next_dagrun for example_params_trigger_ui to None, run_after=None
[2025-05-12T08:53:35.776+0000] {processor.py:208} INFO - Processing /home/airflow/.local/lib/python3.12/site-packages/airflow/example_dags/example_params_trigger_ui.py took 0.105 seconds
[2025-05-12T08:54:06.740+0000] {processor.py:186} INFO - Started process (PID=3478) to work on /home/airflow/.local/lib/python3.12/site-packages/airflow/example_dags/example_params_trigger_ui.py
[2025-05-12T08:54:06.742+0000] {processor.py:914} INFO - Processing file /home/airflow/.local/lib/python3.12/site-packages/airflow/example_dags/example_params_trigger_ui.py for tasks to queue
[2025-05-12T08:54:06.745+0000] {logging_mixin.py:190} INFO - [2025-05-12T08:54:06.745+0000] {dagbag.py:588} INFO - Filling up the DagBag from /home/airflow/.local/lib/python3.12/site-packages/airflow/example_dags/example_params_trigger_ui.py
[2025-05-12T08:54:06.763+0000] {processor.py:925} INFO - DAG(s) 'example_params_trigger_ui' retrieved from /home/airflow/.local/lib/python3.12/site-packages/airflow/example_dags/example_params_trigger_ui.py
[2025-05-12T08:54:06.832+0000] {logging_mixin.py:190} INFO - [2025-05-12T08:54:06.832+0000] {dag.py:3239} INFO - Sync 1 DAGs
[2025-05-12T08:54:06.851+0000] {logging_mixin.py:190} INFO - [2025-05-12T08:54:06.851+0000] {dag.py:4180} INFO - Setting next_dagrun for example_params_trigger_ui to None, run_after=None
[2025-05-12T08:54:06.877+0000] {processor.py:208} INFO - Processing /home/airflow/.local/lib/python3.12/site-packages/airflow/example_dags/example_params_trigger_ui.py took 0.145 seconds
[2025-05-12T08:54:37.805+0000] {processor.py:186} INFO - Started process (PID=3560) to work on /home/airflow/.local/lib/python3.12/site-packages/airflow/example_dags/example_params_trigger_ui.py
[2025-05-12T08:54:37.806+0000] {processor.py:914} INFO - Processing file /home/airflow/.local/lib/python3.12/site-packages/airflow/example_dags/example_params_trigger_ui.py for tasks to queue
[2025-05-12T08:54:37.807+0000] {logging_mixin.py:190} INFO - [2025-05-12T08:54:37.807+0000] {dagbag.py:588} INFO - Filling up the DagBag from /home/airflow/.local/lib/python3.12/site-packages/airflow/example_dags/example_params_trigger_ui.py
[2025-05-12T08:54:37.821+0000] {processor.py:925} INFO - DAG(s) 'example_params_trigger_ui' retrieved from /home/airflow/.local/lib/python3.12/site-packages/airflow/example_dags/example_params_trigger_ui.py
[2025-05-12T08:54:37.864+0000] {logging_mixin.py:190} INFO - [2025-05-12T08:54:37.864+0000] {dag.py:3239} INFO - Sync 1 DAGs
[2025-05-12T08:54:37.880+0000] {logging_mixin.py:190} INFO - [2025-05-12T08:54:37.880+0000] {dag.py:4180} INFO - Setting next_dagrun for example_params_trigger_ui to None, run_after=None
[2025-05-12T08:54:37.901+0000] {processor.py:208} INFO - Processing /home/airflow/.local/lib/python3.12/site-packages/airflow/example_dags/example_params_trigger_ui.py took 0.103 seconds
[2025-05-12T08:55:09.257+0000] {processor.py:186} INFO - Started process (PID=3641) to work on /home/airflow/.local/lib/python3.12/site-packages/airflow/example_dags/example_params_trigger_ui.py
[2025-05-12T08:55:09.258+0000] {processor.py:914} INFO - Processing file /home/airflow/.local/lib/python3.12/site-packages/airflow/example_dags/example_params_trigger_ui.py for tasks to queue
[2025-05-12T08:55:09.260+0000] {logging_mixin.py:190} INFO - [2025-05-12T08:55:09.259+0000] {dagbag.py:588} INFO - Filling up the DagBag from /home/airflow/.local/lib/python3.12/site-packages/airflow/example_dags/example_params_trigger_ui.py
[2025-05-12T08:55:09.274+0000] {processor.py:925} INFO - DAG(s) 'example_params_trigger_ui' retrieved from /home/airflow/.local/lib/python3.12/site-packages/airflow/example_dags/example_params_trigger_ui.py
[2025-05-12T08:55:09.333+0000] {logging_mixin.py:190} INFO - [2025-05-12T08:55:09.332+0000] {dag.py:3239} INFO - Sync 1 DAGs
[2025-05-12T08:55:09.352+0000] {logging_mixin.py:190} INFO - [2025-05-12T08:55:09.352+0000] {dag.py:4180} INFO - Setting next_dagrun for example_params_trigger_ui to None, run_after=None
[2025-05-12T08:55:09.382+0000] {processor.py:208} INFO - Processing /home/airflow/.local/lib/python3.12/site-packages/airflow/example_dags/example_params_trigger_ui.py took 0.132 seconds
[2025-05-12T08:55:40.687+0000] {processor.py:186} INFO - Started process (PID=3724) to work on /home/airflow/.local/lib/python3.12/site-packages/airflow/example_dags/example_params_trigger_ui.py
[2025-05-12T08:55:40.688+0000] {processor.py:914} INFO - Processing file /home/airflow/.local/lib/python3.12/site-packages/airflow/example_dags/example_params_trigger_ui.py for tasks to queue
[2025-05-12T08:55:40.690+0000] {logging_mixin.py:190} INFO - [2025-05-12T08:55:40.689+0000] {dagbag.py:588} INFO - Filling up the DagBag from /home/airflow/.local/lib/python3.12/site-packages/airflow/example_dags/example_params_trigger_ui.py
[2025-05-12T08:55:40.702+0000] {processor.py:925} INFO - DAG(s) 'example_params_trigger_ui' retrieved from /home/airflow/.local/lib/python3.12/site-packages/airflow/example_dags/example_params_trigger_ui.py
[2025-05-12T08:55:40.745+0000] {logging_mixin.py:190} INFO - [2025-05-12T08:55:40.745+0000] {dag.py:3239} INFO - Sync 1 DAGs
[2025-05-12T08:55:40.759+0000] {logging_mixin.py:190} INFO - [2025-05-12T08:55:40.759+0000] {dag.py:4180} INFO - Setting next_dagrun for example_params_trigger_ui to None, run_after=None
[2025-05-12T08:55:40.778+0000] {processor.py:208} INFO - Processing /home/airflow/.local/lib/python3.12/site-packages/airflow/example_dags/example_params_trigger_ui.py took 0.097 seconds
[2025-05-12T08:56:12.104+0000] {processor.py:186} INFO - Started process (PID=3806) to work on /home/airflow/.local/lib/python3.12/site-packages/airflow/example_dags/example_params_trigger_ui.py
[2025-05-12T08:56:12.105+0000] {processor.py:914} INFO - Processing file /home/airflow/.local/lib/python3.12/site-packages/airflow/example_dags/example_params_trigger_ui.py for tasks to queue
[2025-05-12T08:56:12.107+0000] {logging_mixin.py:190} INFO - [2025-05-12T08:56:12.106+0000] {dagbag.py:588} INFO - Filling up the DagBag from /home/airflow/.local/lib/python3.12/site-packages/airflow/example_dags/example_params_trigger_ui.py
[2025-05-12T08:56:12.121+0000] {processor.py:925} INFO - DAG(s) 'example_params_trigger_ui' retrieved from /home/airflow/.local/lib/python3.12/site-packages/airflow/example_dags/example_params_trigger_ui.py
[2025-05-12T08:56:12.166+0000] {logging_mixin.py:190} INFO - [2025-05-12T08:56:12.165+0000] {dag.py:3239} INFO - Sync 1 DAGs
[2025-05-12T08:56:12.183+0000] {logging_mixin.py:190} INFO - [2025-05-12T08:56:12.182+0000] {dag.py:4180} INFO - Setting next_dagrun for example_params_trigger_ui to None, run_after=None
[2025-05-12T08:56:12.207+0000] {processor.py:208} INFO - Processing /home/airflow/.local/lib/python3.12/site-packages/airflow/example_dags/example_params_trigger_ui.py took 0.110 seconds
[2025-05-12T08:56:43.551+0000] {processor.py:186} INFO - Started process (PID=3888) to work on /home/airflow/.local/lib/python3.12/site-packages/airflow/example_dags/example_params_trigger_ui.py
[2025-05-12T08:56:43.553+0000] {processor.py:914} INFO - Processing file /home/airflow/.local/lib/python3.12/site-packages/airflow/example_dags/example_params_trigger_ui.py for tasks to queue
[2025-05-12T08:56:43.554+0000] {logging_mixin.py:190} INFO - [2025-05-12T08:56:43.554+0000] {dagbag.py:588} INFO - Filling up the DagBag from /home/airflow/.local/lib/python3.12/site-packages/airflow/example_dags/example_params_trigger_ui.py
[2025-05-12T08:56:43.569+0000] {processor.py:925} INFO - DAG(s) 'example_params_trigger_ui' retrieved from /home/airflow/.local/lib/python3.12/site-packages/airflow/example_dags/example_params_trigger_ui.py
[2025-05-12T08:56:43.619+0000] {logging_mixin.py:190} INFO - [2025-05-12T08:56:43.618+0000] {dag.py:3239} INFO - Sync 1 DAGs
[2025-05-12T08:56:43.637+0000] {logging_mixin.py:190} INFO - [2025-05-12T08:56:43.636+0000] {dag.py:4180} INFO - Setting next_dagrun for example_params_trigger_ui to None, run_after=None
[2025-05-12T08:56:43.663+0000] {processor.py:208} INFO - Processing /home/airflow/.local/lib/python3.12/site-packages/airflow/example_dags/example_params_trigger_ui.py took 0.120 seconds
[2025-05-12T08:57:14.684+0000] {processor.py:186} INFO - Started process (PID=3972) to work on /home/airflow/.local/lib/python3.12/site-packages/airflow/example_dags/example_params_trigger_ui.py
[2025-05-12T08:57:14.685+0000] {processor.py:914} INFO - Processing file /home/airflow/.local/lib/python3.12/site-packages/airflow/example_dags/example_params_trigger_ui.py for tasks to queue
[2025-05-12T08:57:14.687+0000] {logging_mixin.py:190} INFO - [2025-05-12T08:57:14.687+0000] {dagbag.py:588} INFO - Filling up the DagBag from /home/airflow/.local/lib/python3.12/site-packages/airflow/example_dags/example_params_trigger_ui.py
[2025-05-12T08:57:14.702+0000] {processor.py:925} INFO - DAG(s) 'example_params_trigger_ui' retrieved from /home/airflow/.local/lib/python3.12/site-packages/airflow/example_dags/example_params_trigger_ui.py
[2025-05-12T08:57:14.756+0000] {logging_mixin.py:190} INFO - [2025-05-12T08:57:14.756+0000] {dag.py:3239} INFO - Sync 1 DAGs
[2025-05-12T08:57:14.773+0000] {logging_mixin.py:190} INFO - [2025-05-12T08:57:14.773+0000] {dag.py:4180} INFO - Setting next_dagrun for example_params_trigger_ui to None, run_after=None
[2025-05-12T08:57:14.804+0000] {processor.py:208} INFO - Processing /home/airflow/.local/lib/python3.12/site-packages/airflow/example_dags/example_params_trigger_ui.py took 0.128 seconds
[2025-05-12T08:57:46.212+0000] {processor.py:186} INFO - Started process (PID=4060) to work on /home/airflow/.local/lib/python3.12/site-packages/airflow/example_dags/example_params_trigger_ui.py
[2025-05-12T08:57:46.213+0000] {processor.py:914} INFO - Processing file /home/airflow/.local/lib/python3.12/site-packages/airflow/example_dags/example_params_trigger_ui.py for tasks to queue
[2025-05-12T08:57:46.214+0000] {logging_mixin.py:190} INFO - [2025-05-12T08:57:46.214+0000] {dagbag.py:588} INFO - Filling up the DagBag from /home/airflow/.local/lib/python3.12/site-packages/airflow/example_dags/example_params_trigger_ui.py
[2025-05-12T08:57:46.229+0000] {processor.py:925} INFO - DAG(s) 'example_params_trigger_ui' retrieved from /home/airflow/.local/lib/python3.12/site-packages/airflow/example_dags/example_params_trigger_ui.py
[2025-05-12T08:57:46.284+0000] {logging_mixin.py:190} INFO - [2025-05-12T08:57:46.284+0000] {dag.py:3239} INFO - Sync 1 DAGs
[2025-05-12T08:57:46.302+0000] {logging_mixin.py:190} INFO - [2025-05-12T08:57:46.301+0000] {dag.py:4180} INFO - Setting next_dagrun for example_params_trigger_ui to None, run_after=None
[2025-05-12T08:57:46.330+0000] {processor.py:208} INFO - Processing /home/airflow/.local/lib/python3.12/site-packages/airflow/example_dags/example_params_trigger_ui.py took 0.122 seconds
[2025-05-12T08:58:17.424+0000] {processor.py:186} INFO - Started process (PID=4144) to work on /home/airflow/.local/lib/python3.12/site-packages/airflow/example_dags/example_params_trigger_ui.py
[2025-05-12T08:58:17.425+0000] {processor.py:914} INFO - Processing file /home/airflow/.local/lib/python3.12/site-packages/airflow/example_dags/example_params_trigger_ui.py for tasks to queue
[2025-05-12T08:58:17.427+0000] {logging_mixin.py:190} INFO - [2025-05-12T08:58:17.426+0000] {dagbag.py:588} INFO - Filling up the DagBag from /home/airflow/.local/lib/python3.12/site-packages/airflow/example_dags/example_params_trigger_ui.py
[2025-05-12T08:58:17.442+0000] {processor.py:925} INFO - DAG(s) 'example_params_trigger_ui' retrieved from /home/airflow/.local/lib/python3.12/site-packages/airflow/example_dags/example_params_trigger_ui.py
[2025-05-12T08:58:17.493+0000] {logging_mixin.py:190} INFO - [2025-05-12T08:58:17.493+0000] {dag.py:3239} INFO - Sync 1 DAGs
[2025-05-12T08:58:17.511+0000] {logging_mixin.py:190} INFO - [2025-05-12T08:58:17.510+0000] {dag.py:4180} INFO - Setting next_dagrun for example_params_trigger_ui to None, run_after=None
[2025-05-12T08:58:17.536+0000] {processor.py:208} INFO - Processing /home/airflow/.local/lib/python3.12/site-packages/airflow/example_dags/example_params_trigger_ui.py took 0.119 seconds
[2025-05-12T08:58:48.702+0000] {processor.py:186} INFO - Started process (PID=4227) to work on /home/airflow/.local/lib/python3.12/site-packages/airflow/example_dags/example_params_trigger_ui.py
[2025-05-12T08:58:48.703+0000] {processor.py:914} INFO - Processing file /home/airflow/.local/lib/python3.12/site-packages/airflow/example_dags/example_params_trigger_ui.py for tasks to queue
[2025-05-12T08:58:48.705+0000] {logging_mixin.py:190} INFO - [2025-05-12T08:58:48.704+0000] {dagbag.py:588} INFO - Filling up the DagBag from /home/airflow/.local/lib/python3.12/site-packages/airflow/example_dags/example_params_trigger_ui.py
[2025-05-12T08:58:48.719+0000] {processor.py:925} INFO - DAG(s) 'example_params_trigger_ui' retrieved from /home/airflow/.local/lib/python3.12/site-packages/airflow/example_dags/example_params_trigger_ui.py
[2025-05-12T08:58:48.771+0000] {logging_mixin.py:190} INFO - [2025-05-12T08:58:48.770+0000] {dag.py:3239} INFO - Sync 1 DAGs
[2025-05-12T08:58:48.788+0000] {logging_mixin.py:190} INFO - [2025-05-12T08:58:48.788+0000] {dag.py:4180} INFO - Setting next_dagrun for example_params_trigger_ui to None, run_after=None
[2025-05-12T08:58:48.812+0000] {processor.py:208} INFO - Processing /home/airflow/.local/lib/python3.12/site-packages/airflow/example_dags/example_params_trigger_ui.py took 0.118 seconds
[2025-05-12T08:59:20.156+0000] {processor.py:186} INFO - Started process (PID=4309) to work on /home/airflow/.local/lib/python3.12/site-packages/airflow/example_dags/example_params_trigger_ui.py
[2025-05-12T08:59:20.159+0000] {processor.py:914} INFO - Processing file /home/airflow/.local/lib/python3.12/site-packages/airflow/example_dags/example_params_trigger_ui.py for tasks to queue
[2025-05-12T08:59:20.161+0000] {logging_mixin.py:190} INFO - [2025-05-12T08:59:20.160+0000] {dagbag.py:588} INFO - Filling up the DagBag from /home/airflow/.local/lib/python3.12/site-packages/airflow/example_dags/example_params_trigger_ui.py
[2025-05-12T08:59:20.179+0000] {processor.py:925} INFO - DAG(s) 'example_params_trigger_ui' retrieved from /home/airflow/.local/lib/python3.12/site-packages/airflow/example_dags/example_params_trigger_ui.py
[2025-05-12T08:59:20.244+0000] {logging_mixin.py:190} INFO - [2025-05-12T08:59:20.244+0000] {dag.py:3239} INFO - Sync 1 DAGs
[2025-05-12T08:59:20.265+0000] {logging_mixin.py:190} INFO - [2025-05-12T08:59:20.264+0000] {dag.py:4180} INFO - Setting next_dagrun for example_params_trigger_ui to None, run_after=None
[2025-05-12T08:59:20.293+0000] {processor.py:208} INFO - Processing /home/airflow/.local/lib/python3.12/site-packages/airflow/example_dags/example_params_trigger_ui.py took 0.146 seconds
[2025-05-12T08:59:51.147+0000] {processor.py:186} INFO - Started process (PID=4391) to work on /home/airflow/.local/lib/python3.12/site-packages/airflow/example_dags/example_params_trigger_ui.py
[2025-05-12T08:59:51.149+0000] {processor.py:914} INFO - Processing file /home/airflow/.local/lib/python3.12/site-packages/airflow/example_dags/example_params_trigger_ui.py for tasks to queue
[2025-05-12T08:59:51.150+0000] {logging_mixin.py:190} INFO - [2025-05-12T08:59:51.150+0000] {dagbag.py:588} INFO - Filling up the DagBag from /home/airflow/.local/lib/python3.12/site-packages/airflow/example_dags/example_params_trigger_ui.py
[2025-05-12T08:59:51.164+0000] {processor.py:925} INFO - DAG(s) 'example_params_trigger_ui' retrieved from /home/airflow/.local/lib/python3.12/site-packages/airflow/example_dags/example_params_trigger_ui.py
[2025-05-12T08:59:51.216+0000] {logging_mixin.py:190} INFO - [2025-05-12T08:59:51.216+0000] {dag.py:3239} INFO - Sync 1 DAGs
[2025-05-12T08:59:51.236+0000] {logging_mixin.py:190} INFO - [2025-05-12T08:59:51.235+0000] {dag.py:4180} INFO - Setting next_dagrun for example_params_trigger_ui to None, run_after=None
[2025-05-12T08:59:51.265+0000] {processor.py:208} INFO - Processing /home/airflow/.local/lib/python3.12/site-packages/airflow/example_dags/example_params_trigger_ui.py took 0.125 seconds
[2025-05-12T09:00:21.712+0000] {processor.py:186} INFO - Started process (PID=4473) to work on /home/airflow/.local/lib/python3.12/site-packages/airflow/example_dags/example_params_trigger_ui.py
[2025-05-12T09:00:21.714+0000] {processor.py:914} INFO - Processing file /home/airflow/.local/lib/python3.12/site-packages/airflow/example_dags/example_params_trigger_ui.py for tasks to queue
[2025-05-12T09:00:21.716+0000] {logging_mixin.py:190} INFO - [2025-05-12T09:00:21.715+0000] {dagbag.py:588} INFO - Filling up the DagBag from /home/airflow/.local/lib/python3.12/site-packages/airflow/example_dags/example_params_trigger_ui.py
[2025-05-12T09:00:21.762+0000] {processor.py:925} INFO - DAG(s) 'example_params_trigger_ui' retrieved from /home/airflow/.local/lib/python3.12/site-packages/airflow/example_dags/example_params_trigger_ui.py
[2025-05-12T09:00:21.904+0000] {logging_mixin.py:190} INFO - [2025-05-12T09:00:21.903+0000] {dag.py:3239} INFO - Sync 1 DAGs
[2025-05-12T09:00:21.924+0000] {logging_mixin.py:190} INFO - [2025-05-12T09:00:21.924+0000] {dag.py:4180} INFO - Setting next_dagrun for example_params_trigger_ui to None, run_after=None
[2025-05-12T09:00:21.957+0000] {processor.py:208} INFO - Processing /home/airflow/.local/lib/python3.12/site-packages/airflow/example_dags/example_params_trigger_ui.py took 0.255 seconds
[2025-05-12T09:00:52.784+0000] {processor.py:186} INFO - Started process (PID=4557) to work on /home/airflow/.local/lib/python3.12/site-packages/airflow/example_dags/example_params_trigger_ui.py
[2025-05-12T09:00:52.785+0000] {processor.py:914} INFO - Processing file /home/airflow/.local/lib/python3.12/site-packages/airflow/example_dags/example_params_trigger_ui.py for tasks to queue
[2025-05-12T09:00:52.787+0000] {logging_mixin.py:190} INFO - [2025-05-12T09:00:52.787+0000] {dagbag.py:588} INFO - Filling up the DagBag from /home/airflow/.local/lib/python3.12/site-packages/airflow/example_dags/example_params_trigger_ui.py
[2025-05-12T09:00:52.807+0000] {processor.py:925} INFO - DAG(s) 'example_params_trigger_ui' retrieved from /home/airflow/.local/lib/python3.12/site-packages/airflow/example_dags/example_params_trigger_ui.py
[2025-05-12T09:00:52.900+0000] {logging_mixin.py:190} INFO - [2025-05-12T09:00:52.899+0000] {dag.py:3239} INFO - Sync 1 DAGs
[2025-05-12T09:00:52.918+0000] {logging_mixin.py:190} INFO - [2025-05-12T09:00:52.917+0000] {dag.py:4180} INFO - Setting next_dagrun for example_params_trigger_ui to None, run_after=None
[2025-05-12T09:00:52.966+0000] {processor.py:208} INFO - Processing /home/airflow/.local/lib/python3.12/site-packages/airflow/example_dags/example_params_trigger_ui.py took 0.189 seconds
