[2025-05-12T08:33:35.044+0000] {processor.py:186} INFO - Started process (PID=170) to work on /home/airflow/.local/lib/python3.12/site-packages/airflow/example_dags/example_inlet_event_extra.py
[2025-05-12T08:33:35.046+0000] {processor.py:914} INFO - Processing file /home/airflow/.local/lib/python3.12/site-packages/airflow/example_dags/example_inlet_event_extra.py for tasks to queue
[2025-05-12T08:33:35.049+0000] {logging_mixin.py:190} INFO - [2025-05-12T08:33:35.048+0000] {dagbag.py:588} INFO - Filling up the DagBag from /home/airflow/.local/lib/python3.12/site-packages/airflow/example_dags/example_inlet_event_extra.py
[2025-05-12T08:33:37.134+0000] {processor.py:925} INFO - DAG(s) 'read_dataset_event_from_classic', 'read_dataset_event' retrieved from /home/airflow/.local/lib/python3.12/site-packages/airflow/example_dags/example_inlet_event_extra.py
[2025-05-12T08:33:37.743+0000] {logging_mixin.py:190} INFO - [2025-05-12T08:33:37.742+0000] {dag.py:3239} INFO - Sync 2 DAGs
[2025-05-12T08:33:37.846+0000] {logging_mixin.py:190} INFO - [2025-05-12T08:33:37.845+0000] {dag.py:4180} INFO - Setting next_dagrun for read_dataset_event to 2025-05-11 00:00:00+00:00, run_after=2025-05-12 00:00:00+00:00
[2025-05-12T08:33:37.860+0000] {logging_mixin.py:190} INFO - [2025-05-12T08:33:37.859+0000] {dag.py:4180} INFO - Setting next_dagrun for read_dataset_event_from_classic to 2025-05-11 00:00:00+00:00, run_after=2025-05-12 00:00:00+00:00
[2025-05-12T08:33:37.929+0000] {processor.py:208} INFO - Processing /home/airflow/.local/lib/python3.12/site-packages/airflow/example_dags/example_inlet_event_extra.py took 2.902 seconds
[2025-05-12T08:34:08.409+0000] {processor.py:186} INFO - Started process (PID=264) to work on /home/airflow/.local/lib/python3.12/site-packages/airflow/example_dags/example_inlet_event_extra.py
[2025-05-12T08:34:08.411+0000] {processor.py:914} INFO - Processing file /home/airflow/.local/lib/python3.12/site-packages/airflow/example_dags/example_inlet_event_extra.py for tasks to queue
[2025-05-12T08:34:08.413+0000] {logging_mixin.py:190} INFO - [2025-05-12T08:34:08.413+0000] {dagbag.py:588} INFO - Filling up the DagBag from /home/airflow/.local/lib/python3.12/site-packages/airflow/example_dags/example_inlet_event_extra.py
[2025-05-12T08:34:09.731+0000] {processor.py:925} INFO - DAG(s) 'read_dataset_event_from_classic', 'read_dataset_event' retrieved from /home/airflow/.local/lib/python3.12/site-packages/airflow/example_dags/example_inlet_event_extra.py
[2025-05-12T08:34:09.782+0000] {logging_mixin.py:190} INFO - [2025-05-12T08:34:09.781+0000] {dag.py:3239} INFO - Sync 2 DAGs
[2025-05-12T08:34:09.847+0000] {logging_mixin.py:190} INFO - [2025-05-12T08:34:09.847+0000] {dag.py:4180} INFO - Setting next_dagrun for read_dataset_event to 2025-05-11 00:00:00+00:00, run_after=2025-05-12 00:00:00+00:00
[2025-05-12T08:34:09.861+0000] {logging_mixin.py:190} INFO - [2025-05-12T08:34:09.860+0000] {dag.py:4180} INFO - Setting next_dagrun for read_dataset_event_from_classic to 2025-05-11 00:00:00+00:00, run_after=2025-05-12 00:00:00+00:00
[2025-05-12T08:34:09.904+0000] {processor.py:208} INFO - Processing /home/airflow/.local/lib/python3.12/site-packages/airflow/example_dags/example_inlet_event_extra.py took 1.511 seconds
[2025-05-12T08:34:40.251+0000] {processor.py:186} INFO - Started process (PID=359) to work on /home/airflow/.local/lib/python3.12/site-packages/airflow/example_dags/example_inlet_event_extra.py
[2025-05-12T08:34:40.260+0000] {processor.py:914} INFO - Processing file /home/airflow/.local/lib/python3.12/site-packages/airflow/example_dags/example_inlet_event_extra.py for tasks to queue
[2025-05-12T08:34:40.262+0000] {logging_mixin.py:190} INFO - [2025-05-12T08:34:40.262+0000] {dagbag.py:588} INFO - Filling up the DagBag from /home/airflow/.local/lib/python3.12/site-packages/airflow/example_dags/example_inlet_event_extra.py
[2025-05-12T08:34:41.277+0000] {processor.py:925} INFO - DAG(s) 'read_dataset_event', 'read_dataset_event_from_classic' retrieved from /home/airflow/.local/lib/python3.12/site-packages/airflow/example_dags/example_inlet_event_extra.py
[2025-05-12T08:34:41.316+0000] {logging_mixin.py:190} INFO - [2025-05-12T08:34:41.316+0000] {dag.py:3239} INFO - Sync 2 DAGs
[2025-05-12T08:34:41.360+0000] {logging_mixin.py:190} INFO - [2025-05-12T08:34:41.360+0000] {dag.py:4180} INFO - Setting next_dagrun for read_dataset_event to 2025-05-11 00:00:00+00:00, run_after=2025-05-12 00:00:00+00:00
[2025-05-12T08:34:41.368+0000] {logging_mixin.py:190} INFO - [2025-05-12T08:34:41.367+0000] {dag.py:4180} INFO - Setting next_dagrun for read_dataset_event_from_classic to 2025-05-11 00:00:00+00:00, run_after=2025-05-12 00:00:00+00:00
[2025-05-12T08:34:41.398+0000] {processor.py:208} INFO - Processing /home/airflow/.local/lib/python3.12/site-packages/airflow/example_dags/example_inlet_event_extra.py took 1.155 seconds
[2025-05-12T08:35:11.838+0000] {processor.py:186} INFO - Started process (PID=452) to work on /home/airflow/.local/lib/python3.12/site-packages/airflow/example_dags/example_inlet_event_extra.py
[2025-05-12T08:35:11.841+0000] {processor.py:914} INFO - Processing file /home/airflow/.local/lib/python3.12/site-packages/airflow/example_dags/example_inlet_event_extra.py for tasks to queue
[2025-05-12T08:35:11.842+0000] {logging_mixin.py:190} INFO - [2025-05-12T08:35:11.842+0000] {dagbag.py:588} INFO - Filling up the DagBag from /home/airflow/.local/lib/python3.12/site-packages/airflow/example_dags/example_inlet_event_extra.py
[2025-05-12T08:35:12.498+0000] {processor.py:925} INFO - DAG(s) 'read_dataset_event', 'read_dataset_event_from_classic' retrieved from /home/airflow/.local/lib/python3.12/site-packages/airflow/example_dags/example_inlet_event_extra.py
[2025-05-12T08:35:12.532+0000] {logging_mixin.py:190} INFO - [2025-05-12T08:35:12.531+0000] {dag.py:3239} INFO - Sync 2 DAGs
[2025-05-12T08:35:12.570+0000] {logging_mixin.py:190} INFO - [2025-05-12T08:35:12.570+0000] {dag.py:4180} INFO - Setting next_dagrun for read_dataset_event to 2025-05-11 00:00:00+00:00, run_after=2025-05-12 00:00:00+00:00
[2025-05-12T08:35:12.581+0000] {logging_mixin.py:190} INFO - [2025-05-12T08:35:12.581+0000] {dag.py:4180} INFO - Setting next_dagrun for read_dataset_event_from_classic to 2025-05-11 00:00:00+00:00, run_after=2025-05-12 00:00:00+00:00
[2025-05-12T08:35:12.617+0000] {processor.py:208} INFO - Processing /home/airflow/.local/lib/python3.12/site-packages/airflow/example_dags/example_inlet_event_extra.py took 0.786 seconds
[2025-05-12T08:35:48.394+0000] {processor.py:186} INFO - Started process (PID=542) to work on /home/airflow/.local/lib/python3.12/site-packages/airflow/example_dags/example_inlet_event_extra.py
[2025-05-12T08:35:48.399+0000] {processor.py:914} INFO - Processing file /home/airflow/.local/lib/python3.12/site-packages/airflow/example_dags/example_inlet_event_extra.py for tasks to queue
[2025-05-12T08:35:48.400+0000] {logging_mixin.py:190} INFO - [2025-05-12T08:35:48.400+0000] {dagbag.py:588} INFO - Filling up the DagBag from /home/airflow/.local/lib/python3.12/site-packages/airflow/example_dags/example_inlet_event_extra.py
[2025-05-12T08:35:49.316+0000] {processor.py:925} INFO - DAG(s) 'read_dataset_event_from_classic', 'read_dataset_event' retrieved from /home/airflow/.local/lib/python3.12/site-packages/airflow/example_dags/example_inlet_event_extra.py
[2025-05-12T08:35:49.348+0000] {logging_mixin.py:190} INFO - [2025-05-12T08:35:49.348+0000] {dag.py:3239} INFO - Sync 2 DAGs
[2025-05-12T08:35:49.390+0000] {logging_mixin.py:190} INFO - [2025-05-12T08:35:49.390+0000] {dag.py:4180} INFO - Setting next_dagrun for read_dataset_event to 2025-05-11 00:00:00+00:00, run_after=2025-05-12 00:00:00+00:00
[2025-05-12T08:35:49.398+0000] {logging_mixin.py:190} INFO - [2025-05-12T08:35:49.397+0000] {dag.py:4180} INFO - Setting next_dagrun for read_dataset_event_from_classic to 2025-05-11 00:00:00+00:00, run_after=2025-05-12 00:00:00+00:00
[2025-05-12T08:35:49.426+0000] {processor.py:208} INFO - Processing /home/airflow/.local/lib/python3.12/site-packages/airflow/example_dags/example_inlet_event_extra.py took 1.048 seconds
[2025-05-12T08:36:19.585+0000] {processor.py:186} INFO - Started process (PID=631) to work on /home/airflow/.local/lib/python3.12/site-packages/airflow/example_dags/example_inlet_event_extra.py
[2025-05-12T08:36:19.587+0000] {processor.py:914} INFO - Processing file /home/airflow/.local/lib/python3.12/site-packages/airflow/example_dags/example_inlet_event_extra.py for tasks to queue
[2025-05-12T08:36:19.589+0000] {logging_mixin.py:190} INFO - [2025-05-12T08:36:19.588+0000] {dagbag.py:588} INFO - Filling up the DagBag from /home/airflow/.local/lib/python3.12/site-packages/airflow/example_dags/example_inlet_event_extra.py
[2025-05-12T08:36:20.162+0000] {processor.py:925} INFO - DAG(s) 'read_dataset_event', 'read_dataset_event_from_classic' retrieved from /home/airflow/.local/lib/python3.12/site-packages/airflow/example_dags/example_inlet_event_extra.py
[2025-05-12T08:36:20.191+0000] {logging_mixin.py:190} INFO - [2025-05-12T08:36:20.191+0000] {dag.py:3239} INFO - Sync 2 DAGs
[2025-05-12T08:36:20.221+0000] {logging_mixin.py:190} INFO - [2025-05-12T08:36:20.220+0000] {dag.py:4180} INFO - Setting next_dagrun for read_dataset_event to 2025-05-11 00:00:00+00:00, run_after=2025-05-12 00:00:00+00:00
[2025-05-12T08:36:20.229+0000] {logging_mixin.py:190} INFO - [2025-05-12T08:36:20.229+0000] {dag.py:4180} INFO - Setting next_dagrun for read_dataset_event_from_classic to 2025-05-11 00:00:00+00:00, run_after=2025-05-12 00:00:00+00:00
[2025-05-12T08:36:20.254+0000] {processor.py:208} INFO - Processing /home/airflow/.local/lib/python3.12/site-packages/airflow/example_dags/example_inlet_event_extra.py took 0.676 seconds
[2025-05-12T08:36:50.692+0000] {processor.py:186} INFO - Started process (PID=713) to work on /home/airflow/.local/lib/python3.12/site-packages/airflow/example_dags/example_inlet_event_extra.py
[2025-05-12T08:36:50.694+0000] {processor.py:914} INFO - Processing file /home/airflow/.local/lib/python3.12/site-packages/airflow/example_dags/example_inlet_event_extra.py for tasks to queue
[2025-05-12T08:36:50.697+0000] {logging_mixin.py:190} INFO - [2025-05-12T08:36:50.697+0000] {dagbag.py:588} INFO - Filling up the DagBag from /home/airflow/.local/lib/python3.12/site-packages/airflow/example_dags/example_inlet_event_extra.py
[2025-05-12T08:36:51.361+0000] {processor.py:925} INFO - DAG(s) 'read_dataset_event_from_classic', 'read_dataset_event' retrieved from /home/airflow/.local/lib/python3.12/site-packages/airflow/example_dags/example_inlet_event_extra.py
[2025-05-12T08:36:51.395+0000] {logging_mixin.py:190} INFO - [2025-05-12T08:36:51.395+0000] {dag.py:3239} INFO - Sync 2 DAGs
[2025-05-12T08:36:51.425+0000] {logging_mixin.py:190} INFO - [2025-05-12T08:36:51.425+0000] {dag.py:4180} INFO - Setting next_dagrun for read_dataset_event to 2025-05-11 00:00:00+00:00, run_after=2025-05-12 00:00:00+00:00
[2025-05-12T08:36:51.434+0000] {logging_mixin.py:190} INFO - [2025-05-12T08:36:51.433+0000] {dag.py:4180} INFO - Setting next_dagrun for read_dataset_event_from_classic to 2025-05-11 00:00:00+00:00, run_after=2025-05-12 00:00:00+00:00
[2025-05-12T08:36:51.465+0000] {processor.py:208} INFO - Processing /home/airflow/.local/lib/python3.12/site-packages/airflow/example_dags/example_inlet_event_extra.py took 0.782 seconds
[2025-05-12T08:37:21.958+0000] {processor.py:186} INFO - Started process (PID=795) to work on /home/airflow/.local/lib/python3.12/site-packages/airflow/example_dags/example_inlet_event_extra.py
[2025-05-12T08:37:21.960+0000] {processor.py:914} INFO - Processing file /home/airflow/.local/lib/python3.12/site-packages/airflow/example_dags/example_inlet_event_extra.py for tasks to queue
[2025-05-12T08:37:21.962+0000] {logging_mixin.py:190} INFO - [2025-05-12T08:37:21.961+0000] {dagbag.py:588} INFO - Filling up the DagBag from /home/airflow/.local/lib/python3.12/site-packages/airflow/example_dags/example_inlet_event_extra.py
[2025-05-12T08:37:22.592+0000] {processor.py:925} INFO - DAG(s) 'read_dataset_event', 'read_dataset_event_from_classic' retrieved from /home/airflow/.local/lib/python3.12/site-packages/airflow/example_dags/example_inlet_event_extra.py
[2025-05-12T08:37:22.620+0000] {logging_mixin.py:190} INFO - [2025-05-12T08:37:22.619+0000] {dag.py:3239} INFO - Sync 2 DAGs
[2025-05-12T08:37:22.648+0000] {logging_mixin.py:190} INFO - [2025-05-12T08:37:22.648+0000] {dag.py:4180} INFO - Setting next_dagrun for read_dataset_event to 2025-05-11 00:00:00+00:00, run_after=2025-05-12 00:00:00+00:00
[2025-05-12T08:37:22.656+0000] {logging_mixin.py:190} INFO - [2025-05-12T08:37:22.656+0000] {dag.py:4180} INFO - Setting next_dagrun for read_dataset_event_from_classic to 2025-05-11 00:00:00+00:00, run_after=2025-05-12 00:00:00+00:00
[2025-05-12T08:37:22.683+0000] {processor.py:208} INFO - Processing /home/airflow/.local/lib/python3.12/site-packages/airflow/example_dags/example_inlet_event_extra.py took 0.734 seconds
[2025-05-12T08:37:53.139+0000] {processor.py:186} INFO - Started process (PID=877) to work on /home/airflow/.local/lib/python3.12/site-packages/airflow/example_dags/example_inlet_event_extra.py
[2025-05-12T08:37:53.143+0000] {processor.py:914} INFO - Processing file /home/airflow/.local/lib/python3.12/site-packages/airflow/example_dags/example_inlet_event_extra.py for tasks to queue
[2025-05-12T08:37:53.145+0000] {logging_mixin.py:190} INFO - [2025-05-12T08:37:53.145+0000] {dagbag.py:588} INFO - Filling up the DagBag from /home/airflow/.local/lib/python3.12/site-packages/airflow/example_dags/example_inlet_event_extra.py
[2025-05-12T08:37:53.749+0000] {processor.py:925} INFO - DAG(s) 'read_dataset_event', 'read_dataset_event_from_classic' retrieved from /home/airflow/.local/lib/python3.12/site-packages/airflow/example_dags/example_inlet_event_extra.py
[2025-05-12T08:37:53.774+0000] {logging_mixin.py:190} INFO - [2025-05-12T08:37:53.774+0000] {dag.py:3239} INFO - Sync 2 DAGs
[2025-05-12T08:37:53.801+0000] {logging_mixin.py:190} INFO - [2025-05-12T08:37:53.800+0000] {dag.py:4180} INFO - Setting next_dagrun for read_dataset_event to 2025-05-11 00:00:00+00:00, run_after=2025-05-12 00:00:00+00:00
[2025-05-12T08:37:53.808+0000] {logging_mixin.py:190} INFO - [2025-05-12T08:37:53.808+0000] {dag.py:4180} INFO - Setting next_dagrun for read_dataset_event_from_classic to 2025-05-11 00:00:00+00:00, run_after=2025-05-12 00:00:00+00:00
[2025-05-12T08:37:53.828+0000] {processor.py:208} INFO - Processing /home/airflow/.local/lib/python3.12/site-packages/airflow/example_dags/example_inlet_event_extra.py took 0.696 seconds
[2025-05-12T08:38:24.334+0000] {processor.py:186} INFO - Started process (PID=959) to work on /home/airflow/.local/lib/python3.12/site-packages/airflow/example_dags/example_inlet_event_extra.py
[2025-05-12T08:38:24.342+0000] {processor.py:914} INFO - Processing file /home/airflow/.local/lib/python3.12/site-packages/airflow/example_dags/example_inlet_event_extra.py for tasks to queue
[2025-05-12T08:38:24.343+0000] {logging_mixin.py:190} INFO - [2025-05-12T08:38:24.343+0000] {dagbag.py:588} INFO - Filling up the DagBag from /home/airflow/.local/lib/python3.12/site-packages/airflow/example_dags/example_inlet_event_extra.py
[2025-05-12T08:38:24.985+0000] {processor.py:925} INFO - DAG(s) 'read_dataset_event_from_classic', 'read_dataset_event' retrieved from /home/airflow/.local/lib/python3.12/site-packages/airflow/example_dags/example_inlet_event_extra.py
[2025-05-12T08:38:25.009+0000] {logging_mixin.py:190} INFO - [2025-05-12T08:38:25.009+0000] {dag.py:3239} INFO - Sync 2 DAGs
[2025-05-12T08:38:25.038+0000] {logging_mixin.py:190} INFO - [2025-05-12T08:38:25.037+0000] {dag.py:4180} INFO - Setting next_dagrun for read_dataset_event to 2025-05-11 00:00:00+00:00, run_after=2025-05-12 00:00:00+00:00
[2025-05-12T08:38:25.045+0000] {logging_mixin.py:190} INFO - [2025-05-12T08:38:25.045+0000] {dag.py:4180} INFO - Setting next_dagrun for read_dataset_event_from_classic to 2025-05-11 00:00:00+00:00, run_after=2025-05-12 00:00:00+00:00
[2025-05-12T08:38:25.069+0000] {processor.py:208} INFO - Processing /home/airflow/.local/lib/python3.12/site-packages/airflow/example_dags/example_inlet_event_extra.py took 0.742 seconds
[2025-05-12T08:38:55.361+0000] {processor.py:186} INFO - Started process (PID=1041) to work on /home/airflow/.local/lib/python3.12/site-packages/airflow/example_dags/example_inlet_event_extra.py
[2025-05-12T08:38:55.363+0000] {processor.py:914} INFO - Processing file /home/airflow/.local/lib/python3.12/site-packages/airflow/example_dags/example_inlet_event_extra.py for tasks to queue
[2025-05-12T08:38:55.364+0000] {logging_mixin.py:190} INFO - [2025-05-12T08:38:55.364+0000] {dagbag.py:588} INFO - Filling up the DagBag from /home/airflow/.local/lib/python3.12/site-packages/airflow/example_dags/example_inlet_event_extra.py
[2025-05-12T08:38:56.002+0000] {processor.py:925} INFO - DAG(s) 'read_dataset_event', 'read_dataset_event_from_classic' retrieved from /home/airflow/.local/lib/python3.12/site-packages/airflow/example_dags/example_inlet_event_extra.py
[2025-05-12T08:38:56.025+0000] {logging_mixin.py:190} INFO - [2025-05-12T08:38:56.025+0000] {dag.py:3239} INFO - Sync 2 DAGs
[2025-05-12T08:38:56.053+0000] {logging_mixin.py:190} INFO - [2025-05-12T08:38:56.053+0000] {dag.py:4180} INFO - Setting next_dagrun for read_dataset_event to 2025-05-11 00:00:00+00:00, run_after=2025-05-12 00:00:00+00:00
[2025-05-12T08:38:56.061+0000] {logging_mixin.py:190} INFO - [2025-05-12T08:38:56.061+0000] {dag.py:4180} INFO - Setting next_dagrun for read_dataset_event_from_classic to 2025-05-11 00:00:00+00:00, run_after=2025-05-12 00:00:00+00:00
[2025-05-12T08:38:56.079+0000] {processor.py:208} INFO - Processing /home/airflow/.local/lib/python3.12/site-packages/airflow/example_dags/example_inlet_event_extra.py took 0.725 seconds
[2025-05-12T08:39:26.938+0000] {processor.py:186} INFO - Started process (PID=1123) to work on /home/airflow/.local/lib/python3.12/site-packages/airflow/example_dags/example_inlet_event_extra.py
[2025-05-12T08:39:26.941+0000] {processor.py:914} INFO - Processing file /home/airflow/.local/lib/python3.12/site-packages/airflow/example_dags/example_inlet_event_extra.py for tasks to queue
[2025-05-12T08:39:26.943+0000] {logging_mixin.py:190} INFO - [2025-05-12T08:39:26.943+0000] {dagbag.py:588} INFO - Filling up the DagBag from /home/airflow/.local/lib/python3.12/site-packages/airflow/example_dags/example_inlet_event_extra.py
[2025-05-12T08:39:27.564+0000] {processor.py:925} INFO - DAG(s) 'read_dataset_event_from_classic', 'read_dataset_event' retrieved from /home/airflow/.local/lib/python3.12/site-packages/airflow/example_dags/example_inlet_event_extra.py
[2025-05-12T08:39:27.590+0000] {logging_mixin.py:190} INFO - [2025-05-12T08:39:27.589+0000] {dag.py:3239} INFO - Sync 2 DAGs
[2025-05-12T08:39:27.618+0000] {logging_mixin.py:190} INFO - [2025-05-12T08:39:27.618+0000] {dag.py:4180} INFO - Setting next_dagrun for read_dataset_event to 2025-05-11 00:00:00+00:00, run_after=2025-05-12 00:00:00+00:00
[2025-05-12T08:39:27.626+0000] {logging_mixin.py:190} INFO - [2025-05-12T08:39:27.626+0000] {dag.py:4180} INFO - Setting next_dagrun for read_dataset_event_from_classic to 2025-05-11 00:00:00+00:00, run_after=2025-05-12 00:00:00+00:00
[2025-05-12T08:39:27.657+0000] {processor.py:208} INFO - Processing /home/airflow/.local/lib/python3.12/site-packages/airflow/example_dags/example_inlet_event_extra.py took 0.728 seconds
[2025-05-12T08:39:57.724+0000] {processor.py:186} INFO - Started process (PID=1204) to work on /home/airflow/.local/lib/python3.12/site-packages/airflow/example_dags/example_inlet_event_extra.py
[2025-05-12T08:39:57.726+0000] {processor.py:914} INFO - Processing file /home/airflow/.local/lib/python3.12/site-packages/airflow/example_dags/example_inlet_event_extra.py for tasks to queue
[2025-05-12T08:39:57.727+0000] {logging_mixin.py:190} INFO - [2025-05-12T08:39:57.727+0000] {dagbag.py:588} INFO - Filling up the DagBag from /home/airflow/.local/lib/python3.12/site-packages/airflow/example_dags/example_inlet_event_extra.py
[2025-05-12T08:39:58.398+0000] {processor.py:925} INFO - DAG(s) 'read_dataset_event_from_classic', 'read_dataset_event' retrieved from /home/airflow/.local/lib/python3.12/site-packages/airflow/example_dags/example_inlet_event_extra.py
[2025-05-12T08:39:58.428+0000] {logging_mixin.py:190} INFO - [2025-05-12T08:39:58.428+0000] {dag.py:3239} INFO - Sync 2 DAGs
[2025-05-12T08:39:58.457+0000] {logging_mixin.py:190} INFO - [2025-05-12T08:39:58.457+0000] {dag.py:4180} INFO - Setting next_dagrun for read_dataset_event to 2025-05-11 00:00:00+00:00, run_after=2025-05-12 00:00:00+00:00
[2025-05-12T08:39:58.466+0000] {logging_mixin.py:190} INFO - [2025-05-12T08:39:58.466+0000] {dag.py:4180} INFO - Setting next_dagrun for read_dataset_event_from_classic to 2025-05-11 00:00:00+00:00, run_after=2025-05-12 00:00:00+00:00
[2025-05-12T08:39:58.498+0000] {processor.py:208} INFO - Processing /home/airflow/.local/lib/python3.12/site-packages/airflow/example_dags/example_inlet_event_extra.py took 0.781 seconds
[2025-05-12T08:40:29.595+0000] {processor.py:186} INFO - Started process (PID=1290) to work on /home/airflow/.local/lib/python3.12/site-packages/airflow/example_dags/example_inlet_event_extra.py
[2025-05-12T08:40:29.597+0000] {processor.py:914} INFO - Processing file /home/airflow/.local/lib/python3.12/site-packages/airflow/example_dags/example_inlet_event_extra.py for tasks to queue
[2025-05-12T08:40:29.599+0000] {logging_mixin.py:190} INFO - [2025-05-12T08:40:29.598+0000] {dagbag.py:588} INFO - Filling up the DagBag from /home/airflow/.local/lib/python3.12/site-packages/airflow/example_dags/example_inlet_event_extra.py
[2025-05-12T08:40:30.232+0000] {processor.py:925} INFO - DAG(s) 'read_dataset_event_from_classic', 'read_dataset_event' retrieved from /home/airflow/.local/lib/python3.12/site-packages/airflow/example_dags/example_inlet_event_extra.py
[2025-05-12T08:40:30.258+0000] {logging_mixin.py:190} INFO - [2025-05-12T08:40:30.257+0000] {dag.py:3239} INFO - Sync 2 DAGs
[2025-05-12T08:40:30.284+0000] {logging_mixin.py:190} INFO - [2025-05-12T08:40:30.283+0000] {dag.py:4180} INFO - Setting next_dagrun for read_dataset_event to 2025-05-11 00:00:00+00:00, run_after=2025-05-12 00:00:00+00:00
[2025-05-12T08:40:30.290+0000] {logging_mixin.py:190} INFO - [2025-05-12T08:40:30.290+0000] {dag.py:4180} INFO - Setting next_dagrun for read_dataset_event_from_classic to 2025-05-11 00:00:00+00:00, run_after=2025-05-12 00:00:00+00:00
[2025-05-12T08:40:30.312+0000] {processor.py:208} INFO - Processing /home/airflow/.local/lib/python3.12/site-packages/airflow/example_dags/example_inlet_event_extra.py took 0.723 seconds
[2025-05-12T08:41:01.320+0000] {processor.py:186} INFO - Started process (PID=1375) to work on /home/airflow/.local/lib/python3.12/site-packages/airflow/example_dags/example_inlet_event_extra.py
[2025-05-12T08:41:01.321+0000] {processor.py:914} INFO - Processing file /home/airflow/.local/lib/python3.12/site-packages/airflow/example_dags/example_inlet_event_extra.py for tasks to queue
[2025-05-12T08:41:01.323+0000] {logging_mixin.py:190} INFO - [2025-05-12T08:41:01.322+0000] {dagbag.py:588} INFO - Filling up the DagBag from /home/airflow/.local/lib/python3.12/site-packages/airflow/example_dags/example_inlet_event_extra.py
[2025-05-12T08:41:02.039+0000] {processor.py:925} INFO - DAG(s) 'read_dataset_event_from_classic', 'read_dataset_event' retrieved from /home/airflow/.local/lib/python3.12/site-packages/airflow/example_dags/example_inlet_event_extra.py
[2025-05-12T08:41:02.064+0000] {logging_mixin.py:190} INFO - [2025-05-12T08:41:02.064+0000] {dag.py:3239} INFO - Sync 2 DAGs
[2025-05-12T08:41:02.094+0000] {logging_mixin.py:190} INFO - [2025-05-12T08:41:02.094+0000] {dag.py:4180} INFO - Setting next_dagrun for read_dataset_event to 2025-05-11 00:00:00+00:00, run_after=2025-05-12 00:00:00+00:00
[2025-05-12T08:41:02.101+0000] {logging_mixin.py:190} INFO - [2025-05-12T08:41:02.100+0000] {dag.py:4180} INFO - Setting next_dagrun for read_dataset_event_from_classic to 2025-05-11 00:00:00+00:00, run_after=2025-05-12 00:00:00+00:00
[2025-05-12T08:41:02.126+0000] {processor.py:208} INFO - Processing /home/airflow/.local/lib/python3.12/site-packages/airflow/example_dags/example_inlet_event_extra.py took 0.814 seconds
[2025-05-12T08:41:33.659+0000] {processor.py:186} INFO - Started process (PID=1459) to work on /home/airflow/.local/lib/python3.12/site-packages/airflow/example_dags/example_inlet_event_extra.py
[2025-05-12T08:41:33.667+0000] {processor.py:914} INFO - Processing file /home/airflow/.local/lib/python3.12/site-packages/airflow/example_dags/example_inlet_event_extra.py for tasks to queue
[2025-05-12T08:41:33.669+0000] {logging_mixin.py:190} INFO - [2025-05-12T08:41:33.669+0000] {dagbag.py:588} INFO - Filling up the DagBag from /home/airflow/.local/lib/python3.12/site-packages/airflow/example_dags/example_inlet_event_extra.py
[2025-05-12T08:41:34.327+0000] {processor.py:925} INFO - DAG(s) 'read_dataset_event_from_classic', 'read_dataset_event' retrieved from /home/airflow/.local/lib/python3.12/site-packages/airflow/example_dags/example_inlet_event_extra.py
[2025-05-12T08:41:34.352+0000] {logging_mixin.py:190} INFO - [2025-05-12T08:41:34.352+0000] {dag.py:3239} INFO - Sync 2 DAGs
[2025-05-12T08:41:34.382+0000] {logging_mixin.py:190} INFO - [2025-05-12T08:41:34.382+0000] {dag.py:4180} INFO - Setting next_dagrun for read_dataset_event to 2025-05-11 00:00:00+00:00, run_after=2025-05-12 00:00:00+00:00
[2025-05-12T08:41:34.390+0000] {logging_mixin.py:190} INFO - [2025-05-12T08:41:34.390+0000] {dag.py:4180} INFO - Setting next_dagrun for read_dataset_event_from_classic to 2025-05-11 00:00:00+00:00, run_after=2025-05-12 00:00:00+00:00
[2025-05-12T08:41:34.412+0000] {processor.py:208} INFO - Processing /home/airflow/.local/lib/python3.12/site-packages/airflow/example_dags/example_inlet_event_extra.py took 0.760 seconds
[2025-05-12T08:42:04.823+0000] {processor.py:186} INFO - Started process (PID=1546) to work on /home/airflow/.local/lib/python3.12/site-packages/airflow/example_dags/example_inlet_event_extra.py
[2025-05-12T08:42:04.825+0000] {processor.py:914} INFO - Processing file /home/airflow/.local/lib/python3.12/site-packages/airflow/example_dags/example_inlet_event_extra.py for tasks to queue
[2025-05-12T08:42:04.826+0000] {logging_mixin.py:190} INFO - [2025-05-12T08:42:04.826+0000] {dagbag.py:588} INFO - Filling up the DagBag from /home/airflow/.local/lib/python3.12/site-packages/airflow/example_dags/example_inlet_event_extra.py
[2025-05-12T08:42:05.511+0000] {processor.py:925} INFO - DAG(s) 'read_dataset_event', 'read_dataset_event_from_classic' retrieved from /home/airflow/.local/lib/python3.12/site-packages/airflow/example_dags/example_inlet_event_extra.py
[2025-05-12T08:42:05.542+0000] {logging_mixin.py:190} INFO - [2025-05-12T08:42:05.541+0000] {dag.py:3239} INFO - Sync 2 DAGs
[2025-05-12T08:42:05.571+0000] {logging_mixin.py:190} INFO - [2025-05-12T08:42:05.571+0000] {dag.py:4180} INFO - Setting next_dagrun for read_dataset_event to 2025-05-11 00:00:00+00:00, run_after=2025-05-12 00:00:00+00:00
[2025-05-12T08:42:05.577+0000] {logging_mixin.py:190} INFO - [2025-05-12T08:42:05.577+0000] {dag.py:4180} INFO - Setting next_dagrun for read_dataset_event_from_classic to 2025-05-11 00:00:00+00:00, run_after=2025-05-12 00:00:00+00:00
[2025-05-12T08:42:05.599+0000] {processor.py:208} INFO - Processing /home/airflow/.local/lib/python3.12/site-packages/airflow/example_dags/example_inlet_event_extra.py took 0.783 seconds
[2025-05-12T08:42:36.258+0000] {processor.py:186} INFO - Started process (PID=1632) to work on /home/airflow/.local/lib/python3.12/site-packages/airflow/example_dags/example_inlet_event_extra.py
[2025-05-12T08:42:36.259+0000] {processor.py:914} INFO - Processing file /home/airflow/.local/lib/python3.12/site-packages/airflow/example_dags/example_inlet_event_extra.py for tasks to queue
[2025-05-12T08:42:36.261+0000] {logging_mixin.py:190} INFO - [2025-05-12T08:42:36.260+0000] {dagbag.py:588} INFO - Filling up the DagBag from /home/airflow/.local/lib/python3.12/site-packages/airflow/example_dags/example_inlet_event_extra.py
[2025-05-12T08:42:37.013+0000] {processor.py:925} INFO - DAG(s) 'read_dataset_event', 'read_dataset_event_from_classic' retrieved from /home/airflow/.local/lib/python3.12/site-packages/airflow/example_dags/example_inlet_event_extra.py
[2025-05-12T08:42:37.045+0000] {logging_mixin.py:190} INFO - [2025-05-12T08:42:37.045+0000] {dag.py:3239} INFO - Sync 2 DAGs
[2025-05-12T08:42:37.081+0000] {logging_mixin.py:190} INFO - [2025-05-12T08:42:37.080+0000] {dag.py:4180} INFO - Setting next_dagrun for read_dataset_event to 2025-05-11 00:00:00+00:00, run_after=2025-05-12 00:00:00+00:00
[2025-05-12T08:42:37.087+0000] {logging_mixin.py:190} INFO - [2025-05-12T08:42:37.087+0000] {dag.py:4180} INFO - Setting next_dagrun for read_dataset_event_from_classic to 2025-05-11 00:00:00+00:00, run_after=2025-05-12 00:00:00+00:00
[2025-05-12T08:42:37.115+0000] {processor.py:208} INFO - Processing /home/airflow/.local/lib/python3.12/site-packages/airflow/example_dags/example_inlet_event_extra.py took 0.865 seconds
[2025-05-12T08:43:08.039+0000] {processor.py:186} INFO - Started process (PID=1715) to work on /home/airflow/.local/lib/python3.12/site-packages/airflow/example_dags/example_inlet_event_extra.py
[2025-05-12T08:43:08.041+0000] {processor.py:914} INFO - Processing file /home/airflow/.local/lib/python3.12/site-packages/airflow/example_dags/example_inlet_event_extra.py for tasks to queue
[2025-05-12T08:43:08.043+0000] {logging_mixin.py:190} INFO - [2025-05-12T08:43:08.042+0000] {dagbag.py:588} INFO - Filling up the DagBag from /home/airflow/.local/lib/python3.12/site-packages/airflow/example_dags/example_inlet_event_extra.py
[2025-05-12T08:43:08.582+0000] {processor.py:925} INFO - DAG(s) 'read_dataset_event', 'read_dataset_event_from_classic' retrieved from /home/airflow/.local/lib/python3.12/site-packages/airflow/example_dags/example_inlet_event_extra.py
[2025-05-12T08:43:08.600+0000] {logging_mixin.py:190} INFO - [2025-05-12T08:43:08.600+0000] {dag.py:3239} INFO - Sync 2 DAGs
[2025-05-12T08:43:08.624+0000] {logging_mixin.py:190} INFO - [2025-05-12T08:43:08.624+0000] {dag.py:4180} INFO - Setting next_dagrun for read_dataset_event to 2025-05-11 00:00:00+00:00, run_after=2025-05-12 00:00:00+00:00
[2025-05-12T08:43:08.630+0000] {logging_mixin.py:190} INFO - [2025-05-12T08:43:08.629+0000] {dag.py:4180} INFO - Setting next_dagrun for read_dataset_event_from_classic to 2025-05-11 00:00:00+00:00, run_after=2025-05-12 00:00:00+00:00
[2025-05-12T08:43:08.646+0000] {processor.py:208} INFO - Processing /home/airflow/.local/lib/python3.12/site-packages/airflow/example_dags/example_inlet_event_extra.py took 0.617 seconds
[2025-05-12T08:43:39.047+0000] {processor.py:186} INFO - Started process (PID=1804) to work on /home/airflow/.local/lib/python3.12/site-packages/airflow/example_dags/example_inlet_event_extra.py
[2025-05-12T08:43:39.052+0000] {processor.py:914} INFO - Processing file /home/airflow/.local/lib/python3.12/site-packages/airflow/example_dags/example_inlet_event_extra.py for tasks to queue
[2025-05-12T08:43:39.055+0000] {logging_mixin.py:190} INFO - [2025-05-12T08:43:39.054+0000] {dagbag.py:588} INFO - Filling up the DagBag from /home/airflow/.local/lib/python3.12/site-packages/airflow/example_dags/example_inlet_event_extra.py
[2025-05-12T08:43:39.764+0000] {processor.py:925} INFO - DAG(s) 'read_dataset_event_from_classic', 'read_dataset_event' retrieved from /home/airflow/.local/lib/python3.12/site-packages/airflow/example_dags/example_inlet_event_extra.py
[2025-05-12T08:43:39.802+0000] {logging_mixin.py:190} INFO - [2025-05-12T08:43:39.802+0000] {dag.py:3239} INFO - Sync 2 DAGs
[2025-05-12T08:43:39.849+0000] {logging_mixin.py:190} INFO - [2025-05-12T08:43:39.848+0000] {dag.py:4180} INFO - Setting next_dagrun for read_dataset_event to 2025-05-11 00:00:00+00:00, run_after=2025-05-12 00:00:00+00:00
[2025-05-12T08:43:39.856+0000] {logging_mixin.py:190} INFO - [2025-05-12T08:43:39.856+0000] {dag.py:4180} INFO - Setting next_dagrun for read_dataset_event_from_classic to 2025-05-11 00:00:00+00:00, run_after=2025-05-12 00:00:00+00:00
[2025-05-12T08:43:39.884+0000] {processor.py:208} INFO - Processing /home/airflow/.local/lib/python3.12/site-packages/airflow/example_dags/example_inlet_event_extra.py took 0.845 seconds
[2025-05-12T08:44:10.310+0000] {processor.py:186} INFO - Started process (PID=1890) to work on /home/airflow/.local/lib/python3.12/site-packages/airflow/example_dags/example_inlet_event_extra.py
[2025-05-12T08:44:10.312+0000] {processor.py:914} INFO - Processing file /home/airflow/.local/lib/python3.12/site-packages/airflow/example_dags/example_inlet_event_extra.py for tasks to queue
[2025-05-12T08:44:10.314+0000] {logging_mixin.py:190} INFO - [2025-05-12T08:44:10.313+0000] {dagbag.py:588} INFO - Filling up the DagBag from /home/airflow/.local/lib/python3.12/site-packages/airflow/example_dags/example_inlet_event_extra.py
[2025-05-12T08:44:11.104+0000] {processor.py:925} INFO - DAG(s) 'read_dataset_event_from_classic', 'read_dataset_event' retrieved from /home/airflow/.local/lib/python3.12/site-packages/airflow/example_dags/example_inlet_event_extra.py
[2025-05-12T08:44:11.126+0000] {logging_mixin.py:190} INFO - [2025-05-12T08:44:11.126+0000] {dag.py:3239} INFO - Sync 2 DAGs
[2025-05-12T08:44:11.167+0000] {logging_mixin.py:190} INFO - [2025-05-12T08:44:11.167+0000] {dag.py:4180} INFO - Setting next_dagrun for read_dataset_event to 2025-05-11 00:00:00+00:00, run_after=2025-05-12 00:00:00+00:00
[2025-05-12T08:44:11.174+0000] {logging_mixin.py:190} INFO - [2025-05-12T08:44:11.174+0000] {dag.py:4180} INFO - Setting next_dagrun for read_dataset_event_from_classic to 2025-05-11 00:00:00+00:00, run_after=2025-05-12 00:00:00+00:00
[2025-05-12T08:44:11.213+0000] {processor.py:208} INFO - Processing /home/airflow/.local/lib/python3.12/site-packages/airflow/example_dags/example_inlet_event_extra.py took 0.912 seconds
[2025-05-12T08:44:41.732+0000] {processor.py:186} INFO - Started process (PID=1972) to work on /home/airflow/.local/lib/python3.12/site-packages/airflow/example_dags/example_inlet_event_extra.py
[2025-05-12T08:44:41.734+0000] {processor.py:914} INFO - Processing file /home/airflow/.local/lib/python3.12/site-packages/airflow/example_dags/example_inlet_event_extra.py for tasks to queue
[2025-05-12T08:44:41.735+0000] {logging_mixin.py:190} INFO - [2025-05-12T08:44:41.735+0000] {dagbag.py:588} INFO - Filling up the DagBag from /home/airflow/.local/lib/python3.12/site-packages/airflow/example_dags/example_inlet_event_extra.py
[2025-05-12T08:44:42.397+0000] {processor.py:925} INFO - DAG(s) 'read_dataset_event_from_classic', 'read_dataset_event' retrieved from /home/airflow/.local/lib/python3.12/site-packages/airflow/example_dags/example_inlet_event_extra.py
[2025-05-12T08:44:42.420+0000] {logging_mixin.py:190} INFO - [2025-05-12T08:44:42.420+0000] {dag.py:3239} INFO - Sync 2 DAGs
[2025-05-12T08:44:42.447+0000] {logging_mixin.py:190} INFO - [2025-05-12T08:44:42.446+0000] {dag.py:4180} INFO - Setting next_dagrun for read_dataset_event to 2025-05-11 00:00:00+00:00, run_after=2025-05-12 00:00:00+00:00
[2025-05-12T08:44:42.453+0000] {logging_mixin.py:190} INFO - [2025-05-12T08:44:42.452+0000] {dag.py:4180} INFO - Setting next_dagrun for read_dataset_event_from_classic to 2025-05-11 00:00:00+00:00, run_after=2025-05-12 00:00:00+00:00
[2025-05-12T08:44:42.469+0000] {processor.py:208} INFO - Processing /home/airflow/.local/lib/python3.12/site-packages/airflow/example_dags/example_inlet_event_extra.py took 0.744 seconds
[2025-05-12T08:45:12.736+0000] {processor.py:186} INFO - Started process (PID=2055) to work on /home/airflow/.local/lib/python3.12/site-packages/airflow/example_dags/example_inlet_event_extra.py
[2025-05-12T08:45:12.738+0000] {processor.py:914} INFO - Processing file /home/airflow/.local/lib/python3.12/site-packages/airflow/example_dags/example_inlet_event_extra.py for tasks to queue
[2025-05-12T08:45:12.740+0000] {logging_mixin.py:190} INFO - [2025-05-12T08:45:12.740+0000] {dagbag.py:588} INFO - Filling up the DagBag from /home/airflow/.local/lib/python3.12/site-packages/airflow/example_dags/example_inlet_event_extra.py
[2025-05-12T08:45:13.374+0000] {processor.py:925} INFO - DAG(s) 'read_dataset_event_from_classic', 'read_dataset_event' retrieved from /home/airflow/.local/lib/python3.12/site-packages/airflow/example_dags/example_inlet_event_extra.py
[2025-05-12T08:45:13.398+0000] {logging_mixin.py:190} INFO - [2025-05-12T08:45:13.398+0000] {dag.py:3239} INFO - Sync 2 DAGs
[2025-05-12T08:45:13.426+0000] {logging_mixin.py:190} INFO - [2025-05-12T08:45:13.426+0000] {dag.py:4180} INFO - Setting next_dagrun for read_dataset_event to 2025-05-11 00:00:00+00:00, run_after=2025-05-12 00:00:00+00:00
[2025-05-12T08:45:13.432+0000] {logging_mixin.py:190} INFO - [2025-05-12T08:45:13.431+0000] {dag.py:4180} INFO - Setting next_dagrun for read_dataset_event_from_classic to 2025-05-11 00:00:00+00:00, run_after=2025-05-12 00:00:00+00:00
[2025-05-12T08:45:13.460+0000] {processor.py:208} INFO - Processing /home/airflow/.local/lib/python3.12/site-packages/airflow/example_dags/example_inlet_event_extra.py took 0.731 seconds
[2025-05-12T08:45:44.168+0000] {processor.py:186} INFO - Started process (PID=2138) to work on /home/airflow/.local/lib/python3.12/site-packages/airflow/example_dags/example_inlet_event_extra.py
[2025-05-12T08:45:44.169+0000] {processor.py:914} INFO - Processing file /home/airflow/.local/lib/python3.12/site-packages/airflow/example_dags/example_inlet_event_extra.py for tasks to queue
[2025-05-12T08:45:44.171+0000] {logging_mixin.py:190} INFO - [2025-05-12T08:45:44.170+0000] {dagbag.py:588} INFO - Filling up the DagBag from /home/airflow/.local/lib/python3.12/site-packages/airflow/example_dags/example_inlet_event_extra.py
[2025-05-12T08:45:44.776+0000] {processor.py:925} INFO - DAG(s) 'read_dataset_event_from_classic', 'read_dataset_event' retrieved from /home/airflow/.local/lib/python3.12/site-packages/airflow/example_dags/example_inlet_event_extra.py
[2025-05-12T08:45:44.803+0000] {logging_mixin.py:190} INFO - [2025-05-12T08:45:44.802+0000] {dag.py:3239} INFO - Sync 2 DAGs
[2025-05-12T08:45:44.833+0000] {logging_mixin.py:190} INFO - [2025-05-12T08:45:44.833+0000] {dag.py:4180} INFO - Setting next_dagrun for read_dataset_event to 2025-05-11 00:00:00+00:00, run_after=2025-05-12 00:00:00+00:00
[2025-05-12T08:45:44.839+0000] {logging_mixin.py:190} INFO - [2025-05-12T08:45:44.839+0000] {dag.py:4180} INFO - Setting next_dagrun for read_dataset_event_from_classic to 2025-05-11 00:00:00+00:00, run_after=2025-05-12 00:00:00+00:00
[2025-05-12T08:45:44.864+0000] {processor.py:208} INFO - Processing /home/airflow/.local/lib/python3.12/site-packages/airflow/example_dags/example_inlet_event_extra.py took 0.705 seconds
[2025-05-12T08:46:15.702+0000] {processor.py:186} INFO - Started process (PID=2223) to work on /home/airflow/.local/lib/python3.12/site-packages/airflow/example_dags/example_inlet_event_extra.py
[2025-05-12T08:46:15.703+0000] {processor.py:914} INFO - Processing file /home/airflow/.local/lib/python3.12/site-packages/airflow/example_dags/example_inlet_event_extra.py for tasks to queue
[2025-05-12T08:46:15.705+0000] {logging_mixin.py:190} INFO - [2025-05-12T08:46:15.704+0000] {dagbag.py:588} INFO - Filling up the DagBag from /home/airflow/.local/lib/python3.12/site-packages/airflow/example_dags/example_inlet_event_extra.py
[2025-05-12T08:46:16.321+0000] {processor.py:925} INFO - DAG(s) 'read_dataset_event', 'read_dataset_event_from_classic' retrieved from /home/airflow/.local/lib/python3.12/site-packages/airflow/example_dags/example_inlet_event_extra.py
[2025-05-12T08:46:16.347+0000] {logging_mixin.py:190} INFO - [2025-05-12T08:46:16.346+0000] {dag.py:3239} INFO - Sync 2 DAGs
[2025-05-12T08:46:16.381+0000] {logging_mixin.py:190} INFO - [2025-05-12T08:46:16.380+0000] {dag.py:4180} INFO - Setting next_dagrun for read_dataset_event to 2025-05-11 00:00:00+00:00, run_after=2025-05-12 00:00:00+00:00
[2025-05-12T08:46:16.387+0000] {logging_mixin.py:190} INFO - [2025-05-12T08:46:16.387+0000] {dag.py:4180} INFO - Setting next_dagrun for read_dataset_event_from_classic to 2025-05-11 00:00:00+00:00, run_after=2025-05-12 00:00:00+00:00
[2025-05-12T08:46:16.409+0000] {processor.py:208} INFO - Processing /home/airflow/.local/lib/python3.12/site-packages/airflow/example_dags/example_inlet_event_extra.py took 0.714 seconds
[2025-05-12T08:46:46.843+0000] {processor.py:186} INFO - Started process (PID=2305) to work on /home/airflow/.local/lib/python3.12/site-packages/airflow/example_dags/example_inlet_event_extra.py
[2025-05-12T08:46:46.844+0000] {processor.py:914} INFO - Processing file /home/airflow/.local/lib/python3.12/site-packages/airflow/example_dags/example_inlet_event_extra.py for tasks to queue
[2025-05-12T08:46:46.845+0000] {logging_mixin.py:190} INFO - [2025-05-12T08:46:46.845+0000] {dagbag.py:588} INFO - Filling up the DagBag from /home/airflow/.local/lib/python3.12/site-packages/airflow/example_dags/example_inlet_event_extra.py
[2025-05-12T08:46:47.443+0000] {processor.py:925} INFO - DAG(s) 'read_dataset_event', 'read_dataset_event_from_classic' retrieved from /home/airflow/.local/lib/python3.12/site-packages/airflow/example_dags/example_inlet_event_extra.py
[2025-05-12T08:46:47.467+0000] {logging_mixin.py:190} INFO - [2025-05-12T08:46:47.466+0000] {dag.py:3239} INFO - Sync 2 DAGs
[2025-05-12T08:46:47.497+0000] {logging_mixin.py:190} INFO - [2025-05-12T08:46:47.496+0000] {dag.py:4180} INFO - Setting next_dagrun for read_dataset_event to 2025-05-11 00:00:00+00:00, run_after=2025-05-12 00:00:00+00:00
[2025-05-12T08:46:47.503+0000] {logging_mixin.py:190} INFO - [2025-05-12T08:46:47.503+0000] {dag.py:4180} INFO - Setting next_dagrun for read_dataset_event_from_classic to 2025-05-11 00:00:00+00:00, run_after=2025-05-12 00:00:00+00:00
[2025-05-12T08:46:47.522+0000] {processor.py:208} INFO - Processing /home/airflow/.local/lib/python3.12/site-packages/airflow/example_dags/example_inlet_event_extra.py took 0.686 seconds
[2025-05-12T08:47:17.809+0000] {processor.py:186} INFO - Started process (PID=2387) to work on /home/airflow/.local/lib/python3.12/site-packages/airflow/example_dags/example_inlet_event_extra.py
[2025-05-12T08:47:17.819+0000] {processor.py:914} INFO - Processing file /home/airflow/.local/lib/python3.12/site-packages/airflow/example_dags/example_inlet_event_extra.py for tasks to queue
[2025-05-12T08:47:17.821+0000] {logging_mixin.py:190} INFO - [2025-05-12T08:47:17.820+0000] {dagbag.py:588} INFO - Filling up the DagBag from /home/airflow/.local/lib/python3.12/site-packages/airflow/example_dags/example_inlet_event_extra.py
[2025-05-12T08:47:18.435+0000] {processor.py:925} INFO - DAG(s) 'read_dataset_event_from_classic', 'read_dataset_event' retrieved from /home/airflow/.local/lib/python3.12/site-packages/airflow/example_dags/example_inlet_event_extra.py
[2025-05-12T08:47:18.459+0000] {logging_mixin.py:190} INFO - [2025-05-12T08:47:18.458+0000] {dag.py:3239} INFO - Sync 2 DAGs
[2025-05-12T08:47:18.488+0000] {logging_mixin.py:190} INFO - [2025-05-12T08:47:18.487+0000] {dag.py:4180} INFO - Setting next_dagrun for read_dataset_event to 2025-05-11 00:00:00+00:00, run_after=2025-05-12 00:00:00+00:00
[2025-05-12T08:47:18.494+0000] {logging_mixin.py:190} INFO - [2025-05-12T08:47:18.494+0000] {dag.py:4180} INFO - Setting next_dagrun for read_dataset_event_from_classic to 2025-05-11 00:00:00+00:00, run_after=2025-05-12 00:00:00+00:00
[2025-05-12T08:47:18.519+0000] {processor.py:208} INFO - Processing /home/airflow/.local/lib/python3.12/site-packages/airflow/example_dags/example_inlet_event_extra.py took 0.720 seconds
[2025-05-12T08:47:49.190+0000] {processor.py:186} INFO - Started process (PID=2470) to work on /home/airflow/.local/lib/python3.12/site-packages/airflow/example_dags/example_inlet_event_extra.py
[2025-05-12T08:47:49.193+0000] {processor.py:914} INFO - Processing file /home/airflow/.local/lib/python3.12/site-packages/airflow/example_dags/example_inlet_event_extra.py for tasks to queue
[2025-05-12T08:47:49.195+0000] {logging_mixin.py:190} INFO - [2025-05-12T08:47:49.195+0000] {dagbag.py:588} INFO - Filling up the DagBag from /home/airflow/.local/lib/python3.12/site-packages/airflow/example_dags/example_inlet_event_extra.py
[2025-05-12T08:47:49.984+0000] {processor.py:925} INFO - DAG(s) 'read_dataset_event', 'read_dataset_event_from_classic' retrieved from /home/airflow/.local/lib/python3.12/site-packages/airflow/example_dags/example_inlet_event_extra.py
[2025-05-12T08:47:50.011+0000] {logging_mixin.py:190} INFO - [2025-05-12T08:47:50.011+0000] {dag.py:3239} INFO - Sync 2 DAGs
[2025-05-12T08:47:50.055+0000] {logging_mixin.py:190} INFO - [2025-05-12T08:47:50.054+0000] {dag.py:4180} INFO - Setting next_dagrun for read_dataset_event to 2025-05-11 00:00:00+00:00, run_after=2025-05-12 00:00:00+00:00
[2025-05-12T08:47:50.065+0000] {logging_mixin.py:190} INFO - [2025-05-12T08:47:50.065+0000] {dag.py:4180} INFO - Setting next_dagrun for read_dataset_event_from_classic to 2025-05-11 00:00:00+00:00, run_after=2025-05-12 00:00:00+00:00
[2025-05-12T08:47:50.113+0000] {processor.py:208} INFO - Processing /home/airflow/.local/lib/python3.12/site-packages/airflow/example_dags/example_inlet_event_extra.py took 0.932 seconds
[2025-05-12T08:48:20.563+0000] {processor.py:186} INFO - Started process (PID=2552) to work on /home/airflow/.local/lib/python3.12/site-packages/airflow/example_dags/example_inlet_event_extra.py
[2025-05-12T08:48:20.580+0000] {processor.py:914} INFO - Processing file /home/airflow/.local/lib/python3.12/site-packages/airflow/example_dags/example_inlet_event_extra.py for tasks to queue
[2025-05-12T08:48:20.582+0000] {logging_mixin.py:190} INFO - [2025-05-12T08:48:20.581+0000] {dagbag.py:588} INFO - Filling up the DagBag from /home/airflow/.local/lib/python3.12/site-packages/airflow/example_dags/example_inlet_event_extra.py
[2025-05-12T08:48:21.313+0000] {processor.py:925} INFO - DAG(s) 'read_dataset_event', 'read_dataset_event_from_classic' retrieved from /home/airflow/.local/lib/python3.12/site-packages/airflow/example_dags/example_inlet_event_extra.py
[2025-05-12T08:48:21.341+0000] {logging_mixin.py:190} INFO - [2025-05-12T08:48:21.341+0000] {dag.py:3239} INFO - Sync 2 DAGs
[2025-05-12T08:48:21.372+0000] {logging_mixin.py:190} INFO - [2025-05-12T08:48:21.372+0000] {dag.py:4180} INFO - Setting next_dagrun for read_dataset_event to 2025-05-11 00:00:00+00:00, run_after=2025-05-12 00:00:00+00:00
[2025-05-12T08:48:21.379+0000] {logging_mixin.py:190} INFO - [2025-05-12T08:48:21.379+0000] {dag.py:4180} INFO - Setting next_dagrun for read_dataset_event_from_classic to 2025-05-11 00:00:00+00:00, run_after=2025-05-12 00:00:00+00:00
[2025-05-12T08:48:21.414+0000] {processor.py:208} INFO - Processing /home/airflow/.local/lib/python3.12/site-packages/airflow/example_dags/example_inlet_event_extra.py took 0.860 seconds
[2025-05-12T08:48:52.113+0000] {processor.py:186} INFO - Started process (PID=2634) to work on /home/airflow/.local/lib/python3.12/site-packages/airflow/example_dags/example_inlet_event_extra.py
[2025-05-12T08:48:52.114+0000] {processor.py:914} INFO - Processing file /home/airflow/.local/lib/python3.12/site-packages/airflow/example_dags/example_inlet_event_extra.py for tasks to queue
[2025-05-12T08:48:52.116+0000] {logging_mixin.py:190} INFO - [2025-05-12T08:48:52.116+0000] {dagbag.py:588} INFO - Filling up the DagBag from /home/airflow/.local/lib/python3.12/site-packages/airflow/example_dags/example_inlet_event_extra.py
[2025-05-12T08:48:52.804+0000] {processor.py:925} INFO - DAG(s) 'read_dataset_event', 'read_dataset_event_from_classic' retrieved from /home/airflow/.local/lib/python3.12/site-packages/airflow/example_dags/example_inlet_event_extra.py
[2025-05-12T08:48:52.830+0000] {logging_mixin.py:190} INFO - [2025-05-12T08:48:52.829+0000] {dag.py:3239} INFO - Sync 2 DAGs
[2025-05-12T08:48:52.857+0000] {logging_mixin.py:190} INFO - [2025-05-12T08:48:52.857+0000] {dag.py:4180} INFO - Setting next_dagrun for read_dataset_event to 2025-05-11 00:00:00+00:00, run_after=2025-05-12 00:00:00+00:00
[2025-05-12T08:48:52.863+0000] {logging_mixin.py:190} INFO - [2025-05-12T08:48:52.863+0000] {dag.py:4180} INFO - Setting next_dagrun for read_dataset_event_from_classic to 2025-05-11 00:00:00+00:00, run_after=2025-05-12 00:00:00+00:00
[2025-05-12T08:48:52.890+0000] {processor.py:208} INFO - Processing /home/airflow/.local/lib/python3.12/site-packages/airflow/example_dags/example_inlet_event_extra.py took 0.785 seconds
[2025-05-12T08:49:24.316+0000] {processor.py:186} INFO - Started process (PID=2724) to work on /home/airflow/.local/lib/python3.12/site-packages/airflow/example_dags/example_inlet_event_extra.py
[2025-05-12T08:49:24.317+0000] {processor.py:914} INFO - Processing file /home/airflow/.local/lib/python3.12/site-packages/airflow/example_dags/example_inlet_event_extra.py for tasks to queue
[2025-05-12T08:49:24.319+0000] {logging_mixin.py:190} INFO - [2025-05-12T08:49:24.318+0000] {dagbag.py:588} INFO - Filling up the DagBag from /home/airflow/.local/lib/python3.12/site-packages/airflow/example_dags/example_inlet_event_extra.py
[2025-05-12T08:49:24.950+0000] {processor.py:925} INFO - DAG(s) 'read_dataset_event', 'read_dataset_event_from_classic' retrieved from /home/airflow/.local/lib/python3.12/site-packages/airflow/example_dags/example_inlet_event_extra.py
[2025-05-12T08:49:24.981+0000] {logging_mixin.py:190} INFO - [2025-05-12T08:49:24.980+0000] {dag.py:3239} INFO - Sync 2 DAGs
[2025-05-12T08:49:25.015+0000] {logging_mixin.py:190} INFO - [2025-05-12T08:49:25.015+0000] {dag.py:4180} INFO - Setting next_dagrun for read_dataset_event to 2025-05-11 00:00:00+00:00, run_after=2025-05-12 00:00:00+00:00
[2025-05-12T08:49:25.021+0000] {logging_mixin.py:190} INFO - [2025-05-12T08:49:25.021+0000] {dag.py:4180} INFO - Setting next_dagrun for read_dataset_event_from_classic to 2025-05-11 00:00:00+00:00, run_after=2025-05-12 00:00:00+00:00
[2025-05-12T08:49:25.038+0000] {processor.py:208} INFO - Processing /home/airflow/.local/lib/python3.12/site-packages/airflow/example_dags/example_inlet_event_extra.py took 0.730 seconds
[2025-05-12T08:49:55.458+0000] {processor.py:186} INFO - Started process (PID=2806) to work on /home/airflow/.local/lib/python3.12/site-packages/airflow/example_dags/example_inlet_event_extra.py
[2025-05-12T08:49:55.460+0000] {processor.py:914} INFO - Processing file /home/airflow/.local/lib/python3.12/site-packages/airflow/example_dags/example_inlet_event_extra.py for tasks to queue
[2025-05-12T08:49:55.462+0000] {logging_mixin.py:190} INFO - [2025-05-12T08:49:55.461+0000] {dagbag.py:588} INFO - Filling up the DagBag from /home/airflow/.local/lib/python3.12/site-packages/airflow/example_dags/example_inlet_event_extra.py
[2025-05-12T08:49:56.014+0000] {processor.py:925} INFO - DAG(s) 'read_dataset_event', 'read_dataset_event_from_classic' retrieved from /home/airflow/.local/lib/python3.12/site-packages/airflow/example_dags/example_inlet_event_extra.py
[2025-05-12T08:49:56.037+0000] {logging_mixin.py:190} INFO - [2025-05-12T08:49:56.036+0000] {dag.py:3239} INFO - Sync 2 DAGs
[2025-05-12T08:49:56.062+0000] {logging_mixin.py:190} INFO - [2025-05-12T08:49:56.061+0000] {dag.py:4180} INFO - Setting next_dagrun for read_dataset_event to 2025-05-11 00:00:00+00:00, run_after=2025-05-12 00:00:00+00:00
[2025-05-12T08:49:56.067+0000] {logging_mixin.py:190} INFO - [2025-05-12T08:49:56.067+0000] {dag.py:4180} INFO - Setting next_dagrun for read_dataset_event_from_classic to 2025-05-11 00:00:00+00:00, run_after=2025-05-12 00:00:00+00:00
[2025-05-12T08:49:56.092+0000] {processor.py:208} INFO - Processing /home/airflow/.local/lib/python3.12/site-packages/airflow/example_dags/example_inlet_event_extra.py took 0.645 seconds
[2025-05-12T08:50:26.462+0000] {processor.py:186} INFO - Started process (PID=2888) to work on /home/airflow/.local/lib/python3.12/site-packages/airflow/example_dags/example_inlet_event_extra.py
[2025-05-12T08:50:26.465+0000] {processor.py:914} INFO - Processing file /home/airflow/.local/lib/python3.12/site-packages/airflow/example_dags/example_inlet_event_extra.py for tasks to queue
[2025-05-12T08:50:26.470+0000] {logging_mixin.py:190} INFO - [2025-05-12T08:50:26.468+0000] {dagbag.py:588} INFO - Filling up the DagBag from /home/airflow/.local/lib/python3.12/site-packages/airflow/example_dags/example_inlet_event_extra.py
[2025-05-12T08:50:27.079+0000] {processor.py:925} INFO - DAG(s) 'read_dataset_event_from_classic', 'read_dataset_event' retrieved from /home/airflow/.local/lib/python3.12/site-packages/airflow/example_dags/example_inlet_event_extra.py
[2025-05-12T08:50:27.111+0000] {logging_mixin.py:190} INFO - [2025-05-12T08:50:27.111+0000] {dag.py:3239} INFO - Sync 2 DAGs
[2025-05-12T08:50:27.146+0000] {logging_mixin.py:190} INFO - [2025-05-12T08:50:27.146+0000] {dag.py:4180} INFO - Setting next_dagrun for read_dataset_event to 2025-05-11 00:00:00+00:00, run_after=2025-05-12 00:00:00+00:00
[2025-05-12T08:50:27.152+0000] {logging_mixin.py:190} INFO - [2025-05-12T08:50:27.152+0000] {dag.py:4180} INFO - Setting next_dagrun for read_dataset_event_from_classic to 2025-05-11 00:00:00+00:00, run_after=2025-05-12 00:00:00+00:00
[2025-05-12T08:50:27.192+0000] {processor.py:208} INFO - Processing /home/airflow/.local/lib/python3.12/site-packages/airflow/example_dags/example_inlet_event_extra.py took 0.750 seconds
[2025-05-12T08:50:57.349+0000] {processor.py:186} INFO - Started process (PID=2970) to work on /home/airflow/.local/lib/python3.12/site-packages/airflow/example_dags/example_inlet_event_extra.py
[2025-05-12T08:50:57.351+0000] {processor.py:914} INFO - Processing file /home/airflow/.local/lib/python3.12/site-packages/airflow/example_dags/example_inlet_event_extra.py for tasks to queue
[2025-05-12T08:50:57.355+0000] {logging_mixin.py:190} INFO - [2025-05-12T08:50:57.354+0000] {dagbag.py:588} INFO - Filling up the DagBag from /home/airflow/.local/lib/python3.12/site-packages/airflow/example_dags/example_inlet_event_extra.py
[2025-05-12T08:50:58.070+0000] {processor.py:925} INFO - DAG(s) 'read_dataset_event_from_classic', 'read_dataset_event' retrieved from /home/airflow/.local/lib/python3.12/site-packages/airflow/example_dags/example_inlet_event_extra.py
[2025-05-12T08:50:58.095+0000] {logging_mixin.py:190} INFO - [2025-05-12T08:50:58.095+0000] {dag.py:3239} INFO - Sync 2 DAGs
[2025-05-12T08:50:58.126+0000] {logging_mixin.py:190} INFO - [2025-05-12T08:50:58.126+0000] {dag.py:4180} INFO - Setting next_dagrun for read_dataset_event to 2025-05-11 00:00:00+00:00, run_after=2025-05-12 00:00:00+00:00
[2025-05-12T08:50:58.132+0000] {logging_mixin.py:190} INFO - [2025-05-12T08:50:58.132+0000] {dag.py:4180} INFO - Setting next_dagrun for read_dataset_event_from_classic to 2025-05-11 00:00:00+00:00, run_after=2025-05-12 00:00:00+00:00
[2025-05-12T08:50:58.174+0000] {processor.py:208} INFO - Processing /home/airflow/.local/lib/python3.12/site-packages/airflow/example_dags/example_inlet_event_extra.py took 0.837 seconds
[2025-05-12T08:51:28.913+0000] {processor.py:186} INFO - Started process (PID=3054) to work on /home/airflow/.local/lib/python3.12/site-packages/airflow/example_dags/example_inlet_event_extra.py
[2025-05-12T08:51:28.915+0000] {processor.py:914} INFO - Processing file /home/airflow/.local/lib/python3.12/site-packages/airflow/example_dags/example_inlet_event_extra.py for tasks to queue
[2025-05-12T08:51:28.917+0000] {logging_mixin.py:190} INFO - [2025-05-12T08:51:28.916+0000] {dagbag.py:588} INFO - Filling up the DagBag from /home/airflow/.local/lib/python3.12/site-packages/airflow/example_dags/example_inlet_event_extra.py
[2025-05-12T08:51:29.607+0000] {processor.py:925} INFO - DAG(s) 'read_dataset_event_from_classic', 'read_dataset_event' retrieved from /home/airflow/.local/lib/python3.12/site-packages/airflow/example_dags/example_inlet_event_extra.py
[2025-05-12T08:51:29.637+0000] {logging_mixin.py:190} INFO - [2025-05-12T08:51:29.636+0000] {dag.py:3239} INFO - Sync 2 DAGs
[2025-05-12T08:51:29.667+0000] {logging_mixin.py:190} INFO - [2025-05-12T08:51:29.667+0000] {dag.py:4180} INFO - Setting next_dagrun for read_dataset_event to 2025-05-11 00:00:00+00:00, run_after=2025-05-12 00:00:00+00:00
[2025-05-12T08:51:29.673+0000] {logging_mixin.py:190} INFO - [2025-05-12T08:51:29.673+0000] {dag.py:4180} INFO - Setting next_dagrun for read_dataset_event_from_classic to 2025-05-11 00:00:00+00:00, run_after=2025-05-12 00:00:00+00:00
[2025-05-12T08:51:29.700+0000] {processor.py:208} INFO - Processing /home/airflow/.local/lib/python3.12/site-packages/airflow/example_dags/example_inlet_event_extra.py took 0.793 seconds
[2025-05-12T08:52:00.428+0000] {processor.py:186} INFO - Started process (PID=3135) to work on /home/airflow/.local/lib/python3.12/site-packages/airflow/example_dags/example_inlet_event_extra.py
[2025-05-12T08:52:00.433+0000] {processor.py:914} INFO - Processing file /home/airflow/.local/lib/python3.12/site-packages/airflow/example_dags/example_inlet_event_extra.py for tasks to queue
[2025-05-12T08:52:00.436+0000] {logging_mixin.py:190} INFO - [2025-05-12T08:52:00.435+0000] {dagbag.py:588} INFO - Filling up the DagBag from /home/airflow/.local/lib/python3.12/site-packages/airflow/example_dags/example_inlet_event_extra.py
[2025-05-12T08:52:01.166+0000] {processor.py:925} INFO - DAG(s) 'read_dataset_event_from_classic', 'read_dataset_event' retrieved from /home/airflow/.local/lib/python3.12/site-packages/airflow/example_dags/example_inlet_event_extra.py
[2025-05-12T08:52:01.195+0000] {logging_mixin.py:190} INFO - [2025-05-12T08:52:01.194+0000] {dag.py:3239} INFO - Sync 2 DAGs
[2025-05-12T08:52:01.227+0000] {logging_mixin.py:190} INFO - [2025-05-12T08:52:01.226+0000] {dag.py:4180} INFO - Setting next_dagrun for read_dataset_event to 2025-05-11 00:00:00+00:00, run_after=2025-05-12 00:00:00+00:00
[2025-05-12T08:52:01.233+0000] {logging_mixin.py:190} INFO - [2025-05-12T08:52:01.233+0000] {dag.py:4180} INFO - Setting next_dagrun for read_dataset_event_from_classic to 2025-05-11 00:00:00+00:00, run_after=2025-05-12 00:00:00+00:00
[2025-05-12T08:52:01.259+0000] {processor.py:208} INFO - Processing /home/airflow/.local/lib/python3.12/site-packages/airflow/example_dags/example_inlet_event_extra.py took 0.867 seconds
[2025-05-12T08:52:32.090+0000] {processor.py:186} INFO - Started process (PID=3217) to work on /home/airflow/.local/lib/python3.12/site-packages/airflow/example_dags/example_inlet_event_extra.py
[2025-05-12T08:52:32.092+0000] {processor.py:914} INFO - Processing file /home/airflow/.local/lib/python3.12/site-packages/airflow/example_dags/example_inlet_event_extra.py for tasks to queue
[2025-05-12T08:52:32.093+0000] {logging_mixin.py:190} INFO - [2025-05-12T08:52:32.093+0000] {dagbag.py:588} INFO - Filling up the DagBag from /home/airflow/.local/lib/python3.12/site-packages/airflow/example_dags/example_inlet_event_extra.py
[2025-05-12T08:52:32.684+0000] {processor.py:925} INFO - DAG(s) 'read_dataset_event_from_classic', 'read_dataset_event' retrieved from /home/airflow/.local/lib/python3.12/site-packages/airflow/example_dags/example_inlet_event_extra.py
[2025-05-12T08:52:32.705+0000] {logging_mixin.py:190} INFO - [2025-05-12T08:52:32.705+0000] {dag.py:3239} INFO - Sync 2 DAGs
[2025-05-12T08:52:32.729+0000] {logging_mixin.py:190} INFO - [2025-05-12T08:52:32.728+0000] {dag.py:4180} INFO - Setting next_dagrun for read_dataset_event to 2025-05-11 00:00:00+00:00, run_after=2025-05-12 00:00:00+00:00
[2025-05-12T08:52:32.734+0000] {logging_mixin.py:190} INFO - [2025-05-12T08:52:32.733+0000] {dag.py:4180} INFO - Setting next_dagrun for read_dataset_event_from_classic to 2025-05-11 00:00:00+00:00, run_after=2025-05-12 00:00:00+00:00
[2025-05-12T08:52:32.752+0000] {processor.py:208} INFO - Processing /home/airflow/.local/lib/python3.12/site-packages/airflow/example_dags/example_inlet_event_extra.py took 0.628 seconds
[2025-05-12T08:53:02.804+0000] {processor.py:186} INFO - Started process (PID=3298) to work on /home/airflow/.local/lib/python3.12/site-packages/airflow/example_dags/example_inlet_event_extra.py
[2025-05-12T08:53:02.823+0000] {processor.py:914} INFO - Processing file /home/airflow/.local/lib/python3.12/site-packages/airflow/example_dags/example_inlet_event_extra.py for tasks to queue
[2025-05-12T08:53:02.824+0000] {logging_mixin.py:190} INFO - [2025-05-12T08:53:02.824+0000] {dagbag.py:588} INFO - Filling up the DagBag from /home/airflow/.local/lib/python3.12/site-packages/airflow/example_dags/example_inlet_event_extra.py
[2025-05-12T08:53:03.347+0000] {processor.py:925} INFO - DAG(s) 'read_dataset_event', 'read_dataset_event_from_classic' retrieved from /home/airflow/.local/lib/python3.12/site-packages/airflow/example_dags/example_inlet_event_extra.py
[2025-05-12T08:53:03.370+0000] {logging_mixin.py:190} INFO - [2025-05-12T08:53:03.370+0000] {dag.py:3239} INFO - Sync 2 DAGs
[2025-05-12T08:53:03.394+0000] {logging_mixin.py:190} INFO - [2025-05-12T08:53:03.394+0000] {dag.py:4180} INFO - Setting next_dagrun for read_dataset_event to 2025-05-11 00:00:00+00:00, run_after=2025-05-12 00:00:00+00:00
[2025-05-12T08:53:03.400+0000] {logging_mixin.py:190} INFO - [2025-05-12T08:53:03.399+0000] {dag.py:4180} INFO - Setting next_dagrun for read_dataset_event_from_classic to 2025-05-11 00:00:00+00:00, run_after=2025-05-12 00:00:00+00:00
[2025-05-12T08:53:03.418+0000] {processor.py:208} INFO - Processing /home/airflow/.local/lib/python3.12/site-packages/airflow/example_dags/example_inlet_event_extra.py took 0.619 seconds
[2025-05-12T08:53:34.086+0000] {processor.py:186} INFO - Started process (PID=3380) to work on /home/airflow/.local/lib/python3.12/site-packages/airflow/example_dags/example_inlet_event_extra.py
[2025-05-12T08:53:34.089+0000] {processor.py:914} INFO - Processing file /home/airflow/.local/lib/python3.12/site-packages/airflow/example_dags/example_inlet_event_extra.py for tasks to queue
[2025-05-12T08:53:34.091+0000] {logging_mixin.py:190} INFO - [2025-05-12T08:53:34.091+0000] {dagbag.py:588} INFO - Filling up the DagBag from /home/airflow/.local/lib/python3.12/site-packages/airflow/example_dags/example_inlet_event_extra.py
[2025-05-12T08:53:34.737+0000] {processor.py:925} INFO - DAG(s) 'read_dataset_event', 'read_dataset_event_from_classic' retrieved from /home/airflow/.local/lib/python3.12/site-packages/airflow/example_dags/example_inlet_event_extra.py
[2025-05-12T08:53:34.758+0000] {logging_mixin.py:190} INFO - [2025-05-12T08:53:34.758+0000] {dag.py:3239} INFO - Sync 2 DAGs
[2025-05-12T08:53:34.784+0000] {logging_mixin.py:190} INFO - [2025-05-12T08:53:34.783+0000] {dag.py:4180} INFO - Setting next_dagrun for read_dataset_event to 2025-05-11 00:00:00+00:00, run_after=2025-05-12 00:00:00+00:00
[2025-05-12T08:53:34.789+0000] {logging_mixin.py:190} INFO - [2025-05-12T08:53:34.788+0000] {dag.py:4180} INFO - Setting next_dagrun for read_dataset_event_from_classic to 2025-05-11 00:00:00+00:00, run_after=2025-05-12 00:00:00+00:00
[2025-05-12T08:53:34.807+0000] {processor.py:208} INFO - Processing /home/airflow/.local/lib/python3.12/site-packages/airflow/example_dags/example_inlet_event_extra.py took 0.728 seconds
[2025-05-12T08:54:05.126+0000] {processor.py:186} INFO - Started process (PID=3467) to work on /home/airflow/.local/lib/python3.12/site-packages/airflow/example_dags/example_inlet_event_extra.py
[2025-05-12T08:54:05.127+0000] {processor.py:914} INFO - Processing file /home/airflow/.local/lib/python3.12/site-packages/airflow/example_dags/example_inlet_event_extra.py for tasks to queue
[2025-05-12T08:54:05.129+0000] {logging_mixin.py:190} INFO - [2025-05-12T08:54:05.129+0000] {dagbag.py:588} INFO - Filling up the DagBag from /home/airflow/.local/lib/python3.12/site-packages/airflow/example_dags/example_inlet_event_extra.py
[2025-05-12T08:54:05.866+0000] {processor.py:925} INFO - DAG(s) 'read_dataset_event_from_classic', 'read_dataset_event' retrieved from /home/airflow/.local/lib/python3.12/site-packages/airflow/example_dags/example_inlet_event_extra.py
[2025-05-12T08:54:05.892+0000] {logging_mixin.py:190} INFO - [2025-05-12T08:54:05.892+0000] {dag.py:3239} INFO - Sync 2 DAGs
[2025-05-12T08:54:05.925+0000] {logging_mixin.py:190} INFO - [2025-05-12T08:54:05.925+0000] {dag.py:4180} INFO - Setting next_dagrun for read_dataset_event to 2025-05-11 00:00:00+00:00, run_after=2025-05-12 00:00:00+00:00
[2025-05-12T08:54:05.932+0000] {logging_mixin.py:190} INFO - [2025-05-12T08:54:05.932+0000] {dag.py:4180} INFO - Setting next_dagrun for read_dataset_event_from_classic to 2025-05-11 00:00:00+00:00, run_after=2025-05-12 00:00:00+00:00
[2025-05-12T08:54:05.961+0000] {processor.py:208} INFO - Processing /home/airflow/.local/lib/python3.12/site-packages/airflow/example_dags/example_inlet_event_extra.py took 0.843 seconds
[2025-05-12T08:54:36.790+0000] {processor.py:186} INFO - Started process (PID=3552) to work on /home/airflow/.local/lib/python3.12/site-packages/airflow/example_dags/example_inlet_event_extra.py
[2025-05-12T08:54:36.792+0000] {processor.py:914} INFO - Processing file /home/airflow/.local/lib/python3.12/site-packages/airflow/example_dags/example_inlet_event_extra.py for tasks to queue
[2025-05-12T08:54:36.794+0000] {logging_mixin.py:190} INFO - [2025-05-12T08:54:36.793+0000] {dagbag.py:588} INFO - Filling up the DagBag from /home/airflow/.local/lib/python3.12/site-packages/airflow/example_dags/example_inlet_event_extra.py
[2025-05-12T08:54:37.338+0000] {processor.py:925} INFO - DAG(s) 'read_dataset_event_from_classic', 'read_dataset_event' retrieved from /home/airflow/.local/lib/python3.12/site-packages/airflow/example_dags/example_inlet_event_extra.py
[2025-05-12T08:54:37.359+0000] {logging_mixin.py:190} INFO - [2025-05-12T08:54:37.358+0000] {dag.py:3239} INFO - Sync 2 DAGs
[2025-05-12T08:54:37.383+0000] {logging_mixin.py:190} INFO - [2025-05-12T08:54:37.383+0000] {dag.py:4180} INFO - Setting next_dagrun for read_dataset_event to 2025-05-11 00:00:00+00:00, run_after=2025-05-12 00:00:00+00:00
[2025-05-12T08:54:37.388+0000] {logging_mixin.py:190} INFO - [2025-05-12T08:54:37.388+0000] {dag.py:4180} INFO - Setting next_dagrun for read_dataset_event_from_classic to 2025-05-11 00:00:00+00:00, run_after=2025-05-12 00:00:00+00:00
[2025-05-12T08:54:37.412+0000] {processor.py:208} INFO - Processing /home/airflow/.local/lib/python3.12/site-packages/airflow/example_dags/example_inlet_event_extra.py took 0.634 seconds
[2025-05-12T08:55:08.232+0000] {processor.py:186} INFO - Started process (PID=3634) to work on /home/airflow/.local/lib/python3.12/site-packages/airflow/example_dags/example_inlet_event_extra.py
[2025-05-12T08:55:08.235+0000] {processor.py:914} INFO - Processing file /home/airflow/.local/lib/python3.12/site-packages/airflow/example_dags/example_inlet_event_extra.py for tasks to queue
[2025-05-12T08:55:08.237+0000] {logging_mixin.py:190} INFO - [2025-05-12T08:55:08.236+0000] {dagbag.py:588} INFO - Filling up the DagBag from /home/airflow/.local/lib/python3.12/site-packages/airflow/example_dags/example_inlet_event_extra.py
[2025-05-12T08:55:08.793+0000] {processor.py:925} INFO - DAG(s) 'read_dataset_event', 'read_dataset_event_from_classic' retrieved from /home/airflow/.local/lib/python3.12/site-packages/airflow/example_dags/example_inlet_event_extra.py
[2025-05-12T08:55:08.816+0000] {logging_mixin.py:190} INFO - [2025-05-12T08:55:08.816+0000] {dag.py:3239} INFO - Sync 2 DAGs
[2025-05-12T08:55:08.841+0000] {logging_mixin.py:190} INFO - [2025-05-12T08:55:08.840+0000] {dag.py:4180} INFO - Setting next_dagrun for read_dataset_event to 2025-05-11 00:00:00+00:00, run_after=2025-05-12 00:00:00+00:00
[2025-05-12T08:55:08.846+0000] {logging_mixin.py:190} INFO - [2025-05-12T08:55:08.846+0000] {dag.py:4180} INFO - Setting next_dagrun for read_dataset_event_from_classic to 2025-05-11 00:00:00+00:00, run_after=2025-05-12 00:00:00+00:00
[2025-05-12T08:55:08.867+0000] {processor.py:208} INFO - Processing /home/airflow/.local/lib/python3.12/site-packages/airflow/example_dags/example_inlet_event_extra.py took 0.645 seconds
[2025-05-12T08:55:39.636+0000] {processor.py:186} INFO - Started process (PID=3717) to work on /home/airflow/.local/lib/python3.12/site-packages/airflow/example_dags/example_inlet_event_extra.py
[2025-05-12T08:55:39.637+0000] {processor.py:914} INFO - Processing file /home/airflow/.local/lib/python3.12/site-packages/airflow/example_dags/example_inlet_event_extra.py for tasks to queue
[2025-05-12T08:55:39.639+0000] {logging_mixin.py:190} INFO - [2025-05-12T08:55:39.638+0000] {dagbag.py:588} INFO - Filling up the DagBag from /home/airflow/.local/lib/python3.12/site-packages/airflow/example_dags/example_inlet_event_extra.py
[2025-05-12T08:55:40.206+0000] {processor.py:925} INFO - DAG(s) 'read_dataset_event_from_classic', 'read_dataset_event' retrieved from /home/airflow/.local/lib/python3.12/site-packages/airflow/example_dags/example_inlet_event_extra.py
[2025-05-12T08:55:40.232+0000] {logging_mixin.py:190} INFO - [2025-05-12T08:55:40.231+0000] {dag.py:3239} INFO - Sync 2 DAGs
[2025-05-12T08:55:40.256+0000] {logging_mixin.py:190} INFO - [2025-05-12T08:55:40.256+0000] {dag.py:4180} INFO - Setting next_dagrun for read_dataset_event to 2025-05-11 00:00:00+00:00, run_after=2025-05-12 00:00:00+00:00
[2025-05-12T08:55:40.262+0000] {logging_mixin.py:190} INFO - [2025-05-12T08:55:40.262+0000] {dag.py:4180} INFO - Setting next_dagrun for read_dataset_event_from_classic to 2025-05-11 00:00:00+00:00, run_after=2025-05-12 00:00:00+00:00
[2025-05-12T08:55:40.287+0000] {processor.py:208} INFO - Processing /home/airflow/.local/lib/python3.12/site-packages/airflow/example_dags/example_inlet_event_extra.py took 0.659 seconds
[2025-05-12T08:56:10.900+0000] {processor.py:186} INFO - Started process (PID=3799) to work on /home/airflow/.local/lib/python3.12/site-packages/airflow/example_dags/example_inlet_event_extra.py
[2025-05-12T08:56:10.901+0000] {processor.py:914} INFO - Processing file /home/airflow/.local/lib/python3.12/site-packages/airflow/example_dags/example_inlet_event_extra.py for tasks to queue
[2025-05-12T08:56:10.903+0000] {logging_mixin.py:190} INFO - [2025-05-12T08:56:10.902+0000] {dagbag.py:588} INFO - Filling up the DagBag from /home/airflow/.local/lib/python3.12/site-packages/airflow/example_dags/example_inlet_event_extra.py
[2025-05-12T08:56:11.569+0000] {processor.py:925} INFO - DAG(s) 'read_dataset_event', 'read_dataset_event_from_classic' retrieved from /home/airflow/.local/lib/python3.12/site-packages/airflow/example_dags/example_inlet_event_extra.py
[2025-05-12T08:56:11.592+0000] {logging_mixin.py:190} INFO - [2025-05-12T08:56:11.591+0000] {dag.py:3239} INFO - Sync 2 DAGs
[2025-05-12T08:56:11.617+0000] {logging_mixin.py:190} INFO - [2025-05-12T08:56:11.617+0000] {dag.py:4180} INFO - Setting next_dagrun for read_dataset_event to 2025-05-11 00:00:00+00:00, run_after=2025-05-12 00:00:00+00:00
[2025-05-12T08:56:11.624+0000] {logging_mixin.py:190} INFO - [2025-05-12T08:56:11.623+0000] {dag.py:4180} INFO - Setting next_dagrun for read_dataset_event_from_classic to 2025-05-11 00:00:00+00:00, run_after=2025-05-12 00:00:00+00:00
[2025-05-12T08:56:11.655+0000] {processor.py:208} INFO - Processing /home/airflow/.local/lib/python3.12/site-packages/airflow/example_dags/example_inlet_event_extra.py took 0.763 seconds
[2025-05-12T08:56:42.362+0000] {processor.py:186} INFO - Started process (PID=3881) to work on /home/airflow/.local/lib/python3.12/site-packages/airflow/example_dags/example_inlet_event_extra.py
[2025-05-12T08:56:42.365+0000] {processor.py:914} INFO - Processing file /home/airflow/.local/lib/python3.12/site-packages/airflow/example_dags/example_inlet_event_extra.py for tasks to queue
[2025-05-12T08:56:42.370+0000] {logging_mixin.py:190} INFO - [2025-05-12T08:56:42.369+0000] {dagbag.py:588} INFO - Filling up the DagBag from /home/airflow/.local/lib/python3.12/site-packages/airflow/example_dags/example_inlet_event_extra.py
[2025-05-12T08:56:43.009+0000] {processor.py:925} INFO - DAG(s) 'read_dataset_event_from_classic', 'read_dataset_event' retrieved from /home/airflow/.local/lib/python3.12/site-packages/airflow/example_dags/example_inlet_event_extra.py
[2025-05-12T08:56:43.036+0000] {logging_mixin.py:190} INFO - [2025-05-12T08:56:43.035+0000] {dag.py:3239} INFO - Sync 2 DAGs
[2025-05-12T08:56:43.063+0000] {logging_mixin.py:190} INFO - [2025-05-12T08:56:43.063+0000] {dag.py:4180} INFO - Setting next_dagrun for read_dataset_event to 2025-05-11 00:00:00+00:00, run_after=2025-05-12 00:00:00+00:00
[2025-05-12T08:56:43.070+0000] {logging_mixin.py:190} INFO - [2025-05-12T08:56:43.070+0000] {dag.py:4180} INFO - Setting next_dagrun for read_dataset_event_from_classic to 2025-05-11 00:00:00+00:00, run_after=2025-05-12 00:00:00+00:00
[2025-05-12T08:56:43.109+0000] {processor.py:208} INFO - Processing /home/airflow/.local/lib/python3.12/site-packages/airflow/example_dags/example_inlet_event_extra.py took 0.762 seconds
[2025-05-12T08:57:13.177+0000] {processor.py:186} INFO - Started process (PID=3963) to work on /home/airflow/.local/lib/python3.12/site-packages/airflow/example_dags/example_inlet_event_extra.py
[2025-05-12T08:57:13.179+0000] {processor.py:914} INFO - Processing file /home/airflow/.local/lib/python3.12/site-packages/airflow/example_dags/example_inlet_event_extra.py for tasks to queue
[2025-05-12T08:57:13.181+0000] {logging_mixin.py:190} INFO - [2025-05-12T08:57:13.180+0000] {dagbag.py:588} INFO - Filling up the DagBag from /home/airflow/.local/lib/python3.12/site-packages/airflow/example_dags/example_inlet_event_extra.py
[2025-05-12T08:57:13.812+0000] {processor.py:925} INFO - DAG(s) 'read_dataset_event_from_classic', 'read_dataset_event' retrieved from /home/airflow/.local/lib/python3.12/site-packages/airflow/example_dags/example_inlet_event_extra.py
[2025-05-12T08:57:13.848+0000] {logging_mixin.py:190} INFO - [2025-05-12T08:57:13.848+0000] {dag.py:3239} INFO - Sync 2 DAGs
[2025-05-12T08:57:13.883+0000] {logging_mixin.py:190} INFO - [2025-05-12T08:57:13.883+0000] {dag.py:4180} INFO - Setting next_dagrun for read_dataset_event to 2025-05-11 00:00:00+00:00, run_after=2025-05-12 00:00:00+00:00
[2025-05-12T08:57:13.890+0000] {logging_mixin.py:190} INFO - [2025-05-12T08:57:13.890+0000] {dag.py:4180} INFO - Setting next_dagrun for read_dataset_event_from_classic to 2025-05-11 00:00:00+00:00, run_after=2025-05-12 00:00:00+00:00
[2025-05-12T08:57:13.922+0000] {processor.py:208} INFO - Processing /home/airflow/.local/lib/python3.12/site-packages/airflow/example_dags/example_inlet_event_extra.py took 0.752 seconds
[2025-05-12T08:57:43.989+0000] {processor.py:186} INFO - Started process (PID=4045) to work on /home/airflow/.local/lib/python3.12/site-packages/airflow/example_dags/example_inlet_event_extra.py
[2025-05-12T08:57:43.998+0000] {processor.py:914} INFO - Processing file /home/airflow/.local/lib/python3.12/site-packages/airflow/example_dags/example_inlet_event_extra.py for tasks to queue
[2025-05-12T08:57:43.999+0000] {logging_mixin.py:190} INFO - [2025-05-12T08:57:43.999+0000] {dagbag.py:588} INFO - Filling up the DagBag from /home/airflow/.local/lib/python3.12/site-packages/airflow/example_dags/example_inlet_event_extra.py
[2025-05-12T08:57:44.608+0000] {processor.py:925} INFO - DAG(s) 'read_dataset_event_from_classic', 'read_dataset_event' retrieved from /home/airflow/.local/lib/python3.12/site-packages/airflow/example_dags/example_inlet_event_extra.py
[2025-05-12T08:57:44.631+0000] {logging_mixin.py:190} INFO - [2025-05-12T08:57:44.630+0000] {dag.py:3239} INFO - Sync 2 DAGs
[2025-05-12T08:57:44.660+0000] {logging_mixin.py:190} INFO - [2025-05-12T08:57:44.659+0000] {dag.py:4180} INFO - Setting next_dagrun for read_dataset_event to 2025-05-11 00:00:00+00:00, run_after=2025-05-12 00:00:00+00:00
[2025-05-12T08:57:44.665+0000] {logging_mixin.py:190} INFO - [2025-05-12T08:57:44.665+0000] {dag.py:4180} INFO - Setting next_dagrun for read_dataset_event_from_classic to 2025-05-11 00:00:00+00:00, run_after=2025-05-12 00:00:00+00:00
[2025-05-12T08:57:44.695+0000] {processor.py:208} INFO - Processing /home/airflow/.local/lib/python3.12/site-packages/airflow/example_dags/example_inlet_event_extra.py took 0.713 seconds
[2025-05-12T08:58:15.402+0000] {processor.py:186} INFO - Started process (PID=4127) to work on /home/airflow/.local/lib/python3.12/site-packages/airflow/example_dags/example_inlet_event_extra.py
[2025-05-12T08:58:15.410+0000] {processor.py:914} INFO - Processing file /home/airflow/.local/lib/python3.12/site-packages/airflow/example_dags/example_inlet_event_extra.py for tasks to queue
[2025-05-12T08:58:15.412+0000] {logging_mixin.py:190} INFO - [2025-05-12T08:58:15.412+0000] {dagbag.py:588} INFO - Filling up the DagBag from /home/airflow/.local/lib/python3.12/site-packages/airflow/example_dags/example_inlet_event_extra.py
[2025-05-12T08:58:16.038+0000] {processor.py:925} INFO - DAG(s) 'read_dataset_event', 'read_dataset_event_from_classic' retrieved from /home/airflow/.local/lib/python3.12/site-packages/airflow/example_dags/example_inlet_event_extra.py
[2025-05-12T08:58:16.062+0000] {logging_mixin.py:190} INFO - [2025-05-12T08:58:16.062+0000] {dag.py:3239} INFO - Sync 2 DAGs
[2025-05-12T08:58:16.093+0000] {logging_mixin.py:190} INFO - [2025-05-12T08:58:16.093+0000] {dag.py:4180} INFO - Setting next_dagrun for read_dataset_event to 2025-05-11 00:00:00+00:00, run_after=2025-05-12 00:00:00+00:00
[2025-05-12T08:58:16.099+0000] {logging_mixin.py:190} INFO - [2025-05-12T08:58:16.099+0000] {dag.py:4180} INFO - Setting next_dagrun for read_dataset_event_from_classic to 2025-05-11 00:00:00+00:00, run_after=2025-05-12 00:00:00+00:00
[2025-05-12T08:58:16.121+0000] {processor.py:208} INFO - Processing /home/airflow/.local/lib/python3.12/site-packages/airflow/example_dags/example_inlet_event_extra.py took 0.732 seconds
[2025-05-12T08:58:46.596+0000] {processor.py:186} INFO - Started process (PID=4212) to work on /home/airflow/.local/lib/python3.12/site-packages/airflow/example_dags/example_inlet_event_extra.py
[2025-05-12T08:58:46.597+0000] {processor.py:914} INFO - Processing file /home/airflow/.local/lib/python3.12/site-packages/airflow/example_dags/example_inlet_event_extra.py for tasks to queue
[2025-05-12T08:58:46.599+0000] {logging_mixin.py:190} INFO - [2025-05-12T08:58:46.598+0000] {dagbag.py:588} INFO - Filling up the DagBag from /home/airflow/.local/lib/python3.12/site-packages/airflow/example_dags/example_inlet_event_extra.py
[2025-05-12T08:58:47.209+0000] {processor.py:925} INFO - DAG(s) 'read_dataset_event_from_classic', 'read_dataset_event' retrieved from /home/airflow/.local/lib/python3.12/site-packages/airflow/example_dags/example_inlet_event_extra.py
[2025-05-12T08:58:47.232+0000] {logging_mixin.py:190} INFO - [2025-05-12T08:58:47.232+0000] {dag.py:3239} INFO - Sync 2 DAGs
[2025-05-12T08:58:47.261+0000] {logging_mixin.py:190} INFO - [2025-05-12T08:58:47.260+0000] {dag.py:4180} INFO - Setting next_dagrun for read_dataset_event to 2025-05-11 00:00:00+00:00, run_after=2025-05-12 00:00:00+00:00
[2025-05-12T08:58:47.266+0000] {logging_mixin.py:190} INFO - [2025-05-12T08:58:47.266+0000] {dag.py:4180} INFO - Setting next_dagrun for read_dataset_event_from_classic to 2025-05-11 00:00:00+00:00, run_after=2025-05-12 00:00:00+00:00
[2025-05-12T08:58:47.294+0000] {processor.py:208} INFO - Processing /home/airflow/.local/lib/python3.12/site-packages/airflow/example_dags/example_inlet_event_extra.py took 0.706 seconds
[2025-05-12T08:59:18.120+0000] {processor.py:186} INFO - Started process (PID=4296) to work on /home/airflow/.local/lib/python3.12/site-packages/airflow/example_dags/example_inlet_event_extra.py
[2025-05-12T08:59:18.122+0000] {processor.py:914} INFO - Processing file /home/airflow/.local/lib/python3.12/site-packages/airflow/example_dags/example_inlet_event_extra.py for tasks to queue
[2025-05-12T08:59:18.123+0000] {logging_mixin.py:190} INFO - [2025-05-12T08:59:18.123+0000] {dagbag.py:588} INFO - Filling up the DagBag from /home/airflow/.local/lib/python3.12/site-packages/airflow/example_dags/example_inlet_event_extra.py
[2025-05-12T08:59:18.720+0000] {processor.py:925} INFO - DAG(s) 'read_dataset_event', 'read_dataset_event_from_classic' retrieved from /home/airflow/.local/lib/python3.12/site-packages/airflow/example_dags/example_inlet_event_extra.py
[2025-05-12T08:59:18.747+0000] {logging_mixin.py:190} INFO - [2025-05-12T08:59:18.746+0000] {dag.py:3239} INFO - Sync 2 DAGs
[2025-05-12T08:59:18.775+0000] {logging_mixin.py:190} INFO - [2025-05-12T08:59:18.775+0000] {dag.py:4180} INFO - Setting next_dagrun for read_dataset_event to 2025-05-11 00:00:00+00:00, run_after=2025-05-12 00:00:00+00:00
[2025-05-12T08:59:18.781+0000] {logging_mixin.py:190} INFO - [2025-05-12T08:59:18.781+0000] {dag.py:4180} INFO - Setting next_dagrun for read_dataset_event_from_classic to 2025-05-11 00:00:00+00:00, run_after=2025-05-12 00:00:00+00:00
[2025-05-12T08:59:18.802+0000] {processor.py:208} INFO - Processing /home/airflow/.local/lib/python3.12/site-packages/airflow/example_dags/example_inlet_event_extra.py took 0.690 seconds
[2025-05-12T08:59:49.593+0000] {processor.py:186} INFO - Started process (PID=4379) to work on /home/airflow/.local/lib/python3.12/site-packages/airflow/example_dags/example_inlet_event_extra.py
[2025-05-12T08:59:49.594+0000] {processor.py:914} INFO - Processing file /home/airflow/.local/lib/python3.12/site-packages/airflow/example_dags/example_inlet_event_extra.py for tasks to queue
[2025-05-12T08:59:49.596+0000] {logging_mixin.py:190} INFO - [2025-05-12T08:59:49.596+0000] {dagbag.py:588} INFO - Filling up the DagBag from /home/airflow/.local/lib/python3.12/site-packages/airflow/example_dags/example_inlet_event_extra.py
[2025-05-12T08:59:50.313+0000] {processor.py:925} INFO - DAG(s) 'read_dataset_event_from_classic', 'read_dataset_event' retrieved from /home/airflow/.local/lib/python3.12/site-packages/airflow/example_dags/example_inlet_event_extra.py
[2025-05-12T08:59:50.342+0000] {logging_mixin.py:190} INFO - [2025-05-12T08:59:50.342+0000] {dag.py:3239} INFO - Sync 2 DAGs
[2025-05-12T08:59:50.370+0000] {logging_mixin.py:190} INFO - [2025-05-12T08:59:50.369+0000] {dag.py:4180} INFO - Setting next_dagrun for read_dataset_event to 2025-05-11 00:00:00+00:00, run_after=2025-05-12 00:00:00+00:00
[2025-05-12T08:59:50.377+0000] {logging_mixin.py:190} INFO - [2025-05-12T08:59:50.377+0000] {dag.py:4180} INFO - Setting next_dagrun for read_dataset_event_from_classic to 2025-05-11 00:00:00+00:00, run_after=2025-05-12 00:00:00+00:00
[2025-05-12T08:59:50.410+0000] {processor.py:208} INFO - Processing /home/airflow/.local/lib/python3.12/site-packages/airflow/example_dags/example_inlet_event_extra.py took 0.827 seconds
[2025-05-12T09:00:20.617+0000] {processor.py:186} INFO - Started process (PID=4464) to work on /home/airflow/.local/lib/python3.12/site-packages/airflow/example_dags/example_inlet_event_extra.py
[2025-05-12T09:00:20.620+0000] {processor.py:914} INFO - Processing file /home/airflow/.local/lib/python3.12/site-packages/airflow/example_dags/example_inlet_event_extra.py for tasks to queue
[2025-05-12T09:00:20.623+0000] {logging_mixin.py:190} INFO - [2025-05-12T09:00:20.622+0000] {dagbag.py:588} INFO - Filling up the DagBag from /home/airflow/.local/lib/python3.12/site-packages/airflow/example_dags/example_inlet_event_extra.py
[2025-05-12T09:00:21.408+0000] {processor.py:925} INFO - DAG(s) 'read_dataset_event_from_classic', 'read_dataset_event' retrieved from /home/airflow/.local/lib/python3.12/site-packages/airflow/example_dags/example_inlet_event_extra.py
[2025-05-12T09:00:21.438+0000] {logging_mixin.py:190} INFO - [2025-05-12T09:00:21.438+0000] {dag.py:3239} INFO - Sync 2 DAGs
[2025-05-12T09:00:21.472+0000] {logging_mixin.py:190} INFO - [2025-05-12T09:00:21.471+0000] {dag.py:4180} INFO - Setting next_dagrun for read_dataset_event to 2025-05-11 00:00:00+00:00, run_after=2025-05-12 00:00:00+00:00
[2025-05-12T09:00:21.479+0000] {logging_mixin.py:190} INFO - [2025-05-12T09:00:21.479+0000] {dag.py:4180} INFO - Setting next_dagrun for read_dataset_event_from_classic to 2025-05-11 00:00:00+00:00, run_after=2025-05-12 00:00:00+00:00
[2025-05-12T09:00:21.502+0000] {processor.py:208} INFO - Processing /home/airflow/.local/lib/python3.12/site-packages/airflow/example_dags/example_inlet_event_extra.py took 0.896 seconds
[2025-05-12T09:00:51.637+0000] {processor.py:186} INFO - Started process (PID=4548) to work on /home/airflow/.local/lib/python3.12/site-packages/airflow/example_dags/example_inlet_event_extra.py
[2025-05-12T09:00:51.639+0000] {processor.py:914} INFO - Processing file /home/airflow/.local/lib/python3.12/site-packages/airflow/example_dags/example_inlet_event_extra.py for tasks to queue
[2025-05-12T09:00:51.641+0000] {logging_mixin.py:190} INFO - [2025-05-12T09:00:51.640+0000] {dagbag.py:588} INFO - Filling up the DagBag from /home/airflow/.local/lib/python3.12/site-packages/airflow/example_dags/example_inlet_event_extra.py
[2025-05-12T09:00:52.382+0000] {processor.py:925} INFO - DAG(s) 'read_dataset_event', 'read_dataset_event_from_classic' retrieved from /home/airflow/.local/lib/python3.12/site-packages/airflow/example_dags/example_inlet_event_extra.py
[2025-05-12T09:00:52.413+0000] {logging_mixin.py:190} INFO - [2025-05-12T09:00:52.413+0000] {dag.py:3239} INFO - Sync 2 DAGs
[2025-05-12T09:00:52.462+0000] {logging_mixin.py:190} INFO - [2025-05-12T09:00:52.462+0000] {dag.py:4180} INFO - Setting next_dagrun for read_dataset_event to 2025-05-11 00:00:00+00:00, run_after=2025-05-12 00:00:00+00:00
[2025-05-12T09:00:52.472+0000] {logging_mixin.py:190} INFO - [2025-05-12T09:00:52.472+0000] {dag.py:4180} INFO - Setting next_dagrun for read_dataset_event_from_classic to 2025-05-11 00:00:00+00:00, run_after=2025-05-12 00:00:00+00:00
[2025-05-12T09:00:52.505+0000] {processor.py:208} INFO - Processing /home/airflow/.local/lib/python3.12/site-packages/airflow/example_dags/example_inlet_event_extra.py took 0.876 seconds
