[2025-05-12T08:33:45.354+0000] {processor.py:186} INFO - Started process (PID=213) to work on /home/airflow/.local/lib/python3.12/site-packages/airflow/example_dags/example_params_ui_tutorial.py
[2025-05-12T08:33:45.357+0000] {processor.py:914} INFO - Processing file /home/airflow/.local/lib/python3.12/site-packages/airflow/example_dags/example_params_ui_tutorial.py for tasks to queue
[2025-05-12T08:33:45.361+0000] {logging_mixin.py:190} INFO - [2025-05-12T08:33:45.360+0000] {dagbag.py:588} INFO - Filling up the DagBag from /home/airflow/.local/lib/python3.12/site-packages/airflow/example_dags/example_params_ui_tutorial.py
[2025-05-12T08:33:45.394+0000] {processor.py:925} INFO - DAG(s) 'example_params_ui_tutorial' retrieved from /home/airflow/.local/lib/python3.12/site-packages/airflow/example_dags/example_params_ui_tutorial.py
[2025-05-12T08:33:45.878+0000] {logging_mixin.py:190} INFO - [2025-05-12T08:33:45.877+0000] {dag.py:3239} INFO - Sync 1 DAGs
[2025-05-12T08:33:45.959+0000] {logging_mixin.py:190} INFO - [2025-05-12T08:33:45.958+0000] {dag.py:4180} INFO - Setting next_dagrun for example_params_ui_tutorial to None, run_after=None
[2025-05-12T08:33:46.051+0000] {processor.py:208} INFO - Processing /home/airflow/.local/lib/python3.12/site-packages/airflow/example_dags/example_params_ui_tutorial.py took 0.717 seconds
[2025-05-12T08:34:16.717+0000] {processor.py:186} INFO - Started process (PID=299) to work on /home/airflow/.local/lib/python3.12/site-packages/airflow/example_dags/example_params_ui_tutorial.py
[2025-05-12T08:34:16.721+0000] {processor.py:914} INFO - Processing file /home/airflow/.local/lib/python3.12/site-packages/airflow/example_dags/example_params_ui_tutorial.py for tasks to queue
[2025-05-12T08:34:16.723+0000] {logging_mixin.py:190} INFO - [2025-05-12T08:34:16.723+0000] {dagbag.py:588} INFO - Filling up the DagBag from /home/airflow/.local/lib/python3.12/site-packages/airflow/example_dags/example_params_ui_tutorial.py
[2025-05-12T08:34:16.740+0000] {processor.py:925} INFO - DAG(s) 'example_params_ui_tutorial' retrieved from /home/airflow/.local/lib/python3.12/site-packages/airflow/example_dags/example_params_ui_tutorial.py
[2025-05-12T08:34:16.825+0000] {logging_mixin.py:190} INFO - [2025-05-12T08:34:16.824+0000] {dag.py:3239} INFO - Sync 1 DAGs
[2025-05-12T08:34:16.858+0000] {logging_mixin.py:190} INFO - [2025-05-12T08:34:16.858+0000] {dag.py:4180} INFO - Setting next_dagrun for example_params_ui_tutorial to None, run_after=None
[2025-05-12T08:34:16.899+0000] {processor.py:208} INFO - Processing /home/airflow/.local/lib/python3.12/site-packages/airflow/example_dags/example_params_ui_tutorial.py took 0.193 seconds
[2025-05-12T08:34:47.676+0000] {processor.py:186} INFO - Started process (PID=389) to work on /home/airflow/.local/lib/python3.12/site-packages/airflow/example_dags/example_params_ui_tutorial.py
[2025-05-12T08:34:47.677+0000] {processor.py:914} INFO - Processing file /home/airflow/.local/lib/python3.12/site-packages/airflow/example_dags/example_params_ui_tutorial.py for tasks to queue
[2025-05-12T08:34:47.678+0000] {logging_mixin.py:190} INFO - [2025-05-12T08:34:47.678+0000] {dagbag.py:588} INFO - Filling up the DagBag from /home/airflow/.local/lib/python3.12/site-packages/airflow/example_dags/example_params_ui_tutorial.py
[2025-05-12T08:34:47.689+0000] {processor.py:925} INFO - DAG(s) 'example_params_ui_tutorial' retrieved from /home/airflow/.local/lib/python3.12/site-packages/airflow/example_dags/example_params_ui_tutorial.py
[2025-05-12T08:34:47.733+0000] {logging_mixin.py:190} INFO - [2025-05-12T08:34:47.732+0000] {dag.py:3239} INFO - Sync 1 DAGs
[2025-05-12T08:34:47.748+0000] {logging_mixin.py:190} INFO - [2025-05-12T08:34:47.748+0000] {dag.py:4180} INFO - Setting next_dagrun for example_params_ui_tutorial to None, run_after=None
[2025-05-12T08:34:47.771+0000] {processor.py:208} INFO - Processing /home/airflow/.local/lib/python3.12/site-packages/airflow/example_dags/example_params_ui_tutorial.py took 0.102 seconds
[2025-05-12T08:35:18.933+0000] {processor.py:186} INFO - Started process (PID=486) to work on /home/airflow/.local/lib/python3.12/site-packages/airflow/example_dags/example_params_ui_tutorial.py
[2025-05-12T08:35:18.935+0000] {processor.py:914} INFO - Processing file /home/airflow/.local/lib/python3.12/site-packages/airflow/example_dags/example_params_ui_tutorial.py for tasks to queue
[2025-05-12T08:35:18.937+0000] {logging_mixin.py:190} INFO - [2025-05-12T08:35:18.936+0000] {dagbag.py:588} INFO - Filling up the DagBag from /home/airflow/.local/lib/python3.12/site-packages/airflow/example_dags/example_params_ui_tutorial.py
[2025-05-12T08:35:18.948+0000] {processor.py:925} INFO - DAG(s) 'example_params_ui_tutorial' retrieved from /home/airflow/.local/lib/python3.12/site-packages/airflow/example_dags/example_params_ui_tutorial.py
[2025-05-12T08:35:19.006+0000] {logging_mixin.py:190} INFO - [2025-05-12T08:35:19.005+0000] {dag.py:3239} INFO - Sync 1 DAGs
[2025-05-12T08:35:19.028+0000] {logging_mixin.py:190} INFO - [2025-05-12T08:35:19.028+0000] {dag.py:4180} INFO - Setting next_dagrun for example_params_ui_tutorial to None, run_after=None
[2025-05-12T08:35:19.060+0000] {processor.py:208} INFO - Processing /home/airflow/.local/lib/python3.12/site-packages/airflow/example_dags/example_params_ui_tutorial.py took 0.135 seconds
[2025-05-12T08:35:54.042+0000] {processor.py:186} INFO - Started process (PID=587) to work on /home/airflow/.local/lib/python3.12/site-packages/airflow/example_dags/example_params_ui_tutorial.py
[2025-05-12T08:35:54.043+0000] {processor.py:914} INFO - Processing file /home/airflow/.local/lib/python3.12/site-packages/airflow/example_dags/example_params_ui_tutorial.py for tasks to queue
[2025-05-12T08:35:54.044+0000] {logging_mixin.py:190} INFO - [2025-05-12T08:35:54.044+0000] {dagbag.py:588} INFO - Filling up the DagBag from /home/airflow/.local/lib/python3.12/site-packages/airflow/example_dags/example_params_ui_tutorial.py
[2025-05-12T08:35:54.054+0000] {processor.py:925} INFO - DAG(s) 'example_params_ui_tutorial' retrieved from /home/airflow/.local/lib/python3.12/site-packages/airflow/example_dags/example_params_ui_tutorial.py
[2025-05-12T08:35:54.122+0000] {logging_mixin.py:190} INFO - [2025-05-12T08:35:54.122+0000] {dag.py:3239} INFO - Sync 1 DAGs
[2025-05-12T08:35:54.139+0000] {logging_mixin.py:190} INFO - [2025-05-12T08:35:54.139+0000] {dag.py:4180} INFO - Setting next_dagrun for example_params_ui_tutorial to None, run_after=None
[2025-05-12T08:35:54.165+0000] {processor.py:208} INFO - Processing /home/airflow/.local/lib/python3.12/site-packages/airflow/example_dags/example_params_ui_tutorial.py took 0.130 seconds
[2025-05-12T08:36:24.315+0000] {processor.py:186} INFO - Started process (PID=669) to work on /home/airflow/.local/lib/python3.12/site-packages/airflow/example_dags/example_params_ui_tutorial.py
[2025-05-12T08:36:24.317+0000] {processor.py:914} INFO - Processing file /home/airflow/.local/lib/python3.12/site-packages/airflow/example_dags/example_params_ui_tutorial.py for tasks to queue
[2025-05-12T08:36:24.319+0000] {logging_mixin.py:190} INFO - [2025-05-12T08:36:24.318+0000] {dagbag.py:588} INFO - Filling up the DagBag from /home/airflow/.local/lib/python3.12/site-packages/airflow/example_dags/example_params_ui_tutorial.py
[2025-05-12T08:36:24.330+0000] {processor.py:925} INFO - DAG(s) 'example_params_ui_tutorial' retrieved from /home/airflow/.local/lib/python3.12/site-packages/airflow/example_dags/example_params_ui_tutorial.py
[2025-05-12T08:36:24.393+0000] {logging_mixin.py:190} INFO - [2025-05-12T08:36:24.393+0000] {dag.py:3239} INFO - Sync 1 DAGs
[2025-05-12T08:36:24.415+0000] {logging_mixin.py:190} INFO - [2025-05-12T08:36:24.415+0000] {dag.py:4180} INFO - Setting next_dagrun for example_params_ui_tutorial to None, run_after=None
[2025-05-12T08:36:24.444+0000] {processor.py:208} INFO - Processing /home/airflow/.local/lib/python3.12/site-packages/airflow/example_dags/example_params_ui_tutorial.py took 0.136 seconds
[2025-05-12T08:36:55.429+0000] {processor.py:186} INFO - Started process (PID=755) to work on /home/airflow/.local/lib/python3.12/site-packages/airflow/example_dags/example_params_ui_tutorial.py
[2025-05-12T08:36:55.430+0000] {processor.py:914} INFO - Processing file /home/airflow/.local/lib/python3.12/site-packages/airflow/example_dags/example_params_ui_tutorial.py for tasks to queue
[2025-05-12T08:36:55.432+0000] {logging_mixin.py:190} INFO - [2025-05-12T08:36:55.431+0000] {dagbag.py:588} INFO - Filling up the DagBag from /home/airflow/.local/lib/python3.12/site-packages/airflow/example_dags/example_params_ui_tutorial.py
[2025-05-12T08:36:55.441+0000] {processor.py:925} INFO - DAG(s) 'example_params_ui_tutorial' retrieved from /home/airflow/.local/lib/python3.12/site-packages/airflow/example_dags/example_params_ui_tutorial.py
[2025-05-12T08:36:55.483+0000] {logging_mixin.py:190} INFO - [2025-05-12T08:36:55.483+0000] {dag.py:3239} INFO - Sync 1 DAGs
[2025-05-12T08:36:55.499+0000] {logging_mixin.py:190} INFO - [2025-05-12T08:36:55.499+0000] {dag.py:4180} INFO - Setting next_dagrun for example_params_ui_tutorial to None, run_after=None
[2025-05-12T08:36:55.521+0000] {processor.py:208} INFO - Processing /home/airflow/.local/lib/python3.12/site-packages/airflow/example_dags/example_params_ui_tutorial.py took 0.098 seconds
[2025-05-12T08:37:27.343+0000] {processor.py:186} INFO - Started process (PID=837) to work on /home/airflow/.local/lib/python3.12/site-packages/airflow/example_dags/example_params_ui_tutorial.py
[2025-05-12T08:37:27.345+0000] {processor.py:914} INFO - Processing file /home/airflow/.local/lib/python3.12/site-packages/airflow/example_dags/example_params_ui_tutorial.py for tasks to queue
[2025-05-12T08:37:27.347+0000] {logging_mixin.py:190} INFO - [2025-05-12T08:37:27.346+0000] {dagbag.py:588} INFO - Filling up the DagBag from /home/airflow/.local/lib/python3.12/site-packages/airflow/example_dags/example_params_ui_tutorial.py
[2025-05-12T08:37:27.360+0000] {processor.py:925} INFO - DAG(s) 'example_params_ui_tutorial' retrieved from /home/airflow/.local/lib/python3.12/site-packages/airflow/example_dags/example_params_ui_tutorial.py
[2025-05-12T08:37:27.419+0000] {logging_mixin.py:190} INFO - [2025-05-12T08:37:27.418+0000] {dag.py:3239} INFO - Sync 1 DAGs
[2025-05-12T08:37:27.442+0000] {logging_mixin.py:190} INFO - [2025-05-12T08:37:27.442+0000] {dag.py:4180} INFO - Setting next_dagrun for example_params_ui_tutorial to None, run_after=None
[2025-05-12T08:37:27.474+0000] {processor.py:208} INFO - Processing /home/airflow/.local/lib/python3.12/site-packages/airflow/example_dags/example_params_ui_tutorial.py took 0.140 seconds
[2025-05-12T08:37:58.110+0000] {processor.py:186} INFO - Started process (PID=919) to work on /home/airflow/.local/lib/python3.12/site-packages/airflow/example_dags/example_params_ui_tutorial.py
[2025-05-12T08:37:58.111+0000] {processor.py:914} INFO - Processing file /home/airflow/.local/lib/python3.12/site-packages/airflow/example_dags/example_params_ui_tutorial.py for tasks to queue
[2025-05-12T08:37:58.113+0000] {logging_mixin.py:190} INFO - [2025-05-12T08:37:58.113+0000] {dagbag.py:588} INFO - Filling up the DagBag from /home/airflow/.local/lib/python3.12/site-packages/airflow/example_dags/example_params_ui_tutorial.py
[2025-05-12T08:37:58.124+0000] {processor.py:925} INFO - DAG(s) 'example_params_ui_tutorial' retrieved from /home/airflow/.local/lib/python3.12/site-packages/airflow/example_dags/example_params_ui_tutorial.py
[2025-05-12T08:37:58.174+0000] {logging_mixin.py:190} INFO - [2025-05-12T08:37:58.174+0000] {dag.py:3239} INFO - Sync 1 DAGs
[2025-05-12T08:37:58.193+0000] {logging_mixin.py:190} INFO - [2025-05-12T08:37:58.192+0000] {dag.py:4180} INFO - Setting next_dagrun for example_params_ui_tutorial to None, run_after=None
[2025-05-12T08:37:58.217+0000] {processor.py:208} INFO - Processing /home/airflow/.local/lib/python3.12/site-packages/airflow/example_dags/example_params_ui_tutorial.py took 0.115 seconds
[2025-05-12T08:38:30.254+0000] {processor.py:186} INFO - Started process (PID=1005) to work on /home/airflow/.local/lib/python3.12/site-packages/airflow/example_dags/example_params_ui_tutorial.py
[2025-05-12T08:38:30.255+0000] {processor.py:914} INFO - Processing file /home/airflow/.local/lib/python3.12/site-packages/airflow/example_dags/example_params_ui_tutorial.py for tasks to queue
[2025-05-12T08:38:30.256+0000] {logging_mixin.py:190} INFO - [2025-05-12T08:38:30.256+0000] {dagbag.py:588} INFO - Filling up the DagBag from /home/airflow/.local/lib/python3.12/site-packages/airflow/example_dags/example_params_ui_tutorial.py
[2025-05-12T08:38:30.268+0000] {processor.py:925} INFO - DAG(s) 'example_params_ui_tutorial' retrieved from /home/airflow/.local/lib/python3.12/site-packages/airflow/example_dags/example_params_ui_tutorial.py
[2025-05-12T08:38:30.319+0000] {logging_mixin.py:190} INFO - [2025-05-12T08:38:30.319+0000] {dag.py:3239} INFO - Sync 1 DAGs
[2025-05-12T08:38:30.337+0000] {logging_mixin.py:190} INFO - [2025-05-12T08:38:30.337+0000] {dag.py:4180} INFO - Setting next_dagrun for example_params_ui_tutorial to None, run_after=None
[2025-05-12T08:38:30.360+0000] {processor.py:208} INFO - Processing /home/airflow/.local/lib/python3.12/site-packages/airflow/example_dags/example_params_ui_tutorial.py took 0.113 seconds
[2025-05-12T08:39:01.221+0000] {processor.py:186} INFO - Started process (PID=1087) to work on /home/airflow/.local/lib/python3.12/site-packages/airflow/example_dags/example_params_ui_tutorial.py
[2025-05-12T08:39:01.224+0000] {processor.py:914} INFO - Processing file /home/airflow/.local/lib/python3.12/site-packages/airflow/example_dags/example_params_ui_tutorial.py for tasks to queue
[2025-05-12T08:39:01.225+0000] {logging_mixin.py:190} INFO - [2025-05-12T08:39:01.225+0000] {dagbag.py:588} INFO - Filling up the DagBag from /home/airflow/.local/lib/python3.12/site-packages/airflow/example_dags/example_params_ui_tutorial.py
[2025-05-12T08:39:01.240+0000] {processor.py:925} INFO - DAG(s) 'example_params_ui_tutorial' retrieved from /home/airflow/.local/lib/python3.12/site-packages/airflow/example_dags/example_params_ui_tutorial.py
[2025-05-12T08:39:01.305+0000] {logging_mixin.py:190} INFO - [2025-05-12T08:39:01.304+0000] {dag.py:3239} INFO - Sync 1 DAGs
[2025-05-12T08:39:01.324+0000] {logging_mixin.py:190} INFO - [2025-05-12T08:39:01.324+0000] {dag.py:4180} INFO - Setting next_dagrun for example_params_ui_tutorial to None, run_after=None
[2025-05-12T08:39:01.350+0000] {processor.py:208} INFO - Processing /home/airflow/.local/lib/python3.12/site-packages/airflow/example_dags/example_params_ui_tutorial.py took 0.140 seconds
[2025-05-12T08:39:33.828+0000] {processor.py:186} INFO - Started process (PID=1169) to work on /home/airflow/.local/lib/python3.12/site-packages/airflow/example_dags/example_params_ui_tutorial.py
[2025-05-12T08:39:33.829+0000] {processor.py:914} INFO - Processing file /home/airflow/.local/lib/python3.12/site-packages/airflow/example_dags/example_params_ui_tutorial.py for tasks to queue
[2025-05-12T08:39:33.831+0000] {logging_mixin.py:190} INFO - [2025-05-12T08:39:33.830+0000] {dagbag.py:588} INFO - Filling up the DagBag from /home/airflow/.local/lib/python3.12/site-packages/airflow/example_dags/example_params_ui_tutorial.py
[2025-05-12T08:39:33.842+0000] {processor.py:925} INFO - DAG(s) 'example_params_ui_tutorial' retrieved from /home/airflow/.local/lib/python3.12/site-packages/airflow/example_dags/example_params_ui_tutorial.py
[2025-05-12T08:39:33.894+0000] {logging_mixin.py:190} INFO - [2025-05-12T08:39:33.894+0000] {dag.py:3239} INFO - Sync 1 DAGs
[2025-05-12T08:39:33.914+0000] {logging_mixin.py:190} INFO - [2025-05-12T08:39:33.914+0000] {dag.py:4180} INFO - Setting next_dagrun for example_params_ui_tutorial to None, run_after=None
[2025-05-12T08:39:33.940+0000] {processor.py:208} INFO - Processing /home/airflow/.local/lib/python3.12/site-packages/airflow/example_dags/example_params_ui_tutorial.py took 0.120 seconds
[2025-05-12T08:40:05.022+0000] {processor.py:186} INFO - Started process (PID=1253) to work on /home/airflow/.local/lib/python3.12/site-packages/airflow/example_dags/example_params_ui_tutorial.py
[2025-05-12T08:40:05.023+0000] {processor.py:914} INFO - Processing file /home/airflow/.local/lib/python3.12/site-packages/airflow/example_dags/example_params_ui_tutorial.py for tasks to queue
[2025-05-12T08:40:05.025+0000] {logging_mixin.py:190} INFO - [2025-05-12T08:40:05.024+0000] {dagbag.py:588} INFO - Filling up the DagBag from /home/airflow/.local/lib/python3.12/site-packages/airflow/example_dags/example_params_ui_tutorial.py
[2025-05-12T08:40:05.051+0000] {processor.py:925} INFO - DAG(s) 'example_params_ui_tutorial' retrieved from /home/airflow/.local/lib/python3.12/site-packages/airflow/example_dags/example_params_ui_tutorial.py
[2025-05-12T08:40:05.178+0000] {logging_mixin.py:190} INFO - [2025-05-12T08:40:05.178+0000] {dag.py:3239} INFO - Sync 1 DAGs
[2025-05-12T08:40:05.203+0000] {logging_mixin.py:190} INFO - [2025-05-12T08:40:05.202+0000] {dag.py:4180} INFO - Setting next_dagrun for example_params_ui_tutorial to None, run_after=None
[2025-05-12T08:40:05.240+0000] {processor.py:208} INFO - Processing /home/airflow/.local/lib/python3.12/site-packages/airflow/example_dags/example_params_ui_tutorial.py took 0.226 seconds
[2025-05-12T08:40:36.176+0000] {processor.py:186} INFO - Started process (PID=1336) to work on /home/airflow/.local/lib/python3.12/site-packages/airflow/example_dags/example_params_ui_tutorial.py
[2025-05-12T08:40:36.178+0000] {processor.py:914} INFO - Processing file /home/airflow/.local/lib/python3.12/site-packages/airflow/example_dags/example_params_ui_tutorial.py for tasks to queue
[2025-05-12T08:40:36.179+0000] {logging_mixin.py:190} INFO - [2025-05-12T08:40:36.179+0000] {dagbag.py:588} INFO - Filling up the DagBag from /home/airflow/.local/lib/python3.12/site-packages/airflow/example_dags/example_params_ui_tutorial.py
[2025-05-12T08:40:36.189+0000] {processor.py:925} INFO - DAG(s) 'example_params_ui_tutorial' retrieved from /home/airflow/.local/lib/python3.12/site-packages/airflow/example_dags/example_params_ui_tutorial.py
[2025-05-12T08:40:36.234+0000] {logging_mixin.py:190} INFO - [2025-05-12T08:40:36.234+0000] {dag.py:3239} INFO - Sync 1 DAGs
[2025-05-12T08:40:36.249+0000] {logging_mixin.py:190} INFO - [2025-05-12T08:40:36.249+0000] {dag.py:4180} INFO - Setting next_dagrun for example_params_ui_tutorial to None, run_after=None
[2025-05-12T08:40:36.269+0000] {processor.py:208} INFO - Processing /home/airflow/.local/lib/python3.12/site-packages/airflow/example_dags/example_params_ui_tutorial.py took 0.099 seconds
[2025-05-12T08:41:08.192+0000] {processor.py:186} INFO - Started process (PID=1418) to work on /home/airflow/.local/lib/python3.12/site-packages/airflow/example_dags/example_params_ui_tutorial.py
[2025-05-12T08:41:08.194+0000] {processor.py:914} INFO - Processing file /home/airflow/.local/lib/python3.12/site-packages/airflow/example_dags/example_params_ui_tutorial.py for tasks to queue
[2025-05-12T08:41:08.196+0000] {logging_mixin.py:190} INFO - [2025-05-12T08:41:08.195+0000] {dagbag.py:588} INFO - Filling up the DagBag from /home/airflow/.local/lib/python3.12/site-packages/airflow/example_dags/example_params_ui_tutorial.py
[2025-05-12T08:41:08.210+0000] {processor.py:925} INFO - DAG(s) 'example_params_ui_tutorial' retrieved from /home/airflow/.local/lib/python3.12/site-packages/airflow/example_dags/example_params_ui_tutorial.py
[2025-05-12T08:41:08.283+0000] {logging_mixin.py:190} INFO - [2025-05-12T08:41:08.283+0000] {dag.py:3239} INFO - Sync 1 DAGs
[2025-05-12T08:41:08.309+0000] {logging_mixin.py:190} INFO - [2025-05-12T08:41:08.309+0000] {dag.py:4180} INFO - Setting next_dagrun for example_params_ui_tutorial to None, run_after=None
[2025-05-12T08:41:08.357+0000] {processor.py:208} INFO - Processing /home/airflow/.local/lib/python3.12/site-packages/airflow/example_dags/example_params_ui_tutorial.py took 0.178 seconds
[2025-05-12T08:41:39.971+0000] {processor.py:186} INFO - Started process (PID=1500) to work on /home/airflow/.local/lib/python3.12/site-packages/airflow/example_dags/example_params_ui_tutorial.py
[2025-05-12T08:41:39.973+0000] {processor.py:914} INFO - Processing file /home/airflow/.local/lib/python3.12/site-packages/airflow/example_dags/example_params_ui_tutorial.py for tasks to queue
[2025-05-12T08:41:39.975+0000] {logging_mixin.py:190} INFO - [2025-05-12T08:41:39.974+0000] {dagbag.py:588} INFO - Filling up the DagBag from /home/airflow/.local/lib/python3.12/site-packages/airflow/example_dags/example_params_ui_tutorial.py
[2025-05-12T08:41:39.990+0000] {processor.py:925} INFO - DAG(s) 'example_params_ui_tutorial' retrieved from /home/airflow/.local/lib/python3.12/site-packages/airflow/example_dags/example_params_ui_tutorial.py
[2025-05-12T08:41:40.062+0000] {logging_mixin.py:190} INFO - [2025-05-12T08:41:40.062+0000] {dag.py:3239} INFO - Sync 1 DAGs
[2025-05-12T08:41:40.083+0000] {logging_mixin.py:190} INFO - [2025-05-12T08:41:40.083+0000] {dag.py:4180} INFO - Setting next_dagrun for example_params_ui_tutorial to None, run_after=None
[2025-05-12T08:41:40.110+0000] {processor.py:208} INFO - Processing /home/airflow/.local/lib/python3.12/site-packages/airflow/example_dags/example_params_ui_tutorial.py took 0.149 seconds
[2025-05-12T08:42:10.298+0000] {processor.py:186} INFO - Started process (PID=1582) to work on /home/airflow/.local/lib/python3.12/site-packages/airflow/example_dags/example_params_ui_tutorial.py
[2025-05-12T08:42:10.299+0000] {processor.py:914} INFO - Processing file /home/airflow/.local/lib/python3.12/site-packages/airflow/example_dags/example_params_ui_tutorial.py for tasks to queue
[2025-05-12T08:42:10.301+0000] {logging_mixin.py:190} INFO - [2025-05-12T08:42:10.300+0000] {dagbag.py:588} INFO - Filling up the DagBag from /home/airflow/.local/lib/python3.12/site-packages/airflow/example_dags/example_params_ui_tutorial.py
[2025-05-12T08:42:10.315+0000] {processor.py:925} INFO - DAG(s) 'example_params_ui_tutorial' retrieved from /home/airflow/.local/lib/python3.12/site-packages/airflow/example_dags/example_params_ui_tutorial.py
[2025-05-12T08:42:10.372+0000] {logging_mixin.py:190} INFO - [2025-05-12T08:42:10.372+0000] {dag.py:3239} INFO - Sync 1 DAGs
[2025-05-12T08:42:10.393+0000] {logging_mixin.py:190} INFO - [2025-05-12T08:42:10.393+0000] {dag.py:4180} INFO - Setting next_dagrun for example_params_ui_tutorial to None, run_after=None
[2025-05-12T08:42:10.425+0000] {processor.py:208} INFO - Processing /home/airflow/.local/lib/python3.12/site-packages/airflow/example_dags/example_params_ui_tutorial.py took 0.137 seconds
[2025-05-12T08:42:41.536+0000] {processor.py:186} INFO - Started process (PID=1666) to work on /home/airflow/.local/lib/python3.12/site-packages/airflow/example_dags/example_params_ui_tutorial.py
[2025-05-12T08:42:41.539+0000] {processor.py:914} INFO - Processing file /home/airflow/.local/lib/python3.12/site-packages/airflow/example_dags/example_params_ui_tutorial.py for tasks to queue
[2025-05-12T08:42:41.540+0000] {logging_mixin.py:190} INFO - [2025-05-12T08:42:41.540+0000] {dagbag.py:588} INFO - Filling up the DagBag from /home/airflow/.local/lib/python3.12/site-packages/airflow/example_dags/example_params_ui_tutorial.py
[2025-05-12T08:42:41.553+0000] {processor.py:925} INFO - DAG(s) 'example_params_ui_tutorial' retrieved from /home/airflow/.local/lib/python3.12/site-packages/airflow/example_dags/example_params_ui_tutorial.py
[2025-05-12T08:42:41.626+0000] {logging_mixin.py:190} INFO - [2025-05-12T08:42:41.625+0000] {dag.py:3239} INFO - Sync 1 DAGs
[2025-05-12T08:42:41.644+0000] {logging_mixin.py:190} INFO - [2025-05-12T08:42:41.644+0000] {dag.py:4180} INFO - Setting next_dagrun for example_params_ui_tutorial to None, run_after=None
[2025-05-12T08:42:41.669+0000] {processor.py:208} INFO - Processing /home/airflow/.local/lib/python3.12/site-packages/airflow/example_dags/example_params_ui_tutorial.py took 0.146 seconds
[2025-05-12T08:43:12.174+0000] {processor.py:186} INFO - Started process (PID=1748) to work on /home/airflow/.local/lib/python3.12/site-packages/airflow/example_dags/example_params_ui_tutorial.py
[2025-05-12T08:43:12.176+0000] {processor.py:914} INFO - Processing file /home/airflow/.local/lib/python3.12/site-packages/airflow/example_dags/example_params_ui_tutorial.py for tasks to queue
[2025-05-12T08:43:12.177+0000] {logging_mixin.py:190} INFO - [2025-05-12T08:43:12.177+0000] {dagbag.py:588} INFO - Filling up the DagBag from /home/airflow/.local/lib/python3.12/site-packages/airflow/example_dags/example_params_ui_tutorial.py
[2025-05-12T08:43:12.186+0000] {processor.py:925} INFO - DAG(s) 'example_params_ui_tutorial' retrieved from /home/airflow/.local/lib/python3.12/site-packages/airflow/example_dags/example_params_ui_tutorial.py
[2025-05-12T08:43:12.232+0000] {logging_mixin.py:190} INFO - [2025-05-12T08:43:12.232+0000] {dag.py:3239} INFO - Sync 1 DAGs
[2025-05-12T08:43:12.247+0000] {logging_mixin.py:190} INFO - [2025-05-12T08:43:12.247+0000] {dag.py:4180} INFO - Setting next_dagrun for example_params_ui_tutorial to None, run_after=None
[2025-05-12T08:43:12.270+0000] {processor.py:208} INFO - Processing /home/airflow/.local/lib/python3.12/site-packages/airflow/example_dags/example_params_ui_tutorial.py took 0.102 seconds
[2025-05-12T08:43:44.226+0000] {processor.py:186} INFO - Started process (PID=1833) to work on /home/airflow/.local/lib/python3.12/site-packages/airflow/example_dags/example_params_ui_tutorial.py
[2025-05-12T08:43:44.228+0000] {processor.py:914} INFO - Processing file /home/airflow/.local/lib/python3.12/site-packages/airflow/example_dags/example_params_ui_tutorial.py for tasks to queue
[2025-05-12T08:43:44.229+0000] {logging_mixin.py:190} INFO - [2025-05-12T08:43:44.229+0000] {dagbag.py:588} INFO - Filling up the DagBag from /home/airflow/.local/lib/python3.12/site-packages/airflow/example_dags/example_params_ui_tutorial.py
[2025-05-12T08:43:44.241+0000] {processor.py:925} INFO - DAG(s) 'example_params_ui_tutorial' retrieved from /home/airflow/.local/lib/python3.12/site-packages/airflow/example_dags/example_params_ui_tutorial.py
[2025-05-12T08:43:44.297+0000] {logging_mixin.py:190} INFO - [2025-05-12T08:43:44.296+0000] {dag.py:3239} INFO - Sync 1 DAGs
[2025-05-12T08:43:44.317+0000] {logging_mixin.py:190} INFO - [2025-05-12T08:43:44.317+0000] {dag.py:4180} INFO - Setting next_dagrun for example_params_ui_tutorial to None, run_after=None
[2025-05-12T08:43:44.346+0000] {processor.py:208} INFO - Processing /home/airflow/.local/lib/python3.12/site-packages/airflow/example_dags/example_params_ui_tutorial.py took 0.129 seconds
[2025-05-12T08:44:14.762+0000] {processor.py:186} INFO - Started process (PID=1915) to work on /home/airflow/.local/lib/python3.12/site-packages/airflow/example_dags/example_params_ui_tutorial.py
[2025-05-12T08:44:14.763+0000] {processor.py:914} INFO - Processing file /home/airflow/.local/lib/python3.12/site-packages/airflow/example_dags/example_params_ui_tutorial.py for tasks to queue
[2025-05-12T08:44:14.765+0000] {logging_mixin.py:190} INFO - [2025-05-12T08:44:14.764+0000] {dagbag.py:588} INFO - Filling up the DagBag from /home/airflow/.local/lib/python3.12/site-packages/airflow/example_dags/example_params_ui_tutorial.py
[2025-05-12T08:44:14.776+0000] {processor.py:925} INFO - DAG(s) 'example_params_ui_tutorial' retrieved from /home/airflow/.local/lib/python3.12/site-packages/airflow/example_dags/example_params_ui_tutorial.py
[2025-05-12T08:44:14.829+0000] {logging_mixin.py:190} INFO - [2025-05-12T08:44:14.829+0000] {dag.py:3239} INFO - Sync 1 DAGs
[2025-05-12T08:44:14.848+0000] {logging_mixin.py:190} INFO - [2025-05-12T08:44:14.848+0000] {dag.py:4180} INFO - Setting next_dagrun for example_params_ui_tutorial to None, run_after=None
[2025-05-12T08:44:14.870+0000] {processor.py:208} INFO - Processing /home/airflow/.local/lib/python3.12/site-packages/airflow/example_dags/example_params_ui_tutorial.py took 0.115 seconds
[2025-05-12T08:44:46.290+0000] {processor.py:186} INFO - Started process (PID=1997) to work on /home/airflow/.local/lib/python3.12/site-packages/airflow/example_dags/example_params_ui_tutorial.py
[2025-05-12T08:44:46.292+0000] {processor.py:914} INFO - Processing file /home/airflow/.local/lib/python3.12/site-packages/airflow/example_dags/example_params_ui_tutorial.py for tasks to queue
[2025-05-12T08:44:46.293+0000] {logging_mixin.py:190} INFO - [2025-05-12T08:44:46.293+0000] {dagbag.py:588} INFO - Filling up the DagBag from /home/airflow/.local/lib/python3.12/site-packages/airflow/example_dags/example_params_ui_tutorial.py
[2025-05-12T08:44:46.305+0000] {processor.py:925} INFO - DAG(s) 'example_params_ui_tutorial' retrieved from /home/airflow/.local/lib/python3.12/site-packages/airflow/example_dags/example_params_ui_tutorial.py
[2025-05-12T08:44:46.363+0000] {logging_mixin.py:190} INFO - [2025-05-12T08:44:46.363+0000] {dag.py:3239} INFO - Sync 1 DAGs
[2025-05-12T08:44:46.381+0000] {logging_mixin.py:190} INFO - [2025-05-12T08:44:46.381+0000] {dag.py:4180} INFO - Setting next_dagrun for example_params_ui_tutorial to None, run_after=None
[2025-05-12T08:44:46.408+0000] {processor.py:208} INFO - Processing /home/airflow/.local/lib/python3.12/site-packages/airflow/example_dags/example_params_ui_tutorial.py took 0.125 seconds
[2025-05-12T08:45:17.105+0000] {processor.py:186} INFO - Started process (PID=2080) to work on /home/airflow/.local/lib/python3.12/site-packages/airflow/example_dags/example_params_ui_tutorial.py
[2025-05-12T08:45:17.106+0000] {processor.py:914} INFO - Processing file /home/airflow/.local/lib/python3.12/site-packages/airflow/example_dags/example_params_ui_tutorial.py for tasks to queue
[2025-05-12T08:45:17.108+0000] {logging_mixin.py:190} INFO - [2025-05-12T08:45:17.107+0000] {dagbag.py:588} INFO - Filling up the DagBag from /home/airflow/.local/lib/python3.12/site-packages/airflow/example_dags/example_params_ui_tutorial.py
[2025-05-12T08:45:17.119+0000] {processor.py:925} INFO - DAG(s) 'example_params_ui_tutorial' retrieved from /home/airflow/.local/lib/python3.12/site-packages/airflow/example_dags/example_params_ui_tutorial.py
[2025-05-12T08:45:17.171+0000] {logging_mixin.py:190} INFO - [2025-05-12T08:45:17.170+0000] {dag.py:3239} INFO - Sync 1 DAGs
[2025-05-12T08:45:17.190+0000] {logging_mixin.py:190} INFO - [2025-05-12T08:45:17.189+0000] {dag.py:4180} INFO - Setting next_dagrun for example_params_ui_tutorial to None, run_after=None
[2025-05-12T08:45:17.212+0000] {processor.py:208} INFO - Processing /home/airflow/.local/lib/python3.12/site-packages/airflow/example_dags/example_params_ui_tutorial.py took 0.114 seconds
[2025-05-12T08:45:48.035+0000] {processor.py:186} INFO - Started process (PID=2162) to work on /home/airflow/.local/lib/python3.12/site-packages/airflow/example_dags/example_params_ui_tutorial.py
[2025-05-12T08:45:48.038+0000] {processor.py:914} INFO - Processing file /home/airflow/.local/lib/python3.12/site-packages/airflow/example_dags/example_params_ui_tutorial.py for tasks to queue
[2025-05-12T08:45:48.041+0000] {logging_mixin.py:190} INFO - [2025-05-12T08:45:48.040+0000] {dagbag.py:588} INFO - Filling up the DagBag from /home/airflow/.local/lib/python3.12/site-packages/airflow/example_dags/example_params_ui_tutorial.py
[2025-05-12T08:45:48.057+0000] {processor.py:925} INFO - DAG(s) 'example_params_ui_tutorial' retrieved from /home/airflow/.local/lib/python3.12/site-packages/airflow/example_dags/example_params_ui_tutorial.py
[2025-05-12T08:45:48.141+0000] {logging_mixin.py:190} INFO - [2025-05-12T08:45:48.141+0000] {dag.py:3239} INFO - Sync 1 DAGs
[2025-05-12T08:45:48.164+0000] {logging_mixin.py:190} INFO - [2025-05-12T08:45:48.164+0000] {dag.py:4180} INFO - Setting next_dagrun for example_params_ui_tutorial to None, run_after=None
[2025-05-12T08:45:48.190+0000] {processor.py:208} INFO - Processing /home/airflow/.local/lib/python3.12/site-packages/airflow/example_dags/example_params_ui_tutorial.py took 0.163 seconds
[2025-05-12T08:46:19.664+0000] {processor.py:186} INFO - Started process (PID=2244) to work on /home/airflow/.local/lib/python3.12/site-packages/airflow/example_dags/example_params_ui_tutorial.py
[2025-05-12T08:46:19.667+0000] {processor.py:914} INFO - Processing file /home/airflow/.local/lib/python3.12/site-packages/airflow/example_dags/example_params_ui_tutorial.py for tasks to queue
[2025-05-12T08:46:19.669+0000] {logging_mixin.py:190} INFO - [2025-05-12T08:46:19.668+0000] {dagbag.py:588} INFO - Filling up the DagBag from /home/airflow/.local/lib/python3.12/site-packages/airflow/example_dags/example_params_ui_tutorial.py
[2025-05-12T08:46:19.693+0000] {processor.py:925} INFO - DAG(s) 'example_params_ui_tutorial' retrieved from /home/airflow/.local/lib/python3.12/site-packages/airflow/example_dags/example_params_ui_tutorial.py
[2025-05-12T08:46:19.775+0000] {logging_mixin.py:190} INFO - [2025-05-12T08:46:19.775+0000] {dag.py:3239} INFO - Sync 1 DAGs
[2025-05-12T08:46:19.797+0000] {logging_mixin.py:190} INFO - [2025-05-12T08:46:19.797+0000] {dag.py:4180} INFO - Setting next_dagrun for example_params_ui_tutorial to None, run_after=None
[2025-05-12T08:46:19.827+0000] {processor.py:208} INFO - Processing /home/airflow/.local/lib/python3.12/site-packages/airflow/example_dags/example_params_ui_tutorial.py took 0.181 seconds
[2025-05-12T08:46:51.090+0000] {processor.py:186} INFO - Started process (PID=2329) to work on /home/airflow/.local/lib/python3.12/site-packages/airflow/example_dags/example_params_ui_tutorial.py
[2025-05-12T08:46:51.091+0000] {processor.py:914} INFO - Processing file /home/airflow/.local/lib/python3.12/site-packages/airflow/example_dags/example_params_ui_tutorial.py for tasks to queue
[2025-05-12T08:46:51.092+0000] {logging_mixin.py:190} INFO - [2025-05-12T08:46:51.092+0000] {dagbag.py:588} INFO - Filling up the DagBag from /home/airflow/.local/lib/python3.12/site-packages/airflow/example_dags/example_params_ui_tutorial.py
[2025-05-12T08:46:51.105+0000] {processor.py:925} INFO - DAG(s) 'example_params_ui_tutorial' retrieved from /home/airflow/.local/lib/python3.12/site-packages/airflow/example_dags/example_params_ui_tutorial.py
[2025-05-12T08:46:51.163+0000] {logging_mixin.py:190} INFO - [2025-05-12T08:46:51.163+0000] {dag.py:3239} INFO - Sync 1 DAGs
[2025-05-12T08:46:51.203+0000] {logging_mixin.py:190} INFO - [2025-05-12T08:46:51.203+0000] {dag.py:4180} INFO - Setting next_dagrun for example_params_ui_tutorial to None, run_after=None
[2025-05-12T08:46:51.231+0000] {processor.py:208} INFO - Processing /home/airflow/.local/lib/python3.12/site-packages/airflow/example_dags/example_params_ui_tutorial.py took 0.149 seconds
[2025-05-12T08:47:22.137+0000] {processor.py:186} INFO - Started process (PID=2418) to work on /home/airflow/.local/lib/python3.12/site-packages/airflow/example_dags/example_params_ui_tutorial.py
[2025-05-12T08:47:22.139+0000] {processor.py:914} INFO - Processing file /home/airflow/.local/lib/python3.12/site-packages/airflow/example_dags/example_params_ui_tutorial.py for tasks to queue
[2025-05-12T08:47:22.140+0000] {logging_mixin.py:190} INFO - [2025-05-12T08:47:22.140+0000] {dagbag.py:588} INFO - Filling up the DagBag from /home/airflow/.local/lib/python3.12/site-packages/airflow/example_dags/example_params_ui_tutorial.py
[2025-05-12T08:47:22.153+0000] {processor.py:925} INFO - DAG(s) 'example_params_ui_tutorial' retrieved from /home/airflow/.local/lib/python3.12/site-packages/airflow/example_dags/example_params_ui_tutorial.py
[2025-05-12T08:47:22.268+0000] {logging_mixin.py:190} INFO - [2025-05-12T08:47:22.267+0000] {dag.py:3239} INFO - Sync 1 DAGs
[2025-05-12T08:47:22.307+0000] {logging_mixin.py:190} INFO - [2025-05-12T08:47:22.307+0000] {dag.py:4180} INFO - Setting next_dagrun for example_params_ui_tutorial to None, run_after=None
[2025-05-12T08:47:22.334+0000] {processor.py:208} INFO - Processing /home/airflow/.local/lib/python3.12/site-packages/airflow/example_dags/example_params_ui_tutorial.py took 0.207 seconds
[2025-05-12T08:47:53.887+0000] {processor.py:186} INFO - Started process (PID=2500) to work on /home/airflow/.local/lib/python3.12/site-packages/airflow/example_dags/example_params_ui_tutorial.py
[2025-05-12T08:47:53.888+0000] {processor.py:914} INFO - Processing file /home/airflow/.local/lib/python3.12/site-packages/airflow/example_dags/example_params_ui_tutorial.py for tasks to queue
[2025-05-12T08:47:53.890+0000] {logging_mixin.py:190} INFO - [2025-05-12T08:47:53.889+0000] {dagbag.py:588} INFO - Filling up the DagBag from /home/airflow/.local/lib/python3.12/site-packages/airflow/example_dags/example_params_ui_tutorial.py
[2025-05-12T08:47:53.902+0000] {processor.py:925} INFO - DAG(s) 'example_params_ui_tutorial' retrieved from /home/airflow/.local/lib/python3.12/site-packages/airflow/example_dags/example_params_ui_tutorial.py
[2025-05-12T08:47:53.959+0000] {logging_mixin.py:190} INFO - [2025-05-12T08:47:53.959+0000] {dag.py:3239} INFO - Sync 1 DAGs
[2025-05-12T08:47:53.980+0000] {logging_mixin.py:190} INFO - [2025-05-12T08:47:53.979+0000] {dag.py:4180} INFO - Setting next_dagrun for example_params_ui_tutorial to None, run_after=None
[2025-05-12T08:47:54.006+0000] {processor.py:208} INFO - Processing /home/airflow/.local/lib/python3.12/site-packages/airflow/example_dags/example_params_ui_tutorial.py took 0.127 seconds
[2025-05-12T08:48:24.672+0000] {processor.py:186} INFO - Started process (PID=2582) to work on /home/airflow/.local/lib/python3.12/site-packages/airflow/example_dags/example_params_ui_tutorial.py
[2025-05-12T08:48:24.673+0000] {processor.py:914} INFO - Processing file /home/airflow/.local/lib/python3.12/site-packages/airflow/example_dags/example_params_ui_tutorial.py for tasks to queue
[2025-05-12T08:48:24.675+0000] {logging_mixin.py:190} INFO - [2025-05-12T08:48:24.674+0000] {dagbag.py:588} INFO - Filling up the DagBag from /home/airflow/.local/lib/python3.12/site-packages/airflow/example_dags/example_params_ui_tutorial.py
[2025-05-12T08:48:24.686+0000] {processor.py:925} INFO - DAG(s) 'example_params_ui_tutorial' retrieved from /home/airflow/.local/lib/python3.12/site-packages/airflow/example_dags/example_params_ui_tutorial.py
[2025-05-12T08:48:24.739+0000] {logging_mixin.py:190} INFO - [2025-05-12T08:48:24.739+0000] {dag.py:3239} INFO - Sync 1 DAGs
[2025-05-12T08:48:24.757+0000] {logging_mixin.py:190} INFO - [2025-05-12T08:48:24.757+0000] {dag.py:4180} INFO - Setting next_dagrun for example_params_ui_tutorial to None, run_after=None
[2025-05-12T08:48:24.779+0000] {processor.py:208} INFO - Processing /home/airflow/.local/lib/python3.12/site-packages/airflow/example_dags/example_params_ui_tutorial.py took 0.115 seconds
[2025-05-12T08:48:56.310+0000] {processor.py:186} INFO - Started process (PID=2665) to work on /home/airflow/.local/lib/python3.12/site-packages/airflow/example_dags/example_params_ui_tutorial.py
[2025-05-12T08:48:56.312+0000] {processor.py:914} INFO - Processing file /home/airflow/.local/lib/python3.12/site-packages/airflow/example_dags/example_params_ui_tutorial.py for tasks to queue
[2025-05-12T08:48:56.313+0000] {logging_mixin.py:190} INFO - [2025-05-12T08:48:56.313+0000] {dagbag.py:588} INFO - Filling up the DagBag from /home/airflow/.local/lib/python3.12/site-packages/airflow/example_dags/example_params_ui_tutorial.py
[2025-05-12T08:48:56.324+0000] {processor.py:925} INFO - DAG(s) 'example_params_ui_tutorial' retrieved from /home/airflow/.local/lib/python3.12/site-packages/airflow/example_dags/example_params_ui_tutorial.py
[2025-05-12T08:48:56.377+0000] {logging_mixin.py:190} INFO - [2025-05-12T08:48:56.377+0000] {dag.py:3239} INFO - Sync 1 DAGs
[2025-05-12T08:48:56.396+0000] {logging_mixin.py:190} INFO - [2025-05-12T08:48:56.396+0000] {dag.py:4180} INFO - Setting next_dagrun for example_params_ui_tutorial to None, run_after=None
[2025-05-12T08:48:56.417+0000] {processor.py:208} INFO - Processing /home/airflow/.local/lib/python3.12/site-packages/airflow/example_dags/example_params_ui_tutorial.py took 0.115 seconds
[2025-05-12T08:49:27.507+0000] {processor.py:186} INFO - Started process (PID=2747) to work on /home/airflow/.local/lib/python3.12/site-packages/airflow/example_dags/example_params_ui_tutorial.py
[2025-05-12T08:49:27.508+0000] {processor.py:914} INFO - Processing file /home/airflow/.local/lib/python3.12/site-packages/airflow/example_dags/example_params_ui_tutorial.py for tasks to queue
[2025-05-12T08:49:27.509+0000] {logging_mixin.py:190} INFO - [2025-05-12T08:49:27.509+0000] {dagbag.py:588} INFO - Filling up the DagBag from /home/airflow/.local/lib/python3.12/site-packages/airflow/example_dags/example_params_ui_tutorial.py
[2025-05-12T08:49:27.521+0000] {processor.py:925} INFO - DAG(s) 'example_params_ui_tutorial' retrieved from /home/airflow/.local/lib/python3.12/site-packages/airflow/example_dags/example_params_ui_tutorial.py
[2025-05-12T08:49:27.573+0000] {logging_mixin.py:190} INFO - [2025-05-12T08:49:27.573+0000] {dag.py:3239} INFO - Sync 1 DAGs
[2025-05-12T08:49:27.591+0000] {logging_mixin.py:190} INFO - [2025-05-12T08:49:27.591+0000] {dag.py:4180} INFO - Setting next_dagrun for example_params_ui_tutorial to None, run_after=None
[2025-05-12T08:49:27.615+0000] {processor.py:208} INFO - Processing /home/airflow/.local/lib/python3.12/site-packages/airflow/example_dags/example_params_ui_tutorial.py took 0.115 seconds
[2025-05-12T08:49:58.294+0000] {processor.py:186} INFO - Started process (PID=2830) to work on /home/airflow/.local/lib/python3.12/site-packages/airflow/example_dags/example_params_ui_tutorial.py
[2025-05-12T08:49:58.295+0000] {processor.py:914} INFO - Processing file /home/airflow/.local/lib/python3.12/site-packages/airflow/example_dags/example_params_ui_tutorial.py for tasks to queue
[2025-05-12T08:49:58.297+0000] {logging_mixin.py:190} INFO - [2025-05-12T08:49:58.296+0000] {dagbag.py:588} INFO - Filling up the DagBag from /home/airflow/.local/lib/python3.12/site-packages/airflow/example_dags/example_params_ui_tutorial.py
[2025-05-12T08:49:58.310+0000] {processor.py:925} INFO - DAG(s) 'example_params_ui_tutorial' retrieved from /home/airflow/.local/lib/python3.12/site-packages/airflow/example_dags/example_params_ui_tutorial.py
[2025-05-12T08:49:58.360+0000] {logging_mixin.py:190} INFO - [2025-05-12T08:49:58.360+0000] {dag.py:3239} INFO - Sync 1 DAGs
[2025-05-12T08:49:58.378+0000] {logging_mixin.py:190} INFO - [2025-05-12T08:49:58.378+0000] {dag.py:4180} INFO - Setting next_dagrun for example_params_ui_tutorial to None, run_after=None
[2025-05-12T08:49:58.401+0000] {processor.py:208} INFO - Processing /home/airflow/.local/lib/python3.12/site-packages/airflow/example_dags/example_params_ui_tutorial.py took 0.114 seconds
[2025-05-12T08:50:29.512+0000] {processor.py:186} INFO - Started process (PID=2912) to work on /home/airflow/.local/lib/python3.12/site-packages/airflow/example_dags/example_params_ui_tutorial.py
[2025-05-12T08:50:29.527+0000] {processor.py:914} INFO - Processing file /home/airflow/.local/lib/python3.12/site-packages/airflow/example_dags/example_params_ui_tutorial.py for tasks to queue
[2025-05-12T08:50:29.529+0000] {logging_mixin.py:190} INFO - [2025-05-12T08:50:29.528+0000] {dagbag.py:588} INFO - Filling up the DagBag from /home/airflow/.local/lib/python3.12/site-packages/airflow/example_dags/example_params_ui_tutorial.py
[2025-05-12T08:50:29.544+0000] {processor.py:925} INFO - DAG(s) 'example_params_ui_tutorial' retrieved from /home/airflow/.local/lib/python3.12/site-packages/airflow/example_dags/example_params_ui_tutorial.py
[2025-05-12T08:50:29.614+0000] {logging_mixin.py:190} INFO - [2025-05-12T08:50:29.614+0000] {dag.py:3239} INFO - Sync 1 DAGs
[2025-05-12T08:50:29.640+0000] {logging_mixin.py:190} INFO - [2025-05-12T08:50:29.640+0000] {dag.py:4180} INFO - Setting next_dagrun for example_params_ui_tutorial to None, run_after=None
[2025-05-12T08:50:29.679+0000] {processor.py:208} INFO - Processing /home/airflow/.local/lib/python3.12/site-packages/airflow/example_dags/example_params_ui_tutorial.py took 0.181 seconds
[2025-05-12T08:51:00.298+0000] {processor.py:186} INFO - Started process (PID=2994) to work on /home/airflow/.local/lib/python3.12/site-packages/airflow/example_dags/example_params_ui_tutorial.py
[2025-05-12T08:51:00.300+0000] {processor.py:914} INFO - Processing file /home/airflow/.local/lib/python3.12/site-packages/airflow/example_dags/example_params_ui_tutorial.py for tasks to queue
[2025-05-12T08:51:00.302+0000] {logging_mixin.py:190} INFO - [2025-05-12T08:51:00.302+0000] {dagbag.py:588} INFO - Filling up the DagBag from /home/airflow/.local/lib/python3.12/site-packages/airflow/example_dags/example_params_ui_tutorial.py
[2025-05-12T08:51:00.316+0000] {processor.py:925} INFO - DAG(s) 'example_params_ui_tutorial' retrieved from /home/airflow/.local/lib/python3.12/site-packages/airflow/example_dags/example_params_ui_tutorial.py
[2025-05-12T08:51:00.379+0000] {logging_mixin.py:190} INFO - [2025-05-12T08:51:00.379+0000] {dag.py:3239} INFO - Sync 1 DAGs
[2025-05-12T08:51:00.401+0000] {logging_mixin.py:190} INFO - [2025-05-12T08:51:00.401+0000] {dag.py:4180} INFO - Setting next_dagrun for example_params_ui_tutorial to None, run_after=None
[2025-05-12T08:51:00.436+0000] {processor.py:208} INFO - Processing /home/airflow/.local/lib/python3.12/site-packages/airflow/example_dags/example_params_ui_tutorial.py took 0.147 seconds
[2025-05-12T08:51:31.371+0000] {processor.py:186} INFO - Started process (PID=3075) to work on /home/airflow/.local/lib/python3.12/site-packages/airflow/example_dags/example_params_ui_tutorial.py
[2025-05-12T08:51:31.372+0000] {processor.py:914} INFO - Processing file /home/airflow/.local/lib/python3.12/site-packages/airflow/example_dags/example_params_ui_tutorial.py for tasks to queue
[2025-05-12T08:51:31.374+0000] {logging_mixin.py:190} INFO - [2025-05-12T08:51:31.373+0000] {dagbag.py:588} INFO - Filling up the DagBag from /home/airflow/.local/lib/python3.12/site-packages/airflow/example_dags/example_params_ui_tutorial.py
[2025-05-12T08:51:31.385+0000] {processor.py:925} INFO - DAG(s) 'example_params_ui_tutorial' retrieved from /home/airflow/.local/lib/python3.12/site-packages/airflow/example_dags/example_params_ui_tutorial.py
[2025-05-12T08:51:31.435+0000] {logging_mixin.py:190} INFO - [2025-05-12T08:51:31.434+0000] {dag.py:3239} INFO - Sync 1 DAGs
[2025-05-12T08:51:31.453+0000] {logging_mixin.py:190} INFO - [2025-05-12T08:51:31.453+0000] {dag.py:4180} INFO - Setting next_dagrun for example_params_ui_tutorial to None, run_after=None
[2025-05-12T08:51:31.485+0000] {processor.py:208} INFO - Processing /home/airflow/.local/lib/python3.12/site-packages/airflow/example_dags/example_params_ui_tutorial.py took 0.120 seconds
[2025-05-12T08:52:03.367+0000] {processor.py:186} INFO - Started process (PID=3156) to work on /home/airflow/.local/lib/python3.12/site-packages/airflow/example_dags/example_params_ui_tutorial.py
[2025-05-12T08:52:03.368+0000] {processor.py:914} INFO - Processing file /home/airflow/.local/lib/python3.12/site-packages/airflow/example_dags/example_params_ui_tutorial.py for tasks to queue
[2025-05-12T08:52:03.370+0000] {logging_mixin.py:190} INFO - [2025-05-12T08:52:03.370+0000] {dagbag.py:588} INFO - Filling up the DagBag from /home/airflow/.local/lib/python3.12/site-packages/airflow/example_dags/example_params_ui_tutorial.py
[2025-05-12T08:52:03.383+0000] {processor.py:925} INFO - DAG(s) 'example_params_ui_tutorial' retrieved from /home/airflow/.local/lib/python3.12/site-packages/airflow/example_dags/example_params_ui_tutorial.py
[2025-05-12T08:52:03.438+0000] {logging_mixin.py:190} INFO - [2025-05-12T08:52:03.438+0000] {dag.py:3239} INFO - Sync 1 DAGs
[2025-05-12T08:52:03.455+0000] {logging_mixin.py:190} INFO - [2025-05-12T08:52:03.455+0000] {dag.py:4180} INFO - Setting next_dagrun for example_params_ui_tutorial to None, run_after=None
[2025-05-12T08:52:03.484+0000] {processor.py:208} INFO - Processing /home/airflow/.local/lib/python3.12/site-packages/airflow/example_dags/example_params_ui_tutorial.py took 0.124 seconds
[2025-05-12T08:52:34.469+0000] {processor.py:186} INFO - Started process (PID=3238) to work on /home/airflow/.local/lib/python3.12/site-packages/airflow/example_dags/example_params_ui_tutorial.py
[2025-05-12T08:52:34.471+0000] {processor.py:914} INFO - Processing file /home/airflow/.local/lib/python3.12/site-packages/airflow/example_dags/example_params_ui_tutorial.py for tasks to queue
[2025-05-12T08:52:34.472+0000] {logging_mixin.py:190} INFO - [2025-05-12T08:52:34.472+0000] {dagbag.py:588} INFO - Filling up the DagBag from /home/airflow/.local/lib/python3.12/site-packages/airflow/example_dags/example_params_ui_tutorial.py
[2025-05-12T08:52:34.484+0000] {processor.py:925} INFO - DAG(s) 'example_params_ui_tutorial' retrieved from /home/airflow/.local/lib/python3.12/site-packages/airflow/example_dags/example_params_ui_tutorial.py
[2025-05-12T08:52:34.549+0000] {logging_mixin.py:190} INFO - [2025-05-12T08:52:34.549+0000] {dag.py:3239} INFO - Sync 1 DAGs
[2025-05-12T08:52:34.568+0000] {logging_mixin.py:190} INFO - [2025-05-12T08:52:34.568+0000] {dag.py:4180} INFO - Setting next_dagrun for example_params_ui_tutorial to None, run_after=None
[2025-05-12T08:52:34.594+0000] {processor.py:208} INFO - Processing /home/airflow/.local/lib/python3.12/site-packages/airflow/example_dags/example_params_ui_tutorial.py took 0.132 seconds
[2025-05-12T08:53:05.122+0000] {processor.py:186} INFO - Started process (PID=3320) to work on /home/airflow/.local/lib/python3.12/site-packages/airflow/example_dags/example_params_ui_tutorial.py
[2025-05-12T08:53:05.123+0000] {processor.py:914} INFO - Processing file /home/airflow/.local/lib/python3.12/site-packages/airflow/example_dags/example_params_ui_tutorial.py for tasks to queue
[2025-05-12T08:53:05.124+0000] {logging_mixin.py:190} INFO - [2025-05-12T08:53:05.124+0000] {dagbag.py:588} INFO - Filling up the DagBag from /home/airflow/.local/lib/python3.12/site-packages/airflow/example_dags/example_params_ui_tutorial.py
[2025-05-12T08:53:05.135+0000] {processor.py:925} INFO - DAG(s) 'example_params_ui_tutorial' retrieved from /home/airflow/.local/lib/python3.12/site-packages/airflow/example_dags/example_params_ui_tutorial.py
[2025-05-12T08:53:05.205+0000] {logging_mixin.py:190} INFO - [2025-05-12T08:53:05.204+0000] {dag.py:3239} INFO - Sync 1 DAGs
[2025-05-12T08:53:05.224+0000] {logging_mixin.py:190} INFO - [2025-05-12T08:53:05.224+0000] {dag.py:4180} INFO - Setting next_dagrun for example_params_ui_tutorial to None, run_after=None
[2025-05-12T08:53:05.254+0000] {processor.py:208} INFO - Processing /home/airflow/.local/lib/python3.12/site-packages/airflow/example_dags/example_params_ui_tutorial.py took 0.139 seconds
[2025-05-12T08:53:36.197+0000] {processor.py:186} INFO - Started process (PID=3402) to work on /home/airflow/.local/lib/python3.12/site-packages/airflow/example_dags/example_params_ui_tutorial.py
[2025-05-12T08:53:36.198+0000] {processor.py:914} INFO - Processing file /home/airflow/.local/lib/python3.12/site-packages/airflow/example_dags/example_params_ui_tutorial.py for tasks to queue
[2025-05-12T08:53:36.200+0000] {logging_mixin.py:190} INFO - [2025-05-12T08:53:36.200+0000] {dagbag.py:588} INFO - Filling up the DagBag from /home/airflow/.local/lib/python3.12/site-packages/airflow/example_dags/example_params_ui_tutorial.py
[2025-05-12T08:53:36.210+0000] {processor.py:925} INFO - DAG(s) 'example_params_ui_tutorial' retrieved from /home/airflow/.local/lib/python3.12/site-packages/airflow/example_dags/example_params_ui_tutorial.py
[2025-05-12T08:53:36.256+0000] {logging_mixin.py:190} INFO - [2025-05-12T08:53:36.256+0000] {dag.py:3239} INFO - Sync 1 DAGs
[2025-05-12T08:53:36.272+0000] {logging_mixin.py:190} INFO - [2025-05-12T08:53:36.272+0000] {dag.py:4180} INFO - Setting next_dagrun for example_params_ui_tutorial to None, run_after=None
[2025-05-12T08:53:36.294+0000] {processor.py:208} INFO - Processing /home/airflow/.local/lib/python3.12/site-packages/airflow/example_dags/example_params_ui_tutorial.py took 0.102 seconds
[2025-05-12T08:54:07.486+0000] {processor.py:186} INFO - Started process (PID=3484) to work on /home/airflow/.local/lib/python3.12/site-packages/airflow/example_dags/example_params_ui_tutorial.py
[2025-05-12T08:54:07.488+0000] {processor.py:914} INFO - Processing file /home/airflow/.local/lib/python3.12/site-packages/airflow/example_dags/example_params_ui_tutorial.py for tasks to queue
[2025-05-12T08:54:07.490+0000] {logging_mixin.py:190} INFO - [2025-05-12T08:54:07.489+0000] {dagbag.py:588} INFO - Filling up the DagBag from /home/airflow/.local/lib/python3.12/site-packages/airflow/example_dags/example_params_ui_tutorial.py
[2025-05-12T08:54:07.503+0000] {processor.py:925} INFO - DAG(s) 'example_params_ui_tutorial' retrieved from /home/airflow/.local/lib/python3.12/site-packages/airflow/example_dags/example_params_ui_tutorial.py
[2025-05-12T08:54:07.573+0000] {logging_mixin.py:190} INFO - [2025-05-12T08:54:07.573+0000] {dag.py:3239} INFO - Sync 1 DAGs
[2025-05-12T08:54:07.596+0000] {logging_mixin.py:190} INFO - [2025-05-12T08:54:07.596+0000] {dag.py:4180} INFO - Setting next_dagrun for example_params_ui_tutorial to None, run_after=None
[2025-05-12T08:54:07.638+0000] {processor.py:208} INFO - Processing /home/airflow/.local/lib/python3.12/site-packages/airflow/example_dags/example_params_ui_tutorial.py took 0.162 seconds
[2025-05-12T08:54:38.450+0000] {processor.py:186} INFO - Started process (PID=3566) to work on /home/airflow/.local/lib/python3.12/site-packages/airflow/example_dags/example_params_ui_tutorial.py
[2025-05-12T08:54:38.451+0000] {processor.py:914} INFO - Processing file /home/airflow/.local/lib/python3.12/site-packages/airflow/example_dags/example_params_ui_tutorial.py for tasks to queue
[2025-05-12T08:54:38.453+0000] {logging_mixin.py:190} INFO - [2025-05-12T08:54:38.453+0000] {dagbag.py:588} INFO - Filling up the DagBag from /home/airflow/.local/lib/python3.12/site-packages/airflow/example_dags/example_params_ui_tutorial.py
[2025-05-12T08:54:38.463+0000] {processor.py:925} INFO - DAG(s) 'example_params_ui_tutorial' retrieved from /home/airflow/.local/lib/python3.12/site-packages/airflow/example_dags/example_params_ui_tutorial.py
[2025-05-12T08:54:38.509+0000] {logging_mixin.py:190} INFO - [2025-05-12T08:54:38.508+0000] {dag.py:3239} INFO - Sync 1 DAGs
[2025-05-12T08:54:38.524+0000] {logging_mixin.py:190} INFO - [2025-05-12T08:54:38.524+0000] {dag.py:4180} INFO - Setting next_dagrun for example_params_ui_tutorial to None, run_after=None
[2025-05-12T08:54:38.546+0000] {processor.py:208} INFO - Processing /home/airflow/.local/lib/python3.12/site-packages/airflow/example_dags/example_params_ui_tutorial.py took 0.103 seconds
[2025-05-12T08:55:10.420+0000] {processor.py:186} INFO - Started process (PID=3653) to work on /home/airflow/.local/lib/python3.12/site-packages/airflow/example_dags/example_params_ui_tutorial.py
[2025-05-12T08:55:10.422+0000] {processor.py:914} INFO - Processing file /home/airflow/.local/lib/python3.12/site-packages/airflow/example_dags/example_params_ui_tutorial.py for tasks to queue
[2025-05-12T08:55:10.423+0000] {logging_mixin.py:190} INFO - [2025-05-12T08:55:10.422+0000] {dagbag.py:588} INFO - Filling up the DagBag from /home/airflow/.local/lib/python3.12/site-packages/airflow/example_dags/example_params_ui_tutorial.py
[2025-05-12T08:55:10.432+0000] {processor.py:925} INFO - DAG(s) 'example_params_ui_tutorial' retrieved from /home/airflow/.local/lib/python3.12/site-packages/airflow/example_dags/example_params_ui_tutorial.py
[2025-05-12T08:55:10.476+0000] {logging_mixin.py:190} INFO - [2025-05-12T08:55:10.475+0000] {dag.py:3239} INFO - Sync 1 DAGs
[2025-05-12T08:55:10.491+0000] {logging_mixin.py:190} INFO - [2025-05-12T08:55:10.490+0000] {dag.py:4180} INFO - Setting next_dagrun for example_params_ui_tutorial to None, run_after=None
[2025-05-12T08:55:10.510+0000] {processor.py:208} INFO - Processing /home/airflow/.local/lib/python3.12/site-packages/airflow/example_dags/example_params_ui_tutorial.py took 0.096 seconds
[2025-05-12T08:55:41.713+0000] {processor.py:186} INFO - Started process (PID=3736) to work on /home/airflow/.local/lib/python3.12/site-packages/airflow/example_dags/example_params_ui_tutorial.py
[2025-05-12T08:55:41.714+0000] {processor.py:914} INFO - Processing file /home/airflow/.local/lib/python3.12/site-packages/airflow/example_dags/example_params_ui_tutorial.py for tasks to queue
[2025-05-12T08:55:41.715+0000] {logging_mixin.py:190} INFO - [2025-05-12T08:55:41.715+0000] {dagbag.py:588} INFO - Filling up the DagBag from /home/airflow/.local/lib/python3.12/site-packages/airflow/example_dags/example_params_ui_tutorial.py
[2025-05-12T08:55:41.726+0000] {processor.py:925} INFO - DAG(s) 'example_params_ui_tutorial' retrieved from /home/airflow/.local/lib/python3.12/site-packages/airflow/example_dags/example_params_ui_tutorial.py
[2025-05-12T08:55:41.776+0000] {logging_mixin.py:190} INFO - [2025-05-12T08:55:41.776+0000] {dag.py:3239} INFO - Sync 1 DAGs
[2025-05-12T08:55:41.795+0000] {logging_mixin.py:190} INFO - [2025-05-12T08:55:41.794+0000] {dag.py:4180} INFO - Setting next_dagrun for example_params_ui_tutorial to None, run_after=None
[2025-05-12T08:55:41.820+0000] {processor.py:208} INFO - Processing /home/airflow/.local/lib/python3.12/site-packages/airflow/example_dags/example_params_ui_tutorial.py took 0.115 seconds
[2025-05-12T08:56:13.272+0000] {processor.py:186} INFO - Started process (PID=3818) to work on /home/airflow/.local/lib/python3.12/site-packages/airflow/example_dags/example_params_ui_tutorial.py
[2025-05-12T08:56:13.273+0000] {processor.py:914} INFO - Processing file /home/airflow/.local/lib/python3.12/site-packages/airflow/example_dags/example_params_ui_tutorial.py for tasks to queue
[2025-05-12T08:56:13.275+0000] {logging_mixin.py:190} INFO - [2025-05-12T08:56:13.274+0000] {dagbag.py:588} INFO - Filling up the DagBag from /home/airflow/.local/lib/python3.12/site-packages/airflow/example_dags/example_params_ui_tutorial.py
[2025-05-12T08:56:13.286+0000] {processor.py:925} INFO - DAG(s) 'example_params_ui_tutorial' retrieved from /home/airflow/.local/lib/python3.12/site-packages/airflow/example_dags/example_params_ui_tutorial.py
[2025-05-12T08:56:13.338+0000] {logging_mixin.py:190} INFO - [2025-05-12T08:56:13.338+0000] {dag.py:3239} INFO - Sync 1 DAGs
[2025-05-12T08:56:13.357+0000] {logging_mixin.py:190} INFO - [2025-05-12T08:56:13.357+0000] {dag.py:4180} INFO - Setting next_dagrun for example_params_ui_tutorial to None, run_after=None
[2025-05-12T08:56:13.382+0000] {processor.py:208} INFO - Processing /home/airflow/.local/lib/python3.12/site-packages/airflow/example_dags/example_params_ui_tutorial.py took 0.117 seconds
[2025-05-12T08:56:44.698+0000] {processor.py:186} INFO - Started process (PID=3900) to work on /home/airflow/.local/lib/python3.12/site-packages/airflow/example_dags/example_params_ui_tutorial.py
[2025-05-12T08:56:44.699+0000] {processor.py:914} INFO - Processing file /home/airflow/.local/lib/python3.12/site-packages/airflow/example_dags/example_params_ui_tutorial.py for tasks to queue
[2025-05-12T08:56:44.701+0000] {logging_mixin.py:190} INFO - [2025-05-12T08:56:44.701+0000] {dagbag.py:588} INFO - Filling up the DagBag from /home/airflow/.local/lib/python3.12/site-packages/airflow/example_dags/example_params_ui_tutorial.py
[2025-05-12T08:56:44.712+0000] {processor.py:925} INFO - DAG(s) 'example_params_ui_tutorial' retrieved from /home/airflow/.local/lib/python3.12/site-packages/airflow/example_dags/example_params_ui_tutorial.py
[2025-05-12T08:56:44.765+0000] {logging_mixin.py:190} INFO - [2025-05-12T08:56:44.764+0000] {dag.py:3239} INFO - Sync 1 DAGs
[2025-05-12T08:56:44.786+0000] {logging_mixin.py:190} INFO - [2025-05-12T08:56:44.785+0000] {dag.py:4180} INFO - Setting next_dagrun for example_params_ui_tutorial to None, run_after=None
[2025-05-12T08:56:44.816+0000] {processor.py:208} INFO - Processing /home/airflow/.local/lib/python3.12/site-packages/airflow/example_dags/example_params_ui_tutorial.py took 0.125 seconds
[2025-05-12T08:57:15.625+0000] {processor.py:186} INFO - Started process (PID=3985) to work on /home/airflow/.local/lib/python3.12/site-packages/airflow/example_dags/example_params_ui_tutorial.py
[2025-05-12T08:57:15.627+0000] {processor.py:914} INFO - Processing file /home/airflow/.local/lib/python3.12/site-packages/airflow/example_dags/example_params_ui_tutorial.py for tasks to queue
[2025-05-12T08:57:15.628+0000] {logging_mixin.py:190} INFO - [2025-05-12T08:57:15.628+0000] {dagbag.py:588} INFO - Filling up the DagBag from /home/airflow/.local/lib/python3.12/site-packages/airflow/example_dags/example_params_ui_tutorial.py
[2025-05-12T08:57:15.640+0000] {processor.py:925} INFO - DAG(s) 'example_params_ui_tutorial' retrieved from /home/airflow/.local/lib/python3.12/site-packages/airflow/example_dags/example_params_ui_tutorial.py
[2025-05-12T08:57:15.697+0000] {logging_mixin.py:190} INFO - [2025-05-12T08:57:15.697+0000] {dag.py:3239} INFO - Sync 1 DAGs
[2025-05-12T08:57:15.720+0000] {logging_mixin.py:190} INFO - [2025-05-12T08:57:15.720+0000] {dag.py:4180} INFO - Setting next_dagrun for example_params_ui_tutorial to None, run_after=None
[2025-05-12T08:57:15.759+0000] {processor.py:208} INFO - Processing /home/airflow/.local/lib/python3.12/site-packages/airflow/example_dags/example_params_ui_tutorial.py took 0.141 seconds
[2025-05-12T08:57:47.642+0000] {processor.py:186} INFO - Started process (PID=4069) to work on /home/airflow/.local/lib/python3.12/site-packages/airflow/example_dags/example_params_ui_tutorial.py
[2025-05-12T08:57:47.643+0000] {processor.py:914} INFO - Processing file /home/airflow/.local/lib/python3.12/site-packages/airflow/example_dags/example_params_ui_tutorial.py for tasks to queue
[2025-05-12T08:57:47.645+0000] {logging_mixin.py:190} INFO - [2025-05-12T08:57:47.644+0000] {dagbag.py:588} INFO - Filling up the DagBag from /home/airflow/.local/lib/python3.12/site-packages/airflow/example_dags/example_params_ui_tutorial.py
[2025-05-12T08:57:47.657+0000] {processor.py:925} INFO - DAG(s) 'example_params_ui_tutorial' retrieved from /home/airflow/.local/lib/python3.12/site-packages/airflow/example_dags/example_params_ui_tutorial.py
[2025-05-12T08:57:47.722+0000] {logging_mixin.py:190} INFO - [2025-05-12T08:57:47.722+0000] {dag.py:3239} INFO - Sync 1 DAGs
[2025-05-12T08:57:47.743+0000] {logging_mixin.py:190} INFO - [2025-05-12T08:57:47.742+0000] {dag.py:4180} INFO - Setting next_dagrun for example_params_ui_tutorial to None, run_after=None
[2025-05-12T08:57:47.777+0000] {processor.py:208} INFO - Processing /home/airflow/.local/lib/python3.12/site-packages/airflow/example_dags/example_params_ui_tutorial.py took 0.144 seconds
[2025-05-12T08:58:17.957+0000] {processor.py:186} INFO - Started process (PID=4151) to work on /home/airflow/.local/lib/python3.12/site-packages/airflow/example_dags/example_params_ui_tutorial.py
[2025-05-12T08:58:17.958+0000] {processor.py:914} INFO - Processing file /home/airflow/.local/lib/python3.12/site-packages/airflow/example_dags/example_params_ui_tutorial.py for tasks to queue
[2025-05-12T08:58:17.960+0000] {logging_mixin.py:190} INFO - [2025-05-12T08:58:17.959+0000] {dagbag.py:588} INFO - Filling up the DagBag from /home/airflow/.local/lib/python3.12/site-packages/airflow/example_dags/example_params_ui_tutorial.py
[2025-05-12T08:58:17.974+0000] {processor.py:925} INFO - DAG(s) 'example_params_ui_tutorial' retrieved from /home/airflow/.local/lib/python3.12/site-packages/airflow/example_dags/example_params_ui_tutorial.py
[2025-05-12T08:58:18.040+0000] {logging_mixin.py:190} INFO - [2025-05-12T08:58:18.040+0000] {dag.py:3239} INFO - Sync 1 DAGs
[2025-05-12T08:58:18.059+0000] {logging_mixin.py:190} INFO - [2025-05-12T08:58:18.059+0000] {dag.py:4180} INFO - Setting next_dagrun for example_params_ui_tutorial to None, run_after=None
[2025-05-12T08:58:18.087+0000] {processor.py:208} INFO - Processing /home/airflow/.local/lib/python3.12/site-packages/airflow/example_dags/example_params_ui_tutorial.py took 0.137 seconds
[2025-05-12T08:58:49.070+0000] {processor.py:186} INFO - Started process (PID=4233) to work on /home/airflow/.local/lib/python3.12/site-packages/airflow/example_dags/example_params_ui_tutorial.py
[2025-05-12T08:58:49.071+0000] {processor.py:914} INFO - Processing file /home/airflow/.local/lib/python3.12/site-packages/airflow/example_dags/example_params_ui_tutorial.py for tasks to queue
[2025-05-12T08:58:49.073+0000] {logging_mixin.py:190} INFO - [2025-05-12T08:58:49.073+0000] {dagbag.py:588} INFO - Filling up the DagBag from /home/airflow/.local/lib/python3.12/site-packages/airflow/example_dags/example_params_ui_tutorial.py
[2025-05-12T08:58:49.085+0000] {processor.py:925} INFO - DAG(s) 'example_params_ui_tutorial' retrieved from /home/airflow/.local/lib/python3.12/site-packages/airflow/example_dags/example_params_ui_tutorial.py
[2025-05-12T08:58:49.140+0000] {logging_mixin.py:190} INFO - [2025-05-12T08:58:49.139+0000] {dag.py:3239} INFO - Sync 1 DAGs
[2025-05-12T08:58:49.159+0000] {logging_mixin.py:190} INFO - [2025-05-12T08:58:49.159+0000] {dag.py:4180} INFO - Setting next_dagrun for example_params_ui_tutorial to None, run_after=None
[2025-05-12T08:58:49.183+0000] {processor.py:208} INFO - Processing /home/airflow/.local/lib/python3.12/site-packages/airflow/example_dags/example_params_ui_tutorial.py took 0.121 seconds
[2025-05-12T08:59:21.788+0000] {processor.py:186} INFO - Started process (PID=4318) to work on /home/airflow/.local/lib/python3.12/site-packages/airflow/example_dags/example_params_ui_tutorial.py
[2025-05-12T08:59:21.789+0000] {processor.py:914} INFO - Processing file /home/airflow/.local/lib/python3.12/site-packages/airflow/example_dags/example_params_ui_tutorial.py for tasks to queue
[2025-05-12T08:59:21.791+0000] {logging_mixin.py:190} INFO - [2025-05-12T08:59:21.790+0000] {dagbag.py:588} INFO - Filling up the DagBag from /home/airflow/.local/lib/python3.12/site-packages/airflow/example_dags/example_params_ui_tutorial.py
[2025-05-12T08:59:21.803+0000] {processor.py:925} INFO - DAG(s) 'example_params_ui_tutorial' retrieved from /home/airflow/.local/lib/python3.12/site-packages/airflow/example_dags/example_params_ui_tutorial.py
[2025-05-12T08:59:21.868+0000] {logging_mixin.py:190} INFO - [2025-05-12T08:59:21.868+0000] {dag.py:3239} INFO - Sync 1 DAGs
[2025-05-12T08:59:21.886+0000] {logging_mixin.py:190} INFO - [2025-05-12T08:59:21.886+0000] {dag.py:4180} INFO - Setting next_dagrun for example_params_ui_tutorial to None, run_after=None
[2025-05-12T08:59:21.910+0000] {processor.py:208} INFO - Processing /home/airflow/.local/lib/python3.12/site-packages/airflow/example_dags/example_params_ui_tutorial.py took 0.129 seconds
[2025-05-12T08:59:53.284+0000] {processor.py:186} INFO - Started process (PID=4404) to work on /home/airflow/.local/lib/python3.12/site-packages/airflow/example_dags/example_params_ui_tutorial.py
[2025-05-12T08:59:53.286+0000] {processor.py:914} INFO - Processing file /home/airflow/.local/lib/python3.12/site-packages/airflow/example_dags/example_params_ui_tutorial.py for tasks to queue
[2025-05-12T08:59:53.287+0000] {logging_mixin.py:190} INFO - [2025-05-12T08:59:53.287+0000] {dagbag.py:588} INFO - Filling up the DagBag from /home/airflow/.local/lib/python3.12/site-packages/airflow/example_dags/example_params_ui_tutorial.py
[2025-05-12T08:59:53.299+0000] {processor.py:925} INFO - DAG(s) 'example_params_ui_tutorial' retrieved from /home/airflow/.local/lib/python3.12/site-packages/airflow/example_dags/example_params_ui_tutorial.py
[2025-05-12T08:59:53.352+0000] {logging_mixin.py:190} INFO - [2025-05-12T08:59:53.352+0000] {dag.py:3239} INFO - Sync 1 DAGs
[2025-05-12T08:59:53.370+0000] {logging_mixin.py:190} INFO - [2025-05-12T08:59:53.369+0000] {dag.py:4180} INFO - Setting next_dagrun for example_params_ui_tutorial to None, run_after=None
[2025-05-12T08:59:53.391+0000] {processor.py:208} INFO - Processing /home/airflow/.local/lib/python3.12/site-packages/airflow/example_dags/example_params_ui_tutorial.py took 0.115 seconds
[2025-05-12T09:00:23.432+0000] {processor.py:186} INFO - Started process (PID=4486) to work on /home/airflow/.local/lib/python3.12/site-packages/airflow/example_dags/example_params_ui_tutorial.py
[2025-05-12T09:00:23.434+0000] {processor.py:914} INFO - Processing file /home/airflow/.local/lib/python3.12/site-packages/airflow/example_dags/example_params_ui_tutorial.py for tasks to queue
[2025-05-12T09:00:23.435+0000] {logging_mixin.py:190} INFO - [2025-05-12T09:00:23.435+0000] {dagbag.py:588} INFO - Filling up the DagBag from /home/airflow/.local/lib/python3.12/site-packages/airflow/example_dags/example_params_ui_tutorial.py
[2025-05-12T09:00:23.446+0000] {processor.py:925} INFO - DAG(s) 'example_params_ui_tutorial' retrieved from /home/airflow/.local/lib/python3.12/site-packages/airflow/example_dags/example_params_ui_tutorial.py
[2025-05-12T09:00:23.500+0000] {logging_mixin.py:190} INFO - [2025-05-12T09:00:23.500+0000] {dag.py:3239} INFO - Sync 1 DAGs
[2025-05-12T09:00:23.518+0000] {logging_mixin.py:190} INFO - [2025-05-12T09:00:23.518+0000] {dag.py:4180} INFO - Setting next_dagrun for example_params_ui_tutorial to None, run_after=None
[2025-05-12T09:00:23.541+0000] {processor.py:208} INFO - Processing /home/airflow/.local/lib/python3.12/site-packages/airflow/example_dags/example_params_ui_tutorial.py took 0.116 seconds
[2025-05-12T09:00:54.378+0000] {processor.py:186} INFO - Started process (PID=4568) to work on /home/airflow/.local/lib/python3.12/site-packages/airflow/example_dags/example_params_ui_tutorial.py
[2025-05-12T09:00:54.380+0000] {processor.py:914} INFO - Processing file /home/airflow/.local/lib/python3.12/site-packages/airflow/example_dags/example_params_ui_tutorial.py for tasks to queue
[2025-05-12T09:00:54.383+0000] {logging_mixin.py:190} INFO - [2025-05-12T09:00:54.383+0000] {dagbag.py:588} INFO - Filling up the DagBag from /home/airflow/.local/lib/python3.12/site-packages/airflow/example_dags/example_params_ui_tutorial.py
[2025-05-12T09:00:54.398+0000] {processor.py:925} INFO - DAG(s) 'example_params_ui_tutorial' retrieved from /home/airflow/.local/lib/python3.12/site-packages/airflow/example_dags/example_params_ui_tutorial.py
[2025-05-12T09:00:54.458+0000] {logging_mixin.py:190} INFO - [2025-05-12T09:00:54.458+0000] {dag.py:3239} INFO - Sync 1 DAGs
[2025-05-12T09:00:54.477+0000] {logging_mixin.py:190} INFO - [2025-05-12T09:00:54.477+0000] {dag.py:4180} INFO - Setting next_dagrun for example_params_ui_tutorial to None, run_after=None
[2025-05-12T09:00:54.499+0000] {processor.py:208} INFO - Processing /home/airflow/.local/lib/python3.12/site-packages/airflow/example_dags/example_params_ui_tutorial.py took 0.130 seconds
