[2025-05-12T08:33:23.129+0000] {processor.py:186} INFO - Started process (PID=143) to work on /home/airflow/.local/lib/python3.12/site-packages/airflow/example_dags/example_complex.py
[2025-05-12T08:33:23.130+0000] {processor.py:914} INFO - Processing file /home/airflow/.local/lib/python3.12/site-packages/airflow/example_dags/example_complex.py for tasks to queue
[2025-05-12T08:33:23.133+0000] {logging_mixin.py:190} INFO - [2025-05-12T08:33:23.133+0000] {dagbag.py:588} INFO - Filling up the DagBag from /home/airflow/.local/lib/python3.12/site-packages/airflow/example_dags/example_complex.py
[2025-05-12T08:33:23.155+0000] {processor.py:925} INFO - DAG(s) 'example_complex' retrieved from /home/airflow/.local/lib/python3.12/site-packages/airflow/example_dags/example_complex.py
[2025-05-12T08:33:23.223+0000] {logging_mixin.py:190} INFO - [2025-05-12T08:33:23.222+0000] {dag.py:3239} INFO - Sync 1 DAGs
[2025-05-12T08:33:23.253+0000] {logging_mixin.py:190} INFO - [2025-05-12T08:33:23.252+0000] {dag.py:4180} INFO - Setting next_dagrun for example_complex to None, run_after=None
[2025-05-12T08:33:23.289+0000] {processor.py:208} INFO - Processing /home/airflow/.local/lib/python3.12/site-packages/airflow/example_dags/example_complex.py took 0.169 seconds
[2025-05-12T08:33:53.430+0000] {processor.py:186} INFO - Started process (PID=246) to work on /home/airflow/.local/lib/python3.12/site-packages/airflow/example_dags/example_complex.py
[2025-05-12T08:33:53.432+0000] {processor.py:914} INFO - Processing file /home/airflow/.local/lib/python3.12/site-packages/airflow/example_dags/example_complex.py for tasks to queue
[2025-05-12T08:33:53.433+0000] {logging_mixin.py:190} INFO - [2025-05-12T08:33:53.433+0000] {dagbag.py:588} INFO - Filling up the DagBag from /home/airflow/.local/lib/python3.12/site-packages/airflow/example_dags/example_complex.py
[2025-05-12T08:33:53.449+0000] {processor.py:925} INFO - DAG(s) 'example_complex' retrieved from /home/airflow/.local/lib/python3.12/site-packages/airflow/example_dags/example_complex.py
[2025-05-12T08:33:53.493+0000] {logging_mixin.py:190} INFO - [2025-05-12T08:33:53.493+0000] {dag.py:3239} INFO - Sync 1 DAGs
[2025-05-12T08:33:53.513+0000] {logging_mixin.py:190} INFO - [2025-05-12T08:33:53.513+0000] {dag.py:4180} INFO - Setting next_dagrun for example_complex to None, run_after=None
[2025-05-12T08:33:53.538+0000] {processor.py:208} INFO - Processing /home/airflow/.local/lib/python3.12/site-packages/airflow/example_dags/example_complex.py took 0.117 seconds
[2025-05-12T08:34:24.168+0000] {processor.py:186} INFO - Started process (PID=339) to work on /home/airflow/.local/lib/python3.12/site-packages/airflow/example_dags/example_complex.py
[2025-05-12T08:34:24.170+0000] {processor.py:914} INFO - Processing file /home/airflow/.local/lib/python3.12/site-packages/airflow/example_dags/example_complex.py for tasks to queue
[2025-05-12T08:34:24.172+0000] {logging_mixin.py:190} INFO - [2025-05-12T08:34:24.171+0000] {dagbag.py:588} INFO - Filling up the DagBag from /home/airflow/.local/lib/python3.12/site-packages/airflow/example_dags/example_complex.py
[2025-05-12T08:34:24.189+0000] {processor.py:925} INFO - DAG(s) 'example_complex' retrieved from /home/airflow/.local/lib/python3.12/site-packages/airflow/example_dags/example_complex.py
[2025-05-12T08:34:24.236+0000] {logging_mixin.py:190} INFO - [2025-05-12T08:34:24.236+0000] {dag.py:3239} INFO - Sync 1 DAGs
[2025-05-12T08:34:24.265+0000] {logging_mixin.py:190} INFO - [2025-05-12T08:34:24.264+0000] {dag.py:4180} INFO - Setting next_dagrun for example_complex to None, run_after=None
[2025-05-12T08:34:24.296+0000] {processor.py:208} INFO - Processing /home/airflow/.local/lib/python3.12/site-packages/airflow/example_dags/example_complex.py took 0.137 seconds
[2025-05-12T08:34:54.759+0000] {processor.py:186} INFO - Started process (PID=422) to work on /home/airflow/.local/lib/python3.12/site-packages/airflow/example_dags/example_complex.py
[2025-05-12T08:34:54.760+0000] {processor.py:914} INFO - Processing file /home/airflow/.local/lib/python3.12/site-packages/airflow/example_dags/example_complex.py for tasks to queue
[2025-05-12T08:34:54.761+0000] {logging_mixin.py:190} INFO - [2025-05-12T08:34:54.761+0000] {dagbag.py:588} INFO - Filling up the DagBag from /home/airflow/.local/lib/python3.12/site-packages/airflow/example_dags/example_complex.py
[2025-05-12T08:34:54.773+0000] {processor.py:925} INFO - DAG(s) 'example_complex' retrieved from /home/airflow/.local/lib/python3.12/site-packages/airflow/example_dags/example_complex.py
[2025-05-12T08:34:54.811+0000] {logging_mixin.py:190} INFO - [2025-05-12T08:34:54.811+0000] {dag.py:3239} INFO - Sync 1 DAGs
[2025-05-12T08:34:54.838+0000] {logging_mixin.py:190} INFO - [2025-05-12T08:34:54.837+0000] {dag.py:4180} INFO - Setting next_dagrun for example_complex to None, run_after=None
[2025-05-12T08:34:54.874+0000] {processor.py:208} INFO - Processing /home/airflow/.local/lib/python3.12/site-packages/airflow/example_dags/example_complex.py took 0.121 seconds
[2025-05-12T08:35:25.448+0000] {processor.py:186} INFO - Started process (PID=516) to work on /home/airflow/.local/lib/python3.12/site-packages/airflow/example_dags/example_complex.py
[2025-05-12T08:35:25.466+0000] {processor.py:914} INFO - Processing file /home/airflow/.local/lib/python3.12/site-packages/airflow/example_dags/example_complex.py for tasks to queue
[2025-05-12T08:35:25.469+0000] {logging_mixin.py:190} INFO - [2025-05-12T08:35:25.468+0000] {dagbag.py:588} INFO - Filling up the DagBag from /home/airflow/.local/lib/python3.12/site-packages/airflow/example_dags/example_complex.py
[2025-05-12T08:35:25.484+0000] {processor.py:925} INFO - DAG(s) 'example_complex' retrieved from /home/airflow/.local/lib/python3.12/site-packages/airflow/example_dags/example_complex.py
[2025-05-12T08:35:25.525+0000] {logging_mixin.py:190} INFO - [2025-05-12T08:35:25.525+0000] {dag.py:3239} INFO - Sync 1 DAGs
[2025-05-12T08:35:25.544+0000] {logging_mixin.py:190} INFO - [2025-05-12T08:35:25.543+0000] {dag.py:4180} INFO - Setting next_dagrun for example_complex to None, run_after=None
[2025-05-12T08:35:25.576+0000] {processor.py:208} INFO - Processing /home/airflow/.local/lib/python3.12/site-packages/airflow/example_dags/example_complex.py took 0.136 seconds
[2025-05-12T08:35:55.732+0000] {processor.py:186} INFO - Started process (PID=602) to work on /home/airflow/.local/lib/python3.12/site-packages/airflow/example_dags/example_complex.py
[2025-05-12T08:35:55.734+0000] {processor.py:914} INFO - Processing file /home/airflow/.local/lib/python3.12/site-packages/airflow/example_dags/example_complex.py for tasks to queue
[2025-05-12T08:35:55.737+0000] {logging_mixin.py:190} INFO - [2025-05-12T08:35:55.736+0000] {dagbag.py:588} INFO - Filling up the DagBag from /home/airflow/.local/lib/python3.12/site-packages/airflow/example_dags/example_complex.py
[2025-05-12T08:35:55.752+0000] {processor.py:925} INFO - DAG(s) 'example_complex' retrieved from /home/airflow/.local/lib/python3.12/site-packages/airflow/example_dags/example_complex.py
[2025-05-12T08:35:55.786+0000] {logging_mixin.py:190} INFO - [2025-05-12T08:35:55.786+0000] {dag.py:3239} INFO - Sync 1 DAGs
[2025-05-12T08:35:55.801+0000] {logging_mixin.py:190} INFO - [2025-05-12T08:35:55.801+0000] {dag.py:4180} INFO - Setting next_dagrun for example_complex to None, run_after=None
[2025-05-12T08:35:55.821+0000] {processor.py:208} INFO - Processing /home/airflow/.local/lib/python3.12/site-packages/airflow/example_dags/example_complex.py took 0.095 seconds
[2025-05-12T08:36:26.085+0000] {processor.py:186} INFO - Started process (PID=684) to work on /home/airflow/.local/lib/python3.12/site-packages/airflow/example_dags/example_complex.py
[2025-05-12T08:36:26.092+0000] {processor.py:914} INFO - Processing file /home/airflow/.local/lib/python3.12/site-packages/airflow/example_dags/example_complex.py for tasks to queue
[2025-05-12T08:36:26.095+0000] {logging_mixin.py:190} INFO - [2025-05-12T08:36:26.094+0000] {dagbag.py:588} INFO - Filling up the DagBag from /home/airflow/.local/lib/python3.12/site-packages/airflow/example_dags/example_complex.py
[2025-05-12T08:36:26.113+0000] {processor.py:925} INFO - DAG(s) 'example_complex' retrieved from /home/airflow/.local/lib/python3.12/site-packages/airflow/example_dags/example_complex.py
[2025-05-12T08:36:26.160+0000] {logging_mixin.py:190} INFO - [2025-05-12T08:36:26.160+0000] {dag.py:3239} INFO - Sync 1 DAGs
[2025-05-12T08:36:26.182+0000] {logging_mixin.py:190} INFO - [2025-05-12T08:36:26.181+0000] {dag.py:4180} INFO - Setting next_dagrun for example_complex to None, run_after=None
[2025-05-12T08:36:26.216+0000] {processor.py:208} INFO - Processing /home/airflow/.local/lib/python3.12/site-packages/airflow/example_dags/example_complex.py took 0.138 seconds
[2025-05-12T08:36:56.885+0000] {processor.py:186} INFO - Started process (PID=766) to work on /home/airflow/.local/lib/python3.12/site-packages/airflow/example_dags/example_complex.py
[2025-05-12T08:36:56.886+0000] {processor.py:914} INFO - Processing file /home/airflow/.local/lib/python3.12/site-packages/airflow/example_dags/example_complex.py for tasks to queue
[2025-05-12T08:36:56.888+0000] {logging_mixin.py:190} INFO - [2025-05-12T08:36:56.888+0000] {dagbag.py:588} INFO - Filling up the DagBag from /home/airflow/.local/lib/python3.12/site-packages/airflow/example_dags/example_complex.py
[2025-05-12T08:36:56.901+0000] {processor.py:925} INFO - DAG(s) 'example_complex' retrieved from /home/airflow/.local/lib/python3.12/site-packages/airflow/example_dags/example_complex.py
[2025-05-12T08:36:56.939+0000] {logging_mixin.py:190} INFO - [2025-05-12T08:36:56.939+0000] {dag.py:3239} INFO - Sync 1 DAGs
[2025-05-12T08:36:56.956+0000] {logging_mixin.py:190} INFO - [2025-05-12T08:36:56.956+0000] {dag.py:4180} INFO - Setting next_dagrun for example_complex to None, run_after=None
[2025-05-12T08:36:56.984+0000] {processor.py:208} INFO - Processing /home/airflow/.local/lib/python3.12/site-packages/airflow/example_dags/example_complex.py took 0.106 seconds
[2025-05-12T08:37:27.995+0000] {processor.py:186} INFO - Started process (PID=848) to work on /home/airflow/.local/lib/python3.12/site-packages/airflow/example_dags/example_complex.py
[2025-05-12T08:37:27.996+0000] {processor.py:914} INFO - Processing file /home/airflow/.local/lib/python3.12/site-packages/airflow/example_dags/example_complex.py for tasks to queue
[2025-05-12T08:37:27.998+0000] {logging_mixin.py:190} INFO - [2025-05-12T08:37:27.997+0000] {dagbag.py:588} INFO - Filling up the DagBag from /home/airflow/.local/lib/python3.12/site-packages/airflow/example_dags/example_complex.py
[2025-05-12T08:37:28.010+0000] {processor.py:925} INFO - DAG(s) 'example_complex' retrieved from /home/airflow/.local/lib/python3.12/site-packages/airflow/example_dags/example_complex.py
[2025-05-12T08:37:28.041+0000] {logging_mixin.py:190} INFO - [2025-05-12T08:37:28.040+0000] {dag.py:3239} INFO - Sync 1 DAGs
[2025-05-12T08:37:28.055+0000] {logging_mixin.py:190} INFO - [2025-05-12T08:37:28.055+0000] {dag.py:4180} INFO - Setting next_dagrun for example_complex to None, run_after=None
[2025-05-12T08:37:28.075+0000] {processor.py:208} INFO - Processing /home/airflow/.local/lib/python3.12/site-packages/airflow/example_dags/example_complex.py took 0.085 seconds
[2025-05-12T08:37:58.792+0000] {processor.py:186} INFO - Started process (PID=927) to work on /home/airflow/.local/lib/python3.12/site-packages/airflow/example_dags/example_complex.py
[2025-05-12T08:37:58.793+0000] {processor.py:914} INFO - Processing file /home/airflow/.local/lib/python3.12/site-packages/airflow/example_dags/example_complex.py for tasks to queue
[2025-05-12T08:37:58.795+0000] {logging_mixin.py:190} INFO - [2025-05-12T08:37:58.795+0000] {dagbag.py:588} INFO - Filling up the DagBag from /home/airflow/.local/lib/python3.12/site-packages/airflow/example_dags/example_complex.py
[2025-05-12T08:37:58.811+0000] {processor.py:925} INFO - DAG(s) 'example_complex' retrieved from /home/airflow/.local/lib/python3.12/site-packages/airflow/example_dags/example_complex.py
[2025-05-12T08:37:58.873+0000] {logging_mixin.py:190} INFO - [2025-05-12T08:37:58.872+0000] {dag.py:3239} INFO - Sync 1 DAGs
[2025-05-12T08:37:58.901+0000] {logging_mixin.py:190} INFO - [2025-05-12T08:37:58.900+0000] {dag.py:4180} INFO - Setting next_dagrun for example_complex to None, run_after=None
[2025-05-12T08:37:58.929+0000] {processor.py:208} INFO - Processing /home/airflow/.local/lib/python3.12/site-packages/airflow/example_dags/example_complex.py took 0.145 seconds
[2025-05-12T08:38:30.009+0000] {processor.py:186} INFO - Started process (PID=1001) to work on /home/airflow/.local/lib/python3.12/site-packages/airflow/example_dags/example_complex.py
[2025-05-12T08:38:30.010+0000] {processor.py:914} INFO - Processing file /home/airflow/.local/lib/python3.12/site-packages/airflow/example_dags/example_complex.py for tasks to queue
[2025-05-12T08:38:30.011+0000] {logging_mixin.py:190} INFO - [2025-05-12T08:38:30.011+0000] {dagbag.py:588} INFO - Filling up the DagBag from /home/airflow/.local/lib/python3.12/site-packages/airflow/example_dags/example_complex.py
[2025-05-12T08:38:30.025+0000] {processor.py:925} INFO - DAG(s) 'example_complex' retrieved from /home/airflow/.local/lib/python3.12/site-packages/airflow/example_dags/example_complex.py
[2025-05-12T08:38:30.061+0000] {logging_mixin.py:190} INFO - [2025-05-12T08:38:30.060+0000] {dag.py:3239} INFO - Sync 1 DAGs
[2025-05-12T08:38:30.078+0000] {logging_mixin.py:190} INFO - [2025-05-12T08:38:30.078+0000] {dag.py:4180} INFO - Setting next_dagrun for example_complex to None, run_after=None
[2025-05-12T08:38:30.114+0000] {processor.py:208} INFO - Processing /home/airflow/.local/lib/python3.12/site-packages/airflow/example_dags/example_complex.py took 0.113 seconds
[2025-05-12T08:39:00.674+0000] {processor.py:186} INFO - Started process (PID=1080) to work on /home/airflow/.local/lib/python3.12/site-packages/airflow/example_dags/example_complex.py
[2025-05-12T08:39:00.676+0000] {processor.py:914} INFO - Processing file /home/airflow/.local/lib/python3.12/site-packages/airflow/example_dags/example_complex.py for tasks to queue
[2025-05-12T08:39:00.678+0000] {logging_mixin.py:190} INFO - [2025-05-12T08:39:00.677+0000] {dagbag.py:588} INFO - Filling up the DagBag from /home/airflow/.local/lib/python3.12/site-packages/airflow/example_dags/example_complex.py
[2025-05-12T08:39:00.694+0000] {processor.py:925} INFO - DAG(s) 'example_complex' retrieved from /home/airflow/.local/lib/python3.12/site-packages/airflow/example_dags/example_complex.py
[2025-05-12T08:39:00.736+0000] {logging_mixin.py:190} INFO - [2025-05-12T08:39:00.735+0000] {dag.py:3239} INFO - Sync 1 DAGs
[2025-05-12T08:39:00.755+0000] {logging_mixin.py:190} INFO - [2025-05-12T08:39:00.754+0000] {dag.py:4180} INFO - Setting next_dagrun for example_complex to None, run_after=None
[2025-05-12T08:39:00.779+0000] {processor.py:208} INFO - Processing /home/airflow/.local/lib/python3.12/site-packages/airflow/example_dags/example_complex.py took 0.113 seconds
[2025-05-12T08:39:32.896+0000] {processor.py:186} INFO - Started process (PID=1155) to work on /home/airflow/.local/lib/python3.12/site-packages/airflow/example_dags/example_complex.py
[2025-05-12T08:39:32.898+0000] {processor.py:914} INFO - Processing file /home/airflow/.local/lib/python3.12/site-packages/airflow/example_dags/example_complex.py for tasks to queue
[2025-05-12T08:39:32.900+0000] {logging_mixin.py:190} INFO - [2025-05-12T08:39:32.899+0000] {dagbag.py:588} INFO - Filling up the DagBag from /home/airflow/.local/lib/python3.12/site-packages/airflow/example_dags/example_complex.py
[2025-05-12T08:39:32.914+0000] {processor.py:925} INFO - DAG(s) 'example_complex' retrieved from /home/airflow/.local/lib/python3.12/site-packages/airflow/example_dags/example_complex.py
[2025-05-12T08:39:32.954+0000] {logging_mixin.py:190} INFO - [2025-05-12T08:39:32.954+0000] {dag.py:3239} INFO - Sync 1 DAGs
[2025-05-12T08:39:32.973+0000] {logging_mixin.py:190} INFO - [2025-05-12T08:39:32.973+0000] {dag.py:4180} INFO - Setting next_dagrun for example_complex to None, run_after=None
[2025-05-12T08:39:33.001+0000] {processor.py:208} INFO - Processing /home/airflow/.local/lib/python3.12/site-packages/airflow/example_dags/example_complex.py took 0.111 seconds
[2025-05-12T08:40:03.807+0000] {processor.py:186} INFO - Started process (PID=1237) to work on /home/airflow/.local/lib/python3.12/site-packages/airflow/example_dags/example_complex.py
[2025-05-12T08:40:03.808+0000] {processor.py:914} INFO - Processing file /home/airflow/.local/lib/python3.12/site-packages/airflow/example_dags/example_complex.py for tasks to queue
[2025-05-12T08:40:03.810+0000] {logging_mixin.py:190} INFO - [2025-05-12T08:40:03.810+0000] {dagbag.py:588} INFO - Filling up the DagBag from /home/airflow/.local/lib/python3.12/site-packages/airflow/example_dags/example_complex.py
[2025-05-12T08:40:03.825+0000] {processor.py:925} INFO - DAG(s) 'example_complex' retrieved from /home/airflow/.local/lib/python3.12/site-packages/airflow/example_dags/example_complex.py
[2025-05-12T08:40:03.862+0000] {logging_mixin.py:190} INFO - [2025-05-12T08:40:03.862+0000] {dag.py:3239} INFO - Sync 1 DAGs
[2025-05-12T08:40:03.881+0000] {logging_mixin.py:190} INFO - [2025-05-12T08:40:03.880+0000] {dag.py:4180} INFO - Setting next_dagrun for example_complex to None, run_after=None
[2025-05-12T08:40:03.905+0000] {processor.py:208} INFO - Processing /home/airflow/.local/lib/python3.12/site-packages/airflow/example_dags/example_complex.py took 0.106 seconds
[2025-05-12T08:40:34.872+0000] {processor.py:186} INFO - Started process (PID=1318) to work on /home/airflow/.local/lib/python3.12/site-packages/airflow/example_dags/example_complex.py
[2025-05-12T08:40:34.874+0000] {processor.py:914} INFO - Processing file /home/airflow/.local/lib/python3.12/site-packages/airflow/example_dags/example_complex.py for tasks to queue
[2025-05-12T08:40:34.875+0000] {logging_mixin.py:190} INFO - [2025-05-12T08:40:34.874+0000] {dagbag.py:588} INFO - Filling up the DagBag from /home/airflow/.local/lib/python3.12/site-packages/airflow/example_dags/example_complex.py
[2025-05-12T08:40:34.887+0000] {processor.py:925} INFO - DAG(s) 'example_complex' retrieved from /home/airflow/.local/lib/python3.12/site-packages/airflow/example_dags/example_complex.py
[2025-05-12T08:40:34.919+0000] {logging_mixin.py:190} INFO - [2025-05-12T08:40:34.918+0000] {dag.py:3239} INFO - Sync 1 DAGs
[2025-05-12T08:40:34.933+0000] {logging_mixin.py:190} INFO - [2025-05-12T08:40:34.933+0000] {dag.py:4180} INFO - Setting next_dagrun for example_complex to None, run_after=None
[2025-05-12T08:40:34.956+0000] {processor.py:208} INFO - Processing /home/airflow/.local/lib/python3.12/site-packages/airflow/example_dags/example_complex.py took 0.089 seconds
[2025-05-12T08:41:05.660+0000] {processor.py:186} INFO - Started process (PID=1398) to work on /home/airflow/.local/lib/python3.12/site-packages/airflow/example_dags/example_complex.py
[2025-05-12T08:41:05.662+0000] {processor.py:914} INFO - Processing file /home/airflow/.local/lib/python3.12/site-packages/airflow/example_dags/example_complex.py for tasks to queue
[2025-05-12T08:41:05.663+0000] {logging_mixin.py:190} INFO - [2025-05-12T08:41:05.663+0000] {dagbag.py:588} INFO - Filling up the DagBag from /home/airflow/.local/lib/python3.12/site-packages/airflow/example_dags/example_complex.py
[2025-05-12T08:41:05.678+0000] {processor.py:925} INFO - DAG(s) 'example_complex' retrieved from /home/airflow/.local/lib/python3.12/site-packages/airflow/example_dags/example_complex.py
[2025-05-12T08:41:05.716+0000] {logging_mixin.py:190} INFO - [2025-05-12T08:41:05.715+0000] {dag.py:3239} INFO - Sync 1 DAGs
[2025-05-12T08:41:05.734+0000] {logging_mixin.py:190} INFO - [2025-05-12T08:41:05.734+0000] {dag.py:4180} INFO - Setting next_dagrun for example_complex to None, run_after=None
[2025-05-12T08:41:05.760+0000] {processor.py:208} INFO - Processing /home/airflow/.local/lib/python3.12/site-packages/airflow/example_dags/example_complex.py took 0.107 seconds
[2025-05-12T08:41:36.419+0000] {processor.py:186} INFO - Started process (PID=1480) to work on /home/airflow/.local/lib/python3.12/site-packages/airflow/example_dags/example_complex.py
[2025-05-12T08:41:36.420+0000] {processor.py:914} INFO - Processing file /home/airflow/.local/lib/python3.12/site-packages/airflow/example_dags/example_complex.py for tasks to queue
[2025-05-12T08:41:36.422+0000] {logging_mixin.py:190} INFO - [2025-05-12T08:41:36.421+0000] {dagbag.py:588} INFO - Filling up the DagBag from /home/airflow/.local/lib/python3.12/site-packages/airflow/example_dags/example_complex.py
[2025-05-12T08:41:36.437+0000] {processor.py:925} INFO - DAG(s) 'example_complex' retrieved from /home/airflow/.local/lib/python3.12/site-packages/airflow/example_dags/example_complex.py
[2025-05-12T08:41:36.480+0000] {logging_mixin.py:190} INFO - [2025-05-12T08:41:36.480+0000] {dag.py:3239} INFO - Sync 1 DAGs
[2025-05-12T08:41:36.499+0000] {logging_mixin.py:190} INFO - [2025-05-12T08:41:36.498+0000] {dag.py:4180} INFO - Setting next_dagrun for example_complex to None, run_after=None
[2025-05-12T08:41:36.531+0000] {processor.py:208} INFO - Processing /home/airflow/.local/lib/python3.12/site-packages/airflow/example_dags/example_complex.py took 0.120 seconds
[2025-05-12T08:42:07.452+0000] {processor.py:186} INFO - Started process (PID=1562) to work on /home/airflow/.local/lib/python3.12/site-packages/airflow/example_dags/example_complex.py
[2025-05-12T08:42:07.454+0000] {processor.py:914} INFO - Processing file /home/airflow/.local/lib/python3.12/site-packages/airflow/example_dags/example_complex.py for tasks to queue
[2025-05-12T08:42:07.456+0000] {logging_mixin.py:190} INFO - [2025-05-12T08:42:07.455+0000] {dagbag.py:588} INFO - Filling up the DagBag from /home/airflow/.local/lib/python3.12/site-packages/airflow/example_dags/example_complex.py
[2025-05-12T08:42:07.471+0000] {processor.py:925} INFO - DAG(s) 'example_complex' retrieved from /home/airflow/.local/lib/python3.12/site-packages/airflow/example_dags/example_complex.py
[2025-05-12T08:42:07.509+0000] {logging_mixin.py:190} INFO - [2025-05-12T08:42:07.509+0000] {dag.py:3239} INFO - Sync 1 DAGs
[2025-05-12T08:42:07.527+0000] {logging_mixin.py:190} INFO - [2025-05-12T08:42:07.527+0000] {dag.py:4180} INFO - Setting next_dagrun for example_complex to None, run_after=None
[2025-05-12T08:42:07.549+0000] {processor.py:208} INFO - Processing /home/airflow/.local/lib/python3.12/site-packages/airflow/example_dags/example_complex.py took 0.104 seconds
[2025-05-12T08:42:37.869+0000] {processor.py:186} INFO - Started process (PID=1644) to work on /home/airflow/.local/lib/python3.12/site-packages/airflow/example_dags/example_complex.py
[2025-05-12T08:42:37.870+0000] {processor.py:914} INFO - Processing file /home/airflow/.local/lib/python3.12/site-packages/airflow/example_dags/example_complex.py for tasks to queue
[2025-05-12T08:42:37.871+0000] {logging_mixin.py:190} INFO - [2025-05-12T08:42:37.871+0000] {dagbag.py:588} INFO - Filling up the DagBag from /home/airflow/.local/lib/python3.12/site-packages/airflow/example_dags/example_complex.py
[2025-05-12T08:42:37.884+0000] {processor.py:925} INFO - DAG(s) 'example_complex' retrieved from /home/airflow/.local/lib/python3.12/site-packages/airflow/example_dags/example_complex.py
[2025-05-12T08:42:37.918+0000] {logging_mixin.py:190} INFO - [2025-05-12T08:42:37.918+0000] {dag.py:3239} INFO - Sync 1 DAGs
[2025-05-12T08:42:37.934+0000] {logging_mixin.py:190} INFO - [2025-05-12T08:42:37.933+0000] {dag.py:4180} INFO - Setting next_dagrun for example_complex to None, run_after=None
[2025-05-12T08:42:37.958+0000] {processor.py:208} INFO - Processing /home/airflow/.local/lib/python3.12/site-packages/airflow/example_dags/example_complex.py took 0.096 seconds
[2025-05-12T08:43:08.569+0000] {processor.py:186} INFO - Started process (PID=1721) to work on /home/airflow/.local/lib/python3.12/site-packages/airflow/example_dags/example_complex.py
[2025-05-12T08:43:08.570+0000] {processor.py:914} INFO - Processing file /home/airflow/.local/lib/python3.12/site-packages/airflow/example_dags/example_complex.py for tasks to queue
[2025-05-12T08:43:08.571+0000] {logging_mixin.py:190} INFO - [2025-05-12T08:43:08.571+0000] {dagbag.py:588} INFO - Filling up the DagBag from /home/airflow/.local/lib/python3.12/site-packages/airflow/example_dags/example_complex.py
[2025-05-12T08:43:08.582+0000] {processor.py:925} INFO - DAG(s) 'example_complex' retrieved from /home/airflow/.local/lib/python3.12/site-packages/airflow/example_dags/example_complex.py
[2025-05-12T08:43:08.612+0000] {logging_mixin.py:190} INFO - [2025-05-12T08:43:08.612+0000] {dag.py:3239} INFO - Sync 1 DAGs
[2025-05-12T08:43:08.627+0000] {logging_mixin.py:190} INFO - [2025-05-12T08:43:08.627+0000] {dag.py:4180} INFO - Setting next_dagrun for example_complex to None, run_after=None
[2025-05-12T08:43:08.646+0000] {processor.py:208} INFO - Processing /home/airflow/.local/lib/python3.12/site-packages/airflow/example_dags/example_complex.py took 0.083 seconds
[2025-05-12T08:43:38.887+0000] {processor.py:186} INFO - Started process (PID=1802) to work on /home/airflow/.local/lib/python3.12/site-packages/airflow/example_dags/example_complex.py
[2025-05-12T08:43:38.888+0000] {processor.py:914} INFO - Processing file /home/airflow/.local/lib/python3.12/site-packages/airflow/example_dags/example_complex.py for tasks to queue
[2025-05-12T08:43:38.891+0000] {logging_mixin.py:190} INFO - [2025-05-12T08:43:38.890+0000] {dagbag.py:588} INFO - Filling up the DagBag from /home/airflow/.local/lib/python3.12/site-packages/airflow/example_dags/example_complex.py
[2025-05-12T08:43:38.908+0000] {processor.py:925} INFO - DAG(s) 'example_complex' retrieved from /home/airflow/.local/lib/python3.12/site-packages/airflow/example_dags/example_complex.py
[2025-05-12T08:43:38.956+0000] {logging_mixin.py:190} INFO - [2025-05-12T08:43:38.956+0000] {dag.py:3239} INFO - Sync 1 DAGs
[2025-05-12T08:43:38.981+0000] {logging_mixin.py:190} INFO - [2025-05-12T08:43:38.979+0000] {dag.py:4180} INFO - Setting next_dagrun for example_complex to None, run_after=None
[2025-05-12T08:43:39.010+0000] {processor.py:208} INFO - Processing /home/airflow/.local/lib/python3.12/site-packages/airflow/example_dags/example_complex.py took 0.130 seconds
[2025-05-12T08:44:09.240+0000] {processor.py:186} INFO - Started process (PID=1883) to work on /home/airflow/.local/lib/python3.12/site-packages/airflow/example_dags/example_complex.py
[2025-05-12T08:44:09.244+0000] {processor.py:914} INFO - Processing file /home/airflow/.local/lib/python3.12/site-packages/airflow/example_dags/example_complex.py for tasks to queue
[2025-05-12T08:44:09.246+0000] {logging_mixin.py:190} INFO - [2025-05-12T08:44:09.245+0000] {dagbag.py:588} INFO - Filling up the DagBag from /home/airflow/.local/lib/python3.12/site-packages/airflow/example_dags/example_complex.py
[2025-05-12T08:44:09.271+0000] {processor.py:925} INFO - DAG(s) 'example_complex' retrieved from /home/airflow/.local/lib/python3.12/site-packages/airflow/example_dags/example_complex.py
[2025-05-12T08:44:09.324+0000] {logging_mixin.py:190} INFO - [2025-05-12T08:44:09.324+0000] {dag.py:3239} INFO - Sync 1 DAGs
[2025-05-12T08:44:09.349+0000] {logging_mixin.py:190} INFO - [2025-05-12T08:44:09.349+0000] {dag.py:4180} INFO - Setting next_dagrun for example_complex to None, run_after=None
[2025-05-12T08:44:09.381+0000] {processor.py:208} INFO - Processing /home/airflow/.local/lib/python3.12/site-packages/airflow/example_dags/example_complex.py took 0.151 seconds
[2025-05-12T08:44:39.458+0000] {processor.py:186} INFO - Started process (PID=1965) to work on /home/airflow/.local/lib/python3.12/site-packages/airflow/example_dags/example_complex.py
[2025-05-12T08:44:39.460+0000] {processor.py:914} INFO - Processing file /home/airflow/.local/lib/python3.12/site-packages/airflow/example_dags/example_complex.py for tasks to queue
[2025-05-12T08:44:39.462+0000] {logging_mixin.py:190} INFO - [2025-05-12T08:44:39.462+0000] {dagbag.py:588} INFO - Filling up the DagBag from /home/airflow/.local/lib/python3.12/site-packages/airflow/example_dags/example_complex.py
[2025-05-12T08:44:39.480+0000] {processor.py:925} INFO - DAG(s) 'example_complex' retrieved from /home/airflow/.local/lib/python3.12/site-packages/airflow/example_dags/example_complex.py
[2025-05-12T08:44:39.525+0000] {logging_mixin.py:190} INFO - [2025-05-12T08:44:39.525+0000] {dag.py:3239} INFO - Sync 1 DAGs
[2025-05-12T08:44:39.548+0000] {logging_mixin.py:190} INFO - [2025-05-12T08:44:39.548+0000] {dag.py:4180} INFO - Setting next_dagrun for example_complex to None, run_after=None
[2025-05-12T08:44:39.580+0000] {processor.py:208} INFO - Processing /home/airflow/.local/lib/python3.12/site-packages/airflow/example_dags/example_complex.py took 0.132 seconds
[2025-05-12T08:45:10.022+0000] {processor.py:186} INFO - Started process (PID=2047) to work on /home/airflow/.local/lib/python3.12/site-packages/airflow/example_dags/example_complex.py
[2025-05-12T08:45:10.024+0000] {processor.py:914} INFO - Processing file /home/airflow/.local/lib/python3.12/site-packages/airflow/example_dags/example_complex.py for tasks to queue
[2025-05-12T08:45:10.026+0000] {logging_mixin.py:190} INFO - [2025-05-12T08:45:10.025+0000] {dagbag.py:588} INFO - Filling up the DagBag from /home/airflow/.local/lib/python3.12/site-packages/airflow/example_dags/example_complex.py
[2025-05-12T08:45:10.043+0000] {processor.py:925} INFO - DAG(s) 'example_complex' retrieved from /home/airflow/.local/lib/python3.12/site-packages/airflow/example_dags/example_complex.py
[2025-05-12T08:45:10.099+0000] {logging_mixin.py:190} INFO - [2025-05-12T08:45:10.099+0000] {dag.py:3239} INFO - Sync 1 DAGs
[2025-05-12T08:45:10.122+0000] {logging_mixin.py:190} INFO - [2025-05-12T08:45:10.121+0000] {dag.py:4180} INFO - Setting next_dagrun for example_complex to None, run_after=None
[2025-05-12T08:45:10.150+0000] {processor.py:208} INFO - Processing /home/airflow/.local/lib/python3.12/site-packages/airflow/example_dags/example_complex.py took 0.137 seconds
[2025-05-12T08:45:40.361+0000] {processor.py:186} INFO - Started process (PID=2129) to work on /home/airflow/.local/lib/python3.12/site-packages/airflow/example_dags/example_complex.py
[2025-05-12T08:45:40.363+0000] {processor.py:914} INFO - Processing file /home/airflow/.local/lib/python3.12/site-packages/airflow/example_dags/example_complex.py for tasks to queue
[2025-05-12T08:45:40.365+0000] {logging_mixin.py:190} INFO - [2025-05-12T08:45:40.364+0000] {dagbag.py:588} INFO - Filling up the DagBag from /home/airflow/.local/lib/python3.12/site-packages/airflow/example_dags/example_complex.py
[2025-05-12T08:45:40.383+0000] {processor.py:925} INFO - DAG(s) 'example_complex' retrieved from /home/airflow/.local/lib/python3.12/site-packages/airflow/example_dags/example_complex.py
[2025-05-12T08:45:40.429+0000] {logging_mixin.py:190} INFO - [2025-05-12T08:45:40.428+0000] {dag.py:3239} INFO - Sync 1 DAGs
[2025-05-12T08:45:40.451+0000] {logging_mixin.py:190} INFO - [2025-05-12T08:45:40.451+0000] {dag.py:4180} INFO - Setting next_dagrun for example_complex to None, run_after=None
[2025-05-12T08:45:40.483+0000] {processor.py:208} INFO - Processing /home/airflow/.local/lib/python3.12/site-packages/airflow/example_dags/example_complex.py took 0.131 seconds
[2025-05-12T08:46:10.684+0000] {processor.py:186} INFO - Started process (PID=2211) to work on /home/airflow/.local/lib/python3.12/site-packages/airflow/example_dags/example_complex.py
[2025-05-12T08:46:10.686+0000] {processor.py:914} INFO - Processing file /home/airflow/.local/lib/python3.12/site-packages/airflow/example_dags/example_complex.py for tasks to queue
[2025-05-12T08:46:10.688+0000] {logging_mixin.py:190} INFO - [2025-05-12T08:46:10.687+0000] {dagbag.py:588} INFO - Filling up the DagBag from /home/airflow/.local/lib/python3.12/site-packages/airflow/example_dags/example_complex.py
[2025-05-12T08:46:10.708+0000] {processor.py:925} INFO - DAG(s) 'example_complex' retrieved from /home/airflow/.local/lib/python3.12/site-packages/airflow/example_dags/example_complex.py
[2025-05-12T08:46:10.762+0000] {logging_mixin.py:190} INFO - [2025-05-12T08:46:10.762+0000] {dag.py:3239} INFO - Sync 1 DAGs
[2025-05-12T08:46:10.788+0000] {logging_mixin.py:190} INFO - [2025-05-12T08:46:10.788+0000] {dag.py:4180} INFO - Setting next_dagrun for example_complex to None, run_after=None
[2025-05-12T08:46:10.818+0000] {processor.py:208} INFO - Processing /home/airflow/.local/lib/python3.12/site-packages/airflow/example_dags/example_complex.py took 0.143 seconds
[2025-05-12T08:46:40.996+0000] {processor.py:186} INFO - Started process (PID=2293) to work on /home/airflow/.local/lib/python3.12/site-packages/airflow/example_dags/example_complex.py
[2025-05-12T08:46:40.998+0000] {processor.py:914} INFO - Processing file /home/airflow/.local/lib/python3.12/site-packages/airflow/example_dags/example_complex.py for tasks to queue
[2025-05-12T08:46:41.000+0000] {logging_mixin.py:190} INFO - [2025-05-12T08:46:40.999+0000] {dagbag.py:588} INFO - Filling up the DagBag from /home/airflow/.local/lib/python3.12/site-packages/airflow/example_dags/example_complex.py
[2025-05-12T08:46:41.017+0000] {processor.py:925} INFO - DAG(s) 'example_complex' retrieved from /home/airflow/.local/lib/python3.12/site-packages/airflow/example_dags/example_complex.py
[2025-05-12T08:46:41.058+0000] {logging_mixin.py:190} INFO - [2025-05-12T08:46:41.058+0000] {dag.py:3239} INFO - Sync 1 DAGs
[2025-05-12T08:46:41.079+0000] {logging_mixin.py:190} INFO - [2025-05-12T08:46:41.079+0000] {dag.py:4180} INFO - Setting next_dagrun for example_complex to None, run_after=None
[2025-05-12T08:46:41.105+0000] {processor.py:208} INFO - Processing /home/airflow/.local/lib/python3.12/site-packages/airflow/example_dags/example_complex.py took 0.117 seconds
[2025-05-12T08:47:12.102+0000] {processor.py:186} INFO - Started process (PID=2375) to work on /home/airflow/.local/lib/python3.12/site-packages/airflow/example_dags/example_complex.py
[2025-05-12T08:47:12.105+0000] {processor.py:914} INFO - Processing file /home/airflow/.local/lib/python3.12/site-packages/airflow/example_dags/example_complex.py for tasks to queue
[2025-05-12T08:47:12.107+0000] {logging_mixin.py:190} INFO - [2025-05-12T08:47:12.107+0000] {dagbag.py:588} INFO - Filling up the DagBag from /home/airflow/.local/lib/python3.12/site-packages/airflow/example_dags/example_complex.py
[2025-05-12T08:47:12.126+0000] {processor.py:925} INFO - DAG(s) 'example_complex' retrieved from /home/airflow/.local/lib/python3.12/site-packages/airflow/example_dags/example_complex.py
[2025-05-12T08:47:12.167+0000] {logging_mixin.py:190} INFO - [2025-05-12T08:47:12.166+0000] {dag.py:3239} INFO - Sync 1 DAGs
[2025-05-12T08:47:12.191+0000] {logging_mixin.py:190} INFO - [2025-05-12T08:47:12.191+0000] {dag.py:4180} INFO - Setting next_dagrun for example_complex to None, run_after=None
[2025-05-12T08:47:12.216+0000] {processor.py:208} INFO - Processing /home/airflow/.local/lib/python3.12/site-packages/airflow/example_dags/example_complex.py took 0.123 seconds
[2025-05-12T08:47:42.331+0000] {processor.py:186} INFO - Started process (PID=2457) to work on /home/airflow/.local/lib/python3.12/site-packages/airflow/example_dags/example_complex.py
[2025-05-12T08:47:42.332+0000] {processor.py:914} INFO - Processing file /home/airflow/.local/lib/python3.12/site-packages/airflow/example_dags/example_complex.py for tasks to queue
[2025-05-12T08:47:42.334+0000] {logging_mixin.py:190} INFO - [2025-05-12T08:47:42.333+0000] {dagbag.py:588} INFO - Filling up the DagBag from /home/airflow/.local/lib/python3.12/site-packages/airflow/example_dags/example_complex.py
[2025-05-12T08:47:42.348+0000] {processor.py:925} INFO - DAG(s) 'example_complex' retrieved from /home/airflow/.local/lib/python3.12/site-packages/airflow/example_dags/example_complex.py
[2025-05-12T08:47:42.390+0000] {logging_mixin.py:190} INFO - [2025-05-12T08:47:42.389+0000] {dag.py:3239} INFO - Sync 1 DAGs
[2025-05-12T08:47:42.409+0000] {logging_mixin.py:190} INFO - [2025-05-12T08:47:42.409+0000] {dag.py:4180} INFO - Setting next_dagrun for example_complex to None, run_after=None
[2025-05-12T08:47:42.439+0000] {processor.py:208} INFO - Processing /home/airflow/.local/lib/python3.12/site-packages/airflow/example_dags/example_complex.py took 0.115 seconds
[2025-05-12T08:48:12.724+0000] {processor.py:186} INFO - Started process (PID=2539) to work on /home/airflow/.local/lib/python3.12/site-packages/airflow/example_dags/example_complex.py
[2025-05-12T08:48:12.726+0000] {processor.py:914} INFO - Processing file /home/airflow/.local/lib/python3.12/site-packages/airflow/example_dags/example_complex.py for tasks to queue
[2025-05-12T08:48:12.727+0000] {logging_mixin.py:190} INFO - [2025-05-12T08:48:12.727+0000] {dagbag.py:588} INFO - Filling up the DagBag from /home/airflow/.local/lib/python3.12/site-packages/airflow/example_dags/example_complex.py
[2025-05-12T08:48:12.742+0000] {processor.py:925} INFO - DAG(s) 'example_complex' retrieved from /home/airflow/.local/lib/python3.12/site-packages/airflow/example_dags/example_complex.py
[2025-05-12T08:48:12.783+0000] {logging_mixin.py:190} INFO - [2025-05-12T08:48:12.783+0000] {dag.py:3239} INFO - Sync 1 DAGs
[2025-05-12T08:48:12.801+0000] {logging_mixin.py:190} INFO - [2025-05-12T08:48:12.801+0000] {dag.py:4180} INFO - Setting next_dagrun for example_complex to None, run_after=None
[2025-05-12T08:48:12.826+0000] {processor.py:208} INFO - Processing /home/airflow/.local/lib/python3.12/site-packages/airflow/example_dags/example_complex.py took 0.109 seconds
[2025-05-12T08:48:43.284+0000] {processor.py:186} INFO - Started process (PID=2621) to work on /home/airflow/.local/lib/python3.12/site-packages/airflow/example_dags/example_complex.py
[2025-05-12T08:48:43.285+0000] {processor.py:914} INFO - Processing file /home/airflow/.local/lib/python3.12/site-packages/airflow/example_dags/example_complex.py for tasks to queue
[2025-05-12T08:48:43.287+0000] {logging_mixin.py:190} INFO - [2025-05-12T08:48:43.286+0000] {dagbag.py:588} INFO - Filling up the DagBag from /home/airflow/.local/lib/python3.12/site-packages/airflow/example_dags/example_complex.py
[2025-05-12T08:48:43.302+0000] {processor.py:925} INFO - DAG(s) 'example_complex' retrieved from /home/airflow/.local/lib/python3.12/site-packages/airflow/example_dags/example_complex.py
[2025-05-12T08:48:43.347+0000] {logging_mixin.py:190} INFO - [2025-05-12T08:48:43.347+0000] {dag.py:3239} INFO - Sync 1 DAGs
[2025-05-12T08:48:43.366+0000] {logging_mixin.py:190} INFO - [2025-05-12T08:48:43.366+0000] {dag.py:4180} INFO - Setting next_dagrun for example_complex to None, run_after=None
[2025-05-12T08:48:43.396+0000] {processor.py:208} INFO - Processing /home/airflow/.local/lib/python3.12/site-packages/airflow/example_dags/example_complex.py took 0.122 seconds
[2025-05-12T08:49:13.971+0000] {processor.py:186} INFO - Started process (PID=2702) to work on /home/airflow/.local/lib/python3.12/site-packages/airflow/example_dags/example_complex.py
[2025-05-12T08:49:13.972+0000] {processor.py:914} INFO - Processing file /home/airflow/.local/lib/python3.12/site-packages/airflow/example_dags/example_complex.py for tasks to queue
[2025-05-12T08:49:13.973+0000] {logging_mixin.py:190} INFO - [2025-05-12T08:49:13.973+0000] {dagbag.py:588} INFO - Filling up the DagBag from /home/airflow/.local/lib/python3.12/site-packages/airflow/example_dags/example_complex.py
[2025-05-12T08:49:13.988+0000] {processor.py:925} INFO - DAG(s) 'example_complex' retrieved from /home/airflow/.local/lib/python3.12/site-packages/airflow/example_dags/example_complex.py
[2025-05-12T08:49:14.028+0000] {logging_mixin.py:190} INFO - [2025-05-12T08:49:14.028+0000] {dag.py:3239} INFO - Sync 1 DAGs
[2025-05-12T08:49:14.046+0000] {logging_mixin.py:190} INFO - [2025-05-12T08:49:14.046+0000] {dag.py:4180} INFO - Setting next_dagrun for example_complex to None, run_after=None
[2025-05-12T08:49:14.074+0000] {processor.py:208} INFO - Processing /home/airflow/.local/lib/python3.12/site-packages/airflow/example_dags/example_complex.py took 0.110 seconds
[2025-05-12T08:49:44.158+0000] {processor.py:186} INFO - Started process (PID=2784) to work on /home/airflow/.local/lib/python3.12/site-packages/airflow/example_dags/example_complex.py
[2025-05-12T08:49:44.159+0000] {processor.py:914} INFO - Processing file /home/airflow/.local/lib/python3.12/site-packages/airflow/example_dags/example_complex.py for tasks to queue
[2025-05-12T08:49:44.161+0000] {logging_mixin.py:190} INFO - [2025-05-12T08:49:44.160+0000] {dagbag.py:588} INFO - Filling up the DagBag from /home/airflow/.local/lib/python3.12/site-packages/airflow/example_dags/example_complex.py
[2025-05-12T08:49:44.175+0000] {processor.py:925} INFO - DAG(s) 'example_complex' retrieved from /home/airflow/.local/lib/python3.12/site-packages/airflow/example_dags/example_complex.py
[2025-05-12T08:49:44.218+0000] {logging_mixin.py:190} INFO - [2025-05-12T08:49:44.218+0000] {dag.py:3239} INFO - Sync 1 DAGs
[2025-05-12T08:49:44.237+0000] {logging_mixin.py:190} INFO - [2025-05-12T08:49:44.237+0000] {dag.py:4180} INFO - Setting next_dagrun for example_complex to None, run_after=None
[2025-05-12T08:49:44.259+0000] {processor.py:208} INFO - Processing /home/airflow/.local/lib/python3.12/site-packages/airflow/example_dags/example_complex.py took 0.109 seconds
[2025-05-12T08:50:14.380+0000] {processor.py:186} INFO - Started process (PID=2866) to work on /home/airflow/.local/lib/python3.12/site-packages/airflow/example_dags/example_complex.py
[2025-05-12T08:50:14.381+0000] {processor.py:914} INFO - Processing file /home/airflow/.local/lib/python3.12/site-packages/airflow/example_dags/example_complex.py for tasks to queue
[2025-05-12T08:50:14.383+0000] {logging_mixin.py:190} INFO - [2025-05-12T08:50:14.383+0000] {dagbag.py:588} INFO - Filling up the DagBag from /home/airflow/.local/lib/python3.12/site-packages/airflow/example_dags/example_complex.py
[2025-05-12T08:50:14.397+0000] {processor.py:925} INFO - DAG(s) 'example_complex' retrieved from /home/airflow/.local/lib/python3.12/site-packages/airflow/example_dags/example_complex.py
[2025-05-12T08:50:14.442+0000] {logging_mixin.py:190} INFO - [2025-05-12T08:50:14.441+0000] {dag.py:3239} INFO - Sync 1 DAGs
[2025-05-12T08:50:14.460+0000] {logging_mixin.py:190} INFO - [2025-05-12T08:50:14.460+0000] {dag.py:4180} INFO - Setting next_dagrun for example_complex to None, run_after=None
[2025-05-12T08:50:14.487+0000] {processor.py:208} INFO - Processing /home/airflow/.local/lib/python3.12/site-packages/airflow/example_dags/example_complex.py took 0.114 seconds
[2025-05-12T08:50:45.051+0000] {processor.py:186} INFO - Started process (PID=2948) to work on /home/airflow/.local/lib/python3.12/site-packages/airflow/example_dags/example_complex.py
[2025-05-12T08:50:45.070+0000] {processor.py:914} INFO - Processing file /home/airflow/.local/lib/python3.12/site-packages/airflow/example_dags/example_complex.py for tasks to queue
[2025-05-12T08:50:45.072+0000] {logging_mixin.py:190} INFO - [2025-05-12T08:50:45.071+0000] {dagbag.py:588} INFO - Filling up the DagBag from /home/airflow/.local/lib/python3.12/site-packages/airflow/example_dags/example_complex.py
[2025-05-12T08:50:45.086+0000] {processor.py:925} INFO - DAG(s) 'example_complex' retrieved from /home/airflow/.local/lib/python3.12/site-packages/airflow/example_dags/example_complex.py
[2025-05-12T08:50:45.126+0000] {logging_mixin.py:190} INFO - [2025-05-12T08:50:45.125+0000] {dag.py:3239} INFO - Sync 1 DAGs
[2025-05-12T08:50:45.145+0000] {logging_mixin.py:190} INFO - [2025-05-12T08:50:45.144+0000] {dag.py:4180} INFO - Setting next_dagrun for example_complex to None, run_after=None
[2025-05-12T08:50:45.187+0000] {processor.py:208} INFO - Processing /home/airflow/.local/lib/python3.12/site-packages/airflow/example_dags/example_complex.py took 0.144 seconds
[2025-05-12T08:51:16.475+0000] {processor.py:186} INFO - Started process (PID=3030) to work on /home/airflow/.local/lib/python3.12/site-packages/airflow/example_dags/example_complex.py
[2025-05-12T08:51:16.476+0000] {processor.py:914} INFO - Processing file /home/airflow/.local/lib/python3.12/site-packages/airflow/example_dags/example_complex.py for tasks to queue
[2025-05-12T08:51:16.477+0000] {logging_mixin.py:190} INFO - [2025-05-12T08:51:16.477+0000] {dagbag.py:588} INFO - Filling up the DagBag from /home/airflow/.local/lib/python3.12/site-packages/airflow/example_dags/example_complex.py
[2025-05-12T08:51:16.492+0000] {processor.py:925} INFO - DAG(s) 'example_complex' retrieved from /home/airflow/.local/lib/python3.12/site-packages/airflow/example_dags/example_complex.py
[2025-05-12T08:51:16.533+0000] {logging_mixin.py:190} INFO - [2025-05-12T08:51:16.533+0000] {dag.py:3239} INFO - Sync 1 DAGs
[2025-05-12T08:51:16.555+0000] {logging_mixin.py:190} INFO - [2025-05-12T08:51:16.555+0000] {dag.py:4180} INFO - Setting next_dagrun for example_complex to None, run_after=None
[2025-05-12T08:51:16.581+0000] {processor.py:208} INFO - Processing /home/airflow/.local/lib/python3.12/site-packages/airflow/example_dags/example_complex.py took 0.114 seconds
[2025-05-12T08:51:46.817+0000] {processor.py:186} INFO - Started process (PID=3112) to work on /home/airflow/.local/lib/python3.12/site-packages/airflow/example_dags/example_complex.py
[2025-05-12T08:51:46.818+0000] {processor.py:914} INFO - Processing file /home/airflow/.local/lib/python3.12/site-packages/airflow/example_dags/example_complex.py for tasks to queue
[2025-05-12T08:51:46.820+0000] {logging_mixin.py:190} INFO - [2025-05-12T08:51:46.819+0000] {dagbag.py:588} INFO - Filling up the DagBag from /home/airflow/.local/lib/python3.12/site-packages/airflow/example_dags/example_complex.py
[2025-05-12T08:51:46.834+0000] {processor.py:925} INFO - DAG(s) 'example_complex' retrieved from /home/airflow/.local/lib/python3.12/site-packages/airflow/example_dags/example_complex.py
[2025-05-12T08:51:46.877+0000] {logging_mixin.py:190} INFO - [2025-05-12T08:51:46.876+0000] {dag.py:3239} INFO - Sync 1 DAGs
[2025-05-12T08:51:46.897+0000] {logging_mixin.py:190} INFO - [2025-05-12T08:51:46.896+0000] {dag.py:4180} INFO - Setting next_dagrun for example_complex to None, run_after=None
[2025-05-12T08:51:46.931+0000] {processor.py:208} INFO - Processing /home/airflow/.local/lib/python3.12/site-packages/airflow/example_dags/example_complex.py took 0.122 seconds
[2025-05-12T08:52:17.527+0000] {processor.py:186} INFO - Started process (PID=3192) to work on /home/airflow/.local/lib/python3.12/site-packages/airflow/example_dags/example_complex.py
[2025-05-12T08:52:17.529+0000] {processor.py:914} INFO - Processing file /home/airflow/.local/lib/python3.12/site-packages/airflow/example_dags/example_complex.py for tasks to queue
[2025-05-12T08:52:17.531+0000] {logging_mixin.py:190} INFO - [2025-05-12T08:52:17.530+0000] {dagbag.py:588} INFO - Filling up the DagBag from /home/airflow/.local/lib/python3.12/site-packages/airflow/example_dags/example_complex.py
[2025-05-12T08:52:17.551+0000] {processor.py:925} INFO - DAG(s) 'example_complex' retrieved from /home/airflow/.local/lib/python3.12/site-packages/airflow/example_dags/example_complex.py
[2025-05-12T08:52:17.588+0000] {logging_mixin.py:190} INFO - [2025-05-12T08:52:17.587+0000] {dag.py:3239} INFO - Sync 1 DAGs
[2025-05-12T08:52:17.606+0000] {logging_mixin.py:190} INFO - [2025-05-12T08:52:17.606+0000] {dag.py:4180} INFO - Setting next_dagrun for example_complex to None, run_after=None
[2025-05-12T08:52:17.629+0000] {processor.py:208} INFO - Processing /home/airflow/.local/lib/python3.12/site-packages/airflow/example_dags/example_complex.py took 0.109 seconds
[2025-05-12T08:52:47.874+0000] {processor.py:186} INFO - Started process (PID=3274) to work on /home/airflow/.local/lib/python3.12/site-packages/airflow/example_dags/example_complex.py
[2025-05-12T08:52:47.875+0000] {processor.py:914} INFO - Processing file /home/airflow/.local/lib/python3.12/site-packages/airflow/example_dags/example_complex.py for tasks to queue
[2025-05-12T08:52:47.877+0000] {logging_mixin.py:190} INFO - [2025-05-12T08:52:47.876+0000] {dagbag.py:588} INFO - Filling up the DagBag from /home/airflow/.local/lib/python3.12/site-packages/airflow/example_dags/example_complex.py
[2025-05-12T08:52:47.891+0000] {processor.py:925} INFO - DAG(s) 'example_complex' retrieved from /home/airflow/.local/lib/python3.12/site-packages/airflow/example_dags/example_complex.py
[2025-05-12T08:52:47.923+0000] {logging_mixin.py:190} INFO - [2025-05-12T08:52:47.923+0000] {dag.py:3239} INFO - Sync 1 DAGs
[2025-05-12T08:52:47.938+0000] {logging_mixin.py:190} INFO - [2025-05-12T08:52:47.938+0000] {dag.py:4180} INFO - Setting next_dagrun for example_complex to None, run_after=None
[2025-05-12T08:52:47.962+0000] {processor.py:208} INFO - Processing /home/airflow/.local/lib/python3.12/site-packages/airflow/example_dags/example_complex.py took 0.096 seconds
[2025-05-12T08:53:18.775+0000] {processor.py:186} INFO - Started process (PID=3356) to work on /home/airflow/.local/lib/python3.12/site-packages/airflow/example_dags/example_complex.py
[2025-05-12T08:53:18.776+0000] {processor.py:914} INFO - Processing file /home/airflow/.local/lib/python3.12/site-packages/airflow/example_dags/example_complex.py for tasks to queue
[2025-05-12T08:53:18.777+0000] {logging_mixin.py:190} INFO - [2025-05-12T08:53:18.777+0000] {dagbag.py:588} INFO - Filling up the DagBag from /home/airflow/.local/lib/python3.12/site-packages/airflow/example_dags/example_complex.py
[2025-05-12T08:53:18.789+0000] {processor.py:925} INFO - DAG(s) 'example_complex' retrieved from /home/airflow/.local/lib/python3.12/site-packages/airflow/example_dags/example_complex.py
[2025-05-12T08:53:18.821+0000] {logging_mixin.py:190} INFO - [2025-05-12T08:53:18.820+0000] {dag.py:3239} INFO - Sync 1 DAGs
[2025-05-12T08:53:18.836+0000] {logging_mixin.py:190} INFO - [2025-05-12T08:53:18.836+0000] {dag.py:4180} INFO - Setting next_dagrun for example_complex to None, run_after=None
[2025-05-12T08:53:18.862+0000] {processor.py:208} INFO - Processing /home/airflow/.local/lib/python3.12/site-packages/airflow/example_dags/example_complex.py took 0.094 seconds
[2025-05-12T08:53:49.107+0000] {processor.py:186} INFO - Started process (PID=3438) to work on /home/airflow/.local/lib/python3.12/site-packages/airflow/example_dags/example_complex.py
[2025-05-12T08:53:49.111+0000] {processor.py:914} INFO - Processing file /home/airflow/.local/lib/python3.12/site-packages/airflow/example_dags/example_complex.py for tasks to queue
[2025-05-12T08:53:49.113+0000] {logging_mixin.py:190} INFO - [2025-05-12T08:53:49.113+0000] {dagbag.py:588} INFO - Filling up the DagBag from /home/airflow/.local/lib/python3.12/site-packages/airflow/example_dags/example_complex.py
[2025-05-12T08:53:49.126+0000] {processor.py:925} INFO - DAG(s) 'example_complex' retrieved from /home/airflow/.local/lib/python3.12/site-packages/airflow/example_dags/example_complex.py
[2025-05-12T08:53:49.162+0000] {logging_mixin.py:190} INFO - [2025-05-12T08:53:49.161+0000] {dag.py:3239} INFO - Sync 1 DAGs
[2025-05-12T08:53:49.179+0000] {logging_mixin.py:190} INFO - [2025-05-12T08:53:49.179+0000] {dag.py:4180} INFO - Setting next_dagrun for example_complex to None, run_after=None
[2025-05-12T08:53:49.208+0000] {processor.py:208} INFO - Processing /home/airflow/.local/lib/python3.12/site-packages/airflow/example_dags/example_complex.py took 0.107 seconds
[2025-05-12T08:54:19.667+0000] {processor.py:186} INFO - Started process (PID=3520) to work on /home/airflow/.local/lib/python3.12/site-packages/airflow/example_dags/example_complex.py
[2025-05-12T08:54:19.671+0000] {processor.py:914} INFO - Processing file /home/airflow/.local/lib/python3.12/site-packages/airflow/example_dags/example_complex.py for tasks to queue
[2025-05-12T08:54:19.675+0000] {logging_mixin.py:190} INFO - [2025-05-12T08:54:19.674+0000] {dagbag.py:588} INFO - Filling up the DagBag from /home/airflow/.local/lib/python3.12/site-packages/airflow/example_dags/example_complex.py
[2025-05-12T08:54:19.720+0000] {processor.py:925} INFO - DAG(s) 'example_complex' retrieved from /home/airflow/.local/lib/python3.12/site-packages/airflow/example_dags/example_complex.py
[2025-05-12T08:54:19.821+0000] {logging_mixin.py:190} INFO - [2025-05-12T08:54:19.820+0000] {dag.py:3239} INFO - Sync 1 DAGs
[2025-05-12T08:54:19.856+0000] {logging_mixin.py:190} INFO - [2025-05-12T08:54:19.855+0000] {dag.py:4180} INFO - Setting next_dagrun for example_complex to None, run_after=None
[2025-05-12T08:54:19.897+0000] {processor.py:208} INFO - Processing /home/airflow/.local/lib/python3.12/site-packages/airflow/example_dags/example_complex.py took 0.256 seconds
[2025-05-12T08:54:50.363+0000] {processor.py:186} INFO - Started process (PID=3602) to work on /home/airflow/.local/lib/python3.12/site-packages/airflow/example_dags/example_complex.py
[2025-05-12T08:54:50.364+0000] {processor.py:914} INFO - Processing file /home/airflow/.local/lib/python3.12/site-packages/airflow/example_dags/example_complex.py for tasks to queue
[2025-05-12T08:54:50.365+0000] {logging_mixin.py:190} INFO - [2025-05-12T08:54:50.365+0000] {dagbag.py:588} INFO - Filling up the DagBag from /home/airflow/.local/lib/python3.12/site-packages/airflow/example_dags/example_complex.py
[2025-05-12T08:54:50.377+0000] {processor.py:925} INFO - DAG(s) 'example_complex' retrieved from /home/airflow/.local/lib/python3.12/site-packages/airflow/example_dags/example_complex.py
[2025-05-12T08:54:50.412+0000] {logging_mixin.py:190} INFO - [2025-05-12T08:54:50.412+0000] {dag.py:3239} INFO - Sync 1 DAGs
[2025-05-12T08:54:50.428+0000] {logging_mixin.py:190} INFO - [2025-05-12T08:54:50.427+0000] {dag.py:4180} INFO - Setting next_dagrun for example_complex to None, run_after=None
[2025-05-12T08:54:50.453+0000] {processor.py:208} INFO - Processing /home/airflow/.local/lib/python3.12/site-packages/airflow/example_dags/example_complex.py took 0.096 seconds
[2025-05-12T08:55:20.718+0000] {processor.py:186} INFO - Started process (PID=3684) to work on /home/airflow/.local/lib/python3.12/site-packages/airflow/example_dags/example_complex.py
[2025-05-12T08:55:20.720+0000] {processor.py:914} INFO - Processing file /home/airflow/.local/lib/python3.12/site-packages/airflow/example_dags/example_complex.py for tasks to queue
[2025-05-12T08:55:20.722+0000] {logging_mixin.py:190} INFO - [2025-05-12T08:55:20.721+0000] {dagbag.py:588} INFO - Filling up the DagBag from /home/airflow/.local/lib/python3.12/site-packages/airflow/example_dags/example_complex.py
[2025-05-12T08:55:20.733+0000] {processor.py:925} INFO - DAG(s) 'example_complex' retrieved from /home/airflow/.local/lib/python3.12/site-packages/airflow/example_dags/example_complex.py
[2025-05-12T08:55:20.769+0000] {logging_mixin.py:190} INFO - [2025-05-12T08:55:20.769+0000] {dag.py:3239} INFO - Sync 1 DAGs
[2025-05-12T08:55:20.784+0000] {logging_mixin.py:190} INFO - [2025-05-12T08:55:20.784+0000] {dag.py:4180} INFO - Setting next_dagrun for example_complex to None, run_after=None
[2025-05-12T08:55:20.812+0000] {processor.py:208} INFO - Processing /home/airflow/.local/lib/python3.12/site-packages/airflow/example_dags/example_complex.py took 0.101 seconds
[2025-05-12T08:55:51.167+0000] {processor.py:186} INFO - Started process (PID=3767) to work on /home/airflow/.local/lib/python3.12/site-packages/airflow/example_dags/example_complex.py
[2025-05-12T08:55:51.169+0000] {processor.py:914} INFO - Processing file /home/airflow/.local/lib/python3.12/site-packages/airflow/example_dags/example_complex.py for tasks to queue
[2025-05-12T08:55:51.172+0000] {logging_mixin.py:190} INFO - [2025-05-12T08:55:51.171+0000] {dagbag.py:588} INFO - Filling up the DagBag from /home/airflow/.local/lib/python3.12/site-packages/airflow/example_dags/example_complex.py
[2025-05-12T08:55:51.190+0000] {processor.py:925} INFO - DAG(s) 'example_complex' retrieved from /home/airflow/.local/lib/python3.12/site-packages/airflow/example_dags/example_complex.py
[2025-05-12T08:55:51.233+0000] {logging_mixin.py:190} INFO - [2025-05-12T08:55:51.233+0000] {dag.py:3239} INFO - Sync 1 DAGs
[2025-05-12T08:55:51.253+0000] {logging_mixin.py:190} INFO - [2025-05-12T08:55:51.253+0000] {dag.py:4180} INFO - Setting next_dagrun for example_complex to None, run_after=None
[2025-05-12T08:55:51.281+0000] {processor.py:208} INFO - Processing /home/airflow/.local/lib/python3.12/site-packages/airflow/example_dags/example_complex.py took 0.124 seconds
[2025-05-12T08:56:21.700+0000] {processor.py:186} INFO - Started process (PID=3849) to work on /home/airflow/.local/lib/python3.12/site-packages/airflow/example_dags/example_complex.py
[2025-05-12T08:56:21.702+0000] {processor.py:914} INFO - Processing file /home/airflow/.local/lib/python3.12/site-packages/airflow/example_dags/example_complex.py for tasks to queue
[2025-05-12T08:56:21.703+0000] {logging_mixin.py:190} INFO - [2025-05-12T08:56:21.703+0000] {dagbag.py:588} INFO - Filling up the DagBag from /home/airflow/.local/lib/python3.12/site-packages/airflow/example_dags/example_complex.py
[2025-05-12T08:56:21.718+0000] {processor.py:925} INFO - DAG(s) 'example_complex' retrieved from /home/airflow/.local/lib/python3.12/site-packages/airflow/example_dags/example_complex.py
[2025-05-12T08:56:21.759+0000] {logging_mixin.py:190} INFO - [2025-05-12T08:56:21.759+0000] {dag.py:3239} INFO - Sync 1 DAGs
[2025-05-12T08:56:21.779+0000] {logging_mixin.py:190} INFO - [2025-05-12T08:56:21.779+0000] {dag.py:4180} INFO - Setting next_dagrun for example_complex to None, run_after=None
[2025-05-12T08:56:21.806+0000] {processor.py:208} INFO - Processing /home/airflow/.local/lib/python3.12/site-packages/airflow/example_dags/example_complex.py took 0.117 seconds
[2025-05-12T08:56:52.142+0000] {processor.py:186} INFO - Started process (PID=3932) to work on /home/airflow/.local/lib/python3.12/site-packages/airflow/example_dags/example_complex.py
[2025-05-12T08:56:52.145+0000] {processor.py:914} INFO - Processing file /home/airflow/.local/lib/python3.12/site-packages/airflow/example_dags/example_complex.py for tasks to queue
[2025-05-12T08:56:52.147+0000] {logging_mixin.py:190} INFO - [2025-05-12T08:56:52.146+0000] {dagbag.py:588} INFO - Filling up the DagBag from /home/airflow/.local/lib/python3.12/site-packages/airflow/example_dags/example_complex.py
[2025-05-12T08:56:52.162+0000] {processor.py:925} INFO - DAG(s) 'example_complex' retrieved from /home/airflow/.local/lib/python3.12/site-packages/airflow/example_dags/example_complex.py
[2025-05-12T08:56:52.203+0000] {logging_mixin.py:190} INFO - [2025-05-12T08:56:52.202+0000] {dag.py:3239} INFO - Sync 1 DAGs
[2025-05-12T08:56:52.227+0000] {logging_mixin.py:190} INFO - [2025-05-12T08:56:52.226+0000] {dag.py:4180} INFO - Setting next_dagrun for example_complex to None, run_after=None
[2025-05-12T08:56:52.298+0000] {processor.py:208} INFO - Processing /home/airflow/.local/lib/python3.12/site-packages/airflow/example_dags/example_complex.py took 0.164 seconds
[2025-05-12T08:57:22.840+0000] {processor.py:186} INFO - Started process (PID=4014) to work on /home/airflow/.local/lib/python3.12/site-packages/airflow/example_dags/example_complex.py
[2025-05-12T08:57:22.849+0000] {processor.py:914} INFO - Processing file /home/airflow/.local/lib/python3.12/site-packages/airflow/example_dags/example_complex.py for tasks to queue
[2025-05-12T08:57:22.852+0000] {logging_mixin.py:190} INFO - [2025-05-12T08:57:22.851+0000] {dagbag.py:588} INFO - Filling up the DagBag from /home/airflow/.local/lib/python3.12/site-packages/airflow/example_dags/example_complex.py
[2025-05-12T08:57:22.878+0000] {processor.py:925} INFO - DAG(s) 'example_complex' retrieved from /home/airflow/.local/lib/python3.12/site-packages/airflow/example_dags/example_complex.py
[2025-05-12T08:57:22.933+0000] {logging_mixin.py:190} INFO - [2025-05-12T08:57:22.932+0000] {dag.py:3239} INFO - Sync 1 DAGs
[2025-05-12T08:57:22.954+0000] {logging_mixin.py:190} INFO - [2025-05-12T08:57:22.954+0000] {dag.py:4180} INFO - Setting next_dagrun for example_complex to None, run_after=None
[2025-05-12T08:57:22.987+0000] {processor.py:208} INFO - Processing /home/airflow/.local/lib/python3.12/site-packages/airflow/example_dags/example_complex.py took 0.154 seconds
[2025-05-12T08:57:53.286+0000] {processor.py:186} INFO - Started process (PID=4096) to work on /home/airflow/.local/lib/python3.12/site-packages/airflow/example_dags/example_complex.py
[2025-05-12T08:57:53.294+0000] {processor.py:914} INFO - Processing file /home/airflow/.local/lib/python3.12/site-packages/airflow/example_dags/example_complex.py for tasks to queue
[2025-05-12T08:57:53.295+0000] {logging_mixin.py:190} INFO - [2025-05-12T08:57:53.295+0000] {dagbag.py:588} INFO - Filling up the DagBag from /home/airflow/.local/lib/python3.12/site-packages/airflow/example_dags/example_complex.py
[2025-05-12T08:57:53.310+0000] {processor.py:925} INFO - DAG(s) 'example_complex' retrieved from /home/airflow/.local/lib/python3.12/site-packages/airflow/example_dags/example_complex.py
[2025-05-12T08:57:53.352+0000] {logging_mixin.py:190} INFO - [2025-05-12T08:57:53.352+0000] {dag.py:3239} INFO - Sync 1 DAGs
[2025-05-12T08:57:53.377+0000] {logging_mixin.py:190} INFO - [2025-05-12T08:57:53.376+0000] {dag.py:4180} INFO - Setting next_dagrun for example_complex to None, run_after=None
[2025-05-12T08:57:53.413+0000] {processor.py:208} INFO - Processing /home/airflow/.local/lib/python3.12/site-packages/airflow/example_dags/example_complex.py took 0.133 seconds
[2025-05-12T08:58:24.081+0000] {processor.py:186} INFO - Started process (PID=4178) to work on /home/airflow/.local/lib/python3.12/site-packages/airflow/example_dags/example_complex.py
[2025-05-12T08:58:24.100+0000] {processor.py:914} INFO - Processing file /home/airflow/.local/lib/python3.12/site-packages/airflow/example_dags/example_complex.py for tasks to queue
[2025-05-12T08:58:24.101+0000] {logging_mixin.py:190} INFO - [2025-05-12T08:58:24.101+0000] {dagbag.py:588} INFO - Filling up the DagBag from /home/airflow/.local/lib/python3.12/site-packages/airflow/example_dags/example_complex.py
[2025-05-12T08:58:24.117+0000] {processor.py:925} INFO - DAG(s) 'example_complex' retrieved from /home/airflow/.local/lib/python3.12/site-packages/airflow/example_dags/example_complex.py
[2025-05-12T08:58:24.163+0000] {logging_mixin.py:190} INFO - [2025-05-12T08:58:24.163+0000] {dag.py:3239} INFO - Sync 1 DAGs
[2025-05-12T08:58:24.182+0000] {logging_mixin.py:190} INFO - [2025-05-12T08:58:24.181+0000] {dag.py:4180} INFO - Setting next_dagrun for example_complex to None, run_after=None
[2025-05-12T08:58:24.210+0000] {processor.py:208} INFO - Processing /home/airflow/.local/lib/python3.12/site-packages/airflow/example_dags/example_complex.py took 0.137 seconds
[2025-05-12T08:58:54.372+0000] {processor.py:186} INFO - Started process (PID=4260) to work on /home/airflow/.local/lib/python3.12/site-packages/airflow/example_dags/example_complex.py
[2025-05-12T08:58:54.374+0000] {processor.py:914} INFO - Processing file /home/airflow/.local/lib/python3.12/site-packages/airflow/example_dags/example_complex.py for tasks to queue
[2025-05-12T08:58:54.375+0000] {logging_mixin.py:190} INFO - [2025-05-12T08:58:54.375+0000] {dagbag.py:588} INFO - Filling up the DagBag from /home/airflow/.local/lib/python3.12/site-packages/airflow/example_dags/example_complex.py
[2025-05-12T08:58:54.392+0000] {processor.py:925} INFO - DAG(s) 'example_complex' retrieved from /home/airflow/.local/lib/python3.12/site-packages/airflow/example_dags/example_complex.py
[2025-05-12T08:58:54.451+0000] {logging_mixin.py:190} INFO - [2025-05-12T08:58:54.451+0000] {dag.py:3239} INFO - Sync 1 DAGs
[2025-05-12T08:58:54.470+0000] {logging_mixin.py:190} INFO - [2025-05-12T08:58:54.470+0000] {dag.py:4180} INFO - Setting next_dagrun for example_complex to None, run_after=None
[2025-05-12T08:58:54.506+0000] {processor.py:208} INFO - Processing /home/airflow/.local/lib/python3.12/site-packages/airflow/example_dags/example_complex.py took 0.141 seconds
[2025-05-12T08:59:25.070+0000] {processor.py:186} INFO - Started process (PID=4348) to work on /home/airflow/.local/lib/python3.12/site-packages/airflow/example_dags/example_complex.py
[2025-05-12T08:59:25.072+0000] {processor.py:914} INFO - Processing file /home/airflow/.local/lib/python3.12/site-packages/airflow/example_dags/example_complex.py for tasks to queue
[2025-05-12T08:59:25.073+0000] {logging_mixin.py:190} INFO - [2025-05-12T08:59:25.073+0000] {dagbag.py:588} INFO - Filling up the DagBag from /home/airflow/.local/lib/python3.12/site-packages/airflow/example_dags/example_complex.py
[2025-05-12T08:59:25.088+0000] {processor.py:925} INFO - DAG(s) 'example_complex' retrieved from /home/airflow/.local/lib/python3.12/site-packages/airflow/example_dags/example_complex.py
[2025-05-12T08:59:25.130+0000] {logging_mixin.py:190} INFO - [2025-05-12T08:59:25.129+0000] {dag.py:3239} INFO - Sync 1 DAGs
[2025-05-12T08:59:25.149+0000] {logging_mixin.py:190} INFO - [2025-05-12T08:59:25.148+0000] {dag.py:4180} INFO - Setting next_dagrun for example_complex to None, run_after=None
[2025-05-12T08:59:25.175+0000] {processor.py:208} INFO - Processing /home/airflow/.local/lib/python3.12/site-packages/airflow/example_dags/example_complex.py took 0.112 seconds
[2025-05-12T08:59:55.635+0000] {processor.py:186} INFO - Started process (PID=4430) to work on /home/airflow/.local/lib/python3.12/site-packages/airflow/example_dags/example_complex.py
[2025-05-12T08:59:55.637+0000] {processor.py:914} INFO - Processing file /home/airflow/.local/lib/python3.12/site-packages/airflow/example_dags/example_complex.py for tasks to queue
[2025-05-12T08:59:55.638+0000] {logging_mixin.py:190} INFO - [2025-05-12T08:59:55.638+0000] {dagbag.py:588} INFO - Filling up the DagBag from /home/airflow/.local/lib/python3.12/site-packages/airflow/example_dags/example_complex.py
[2025-05-12T08:59:55.653+0000] {processor.py:925} INFO - DAG(s) 'example_complex' retrieved from /home/airflow/.local/lib/python3.12/site-packages/airflow/example_dags/example_complex.py
[2025-05-12T08:59:55.693+0000] {logging_mixin.py:190} INFO - [2025-05-12T08:59:55.692+0000] {dag.py:3239} INFO - Sync 1 DAGs
[2025-05-12T08:59:55.712+0000] {logging_mixin.py:190} INFO - [2025-05-12T08:59:55.711+0000] {dag.py:4180} INFO - Setting next_dagrun for example_complex to None, run_after=None
[2025-05-12T08:59:55.736+0000] {processor.py:208} INFO - Processing /home/airflow/.local/lib/python3.12/site-packages/airflow/example_dags/example_complex.py took 0.108 seconds
[2025-05-12T09:00:26.369+0000] {processor.py:186} INFO - Started process (PID=4509) to work on /home/airflow/.local/lib/python3.12/site-packages/airflow/example_dags/example_complex.py
[2025-05-12T09:00:26.371+0000] {processor.py:914} INFO - Processing file /home/airflow/.local/lib/python3.12/site-packages/airflow/example_dags/example_complex.py for tasks to queue
[2025-05-12T09:00:26.372+0000] {logging_mixin.py:190} INFO - [2025-05-12T09:00:26.372+0000] {dagbag.py:588} INFO - Filling up the DagBag from /home/airflow/.local/lib/python3.12/site-packages/airflow/example_dags/example_complex.py
[2025-05-12T09:00:26.387+0000] {processor.py:925} INFO - DAG(s) 'example_complex' retrieved from /home/airflow/.local/lib/python3.12/site-packages/airflow/example_dags/example_complex.py
[2025-05-12T09:00:26.428+0000] {logging_mixin.py:190} INFO - [2025-05-12T09:00:26.428+0000] {dag.py:3239} INFO - Sync 1 DAGs
[2025-05-12T09:00:26.447+0000] {logging_mixin.py:190} INFO - [2025-05-12T09:00:26.447+0000] {dag.py:4180} INFO - Setting next_dagrun for example_complex to None, run_after=None
[2025-05-12T09:00:26.476+0000] {processor.py:208} INFO - Processing /home/airflow/.local/lib/python3.12/site-packages/airflow/example_dags/example_complex.py took 0.114 seconds
[2025-05-12T09:00:56.805+0000] {processor.py:186} INFO - Started process (PID=4591) to work on /home/airflow/.local/lib/python3.12/site-packages/airflow/example_dags/example_complex.py
[2025-05-12T09:00:56.806+0000] {processor.py:914} INFO - Processing file /home/airflow/.local/lib/python3.12/site-packages/airflow/example_dags/example_complex.py for tasks to queue
[2025-05-12T09:00:56.808+0000] {logging_mixin.py:190} INFO - [2025-05-12T09:00:56.807+0000] {dagbag.py:588} INFO - Filling up the DagBag from /home/airflow/.local/lib/python3.12/site-packages/airflow/example_dags/example_complex.py
[2025-05-12T09:00:56.822+0000] {processor.py:925} INFO - DAG(s) 'example_complex' retrieved from /home/airflow/.local/lib/python3.12/site-packages/airflow/example_dags/example_complex.py
[2025-05-12T09:00:56.867+0000] {logging_mixin.py:190} INFO - [2025-05-12T09:00:56.867+0000] {dag.py:3239} INFO - Sync 1 DAGs
[2025-05-12T09:00:56.889+0000] {logging_mixin.py:190} INFO - [2025-05-12T09:00:56.889+0000] {dag.py:4180} INFO - Setting next_dagrun for example_complex to None, run_after=None
[2025-05-12T09:00:56.925+0000] {processor.py:208} INFO - Processing /home/airflow/.local/lib/python3.12/site-packages/airflow/example_dags/example_complex.py took 0.127 seconds
