[2025-05-12T08:33:38.303+0000] {processor.py:186} INFO - Started process (PID=176) to work on /home/airflow/.local/lib/python3.12/site-packages/airflow/example_dags/example_bash_decorator.py
[2025-05-12T08:33:38.306+0000] {processor.py:914} INFO - Processing file /home/airflow/.local/lib/python3.12/site-packages/airflow/example_dags/example_bash_decorator.py for tasks to queue
[2025-05-12T08:33:38.309+0000] {logging_mixin.py:190} INFO - [2025-05-12T08:33:38.308+0000] {dagbag.py:588} INFO - Filling up the DagBag from /home/airflow/.local/lib/python3.12/site-packages/airflow/example_dags/example_bash_decorator.py
[2025-05-12T08:33:38.361+0000] {processor.py:925} INFO - DAG(s) 'example_bash_decorator' retrieved from /home/airflow/.local/lib/python3.12/site-packages/airflow/example_dags/example_bash_decorator.py
[2025-05-12T08:33:38.867+0000] {logging_mixin.py:190} INFO - [2025-05-12T08:33:38.866+0000] {dag.py:3239} INFO - Sync 1 DAGs
[2025-05-12T08:33:38.945+0000] {logging_mixin.py:190} INFO - [2025-05-12T08:33:38.944+0000] {dag.py:4180} INFO - Setting next_dagrun for example_bash_decorator to None, run_after=None
[2025-05-12T08:33:39.039+0000] {processor.py:208} INFO - Processing /home/airflow/.local/lib/python3.12/site-packages/airflow/example_dags/example_bash_decorator.py took 0.751 seconds
[2025-05-12T08:34:09.555+0000] {processor.py:186} INFO - Started process (PID=269) to work on /home/airflow/.local/lib/python3.12/site-packages/airflow/example_dags/example_bash_decorator.py
[2025-05-12T08:34:09.557+0000] {processor.py:914} INFO - Processing file /home/airflow/.local/lib/python3.12/site-packages/airflow/example_dags/example_bash_decorator.py for tasks to queue
[2025-05-12T08:34:09.559+0000] {logging_mixin.py:190} INFO - [2025-05-12T08:34:09.559+0000] {dagbag.py:588} INFO - Filling up the DagBag from /home/airflow/.local/lib/python3.12/site-packages/airflow/example_dags/example_bash_decorator.py
[2025-05-12T08:34:09.588+0000] {processor.py:925} INFO - DAG(s) 'example_bash_decorator' retrieved from /home/airflow/.local/lib/python3.12/site-packages/airflow/example_dags/example_bash_decorator.py
[2025-05-12T08:34:09.645+0000] {logging_mixin.py:190} INFO - [2025-05-12T08:34:09.645+0000] {dag.py:3239} INFO - Sync 1 DAGs
[2025-05-12T08:34:09.685+0000] {logging_mixin.py:190} INFO - [2025-05-12T08:34:09.684+0000] {dag.py:4180} INFO - Setting next_dagrun for example_bash_decorator to None, run_after=None
[2025-05-12T08:34:09.737+0000] {processor.py:208} INFO - Processing /home/airflow/.local/lib/python3.12/site-packages/airflow/example_dags/example_bash_decorator.py took 0.197 seconds
[2025-05-12T08:34:40.533+0000] {processor.py:186} INFO - Started process (PID=361) to work on /home/airflow/.local/lib/python3.12/site-packages/airflow/example_dags/example_bash_decorator.py
[2025-05-12T08:34:40.535+0000] {processor.py:914} INFO - Processing file /home/airflow/.local/lib/python3.12/site-packages/airflow/example_dags/example_bash_decorator.py for tasks to queue
[2025-05-12T08:34:40.538+0000] {logging_mixin.py:190} INFO - [2025-05-12T08:34:40.538+0000] {dagbag.py:588} INFO - Filling up the DagBag from /home/airflow/.local/lib/python3.12/site-packages/airflow/example_dags/example_bash_decorator.py
[2025-05-12T08:34:40.564+0000] {processor.py:925} INFO - DAG(s) 'example_bash_decorator' retrieved from /home/airflow/.local/lib/python3.12/site-packages/airflow/example_dags/example_bash_decorator.py
[2025-05-12T08:34:40.607+0000] {logging_mixin.py:190} INFO - [2025-05-12T08:34:40.606+0000] {dag.py:3239} INFO - Sync 1 DAGs
[2025-05-12T08:34:40.641+0000] {logging_mixin.py:190} INFO - [2025-05-12T08:34:40.640+0000] {dag.py:4180} INFO - Setting next_dagrun for example_bash_decorator to None, run_after=None
[2025-05-12T08:34:40.688+0000] {processor.py:208} INFO - Processing /home/airflow/.local/lib/python3.12/site-packages/airflow/example_dags/example_bash_decorator.py took 0.167 seconds
[2025-05-12T08:35:10.826+0000] {processor.py:186} INFO - Started process (PID=451) to work on /home/airflow/.local/lib/python3.12/site-packages/airflow/example_dags/example_bash_decorator.py
[2025-05-12T08:35:10.827+0000] {processor.py:914} INFO - Processing file /home/airflow/.local/lib/python3.12/site-packages/airflow/example_dags/example_bash_decorator.py for tasks to queue
[2025-05-12T08:35:10.829+0000] {logging_mixin.py:190} INFO - [2025-05-12T08:35:10.828+0000] {dagbag.py:588} INFO - Filling up the DagBag from /home/airflow/.local/lib/python3.12/site-packages/airflow/example_dags/example_bash_decorator.py
[2025-05-12T08:35:10.848+0000] {processor.py:925} INFO - DAG(s) 'example_bash_decorator' retrieved from /home/airflow/.local/lib/python3.12/site-packages/airflow/example_dags/example_bash_decorator.py
[2025-05-12T08:35:10.878+0000] {logging_mixin.py:190} INFO - [2025-05-12T08:35:10.878+0000] {dag.py:3239} INFO - Sync 1 DAGs
[2025-05-12T08:35:10.899+0000] {logging_mixin.py:190} INFO - [2025-05-12T08:35:10.899+0000] {dag.py:4180} INFO - Setting next_dagrun for example_bash_decorator to None, run_after=None
[2025-05-12T08:35:10.925+0000] {processor.py:208} INFO - Processing /home/airflow/.local/lib/python3.12/site-packages/airflow/example_dags/example_bash_decorator.py took 0.107 seconds
[2025-05-12T08:35:48.239+0000] {processor.py:186} INFO - Started process (PID=541) to work on /home/airflow/.local/lib/python3.12/site-packages/airflow/example_dags/example_bash_decorator.py
[2025-05-12T08:35:48.242+0000] {processor.py:914} INFO - Processing file /home/airflow/.local/lib/python3.12/site-packages/airflow/example_dags/example_bash_decorator.py for tasks to queue
[2025-05-12T08:35:48.244+0000] {logging_mixin.py:190} INFO - [2025-05-12T08:35:48.243+0000] {dagbag.py:588} INFO - Filling up the DagBag from /home/airflow/.local/lib/python3.12/site-packages/airflow/example_dags/example_bash_decorator.py
[2025-05-12T08:35:48.264+0000] {processor.py:925} INFO - DAG(s) 'example_bash_decorator' retrieved from /home/airflow/.local/lib/python3.12/site-packages/airflow/example_dags/example_bash_decorator.py
[2025-05-12T08:35:48.309+0000] {logging_mixin.py:190} INFO - [2025-05-12T08:35:48.308+0000] {dag.py:3239} INFO - Sync 1 DAGs
[2025-05-12T08:35:48.341+0000] {logging_mixin.py:190} INFO - [2025-05-12T08:35:48.340+0000] {dag.py:4180} INFO - Setting next_dagrun for example_bash_decorator to None, run_after=None
[2025-05-12T08:35:48.386+0000] {processor.py:208} INFO - Processing /home/airflow/.local/lib/python3.12/site-packages/airflow/example_dags/example_bash_decorator.py took 0.155 seconds
[2025-05-12T08:36:19.310+0000] {processor.py:186} INFO - Started process (PID=623) to work on /home/airflow/.local/lib/python3.12/site-packages/airflow/example_dags/example_bash_decorator.py
[2025-05-12T08:36:19.312+0000] {processor.py:914} INFO - Processing file /home/airflow/.local/lib/python3.12/site-packages/airflow/example_dags/example_bash_decorator.py for tasks to queue
[2025-05-12T08:36:19.314+0000] {logging_mixin.py:190} INFO - [2025-05-12T08:36:19.313+0000] {dagbag.py:588} INFO - Filling up the DagBag from /home/airflow/.local/lib/python3.12/site-packages/airflow/example_dags/example_bash_decorator.py
[2025-05-12T08:36:19.330+0000] {processor.py:925} INFO - DAG(s) 'example_bash_decorator' retrieved from /home/airflow/.local/lib/python3.12/site-packages/airflow/example_dags/example_bash_decorator.py
[2025-05-12T08:36:19.363+0000] {logging_mixin.py:190} INFO - [2025-05-12T08:36:19.363+0000] {dag.py:3239} INFO - Sync 1 DAGs
[2025-05-12T08:36:19.380+0000] {logging_mixin.py:190} INFO - [2025-05-12T08:36:19.380+0000] {dag.py:4180} INFO - Setting next_dagrun for example_bash_decorator to None, run_after=None
[2025-05-12T08:36:19.406+0000] {processor.py:208} INFO - Processing /home/airflow/.local/lib/python3.12/site-packages/airflow/example_dags/example_bash_decorator.py took 0.103 seconds
[2025-05-12T08:36:49.500+0000] {processor.py:186} INFO - Started process (PID=710) to work on /home/airflow/.local/lib/python3.12/site-packages/airflow/example_dags/example_bash_decorator.py
[2025-05-12T08:36:49.502+0000] {processor.py:914} INFO - Processing file /home/airflow/.local/lib/python3.12/site-packages/airflow/example_dags/example_bash_decorator.py for tasks to queue
[2025-05-12T08:36:49.504+0000] {logging_mixin.py:190} INFO - [2025-05-12T08:36:49.503+0000] {dagbag.py:588} INFO - Filling up the DagBag from /home/airflow/.local/lib/python3.12/site-packages/airflow/example_dags/example_bash_decorator.py
[2025-05-12T08:36:49.540+0000] {processor.py:925} INFO - DAG(s) 'example_bash_decorator' retrieved from /home/airflow/.local/lib/python3.12/site-packages/airflow/example_dags/example_bash_decorator.py
[2025-05-12T08:36:49.577+0000] {logging_mixin.py:190} INFO - [2025-05-12T08:36:49.577+0000] {dag.py:3239} INFO - Sync 1 DAGs
[2025-05-12T08:36:49.598+0000] {logging_mixin.py:190} INFO - [2025-05-12T08:36:49.597+0000] {dag.py:4180} INFO - Setting next_dagrun for example_bash_decorator to None, run_after=None
[2025-05-12T08:36:49.624+0000] {processor.py:208} INFO - Processing /home/airflow/.local/lib/python3.12/site-packages/airflow/example_dags/example_bash_decorator.py took 0.134 seconds
[2025-05-12T08:37:19.803+0000] {processor.py:186} INFO - Started process (PID=792) to work on /home/airflow/.local/lib/python3.12/site-packages/airflow/example_dags/example_bash_decorator.py
[2025-05-12T08:37:19.804+0000] {processor.py:914} INFO - Processing file /home/airflow/.local/lib/python3.12/site-packages/airflow/example_dags/example_bash_decorator.py for tasks to queue
[2025-05-12T08:37:19.805+0000] {logging_mixin.py:190} INFO - [2025-05-12T08:37:19.805+0000] {dagbag.py:588} INFO - Filling up the DagBag from /home/airflow/.local/lib/python3.12/site-packages/airflow/example_dags/example_bash_decorator.py
[2025-05-12T08:37:19.823+0000] {processor.py:925} INFO - DAG(s) 'example_bash_decorator' retrieved from /home/airflow/.local/lib/python3.12/site-packages/airflow/example_dags/example_bash_decorator.py
[2025-05-12T08:37:19.852+0000] {logging_mixin.py:190} INFO - [2025-05-12T08:37:19.852+0000] {dag.py:3239} INFO - Sync 1 DAGs
[2025-05-12T08:37:19.870+0000] {logging_mixin.py:190} INFO - [2025-05-12T08:37:19.870+0000] {dag.py:4180} INFO - Setting next_dagrun for example_bash_decorator to None, run_after=None
[2025-05-12T08:37:19.892+0000] {processor.py:208} INFO - Processing /home/airflow/.local/lib/python3.12/site-packages/airflow/example_dags/example_bash_decorator.py took 0.096 seconds
[2025-05-12T08:37:49.985+0000] {processor.py:186} INFO - Started process (PID=874) to work on /home/airflow/.local/lib/python3.12/site-packages/airflow/example_dags/example_bash_decorator.py
[2025-05-12T08:37:49.987+0000] {processor.py:914} INFO - Processing file /home/airflow/.local/lib/python3.12/site-packages/airflow/example_dags/example_bash_decorator.py for tasks to queue
[2025-05-12T08:37:49.988+0000] {logging_mixin.py:190} INFO - [2025-05-12T08:37:49.988+0000] {dagbag.py:588} INFO - Filling up the DagBag from /home/airflow/.local/lib/python3.12/site-packages/airflow/example_dags/example_bash_decorator.py
[2025-05-12T08:37:50.002+0000] {processor.py:925} INFO - DAG(s) 'example_bash_decorator' retrieved from /home/airflow/.local/lib/python3.12/site-packages/airflow/example_dags/example_bash_decorator.py
[2025-05-12T08:37:50.028+0000] {logging_mixin.py:190} INFO - [2025-05-12T08:37:50.027+0000] {dag.py:3239} INFO - Sync 1 DAGs
[2025-05-12T08:37:50.044+0000] {logging_mixin.py:190} INFO - [2025-05-12T08:37:50.043+0000] {dag.py:4180} INFO - Setting next_dagrun for example_bash_decorator to None, run_after=None
[2025-05-12T08:37:50.065+0000] {processor.py:208} INFO - Processing /home/airflow/.local/lib/python3.12/site-packages/airflow/example_dags/example_bash_decorator.py took 0.086 seconds
[2025-05-12T08:38:20.168+0000] {processor.py:186} INFO - Started process (PID=956) to work on /home/airflow/.local/lib/python3.12/site-packages/airflow/example_dags/example_bash_decorator.py
[2025-05-12T08:38:20.169+0000] {processor.py:914} INFO - Processing file /home/airflow/.local/lib/python3.12/site-packages/airflow/example_dags/example_bash_decorator.py for tasks to queue
[2025-05-12T08:38:20.171+0000] {logging_mixin.py:190} INFO - [2025-05-12T08:38:20.171+0000] {dagbag.py:588} INFO - Filling up the DagBag from /home/airflow/.local/lib/python3.12/site-packages/airflow/example_dags/example_bash_decorator.py
[2025-05-12T08:38:20.189+0000] {processor.py:925} INFO - DAG(s) 'example_bash_decorator' retrieved from /home/airflow/.local/lib/python3.12/site-packages/airflow/example_dags/example_bash_decorator.py
[2025-05-12T08:38:20.221+0000] {logging_mixin.py:190} INFO - [2025-05-12T08:38:20.221+0000] {dag.py:3239} INFO - Sync 1 DAGs
[2025-05-12T08:38:20.239+0000] {logging_mixin.py:190} INFO - [2025-05-12T08:38:20.239+0000] {dag.py:4180} INFO - Setting next_dagrun for example_bash_decorator to None, run_after=None
[2025-05-12T08:38:20.261+0000] {processor.py:208} INFO - Processing /home/airflow/.local/lib/python3.12/site-packages/airflow/example_dags/example_bash_decorator.py took 0.100 seconds
[2025-05-12T08:38:51.178+0000] {processor.py:186} INFO - Started process (PID=1038) to work on /home/airflow/.local/lib/python3.12/site-packages/airflow/example_dags/example_bash_decorator.py
[2025-05-12T08:38:51.181+0000] {processor.py:914} INFO - Processing file /home/airflow/.local/lib/python3.12/site-packages/airflow/example_dags/example_bash_decorator.py for tasks to queue
[2025-05-12T08:38:51.183+0000] {logging_mixin.py:190} INFO - [2025-05-12T08:38:51.183+0000] {dagbag.py:588} INFO - Filling up the DagBag from /home/airflow/.local/lib/python3.12/site-packages/airflow/example_dags/example_bash_decorator.py
[2025-05-12T08:38:51.207+0000] {processor.py:925} INFO - DAG(s) 'example_bash_decorator' retrieved from /home/airflow/.local/lib/python3.12/site-packages/airflow/example_dags/example_bash_decorator.py
[2025-05-12T08:38:51.245+0000] {logging_mixin.py:190} INFO - [2025-05-12T08:38:51.245+0000] {dag.py:3239} INFO - Sync 1 DAGs
[2025-05-12T08:38:51.265+0000] {logging_mixin.py:190} INFO - [2025-05-12T08:38:51.264+0000] {dag.py:4180} INFO - Setting next_dagrun for example_bash_decorator to None, run_after=None
[2025-05-12T08:38:51.288+0000] {processor.py:208} INFO - Processing /home/airflow/.local/lib/python3.12/site-packages/airflow/example_dags/example_bash_decorator.py took 0.120 seconds
[2025-05-12T08:39:21.715+0000] {processor.py:186} INFO - Started process (PID=1120) to work on /home/airflow/.local/lib/python3.12/site-packages/airflow/example_dags/example_bash_decorator.py
[2025-05-12T08:39:21.716+0000] {processor.py:914} INFO - Processing file /home/airflow/.local/lib/python3.12/site-packages/airflow/example_dags/example_bash_decorator.py for tasks to queue
[2025-05-12T08:39:21.718+0000] {logging_mixin.py:190} INFO - [2025-05-12T08:39:21.718+0000] {dagbag.py:588} INFO - Filling up the DagBag from /home/airflow/.local/lib/python3.12/site-packages/airflow/example_dags/example_bash_decorator.py
[2025-05-12T08:39:21.767+0000] {processor.py:925} INFO - DAG(s) 'example_bash_decorator' retrieved from /home/airflow/.local/lib/python3.12/site-packages/airflow/example_dags/example_bash_decorator.py
[2025-05-12T08:39:21.812+0000] {logging_mixin.py:190} INFO - [2025-05-12T08:39:21.811+0000] {dag.py:3239} INFO - Sync 1 DAGs
[2025-05-12T08:39:21.830+0000] {logging_mixin.py:190} INFO - [2025-05-12T08:39:21.830+0000] {dag.py:4180} INFO - Setting next_dagrun for example_bash_decorator to None, run_after=None
[2025-05-12T08:39:21.854+0000] {processor.py:208} INFO - Processing /home/airflow/.local/lib/python3.12/site-packages/airflow/example_dags/example_bash_decorator.py took 0.148 seconds
[2025-05-12T08:39:52.553+0000] {processor.py:186} INFO - Started process (PID=1202) to work on /home/airflow/.local/lib/python3.12/site-packages/airflow/example_dags/example_bash_decorator.py
[2025-05-12T08:39:52.556+0000] {processor.py:914} INFO - Processing file /home/airflow/.local/lib/python3.12/site-packages/airflow/example_dags/example_bash_decorator.py for tasks to queue
[2025-05-12T08:39:52.558+0000] {logging_mixin.py:190} INFO - [2025-05-12T08:39:52.557+0000] {dagbag.py:588} INFO - Filling up the DagBag from /home/airflow/.local/lib/python3.12/site-packages/airflow/example_dags/example_bash_decorator.py
[2025-05-12T08:39:52.575+0000] {processor.py:925} INFO - DAG(s) 'example_bash_decorator' retrieved from /home/airflow/.local/lib/python3.12/site-packages/airflow/example_dags/example_bash_decorator.py
[2025-05-12T08:39:52.604+0000] {logging_mixin.py:190} INFO - [2025-05-12T08:39:52.604+0000] {dag.py:3239} INFO - Sync 1 DAGs
[2025-05-12T08:39:52.623+0000] {logging_mixin.py:190} INFO - [2025-05-12T08:39:52.623+0000] {dag.py:4180} INFO - Setting next_dagrun for example_bash_decorator to None, run_after=None
[2025-05-12T08:39:52.646+0000] {processor.py:208} INFO - Processing /home/airflow/.local/lib/python3.12/site-packages/airflow/example_dags/example_bash_decorator.py took 0.105 seconds
[2025-05-12T08:40:23.131+0000] {processor.py:186} INFO - Started process (PID=1284) to work on /home/airflow/.local/lib/python3.12/site-packages/airflow/example_dags/example_bash_decorator.py
[2025-05-12T08:40:23.134+0000] {processor.py:914} INFO - Processing file /home/airflow/.local/lib/python3.12/site-packages/airflow/example_dags/example_bash_decorator.py for tasks to queue
[2025-05-12T08:40:23.138+0000] {logging_mixin.py:190} INFO - [2025-05-12T08:40:23.137+0000] {dagbag.py:588} INFO - Filling up the DagBag from /home/airflow/.local/lib/python3.12/site-packages/airflow/example_dags/example_bash_decorator.py
[2025-05-12T08:40:23.159+0000] {processor.py:925} INFO - DAG(s) 'example_bash_decorator' retrieved from /home/airflow/.local/lib/python3.12/site-packages/airflow/example_dags/example_bash_decorator.py
[2025-05-12T08:40:23.193+0000] {logging_mixin.py:190} INFO - [2025-05-12T08:40:23.193+0000] {dag.py:3239} INFO - Sync 1 DAGs
[2025-05-12T08:40:23.214+0000] {logging_mixin.py:190} INFO - [2025-05-12T08:40:23.213+0000] {dag.py:4180} INFO - Setting next_dagrun for example_bash_decorator to None, run_after=None
[2025-05-12T08:40:23.249+0000] {processor.py:208} INFO - Processing /home/airflow/.local/lib/python3.12/site-packages/airflow/example_dags/example_bash_decorator.py took 0.125 seconds
[2025-05-12T08:40:53.608+0000] {processor.py:186} INFO - Started process (PID=1366) to work on /home/airflow/.local/lib/python3.12/site-packages/airflow/example_dags/example_bash_decorator.py
[2025-05-12T08:40:53.610+0000] {processor.py:914} INFO - Processing file /home/airflow/.local/lib/python3.12/site-packages/airflow/example_dags/example_bash_decorator.py for tasks to queue
[2025-05-12T08:40:53.611+0000] {logging_mixin.py:190} INFO - [2025-05-12T08:40:53.611+0000] {dagbag.py:588} INFO - Filling up the DagBag from /home/airflow/.local/lib/python3.12/site-packages/airflow/example_dags/example_bash_decorator.py
[2025-05-12T08:40:53.628+0000] {processor.py:925} INFO - DAG(s) 'example_bash_decorator' retrieved from /home/airflow/.local/lib/python3.12/site-packages/airflow/example_dags/example_bash_decorator.py
[2025-05-12T08:40:53.660+0000] {logging_mixin.py:190} INFO - [2025-05-12T08:40:53.660+0000] {dag.py:3239} INFO - Sync 1 DAGs
[2025-05-12T08:40:53.680+0000] {logging_mixin.py:190} INFO - [2025-05-12T08:40:53.679+0000] {dag.py:4180} INFO - Setting next_dagrun for example_bash_decorator to None, run_after=None
[2025-05-12T08:40:53.708+0000] {processor.py:208} INFO - Processing /home/airflow/.local/lib/python3.12/site-packages/airflow/example_dags/example_bash_decorator.py took 0.107 seconds
[2025-05-12T08:41:24.009+0000] {processor.py:186} INFO - Started process (PID=1448) to work on /home/airflow/.local/lib/python3.12/site-packages/airflow/example_dags/example_bash_decorator.py
[2025-05-12T08:41:24.012+0000] {processor.py:914} INFO - Processing file /home/airflow/.local/lib/python3.12/site-packages/airflow/example_dags/example_bash_decorator.py for tasks to queue
[2025-05-12T08:41:24.014+0000] {logging_mixin.py:190} INFO - [2025-05-12T08:41:24.013+0000] {dagbag.py:588} INFO - Filling up the DagBag from /home/airflow/.local/lib/python3.12/site-packages/airflow/example_dags/example_bash_decorator.py
[2025-05-12T08:41:24.035+0000] {processor.py:925} INFO - DAG(s) 'example_bash_decorator' retrieved from /home/airflow/.local/lib/python3.12/site-packages/airflow/example_dags/example_bash_decorator.py
[2025-05-12T08:41:24.068+0000] {logging_mixin.py:190} INFO - [2025-05-12T08:41:24.068+0000] {dag.py:3239} INFO - Sync 1 DAGs
[2025-05-12T08:41:24.088+0000] {logging_mixin.py:190} INFO - [2025-05-12T08:41:24.088+0000] {dag.py:4180} INFO - Setting next_dagrun for example_bash_decorator to None, run_after=None
[2025-05-12T08:41:24.113+0000] {processor.py:208} INFO - Processing /home/airflow/.local/lib/python3.12/site-packages/airflow/example_dags/example_bash_decorator.py took 0.112 seconds
[2025-05-12T08:41:54.503+0000] {processor.py:186} INFO - Started process (PID=1530) to work on /home/airflow/.local/lib/python3.12/site-packages/airflow/example_dags/example_bash_decorator.py
[2025-05-12T08:41:54.504+0000] {processor.py:914} INFO - Processing file /home/airflow/.local/lib/python3.12/site-packages/airflow/example_dags/example_bash_decorator.py for tasks to queue
[2025-05-12T08:41:54.506+0000] {logging_mixin.py:190} INFO - [2025-05-12T08:41:54.506+0000] {dagbag.py:588} INFO - Filling up the DagBag from /home/airflow/.local/lib/python3.12/site-packages/airflow/example_dags/example_bash_decorator.py
[2025-05-12T08:41:54.524+0000] {processor.py:925} INFO - DAG(s) 'example_bash_decorator' retrieved from /home/airflow/.local/lib/python3.12/site-packages/airflow/example_dags/example_bash_decorator.py
[2025-05-12T08:41:54.558+0000] {logging_mixin.py:190} INFO - [2025-05-12T08:41:54.557+0000] {dag.py:3239} INFO - Sync 1 DAGs
[2025-05-12T08:41:54.575+0000] {logging_mixin.py:190} INFO - [2025-05-12T08:41:54.575+0000] {dag.py:4180} INFO - Setting next_dagrun for example_bash_decorator to None, run_after=None
[2025-05-12T08:41:54.599+0000] {processor.py:208} INFO - Processing /home/airflow/.local/lib/python3.12/site-packages/airflow/example_dags/example_bash_decorator.py took 0.103 seconds
[2025-05-12T08:42:24.799+0000] {processor.py:186} INFO - Started process (PID=1612) to work on /home/airflow/.local/lib/python3.12/site-packages/airflow/example_dags/example_bash_decorator.py
[2025-05-12T08:42:24.803+0000] {processor.py:914} INFO - Processing file /home/airflow/.local/lib/python3.12/site-packages/airflow/example_dags/example_bash_decorator.py for tasks to queue
[2025-05-12T08:42:24.806+0000] {logging_mixin.py:190} INFO - [2025-05-12T08:42:24.805+0000] {dagbag.py:588} INFO - Filling up the DagBag from /home/airflow/.local/lib/python3.12/site-packages/airflow/example_dags/example_bash_decorator.py
[2025-05-12T08:42:24.836+0000] {processor.py:925} INFO - DAG(s) 'example_bash_decorator' retrieved from /home/airflow/.local/lib/python3.12/site-packages/airflow/example_dags/example_bash_decorator.py
[2025-05-12T08:42:24.874+0000] {logging_mixin.py:190} INFO - [2025-05-12T08:42:24.874+0000] {dag.py:3239} INFO - Sync 1 DAGs
[2025-05-12T08:42:24.898+0000] {logging_mixin.py:190} INFO - [2025-05-12T08:42:24.897+0000] {dag.py:4180} INFO - Setting next_dagrun for example_bash_decorator to None, run_after=None
[2025-05-12T08:42:24.926+0000] {processor.py:208} INFO - Processing /home/airflow/.local/lib/python3.12/site-packages/airflow/example_dags/example_bash_decorator.py took 0.143 seconds
[2025-05-12T08:42:55.188+0000] {processor.py:186} INFO - Started process (PID=1694) to work on /home/airflow/.local/lib/python3.12/site-packages/airflow/example_dags/example_bash_decorator.py
[2025-05-12T08:42:55.190+0000] {processor.py:914} INFO - Processing file /home/airflow/.local/lib/python3.12/site-packages/airflow/example_dags/example_bash_decorator.py for tasks to queue
[2025-05-12T08:42:55.191+0000] {logging_mixin.py:190} INFO - [2025-05-12T08:42:55.191+0000] {dagbag.py:588} INFO - Filling up the DagBag from /home/airflow/.local/lib/python3.12/site-packages/airflow/example_dags/example_bash_decorator.py
[2025-05-12T08:42:55.207+0000] {processor.py:925} INFO - DAG(s) 'example_bash_decorator' retrieved from /home/airflow/.local/lib/python3.12/site-packages/airflow/example_dags/example_bash_decorator.py
[2025-05-12T08:42:55.232+0000] {logging_mixin.py:190} INFO - [2025-05-12T08:42:55.232+0000] {dag.py:3239} INFO - Sync 1 DAGs
[2025-05-12T08:42:55.247+0000] {logging_mixin.py:190} INFO - [2025-05-12T08:42:55.247+0000] {dag.py:4180} INFO - Setting next_dagrun for example_bash_decorator to None, run_after=None
[2025-05-12T08:42:55.265+0000] {processor.py:208} INFO - Processing /home/airflow/.local/lib/python3.12/site-packages/airflow/example_dags/example_bash_decorator.py took 0.084 seconds
[2025-05-12T08:43:25.790+0000] {processor.py:186} INFO - Started process (PID=1776) to work on /home/airflow/.local/lib/python3.12/site-packages/airflow/example_dags/example_bash_decorator.py
[2025-05-12T08:43:25.791+0000] {processor.py:914} INFO - Processing file /home/airflow/.local/lib/python3.12/site-packages/airflow/example_dags/example_bash_decorator.py for tasks to queue
[2025-05-12T08:43:25.793+0000] {logging_mixin.py:190} INFO - [2025-05-12T08:43:25.792+0000] {dagbag.py:588} INFO - Filling up the DagBag from /home/airflow/.local/lib/python3.12/site-packages/airflow/example_dags/example_bash_decorator.py
[2025-05-12T08:43:25.810+0000] {processor.py:925} INFO - DAG(s) 'example_bash_decorator' retrieved from /home/airflow/.local/lib/python3.12/site-packages/airflow/example_dags/example_bash_decorator.py
[2025-05-12T08:43:25.839+0000] {logging_mixin.py:190} INFO - [2025-05-12T08:43:25.839+0000] {dag.py:3239} INFO - Sync 1 DAGs
[2025-05-12T08:43:25.858+0000] {logging_mixin.py:190} INFO - [2025-05-12T08:43:25.858+0000] {dag.py:4180} INFO - Setting next_dagrun for example_bash_decorator to None, run_after=None
[2025-05-12T08:43:25.879+0000] {processor.py:208} INFO - Processing /home/airflow/.local/lib/python3.12/site-packages/airflow/example_dags/example_bash_decorator.py took 0.096 seconds
[2025-05-12T08:43:56.223+0000] {processor.py:186} INFO - Started process (PID=1858) to work on /home/airflow/.local/lib/python3.12/site-packages/airflow/example_dags/example_bash_decorator.py
[2025-05-12T08:43:56.225+0000] {processor.py:914} INFO - Processing file /home/airflow/.local/lib/python3.12/site-packages/airflow/example_dags/example_bash_decorator.py for tasks to queue
[2025-05-12T08:43:56.226+0000] {logging_mixin.py:190} INFO - [2025-05-12T08:43:56.226+0000] {dagbag.py:588} INFO - Filling up the DagBag from /home/airflow/.local/lib/python3.12/site-packages/airflow/example_dags/example_bash_decorator.py
[2025-05-12T08:43:56.245+0000] {processor.py:925} INFO - DAG(s) 'example_bash_decorator' retrieved from /home/airflow/.local/lib/python3.12/site-packages/airflow/example_dags/example_bash_decorator.py
[2025-05-12T08:43:56.277+0000] {logging_mixin.py:190} INFO - [2025-05-12T08:43:56.277+0000] {dag.py:3239} INFO - Sync 1 DAGs
[2025-05-12T08:43:56.295+0000] {logging_mixin.py:190} INFO - [2025-05-12T08:43:56.295+0000] {dag.py:4180} INFO - Setting next_dagrun for example_bash_decorator to None, run_after=None
[2025-05-12T08:43:56.325+0000] {processor.py:208} INFO - Processing /home/airflow/.local/lib/python3.12/site-packages/airflow/example_dags/example_bash_decorator.py took 0.109 seconds
[2025-05-12T08:44:27.169+0000] {processor.py:186} INFO - Started process (PID=1940) to work on /home/airflow/.local/lib/python3.12/site-packages/airflow/example_dags/example_bash_decorator.py
[2025-05-12T08:44:27.170+0000] {processor.py:914} INFO - Processing file /home/airflow/.local/lib/python3.12/site-packages/airflow/example_dags/example_bash_decorator.py for tasks to queue
[2025-05-12T08:44:27.172+0000] {logging_mixin.py:190} INFO - [2025-05-12T08:44:27.171+0000] {dagbag.py:588} INFO - Filling up the DagBag from /home/airflow/.local/lib/python3.12/site-packages/airflow/example_dags/example_bash_decorator.py
[2025-05-12T08:44:27.189+0000] {processor.py:925} INFO - DAG(s) 'example_bash_decorator' retrieved from /home/airflow/.local/lib/python3.12/site-packages/airflow/example_dags/example_bash_decorator.py
[2025-05-12T08:44:27.221+0000] {logging_mixin.py:190} INFO - [2025-05-12T08:44:27.221+0000] {dag.py:3239} INFO - Sync 1 DAGs
[2025-05-12T08:44:27.239+0000] {logging_mixin.py:190} INFO - [2025-05-12T08:44:27.239+0000] {dag.py:4180} INFO - Setting next_dagrun for example_bash_decorator to None, run_after=None
[2025-05-12T08:44:27.269+0000] {processor.py:208} INFO - Processing /home/airflow/.local/lib/python3.12/site-packages/airflow/example_dags/example_bash_decorator.py took 0.108 seconds
[2025-05-12T08:44:57.600+0000] {processor.py:186} INFO - Started process (PID=2022) to work on /home/airflow/.local/lib/python3.12/site-packages/airflow/example_dags/example_bash_decorator.py
[2025-05-12T08:44:57.601+0000] {processor.py:914} INFO - Processing file /home/airflow/.local/lib/python3.12/site-packages/airflow/example_dags/example_bash_decorator.py for tasks to queue
[2025-05-12T08:44:57.603+0000] {logging_mixin.py:190} INFO - [2025-05-12T08:44:57.602+0000] {dagbag.py:588} INFO - Filling up the DagBag from /home/airflow/.local/lib/python3.12/site-packages/airflow/example_dags/example_bash_decorator.py
[2025-05-12T08:44:57.621+0000] {processor.py:925} INFO - DAG(s) 'example_bash_decorator' retrieved from /home/airflow/.local/lib/python3.12/site-packages/airflow/example_dags/example_bash_decorator.py
[2025-05-12T08:44:57.648+0000] {logging_mixin.py:190} INFO - [2025-05-12T08:44:57.648+0000] {dag.py:3239} INFO - Sync 1 DAGs
[2025-05-12T08:44:57.666+0000] {logging_mixin.py:190} INFO - [2025-05-12T08:44:57.666+0000] {dag.py:4180} INFO - Setting next_dagrun for example_bash_decorator to None, run_after=None
[2025-05-12T08:44:57.687+0000] {processor.py:208} INFO - Processing /home/airflow/.local/lib/python3.12/site-packages/airflow/example_dags/example_bash_decorator.py took 0.094 seconds
[2025-05-12T08:45:28.292+0000] {processor.py:186} INFO - Started process (PID=2104) to work on /home/airflow/.local/lib/python3.12/site-packages/airflow/example_dags/example_bash_decorator.py
[2025-05-12T08:45:28.294+0000] {processor.py:914} INFO - Processing file /home/airflow/.local/lib/python3.12/site-packages/airflow/example_dags/example_bash_decorator.py for tasks to queue
[2025-05-12T08:45:28.295+0000] {logging_mixin.py:190} INFO - [2025-05-12T08:45:28.295+0000] {dagbag.py:588} INFO - Filling up the DagBag from /home/airflow/.local/lib/python3.12/site-packages/airflow/example_dags/example_bash_decorator.py
[2025-05-12T08:45:28.314+0000] {processor.py:925} INFO - DAG(s) 'example_bash_decorator' retrieved from /home/airflow/.local/lib/python3.12/site-packages/airflow/example_dags/example_bash_decorator.py
[2025-05-12T08:45:28.344+0000] {logging_mixin.py:190} INFO - [2025-05-12T08:45:28.344+0000] {dag.py:3239} INFO - Sync 1 DAGs
[2025-05-12T08:45:28.363+0000] {logging_mixin.py:190} INFO - [2025-05-12T08:45:28.363+0000] {dag.py:4180} INFO - Setting next_dagrun for example_bash_decorator to None, run_after=None
[2025-05-12T08:45:28.387+0000] {processor.py:208} INFO - Processing /home/airflow/.local/lib/python3.12/site-packages/airflow/example_dags/example_bash_decorator.py took 0.102 seconds
[2025-05-12T08:45:58.525+0000] {processor.py:186} INFO - Started process (PID=2186) to work on /home/airflow/.local/lib/python3.12/site-packages/airflow/example_dags/example_bash_decorator.py
[2025-05-12T08:45:58.528+0000] {processor.py:914} INFO - Processing file /home/airflow/.local/lib/python3.12/site-packages/airflow/example_dags/example_bash_decorator.py for tasks to queue
[2025-05-12T08:45:58.529+0000] {logging_mixin.py:190} INFO - [2025-05-12T08:45:58.528+0000] {dagbag.py:588} INFO - Filling up the DagBag from /home/airflow/.local/lib/python3.12/site-packages/airflow/example_dags/example_bash_decorator.py
[2025-05-12T08:45:58.544+0000] {processor.py:925} INFO - DAG(s) 'example_bash_decorator' retrieved from /home/airflow/.local/lib/python3.12/site-packages/airflow/example_dags/example_bash_decorator.py
[2025-05-12T08:45:58.570+0000] {logging_mixin.py:190} INFO - [2025-05-12T08:45:58.570+0000] {dag.py:3239} INFO - Sync 1 DAGs
[2025-05-12T08:45:58.586+0000] {logging_mixin.py:190} INFO - [2025-05-12T08:45:58.585+0000] {dag.py:4180} INFO - Setting next_dagrun for example_bash_decorator to None, run_after=None
[2025-05-12T08:45:58.608+0000] {processor.py:208} INFO - Processing /home/airflow/.local/lib/python3.12/site-packages/airflow/example_dags/example_bash_decorator.py took 0.089 seconds
[2025-05-12T08:46:29.226+0000] {processor.py:186} INFO - Started process (PID=2268) to work on /home/airflow/.local/lib/python3.12/site-packages/airflow/example_dags/example_bash_decorator.py
[2025-05-12T08:46:29.228+0000] {processor.py:914} INFO - Processing file /home/airflow/.local/lib/python3.12/site-packages/airflow/example_dags/example_bash_decorator.py for tasks to queue
[2025-05-12T08:46:29.231+0000] {logging_mixin.py:190} INFO - [2025-05-12T08:46:29.230+0000] {dagbag.py:588} INFO - Filling up the DagBag from /home/airflow/.local/lib/python3.12/site-packages/airflow/example_dags/example_bash_decorator.py
[2025-05-12T08:46:29.256+0000] {processor.py:925} INFO - DAG(s) 'example_bash_decorator' retrieved from /home/airflow/.local/lib/python3.12/site-packages/airflow/example_dags/example_bash_decorator.py
[2025-05-12T08:46:29.293+0000] {logging_mixin.py:190} INFO - [2025-05-12T08:46:29.292+0000] {dag.py:3239} INFO - Sync 1 DAGs
[2025-05-12T08:46:29.319+0000] {logging_mixin.py:190} INFO - [2025-05-12T08:46:29.318+0000] {dag.py:4180} INFO - Setting next_dagrun for example_bash_decorator to None, run_after=None
[2025-05-12T08:46:29.354+0000] {processor.py:208} INFO - Processing /home/airflow/.local/lib/python3.12/site-packages/airflow/example_dags/example_bash_decorator.py took 0.138 seconds
[2025-05-12T08:47:00.074+0000] {processor.py:186} INFO - Started process (PID=2350) to work on /home/airflow/.local/lib/python3.12/site-packages/airflow/example_dags/example_bash_decorator.py
[2025-05-12T08:47:00.076+0000] {processor.py:914} INFO - Processing file /home/airflow/.local/lib/python3.12/site-packages/airflow/example_dags/example_bash_decorator.py for tasks to queue
[2025-05-12T08:47:00.078+0000] {logging_mixin.py:190} INFO - [2025-05-12T08:47:00.078+0000] {dagbag.py:588} INFO - Filling up the DagBag from /home/airflow/.local/lib/python3.12/site-packages/airflow/example_dags/example_bash_decorator.py
[2025-05-12T08:47:00.099+0000] {processor.py:925} INFO - DAG(s) 'example_bash_decorator' retrieved from /home/airflow/.local/lib/python3.12/site-packages/airflow/example_dags/example_bash_decorator.py
[2025-05-12T08:47:00.144+0000] {logging_mixin.py:190} INFO - [2025-05-12T08:47:00.144+0000] {dag.py:3239} INFO - Sync 1 DAGs
[2025-05-12T08:47:00.171+0000] {logging_mixin.py:190} INFO - [2025-05-12T08:47:00.171+0000] {dag.py:4180} INFO - Setting next_dagrun for example_bash_decorator to None, run_after=None
[2025-05-12T08:47:00.209+0000] {processor.py:208} INFO - Processing /home/airflow/.local/lib/python3.12/site-packages/airflow/example_dags/example_bash_decorator.py took 0.144 seconds
[2025-05-12T08:47:30.452+0000] {processor.py:186} INFO - Started process (PID=2432) to work on /home/airflow/.local/lib/python3.12/site-packages/airflow/example_dags/example_bash_decorator.py
[2025-05-12T08:47:30.455+0000] {processor.py:914} INFO - Processing file /home/airflow/.local/lib/python3.12/site-packages/airflow/example_dags/example_bash_decorator.py for tasks to queue
[2025-05-12T08:47:30.457+0000] {logging_mixin.py:190} INFO - [2025-05-12T08:47:30.457+0000] {dagbag.py:588} INFO - Filling up the DagBag from /home/airflow/.local/lib/python3.12/site-packages/airflow/example_dags/example_bash_decorator.py
[2025-05-12T08:47:30.482+0000] {processor.py:925} INFO - DAG(s) 'example_bash_decorator' retrieved from /home/airflow/.local/lib/python3.12/site-packages/airflow/example_dags/example_bash_decorator.py
[2025-05-12T08:47:30.518+0000] {logging_mixin.py:190} INFO - [2025-05-12T08:47:30.517+0000] {dag.py:3239} INFO - Sync 1 DAGs
[2025-05-12T08:47:30.539+0000] {logging_mixin.py:190} INFO - [2025-05-12T08:47:30.538+0000] {dag.py:4180} INFO - Setting next_dagrun for example_bash_decorator to None, run_after=None
[2025-05-12T08:47:30.568+0000] {processor.py:208} INFO - Processing /home/airflow/.local/lib/python3.12/site-packages/airflow/example_dags/example_bash_decorator.py took 0.125 seconds
[2025-05-12T08:48:00.980+0000] {processor.py:186} INFO - Started process (PID=2514) to work on /home/airflow/.local/lib/python3.12/site-packages/airflow/example_dags/example_bash_decorator.py
[2025-05-12T08:48:00.982+0000] {processor.py:914} INFO - Processing file /home/airflow/.local/lib/python3.12/site-packages/airflow/example_dags/example_bash_decorator.py for tasks to queue
[2025-05-12T08:48:00.983+0000] {logging_mixin.py:190} INFO - [2025-05-12T08:48:00.983+0000] {dagbag.py:588} INFO - Filling up the DagBag from /home/airflow/.local/lib/python3.12/site-packages/airflow/example_dags/example_bash_decorator.py
[2025-05-12T08:48:01.006+0000] {processor.py:925} INFO - DAG(s) 'example_bash_decorator' retrieved from /home/airflow/.local/lib/python3.12/site-packages/airflow/example_dags/example_bash_decorator.py
[2025-05-12T08:48:01.043+0000] {logging_mixin.py:190} INFO - [2025-05-12T08:48:01.043+0000] {dag.py:3239} INFO - Sync 1 DAGs
[2025-05-12T08:48:01.066+0000] {logging_mixin.py:190} INFO - [2025-05-12T08:48:01.066+0000] {dag.py:4180} INFO - Setting next_dagrun for example_bash_decorator to None, run_after=None
[2025-05-12T08:48:01.094+0000] {processor.py:208} INFO - Processing /home/airflow/.local/lib/python3.12/site-packages/airflow/example_dags/example_bash_decorator.py took 0.126 seconds
[2025-05-12T08:48:31.534+0000] {processor.py:186} INFO - Started process (PID=2596) to work on /home/airflow/.local/lib/python3.12/site-packages/airflow/example_dags/example_bash_decorator.py
[2025-05-12T08:48:31.536+0000] {processor.py:914} INFO - Processing file /home/airflow/.local/lib/python3.12/site-packages/airflow/example_dags/example_bash_decorator.py for tasks to queue
[2025-05-12T08:48:31.538+0000] {logging_mixin.py:190} INFO - [2025-05-12T08:48:31.537+0000] {dagbag.py:588} INFO - Filling up the DagBag from /home/airflow/.local/lib/python3.12/site-packages/airflow/example_dags/example_bash_decorator.py
[2025-05-12T08:48:31.559+0000] {processor.py:925} INFO - DAG(s) 'example_bash_decorator' retrieved from /home/airflow/.local/lib/python3.12/site-packages/airflow/example_dags/example_bash_decorator.py
[2025-05-12T08:48:31.592+0000] {logging_mixin.py:190} INFO - [2025-05-12T08:48:31.592+0000] {dag.py:3239} INFO - Sync 1 DAGs
[2025-05-12T08:48:31.613+0000] {logging_mixin.py:190} INFO - [2025-05-12T08:48:31.612+0000] {dag.py:4180} INFO - Setting next_dagrun for example_bash_decorator to None, run_after=None
[2025-05-12T08:48:31.640+0000] {processor.py:208} INFO - Processing /home/airflow/.local/lib/python3.12/site-packages/airflow/example_dags/example_bash_decorator.py took 0.116 seconds
[2025-05-12T08:49:02.035+0000] {processor.py:186} INFO - Started process (PID=2677) to work on /home/airflow/.local/lib/python3.12/site-packages/airflow/example_dags/example_bash_decorator.py
[2025-05-12T08:49:02.037+0000] {processor.py:914} INFO - Processing file /home/airflow/.local/lib/python3.12/site-packages/airflow/example_dags/example_bash_decorator.py for tasks to queue
[2025-05-12T08:49:02.038+0000] {logging_mixin.py:190} INFO - [2025-05-12T08:49:02.038+0000] {dagbag.py:588} INFO - Filling up the DagBag from /home/airflow/.local/lib/python3.12/site-packages/airflow/example_dags/example_bash_decorator.py
[2025-05-12T08:49:02.056+0000] {processor.py:925} INFO - DAG(s) 'example_bash_decorator' retrieved from /home/airflow/.local/lib/python3.12/site-packages/airflow/example_dags/example_bash_decorator.py
[2025-05-12T08:49:02.084+0000] {logging_mixin.py:190} INFO - [2025-05-12T08:49:02.084+0000] {dag.py:3239} INFO - Sync 1 DAGs
[2025-05-12T08:49:02.104+0000] {logging_mixin.py:190} INFO - [2025-05-12T08:49:02.104+0000] {dag.py:4180} INFO - Setting next_dagrun for example_bash_decorator to None, run_after=None
[2025-05-12T08:49:02.137+0000] {processor.py:208} INFO - Processing /home/airflow/.local/lib/python3.12/site-packages/airflow/example_dags/example_bash_decorator.py took 0.110 seconds
[2025-05-12T08:49:32.375+0000] {processor.py:186} INFO - Started process (PID=2759) to work on /home/airflow/.local/lib/python3.12/site-packages/airflow/example_dags/example_bash_decorator.py
[2025-05-12T08:49:32.376+0000] {processor.py:914} INFO - Processing file /home/airflow/.local/lib/python3.12/site-packages/airflow/example_dags/example_bash_decorator.py for tasks to queue
[2025-05-12T08:49:32.378+0000] {logging_mixin.py:190} INFO - [2025-05-12T08:49:32.378+0000] {dagbag.py:588} INFO - Filling up the DagBag from /home/airflow/.local/lib/python3.12/site-packages/airflow/example_dags/example_bash_decorator.py
[2025-05-12T08:49:32.396+0000] {processor.py:925} INFO - DAG(s) 'example_bash_decorator' retrieved from /home/airflow/.local/lib/python3.12/site-packages/airflow/example_dags/example_bash_decorator.py
[2025-05-12T08:49:32.425+0000] {logging_mixin.py:190} INFO - [2025-05-12T08:49:32.425+0000] {dag.py:3239} INFO - Sync 1 DAGs
[2025-05-12T08:49:32.443+0000] {logging_mixin.py:190} INFO - [2025-05-12T08:49:32.443+0000] {dag.py:4180} INFO - Setting next_dagrun for example_bash_decorator to None, run_after=None
[2025-05-12T08:49:32.463+0000] {processor.py:208} INFO - Processing /home/airflow/.local/lib/python3.12/site-packages/airflow/example_dags/example_bash_decorator.py took 0.097 seconds
[2025-05-12T08:50:02.938+0000] {processor.py:186} INFO - Started process (PID=2841) to work on /home/airflow/.local/lib/python3.12/site-packages/airflow/example_dags/example_bash_decorator.py
[2025-05-12T08:50:02.939+0000] {processor.py:914} INFO - Processing file /home/airflow/.local/lib/python3.12/site-packages/airflow/example_dags/example_bash_decorator.py for tasks to queue
[2025-05-12T08:50:02.940+0000] {logging_mixin.py:190} INFO - [2025-05-12T08:50:02.940+0000] {dagbag.py:588} INFO - Filling up the DagBag from /home/airflow/.local/lib/python3.12/site-packages/airflow/example_dags/example_bash_decorator.py
[2025-05-12T08:50:02.958+0000] {processor.py:925} INFO - DAG(s) 'example_bash_decorator' retrieved from /home/airflow/.local/lib/python3.12/site-packages/airflow/example_dags/example_bash_decorator.py
[2025-05-12T08:50:02.985+0000] {logging_mixin.py:190} INFO - [2025-05-12T08:50:02.985+0000] {dag.py:3239} INFO - Sync 1 DAGs
[2025-05-12T08:50:03.003+0000] {logging_mixin.py:190} INFO - [2025-05-12T08:50:03.003+0000] {dag.py:4180} INFO - Setting next_dagrun for example_bash_decorator to None, run_after=None
[2025-05-12T08:50:03.024+0000] {processor.py:208} INFO - Processing /home/airflow/.local/lib/python3.12/site-packages/airflow/example_dags/example_bash_decorator.py took 0.095 seconds
[2025-05-12T08:50:33.411+0000] {processor.py:186} INFO - Started process (PID=2923) to work on /home/airflow/.local/lib/python3.12/site-packages/airflow/example_dags/example_bash_decorator.py
[2025-05-12T08:50:33.412+0000] {processor.py:914} INFO - Processing file /home/airflow/.local/lib/python3.12/site-packages/airflow/example_dags/example_bash_decorator.py for tasks to queue
[2025-05-12T08:50:33.414+0000] {logging_mixin.py:190} INFO - [2025-05-12T08:50:33.413+0000] {dagbag.py:588} INFO - Filling up the DagBag from /home/airflow/.local/lib/python3.12/site-packages/airflow/example_dags/example_bash_decorator.py
[2025-05-12T08:50:33.431+0000] {processor.py:925} INFO - DAG(s) 'example_bash_decorator' retrieved from /home/airflow/.local/lib/python3.12/site-packages/airflow/example_dags/example_bash_decorator.py
[2025-05-12T08:50:33.463+0000] {logging_mixin.py:190} INFO - [2025-05-12T08:50:33.462+0000] {dag.py:3239} INFO - Sync 1 DAGs
[2025-05-12T08:50:33.482+0000] {logging_mixin.py:190} INFO - [2025-05-12T08:50:33.481+0000] {dag.py:4180} INFO - Setting next_dagrun for example_bash_decorator to None, run_after=None
[2025-05-12T08:50:33.509+0000] {processor.py:208} INFO - Processing /home/airflow/.local/lib/python3.12/site-packages/airflow/example_dags/example_bash_decorator.py took 0.106 seconds
[2025-05-12T08:51:03.592+0000] {processor.py:186} INFO - Started process (PID=3005) to work on /home/airflow/.local/lib/python3.12/site-packages/airflow/example_dags/example_bash_decorator.py
[2025-05-12T08:51:03.599+0000] {processor.py:914} INFO - Processing file /home/airflow/.local/lib/python3.12/site-packages/airflow/example_dags/example_bash_decorator.py for tasks to queue
[2025-05-12T08:51:03.601+0000] {logging_mixin.py:190} INFO - [2025-05-12T08:51:03.600+0000] {dagbag.py:588} INFO - Filling up the DagBag from /home/airflow/.local/lib/python3.12/site-packages/airflow/example_dags/example_bash_decorator.py
[2025-05-12T08:51:03.618+0000] {processor.py:925} INFO - DAG(s) 'example_bash_decorator' retrieved from /home/airflow/.local/lib/python3.12/site-packages/airflow/example_dags/example_bash_decorator.py
[2025-05-12T08:51:03.654+0000] {logging_mixin.py:190} INFO - [2025-05-12T08:51:03.654+0000] {dag.py:3239} INFO - Sync 1 DAGs
[2025-05-12T08:51:03.673+0000] {logging_mixin.py:190} INFO - [2025-05-12T08:51:03.672+0000] {dag.py:4180} INFO - Setting next_dagrun for example_bash_decorator to None, run_after=None
[2025-05-12T08:51:03.701+0000] {processor.py:208} INFO - Processing /home/airflow/.local/lib/python3.12/site-packages/airflow/example_dags/example_bash_decorator.py took 0.116 seconds
[2025-05-12T08:51:33.934+0000] {processor.py:186} INFO - Started process (PID=3087) to work on /home/airflow/.local/lib/python3.12/site-packages/airflow/example_dags/example_bash_decorator.py
[2025-05-12T08:51:33.935+0000] {processor.py:914} INFO - Processing file /home/airflow/.local/lib/python3.12/site-packages/airflow/example_dags/example_bash_decorator.py for tasks to queue
[2025-05-12T08:51:33.936+0000] {logging_mixin.py:190} INFO - [2025-05-12T08:51:33.936+0000] {dagbag.py:588} INFO - Filling up the DagBag from /home/airflow/.local/lib/python3.12/site-packages/airflow/example_dags/example_bash_decorator.py
[2025-05-12T08:51:33.951+0000] {processor.py:925} INFO - DAG(s) 'example_bash_decorator' retrieved from /home/airflow/.local/lib/python3.12/site-packages/airflow/example_dags/example_bash_decorator.py
[2025-05-12T08:51:33.975+0000] {logging_mixin.py:190} INFO - [2025-05-12T08:51:33.975+0000] {dag.py:3239} INFO - Sync 1 DAGs
[2025-05-12T08:51:33.990+0000] {logging_mixin.py:190} INFO - [2025-05-12T08:51:33.990+0000] {dag.py:4180} INFO - Setting next_dagrun for example_bash_decorator to None, run_after=None
[2025-05-12T08:51:34.011+0000] {processor.py:208} INFO - Processing /home/airflow/.local/lib/python3.12/site-packages/airflow/example_dags/example_bash_decorator.py took 0.084 seconds
[2025-05-12T08:52:04.713+0000] {processor.py:186} INFO - Started process (PID=3168) to work on /home/airflow/.local/lib/python3.12/site-packages/airflow/example_dags/example_bash_decorator.py
[2025-05-12T08:52:04.715+0000] {processor.py:914} INFO - Processing file /home/airflow/.local/lib/python3.12/site-packages/airflow/example_dags/example_bash_decorator.py for tasks to queue
[2025-05-12T08:52:04.716+0000] {logging_mixin.py:190} INFO - [2025-05-12T08:52:04.716+0000] {dagbag.py:588} INFO - Filling up the DagBag from /home/airflow/.local/lib/python3.12/site-packages/airflow/example_dags/example_bash_decorator.py
[2025-05-12T08:52:04.735+0000] {processor.py:925} INFO - DAG(s) 'example_bash_decorator' retrieved from /home/airflow/.local/lib/python3.12/site-packages/airflow/example_dags/example_bash_decorator.py
[2025-05-12T08:52:04.769+0000] {logging_mixin.py:190} INFO - [2025-05-12T08:52:04.769+0000] {dag.py:3239} INFO - Sync 1 DAGs
[2025-05-12T08:52:04.788+0000] {logging_mixin.py:190} INFO - [2025-05-12T08:52:04.788+0000] {dag.py:4180} INFO - Setting next_dagrun for example_bash_decorator to None, run_after=None
[2025-05-12T08:52:04.817+0000] {processor.py:208} INFO - Processing /home/airflow/.local/lib/python3.12/site-packages/airflow/example_dags/example_bash_decorator.py took 0.111 seconds
[2025-05-12T08:52:35.670+0000] {processor.py:186} INFO - Started process (PID=3249) to work on /home/airflow/.local/lib/python3.12/site-packages/airflow/example_dags/example_bash_decorator.py
[2025-05-12T08:52:35.673+0000] {processor.py:914} INFO - Processing file /home/airflow/.local/lib/python3.12/site-packages/airflow/example_dags/example_bash_decorator.py for tasks to queue
[2025-05-12T08:52:35.676+0000] {logging_mixin.py:190} INFO - [2025-05-12T08:52:35.675+0000] {dagbag.py:588} INFO - Filling up the DagBag from /home/airflow/.local/lib/python3.12/site-packages/airflow/example_dags/example_bash_decorator.py
[2025-05-12T08:52:35.697+0000] {processor.py:925} INFO - DAG(s) 'example_bash_decorator' retrieved from /home/airflow/.local/lib/python3.12/site-packages/airflow/example_dags/example_bash_decorator.py
[2025-05-12T08:52:35.728+0000] {logging_mixin.py:190} INFO - [2025-05-12T08:52:35.728+0000] {dag.py:3239} INFO - Sync 1 DAGs
[2025-05-12T08:52:35.744+0000] {logging_mixin.py:190} INFO - [2025-05-12T08:52:35.744+0000] {dag.py:4180} INFO - Setting next_dagrun for example_bash_decorator to None, run_after=None
[2025-05-12T08:52:35.769+0000] {processor.py:208} INFO - Processing /home/airflow/.local/lib/python3.12/site-packages/airflow/example_dags/example_bash_decorator.py took 0.106 seconds
[2025-05-12T08:53:05.917+0000] {processor.py:186} INFO - Started process (PID=3331) to work on /home/airflow/.local/lib/python3.12/site-packages/airflow/example_dags/example_bash_decorator.py
[2025-05-12T08:53:05.918+0000] {processor.py:914} INFO - Processing file /home/airflow/.local/lib/python3.12/site-packages/airflow/example_dags/example_bash_decorator.py for tasks to queue
[2025-05-12T08:53:05.919+0000] {logging_mixin.py:190} INFO - [2025-05-12T08:53:05.919+0000] {dagbag.py:588} INFO - Filling up the DagBag from /home/airflow/.local/lib/python3.12/site-packages/airflow/example_dags/example_bash_decorator.py
[2025-05-12T08:53:05.940+0000] {processor.py:925} INFO - DAG(s) 'example_bash_decorator' retrieved from /home/airflow/.local/lib/python3.12/site-packages/airflow/example_dags/example_bash_decorator.py
[2025-05-12T08:53:05.964+0000] {logging_mixin.py:190} INFO - [2025-05-12T08:53:05.964+0000] {dag.py:3239} INFO - Sync 1 DAGs
[2025-05-12T08:53:05.979+0000] {logging_mixin.py:190} INFO - [2025-05-12T08:53:05.979+0000] {dag.py:4180} INFO - Setting next_dagrun for example_bash_decorator to None, run_after=None
[2025-05-12T08:53:05.999+0000] {processor.py:208} INFO - Processing /home/airflow/.local/lib/python3.12/site-packages/airflow/example_dags/example_bash_decorator.py took 0.088 seconds
[2025-05-12T08:53:36.704+0000] {processor.py:186} INFO - Started process (PID=3410) to work on /home/airflow/.local/lib/python3.12/site-packages/airflow/example_dags/example_bash_decorator.py
[2025-05-12T08:53:36.705+0000] {processor.py:914} INFO - Processing file /home/airflow/.local/lib/python3.12/site-packages/airflow/example_dags/example_bash_decorator.py for tasks to queue
[2025-05-12T08:53:36.707+0000] {logging_mixin.py:190} INFO - [2025-05-12T08:53:36.706+0000] {dagbag.py:588} INFO - Filling up the DagBag from /home/airflow/.local/lib/python3.12/site-packages/airflow/example_dags/example_bash_decorator.py
[2025-05-12T08:53:36.723+0000] {processor.py:925} INFO - DAG(s) 'example_bash_decorator' retrieved from /home/airflow/.local/lib/python3.12/site-packages/airflow/example_dags/example_bash_decorator.py
[2025-05-12T08:53:36.748+0000] {logging_mixin.py:190} INFO - [2025-05-12T08:53:36.748+0000] {dag.py:3239} INFO - Sync 1 DAGs
[2025-05-12T08:53:36.763+0000] {logging_mixin.py:190} INFO - [2025-05-12T08:53:36.763+0000] {dag.py:4180} INFO - Setting next_dagrun for example_bash_decorator to None, run_after=None
[2025-05-12T08:53:36.784+0000] {processor.py:208} INFO - Processing /home/airflow/.local/lib/python3.12/site-packages/airflow/example_dags/example_bash_decorator.py took 0.086 seconds
[2025-05-12T08:54:08.204+0000] {processor.py:186} INFO - Started process (PID=3492) to work on /home/airflow/.local/lib/python3.12/site-packages/airflow/example_dags/example_bash_decorator.py
[2025-05-12T08:54:08.206+0000] {processor.py:914} INFO - Processing file /home/airflow/.local/lib/python3.12/site-packages/airflow/example_dags/example_bash_decorator.py for tasks to queue
[2025-05-12T08:54:08.207+0000] {logging_mixin.py:190} INFO - [2025-05-12T08:54:08.207+0000] {dagbag.py:588} INFO - Filling up the DagBag from /home/airflow/.local/lib/python3.12/site-packages/airflow/example_dags/example_bash_decorator.py
[2025-05-12T08:54:08.231+0000] {processor.py:925} INFO - DAG(s) 'example_bash_decorator' retrieved from /home/airflow/.local/lib/python3.12/site-packages/airflow/example_dags/example_bash_decorator.py
[2025-05-12T08:54:08.274+0000] {logging_mixin.py:190} INFO - [2025-05-12T08:54:08.274+0000] {dag.py:3239} INFO - Sync 1 DAGs
[2025-05-12T08:54:08.293+0000] {logging_mixin.py:190} INFO - [2025-05-12T08:54:08.293+0000] {dag.py:4180} INFO - Setting next_dagrun for example_bash_decorator to None, run_after=None
[2025-05-12T08:54:08.324+0000] {processor.py:208} INFO - Processing /home/airflow/.local/lib/python3.12/site-packages/airflow/example_dags/example_bash_decorator.py took 0.128 seconds
[2025-05-12T08:54:38.923+0000] {processor.py:186} INFO - Started process (PID=3572) to work on /home/airflow/.local/lib/python3.12/site-packages/airflow/example_dags/example_bash_decorator.py
[2025-05-12T08:54:38.924+0000] {processor.py:914} INFO - Processing file /home/airflow/.local/lib/python3.12/site-packages/airflow/example_dags/example_bash_decorator.py for tasks to queue
[2025-05-12T08:54:38.926+0000] {logging_mixin.py:190} INFO - [2025-05-12T08:54:38.926+0000] {dagbag.py:588} INFO - Filling up the DagBag from /home/airflow/.local/lib/python3.12/site-packages/airflow/example_dags/example_bash_decorator.py
[2025-05-12T08:54:38.942+0000] {processor.py:925} INFO - DAG(s) 'example_bash_decorator' retrieved from /home/airflow/.local/lib/python3.12/site-packages/airflow/example_dags/example_bash_decorator.py
[2025-05-12T08:54:38.970+0000] {logging_mixin.py:190} INFO - [2025-05-12T08:54:38.970+0000] {dag.py:3239} INFO - Sync 1 DAGs
[2025-05-12T08:54:38.985+0000] {logging_mixin.py:190} INFO - [2025-05-12T08:54:38.985+0000] {dag.py:4180} INFO - Setting next_dagrun for example_bash_decorator to None, run_after=None
[2025-05-12T08:54:39.008+0000] {processor.py:208} INFO - Processing /home/airflow/.local/lib/python3.12/site-packages/airflow/example_dags/example_bash_decorator.py took 0.092 seconds
[2025-05-12T08:55:09.858+0000] {processor.py:186} INFO - Started process (PID=3647) to work on /home/airflow/.local/lib/python3.12/site-packages/airflow/example_dags/example_bash_decorator.py
[2025-05-12T08:55:09.859+0000] {processor.py:914} INFO - Processing file /home/airflow/.local/lib/python3.12/site-packages/airflow/example_dags/example_bash_decorator.py for tasks to queue
[2025-05-12T08:55:09.861+0000] {logging_mixin.py:190} INFO - [2025-05-12T08:55:09.860+0000] {dagbag.py:588} INFO - Filling up the DagBag from /home/airflow/.local/lib/python3.12/site-packages/airflow/example_dags/example_bash_decorator.py
[2025-05-12T08:55:09.878+0000] {processor.py:925} INFO - DAG(s) 'example_bash_decorator' retrieved from /home/airflow/.local/lib/python3.12/site-packages/airflow/example_dags/example_bash_decorator.py
[2025-05-12T08:55:09.907+0000] {logging_mixin.py:190} INFO - [2025-05-12T08:55:09.906+0000] {dag.py:3239} INFO - Sync 1 DAGs
[2025-05-12T08:55:09.923+0000] {logging_mixin.py:190} INFO - [2025-05-12T08:55:09.923+0000] {dag.py:4180} INFO - Setting next_dagrun for example_bash_decorator to None, run_after=None
[2025-05-12T08:55:09.946+0000] {processor.py:208} INFO - Processing /home/airflow/.local/lib/python3.12/site-packages/airflow/example_dags/example_bash_decorator.py took 0.097 seconds
[2025-05-12T08:55:41.145+0000] {processor.py:186} INFO - Started process (PID=3730) to work on /home/airflow/.local/lib/python3.12/site-packages/airflow/example_dags/example_bash_decorator.py
[2025-05-12T08:55:41.146+0000] {processor.py:914} INFO - Processing file /home/airflow/.local/lib/python3.12/site-packages/airflow/example_dags/example_bash_decorator.py for tasks to queue
[2025-05-12T08:55:41.148+0000] {logging_mixin.py:190} INFO - [2025-05-12T08:55:41.147+0000] {dagbag.py:588} INFO - Filling up the DagBag from /home/airflow/.local/lib/python3.12/site-packages/airflow/example_dags/example_bash_decorator.py
[2025-05-12T08:55:41.162+0000] {processor.py:925} INFO - DAG(s) 'example_bash_decorator' retrieved from /home/airflow/.local/lib/python3.12/site-packages/airflow/example_dags/example_bash_decorator.py
[2025-05-12T08:55:41.184+0000] {logging_mixin.py:190} INFO - [2025-05-12T08:55:41.184+0000] {dag.py:3239} INFO - Sync 1 DAGs
[2025-05-12T08:55:41.199+0000] {logging_mixin.py:190} INFO - [2025-05-12T08:55:41.199+0000] {dag.py:4180} INFO - Setting next_dagrun for example_bash_decorator to None, run_after=None
[2025-05-12T08:55:41.218+0000] {processor.py:208} INFO - Processing /home/airflow/.local/lib/python3.12/site-packages/airflow/example_dags/example_bash_decorator.py took 0.079 seconds
[2025-05-12T08:56:12.519+0000] {processor.py:186} INFO - Started process (PID=3811) to work on /home/airflow/.local/lib/python3.12/site-packages/airflow/example_dags/example_bash_decorator.py
[2025-05-12T08:56:12.520+0000] {processor.py:914} INFO - Processing file /home/airflow/.local/lib/python3.12/site-packages/airflow/example_dags/example_bash_decorator.py for tasks to queue
[2025-05-12T08:56:12.522+0000] {logging_mixin.py:190} INFO - [2025-05-12T08:56:12.521+0000] {dagbag.py:588} INFO - Filling up the DagBag from /home/airflow/.local/lib/python3.12/site-packages/airflow/example_dags/example_bash_decorator.py
[2025-05-12T08:56:12.544+0000] {processor.py:925} INFO - DAG(s) 'example_bash_decorator' retrieved from /home/airflow/.local/lib/python3.12/site-packages/airflow/example_dags/example_bash_decorator.py
[2025-05-12T08:56:12.571+0000] {logging_mixin.py:190} INFO - [2025-05-12T08:56:12.571+0000] {dag.py:3239} INFO - Sync 1 DAGs
[2025-05-12T08:56:12.587+0000] {logging_mixin.py:190} INFO - [2025-05-12T08:56:12.587+0000] {dag.py:4180} INFO - Setting next_dagrun for example_bash_decorator to None, run_after=None
[2025-05-12T08:56:12.614+0000] {processor.py:208} INFO - Processing /home/airflow/.local/lib/python3.12/site-packages/airflow/example_dags/example_bash_decorator.py took 0.102 seconds
[2025-05-12T08:56:44.039+0000] {processor.py:186} INFO - Started process (PID=3893) to work on /home/airflow/.local/lib/python3.12/site-packages/airflow/example_dags/example_bash_decorator.py
[2025-05-12T08:56:44.040+0000] {processor.py:914} INFO - Processing file /home/airflow/.local/lib/python3.12/site-packages/airflow/example_dags/example_bash_decorator.py for tasks to queue
[2025-05-12T08:56:44.042+0000] {logging_mixin.py:190} INFO - [2025-05-12T08:56:44.041+0000] {dagbag.py:588} INFO - Filling up the DagBag from /home/airflow/.local/lib/python3.12/site-packages/airflow/example_dags/example_bash_decorator.py
[2025-05-12T08:56:44.061+0000] {processor.py:925} INFO - DAG(s) 'example_bash_decorator' retrieved from /home/airflow/.local/lib/python3.12/site-packages/airflow/example_dags/example_bash_decorator.py
[2025-05-12T08:56:44.087+0000] {logging_mixin.py:190} INFO - [2025-05-12T08:56:44.087+0000] {dag.py:3239} INFO - Sync 1 DAGs
[2025-05-12T08:56:44.106+0000] {logging_mixin.py:190} INFO - [2025-05-12T08:56:44.106+0000] {dag.py:4180} INFO - Setting next_dagrun for example_bash_decorator to None, run_after=None
[2025-05-12T08:56:44.129+0000] {processor.py:208} INFO - Processing /home/airflow/.local/lib/python3.12/site-packages/airflow/example_dags/example_bash_decorator.py took 0.098 seconds
[2025-05-12T08:57:14.959+0000] {processor.py:186} INFO - Started process (PID=3976) to work on /home/airflow/.local/lib/python3.12/site-packages/airflow/example_dags/example_bash_decorator.py
[2025-05-12T08:57:14.961+0000] {processor.py:914} INFO - Processing file /home/airflow/.local/lib/python3.12/site-packages/airflow/example_dags/example_bash_decorator.py for tasks to queue
[2025-05-12T08:57:14.963+0000] {logging_mixin.py:190} INFO - [2025-05-12T08:57:14.962+0000] {dagbag.py:588} INFO - Filling up the DagBag from /home/airflow/.local/lib/python3.12/site-packages/airflow/example_dags/example_bash_decorator.py
[2025-05-12T08:57:14.981+0000] {processor.py:925} INFO - DAG(s) 'example_bash_decorator' retrieved from /home/airflow/.local/lib/python3.12/site-packages/airflow/example_dags/example_bash_decorator.py
[2025-05-12T08:57:15.013+0000] {logging_mixin.py:190} INFO - [2025-05-12T08:57:15.012+0000] {dag.py:3239} INFO - Sync 1 DAGs
[2025-05-12T08:57:15.030+0000] {logging_mixin.py:190} INFO - [2025-05-12T08:57:15.030+0000] {dag.py:4180} INFO - Setting next_dagrun for example_bash_decorator to None, run_after=None
[2025-05-12T08:57:15.058+0000] {processor.py:208} INFO - Processing /home/airflow/.local/lib/python3.12/site-packages/airflow/example_dags/example_bash_decorator.py took 0.106 seconds
[2025-05-12T08:57:45.952+0000] {processor.py:186} INFO - Started process (PID=4057) to work on /home/airflow/.local/lib/python3.12/site-packages/airflow/example_dags/example_bash_decorator.py
[2025-05-12T08:57:45.954+0000] {processor.py:914} INFO - Processing file /home/airflow/.local/lib/python3.12/site-packages/airflow/example_dags/example_bash_decorator.py for tasks to queue
[2025-05-12T08:57:45.955+0000] {logging_mixin.py:190} INFO - [2025-05-12T08:57:45.955+0000] {dagbag.py:588} INFO - Filling up the DagBag from /home/airflow/.local/lib/python3.12/site-packages/airflow/example_dags/example_bash_decorator.py
[2025-05-12T08:57:45.973+0000] {processor.py:925} INFO - DAG(s) 'example_bash_decorator' retrieved from /home/airflow/.local/lib/python3.12/site-packages/airflow/example_dags/example_bash_decorator.py
[2025-05-12T08:57:46.009+0000] {logging_mixin.py:190} INFO - [2025-05-12T08:57:46.009+0000] {dag.py:3239} INFO - Sync 1 DAGs
[2025-05-12T08:57:46.036+0000] {logging_mixin.py:190} INFO - [2025-05-12T08:57:46.036+0000] {dag.py:4180} INFO - Setting next_dagrun for example_bash_decorator to None, run_after=None
[2025-05-12T08:57:46.068+0000] {processor.py:208} INFO - Processing /home/airflow/.local/lib/python3.12/site-packages/airflow/example_dags/example_bash_decorator.py took 0.124 seconds
[2025-05-12T08:58:17.169+0000] {processor.py:186} INFO - Started process (PID=4141) to work on /home/airflow/.local/lib/python3.12/site-packages/airflow/example_dags/example_bash_decorator.py
[2025-05-12T08:58:17.170+0000] {processor.py:914} INFO - Processing file /home/airflow/.local/lib/python3.12/site-packages/airflow/example_dags/example_bash_decorator.py for tasks to queue
[2025-05-12T08:58:17.172+0000] {logging_mixin.py:190} INFO - [2025-05-12T08:58:17.171+0000] {dagbag.py:588} INFO - Filling up the DagBag from /home/airflow/.local/lib/python3.12/site-packages/airflow/example_dags/example_bash_decorator.py
[2025-05-12T08:58:17.190+0000] {processor.py:925} INFO - DAG(s) 'example_bash_decorator' retrieved from /home/airflow/.local/lib/python3.12/site-packages/airflow/example_dags/example_bash_decorator.py
[2025-05-12T08:58:17.222+0000] {logging_mixin.py:190} INFO - [2025-05-12T08:58:17.222+0000] {dag.py:3239} INFO - Sync 1 DAGs
[2025-05-12T08:58:17.241+0000] {logging_mixin.py:190} INFO - [2025-05-12T08:58:17.241+0000] {dag.py:4180} INFO - Setting next_dagrun for example_bash_decorator to None, run_after=None
[2025-05-12T08:58:17.264+0000] {processor.py:208} INFO - Processing /home/airflow/.local/lib/python3.12/site-packages/airflow/example_dags/example_bash_decorator.py took 0.103 seconds
[2025-05-12T08:58:47.792+0000] {processor.py:186} INFO - Started process (PID=4219) to work on /home/airflow/.local/lib/python3.12/site-packages/airflow/example_dags/example_bash_decorator.py
[2025-05-12T08:58:47.794+0000] {processor.py:914} INFO - Processing file /home/airflow/.local/lib/python3.12/site-packages/airflow/example_dags/example_bash_decorator.py for tasks to queue
[2025-05-12T08:58:47.796+0000] {logging_mixin.py:190} INFO - [2025-05-12T08:58:47.795+0000] {dagbag.py:588} INFO - Filling up the DagBag from /home/airflow/.local/lib/python3.12/site-packages/airflow/example_dags/example_bash_decorator.py
[2025-05-12T08:58:47.814+0000] {processor.py:925} INFO - DAG(s) 'example_bash_decorator' retrieved from /home/airflow/.local/lib/python3.12/site-packages/airflow/example_dags/example_bash_decorator.py
[2025-05-12T08:58:47.843+0000] {logging_mixin.py:190} INFO - [2025-05-12T08:58:47.842+0000] {dag.py:3239} INFO - Sync 1 DAGs
[2025-05-12T08:58:47.861+0000] {logging_mixin.py:190} INFO - [2025-05-12T08:58:47.861+0000] {dag.py:4180} INFO - Setting next_dagrun for example_bash_decorator to None, run_after=None
[2025-05-12T08:58:47.888+0000] {processor.py:208} INFO - Processing /home/airflow/.local/lib/python3.12/site-packages/airflow/example_dags/example_bash_decorator.py took 0.104 seconds
[2025-05-12T08:59:18.971+0000] {processor.py:186} INFO - Started process (PID=4299) to work on /home/airflow/.local/lib/python3.12/site-packages/airflow/example_dags/example_bash_decorator.py
[2025-05-12T08:59:18.988+0000] {processor.py:914} INFO - Processing file /home/airflow/.local/lib/python3.12/site-packages/airflow/example_dags/example_bash_decorator.py for tasks to queue
[2025-05-12T08:59:18.990+0000] {logging_mixin.py:190} INFO - [2025-05-12T08:59:18.989+0000] {dagbag.py:588} INFO - Filling up the DagBag from /home/airflow/.local/lib/python3.12/site-packages/airflow/example_dags/example_bash_decorator.py
[2025-05-12T08:59:19.011+0000] {processor.py:925} INFO - DAG(s) 'example_bash_decorator' retrieved from /home/airflow/.local/lib/python3.12/site-packages/airflow/example_dags/example_bash_decorator.py
[2025-05-12T08:59:19.041+0000] {logging_mixin.py:190} INFO - [2025-05-12T08:59:19.041+0000] {dag.py:3239} INFO - Sync 1 DAGs
[2025-05-12T08:59:19.061+0000] {logging_mixin.py:190} INFO - [2025-05-12T08:59:19.061+0000] {dag.py:4180} INFO - Setting next_dagrun for example_bash_decorator to None, run_after=None
[2025-05-12T08:59:19.090+0000] {processor.py:208} INFO - Processing /home/airflow/.local/lib/python3.12/site-packages/airflow/example_dags/example_bash_decorator.py took 0.134 seconds
[2025-05-12T08:59:50.124+0000] {processor.py:186} INFO - Started process (PID=4382) to work on /home/airflow/.local/lib/python3.12/site-packages/airflow/example_dags/example_bash_decorator.py
[2025-05-12T08:59:50.125+0000] {processor.py:914} INFO - Processing file /home/airflow/.local/lib/python3.12/site-packages/airflow/example_dags/example_bash_decorator.py for tasks to queue
[2025-05-12T08:59:50.126+0000] {logging_mixin.py:190} INFO - [2025-05-12T08:59:50.126+0000] {dagbag.py:588} INFO - Filling up the DagBag from /home/airflow/.local/lib/python3.12/site-packages/airflow/example_dags/example_bash_decorator.py
[2025-05-12T08:59:50.144+0000] {processor.py:925} INFO - DAG(s) 'example_bash_decorator' retrieved from /home/airflow/.local/lib/python3.12/site-packages/airflow/example_dags/example_bash_decorator.py
[2025-05-12T08:59:50.177+0000] {logging_mixin.py:190} INFO - [2025-05-12T08:59:50.177+0000] {dag.py:3239} INFO - Sync 1 DAGs
[2025-05-12T08:59:50.196+0000] {logging_mixin.py:190} INFO - [2025-05-12T08:59:50.196+0000] {dag.py:4180} INFO - Setting next_dagrun for example_bash_decorator to None, run_after=None
[2025-05-12T08:59:50.229+0000] {processor.py:208} INFO - Processing /home/airflow/.local/lib/python3.12/site-packages/airflow/example_dags/example_bash_decorator.py took 0.113 seconds
[2025-05-12T09:00:20.630+0000] {processor.py:186} INFO - Started process (PID=4465) to work on /home/airflow/.local/lib/python3.12/site-packages/airflow/example_dags/example_bash_decorator.py
[2025-05-12T09:00:20.632+0000] {processor.py:914} INFO - Processing file /home/airflow/.local/lib/python3.12/site-packages/airflow/example_dags/example_bash_decorator.py for tasks to queue
[2025-05-12T09:00:20.634+0000] {logging_mixin.py:190} INFO - [2025-05-12T09:00:20.633+0000] {dagbag.py:588} INFO - Filling up the DagBag from /home/airflow/.local/lib/python3.12/site-packages/airflow/example_dags/example_bash_decorator.py
[2025-05-12T09:00:20.654+0000] {processor.py:925} INFO - DAG(s) 'example_bash_decorator' retrieved from /home/airflow/.local/lib/python3.12/site-packages/airflow/example_dags/example_bash_decorator.py
[2025-05-12T09:00:20.693+0000] {logging_mixin.py:190} INFO - [2025-05-12T09:00:20.692+0000] {dag.py:3239} INFO - Sync 1 DAGs
[2025-05-12T09:00:20.715+0000] {logging_mixin.py:190} INFO - [2025-05-12T09:00:20.715+0000] {dag.py:4180} INFO - Setting next_dagrun for example_bash_decorator to None, run_after=None
[2025-05-12T09:00:20.752+0000] {processor.py:208} INFO - Processing /home/airflow/.local/lib/python3.12/site-packages/airflow/example_dags/example_bash_decorator.py took 0.132 seconds
[2025-05-12T09:00:51.477+0000] {processor.py:186} INFO - Started process (PID=4546) to work on /home/airflow/.local/lib/python3.12/site-packages/airflow/example_dags/example_bash_decorator.py
[2025-05-12T09:00:51.478+0000] {processor.py:914} INFO - Processing file /home/airflow/.local/lib/python3.12/site-packages/airflow/example_dags/example_bash_decorator.py for tasks to queue
[2025-05-12T09:00:51.480+0000] {logging_mixin.py:190} INFO - [2025-05-12T09:00:51.479+0000] {dagbag.py:588} INFO - Filling up the DagBag from /home/airflow/.local/lib/python3.12/site-packages/airflow/example_dags/example_bash_decorator.py
[2025-05-12T09:00:51.501+0000] {processor.py:925} INFO - DAG(s) 'example_bash_decorator' retrieved from /home/airflow/.local/lib/python3.12/site-packages/airflow/example_dags/example_bash_decorator.py
[2025-05-12T09:00:51.537+0000] {logging_mixin.py:190} INFO - [2025-05-12T09:00:51.536+0000] {dag.py:3239} INFO - Sync 1 DAGs
[2025-05-12T09:00:51.566+0000] {logging_mixin.py:190} INFO - [2025-05-12T09:00:51.566+0000] {dag.py:4180} INFO - Setting next_dagrun for example_bash_decorator to None, run_after=None
[2025-05-12T09:00:51.595+0000] {processor.py:208} INFO - Processing /home/airflow/.local/lib/python3.12/site-packages/airflow/example_dags/example_bash_decorator.py took 0.127 seconds
