[2025-05-09T06:01:01.127+0000] {local_task_job_runner.py:123} INFO - ::group::Pre task execution logs
[2025-05-09T06:01:01.138+0000] {taskinstance.py:2614} INFO - Dependencies all met for dep_context=non-requeueable deps ti=<TaskInstance: dags_bash_with_xcom.bash_push manual__2025-05-09T06:00:58.933461+00:00 [queued]>
[2025-05-09T06:01:01.144+0000] {taskinstance.py:2614} INFO - Dependencies all met for dep_context=requeueable deps ti=<TaskInstance: dags_bash_with_xcom.bash_push manual__2025-05-09T06:00:58.933461+00:00 [queued]>
[2025-05-09T06:01:01.144+0000] {taskinstance.py:2867} INFO - Starting attempt 1 of 1
[2025-05-09T06:01:01.155+0000] {taskinstance.py:2890} INFO - Executing <Task(BashOperator): bash_push> on 2025-05-09 06:00:58.933461+00:00
[2025-05-09T06:01:01.160+0000] {warnings.py:112} WARNING - /home/***/.local/lib/python3.12/site-packages/***/task/task_runner/standard_task_runner.py:70: DeprecationWarning: This process (pid=1151) is multi-threaded, use of fork() may lead to deadlocks in the child.
  pid = os.fork()

[2025-05-09T06:01:01.161+0000] {standard_task_runner.py:72} INFO - Started process 1153 to run task
[2025-05-09T06:01:01.162+0000] {standard_task_runner.py:104} INFO - Running: ['***', 'tasks', 'run', 'dags_bash_with_xcom', 'bash_push', 'manual__2025-05-09T06:00:58.933461+00:00', '--job-id', '103', '--raw', '--subdir', 'DAGS_FOLDER/dags_bash_with_xcom.py', '--cfg-path', '/tmp/tmp23g1hxzy']
[2025-05-09T06:01:01.162+0000] {standard_task_runner.py:105} INFO - Job 103: Subtask bash_push
[2025-05-09T06:01:01.332+0000] {task_command.py:467} INFO - Running <TaskInstance: dags_bash_with_xcom.bash_push manual__2025-05-09T06:00:58.933461+00:00 [running]> on host 11348a8299f1
[2025-05-09T06:01:01.399+0000] {taskinstance.py:3134} INFO - Exporting env vars: AIRFLOW_CTX_DAG_OWNER='***' AIRFLOW_CTX_DAG_ID='dags_bash_with_xcom' AIRFLOW_CTX_TASK_ID='bash_push' AIRFLOW_CTX_EXECUTION_DATE='2025-05-09T06:00:58.933461+00:00' AIRFLOW_CTX_TRY_NUMBER='1' AIRFLOW_CTX_DAG_RUN_ID='manual__2025-05-09T06:00:58.933461+00:00'
[2025-05-09T06:01:01.400+0000] {logging_mixin.py:190} INFO - Task instance is in running state
[2025-05-09T06:01:01.400+0000] {logging_mixin.py:190} INFO -  Previous state of the Task instance: queued
[2025-05-09T06:01:01.400+0000] {logging_mixin.py:190} INFO - Current task name:bash_push state:running start_date:2025-05-09 06:01:01.138619+00:00
[2025-05-09T06:01:01.400+0000] {logging_mixin.py:190} INFO - Dag name:dags_bash_with_xcom and current dag run status:running
[2025-05-09T06:01:01.400+0000] {taskinstance.py:732} INFO - ::endgroup::
[2025-05-09T06:01:01.401+0000] {subprocess.py:78} INFO - Tmp dir root location: /tmp
[2025-05-09T06:01:01.402+0000] {subprocess.py:88} INFO - Running command: ['/usr/bin/bash', '-c', 'echo START && echo XCOM_PUSHED None &&echo COMPLETE']
[2025-05-09T06:01:01.411+0000] {subprocess.py:99} INFO - Output:
[2025-05-09T06:01:01.412+0000] {subprocess.py:106} INFO - START
[2025-05-09T06:01:01.413+0000] {subprocess.py:106} INFO - XCOM_PUSHED None
[2025-05-09T06:01:01.413+0000] {subprocess.py:106} INFO - COMPLETE
[2025-05-09T06:01:01.413+0000] {subprocess.py:110} INFO - Command exited with return code 0
[2025-05-09T06:01:01.431+0000] {taskinstance.py:341} INFO - ::group::Post task execution logs
[2025-05-09T06:01:01.431+0000] {taskinstance.py:353} INFO - Marking task as SUCCESS. dag_id=dags_bash_with_xcom, task_id=bash_push, run_id=manual__2025-05-09T06:00:58.933461+00:00, execution_date=20250509T060058, start_date=20250509T060101, end_date=20250509T060101
[2025-05-09T06:01:01.449+0000] {logging_mixin.py:190} INFO - Task instance in success state
[2025-05-09T06:01:01.449+0000] {logging_mixin.py:190} INFO -  Previous state of the Task instance: running
[2025-05-09T06:01:01.449+0000] {logging_mixin.py:190} INFO - Dag name:dags_bash_with_xcom queued_at:2025-05-09 06:00:58.947367+00:00
[2025-05-09T06:01:01.449+0000] {logging_mixin.py:190} INFO - Task hostname:11348a8299f1 operator:BashOperator
[2025-05-09T06:01:01.497+0000] {local_task_job_runner.py:266} INFO - Task exited with return code 0
[2025-05-09T06:01:01.637+0000] {taskinstance.py:3901} INFO - 1 downstream tasks scheduled from follow-on schedule check
[2025-05-09T06:01:01.640+0000] {local_task_job_runner.py:245} INFO - ::endgroup::
