[2025-05-06T08:07:43.384+0000] {local_task_job_runner.py:123} INFO - ::group::Pre task execution logs
[2025-05-06T08:07:43.409+0000] {taskinstance.py:2614} INFO - Dependencies all met for dep_context=non-requeueable deps ti=<TaskInstance: dags_email_operator.send_email_task scheduled__2025-05-01T15:10:00+00:00 [queued]>
[2025-05-06T08:07:43.423+0000] {taskinstance.py:2614} INFO - Dependencies all met for dep_context=requeueable deps ti=<TaskInstance: dags_email_operator.send_email_task scheduled__2025-05-01T15:10:00+00:00 [queued]>
[2025-05-06T08:07:43.423+0000] {taskinstance.py:2867} INFO - Starting attempt 1 of 1
[2025-05-06T08:07:43.662+0000] {taskinstance.py:2890} INFO - Executing <Task(EmailOperator): send_email_task> on 2025-05-01 15:10:00+00:00
[2025-05-06T08:07:43.676+0000] {warnings.py:112} WARNING - /home/***/.local/lib/python3.12/site-packages/***/task/task_runner/standard_task_runner.py:70: DeprecationWarning: This process (pid=78) is multi-threaded, use of fork() may lead to deadlocks in the child.
  pid = os.fork()

[2025-05-06T08:07:43.679+0000] {standard_task_runner.py:72} INFO - Started process 93 to run task
[2025-05-06T08:07:43.680+0000] {standard_task_runner.py:104} INFO - Running: ['***', 'tasks', 'run', 'dags_email_operator', 'send_email_task', 'scheduled__2025-05-01T15:10:00+00:00', '--job-id', '24', '--raw', '--subdir', 'DAGS_FOLDER/dags_email_operator.py', '--cfg-path', '/tmp/tmp0nxhy0fq']
[2025-05-06T08:07:43.682+0000] {standard_task_runner.py:105} INFO - Job 24: Subtask send_email_task
[2025-05-06T08:07:43.762+0000] {task_command.py:467} INFO - Running <TaskInstance: dags_email_operator.send_email_task scheduled__2025-05-01T15:10:00+00:00 [running]> on host 11348a8299f1
[2025-05-06T08:07:43.905+0000] {taskinstance.py:3134} INFO - Exporting env vars: AIRFLOW_CTX_DAG_OWNER='***' AIRFLOW_CTX_DAG_ID='dags_email_operator' AIRFLOW_CTX_TASK_ID='send_email_task' AIRFLOW_CTX_EXECUTION_DATE='2025-05-01T15:10:00+00:00' AIRFLOW_CTX_TRY_NUMBER='1' AIRFLOW_CTX_DAG_RUN_ID='scheduled__2025-05-01T15:10:00+00:00'
[2025-05-06T08:07:43.907+0000] {logging_mixin.py:190} INFO - Task instance is in running state
[2025-05-06T08:07:43.907+0000] {logging_mixin.py:190} INFO -  Previous state of the Task instance: queued
[2025-05-06T08:07:43.908+0000] {logging_mixin.py:190} INFO - Current task name:send_email_task state:running start_date:2025-05-06 08:07:43.410150+00:00
[2025-05-06T08:07:43.908+0000] {logging_mixin.py:190} INFO - Dag name:dags_email_operator and current dag run status:running
[2025-05-06T08:07:43.908+0000] {taskinstance.py:732} INFO - ::endgroup::
[2025-05-06T08:07:43.923+0000] {warnings.py:112} WARNING - /home/***/.local/lib/python3.12/site-packages/***/utils/email.py:155: RemovedInAirflow3Warning: Fetching SMTP credentials from configuration variables will be deprecated in a future release. Please set credentials using a connection instead.
  send_mime_email(e_from=mail_from, e_to=recipients, mime_msg=msg, conn_id=conn_id, dryrun=dryrun)

[2025-05-06T08:07:43.924+0000] {email.py:272} INFO - Email alerting: attempt 1
[2025-05-06T08:07:46.118+0000] {email.py:283} INFO - Sent an alert email to ['enkeejuniour@naver.com']
[2025-05-06T08:07:48.065+0000] {taskinstance.py:341} INFO - ::group::Post task execution logs
[2025-05-06T08:07:48.065+0000] {taskinstance.py:353} INFO - Marking task as SUCCESS. dag_id=dags_email_operator, task_id=send_email_task, run_id=scheduled__2025-05-01T15:10:00+00:00, execution_date=20250501T151000, start_date=20250506T080743, end_date=20250506T080748
[2025-05-06T08:07:48.087+0000] {logging_mixin.py:190} INFO - Task instance in success state
[2025-05-06T08:07:48.087+0000] {logging_mixin.py:190} INFO -  Previous state of the Task instance: running
[2025-05-06T08:07:48.087+0000] {logging_mixin.py:190} INFO - Dag name:dags_email_operator queued_at:2025-05-06 08:07:27.634641+00:00
[2025-05-06T08:07:48.087+0000] {logging_mixin.py:190} INFO - Task hostname:11348a8299f1 operator:EmailOperator
[2025-05-06T08:07:48.132+0000] {local_task_job_runner.py:266} INFO - Task exited with return code 0
[2025-05-06T08:07:48.145+0000] {taskinstance.py:3901} INFO - 0 downstream tasks scheduled from follow-on schedule check
[2025-05-06T08:07:48.146+0000] {local_task_job_runner.py:245} INFO - ::endgroup::
