[2025-05-09T22:20:41.404+0000] {local_task_job_runner.py:123} INFO - ::group::Pre task execution logs
[2025-05-09T22:20:41.433+0000] {taskinstance.py:2614} INFO - Dependencies all met for dep_context=non-requeueable deps ti=<TaskInstance: dags_email_operator.send_email_task scheduled__2025-05-08T15:10:00+00:00 [queued]>
[2025-05-09T22:20:41.447+0000] {taskinstance.py:2614} INFO - Dependencies all met for dep_context=requeueable deps ti=<TaskInstance: dags_email_operator.send_email_task scheduled__2025-05-08T15:10:00+00:00 [queued]>
[2025-05-09T22:20:41.447+0000] {taskinstance.py:2867} INFO - Starting attempt 1 of 1
[2025-05-09T22:20:41.708+0000] {taskinstance.py:2890} INFO - Executing <Task(EmailOperator): send_email_task> on 2025-05-08 15:10:00+00:00
[2025-05-09T22:20:41.726+0000] {warnings.py:112} WARNING - /home/***/.local/lib/python3.12/site-packages/***/task/task_runner/standard_task_runner.py:70: DeprecationWarning: This process (pid=5571) is multi-threaded, use of fork() may lead to deadlocks in the child.
  pid = os.fork()

[2025-05-09T22:20:41.727+0000] {standard_task_runner.py:104} INFO - Running: ['***', 'tasks', 'run', 'dags_email_operator', 'send_email_task', 'scheduled__2025-05-08T15:10:00+00:00', '--job-id', '107', '--raw', '--subdir', 'DAGS_FOLDER/dags_email_operator.py', '--cfg-path', '/tmp/tmppmojw28u']
[2025-05-09T22:20:41.728+0000] {standard_task_runner.py:72} INFO - Started process 5624 to run task
[2025-05-09T22:20:41.728+0000] {standard_task_runner.py:105} INFO - Job 107: Subtask send_email_task
[2025-05-09T22:20:41.858+0000] {task_command.py:467} INFO - Running <TaskInstance: dags_email_operator.send_email_task scheduled__2025-05-08T15:10:00+00:00 [running]> on host 11348a8299f1
[2025-05-09T22:20:41.997+0000] {taskinstance.py:3134} INFO - Exporting env vars: AIRFLOW_CTX_DAG_OWNER='***' AIRFLOW_CTX_DAG_ID='dags_email_operator' AIRFLOW_CTX_TASK_ID='send_email_task' AIRFLOW_CTX_EXECUTION_DATE='2025-05-08T15:10:00+00:00' AIRFLOW_CTX_TRY_NUMBER='1' AIRFLOW_CTX_DAG_RUN_ID='scheduled__2025-05-08T15:10:00+00:00'
[2025-05-09T22:20:41.999+0000] {logging_mixin.py:190} INFO - Task instance is in running state
[2025-05-09T22:20:41.999+0000] {logging_mixin.py:190} INFO -  Previous state of the Task instance: queued
[2025-05-09T22:20:42.000+0000] {logging_mixin.py:190} INFO - Current task name:send_email_task state:running start_date:2025-05-09 22:20:41.433696+00:00
[2025-05-09T22:20:42.000+0000] {logging_mixin.py:190} INFO - Dag name:dags_email_operator and current dag run status:running
[2025-05-09T22:20:42.000+0000] {taskinstance.py:732} INFO - ::endgroup::
[2025-05-09T22:20:42.021+0000] {warnings.py:112} WARNING - /home/***/.local/lib/python3.12/site-packages/***/utils/email.py:155: RemovedInAirflow3Warning: Fetching SMTP credentials from configuration variables will be deprecated in a future release. Please set credentials using a connection instead.
  send_mime_email(e_from=mail_from, e_to=recipients, mime_msg=msg, conn_id=conn_id, dryrun=dryrun)

[2025-05-09T22:20:42.022+0000] {email.py:272} INFO - Email alerting: attempt 1
[2025-05-09T22:20:43.009+0000] {local_task_job_runner.py:123} INFO - ::group::Pre task execution logs
[2025-05-09T22:20:43.025+0000] {taskinstance.py:2604} INFO - Dependencies not met for <TaskInstance: dags_email_operator.send_email_task scheduled__2025-05-08T15:10:00+00:00 [running]>, dependency 'Task Instance Not Running' FAILED: Task is in the running state
[2025-05-09T22:20:43.025+0000] {taskinstance.py:2604} INFO - Dependencies not met for <TaskInstance: dags_email_operator.send_email_task scheduled__2025-05-08T15:10:00+00:00 [running]>, dependency 'Task Instance State' FAILED: Task is in the 'running' state.
[2025-05-09T22:20:43.035+0000] {local_task_job_runner.py:166} INFO - Task is not able to be run
[2025-05-09T22:20:44.373+0000] {local_task_job_runner.py:123} INFO - ::group::Pre task execution logs
[2025-05-09T22:20:44.386+0000] {taskinstance.py:2604} INFO - Dependencies not met for <TaskInstance: dags_email_operator.send_email_task scheduled__2025-05-08T15:10:00+00:00 [running]>, dependency 'Task Instance Not Running' FAILED: Task is in the running state
[2025-05-09T22:20:44.387+0000] {taskinstance.py:2604} INFO - Dependencies not met for <TaskInstance: dags_email_operator.send_email_task scheduled__2025-05-08T15:10:00+00:00 [running]>, dependency 'Task Instance State' FAILED: Task is in the 'running' state.
[2025-05-09T22:20:44.398+0000] {local_task_job_runner.py:166} INFO - Task is not able to be run
[2025-05-09T22:20:44.463+0000] {email.py:283} INFO - Sent an alert email to ['enkeejuniour@naver.com']
[2025-05-09T22:20:46.220+0000] {taskinstance.py:341} INFO - ::group::Post task execution logs
[2025-05-09T22:20:46.221+0000] {taskinstance.py:353} INFO - Marking task as SUCCESS. dag_id=dags_email_operator, task_id=send_email_task, run_id=scheduled__2025-05-08T15:10:00+00:00, execution_date=20250508T151000, start_date=20250509T222041, end_date=20250509T222046
[2025-05-09T22:20:46.243+0000] {logging_mixin.py:190} INFO - Task instance in success state
[2025-05-09T22:20:46.244+0000] {logging_mixin.py:190} INFO -  Previous state of the Task instance: running
[2025-05-09T22:20:46.244+0000] {logging_mixin.py:190} INFO - Dag name:dags_email_operator queued_at:2025-05-09 15:20:14.270084+00:00
[2025-05-09T22:20:46.244+0000] {logging_mixin.py:190} INFO - Task hostname:11348a8299f1 operator:EmailOperator
[2025-05-09T22:20:46.290+0000] {local_task_job_runner.py:266} INFO - Task exited with return code 0
[2025-05-09T22:20:46.304+0000] {taskinstance.py:3901} INFO - 0 downstream tasks scheduled from follow-on schedule check
[2025-05-09T22:20:46.306+0000] {local_task_job_runner.py:245} INFO - ::endgroup::
